<?xml version="1.0" encoding="UTF-8"?>
<testsuite name="recyclingFactory.TestApplication" tests="5" skipped="0" failures="0" errors="0" timestamp="2023-06-10T08:28:06" hostname="Vickys-MacBook-Pro.local" time="0.711">
  <properties/>
  <testcase name="Installation of process in recycling factory" classname="recyclingFactory.TestApplication" time="0.028"/>
  <testcase name="Installation of sensors in each box" classname="recyclingFactory.TestApplication" time="0.002"/>
  <testcase name="Paper filled boxes in factory" classname="recyclingFactory.TestApplication" time="0.107"/>
  <testcase name="testing sensor alarms" classname="recyclingFactory.TestApplication" time="0.561"/>
  <testcase name="Recyclables of specific type are separated by the process responsible for it" classname="recyclingFactory.TestApplication" time="0.01"/>
  <system-out><![CDATA[separating paper......
process carried out at separation unit ID: 74885833
{ recyclable of type P dropped into box....}
Box has ID: 123337428
--------------------------------------------------
separating paper......
process carried out at separation unit ID: 74885833
{ recyclable of type P dropped into box....}
Box has ID: 123337428
--------------------------------------------------
separating paper......
process carried out at separation unit ID: 74885833
{ recyclable of type P dropped into box....}
Box has ID: 123337428
--------------------------------------------------
separating paper......
process carried out at separation unit ID: 74885833
{ recyclable of type P dropped into box....}
Box has ID: 123337428
--------------------------------------------------
separating paper......
process carried out at separation unit ID: 74885833
{ recyclable of type P dropped into box....}
Box has ID: 123337428
--------------------------------------------------
separating paper......
process carried out at separation unit ID: 74885833
{ recyclable of type P dropped into box....}
Box has ID: 123337428
--------------------------------------------------
separating paper......
process carried out at separation unit ID: 74885833
{ recyclable of type P dropped into box....}
Box has ID: 123337428
--------------------------------------------------
separating paper......
process carried out at separation unit ID: 74885833
{ recyclable of type P dropped into box....}
Box has ID: 123337428
--------------------------------------------------
separating paper......
process carried out at separation unit ID: 74885833
{ recyclable of type P dropped into box....}
Box has ID: 123337428
--------------------------------------------------
separating paper......
process carried out at separation unit ID: 74885833
{ recyclable of type P dropped into box....}
Box has ID: 123337428
--------------------------------------------------
separating paper......
process carried out at separation unit ID: 74885833
{ recyclable of type P dropped into box....}
Box has ID: 123337428
--------------------------------------------------
separating paper......
process carried out at separation unit ID: 74885833
{ recyclable of type P dropped into box....}
Box has ID: 123337428
--------------------------------------------------
separating paper......
process carried out at separation unit ID: 74885833
{ recyclable of type P dropped into box....}
Box has ID: 123337428
--------------------------------------------------
separating paper......
process carried out at separation unit ID: 74885833
{ recyclable of type P dropped into box....}
Box has ID: 123337428
--------------------------------------------------
separating paper......
process carried out at separation unit ID: 74885833
{ recyclable of type P dropped into box....}
Box has ID: 123337428
--------------------------------------------------
separating paper......
process carried out at separation unit ID: 74885833
{ recyclable of type P dropped into box....}
Box has ID: 123337428
--------------------------------------------------
separating paper......
process carried out at separation unit ID: 74885833
{ recyclable of type P dropped into box....}
Box has ID: 123337428
--------------------------------------------------
separating paper......
process carried out at separation unit ID: 74885833
{ recyclable of type P dropped into box....}
Box has ID: 123337428
--------------------------------------------------
separating paper......
process carried out at separation unit ID: 74885833
{ recyclable of type P dropped into box....}
Box has ID: 123337428
--------------------------------------------------
separating paper......
process carried out at separation unit ID: 74885833
{ recyclable of type P dropped into box....}
Box has ID: 123337428
--------------------------------------------------
separating paper......
process carried out at separation unit ID: 74885833
{ recyclable of type P dropped into box....}
Box has ID: 123337428
--------------------------------------------------
separating paper......
process carried out at separation unit ID: 74885833
{ recyclable of type P dropped into box....}
Box has ID: 123337428
--------------------------------------------------
separating paper......
process carried out at separation unit ID: 74885833
{ recyclable of type P dropped into box....}
Box has ID: 123337428
--------------------------------------------------
separating paper......
process carried out at separation unit ID: 74885833
{ recyclable of type P dropped into box....}
Box has ID: 123337428
--------------------------------------------------
separating paper......
process carried out at separation unit ID: 74885833
{ recyclable of type P dropped into box....}
Box has ID: 123337428
--------------------------------------------------
separating paper......
process carried out at separation unit ID: 74885833
{ recyclable of type P dropped into box....}
Box has ID: 123337428
--------------------------------------------------
separating paper......
process carried out at separation unit ID: 74885833
{ recyclable of type P dropped into box....}
Box has ID: 123337428
--------------------------------------------------
separating paper......
process carried out at separation unit ID: 74885833
{ recyclable of type P dropped into box....}
Box has ID: 123337428
--------------------------------------------------
separating paper......
process carried out at separation unit ID: 74885833
{ recyclable of type P dropped into box....}
Box has ID: 123337428
--------------------------------------------------
separating paper......
process carried out at separation unit ID: 74885833
{ recyclable of type P dropped into box....}
Box has ID: 123337428
--------------------------------------------------
separating paper......
process carried out at separation unit ID: 74885833
{ recyclable of type P dropped into box....}
Box has ID: 123337428
--------------------------------------------------
separating paper......
process carried out at separation unit ID: 74885833
{ recyclable of type P dropped into box....}
Box has ID: 123337428
--------------------------------------------------
separating paper......
process carried out at separation unit ID: 74885833
{ recyclable of type P dropped into box....}
Box has ID: 123337428
--------------------------------------------------
separating paper......
process carried out at separation unit ID: 74885833
{ recyclable of type P dropped into box....}
Box has ID: 123337428
--------------------------------------------------
separating paper......
process carried out at separation unit ID: 74885833
{ recyclable of type P dropped into box....}
Box has ID: 123337428
--------------------------------------------------
separating paper......
process carried out at separation unit ID: 74885833
{ recyclable of type P dropped into box....}
Box has ID: 123337428
--------------------------------------------------
separating paper......
process carried out at separation unit ID: 74885833
{ recyclable of type P dropped into box....}
Box has ID: 123337428
--------------------------------------------------
separating paper......
process carried out at separation unit ID: 74885833
{ recyclable of type P dropped into box....}
Box has ID: 123337428
--------------------------------------------------
separating paper......
process carried out at separation unit ID: 74885833
{ recyclable of type P dropped into box....}
Box has ID: 123337428
--------------------------------------------------
separating paper......
process carried out at separation unit ID: 74885833
{ recyclable of type P dropped into box....}
Box has ID: 123337428
--------------------------------------------------
separating paper......
process carried out at separation unit ID: 74885833
{ recyclable of type P dropped into box....}
Box has ID: 123337428
--------------------------------------------------
separating paper......
process carried out at separation unit ID: 74885833
{ recyclable of type P dropped into box....}
Box has ID: 123337428
--------------------------------------------------
separating paper......
process carried out at separation unit ID: 74885833
{ recyclable of type P dropped into box....}
Box has ID: 123337428
--------------------------------------------------
separating paper......
process carried out at separation unit ID: 74885833
{ recyclable of type P dropped into box....}
Box has ID: 123337428
--------------------------------------------------
separating paper......
process carried out at separation unit ID: 74885833
{ recyclable of type P dropped into box....}
Box has ID: 123337428
--------------------------------------------------
separating paper......
process carried out at separation unit ID: 74885833
{ recyclable of type P dropped into box....}
Box has ID: 123337428
--------------------------------------------------
separating paper......
process carried out at separation unit ID: 74885833
{ recyclable of type P dropped into box....}
Box has ID: 123337428
--------------------------------------------------
separating paper......
process carried out at separation unit ID: 74885833
{ recyclable of type P dropped into box....}
Box has ID: 123337428
--------------------------------------------------
separating paper......
process carried out at separation unit ID: 74885833
{ recyclable of type P dropped into box....}
Box has ID: 123337428
--------------------------------------------------
separating paper......
process carried out at separation unit ID: 74885833
{ recyclable of type P dropped into box....}
Box has ID: 123337428
--------------------------------------------------
separating paper......
process carried out at separation unit ID: 74885833
{ recyclable of type P dropped into box....}
Box has ID: 123337428
--------------------------------------------------
separating paper......
process carried out at separation unit ID: 74885833
{ recyclable of type P dropped into box....}
Box has ID: 123337428
--------------------------------------------------
separating paper......
process carried out at separation unit ID: 74885833
{ recyclable of type P dropped into box....}
Box has ID: 123337428
--------------------------------------------------
separating paper......
process carried out at separation unit ID: 74885833
{ recyclable of type P dropped into box....}
Box has ID: 123337428
--------------------------------------------------
separating paper......
process carried out at separation unit ID: 74885833
{ recyclable of type P dropped into box....}
Box has ID: 123337428
--------------------------------------------------
separating paper......
process carried out at separation unit ID: 74885833
{ recyclable of type P dropped into box....}
Box has ID: 123337428
--------------------------------------------------
separating paper......
process carried out at separation unit ID: 74885833
{ recyclable of type P dropped into box....}
Box has ID: 123337428
--------------------------------------------------
separating paper......
process carried out at separation unit ID: 74885833
{ recyclable of type P dropped into box....}
Box has ID: 123337428
--------------------------------------------------
separating paper......
process carried out at separation unit ID: 74885833
{ recyclable of type P dropped into box....}
Box has ID: 123337428
--------------------------------------------------
separating paper......
process carried out at separation unit ID: 74885833
{ recyclable of type P dropped into box....}
Box has ID: 123337428
--------------------------------------------------
separating paper......
process carried out at separation unit ID: 74885833
{ recyclable of type P dropped into box....}
Box has ID: 123337428
--------------------------------------------------
separating paper......
process carried out at separation unit ID: 74885833
{ recyclable of type P dropped into box....}
Box has ID: 123337428
--------------------------------------------------
separating paper......
process carried out at separation unit ID: 74885833
{ recyclable of type P dropped into box....}
Box has ID: 123337428
--------------------------------------------------
separating paper......
process carried out at separation unit ID: 74885833
{ recyclable of type P dropped into box....}
Box has ID: 123337428
--------------------------------------------------
separating paper......
process carried out at separation unit ID: 74885833
{ recyclable of type P dropped into box....}
Box has ID: 123337428
--------------------------------------------------
separating paper......
process carried out at separation unit ID: 74885833
{ recyclable of type P dropped into box....}
Box has ID: 123337428
--------------------------------------------------
separating paper......
process carried out at separation unit ID: 74885833
{ recyclable of type P dropped into box....}
Box has ID: 123337428
--------------------------------------------------
separating paper......
process carried out at separation unit ID: 74885833
{ recyclable of type P dropped into box....}
Box has ID: 123337428
--------------------------------------------------
separating paper......
process carried out at separation unit ID: 74885833
{ recyclable of type P dropped into box....}
Box has ID: 123337428
--------------------------------------------------
separating paper......
process carried out at separation unit ID: 74885833
{ recyclable of type P dropped into box....}
Box has ID: 123337428
--------------------------------------------------
separating paper......
process carried out at separation unit ID: 74885833
{ recyclable of type P dropped into box....}
Box has ID: 123337428
--------------------------------------------------
separating paper......
process carried out at separation unit ID: 74885833
{ recyclable of type P dropped into box....}
Box has ID: 123337428
--------------------------------------------------
separating paper......
process carried out at separation unit ID: 74885833
{ recyclable of type P dropped into box....}
Box has ID: 123337428
--------------------------------------------------
separating paper......
process carried out at separation unit ID: 74885833
{ recyclable of type P dropped into box....}
Box has ID: 123337428
--------------------------------------------------
separating paper......
process carried out at separation unit ID: 74885833
{ recyclable of type P dropped into box....}
Box has ID: 123337428
--------------------------------------------------
separating paper......
process carried out at separation unit ID: 74885833
{ recyclable of type P dropped into box....}
Box has ID: 123337428
--------------------------------------------------
separating paper......
process carried out at separation unit ID: 74885833
{ recyclable of type P dropped into box....}
Box has ID: 123337428
--------------------------------------------------
separating paper......
process carried out at separation unit ID: 74885833
{ recyclable of type P dropped into box....}
Box has ID: 123337428
--------------------------------------------------
separating paper......
process carried out at separation unit ID: 74885833
{ recyclable of type P dropped into box....}
Box has ID: 123337428
--------------------------------------------------
separating paper......
process carried out at separation unit ID: 74885833
{ recyclable of type P dropped into box....}
Box has ID: 123337428
--------------------------------------------------
separating paper......
process carried out at separation unit ID: 74885833
{ recyclable of type P dropped into box....}
Box has ID: 123337428
--------------------------------------------------
separating paper......
process carried out at separation unit ID: 74885833
{ recyclable of type P dropped into box....}
Box has ID: 123337428
--------------------------------------------------
separating paper......
process carried out at separation unit ID: 74885833
{ recyclable of type P dropped into box....}
Box has ID: 123337428
--------------------------------------------------
separating paper......
process carried out at separation unit ID: 74885833
{ recyclable of type P dropped into box....}
Box has ID: 123337428
--------------------------------------------------
separating paper......
process carried out at separation unit ID: 74885833
{ recyclable of type P dropped into box....}
Box has ID: 123337428
--------------------------------------------------
separating paper......
process carried out at separation unit ID: 74885833
{ recyclable of type P dropped into box....}
Box has ID: 123337428
--------------------------------------------------
separating paper......
process carried out at separation unit ID: 74885833
{ recyclable of type P dropped into box....}
Box has ID: 123337428
--------------------------------------------------
separating paper......
process carried out at separation unit ID: 74885833
{ recyclable of type P dropped into box....}
Box has ID: 123337428
--------------------------------------------------
separating paper......
process carried out at separation unit ID: 74885833
{ recyclable of type P dropped into box....}
Box has ID: 123337428
--------------------------------------------------
separating paper......
process carried out at separation unit ID: 74885833
{ recyclable of type P dropped into box....}
Box has ID: 123337428
--------------------------------------------------
separating paper......
process carried out at separation unit ID: 74885833
{ recyclable of type P dropped into box....}
Box has ID: 123337428
--------------------------------------------------
separating paper......
process carried out at separation unit ID: 74885833
{ recyclable of type P dropped into box....}
Box has ID: 123337428
--------------------------------------------------
separating paper......
process carried out at separation unit ID: 74885833
{ recyclable of type P dropped into box....}
Box has ID: 123337428
--------------------------------------------------
separating paper......
process carried out at separation unit ID: 74885833
{ recyclable of type P dropped into box....}
Box has ID: 123337428
--------------------------------------------------
separating paper......
process carried out at separation unit ID: 74885833
{ recyclable of type P dropped into box....}
Box has ID: 123337428
--------------------------------------------------
separating paper......
process carried out at separation unit ID: 74885833
{ recyclable of type P dropped into box....}
Box has ID: 123337428
--------------------------------------------------
separating paper......
process carried out at separation unit ID: 74885833
{ recyclable of type P dropped into box....}
Box has ID: 123337428
--------------------------------------------------
separating paper......
process carried out at separation unit ID: 74885833
{ recyclable of type P dropped into box....}
Box has ID: 123337428
--------------------------------------------------
separating paper......
process carried out at separation unit ID: 74885833
{ recyclable of type P dropped into box....}
Box has ID: 123337428
--------------------------------------------------
separating paper......
process carried out at separation unit ID: 74885833
{ recyclable of type P dropped into box....}
Box has ID: 123337428
--------------------------------------------------
separating paper......
process carried out at separation unit ID: 74885833
{ recyclable of type P dropped into box....}
Box has ID: 123337428
--------------------------------------------------
separating paper......
process carried out at separation unit ID: 74885833
{ recyclable of type P dropped into box....}
Box has ID: 123337428
--------------------------------------------------
separating paper......
process carried out at separation unit ID: 74885833
{ recyclable of type P dropped into box....}
Box has ID: 123337428
--------------------------------------------------
separating paper......
process carried out at separation unit ID: 74885833
{ recyclable of type P dropped into box....}
Box has ID: 123337428
--------------------------------------------------
separating paper......
process carried out at separation unit ID: 74885833
{ recyclable of type P dropped into box....}
Box has ID: 123337428
--------------------------------------------------
separating paper......
process carried out at separation unit ID: 74885833
{ recyclable of type P dropped into box....}
Box has ID: 123337428
--------------------------------------------------
separating paper......
process carried out at separation unit ID: 74885833
{ recyclable of type P dropped into box....}
Box has ID: 123337428
--------------------------------------------------
separating paper......
process carried out at separation unit ID: 74885833
{ recyclable of type P dropped into box....}
Box has ID: 123337428
--------------------------------------------------
separating paper......
process carried out at separation unit ID: 74885833
{ recyclable of type P dropped into box....}
Box has ID: 123337428
--------------------------------------------------
separating paper......
process carried out at separation unit ID: 74885833
{ recyclable of type P dropped into box....}
Box has ID: 123337428
--------------------------------------------------
separating paper......
process carried out at separation unit ID: 74885833
{ recyclable of type P dropped into box....}
Box has ID: 123337428
--------------------------------------------------
separating paper......
process carried out at separation unit ID: 74885833
{ recyclable of type P dropped into box....}
Box has ID: 123337428
--------------------------------------------------
separating paper......
process carried out at separation unit ID: 74885833
{ recyclable of type P dropped into box....}
Box has ID: 123337428
--------------------------------------------------
separating paper......
process carried out at separation unit ID: 74885833
{ recyclable of type P dropped into box....}
Box has ID: 123337428
--------------------------------------------------
separating paper......
process carried out at separation unit ID: 74885833
{ recyclable of type P dropped into box....}
Box has ID: 123337428
--------------------------------------------------
separating paper......
process carried out at separation unit ID: 74885833
{ recyclable of type P dropped into box....}
Box has ID: 123337428
--------------------------------------------------
separating paper......
process carried out at separation unit ID: 74885833
{ recyclable of type P dropped into box....}
Box has ID: 123337428
--------------------------------------------------
separating paper......
process carried out at separation unit ID: 74885833
{ recyclable of type P dropped into box....}
Box has ID: 123337428
--------------------------------------------------
separating paper......
process carried out at separation unit ID: 74885833
{ recyclable of type P dropped into box....}
Box has ID: 123337428
--------------------------------------------------
separating paper......
process carried out at separation unit ID: 74885833
{ recyclable of type P dropped into box....}
Box has ID: 123337428
--------------------------------------------------
separating paper......
process carried out at separation unit ID: 74885833
{ recyclable of type P dropped into box....}
Box has ID: 123337428
--------------------------------------------------
separating paper......
process carried out at separation unit ID: 74885833
{ recyclable of type P dropped into box....}
Box has ID: 123337428
--------------------------------------------------
separating paper......
process carried out at separation unit ID: 74885833
{ recyclable of type P dropped into box....}
Box has ID: 123337428
--------------------------------------------------
separating paper......
process carried out at separation unit ID: 74885833
{ recyclable of type P dropped into box....}
Box has ID: 123337428
--------------------------------------------------
separating paper......
process carried out at separation unit ID: 74885833
{ recyclable of type P dropped into box....}
Box has ID: 123337428
--------------------------------------------------
separating paper......
process carried out at separation unit ID: 74885833
{ recyclable of type P dropped into box....}
Box has ID: 123337428
--------------------------------------------------
separating paper......
process carried out at separation unit ID: 74885833
{ recyclable of type P dropped into box....}
Box has ID: 123337428
--------------------------------------------------
separating paper......
process carried out at separation unit ID: 74885833
{ recyclable of type P dropped into box....}
Box has ID: 123337428
--------------------------------------------------
separating paper......
process carried out at separation unit ID: 74885833
{ recyclable of type P dropped into box....}
Box has ID: 123337428
--------------------------------------------------
separating paper......
process carried out at separation unit ID: 74885833
{ recyclable of type P dropped into box....}
Box has ID: 123337428
--------------------------------------------------
separating paper......
process carried out at separation unit ID: 74885833
{ recyclable of type P dropped into box....}
Box has ID: 123337428
--------------------------------------------------
separating paper......
process carried out at separation unit ID: 74885833
{ recyclable of type P dropped into box....}
Box has ID: 123337428
--------------------------------------------------
separating paper......
process carried out at separation unit ID: 74885833
{ recyclable of type P dropped into box....}
Box has ID: 123337428
--------------------------------------------------
separating paper......
process carried out at separation unit ID: 74885833
{ recyclable of type P dropped into box....}
Box has ID: 123337428
--------------------------------------------------
separating paper......
process carried out at separation unit ID: 74885833
{ recyclable of type P dropped into box....}
Box has ID: 123337428
--------------------------------------------------
separating paper......
process carried out at separation unit ID: 74885833
{ recyclable of type P dropped into box....}
Box has ID: 123337428
--------------------------------------------------
separating paper......
process carried out at separation unit ID: 74885833
{ recyclable of type P dropped into box....}
Box has ID: 123337428
--------------------------------------------------
separating paper......
process carried out at separation unit ID: 74885833
{ recyclable of type P dropped into box....}
Box has ID: 123337428
--------------------------------------------------
separating paper......
process carried out at separation unit ID: 74885833
{ recyclable of type P dropped into box....}
Box has ID: 123337428
--------------------------------------------------
separating paper......
process carried out at separation unit ID: 74885833
{ recyclable of type P dropped into box....}
Box has ID: 123337428
--------------------------------------------------
separating paper......
process carried out at separation unit ID: 74885833
{ recyclable of type P dropped into box....}
Box has ID: 123337428
--------------------------------------------------
separating paper......
process carried out at separation unit ID: 74885833
{ recyclable of type P dropped into box....}
Box has ID: 123337428
--------------------------------------------------
separating paper......
process carried out at separation unit ID: 74885833
{ recyclable of type P dropped into box....}
Box has ID: 123337428
--------------------------------------------------
separating paper......
process carried out at separation unit ID: 74885833
{ recyclable of type P dropped into box....}
Box has ID: 123337428
--------------------------------------------------
separating paper......
process carried out at separation unit ID: 74885833
{ recyclable of type P dropped into box....}
Box has ID: 123337428
--------------------------------------------------
separating paper......
process carried out at separation unit ID: 74885833
{ recyclable of type P dropped into box....}
Box has ID: 123337428
--------------------------------------------------
separating paper......
process carried out at separation unit ID: 74885833
{ recyclable of type P dropped into box....}
Box has ID: 123337428
--------------------------------------------------
separating paper......
process carried out at separation unit ID: 74885833
{ recyclable of type P dropped into box....}
Box has ID: 123337428
--------------------------------------------------
separating paper......
process carried out at separation unit ID: 74885833
{ recyclable of type P dropped into box....}
Box has ID: 123337428
--------------------------------------------------
separating paper......
process carried out at separation unit ID: 74885833
{ recyclable of type P dropped into box....}
Box has ID: 123337428
--------------------------------------------------
separating paper......
process carried out at separation unit ID: 74885833
{ recyclable of type P dropped into box....}
Box has ID: 123337428
--------------------------------------------------
separating paper......
process carried out at separation unit ID: 74885833
{ recyclable of type P dropped into box....}
Box has ID: 123337428
--------------------------------------------------
separating paper......
process carried out at separation unit ID: 74885833
{ recyclable of type P dropped into box....}
Box has ID: 123337428
--------------------------------------------------
separating paper......
process carried out at separation unit ID: 74885833
{ recyclable of type P dropped into box....}
Box has ID: 123337428
--------------------------------------------------
separating paper......
process carried out at separation unit ID: 74885833
{ recyclable of type P dropped into box....}
Box has ID: 123337428
--------------------------------------------------
separating paper......
process carried out at separation unit ID: 74885833
{ recyclable of type P dropped into box....}
Box has ID: 123337428
--------------------------------------------------
separating paper......
process carried out at separation unit ID: 74885833
{ recyclable of type P dropped into box....}
Box has ID: 123337428
--------------------------------------------------
separating paper......
process carried out at separation unit ID: 74885833
{ recyclable of type P dropped into box....}
Box has ID: 123337428
--------------------------------------------------
separating paper......
process carried out at separation unit ID: 74885833
{ recyclable of type P dropped into box....}
Box has ID: 123337428
--------------------------------------------------
separating paper......
process carried out at separation unit ID: 74885833
{ recyclable of type P dropped into box....}
Box has ID: 123337428
--------------------------------------------------
separating paper......
process carried out at separation unit ID: 74885833
{ recyclable of type P dropped into box....}
Box has ID: 123337428
--------------------------------------------------
separating paper......
process carried out at separation unit ID: 74885833
{ recyclable of type P dropped into box....}
Box has ID: 123337428
--------------------------------------------------
separating paper......
process carried out at separation unit ID: 74885833
{ recyclable of type P dropped into box....}
Box has ID: 123337428
--------------------------------------------------
separating paper......
process carried out at separation unit ID: 74885833
{ recyclable of type P dropped into box....}
Box has ID: 123337428
--------------------------------------------------
separating paper......
process carried out at separation unit ID: 74885833
{ recyclable of type P dropped into box....}
Box has ID: 123337428
--------------------------------------------------
separating paper......
process carried out at separation unit ID: 74885833
{ recyclable of type P dropped into box....}
Box has ID: 123337428
--------------------------------------------------
separating paper......
process carried out at separation unit ID: 74885833
{ recyclable of type P dropped into box....}
Box has ID: 123337428
--------------------------------------------------
separating paper......
process carried out at separation unit ID: 74885833
{ recyclable of type P dropped into box....}
Box has ID: 123337428
--------------------------------------------------
separating paper......
process carried out at separation unit ID: 74885833
{ recyclable of type P dropped into box....}
Box has ID: 123337428
--------------------------------------------------
separating paper......
process carried out at separation unit ID: 74885833
{ recyclable of type P dropped into box....}
Box has ID: 123337428
--------------------------------------------------
separating paper......
process carried out at separation unit ID: 74885833
{ recyclable of type P dropped into box....}
Box has ID: 123337428
--------------------------------------------------
separating paper......
process carried out at separation unit ID: 74885833
{ recyclable of type P dropped into box....}
Box has ID: 123337428
--------------------------------------------------
separating paper......
process carried out at separation unit ID: 74885833
{ recyclable of type P dropped into box....}
Box has ID: 123337428
--------------------------------------------------
separating paper......
process carried out at separation unit ID: 74885833
{ recyclable of type P dropped into box....}
Box has ID: 123337428
--------------------------------------------------
separating paper......
process carried out at separation unit ID: 74885833
{ recyclable of type P dropped into box....}
Box has ID: 123337428
--------------------------------------------------
separating paper......
process carried out at separation unit ID: 74885833
{ recyclable of type P dropped into box....}
Box has ID: 123337428
--------------------------------------------------
separating paper......
process carried out at separation unit ID: 74885833
{ recyclable of type P dropped into box....}
Box has ID: 123337428
--------------------------------------------------
separating paper......
process carried out at separation unit ID: 74885833
{ recyclable of type P dropped into box....}
Box has ID: 123337428
--------------------------------------------------
separating paper......
process carried out at separation unit ID: 74885833
{ recyclable of type P dropped into box....}
Box has ID: 123337428
--------------------------------------------------
separating paper......
process carried out at separation unit ID: 74885833
{ recyclable of type P dropped into box....}
Box has ID: 123337428
--------------------------------------------------
separating paper......
process carried out at separation unit ID: 74885833
{ recyclable of type P dropped into box....}
Box has ID: 123337428
--------------------------------------------------
separating paper......
process carried out at separation unit ID: 74885833
{ recyclable of type P dropped into box....}
Box has ID: 123337428
--------------------------------------------------
separating paper......
process carried out at separation unit ID: 74885833
{ recyclable of type P dropped into box....}
Box has ID: 123337428
--------------------------------------------------
separating paper......
process carried out at separation unit ID: 74885833
{ recyclable of type P dropped into box....}
Box has ID: 123337428
--------------------------------------------------
separating paper......
process carried out at separation unit ID: 74885833
{ recyclable of type P dropped into box....}
Box has ID: 123337428
--------------------------------------------------
separating paper......
process carried out at separation unit ID: 74885833
{ recyclable of type P dropped into box....}
Box has ID: 123337428
--------------------------------------------------
separating paper......
process carried out at separation unit ID: 74885833
{ recyclable of type P dropped into box....}
Box has ID: 123337428
--------------------------------------------------
separating paper......
process carried out at separation unit ID: 74885833
{ recyclable of type P dropped into box....}
Box has ID: 123337428
--------------------------------------------------
separating paper......
process carried out at separation unit ID: 74885833
{ recyclable of type P dropped into box....}
Box has ID: 123337428
--------------------------------------------------
separating paper......
process carried out at separation unit ID: 74885833
{ recyclable of type P dropped into box....}
Box has ID: 123337428
--------------------------------------------------
separating paper......
process carried out at separation unit ID: 74885833
{ recyclable of type P dropped into box....}
Box has ID: 123337428
--------------------------------------------------
separating paper......
process carried out at separation unit ID: 74885833
{ recyclable of type P dropped into box....}
Box has ID: 123337428
--------------------------------------------------
separating paper......
process carried out at separation unit ID: 74885833
{ recyclable of type P dropped into box....}
Box has ID: 123337428
--------------------------------------------------
separating paper......
process carried out at separation unit ID: 74885833
{ recyclable of type P dropped into box....}
Box has ID: 123337428
--------------------------------------------------
separating paper......
process carried out at separation unit ID: 74885833
{ recyclable of type P dropped into box....}
Box has ID: 123337428
--------------------------------------------------
separating paper......
process carried out at separation unit ID: 74885833
{ recyclable of type P dropped into box....}
Box has ID: 123337428
--------------------------------------------------
separating paper......
process carried out at separation unit ID: 74885833
{ recyclable of type P dropped into box....}
Box has ID: 123337428
--------------------------------------------------
separating paper......
process carried out at separation unit ID: 74885833
{ recyclable of type P dropped into box....}
Box has ID: 123337428
--------------------------------------------------
separating paper......
process carried out at separation unit ID: 74885833
{ recyclable of type P dropped into box....}
Box has ID: 123337428
--------------------------------------------------
separating paper......
process carried out at separation unit ID: 74885833
{ recyclable of type P dropped into box....}
Box has ID: 123337428
--------------------------------------------------
separating paper......
process carried out at separation unit ID: 74885833
{ recyclable of type P dropped into box....}
Box has ID: 123337428
--------------------------------------------------
separating paper......
process carried out at separation unit ID: 74885833
{ recyclable of type P dropped into box....}
Box has ID: 123337428
--------------------------------------------------
separating paper......
process carried out at separation unit ID: 74885833
{ recyclable of type P dropped into box....}
Box has ID: 123337428
--------------------------------------------------
separating paper......
process carried out at separation unit ID: 74885833
{ recyclable of type P dropped into box....}
Box has ID: 123337428
--------------------------------------------------
separating paper......
process carried out at separation unit ID: 74885833
{ recyclable of type P dropped into box....}
Box has ID: 123337428
--------------------------------------------------
separating paper......
process carried out at separation unit ID: 74885833
{ recyclable of type P dropped into box....}
Box has ID: 123337428
--------------------------------------------------
separating paper......
process carried out at separation unit ID: 74885833
{ recyclable of type P dropped into box....}
Box has ID: 123337428
--------------------------------------------------
separating paper......
process carried out at separation unit ID: 74885833
{ recyclable of type P dropped into box....}
Box has ID: 123337428
--------------------------------------------------
separating paper......
process carried out at separation unit ID: 74885833
{ recyclable of type P dropped into box....}
Box has ID: 123337428
--------------------------------------------------
separating paper......
process carried out at separation unit ID: 74885833
{ recyclable of type P dropped into box....}
Box has ID: 123337428
--------------------------------------------------
separating paper......
process carried out at separation unit ID: 74885833
{ recyclable of type P dropped into box....}
Box has ID: 123337428
--------------------------------------------------
separating paper......
process carried out at separation unit ID: 74885833
{ recyclable of type P dropped into box....}
Box has ID: 123337428
--------------------------------------------------
separating paper......
process carried out at separation unit ID: 74885833
{ recyclable of type P dropped into box....}
Box has ID: 123337428
--------------------------------------------------
separating paper......
process carried out at separation unit ID: 74885833
{ recyclable of type P dropped into box....}
Box has ID: 123337428
--------------------------------------------------
separating paper......
process carried out at separation unit ID: 74885833
{ recyclable of type P dropped into box....}
Box has ID: 123337428
--------------------------------------------------
separating paper......
process carried out at separation unit ID: 74885833
{ recyclable of type P dropped into box....}
Box has ID: 123337428
--------------------------------------------------
separating paper......
process carried out at separation unit ID: 74885833
{ recyclable of type P dropped into box....}
Box has ID: 123337428
--------------------------------------------------
separating paper......
process carried out at separation unit ID: 74885833
{ recyclable of type P dropped into box....}
Box has ID: 123337428
--------------------------------------------------
separating paper......
process carried out at separation unit ID: 74885833
{ recyclable of type P dropped into box....}
Box has ID: 123337428
--------------------------------------------------
separating paper......
process carried out at separation unit ID: 74885833
{ recyclable of type P dropped into box....}
Box has ID: 123337428
--------------------------------------------------
separating paper......
process carried out at separation unit ID: 74885833
{ recyclable of type P dropped into box....}
Box has ID: 123337428
--------------------------------------------------
separating paper......
process carried out at separation unit ID: 74885833
{ recyclable of type P dropped into box....}
Box has ID: 123337428
--------------------------------------------------
separating paper......
process carried out at separation unit ID: 74885833
{ recyclable of type P dropped into box....}
Box has ID: 123337428
--------------------------------------------------
separating paper......
process carried out at separation unit ID: 74885833
{ recyclable of type P dropped into box....}
Box has ID: 123337428
--------------------------------------------------
separating paper......
process carried out at separation unit ID: 74885833
{ recyclable of type P dropped into box....}
Box has ID: 123337428
--------------------------------------------------
separating paper......
process carried out at separation unit ID: 74885833
{ recyclable of type P dropped into box....}
Box has ID: 123337428
--------------------------------------------------
separating paper......
process carried out at separation unit ID: 74885833
{ recyclable of type P dropped into box....}
Box has ID: 123337428
--------------------------------------------------
separating paper......
process carried out at separation unit ID: 74885833
{ recyclable of type P dropped into box....}
Box has ID: 123337428
--------------------------------------------------
separating paper......
process carried out at separation unit ID: 74885833
{ recyclable of type P dropped into box....}
Box has ID: 123337428
--------------------------------------------------
separating paper......
process carried out at separation unit ID: 74885833
{ recyclable of type P dropped into box....}
Box has ID: 123337428
--------------------------------------------------
separating paper......
process carried out at separation unit ID: 74885833
{ recyclable of type P dropped into box....}
Box has ID: 123337428
--------------------------------------------------
separating paper......
process carried out at separation unit ID: 74885833
{ recyclable of type P dropped into box....}
Box has ID: 123337428
--------------------------------------------------
separating paper......
process carried out at separation unit ID: 74885833
{ recyclable of type P dropped into box....}
Box has ID: 123337428
--------------------------------------------------
separating paper......
process carried out at separation unit ID: 74885833
{ recyclable of type P dropped into box....}
Box has ID: 123337428
--------------------------------------------------
separating paper......
process carried out at separation unit ID: 74885833
{ recyclable of type P dropped into box....}
Box has ID: 123337428
--------------------------------------------------
separating paper......
process carried out at separation unit ID: 74885833
{ recyclable of type P dropped into box....}
Box has ID: 123337428
--------------------------------------------------
separating paper......
process carried out at separation unit ID: 74885833
{ recyclable of type P dropped into box....}
Box has ID: 123337428
--------------------------------------------------
separating paper......
process carried out at separation unit ID: 74885833
{ recyclable of type P dropped into box....}
Box has ID: 123337428
--------------------------------------------------
separating paper......
process carried out at separation unit ID: 74885833
{ recyclable of type P dropped into box....}
Box has ID: 123337428
--------------------------------------------------
separating paper......
process carried out at separation unit ID: 74885833
{ recyclable of type P dropped into box....}
Box has ID: 123337428
--------------------------------------------------
separating paper......
process carried out at separation unit ID: 74885833
{ recyclable of type P dropped into box....}
Box has ID: 123337428
--------------------------------------------------
separating paper......
process carried out at separation unit ID: 74885833
{ recyclable of type P dropped into box....}
Box has ID: 123337428
--------------------------------------------------
separating paper......
process carried out at separation unit ID: 74885833
{ recyclable of type P dropped into box....}
Box has ID: 123337428
--------------------------------------------------
separating paper......
process carried out at separation unit ID: 74885833
{ recyclable of type P dropped into box....}
Box has ID: 123337428
--------------------------------------------------
separating paper......
process carried out at separation unit ID: 74885833
{ recyclable of type P dropped into box....}
Box has ID: 123337428
--------------------------------------------------
separating paper......
process carried out at separation unit ID: 74885833
{ recyclable of type P dropped into box....}
Box has ID: 123337428
--------------------------------------------------
separating paper......
process carried out at separation unit ID: 74885833
{ recyclable of type P dropped into box....}
Box has ID: 123337428
--------------------------------------------------
separating paper......
process carried out at separation unit ID: 74885833
{ recyclable of type P dropped into box....}
Box has ID: 123337428
--------------------------------------------------
separating paper......
process carried out at separation unit ID: 74885833
{ recyclable of type P dropped into box....}
Box has ID: 123337428
--------------------------------------------------
separating paper......
process carried out at separation unit ID: 74885833
{ recyclable of type P dropped into box....}
Box has ID: 123337428
--------------------------------------------------
separating paper......
process carried out at separation unit ID: 74885833
{ recyclable of type P dropped into box....}
Box has ID: 123337428
--------------------------------------------------
separating paper......
process carried out at separation unit ID: 74885833
{ recyclable of type P dropped into box....}
Box has ID: 123337428
--------------------------------------------------
separating paper......
process carried out at separation unit ID: 74885833
{ recyclable of type P dropped into box....}
Box has ID: 123337428
--------------------------------------------------
separating paper......
process carried out at separation unit ID: 74885833
{ recyclable of type P dropped into box....}
Box has ID: 123337428
--------------------------------------------------
separating paper......
process carried out at separation unit ID: 74885833
{ recyclable of type P dropped into box....}
Box has ID: 123337428
--------------------------------------------------
separating paper......
process carried out at separation unit ID: 74885833
{ recyclable of type P dropped into box....}
Box has ID: 123337428
--------------------------------------------------
separating paper......
process carried out at separation unit ID: 74885833
{ recyclable of type P dropped into box....}
Box has ID: 123337428
--------------------------------------------------
separating paper......
process carried out at separation unit ID: 74885833
{ recyclable of type P dropped into box....}
Box has ID: 123337428
--------------------------------------------------
separating paper......
process carried out at separation unit ID: 74885833
{ recyclable of type P dropped into box....}
Box has ID: 123337428
--------------------------------------------------
separating paper......
process carried out at separation unit ID: 74885833
{ recyclable of type P dropped into box....}
Box has ID: 123337428
--------------------------------------------------
separating paper......
process carried out at separation unit ID: 74885833
{ recyclable of type P dropped into box....}
Box has ID: 123337428
--------------------------------------------------
separating paper......
process carried out at separation unit ID: 74885833
{ recyclable of type P dropped into box....}
Box has ID: 123337428
--------------------------------------------------
separating paper......
process carried out at separation unit ID: 74885833
{ recyclable of type P dropped into box....}
Box has ID: 123337428
--------------------------------------------------
separating paper......
process carried out at separation unit ID: 74885833
{ recyclable of type P dropped into box....}
Box has ID: 123337428
--------------------------------------------------
separating paper......
process carried out at separation unit ID: 74885833
{ recyclable of type P dropped into box....}
Box has ID: 123337428
--------------------------------------------------
separating paper......
process carried out at separation unit ID: 74885833
{ recyclable of type P dropped into box....}
Box has ID: 123337428
--------------------------------------------------
separating paper......
process carried out at separation unit ID: 74885833
{ recyclable of type P dropped into box....}
Box has ID: 123337428
--------------------------------------------------
separating paper......
process carried out at separation unit ID: 74885833
{ recyclable of type P dropped into box....}
Box has ID: 123337428
--------------------------------------------------
separating paper......
process carried out at separation unit ID: 74885833
{ recyclable of type P dropped into box....}
Box has ID: 123337428
--------------------------------------------------
separating paper......
process carried out at separation unit ID: 74885833
{ recyclable of type P dropped into box....}
Box has ID: 123337428
--------------------------------------------------
separating paper......
process carried out at separation unit ID: 74885833
{ recyclable of type P dropped into box....}
Box has ID: 123337428
--------------------------------------------------
separating paper......
process carried out at separation unit ID: 74885833
{ recyclable of type P dropped into box....}
Box has ID: 123337428
--------------------------------------------------
separating paper......
process carried out at separation unit ID: 74885833
{ recyclable of type P dropped into box....}
Box has ID: 123337428
--------------------------------------------------
separating paper......
process carried out at separation unit ID: 74885833
{ recyclable of type P dropped into box....}
Box has ID: 123337428
--------------------------------------------------
separating paper......
process carried out at separation unit ID: 74885833
{ recyclable of type P dropped into box....}
Box has ID: 123337428
--------------------------------------------------
separating paper......
process carried out at separation unit ID: 74885833
{ recyclable of type P dropped into box....}
Box has ID: 123337428
--------------------------------------------------
separating paper......
process carried out at separation unit ID: 74885833
{ recyclable of type P dropped into box....}
Box has ID: 123337428
--------------------------------------------------
separating paper......
process carried out at separation unit ID: 74885833
{ recyclable of type P dropped into box....}
Box has ID: 123337428
--------------------------------------------------
separating paper......
process carried out at separation unit ID: 74885833
{ recyclable of type P dropped into box....}
Box has ID: 123337428
--------------------------------------------------
separating paper......
process carried out at separation unit ID: 74885833
{ recyclable of type P dropped into box....}
Box has ID: 123337428
--------------------------------------------------
separating paper......
process carried out at separation unit ID: 74885833
{ recyclable of type P dropped into box....}
Box has ID: 123337428
--------------------------------------------------
separating paper......
process carried out at separation unit ID: 74885833
{ recyclable of type P dropped into box....}
Box has ID: 123337428
--------------------------------------------------
separating paper......
process carried out at separation unit ID: 74885833
{ recyclable of type P dropped into box....}
Box has ID: 123337428
--------------------------------------------------
separating paper......
process carried out at separation unit ID: 74885833
{ recyclable of type P dropped into box....}
Box has ID: 123337428
--------------------------------------------------
separating paper......
process carried out at separation unit ID: 74885833
{ recyclable of type P dropped into box....}
Box has ID: 123337428
--------------------------------------------------
separating paper......
process carried out at separation unit ID: 74885833
{ recyclable of type P dropped into box....}
Box has ID: 123337428
--------------------------------------------------
separating paper......
process carried out at separation unit ID: 74885833
{ recyclable of type P dropped into box....}
Box has ID: 123337428
--------------------------------------------------
separating paper......
process carried out at separation unit ID: 74885833
{ recyclable of type P dropped into box....}
Box has ID: 123337428
--------------------------------------------------
separating paper......
process carried out at separation unit ID: 74885833
{ recyclable of type P dropped into box....}
Box has ID: 123337428
--------------------------------------------------
separating paper......
process carried out at separation unit ID: 74885833
{ recyclable of type P dropped into box....}
Box has ID: 123337428
--------------------------------------------------
separating paper......
process carried out at separation unit ID: 74885833
{ recyclable of type P dropped into box....}
Box has ID: 123337428
--------------------------------------------------
separating paper......
process carried out at separation unit ID: 74885833
{ recyclable of type P dropped into box....}
Box has ID: 123337428
--------------------------------------------------
separating paper......
process carried out at separation unit ID: 74885833
{ recyclable of type P dropped into box....}
Box has ID: 123337428
--------------------------------------------------
separating paper......
process carried out at separation unit ID: 74885833
{ recyclable of type P dropped into box....}
Box has ID: 123337428
--------------------------------------------------
separating paper......
process carried out at separation unit ID: 74885833
{ recyclable of type P dropped into box....}
Box has ID: 123337428
--------------------------------------------------
separating paper......
process carried out at separation unit ID: 74885833
{ recyclable of type P dropped into box....}
Box has ID: 123337428
--------------------------------------------------
separating paper......
process carried out at separation unit ID: 74885833
{ recyclable of type P dropped into box....}
Box has ID: 123337428
--------------------------------------------------
separating paper......
process carried out at separation unit ID: 74885833
{ recyclable of type P dropped into box....}
Box has ID: 123337428
--------------------------------------------------
separating paper......
process carried out at separation unit ID: 74885833
{ recyclable of type P dropped into box....}
Box has ID: 123337428
--------------------------------------------------
separating paper......
process carried out at separation unit ID: 74885833
{ recyclable of type P dropped into box....}
Box has ID: 123337428
--------------------------------------------------
separating paper......
process carried out at separation unit ID: 74885833
{ recyclable of type P dropped into box....}
Box has ID: 123337428
--------------------------------------------------
separating paper......
process carried out at separation unit ID: 74885833
{ recyclable of type P dropped into box....}
Box has ID: 123337428
--------------------------------------------------
separating paper......
process carried out at separation unit ID: 74885833
{ recyclable of type P dropped into box....}
Box has ID: 123337428
--------------------------------------------------
separating paper......
process carried out at separation unit ID: 74885833
{ recyclable of type P dropped into box....}
Box has ID: 123337428
--------------------------------------------------
separating paper......
process carried out at separation unit ID: 74885833
{ recyclable of type P dropped into box....}
Box has ID: 123337428
--------------------------------------------------
separating paper......
process carried out at separation unit ID: 74885833
{ recyclable of type P dropped into box....}
Box has ID: 123337428
--------------------------------------------------
separating paper......
process carried out at separation unit ID: 74885833
{ recyclable of type P dropped into box....}
Box has ID: 123337428
--------------------------------------------------
separating paper......
process carried out at separation unit ID: 74885833
{ recyclable of type P dropped into box....}
Box has ID: 123337428
--------------------------------------------------
separating paper......
process carried out at separation unit ID: 74885833
{ recyclable of type P dropped into box....}
Box has ID: 123337428
--------------------------------------------------
separating paper......
process carried out at separation unit ID: 74885833
{ recyclable of type P dropped into box....}
Box has ID: 123337428
--------------------------------------------------
separating paper......
process carried out at separation unit ID: 74885833
{ recyclable of type P dropped into box....}
Box has ID: 123337428
--------------------------------------------------
separating paper......
process carried out at separation unit ID: 74885833
{ recyclable of type P dropped into box....}
Box has ID: 123337428
--------------------------------------------------
separating paper......
process carried out at separation unit ID: 74885833
{ recyclable of type P dropped into box....}
Box has ID: 123337428
--------------------------------------------------
separating paper......
process carried out at separation unit ID: 74885833
{ recyclable of type P dropped into box....}
Box has ID: 123337428
--------------------------------------------------
separating paper......
process carried out at separation unit ID: 74885833
{ recyclable of type P dropped into box....}
Box has ID: 123337428
--------------------------------------------------
separating paper......
process carried out at separation unit ID: 74885833
{ recyclable of type P dropped into box....}
Box has ID: 123337428
--------------------------------------------------
separating paper......
process carried out at separation unit ID: 74885833
{ recyclable of type P dropped into box....}
Box has ID: 123337428
--------------------------------------------------
separating paper......
process carried out at separation unit ID: 74885833
{ recyclable of type P dropped into box....}
Box has ID: 123337428
--------------------------------------------------
separating paper......
process carried out at separation unit ID: 74885833
{ recyclable of type P dropped into box....}
Box has ID: 123337428
--------------------------------------------------
separating paper......
process carried out at separation unit ID: 74885833
{ recyclable of type P dropped into box....}
Box has ID: 123337428
--------------------------------------------------
separating paper......
process carried out at separation unit ID: 74885833
{ recyclable of type P dropped into box....}
Box has ID: 123337428
--------------------------------------------------
separating paper......
process carried out at separation unit ID: 74885833
{ recyclable of type P dropped into box....}
Box has ID: 123337428
--------------------------------------------------
separating paper......
process carried out at separation unit ID: 74885833
{ recyclable of type P dropped into box....}
Box has ID: 123337428
--------------------------------------------------
separating paper......
process carried out at separation unit ID: 74885833
{ recyclable of type P dropped into box....}
Box has ID: 123337428
--------------------------------------------------
separating paper......
process carried out at separation unit ID: 74885833
{ recyclable of type P dropped into box....}
Box has ID: 123337428
--------------------------------------------------
separating paper......
process carried out at separation unit ID: 74885833
{ recyclable of type P dropped into box....}
Box has ID: 123337428
--------------------------------------------------
separating paper......
process carried out at separation unit ID: 74885833
{ recyclable of type P dropped into box....}
Box has ID: 123337428
--------------------------------------------------
separating paper......
process carried out at separation unit ID: 74885833
{ recyclable of type P dropped into box....}
Box has ID: 123337428
--------------------------------------------------
separating paper......
process carried out at separation unit ID: 74885833
{ recyclable of type P dropped into box....}
Box has ID: 123337428
--------------------------------------------------
separating paper......
process carried out at separation unit ID: 74885833
{ recyclable of type P dropped into box....}
Box has ID: 123337428
--------------------------------------------------
separating paper......
process carried out at separation unit ID: 74885833
{ recyclable of type P dropped into box....}
Box has ID: 123337428
--------------------------------------------------
separating paper......
process carried out at separation unit ID: 74885833
{ recyclable of type P dropped into box....}
Box has ID: 123337428
--------------------------------------------------
separating paper......
process carried out at separation unit ID: 74885833
{ recyclable of type P dropped into box....}
Box has ID: 123337428
--------------------------------------------------
separating paper......
process carried out at separation unit ID: 74885833
{ recyclable of type P dropped into box....}
Box has ID: 123337428
--------------------------------------------------
separating paper......
process carried out at separation unit ID: 74885833
{ recyclable of type P dropped into box....}
Box has ID: 123337428
--------------------------------------------------
separating paper......
process carried out at separation unit ID: 74885833
{ recyclable of type P dropped into box....}
Box has ID: 123337428
--------------------------------------------------
separating paper......
process carried out at separation unit ID: 74885833
{ recyclable of type P dropped into box....}
Box has ID: 123337428
--------------------------------------------------
separating paper......
process carried out at separation unit ID: 74885833
{ recyclable of type P dropped into box....}
Box has ID: 123337428
--------------------------------------------------
separating paper......
process carried out at separation unit ID: 74885833
{ recyclable of type P dropped into box....}
Box has ID: 123337428
--------------------------------------------------
separating paper......
process carried out at separation unit ID: 74885833
{ recyclable of type P dropped into box....}
Box has ID: 123337428
--------------------------------------------------
separating paper......
process carried out at separation unit ID: 74885833
{ recyclable of type P dropped into box....}
Box has ID: 123337428
--------------------------------------------------
separating paper......
process carried out at separation unit ID: 74885833
{ recyclable of type P dropped into box....}
Box has ID: 123337428
--------------------------------------------------
separating paper......
process carried out at separation unit ID: 74885833
{ recyclable of type P dropped into box....}
Box has ID: 123337428
--------------------------------------------------
separating paper......
process carried out at separation unit ID: 74885833
{ recyclable of type P dropped into box....}
Box has ID: 123337428
--------------------------------------------------
separating paper......
process carried out at separation unit ID: 74885833
{ recyclable of type P dropped into box....}
Box has ID: 123337428
--------------------------------------------------
separating paper......
process carried out at separation unit ID: 74885833
{ recyclable of type P dropped into box....}
Box has ID: 123337428
--------------------------------------------------
separating paper......
process carried out at separation unit ID: 74885833
{ recyclable of type P dropped into box....}
Box has ID: 123337428
--------------------------------------------------
separating paper......
process carried out at separation unit ID: 74885833
{ recyclable of type P dropped into box....}
Box has ID: 123337428
--------------------------------------------------
separating paper......
process carried out at separation unit ID: 74885833
{ recyclable of type P dropped into box....}
Box has ID: 123337428
--------------------------------------------------
separating paper......
process carried out at separation unit ID: 74885833
{ recyclable of type P dropped into box....}
Box has ID: 123337428
--------------------------------------------------
separating paper......
process carried out at separation unit ID: 74885833
{ recyclable of type P dropped into box....}
Box has ID: 123337428
--------------------------------------------------
separating paper......
process carried out at separation unit ID: 74885833
{ recyclable of type P dropped into box....}
Box has ID: 123337428
--------------------------------------------------
separating paper......
process carried out at separation unit ID: 74885833
{ recyclable of type P dropped into box....}
Box has ID: 123337428
--------------------------------------------------
separating paper......
process carried out at separation unit ID: 74885833
{ recyclable of type P dropped into box....}
Box has ID: 123337428
--------------------------------------------------
separating paper......
process carried out at separation unit ID: 74885833
{ recyclable of type P dropped into box....}
Box has ID: 123337428
--------------------------------------------------
separating paper......
process carried out at separation unit ID: 74885833
{ recyclable of type P dropped into box....}
Box has ID: 123337428
--------------------------------------------------
separating paper......
process carried out at separation unit ID: 74885833
{ recyclable of type P dropped into box....}
Box has ID: 123337428
--------------------------------------------------
separating paper......
process carried out at separation unit ID: 74885833
{ recyclable of type P dropped into box....}
Box has ID: 123337428
--------------------------------------------------
separating paper......
process carried out at separation unit ID: 74885833
{ recyclable of type P dropped into box....}
Box has ID: 123337428
--------------------------------------------------
separating paper......
process carried out at separation unit ID: 74885833
{ recyclable of type P dropped into box....}
Box has ID: 123337428
--------------------------------------------------
separating paper......
process carried out at separation unit ID: 74885833
{ recyclable of type P dropped into box....}
Box has ID: 123337428
--------------------------------------------------
separating paper......
process carried out at separation unit ID: 74885833
{ recyclable of type P dropped into box....}
Box has ID: 123337428
--------------------------------------------------
separating paper......
process carried out at separation unit ID: 74885833
{ recyclable of type P dropped into box....}
Box has ID: 123337428
--------------------------------------------------
separating paper......
process carried out at separation unit ID: 74885833
{ recyclable of type P dropped into box....}
Box has ID: 123337428
--------------------------------------------------
separating paper......
process carried out at separation unit ID: 74885833
{ recyclable of type P dropped into box....}
Box has ID: 123337428
--------------------------------------------------
separating paper......
process carried out at separation unit ID: 74885833
{ recyclable of type P dropped into box....}
Box has ID: 123337428
--------------------------------------------------
separating paper......
process carried out at separation unit ID: 74885833
{ recyclable of type P dropped into box....}
Box has ID: 123337428
--------------------------------------------------
separating paper......
process carried out at separation unit ID: 74885833
{ recyclable of type P dropped into box....}
Box has ID: 123337428
--------------------------------------------------
separating paper......
process carried out at separation unit ID: 74885833
{ recyclable of type P dropped into box....}
Box has ID: 123337428
--------------------------------------------------
separating paper......
process carried out at separation unit ID: 74885833
{ recyclable of type P dropped into box....}
Box has ID: 123337428
--------------------------------------------------
separating paper......
process carried out at separation unit ID: 74885833
{ recyclable of type P dropped into box....}
Box has ID: 123337428
--------------------------------------------------
separating paper......
process carried out at separation unit ID: 74885833
{ recyclable of type P dropped into box....}
Box has ID: 123337428
--------------------------------------------------
separating paper......
process carried out at separation unit ID: 74885833
{ recyclable of type P dropped into box....}
Box has ID: 123337428
--------------------------------------------------
separating paper......
process carried out at separation unit ID: 74885833
{ recyclable of type P dropped into box....}
Box has ID: 123337428
--------------------------------------------------
separating paper......
process carried out at separation unit ID: 74885833
{ recyclable of type P dropped into box....}
Box has ID: 123337428
--------------------------------------------------
separating paper......
process carried out at separation unit ID: 74885833
{ recyclable of type P dropped into box....}
Box has ID: 123337428
--------------------------------------------------
separating paper......
process carried out at separation unit ID: 74885833
{ recyclable of type P dropped into box....}
Box has ID: 123337428
--------------------------------------------------
separating paper......
process carried out at separation unit ID: 74885833
{ recyclable of type P dropped into box....}
Box has ID: 123337428
--------------------------------------------------
separating paper......
process carried out at separation unit ID: 74885833
{ recyclable of type P dropped into box....}
Box has ID: 123337428
--------------------------------------------------
separating paper......
process carried out at separation unit ID: 74885833
{ recyclable of type P dropped into box....}
Box has ID: 123337428
--------------------------------------------------
separating paper......
process carried out at separation unit ID: 74885833
{ recyclable of type P dropped into box....}
Box has ID: 123337428
--------------------------------------------------
separating paper......
process carried out at separation unit ID: 74885833
{ recyclable of type P dropped into box....}
Box has ID: 123337428
--------------------------------------------------
separating paper......
process carried out at separation unit ID: 74885833
{ recyclable of type P dropped into box....}
Box has ID: 123337428
--------------------------------------------------
separating paper......
process carried out at separation unit ID: 74885833
{ recyclable of type P dropped into box....}
Box has ID: 123337428
--------------------------------------------------
separating paper......
process carried out at separation unit ID: 74885833
{ recyclable of type P dropped into box....}
Box has ID: 123337428
--------------------------------------------------
separating paper......
process carried out at separation unit ID: 74885833
{ recyclable of type P dropped into box....}
Box has ID: 123337428
--------------------------------------------------
separating paper......
process carried out at separation unit ID: 74885833
{ recyclable of type P dropped into box....}
Box has ID: 123337428
--------------------------------------------------
separating paper......
process carried out at separation unit ID: 74885833
{ recyclable of type P dropped into box....}
Box has ID: 123337428
--------------------------------------------------
separating paper......
process carried out at separation unit ID: 74885833
{ recyclable of type P dropped into box....}
Box has ID: 123337428
--------------------------------------------------
separating paper......
process carried out at separation unit ID: 74885833
{ recyclable of type P dropped into box....}
Box has ID: 123337428
--------------------------------------------------
separating paper......
process carried out at separation unit ID: 74885833
{ recyclable of type P dropped into box....}
Box has ID: 123337428
--------------------------------------------------
separating paper......
process carried out at separation unit ID: 74885833
{ recyclable of type P dropped into box....}
Box has ID: 123337428
--------------------------------------------------
separating paper......
process carried out at separation unit ID: 74885833
{ recyclable of type P dropped into box....}
Box has ID: 123337428
--------------------------------------------------
separating paper......
process carried out at separation unit ID: 74885833
{ recyclable of type P dropped into box....}
Box has ID: 123337428
--------------------------------------------------
separating paper......
process carried out at separation unit ID: 74885833
{ recyclable of type P dropped into box....}
Box has ID: 123337428
--------------------------------------------------
separating paper......
process carried out at separation unit ID: 74885833
{ recyclable of type P dropped into box....}
Box has ID: 123337428
--------------------------------------------------
separating paper......
process carried out at separation unit ID: 74885833
{ recyclable of type P dropped into box....}
Box has ID: 123337428
--------------------------------------------------
separating paper......
process carried out at separation unit ID: 74885833
{ recyclable of type P dropped into box....}
Box has ID: 123337428
--------------------------------------------------
separating paper......
process carried out at separation unit ID: 74885833
{ recyclable of type P dropped into box....}
Box has ID: 123337428
--------------------------------------------------
separating paper......
process carried out at separation unit ID: 74885833
{ recyclable of type P dropped into box....}
Box has ID: 123337428
--------------------------------------------------
separating paper......
process carried out at separation unit ID: 74885833
{ recyclable of type P dropped into box....}
Box has ID: 123337428
--------------------------------------------------
separating paper......
process carried out at separation unit ID: 74885833
{ recyclable of type P dropped into box....}
Box has ID: 123337428
--------------------------------------------------
separating paper......
process carried out at separation unit ID: 74885833
{ recyclable of type P dropped into box....}
Box has ID: 123337428
--------------------------------------------------
separating paper......
process carried out at separation unit ID: 74885833
{ recyclable of type P dropped into box....}
Box has ID: 123337428
--------------------------------------------------
separating paper......
process carried out at separation unit ID: 74885833
{ recyclable of type P dropped into box....}
Box has ID: 123337428
--------------------------------------------------
separating paper......
process carried out at separation unit ID: 74885833
{ recyclable of type P dropped into box....}
Box has ID: 123337428
--------------------------------------------------
separating paper......
process carried out at separation unit ID: 74885833
{ recyclable of type P dropped into box....}
Box has ID: 123337428
--------------------------------------------------
separating paper......
process carried out at separation unit ID: 74885833
{ recyclable of type P dropped into box....}
Box has ID: 123337428
--------------------------------------------------
separating paper......
process carried out at separation unit ID: 74885833
{ recyclable of type P dropped into box....}
Box has ID: 123337428
--------------------------------------------------
separating paper......
process carried out at separation unit ID: 74885833
{ recyclable of type P dropped into box....}
Box has ID: 123337428
--------------------------------------------------
separating paper......
process carried out at separation unit ID: 74885833
{ recyclable of type P dropped into box....}
Box has ID: 123337428
--------------------------------------------------
separating paper......
process carried out at separation unit ID: 74885833
{ recyclable of type P dropped into box....}
Box has ID: 123337428
--------------------------------------------------
separating paper......
process carried out at separation unit ID: 74885833
{ recyclable of type P dropped into box....}
Box has ID: 123337428
--------------------------------------------------
separating paper......
process carried out at separation unit ID: 74885833
{ recyclable of type P dropped into box....}
Box has ID: 123337428
--------------------------------------------------
separating paper......
process carried out at separation unit ID: 74885833
{ recyclable of type P dropped into box....}
Box has ID: 123337428
--------------------------------------------------
separating paper......
process carried out at separation unit ID: 74885833
{ recyclable of type P dropped into box....}
Box has ID: 123337428
--------------------------------------------------
separating paper......
process carried out at separation unit ID: 74885833
{ recyclable of type P dropped into box....}
Box has ID: 123337428
--------------------------------------------------
separating paper......
process carried out at separation unit ID: 74885833
{ recyclable of type P dropped into box....}
Box has ID: 123337428
--------------------------------------------------
separating paper......
process carried out at separation unit ID: 74885833
{ recyclable of type P dropped into box....}
Box has ID: 123337428
--------------------------------------------------
separating paper......
process carried out at separation unit ID: 74885833
{ recyclable of type P dropped into box....}
Box has ID: 123337428
--------------------------------------------------
separating paper......
process carried out at separation unit ID: 74885833
{ recyclable of type P dropped into box....}
Box has ID: 123337428
--------------------------------------------------
separating paper......
process carried out at separation unit ID: 74885833
{ recyclable of type P dropped into box....}
Box has ID: 123337428
--------------------------------------------------
separating paper......
process carried out at separation unit ID: 74885833
{ recyclable of type P dropped into box....}
Box has ID: 123337428
--------------------------------------------------
separating paper......
process carried out at separation unit ID: 74885833
{ recyclable of type P dropped into box....}
Box has ID: 123337428
--------------------------------------------------
separating paper......
process carried out at separation unit ID: 74885833
{ recyclable of type P dropped into box....}
Box has ID: 123337428
--------------------------------------------------
separating paper......
process carried out at separation unit ID: 74885833
{ recyclable of type P dropped into box....}
Box has ID: 123337428
--------------------------------------------------
separating paper......
process carried out at separation unit ID: 74885833
{ recyclable of type P dropped into box....}
Box has ID: 123337428
--------------------------------------------------
separating paper......
process carried out at separation unit ID: 74885833
{ recyclable of type P dropped into box....}
Box has ID: 123337428
--------------------------------------------------
separating paper......
process carried out at separation unit ID: 74885833
{ recyclable of type P dropped into box....}
Box has ID: 123337428
--------------------------------------------------
separating paper......
process carried out at separation unit ID: 74885833
{ recyclable of type P dropped into box....}
Box has ID: 123337428
--------------------------------------------------
separating paper......
process carried out at separation unit ID: 74885833
{ recyclable of type P dropped into box....}
Box has ID: 123337428
--------------------------------------------------
separating paper......
process carried out at separation unit ID: 74885833
{ recyclable of type P dropped into box....}
Box has ID: 123337428
--------------------------------------------------
separating paper......
process carried out at separation unit ID: 74885833
{ recyclable of type P dropped into box....}
Box has ID: 123337428
--------------------------------------------------
separating paper......
process carried out at separation unit ID: 74885833
{ recyclable of type P dropped into box....}
Box has ID: 123337428
--------------------------------------------------
separating paper......
process carried out at separation unit ID: 74885833
{ recyclable of type P dropped into box....}
Box has ID: 123337428
--------------------------------------------------
separating paper......
process carried out at separation unit ID: 74885833
{ recyclable of type P dropped into box....}
Box has ID: 123337428
--------------------------------------------------
separating paper......
process carried out at separation unit ID: 74885833
{ recyclable of type P dropped into box....}
Box has ID: 123337428
--------------------------------------------------
separating paper......
process carried out at separation unit ID: 74885833
{ recyclable of type P dropped into box....}
Box has ID: 123337428
--------------------------------------------------
separating paper......
process carried out at separation unit ID: 74885833
{ recyclable of type P dropped into box....}
Box has ID: 123337428
--------------------------------------------------
separating paper......
process carried out at separation unit ID: 74885833
{ recyclable of type P dropped into box....}
Box has ID: 123337428
--------------------------------------------------
separating paper......
process carried out at separation unit ID: 74885833
{ recyclable of type P dropped into box....}
Box has ID: 123337428
--------------------------------------------------
separating paper......
process carried out at separation unit ID: 74885833
{ recyclable of type P dropped into box....}
Box has ID: 123337428
--------------------------------------------------
separating paper......
process carried out at separation unit ID: 74885833
{ recyclable of type P dropped into box....}
Box has ID: 123337428
--------------------------------------------------
separating paper......
process carried out at separation unit ID: 74885833
{ recyclable of type P dropped into box....}
Box has ID: 123337428
--------------------------------------------------
separating paper......
process carried out at separation unit ID: 74885833
{ recyclable of type P dropped into box....}
Box has ID: 123337428
--------------------------------------------------
separating paper......
process carried out at separation unit ID: 74885833
{ recyclable of type P dropped into box....}
Box has ID: 123337428
--------------------------------------------------
separating paper......
process carried out at separation unit ID: 74885833
{ recyclable of type P dropped into box....}
Box has ID: 123337428
--------------------------------------------------
separating paper......
process carried out at separation unit ID: 74885833
{ recyclable of type P dropped into box....}
Box has ID: 123337428
--------------------------------------------------
separating paper......
process carried out at separation unit ID: 74885833
{ recyclable of type P dropped into box....}
Box has ID: 123337428
--------------------------------------------------
separating paper......
process carried out at separation unit ID: 74885833
{ recyclable of type P dropped into box....}
Box has ID: 123337428
--------------------------------------------------
separating paper......
process carried out at separation unit ID: 74885833
{ recyclable of type P dropped into box....}
Box has ID: 123337428
--------------------------------------------------
separating paper......
process carried out at separation unit ID: 74885833
{ recyclable of type P dropped into box....}
Box has ID: 123337428
--------------------------------------------------
separating paper......
process carried out at separation unit ID: 74885833
{ recyclable of type P dropped into box....}
Box has ID: 123337428
--------------------------------------------------
separating paper......
process carried out at separation unit ID: 74885833
{ recyclable of type P dropped into box....}
Box has ID: 123337428
--------------------------------------------------
separating paper......
process carried out at separation unit ID: 74885833
{ recyclable of type P dropped into box....}
Box has ID: 123337428
--------------------------------------------------
separating paper......
process carried out at separation unit ID: 74885833
{ recyclable of type P dropped into box....}
Box has ID: 123337428
--------------------------------------------------
separating paper......
process carried out at separation unit ID: 74885833
{ recyclable of type P dropped into box....}
Box has ID: 123337428
--------------------------------------------------
separating paper......
process carried out at separation unit ID: 74885833
{ recyclable of type P dropped into box....}
Box has ID: 123337428
--------------------------------------------------
separating paper......
process carried out at separation unit ID: 74885833
{ recyclable of type P dropped into box....}
Box has ID: 123337428
--------------------------------------------------
separating paper......
process carried out at separation unit ID: 74885833
{ recyclable of type P dropped into box....}
Box has ID: 123337428
--------------------------------------------------
separating paper......
process carried out at separation unit ID: 74885833
{ recyclable of type P dropped into box....}
Box has ID: 123337428
--------------------------------------------------
separating paper......
process carried out at separation unit ID: 74885833
{ recyclable of type P dropped into box....}
Box has ID: 123337428
--------------------------------------------------
separating paper......
process carried out at separation unit ID: 74885833
{ recyclable of type P dropped into box....}
Box has ID: 123337428
--------------------------------------------------
separating paper......
process carried out at separation unit ID: 74885833
{ recyclable of type P dropped into box....}
Box has ID: 123337428
--------------------------------------------------
separating paper......
process carried out at separation unit ID: 74885833
{ recyclable of type P dropped into box....}
Box has ID: 123337428
--------------------------------------------------
separating paper......
process carried out at separation unit ID: 74885833
{ recyclable of type P dropped into box....}
Box has ID: 123337428
--------------------------------------------------
separating paper......
process carried out at separation unit ID: 74885833
{ recyclable of type P dropped into box....}
Box has ID: 123337428
--------------------------------------------------
separating paper......
process carried out at separation unit ID: 74885833
{ recyclable of type P dropped into box....}
Box has ID: 123337428
--------------------------------------------------
separating paper......
process carried out at separation unit ID: 74885833
{ recyclable of type P dropped into box....}
Box has ID: 123337428
--------------------------------------------------
separating paper......
process carried out at separation unit ID: 74885833
{ recyclable of type P dropped into box....}
Box has ID: 123337428
--------------------------------------------------
separating paper......
process carried out at separation unit ID: 74885833
{ recyclable of type P dropped into box....}
Box has ID: 123337428
--------------------------------------------------
separating paper......
process carried out at separation unit ID: 74885833
{ recyclable of type P dropped into box....}
Box has ID: 123337428
--------------------------------------------------
separating paper......
process carried out at separation unit ID: 74885833
{ recyclable of type P dropped into box....}
Box has ID: 123337428
--------------------------------------------------
separating paper......
process carried out at separation unit ID: 74885833
{ recyclable of type P dropped into box....}
Box has ID: 123337428
--------------------------------------------------
separating paper......
process carried out at separation unit ID: 74885833
{ recyclable of type P dropped into box....}
Box has ID: 123337428
--------------------------------------------------
separating paper......
process carried out at separation unit ID: 74885833
{ recyclable of type P dropped into box....}
Box has ID: 123337428
--------------------------------------------------
separating paper......
process carried out at separation unit ID: 74885833
{ recyclable of type P dropped into box....}
Box has ID: 123337428
--------------------------------------------------
separating paper......
process carried out at separation unit ID: 74885833
{ recyclable of type P dropped into box....}
Box has ID: 123337428
--------------------------------------------------
separating paper......
process carried out at separation unit ID: 74885833
{ recyclable of type P dropped into box....}
Box has ID: 123337428
--------------------------------------------------
separating paper......
process carried out at separation unit ID: 74885833
{ recyclable of type P dropped into box....}
Box has ID: 123337428
--------------------------------------------------
separating paper......
process carried out at separation unit ID: 74885833
{ recyclable of type P dropped into box....}
Box has ID: 123337428
--------------------------------------------------
separating paper......
process carried out at separation unit ID: 74885833
{ recyclable of type P dropped into box....}
Box has ID: 123337428
--------------------------------------------------
separating paper......
process carried out at separation unit ID: 74885833
{ recyclable of type P dropped into box....}
Box has ID: 123337428
--------------------------------------------------
separating paper......
process carried out at separation unit ID: 74885833
{ recyclable of type P dropped into box....}
Box has ID: 123337428
--------------------------------------------------
separating paper......
process carried out at separation unit ID: 74885833
{ recyclable of type P dropped into box....}
Box has ID: 123337428
--------------------------------------------------
separating paper......
process carried out at separation unit ID: 74885833
{ recyclable of type P dropped into box....}
Box has ID: 123337428
--------------------------------------------------
separating paper......
process carried out at separation unit ID: 74885833
{ recyclable of type P dropped into box....}
Box has ID: 123337428
--------------------------------------------------
separating paper......
process carried out at separation unit ID: 74885833
{ recyclable of type P dropped into box....}
Box has ID: 123337428
--------------------------------------------------
separating paper......
process carried out at separation unit ID: 74885833
{ recyclable of type P dropped into box....}
Box has ID: 123337428
--------------------------------------------------
separating paper......
process carried out at separation unit ID: 74885833
{ recyclable of type P dropped into box....}
Box has ID: 123337428
--------------------------------------------------
separating paper......
process carried out at separation unit ID: 74885833
{ recyclable of type P dropped into box....}
Box has ID: 123337428
--------------------------------------------------
separating paper......
process carried out at separation unit ID: 74885833
{ recyclable of type P dropped into box....}
Box has ID: 123337428
--------------------------------------------------
separating paper......
process carried out at separation unit ID: 74885833
{ recyclable of type P dropped into box....}
Box has ID: 123337428
--------------------------------------------------
separating paper......
process carried out at separation unit ID: 74885833
{ recyclable of type P dropped into box....}
Box has ID: 123337428
--------------------------------------------------
separating paper......
process carried out at separation unit ID: 74885833
{ recyclable of type P dropped into box....}
Box has ID: 123337428
--------------------------------------------------
separating paper......
process carried out at separation unit ID: 74885833
{ recyclable of type P dropped into box....}
Box has ID: 123337428
--------------------------------------------------
separating paper......
process carried out at separation unit ID: 74885833
{ recyclable of type P dropped into box....}
Box has ID: 123337428
--------------------------------------------------
separating paper......
process carried out at separation unit ID: 74885833
{ recyclable of type P dropped into box....}
Box has ID: 123337428
--------------------------------------------------
separating paper......
process carried out at separation unit ID: 74885833
{ recyclable of type P dropped into box....}
Box has ID: 123337428
--------------------------------------------------
separating paper......
process carried out at separation unit ID: 74885833
{ recyclable of type P dropped into box....}
Box has ID: 123337428
--------------------------------------------------
separating paper......
process carried out at separation unit ID: 74885833
{ recyclable of type P dropped into box....}
Box has ID: 123337428
--------------------------------------------------
separating paper......
process carried out at separation unit ID: 74885833
{ recyclable of type P dropped into box....}
Box has ID: 123337428
--------------------------------------------------
separating paper......
process carried out at separation unit ID: 74885833
{ recyclable of type P dropped into box....}
Box has ID: 123337428
--------------------------------------------------
separating paper......
process carried out at separation unit ID: 74885833
{ recyclable of type P dropped into box....}
Box has ID: 123337428
--------------------------------------------------
separating paper......
process carried out at separation unit ID: 74885833
{ recyclable of type P dropped into box....}
Box has ID: 123337428
--------------------------------------------------
separating paper......
process carried out at separation unit ID: 74885833
{ recyclable of type P dropped into box....}
Box has ID: 123337428
--------------------------------------------------
separating paper......
process carried out at separation unit ID: 74885833
{ recyclable of type P dropped into box....}
Box has ID: 123337428
--------------------------------------------------
separating paper......
process carried out at separation unit ID: 74885833
{ recyclable of type P dropped into box....}
Box has ID: 123337428
--------------------------------------------------
separating paper......
process carried out at separation unit ID: 74885833
{ recyclable of type P dropped into box....}
Box has ID: 123337428
--------------------------------------------------
separating paper......
process carried out at separation unit ID: 74885833
{ recyclable of type P dropped into box....}
Box has ID: 123337428
--------------------------------------------------
separating paper......
process carried out at separation unit ID: 74885833
{ recyclable of type P dropped into box....}
Box has ID: 123337428
--------------------------------------------------
separating paper......
process carried out at separation unit ID: 74885833
{ recyclable of type P dropped into box....}
Box has ID: 123337428
--------------------------------------------------
separating paper......
process carried out at separation unit ID: 74885833
{ recyclable of type P dropped into box....}
Box has ID: 123337428
--------------------------------------------------
separating paper......
process carried out at separation unit ID: 74885833
{ recyclable of type P dropped into box....}
Box has ID: 123337428
--------------------------------------------------
separating paper......
process carried out at separation unit ID: 74885833
{ recyclable of type P dropped into box....}
Box has ID: 123337428
--------------------------------------------------
separating paper......
process carried out at separation unit ID: 74885833
{ recyclable of type P dropped into box....}
Box has ID: 123337428
--------------------------------------------------
separating paper......
process carried out at separation unit ID: 74885833
{ recyclable of type P dropped into box....}
Box has ID: 123337428
--------------------------------------------------
separating paper......
process carried out at separation unit ID: 74885833
{ recyclable of type P dropped into box....}
Box has ID: 123337428
--------------------------------------------------
separating paper......
process carried out at separation unit ID: 74885833
{ recyclable of type P dropped into box....}
Box has ID: 123337428
--------------------------------------------------
separating paper......
process carried out at separation unit ID: 74885833
{ recyclable of type P dropped into box....}
Box has ID: 123337428
--------------------------------------------------
separating paper......
process carried out at separation unit ID: 74885833
{ recyclable of type P dropped into box....}
Box has ID: 123337428
--------------------------------------------------
separating paper......
process carried out at separation unit ID: 74885833
{ recyclable of type P dropped into box....}
Box has ID: 123337428
--------------------------------------------------
separating paper......
process carried out at separation unit ID: 74885833
{ recyclable of type P dropped into box....}
Box has ID: 123337428
--------------------------------------------------
separating paper......
process carried out at separation unit ID: 74885833
{ recyclable of type P dropped into box....}
Box has ID: 123337428
--------------------------------------------------
separating paper......
process carried out at separation unit ID: 74885833
{ recyclable of type P dropped into box....}
Box has ID: 123337428
--------------------------------------------------
separating paper......
process carried out at separation unit ID: 74885833
{ recyclable of type P dropped into box....}
Box has ID: 123337428
--------------------------------------------------
separating paper......
process carried out at separation unit ID: 74885833
{ recyclable of type P dropped into box....}
Box has ID: 123337428
--------------------------------------------------
separating paper......
process carried out at separation unit ID: 74885833
{ recyclable of type P dropped into box....}
Box has ID: 123337428
--------------------------------------------------
separating paper......
process carried out at separation unit ID: 74885833
{ recyclable of type P dropped into box....}
Box has ID: 123337428
--------------------------------------------------
separating paper......
process carried out at separation unit ID: 74885833
{ recyclable of type P dropped into box....}
Box has ID: 123337428
--------------------------------------------------
separating paper......
process carried out at separation unit ID: 74885833
{ recyclable of type P dropped into box....}
Box has ID: 123337428
--------------------------------------------------
separating paper......
process carried out at separation unit ID: 74885833
{ recyclable of type P dropped into box....}
Box has ID: 123337428
--------------------------------------------------
separating paper......
process carried out at separation unit ID: 74885833
{ recyclable of type P dropped into box....}
Box has ID: 123337428
--------------------------------------------------
separating paper......
process carried out at separation unit ID: 74885833
{ recyclable of type P dropped into box....}
Box has ID: 123337428
--------------------------------------------------
separating paper......
process carried out at separation unit ID: 74885833
{ recyclable of type P dropped into box....}
Box has ID: 123337428
--------------------------------------------------
separating paper......
process carried out at separation unit ID: 74885833
{ recyclable of type P dropped into box....}
Box has ID: 123337428
--------------------------------------------------
separating paper......
process carried out at separation unit ID: 74885833
{ recyclable of type P dropped into box....}
Box has ID: 123337428
--------------------------------------------------
separating paper......
process carried out at separation unit ID: 74885833
{ recyclable of type P dropped into box....}
Box has ID: 123337428
--------------------------------------------------
separating paper......
process carried out at separation unit ID: 74885833
{ recyclable of type P dropped into box....}
Box has ID: 123337428
--------------------------------------------------
separating paper......
process carried out at separation unit ID: 74885833
{ recyclable of type P dropped into box....}
Box has ID: 123337428
--------------------------------------------------
separating paper......
process carried out at separation unit ID: 74885833
{ recyclable of type P dropped into box....}
Box has ID: 123337428
--------------------------------------------------
separating paper......
process carried out at separation unit ID: 74885833
{ recyclable of type P dropped into box....}
Box has ID: 123337428
--------------------------------------------------
separating paper......
process carried out at separation unit ID: 74885833
{ recyclable of type P dropped into box....}
Box has ID: 123337428
--------------------------------------------------
separating paper......
process carried out at separation unit ID: 74885833
{ recyclable of type P dropped into box....}
Box has ID: 123337428
--------------------------------------------------
separating paper......
process carried out at separation unit ID: 74885833
{ recyclable of type P dropped into box....}
Box has ID: 123337428
--------------------------------------------------
separating paper......
process carried out at separation unit ID: 74885833
{ recyclable of type P dropped into box....}
Box has ID: 123337428
--------------------------------------------------
separating paper......
process carried out at separation unit ID: 74885833
{ recyclable of type P dropped into box....}
Box has ID: 123337428
--------------------------------------------------
separating paper......
process carried out at separation unit ID: 74885833
{ recyclable of type P dropped into box....}
Box has ID: 123337428
--------------------------------------------------
separating paper......
process carried out at separation unit ID: 74885833
{ recyclable of type P dropped into box....}
Box has ID: 123337428
--------------------------------------------------
separating paper......
process carried out at separation unit ID: 74885833
{ recyclable of type P dropped into box....}
Box has ID: 123337428
--------------------------------------------------
separating paper......
process carried out at separation unit ID: 74885833
{ recyclable of type P dropped into box....}
Box has ID: 123337428
--------------------------------------------------
separating paper......
process carried out at separation unit ID: 74885833
{ recyclable of type P dropped into box....}
Box has ID: 123337428
--------------------------------------------------
separating paper......
process carried out at separation unit ID: 74885833
{ recyclable of type P dropped into box....}
Box has ID: 123337428
--------------------------------------------------
separating paper......
process carried out at separation unit ID: 74885833
{ recyclable of type P dropped into box....}
Box has ID: 123337428
--------------------------------------------------
separating paper......
process carried out at separation unit ID: 74885833
{ recyclable of type P dropped into box....}
Box has ID: 123337428
--------------------------------------------------
separating paper......
process carried out at separation unit ID: 74885833
{ recyclable of type P dropped into box....}
Box has ID: 123337428
--------------------------------------------------
separating paper......
process carried out at separation unit ID: 74885833
{ recyclable of type P dropped into box....}
Box has ID: 123337428
--------------------------------------------------
separating paper......
process carried out at separation unit ID: 74885833
{ recyclable of type P dropped into box....}
Box has ID: 123337428
--------------------------------------------------
separating paper......
process carried out at separation unit ID: 74885833
{ recyclable of type P dropped into box....}
Box has ID: 123337428
--------------------------------------------------
separating paper......
process carried out at separation unit ID: 74885833
{ recyclable of type P dropped into box....}
Box has ID: 123337428
--------------------------------------------------
separating paper......
process carried out at separation unit ID: 74885833
{ recyclable of type P dropped into box....}
Box has ID: 123337428
--------------------------------------------------
separating paper......
process carried out at separation unit ID: 74885833
{ recyclable of type P dropped into box....}
Box has ID: 123337428
--------------------------------------------------
separating paper......
process carried out at separation unit ID: 74885833
{ recyclable of type P dropped into box....}
Box has ID: 123337428
--------------------------------------------------
separating paper......
process carried out at separation unit ID: 74885833
{ recyclable of type P dropped into box....}
Box has ID: 123337428
--------------------------------------------------
separating paper......
process carried out at separation unit ID: 74885833
{ recyclable of type P dropped into box....}
Box has ID: 123337428
--------------------------------------------------
separating paper......
process carried out at separation unit ID: 74885833
{ recyclable of type P dropped into box....}
Box has ID: 123337428
--------------------------------------------------
separating paper......
process carried out at separation unit ID: 74885833
{ recyclable of type P dropped into box....}
Box has ID: 123337428
--------------------------------------------------
separating paper......
process carried out at separation unit ID: 74885833
{ recyclable of type P dropped into box....}
Box has ID: 123337428
--------------------------------------------------
separating paper......
process carried out at separation unit ID: 74885833
{ recyclable of type P dropped into box....}
Box has ID: 123337428
--------------------------------------------------
separating paper......
process carried out at separation unit ID: 74885833
{ recyclable of type P dropped into box....}
Box has ID: 123337428
--------------------------------------------------
separating paper......
process carried out at separation unit ID: 74885833
{ recyclable of type P dropped into box....}
Box has ID: 123337428
--------------------------------------------------
separating paper......
process carried out at separation unit ID: 74885833
{ recyclable of type P dropped into box....}
Box has ID: 123337428
--------------------------------------------------
separating paper......
process carried out at separation unit ID: 74885833
{ recyclable of type P dropped into box....}
Box has ID: 123337428
--------------------------------------------------
separating paper......
process carried out at separation unit ID: 74885833
{ recyclable of type P dropped into box....}
Box has ID: 123337428
--------------------------------------------------
separating paper......
process carried out at separation unit ID: 74885833
{ recyclable of type P dropped into box....}
Box has ID: 123337428
--------------------------------------------------
separating paper......
process carried out at separation unit ID: 74885833
{ recyclable of type P dropped into box....}
Box has ID: 123337428
--------------------------------------------------
separating paper......
process carried out at separation unit ID: 74885833
{ recyclable of type P dropped into box....}
Box has ID: 123337428
--------------------------------------------------
separating paper......
process carried out at separation unit ID: 74885833
{ recyclable of type P dropped into box....}
Box has ID: 123337428
--------------------------------------------------
separating paper......
process carried out at separation unit ID: 74885833
{ recyclable of type P dropped into box....}
Box has ID: 123337428
--------------------------------------------------
separating paper......
process carried out at separation unit ID: 74885833
{ recyclable of type P dropped into box....}
Box has ID: 123337428
--------------------------------------------------
separating paper......
process carried out at separation unit ID: 74885833
{ recyclable of type P dropped into box....}
Box has ID: 123337428
--------------------------------------------------
separating paper......
process carried out at separation unit ID: 74885833
{ recyclable of type P dropped into box....}
Box has ID: 123337428
--------------------------------------------------
separating paper......
process carried out at separation unit ID: 74885833
{ recyclable of type P dropped into box....}
Box has ID: 123337428
--------------------------------------------------
separating paper......
process carried out at separation unit ID: 74885833
{ recyclable of type P dropped into box....}
Box has ID: 123337428
--------------------------------------------------
separating paper......
process carried out at separation unit ID: 74885833
{ recyclable of type P dropped into box....}
Box has ID: 123337428
--------------------------------------------------
separating paper......
process carried out at separation unit ID: 74885833
{ recyclable of type P dropped into box....}
Box has ID: 123337428
--------------------------------------------------
separating paper......
process carried out at separation unit ID: 74885833
{ recyclable of type P dropped into box....}
Box has ID: 123337428
--------------------------------------------------
separating paper......
process carried out at separation unit ID: 74885833
{ recyclable of type P dropped into box....}
Box has ID: 123337428
--------------------------------------------------
separating paper......
process carried out at separation unit ID: 74885833
{ recyclable of type P dropped into box....}
Box has ID: 123337428
--------------------------------------------------
separating paper......
process carried out at separation unit ID: 74885833
{ recyclable of type P dropped into box....}
Box has ID: 123337428
--------------------------------------------------
separating paper......
process carried out at separation unit ID: 74885833
{ recyclable of type P dropped into box....}
Box has ID: 123337428
--------------------------------------------------
separating paper......
process carried out at separation unit ID: 74885833
{ recyclable of type P dropped into box....}
Box has ID: 123337428
--------------------------------------------------
separating paper......
process carried out at separation unit ID: 74885833
{ recyclable of type P dropped into box....}
Box has ID: 123337428
--------------------------------------------------
separating paper......
process carried out at separation unit ID: 74885833
{ recyclable of type P dropped into box....}
Box has ID: 123337428
--------------------------------------------------
separating paper......
process carried out at separation unit ID: 74885833
{ recyclable of type P dropped into box....}
Box has ID: 123337428
--------------------------------------------------
separating paper......
process carried out at separation unit ID: 74885833
{ recyclable of type P dropped into box....}
Box has ID: 123337428
--------------------------------------------------
separating paper......
process carried out at separation unit ID: 74885833
{ recyclable of type P dropped into box....}
Box has ID: 123337428
--------------------------------------------------
separating paper......
process carried out at separation unit ID: 74885833
{ recyclable of type P dropped into box....}
Box has ID: 123337428
--------------------------------------------------
separating paper......
process carried out at separation unit ID: 74885833
{ recyclable of type P dropped into box....}
Box has ID: 123337428
--------------------------------------------------
separating paper......
process carried out at separation unit ID: 74885833
{ recyclable of type P dropped into box....}
Box has ID: 123337428
--------------------------------------------------
separating paper......
process carried out at separation unit ID: 74885833
{ recyclable of type P dropped into box....}
Box has ID: 123337428
--------------------------------------------------
separating paper......
process carried out at separation unit ID: 74885833
{ recyclable of type P dropped into box....}
Box has ID: 123337428
--------------------------------------------------
separating paper......
process carried out at separation unit ID: 74885833
{ recyclable of type P dropped into box....}
Box has ID: 123337428
--------------------------------------------------
separating paper......
process carried out at separation unit ID: 74885833
{ recyclable of type P dropped into box....}
Box has ID: 123337428
--------------------------------------------------
separating paper......
process carried out at separation unit ID: 74885833
{ recyclable of type P dropped into box....}
Box has ID: 123337428
--------------------------------------------------
separating paper......
process carried out at separation unit ID: 74885833
{ recyclable of type P dropped into box....}
Box has ID: 123337428
--------------------------------------------------
separating paper......
process carried out at separation unit ID: 74885833
{ recyclable of type P dropped into box....}
Box has ID: 123337428
--------------------------------------------------
separating paper......
process carried out at separation unit ID: 74885833
{ recyclable of type P dropped into box....}
Box has ID: 123337428
--------------------------------------------------
separating paper......
process carried out at separation unit ID: 74885833
{ recyclable of type P dropped into box....}
Box has ID: 123337428
--------------------------------------------------
separating paper......
process carried out at separation unit ID: 74885833
{ recyclable of type P dropped into box....}
Box has ID: 123337428
--------------------------------------------------
separating paper......
process carried out at separation unit ID: 74885833
{ recyclable of type P dropped into box....}
Box has ID: 123337428
--------------------------------------------------
separating paper......
process carried out at separation unit ID: 74885833
{ recyclable of type P dropped into box....}
Box has ID: 123337428
--------------------------------------------------
separating paper......
process carried out at separation unit ID: 74885833
{ recyclable of type P dropped into box....}
Box has ID: 123337428
--------------------------------------------------
separating paper......
process carried out at separation unit ID: 74885833
{ recyclable of type P dropped into box....}
Box has ID: 123337428
--------------------------------------------------
separating paper......
process carried out at separation unit ID: 74885833
{ recyclable of type P dropped into box....}
Box has ID: 123337428
--------------------------------------------------
separating paper......
process carried out at separation unit ID: 74885833
{ recyclable of type P dropped into box....}
Box has ID: 123337428
--------------------------------------------------
separating paper......
process carried out at separation unit ID: 74885833
{ recyclable of type P dropped into box....}
Box has ID: 123337428
--------------------------------------------------
separating paper......
process carried out at separation unit ID: 74885833
{ recyclable of type P dropped into box....}
Box has ID: 123337428
--------------------------------------------------
separating paper......
process carried out at separation unit ID: 74885833
{ recyclable of type P dropped into box....}
Box has ID: 123337428
--------------------------------------------------
separating paper......
process carried out at separation unit ID: 74885833
{ recyclable of type P dropped into box....}
Box has ID: 123337428
--------------------------------------------------
separating paper......
process carried out at separation unit ID: 74885833
{ recyclable of type P dropped into box....}
Box has ID: 123337428
--------------------------------------------------
separating paper......
process carried out at separation unit ID: 74885833
{ recyclable of type P dropped into box....}
Box has ID: 123337428
--------------------------------------------------
separating paper......
process carried out at separation unit ID: 74885833
{ recyclable of type P dropped into box....}
Box has ID: 123337428
--------------------------------------------------
separating paper......
process carried out at separation unit ID: 74885833
{ recyclable of type P dropped into box....}
Box has ID: 123337428
--------------------------------------------------
separating paper......
process carried out at separation unit ID: 74885833
{ recyclable of type P dropped into box....}
Box has ID: 123337428
--------------------------------------------------
separating paper......
process carried out at separation unit ID: 74885833
{ recyclable of type P dropped into box....}
Box has ID: 123337428
--------------------------------------------------
separating paper......
process carried out at separation unit ID: 74885833
{ recyclable of type P dropped into box....}
Box has ID: 123337428
--------------------------------------------------
separating paper......
process carried out at separation unit ID: 74885833
{ recyclable of type P dropped into box....}
Box has ID: 123337428
--------------------------------------------------
separating paper......
process carried out at separation unit ID: 74885833
{ recyclable of type P dropped into box....}
Box has ID: 123337428
--------------------------------------------------
separating paper......
process carried out at separation unit ID: 74885833
{ recyclable of type P dropped into box....}
Box has ID: 123337428
--------------------------------------------------
separating paper......
process carried out at separation unit ID: 74885833
{ recyclable of type P dropped into box....}
Box has ID: 123337428
--------------------------------------------------
separating paper......
process carried out at separation unit ID: 74885833
{ recyclable of type P dropped into box....}
Box has ID: 123337428
--------------------------------------------------
separating paper......
process carried out at separation unit ID: 74885833
{ recyclable of type P dropped into box....}
Box has ID: 123337428
--------------------------------------------------
separating paper......
process carried out at separation unit ID: 74885833
{ recyclable of type P dropped into box....}
Box has ID: 123337428
--------------------------------------------------
separating paper......
process carried out at separation unit ID: 74885833
{ recyclable of type P dropped into box....}
Box has ID: 123337428
--------------------------------------------------
separating paper......
process carried out at separation unit ID: 74885833
{ recyclable of type P dropped into box....}
Box has ID: 123337428
--------------------------------------------------
separating paper......
process carried out at separation unit ID: 74885833
{ recyclable of type P dropped into box....}
Box has ID: 123337428
--------------------------------------------------
separating paper......
process carried out at separation unit ID: 74885833
{ recyclable of type P dropped into box....}
Box has ID: 123337428
--------------------------------------------------
separating paper......
process carried out at separation unit ID: 74885833
{ recyclable of type P dropped into box....}
Box has ID: 123337428
--------------------------------------------------
separating paper......
process carried out at separation unit ID: 74885833
{ recyclable of type P dropped into box....}
Box has ID: 123337428
--------------------------------------------------
separating paper......
process carried out at separation unit ID: 74885833
{ recyclable of type P dropped into box....}
Box has ID: 123337428
--------------------------------------------------
separating paper......
process carried out at separation unit ID: 74885833
{ recyclable of type P dropped into box....}
Box has ID: 123337428
--------------------------------------------------
separating paper......
process carried out at separation unit ID: 74885833
{ recyclable of type P dropped into box....}
Box has ID: 123337428
--------------------------------------------------
separating paper......
process carried out at separation unit ID: 74885833
{ recyclable of type P dropped into box....}
Box has ID: 123337428
--------------------------------------------------
separating paper......
process carried out at separation unit ID: 74885833
{ recyclable of type P dropped into box....}
Box has ID: 123337428
--------------------------------------------------
separating paper......
process carried out at separation unit ID: 74885833
{ recyclable of type P dropped into box....}
Box has ID: 123337428
--------------------------------------------------
separating paper......
process carried out at separation unit ID: 74885833
{ recyclable of type P dropped into box....}
Box has ID: 123337428
--------------------------------------------------
separating paper......
process carried out at separation unit ID: 74885833
{ recyclable of type P dropped into box....}
Box has ID: 123337428
--------------------------------------------------
separating paper......
process carried out at separation unit ID: 74885833
{ recyclable of type P dropped into box....}
Box has ID: 123337428
--------------------------------------------------
separating paper......
process carried out at separation unit ID: 74885833
{ recyclable of type P dropped into box....}
Box has ID: 123337428
--------------------------------------------------
separating paper......
process carried out at separation unit ID: 74885833
{ recyclable of type P dropped into box....}
Box has ID: 123337428
--------------------------------------------------
separating paper......
process carried out at separation unit ID: 74885833
{ recyclable of type P dropped into box....}
Box has ID: 123337428
--------------------------------------------------
separating paper......
process carried out at separation unit ID: 74885833
{ recyclable of type P dropped into box....}
Box has ID: 123337428
--------------------------------------------------
separating paper......
process carried out at separation unit ID: 74885833
{ recyclable of type P dropped into box....}
Box has ID: 123337428
--------------------------------------------------
separating paper......
process carried out at separation unit ID: 74885833
{ recyclable of type P dropped into box....}
Box has ID: 123337428
--------------------------------------------------
separating paper......
process carried out at separation unit ID: 74885833
{ recyclable of type P dropped into box....}
Box has ID: 123337428
--------------------------------------------------
separating paper......
process carried out at separation unit ID: 74885833
{ recyclable of type P dropped into box....}
Box has ID: 123337428
--------------------------------------------------
separating paper......
process carried out at separation unit ID: 74885833
{ recyclable of type P dropped into box....}
Box has ID: 123337428
--------------------------------------------------
separating paper......
process carried out at separation unit ID: 74885833
{ recyclable of type P dropped into box....}
Box has ID: 123337428
--------------------------------------------------
separating paper......
process carried out at separation unit ID: 74885833
{ recyclable of type P dropped into box....}
Box has ID: 123337428
--------------------------------------------------
separating paper......
process carried out at separation unit ID: 74885833
{ recyclable of type P dropped into box....}
Box has ID: 123337428
--------------------------------------------------
separating paper......
process carried out at separation unit ID: 74885833
{ recyclable of type P dropped into box....}
Box has ID: 123337428
--------------------------------------------------
separating paper......
process carried out at separation unit ID: 74885833
{ recyclable of type P dropped into box....}
Box has ID: 123337428
--------------------------------------------------
separating paper......
process carried out at separation unit ID: 74885833
{ recyclable of type P dropped into box....}
Box has ID: 123337428
--------------------------------------------------
separating paper......
process carried out at separation unit ID: 74885833
{ recyclable of type P dropped into box....}
Box has ID: 123337428
--------------------------------------------------
separating paper......
process carried out at separation unit ID: 74885833
{ recyclable of type P dropped into box....}
Box has ID: 123337428
--------------------------------------------------
separating paper......
process carried out at separation unit ID: 74885833
{ recyclable of type P dropped into box....}
Box has ID: 123337428
--------------------------------------------------
separating paper......
process carried out at separation unit ID: 74885833
{ recyclable of type P dropped into box....}
Box has ID: 123337428
--------------------------------------------------
separating paper......
process carried out at separation unit ID: 74885833
{ recyclable of type P dropped into box....}
Box has ID: 123337428
--------------------------------------------------
separating paper......
process carried out at separation unit ID: 74885833
{ recyclable of type P dropped into box....}
Box has ID: 123337428
--------------------------------------------------
separating paper......
process carried out at separation unit ID: 74885833
{ recyclable of type P dropped into box....}
Box has ID: 123337428
--------------------------------------------------
separating paper......
process carried out at separation unit ID: 74885833
{ recyclable of type P dropped into box....}
Box has ID: 123337428
--------------------------------------------------
separating paper......
process carried out at separation unit ID: 74885833
{ recyclable of type P dropped into box....}
Box has ID: 123337428
--------------------------------------------------
separating paper......
process carried out at separation unit ID: 74885833
{ recyclable of type P dropped into box....}
Box has ID: 123337428
--------------------------------------------------
separating paper......
process carried out at separation unit ID: 74885833
{ recyclable of type P dropped into box....}
Box has ID: 123337428
--------------------------------------------------
separating paper......
process carried out at separation unit ID: 74885833
{ recyclable of type P dropped into box....}
Box has ID: 123337428
--------------------------------------------------
separating paper......
process carried out at separation unit ID: 74885833
{ recyclable of type P dropped into box....}
Box has ID: 123337428
--------------------------------------------------
separating paper......
process carried out at separation unit ID: 74885833
{ recyclable of type P dropped into box....}
Box has ID: 123337428
--------------------------------------------------
separating paper......
process carried out at separation unit ID: 74885833
{ recyclable of type P dropped into box....}
Box has ID: 123337428
--------------------------------------------------
separating paper......
process carried out at separation unit ID: 74885833
{ recyclable of type P dropped into box....}
Box has ID: 123337428
--------------------------------------------------
separating paper......
process carried out at separation unit ID: 74885833
{ recyclable of type P dropped into box....}
Box has ID: 123337428
--------------------------------------------------
separating paper......
process carried out at separation unit ID: 74885833
{ recyclable of type P dropped into box....}
Box has ID: 123337428
--------------------------------------------------
separating paper......
process carried out at separation unit ID: 74885833
{ recyclable of type P dropped into box....}
Box has ID: 123337428
--------------------------------------------------
separating paper......
process carried out at separation unit ID: 74885833
{ recyclable of type P dropped into box....}
Box has ID: 123337428
--------------------------------------------------
separating paper......
process carried out at separation unit ID: 74885833
{ recyclable of type P dropped into box....}
Box has ID: 123337428
--------------------------------------------------
separating paper......
process carried out at separation unit ID: 74885833
{ recyclable of type P dropped into box....}
Box has ID: 123337428
--------------------------------------------------
separating paper......
process carried out at separation unit ID: 74885833
{ recyclable of type P dropped into box....}
Box has ID: 123337428
--------------------------------------------------
separating paper......
process carried out at separation unit ID: 74885833
{ recyclable of type P dropped into box....}
Box has ID: 123337428
--------------------------------------------------
separating paper......
process carried out at separation unit ID: 74885833
{ recyclable of type P dropped into box....}
Box has ID: 123337428
--------------------------------------------------
separating paper......
process carried out at separation unit ID: 74885833
{ recyclable of type P dropped into box....}
Box has ID: 123337428
--------------------------------------------------
separating paper......
process carried out at separation unit ID: 74885833
{ recyclable of type P dropped into box....}
Box has ID: 123337428
--------------------------------------------------
separating paper......
process carried out at separation unit ID: 74885833
{ recyclable of type P dropped into box....}
Box has ID: 123337428
--------------------------------------------------
separating paper......
process carried out at separation unit ID: 74885833
{ recyclable of type P dropped into box....}
Box has ID: 123337428
--------------------------------------------------
separating paper......
process carried out at separation unit ID: 74885833
{ recyclable of type P dropped into box....}
Box has ID: 123337428
--------------------------------------------------
separating paper......
process carried out at separation unit ID: 74885833
{ recyclable of type P dropped into box....}
Box has ID: 123337428
--------------------------------------------------
separating paper......
process carried out at separation unit ID: 74885833
{ recyclable of type P dropped into box....}
Box has ID: 123337428
--------------------------------------------------
separating paper......
process carried out at separation unit ID: 74885833
{ recyclable of type P dropped into box....}
Box has ID: 123337428
--------------------------------------------------
separating paper......
process carried out at separation unit ID: 74885833
{ recyclable of type P dropped into box....}
Box has ID: 123337428
--------------------------------------------------
separating paper......
process carried out at separation unit ID: 74885833
{ recyclable of type P dropped into box....}
Box has ID: 123337428
--------------------------------------------------
separating paper......
process carried out at separation unit ID: 74885833
{ recyclable of type P dropped into box....}
Box has ID: 123337428
--------------------------------------------------
separating paper......
process carried out at separation unit ID: 74885833
{ recyclable of type P dropped into box....}
Box has ID: 123337428
--------------------------------------------------
separating paper......
process carried out at separation unit ID: 74885833
{ recyclable of type P dropped into box....}
Box has ID: 123337428
--------------------------------------------------
separating paper......
process carried out at separation unit ID: 74885833
{ recyclable of type P dropped into box....}
Box has ID: 123337428
--------------------------------------------------
separating paper......
process carried out at separation unit ID: 74885833
{ recyclable of type P dropped into box....}
Box has ID: 123337428
--------------------------------------------------
separating paper......
process carried out at separation unit ID: 74885833
{ recyclable of type P dropped into box....}
Box has ID: 123337428
--------------------------------------------------
separating paper......
process carried out at separation unit ID: 74885833
{ recyclable of type P dropped into box....}
Box has ID: 123337428
--------------------------------------------------
separating paper......
process carried out at separation unit ID: 74885833
{ recyclable of type P dropped into box....}
Box has ID: 123337428
--------------------------------------------------
separating paper......
process carried out at separation unit ID: 74885833
{ recyclable of type P dropped into box....}
Box has ID: 123337428
--------------------------------------------------
separating paper......
process carried out at separation unit ID: 74885833
{ recyclable of type P dropped into box....}
Box has ID: 123337428
--------------------------------------------------
separating paper......
process carried out at separation unit ID: 74885833
{ recyclable of type P dropped into box....}
Box has ID: 123337428
--------------------------------------------------
separating paper......
process carried out at separation unit ID: 74885833
{ recyclable of type P dropped into box....}
Box has ID: 123337428
--------------------------------------------------
separating paper......
process carried out at separation unit ID: 74885833
{ recyclable of type P dropped into box....}
Box has ID: 123337428
--------------------------------------------------
separating paper......
process carried out at separation unit ID: 74885833
{ recyclable of type P dropped into box....}
Box has ID: 123337428
--------------------------------------------------
separating paper......
process carried out at separation unit ID: 74885833
{ recyclable of type P dropped into box....}
Box has ID: 123337428
--------------------------------------------------
separating paper......
process carried out at separation unit ID: 74885833
{ recyclable of type P dropped into box....}
Box has ID: 123337428
--------------------------------------------------
separating paper......
process carried out at separation unit ID: 74885833
{ recyclable of type P dropped into box....}
Box has ID: 123337428
--------------------------------------------------
separating paper......
process carried out at separation unit ID: 74885833
{ recyclable of type P dropped into box....}
Box has ID: 123337428
--------------------------------------------------
separating paper......
process carried out at separation unit ID: 74885833
{ recyclable of type P dropped into box....}
Box has ID: 123337428
--------------------------------------------------
separating paper......
process carried out at separation unit ID: 74885833
{ recyclable of type P dropped into box....}
Box has ID: 123337428
--------------------------------------------------
separating paper......
process carried out at separation unit ID: 74885833
{ recyclable of type P dropped into box....}
Box has ID: 123337428
--------------------------------------------------
separating paper......
process carried out at separation unit ID: 74885833
{ recyclable of type P dropped into box....}
Box has ID: 123337428
--------------------------------------------------
separating paper......
process carried out at separation unit ID: 74885833
{ recyclable of type P dropped into box....}
Box has ID: 123337428
--------------------------------------------------
separating paper......
process carried out at separation unit ID: 74885833
{ recyclable of type P dropped into box....}
Box has ID: 123337428
--------------------------------------------------
separating paper......
process carried out at separation unit ID: 74885833
{ recyclable of type P dropped into box....}
Box has ID: 123337428
--------------------------------------------------
separating paper......
process carried out at separation unit ID: 74885833
{ recyclable of type P dropped into box....}
Box has ID: 123337428
--------------------------------------------------
separating paper......
process carried out at separation unit ID: 74885833
{ recyclable of type P dropped into box....}
Box has ID: 123337428
--------------------------------------------------
separating paper......
process carried out at separation unit ID: 74885833
{ recyclable of type P dropped into box....}
Box has ID: 123337428
--------------------------------------------------
separating paper......
process carried out at separation unit ID: 74885833
{ recyclable of type P dropped into box....}
Box has ID: 123337428
--------------------------------------------------
separating paper......
process carried out at separation unit ID: 74885833
{ recyclable of type P dropped into box....}
Box has ID: 123337428
--------------------------------------------------
separating paper......
process carried out at separation unit ID: 74885833
{ recyclable of type P dropped into box....}
Box has ID: 123337428
--------------------------------------------------
separating paper......
process carried out at separation unit ID: 74885833
{ recyclable of type P dropped into box....}
Box has ID: 123337428
--------------------------------------------------
separating paper......
process carried out at separation unit ID: 74885833
{ recyclable of type P dropped into box....}
Box has ID: 123337428
--------------------------------------------------
separating paper......
process carried out at separation unit ID: 74885833
{ recyclable of type P dropped into box....}
Box has ID: 123337428
--------------------------------------------------
separating paper......
process carried out at separation unit ID: 74885833
{ recyclable of type P dropped into box....}
Box has ID: 123337428
--------------------------------------------------
separating paper......
process carried out at separation unit ID: 74885833
{ recyclable of type P dropped into box....}
Box has ID: 123337428
--------------------------------------------------
separating paper......
process carried out at separation unit ID: 74885833
{ recyclable of type P dropped into box....}
Box has ID: 123337428
--------------------------------------------------
separating paper......
process carried out at separation unit ID: 74885833
{ recyclable of type P dropped into box....}
Box has ID: 123337428
--------------------------------------------------
separating paper......
process carried out at separation unit ID: 74885833
{ recyclable of type P dropped into box....}
Box has ID: 123337428
--------------------------------------------------
separating paper......
process carried out at separation unit ID: 74885833
{ recyclable of type P dropped into box....}
Box has ID: 123337428
--------------------------------------------------
separating paper......
process carried out at separation unit ID: 74885833
{ recyclable of type P dropped into box....}
Box has ID: 123337428
--------------------------------------------------
separating paper......
process carried out at separation unit ID: 74885833
{ recyclable of type P dropped into box....}
Box has ID: 123337428
--------------------------------------------------
separating paper......
process carried out at separation unit ID: 74885833
{ recyclable of type P dropped into box....}
Box has ID: 123337428
--------------------------------------------------
separating paper......
process carried out at separation unit ID: 74885833
{ recyclable of type P dropped into box....}
Box has ID: 123337428
--------------------------------------------------
separating paper......
process carried out at separation unit ID: 74885833
{ recyclable of type P dropped into box....}
Box has ID: 123337428
--------------------------------------------------
separating paper......
process carried out at separation unit ID: 74885833
{ recyclable of type P dropped into box....}
Box has ID: 123337428
--------------------------------------------------
separating paper......
process carried out at separation unit ID: 74885833
{ recyclable of type P dropped into box....}
Box has ID: 123337428
--------------------------------------------------
separating paper......
process carried out at separation unit ID: 74885833
{ recyclable of type P dropped into box....}
Box has ID: 123337428
--------------------------------------------------
separating paper......
process carried out at separation unit ID: 74885833
{ recyclable of type P dropped into box....}
Box has ID: 123337428
--------------------------------------------------
separating paper......
process carried out at separation unit ID: 74885833
{ recyclable of type P dropped into box....}
Box has ID: 123337428
--------------------------------------------------
separating paper......
process carried out at separation unit ID: 74885833
{ recyclable of type P dropped into box....}
Box has ID: 123337428
--------------------------------------------------
separating paper......
process carried out at separation unit ID: 74885833
{ recyclable of type P dropped into box....}
Box has ID: 123337428
--------------------------------------------------
separating paper......
process carried out at separation unit ID: 74885833
{ recyclable of type P dropped into box....}
Box has ID: 123337428
--------------------------------------------------
separating paper......
process carried out at separation unit ID: 74885833
{ recyclable of type P dropped into box....}
Box has ID: 123337428
--------------------------------------------------
separating paper......
process carried out at separation unit ID: 74885833
{ recyclable of type P dropped into box....}
Box has ID: 123337428
--------------------------------------------------
separating paper......
process carried out at separation unit ID: 74885833
{ recyclable of type P dropped into box....}
Box has ID: 123337428
--------------------------------------------------
separating paper......
process carried out at separation unit ID: 74885833
{ recyclable of type P dropped into box....}
Box has ID: 123337428
--------------------------------------------------
separating paper......
process carried out at separation unit ID: 74885833
{ recyclable of type P dropped into box....}
Box has ID: 123337428
--------------------------------------------------
separating paper......
process carried out at separation unit ID: 74885833
{ recyclable of type P dropped into box....}
Box has ID: 123337428
--------------------------------------------------
separating paper......
process carried out at separation unit ID: 74885833
{ recyclable of type P dropped into box....}
Box has ID: 123337428
--------------------------------------------------
separating paper......
process carried out at separation unit ID: 74885833
{ recyclable of type P dropped into box....}
Box has ID: 123337428
--------------------------------------------------
separating paper......
process carried out at separation unit ID: 74885833
{ recyclable of type P dropped into box....}
Box has ID: 123337428
--------------------------------------------------
separating paper......
process carried out at separation unit ID: 74885833
{ recyclable of type P dropped into box....}
Box has ID: 123337428
--------------------------------------------------
separating paper......
process carried out at separation unit ID: 74885833
{ recyclable of type P dropped into box....}
Box has ID: 123337428
--------------------------------------------------
separating paper......
process carried out at separation unit ID: 74885833
{ recyclable of type P dropped into box....}
Box has ID: 123337428
--------------------------------------------------
separating paper......
process carried out at separation unit ID: 74885833
{ recyclable of type P dropped into box....}
Box has ID: 123337428
--------------------------------------------------
separating paper......
process carried out at separation unit ID: 74885833
{ recyclable of type P dropped into box....}
Box has ID: 123337428
--------------------------------------------------
separating paper......
process carried out at separation unit ID: 74885833
{ recyclable of type P dropped into box....}
Box has ID: 123337428
--------------------------------------------------
separating paper......
process carried out at separation unit ID: 74885833
{ recyclable of type P dropped into box....}
Box has ID: 123337428
--------------------------------------------------
separating paper......
process carried out at separation unit ID: 74885833
{ recyclable of type P dropped into box....}
Box has ID: 123337428
--------------------------------------------------
separating paper......
process carried out at separation unit ID: 74885833
{ recyclable of type P dropped into box....}
Box has ID: 123337428
--------------------------------------------------
separating paper......
process carried out at separation unit ID: 74885833
{ recyclable of type P dropped into box....}
Box has ID: 123337428
--------------------------------------------------
separating paper......
process carried out at separation unit ID: 74885833
{ recyclable of type P dropped into box....}
Box has ID: 123337428
--------------------------------------------------
separating paper......
process carried out at separation unit ID: 74885833
{ recyclable of type P dropped into box....}
Box has ID: 123337428
--------------------------------------------------
separating paper......
process carried out at separation unit ID: 74885833
{ recyclable of type P dropped into box....}
Box has ID: 123337428
--------------------------------------------------
separating paper......
process carried out at separation unit ID: 74885833
{ recyclable of type P dropped into box....}
Box has ID: 123337428
--------------------------------------------------
separating paper......
process carried out at separation unit ID: 74885833
{ recyclable of type P dropped into box....}
Box has ID: 123337428
--------------------------------------------------
separating paper......
process carried out at separation unit ID: 74885833
{ recyclable of type P dropped into box....}
Box has ID: 123337428
--------------------------------------------------
separating paper......
process carried out at separation unit ID: 74885833
{ recyclable of type P dropped into box....}
Box has ID: 123337428
--------------------------------------------------
separating paper......
process carried out at separation unit ID: 74885833
{ recyclable of type P dropped into box....}
Box has ID: 123337428
--------------------------------------------------
separating paper......
process carried out at separation unit ID: 74885833
{ recyclable of type P dropped into box....}
Box has ID: 123337428
--------------------------------------------------
separating paper......
process carried out at separation unit ID: 74885833
{ recyclable of type P dropped into box....}
Box has ID: 123337428
--------------------------------------------------
separating paper......
process carried out at separation unit ID: 74885833
{ recyclable of type P dropped into box....}
Box has ID: 123337428
--------------------------------------------------
separating paper......
process carried out at separation unit ID: 74885833
{ recyclable of type P dropped into box....}
Box has ID: 123337428
--------------------------------------------------
separating paper......
process carried out at separation unit ID: 74885833
{ recyclable of type P dropped into box....}
Box has ID: 123337428
--------------------------------------------------
separating paper......
process carried out at separation unit ID: 74885833
{ recyclable of type P dropped into box....}
Box has ID: 123337428
--------------------------------------------------
separating paper......
process carried out at separation unit ID: 74885833
{ recyclable of type P dropped into box....}
Box has ID: 123337428
--------------------------------------------------
separating paper......
process carried out at separation unit ID: 74885833
{ recyclable of type P dropped into box....}
Box has ID: 123337428
--------------------------------------------------
separating paper......
process carried out at separation unit ID: 74885833
{ recyclable of type P dropped into box....}
Box has ID: 123337428
--------------------------------------------------
separating paper......
process carried out at separation unit ID: 74885833
{ recyclable of type P dropped into box....}
Box has ID: 123337428
--------------------------------------------------
separating paper......
process carried out at separation unit ID: 74885833
{ recyclable of type P dropped into box....}
Box has ID: 123337428
--------------------------------------------------
separating paper......
process carried out at separation unit ID: 74885833
{ recyclable of type P dropped into box....}
Box has ID: 123337428
--------------------------------------------------
separating paper......
process carried out at separation unit ID: 74885833
{ recyclable of type P dropped into box....}
Box has ID: 123337428
--------------------------------------------------
separating paper......
process carried out at separation unit ID: 74885833
{ recyclable of type P dropped into box....}
Box has ID: 123337428
--------------------------------------------------
separating paper......
process carried out at separation unit ID: 74885833
{ recyclable of type P dropped into box....}
Box has ID: 123337428
--------------------------------------------------
separating paper......
process carried out at separation unit ID: 74885833
{ recyclable of type P dropped into box....}
Box has ID: 123337428
--------------------------------------------------
separating paper......
process carried out at separation unit ID: 74885833
{ recyclable of type P dropped into box....}
Box has ID: 123337428
--------------------------------------------------
separating paper......
process carried out at separation unit ID: 74885833
{ recyclable of type P dropped into box....}
Box has ID: 123337428
--------------------------------------------------
separating paper......
process carried out at separation unit ID: 74885833
{ recyclable of type P dropped into box....}
Box has ID: 123337428
--------------------------------------------------
separating paper......
process carried out at separation unit ID: 74885833
{ recyclable of type P dropped into box....}
Box has ID: 123337428
--------------------------------------------------
separating paper......
process carried out at separation unit ID: 74885833
{ recyclable of type P dropped into box....}
Box has ID: 123337428
--------------------------------------------------
separating paper......
process carried out at separation unit ID: 74885833
{ recyclable of type P dropped into box....}
Box has ID: 123337428
--------------------------------------------------
separating paper......
process carried out at separation unit ID: 74885833
{ recyclable of type P dropped into box....}
Box has ID: 123337428
--------------------------------------------------
separating paper......
process carried out at separation unit ID: 74885833
{ recyclable of type P dropped into box....}
Box has ID: 123337428
--------------------------------------------------
separating paper......
process carried out at separation unit ID: 74885833
{ recyclable of type P dropped into box....}
Box has ID: 123337428
--------------------------------------------------
separating paper......
process carried out at separation unit ID: 74885833
{ recyclable of type P dropped into box....}
Box has ID: 123337428
--------------------------------------------------
separating paper......
process carried out at separation unit ID: 74885833
{ recyclable of type P dropped into box....}
Box has ID: 123337428
--------------------------------------------------
separating paper......
process carried out at separation unit ID: 74885833
{ recyclable of type P dropped into box....}
Box has ID: 123337428
--------------------------------------------------
separating paper......
process carried out at separation unit ID: 74885833
{ recyclable of type P dropped into box....}
Box has ID: 123337428
--------------------------------------------------
separating paper......
process carried out at separation unit ID: 74885833
{ recyclable of type P dropped into box....}
Box has ID: 123337428
--------------------------------------------------
separating paper......
process carried out at separation unit ID: 74885833
{ recyclable of type P dropped into box....}
Box has ID: 123337428
--------------------------------------------------
separating paper......
process carried out at separation unit ID: 74885833
{ recyclable of type P dropped into box....}
Box has ID: 123337428
--------------------------------------------------
separating paper......
process carried out at separation unit ID: 74885833
{ recyclable of type P dropped into box....}
Box has ID: 123337428
--------------------------------------------------
separating paper......
process carried out at separation unit ID: 74885833
{ recyclable of type P dropped into box....}
Box has ID: 123337428
--------------------------------------------------
separating paper......
process carried out at separation unit ID: 74885833
{ recyclable of type P dropped into box....}
Box has ID: 123337428
--------------------------------------------------
separating paper......
process carried out at separation unit ID: 74885833
{ recyclable of type P dropped into box....}
Box has ID: 123337428
--------------------------------------------------
separating paper......
process carried out at separation unit ID: 74885833
{ recyclable of type P dropped into box....}
Box has ID: 123337428
--------------------------------------------------
separating paper......
process carried out at separation unit ID: 74885833
{ recyclable of type P dropped into box....}
Box has ID: 123337428
--------------------------------------------------
separating paper......
process carried out at separation unit ID: 74885833
{ recyclable of type P dropped into box....}
Box has ID: 123337428
--------------------------------------------------
separating paper......
process carried out at separation unit ID: 74885833
{ recyclable of type P dropped into box....}
Box has ID: 123337428
--------------------------------------------------
separating paper......
process carried out at separation unit ID: 74885833
{ recyclable of type P dropped into box....}
Box has ID: 123337428
--------------------------------------------------
separating paper......
process carried out at separation unit ID: 74885833
{ recyclable of type P dropped into box....}
Box has ID: 123337428
--------------------------------------------------
separating paper......
process carried out at separation unit ID: 74885833
{ recyclable of type P dropped into box....}
Box has ID: 123337428
--------------------------------------------------
separating paper......
process carried out at separation unit ID: 74885833
{ recyclable of type P dropped into box....}
Box has ID: 123337428
--------------------------------------------------
separating paper......
process carried out at separation unit ID: 74885833
{ recyclable of type P dropped into box....}
Box has ID: 123337428
--------------------------------------------------
separating paper......
process carried out at separation unit ID: 74885833
{ recyclable of type P dropped into box....}
Box has ID: 123337428
--------------------------------------------------
separating paper......
process carried out at separation unit ID: 74885833
{ recyclable of type P dropped into box....}
Box has ID: 123337428
--------------------------------------------------
separating paper......
process carried out at separation unit ID: 74885833
{ recyclable of type P dropped into box....}
Box has ID: 123337428
--------------------------------------------------
separating paper......
process carried out at separation unit ID: 74885833
{ recyclable of type P dropped into box....}
Box has ID: 123337428
--------------------------------------------------
separating paper......
process carried out at separation unit ID: 74885833
{ recyclable of type P dropped into box....}
Box has ID: 123337428
--------------------------------------------------
separating paper......
process carried out at separation unit ID: 74885833
{ recyclable of type P dropped into box....}
Box has ID: 123337428
--------------------------------------------------
separating paper......
process carried out at separation unit ID: 74885833
{ recyclable of type P dropped into box....}
Box has ID: 123337428
--------------------------------------------------
separating paper......
process carried out at separation unit ID: 74885833
{ recyclable of type P dropped into box....}
Box has ID: 123337428
--------------------------------------------------
separating paper......
process carried out at separation unit ID: 74885833
{ recyclable of type P dropped into box....}
Box has ID: 123337428
--------------------------------------------------
separating paper......
process carried out at separation unit ID: 74885833
{ recyclable of type P dropped into box....}
Box has ID: 123337428
--------------------------------------------------
separating paper......
process carried out at separation unit ID: 74885833
{ recyclable of type P dropped into box....}
Box has ID: 123337428
--------------------------------------------------
separating paper......
process carried out at separation unit ID: 74885833
{ recyclable of type P dropped into box....}
Box has ID: 123337428
--------------------------------------------------
separating paper......
process carried out at separation unit ID: 74885833
{ recyclable of type P dropped into box....}
Box has ID: 123337428
--------------------------------------------------
separating paper......
process carried out at separation unit ID: 74885833
{ recyclable of type P dropped into box....}
Box has ID: 123337428
--------------------------------------------------
separating paper......
process carried out at separation unit ID: 74885833
{ recyclable of type P dropped into box....}
Box has ID: 123337428
--------------------------------------------------
separating paper......
process carried out at separation unit ID: 74885833
{ recyclable of type P dropped into box....}
Box has ID: 123337428
--------------------------------------------------
separating paper......
process carried out at separation unit ID: 74885833
{ recyclable of type P dropped into box....}
Box has ID: 123337428
--------------------------------------------------
separating paper......
process carried out at separation unit ID: 74885833
{ recyclable of type P dropped into box....}
Box has ID: 123337428
--------------------------------------------------
separating paper......
process carried out at separation unit ID: 74885833
{ recyclable of type P dropped into box....}
Box has ID: 123337428
--------------------------------------------------
separating paper......
process carried out at separation unit ID: 74885833
{ recyclable of type P dropped into box....}
Box has ID: 123337428
--------------------------------------------------
separating paper......
process carried out at separation unit ID: 74885833
{ recyclable of type P dropped into box....}
Box has ID: 123337428
--------------------------------------------------
separating paper......
process carried out at separation unit ID: 74885833
{ recyclable of type P dropped into box....}
Box has ID: 123337428
--------------------------------------------------
separating paper......
process carried out at separation unit ID: 74885833
{ recyclable of type P dropped into box....}
Box has ID: 123337428
--------------------------------------------------
separating paper......
process carried out at separation unit ID: 74885833
{ recyclable of type P dropped into box....}
Box has ID: 123337428
--------------------------------------------------
separating paper......
process carried out at separation unit ID: 74885833
{ recyclable of type P dropped into box....}
Box has ID: 123337428
--------------------------------------------------
separating paper......
process carried out at separation unit ID: 74885833
{ recyclable of type P dropped into box....}
Box has ID: 123337428
--------------------------------------------------
separating paper......
process carried out at separation unit ID: 74885833
{ recyclable of type P dropped into box....}
Box has ID: 123337428
--------------------------------------------------
separating paper......
process carried out at separation unit ID: 74885833
{ recyclable of type P dropped into box....}
Box has ID: 123337428
--------------------------------------------------
separating paper......
process carried out at separation unit ID: 74885833
{ recyclable of type P dropped into box....}
Box has ID: 123337428
--------------------------------------------------
separating paper......
process carried out at separation unit ID: 74885833
{ recyclable of type P dropped into box....}
Box has ID: 123337428
--------------------------------------------------
separating paper......
process carried out at separation unit ID: 74885833
{ recyclable of type P dropped into box....}
Box has ID: 123337428
--------------------------------------------------
separating paper......
process carried out at separation unit ID: 74885833
{ recyclable of type P dropped into box....}
Box has ID: 123337428
--------------------------------------------------
separating paper......
process carried out at separation unit ID: 74885833
{ recyclable of type P dropped into box....}
Box has ID: 123337428
--------------------------------------------------
separating paper......
process carried out at separation unit ID: 74885833
{ recyclable of type P dropped into box....}
Box has ID: 123337428
--------------------------------------------------
separating paper......
process carried out at separation unit ID: 74885833
{ recyclable of type P dropped into box....}
Box has ID: 123337428
--------------------------------------------------
separating paper......
process carried out at separation unit ID: 74885833
{ recyclable of type P dropped into box....}
Box has ID: 123337428
--------------------------------------------------
separating paper......
process carried out at separation unit ID: 74885833
{ recyclable of type P dropped into box....}
Box has ID: 123337428
--------------------------------------------------
separating paper......
process carried out at separation unit ID: 74885833
{ recyclable of type P dropped into box....}
Box has ID: 123337428
--------------------------------------------------
separating paper......
process carried out at separation unit ID: 74885833
{ recyclable of type P dropped into box....}
Box has ID: 123337428
--------------------------------------------------
separating paper......
process carried out at separation unit ID: 74885833
{ recyclable of type P dropped into box....}
Box has ID: 123337428
--------------------------------------------------
separating paper......
process carried out at separation unit ID: 74885833
{ recyclable of type P dropped into box....}
Box has ID: 123337428
--------------------------------------------------
separating paper......
process carried out at separation unit ID: 74885833
{ recyclable of type P dropped into box....}
Box has ID: 123337428
--------------------------------------------------
separating paper......
process carried out at separation unit ID: 74885833
{ recyclable of type P dropped into box....}
Box has ID: 123337428
--------------------------------------------------
separating paper......
process carried out at separation unit ID: 74885833
{ recyclable of type P dropped into box....}
Box has ID: 123337428
--------------------------------------------------
separating paper......
process carried out at separation unit ID: 74885833
{ recyclable of type P dropped into box....}
Box has ID: 123337428
--------------------------------------------------
separating paper......
process carried out at separation unit ID: 74885833
{ recyclable of type P dropped into box....}
Box has ID: 123337428
--------------------------------------------------
separating paper......
process carried out at separation unit ID: 74885833
{ recyclable of type P dropped into box....}
Box has ID: 123337428
--------------------------------------------------
separating paper......
process carried out at separation unit ID: 74885833
{ recyclable of type P dropped into box....}
Box has ID: 123337428
--------------------------------------------------
separating paper......
process carried out at separation unit ID: 74885833
{ recyclable of type P dropped into box....}
Box has ID: 123337428
--------------------------------------------------
separating paper......
process carried out at separation unit ID: 74885833
{ recyclable of type P dropped into box....}
Box has ID: 123337428
--------------------------------------------------
separating paper......
process carried out at separation unit ID: 74885833
{ recyclable of type P dropped into box....}
Box has ID: 123337428
--------------------------------------------------
separating paper......
process carried out at separation unit ID: 74885833
{ recyclable of type P dropped into box....}
Box has ID: 123337428
--------------------------------------------------
separating paper......
process carried out at separation unit ID: 74885833
{ recyclable of type P dropped into box....}
Box has ID: 123337428
--------------------------------------------------
separating paper......
process carried out at separation unit ID: 74885833
{ recyclable of type P dropped into box....}
Box has ID: 123337428
--------------------------------------------------
separating paper......
process carried out at separation unit ID: 74885833
{ recyclable of type P dropped into box....}
Box has ID: 123337428
--------------------------------------------------
separating paper......
process carried out at separation unit ID: 74885833
{ recyclable of type P dropped into box....}
Box has ID: 123337428
--------------------------------------------------
separating paper......
process carried out at separation unit ID: 74885833
{ recyclable of type P dropped into box....}
Box has ID: 123337428
--------------------------------------------------
separating paper......
process carried out at separation unit ID: 74885833
{ recyclable of type P dropped into box....}
Box has ID: 123337428
--------------------------------------------------
separating paper......
process carried out at separation unit ID: 74885833
{ recyclable of type P dropped into box....}
Box has ID: 123337428
--------------------------------------------------
separating paper......
process carried out at separation unit ID: 74885833
{ recyclable of type P dropped into box....}
Box has ID: 123337428
--------------------------------------------------
separating paper......
process carried out at separation unit ID: 74885833
{ recyclable of type P dropped into box....}
Box has ID: 123337428
--------------------------------------------------
separating paper......
process carried out at separation unit ID: 74885833
{ recyclable of type P dropped into box....}
Box has ID: 123337428
--------------------------------------------------
separating paper......
process carried out at separation unit ID: 74885833
{ recyclable of type P dropped into box....}
Box has ID: 123337428
--------------------------------------------------
separating paper......
process carried out at separation unit ID: 74885833
{ recyclable of type P dropped into box....}
Box has ID: 123337428
--------------------------------------------------
separating paper......
process carried out at separation unit ID: 74885833
{ recyclable of type P dropped into box....}
Box has ID: 123337428
--------------------------------------------------
separating paper......
process carried out at separation unit ID: 74885833
{ recyclable of type P dropped into box....}
Box has ID: 123337428
--------------------------------------------------
separating paper......
process carried out at separation unit ID: 74885833
{ recyclable of type P dropped into box....}
Box has ID: 123337428
--------------------------------------------------
separating paper......
process carried out at separation unit ID: 74885833
{ recyclable of type P dropped into box....}
Box has ID: 123337428
--------------------------------------------------
separating paper......
process carried out at separation unit ID: 74885833
{ recyclable of type P dropped into box....}
Box has ID: 123337428
--------------------------------------------------
separating paper......
process carried out at separation unit ID: 74885833
{ recyclable of type P dropped into box....}
Box has ID: 123337428
--------------------------------------------------
separating paper......
process carried out at separation unit ID: 74885833
{ recyclable of type P dropped into box....}
Box has ID: 123337428
--------------------------------------------------
separating paper......
process carried out at separation unit ID: 74885833
{ recyclable of type P dropped into box....}
Box has ID: 123337428
--------------------------------------------------
separating paper......
process carried out at separation unit ID: 74885833
{ recyclable of type P dropped into box....}
Box has ID: 123337428
--------------------------------------------------
separating paper......
process carried out at separation unit ID: 74885833
{ recyclable of type P dropped into box....}
Box has ID: 123337428
--------------------------------------------------
separating paper......
process carried out at separation unit ID: 74885833
{ recyclable of type P dropped into box....}
Box has ID: 123337428
--------------------------------------------------
separating paper......
process carried out at separation unit ID: 74885833
{ recyclable of type P dropped into box....}
Box has ID: 123337428
--------------------------------------------------
separating paper......
process carried out at separation unit ID: 74885833
{ recyclable of type P dropped into box....}
Box has ID: 123337428
--------------------------------------------------
separating paper......
process carried out at separation unit ID: 74885833
{ recyclable of type P dropped into box....}
Box has ID: 123337428
--------------------------------------------------
separating paper......
process carried out at separation unit ID: 74885833
{ recyclable of type P dropped into box....}
Box has ID: 123337428
--------------------------------------------------
separating paper......
process carried out at separation unit ID: 74885833
{ recyclable of type P dropped into box....}
Box has ID: 123337428
--------------------------------------------------
separating paper......
process carried out at separation unit ID: 74885833
{ recyclable of type P dropped into box....}
Box has ID: 123337428
--------------------------------------------------
separating paper......
process carried out at separation unit ID: 74885833
{ recyclable of type P dropped into box....}
Box has ID: 123337428
--------------------------------------------------
separating paper......
process carried out at separation unit ID: 74885833
{ recyclable of type P dropped into box....}
Box has ID: 123337428
--------------------------------------------------
separating paper......
process carried out at separation unit ID: 74885833
{ recyclable of type P dropped into box....}
Box has ID: 123337428
--------------------------------------------------
separating paper......
process carried out at separation unit ID: 74885833
{ recyclable of type P dropped into box....}
Box has ID: 123337428
--------------------------------------------------
separating paper......
process carried out at separation unit ID: 74885833
{ recyclable of type P dropped into box....}
Box has ID: 123337428
--------------------------------------------------
separating paper......
process carried out at separation unit ID: 74885833
{ recyclable of type P dropped into box....}
Box has ID: 123337428
--------------------------------------------------
separating paper......
process carried out at separation unit ID: 74885833
{ recyclable of type P dropped into box....}
Box has ID: 123337428
--------------------------------------------------
separating paper......
process carried out at separation unit ID: 74885833
{ recyclable of type P dropped into box....}
Box has ID: 123337428
--------------------------------------------------
separating paper......
process carried out at separation unit ID: 74885833
{ recyclable of type P dropped into box....}
Box has ID: 123337428
--------------------------------------------------
separating paper......
process carried out at separation unit ID: 74885833
{ recyclable of type P dropped into box....}
Box has ID: 123337428
--------------------------------------------------
separating paper......
process carried out at separation unit ID: 74885833
{ recyclable of type P dropped into box....}
Box has ID: 123337428
--------------------------------------------------
separating paper......
process carried out at separation unit ID: 74885833
{ recyclable of type P dropped into box....}
Box has ID: 123337428
--------------------------------------------------
separating paper......
process carried out at separation unit ID: 74885833
{ recyclable of type P dropped into box....}
Box has ID: 123337428
--------------------------------------------------
separating paper......
process carried out at separation unit ID: 74885833
{ recyclable of type P dropped into box....}
Box has ID: 123337428
--------------------------------------------------
separating paper......
process carried out at separation unit ID: 74885833
{ recyclable of type P dropped into box....}
Box has ID: 123337428
--------------------------------------------------
separating paper......
process carried out at separation unit ID: 74885833
{ recyclable of type P dropped into box....}
Box has ID: 123337428
--------------------------------------------------
separating paper......
process carried out at separation unit ID: 74885833
{ recyclable of type P dropped into box....}
Box has ID: 123337428
--------------------------------------------------
separating paper......
process carried out at separation unit ID: 74885833
{ recyclable of type P dropped into box....}
Box has ID: 123337428
--------------------------------------------------
separating paper......
process carried out at separation unit ID: 74885833
{ recyclable of type P dropped into box....}
Box has ID: 123337428
--------------------------------------------------
separating paper......
process carried out at separation unit ID: 74885833
{ recyclable of type P dropped into box....}
Box has ID: 123337428
--------------------------------------------------
separating paper......
process carried out at separation unit ID: 74885833
{ recyclable of type P dropped into box....}
Box has ID: 123337428
--------------------------------------------------
separating paper......
process carried out at separation unit ID: 74885833
{ recyclable of type P dropped into box....}
Box has ID: 123337428
--------------------------------------------------
separating paper......
process carried out at separation unit ID: 74885833
{ recyclable of type P dropped into box....}
Box has ID: 123337428
--------------------------------------------------
separating paper......
process carried out at separation unit ID: 74885833
{ recyclable of type P dropped into box....}
Box has ID: 123337428
--------------------------------------------------
separating paper......
process carried out at separation unit ID: 74885833
{ recyclable of type P dropped into box....}
Box has ID: 123337428
--------------------------------------------------
separating paper......
process carried out at separation unit ID: 74885833
{ recyclable of type P dropped into box....}
Box has ID: 123337428
--------------------------------------------------
separating paper......
process carried out at separation unit ID: 74885833
{ recyclable of type P dropped into box....}
Box has ID: 123337428
--------------------------------------------------
separating paper......
process carried out at separation unit ID: 74885833
{ recyclable of type P dropped into box....}
Box has ID: 123337428
--------------------------------------------------
separating paper......
process carried out at separation unit ID: 74885833
{ recyclable of type P dropped into box....}
Box has ID: 123337428
--------------------------------------------------
separating paper......
process carried out at separation unit ID: 74885833
{ recyclable of type P dropped into box....}
Box has ID: 123337428
--------------------------------------------------
separating paper......
process carried out at separation unit ID: 74885833
{ recyclable of type P dropped into box....}
Box has ID: 123337428
--------------------------------------------------
separating paper......
process carried out at separation unit ID: 74885833
{ recyclable of type P dropped into box....}
Box has ID: 123337428
--------------------------------------------------
separating paper......
process carried out at separation unit ID: 74885833
{ recyclable of type P dropped into box....}
Box has ID: 123337428
--------------------------------------------------
separating paper......
process carried out at separation unit ID: 74885833
{ recyclable of type P dropped into box....}
Box has ID: 123337428
--------------------------------------------------
separating paper......
process carried out at separation unit ID: 74885833
{ recyclable of type P dropped into box....}
Box has ID: 123337428
--------------------------------------------------
separating paper......
process carried out at separation unit ID: 74885833
{ recyclable of type P dropped into box....}
Box has ID: 123337428
--------------------------------------------------
separating paper......
process carried out at separation unit ID: 74885833
{ recyclable of type P dropped into box....}
Box has ID: 123337428
--------------------------------------------------
separating paper......
process carried out at separation unit ID: 74885833
{ recyclable of type P dropped into box....}
Box has ID: 123337428
--------------------------------------------------
separating paper......
process carried out at separation unit ID: 74885833
{ recyclable of type P dropped into box....}
Box has ID: 123337428
--------------------------------------------------
separating paper......
process carried out at separation unit ID: 74885833
{ recyclable of type P dropped into box....}
Box has ID: 123337428
--------------------------------------------------
separating paper......
process carried out at separation unit ID: 74885833
{ recyclable of type P dropped into box....}
Box has ID: 123337428
--------------------------------------------------
separating paper......
process carried out at separation unit ID: 74885833
{ recyclable of type P dropped into box....}
Box has ID: 123337428
--------------------------------------------------
separating paper......
process carried out at separation unit ID: 74885833
{ recyclable of type P dropped into box....}
Box has ID: 123337428
--------------------------------------------------
separating paper......
process carried out at separation unit ID: 74885833
{ recyclable of type P dropped into box....}
Box has ID: 123337428
--------------------------------------------------
separating paper......
process carried out at separation unit ID: 74885833
{ recyclable of type P dropped into box....}
Box has ID: 123337428
--------------------------------------------------
separating paper......
process carried out at separation unit ID: 74885833
{ recyclable of type P dropped into box....}
Box has ID: 123337428
--------------------------------------------------
separating paper......
process carried out at separation unit ID: 74885833
{ recyclable of type P dropped into box....}
Box has ID: 123337428
--------------------------------------------------
separating paper......
process carried out at separation unit ID: 74885833
{ recyclable of type P dropped into box....}
Box has ID: 123337428
--------------------------------------------------
separating paper......
process carried out at separation unit ID: 74885833
{ recyclable of type P dropped into box....}
Box has ID: 123337428
--------------------------------------------------
separating paper......
process carried out at separation unit ID: 74885833
{ recyclable of type P dropped into box....}
Box has ID: 123337428
--------------------------------------------------
separating paper......
process carried out at separation unit ID: 74885833
{ recyclable of type P dropped into box....}
Box has ID: 123337428
--------------------------------------------------
separating paper......
process carried out at separation unit ID: 74885833
{ recyclable of type P dropped into box....}
Box has ID: 123337428
--------------------------------------------------
separating paper......
process carried out at separation unit ID: 74885833
{ recyclable of type P dropped into box....}
Box has ID: 123337428
--------------------------------------------------
separating paper......
process carried out at separation unit ID: 74885833
{ recyclable of type P dropped into box....}
Box has ID: 123337428
--------------------------------------------------
separating paper......
process carried out at separation unit ID: 74885833
{ recyclable of type P dropped into box....}
Box has ID: 123337428
--------------------------------------------------
separating paper......
process carried out at separation unit ID: 74885833
{ recyclable of type P dropped into box....}
Box has ID: 123337428
--------------------------------------------------
separating paper......
process carried out at separation unit ID: 74885833
{ recyclable of type P dropped into box....}
Box has ID: 123337428
--------------------------------------------------
separating paper......
process carried out at separation unit ID: 74885833
{ recyclable of type P dropped into box....}
Box has ID: 123337428
--------------------------------------------------
separating paper......
process carried out at separation unit ID: 74885833
{ recyclable of type P dropped into box....}
Box has ID: 123337428
--------------------------------------------------
separating paper......
process carried out at separation unit ID: 74885833
{ recyclable of type P dropped into box....}
Box has ID: 123337428
--------------------------------------------------
separating paper......
process carried out at separation unit ID: 74885833
{ recyclable of type P dropped into box....}
Box has ID: 123337428
--------------------------------------------------
separating paper......
process carried out at separation unit ID: 74885833
{ recyclable of type P dropped into box....}
Box has ID: 123337428
--------------------------------------------------
separating paper......
process carried out at separation unit ID: 74885833
{ recyclable of type P dropped into box....}
Box has ID: 123337428
--------------------------------------------------
separating paper......
process carried out at separation unit ID: 74885833
{ recyclable of type P dropped into box....}
Box has ID: 123337428
--------------------------------------------------
separating paper......
process carried out at separation unit ID: 74885833
{ recyclable of type P dropped into box....}
Box has ID: 123337428
--------------------------------------------------
separating paper......
process carried out at separation unit ID: 74885833
{ recyclable of type P dropped into box....}
Box has ID: 123337428
--------------------------------------------------
separating paper......
process carried out at separation unit ID: 74885833
{ recyclable of type P dropped into box....}
Box has ID: 123337428
--------------------------------------------------
separating paper......
process carried out at separation unit ID: 74885833
{ recyclable of type P dropped into box....}
Box has ID: 123337428
--------------------------------------------------
separating paper......
process carried out at separation unit ID: 74885833
{ recyclable of type P dropped into box....}
Box has ID: 123337428
--------------------------------------------------
separating paper......
process carried out at separation unit ID: 74885833
{ recyclable of type P dropped into box....}
Box has ID: 123337428
--------------------------------------------------
separating paper......
process carried out at separation unit ID: 74885833
{ recyclable of type P dropped into box....}
Box has ID: 123337428
--------------------------------------------------
separating paper......
process carried out at separation unit ID: 74885833
{ recyclable of type P dropped into box....}
Box has ID: 123337428
--------------------------------------------------
separating paper......
process carried out at separation unit ID: 74885833
{ recyclable of type P dropped into box....}
Box has ID: 123337428
--------------------------------------------------
separating paper......
process carried out at separation unit ID: 74885833
{ recyclable of type P dropped into box....}
Box has ID: 123337428
--------------------------------------------------
separating paper......
process carried out at separation unit ID: 74885833
{ recyclable of type P dropped into box....}
Box has ID: 123337428
--------------------------------------------------
separating paper......
process carried out at separation unit ID: 74885833
{ recyclable of type P dropped into box....}
Box has ID: 123337428
--------------------------------------------------
separating paper......
process carried out at separation unit ID: 74885833
{ recyclable of type P dropped into box....}
Box has ID: 123337428
--------------------------------------------------
separating paper......
process carried out at separation unit ID: 74885833
{ recyclable of type P dropped into box....}
Box has ID: 123337428
--------------------------------------------------
separating paper......
process carried out at separation unit ID: 74885833
{ recyclable of type P dropped into box....}
Box has ID: 123337428
--------------------------------------------------
separating paper......
process carried out at separation unit ID: 74885833
{ recyclable of type P dropped into box....}
Box has ID: 123337428
--------------------------------------------------
separating paper......
process carried out at separation unit ID: 74885833
{ recyclable of type P dropped into box....}
Box has ID: 123337428
--------------------------------------------------
separating paper......
process carried out at separation unit ID: 74885833
{ recyclable of type P dropped into box....}
Box has ID: 123337428
--------------------------------------------------
separating paper......
process carried out at separation unit ID: 74885833
{ recyclable of type P dropped into box....}
Box has ID: 123337428
--------------------------------------------------
separating paper......
process carried out at separation unit ID: 74885833
{ recyclable of type P dropped into box....}
Box has ID: 123337428
--------------------------------------------------
separating paper......
process carried out at separation unit ID: 74885833
{ recyclable of type P dropped into box....}
Box has ID: 123337428
--------------------------------------------------
separating paper......
process carried out at separation unit ID: 74885833
{ recyclable of type P dropped into box....}
Box has ID: 123337428
--------------------------------------------------
separating paper......
process carried out at separation unit ID: 74885833
{ recyclable of type P dropped into box....}
Box has ID: 123337428
--------------------------------------------------
separating paper......
process carried out at separation unit ID: 74885833
{ recyclable of type P dropped into box....}
Box has ID: 123337428
--------------------------------------------------
separating paper......
process carried out at separation unit ID: 74885833
{ recyclable of type P dropped into box....}
Box has ID: 123337428
--------------------------------------------------
separating paper......
process carried out at separation unit ID: 74885833
{ recyclable of type P dropped into box....}
Box has ID: 123337428
--------------------------------------------------
separating paper......
process carried out at separation unit ID: 74885833
{ recyclable of type P dropped into box....}
Box has ID: 123337428
--------------------------------------------------
separating paper......
process carried out at separation unit ID: 74885833
{ recyclable of type P dropped into box....}
Box has ID: 123337428
--------------------------------------------------
separating paper......
process carried out at separation unit ID: 74885833
{ recyclable of type P dropped into box....}
Box has ID: 123337428
--------------------------------------------------
separating paper......
process carried out at separation unit ID: 74885833
{ recyclable of type P dropped into box....}
Box has ID: 123337428
--------------------------------------------------
separating paper......
process carried out at separation unit ID: 74885833
{ recyclable of type P dropped into box....}
Box has ID: 123337428
--------------------------------------------------
-----------------------------------------------------------------------------------
-----------------------------------------------------------------------------------
ALARM !!!!!!! BOX with ID 123337428 is full.....
-----------------------------------------------------------------------------------
-----------------------------------------------------------------------------------
box capacity: 1000
worker replaced filled box with ID: 123337428 , with a new box with ID: 1504321715 at process unit: 74885833

separating paper......
process carried out at separation unit ID: 74885833
{ recyclable of type P dropped into box....}
Box has ID: 1504321715
--------------------------------------------------
separating paper......
process carried out at separation unit ID: 74885833
{ recyclable of type P dropped into box....}
Box has ID: 1504321715
--------------------------------------------------
separating paper......
process carried out at separation unit ID: 74885833
{ recyclable of type P dropped into box....}
Box has ID: 1504321715
--------------------------------------------------
separating paper......
process carried out at separation unit ID: 74885833
{ recyclable of type P dropped into box....}
Box has ID: 1504321715
--------------------------------------------------
separating paper......
process carried out at separation unit ID: 74885833
{ recyclable of type P dropped into box....}
Box has ID: 1504321715
--------------------------------------------------
separating paper......
process carried out at separation unit ID: 74885833
{ recyclable of type P dropped into box....}
Box has ID: 1504321715
--------------------------------------------------
separating paper......
process carried out at separation unit ID: 74885833
{ recyclable of type P dropped into box....}
Box has ID: 1504321715
--------------------------------------------------
separating paper......
process carried out at separation unit ID: 74885833
{ recyclable of type P dropped into box....}
Box has ID: 1504321715
--------------------------------------------------
separating paper......
process carried out at separation unit ID: 74885833
{ recyclable of type P dropped into box....}
Box has ID: 1504321715
--------------------------------------------------
separating paper......
process carried out at separation unit ID: 74885833
{ recyclable of type P dropped into box....}
Box has ID: 1504321715
--------------------------------------------------
separating paper......
process carried out at separation unit ID: 74885833
{ recyclable of type P dropped into box....}
Box has ID: 1504321715
--------------------------------------------------
separating paper......
process carried out at separation unit ID: 74885833
{ recyclable of type P dropped into box....}
Box has ID: 1504321715
--------------------------------------------------
separating paper......
process carried out at separation unit ID: 74885833
{ recyclable of type P dropped into box....}
Box has ID: 1504321715
--------------------------------------------------
separating paper......
process carried out at separation unit ID: 74885833
{ recyclable of type P dropped into box....}
Box has ID: 1504321715
--------------------------------------------------
separating paper......
process carried out at separation unit ID: 74885833
{ recyclable of type P dropped into box....}
Box has ID: 1504321715
--------------------------------------------------
separating paper......
process carried out at separation unit ID: 74885833
{ recyclable of type P dropped into box....}
Box has ID: 1504321715
--------------------------------------------------
separating paper......
process carried out at separation unit ID: 74885833
{ recyclable of type P dropped into box....}
Box has ID: 1504321715
--------------------------------------------------
separating paper......
process carried out at separation unit ID: 74885833
{ recyclable of type P dropped into box....}
Box has ID: 1504321715
--------------------------------------------------
separating paper......
process carried out at separation unit ID: 74885833
{ recyclable of type P dropped into box....}
Box has ID: 1504321715
--------------------------------------------------
separating paper......
process carried out at separation unit ID: 74885833
{ recyclable of type P dropped into box....}
Box has ID: 1504321715
--------------------------------------------------
separating paper......
process carried out at separation unit ID: 74885833
{ recyclable of type P dropped into box....}
Box has ID: 1504321715
--------------------------------------------------
separating paper......
process carried out at separation unit ID: 74885833
{ recyclable of type P dropped into box....}
Box has ID: 1504321715
--------------------------------------------------
separating paper......
process carried out at separation unit ID: 74885833
{ recyclable of type P dropped into box....}
Box has ID: 1504321715
--------------------------------------------------
separating paper......
process carried out at separation unit ID: 74885833
{ recyclable of type P dropped into box....}
Box has ID: 1504321715
--------------------------------------------------
separating paper......
process carried out at separation unit ID: 74885833
{ recyclable of type P dropped into box....}
Box has ID: 1504321715
--------------------------------------------------
separating paper......
process carried out at separation unit ID: 74885833
{ recyclable of type P dropped into box....}
Box has ID: 1504321715
--------------------------------------------------
separating paper......
process carried out at separation unit ID: 74885833
{ recyclable of type P dropped into box....}
Box has ID: 1504321715
--------------------------------------------------
separating paper......
process carried out at separation unit ID: 74885833
{ recyclable of type P dropped into box....}
Box has ID: 1504321715
--------------------------------------------------
separating paper......
process carried out at separation unit ID: 74885833
{ recyclable of type P dropped into box....}
Box has ID: 1504321715
--------------------------------------------------
separating paper......
process carried out at separation unit ID: 74885833
{ recyclable of type P dropped into box....}
Box has ID: 1504321715
--------------------------------------------------
separating paper......
process carried out at separation unit ID: 74885833
{ recyclable of type P dropped into box....}
Box has ID: 1504321715
--------------------------------------------------
separating paper......
process carried out at separation unit ID: 74885833
{ recyclable of type P dropped into box....}
Box has ID: 1504321715
--------------------------------------------------
separating paper......
process carried out at separation unit ID: 74885833
{ recyclable of type P dropped into box....}
Box has ID: 1504321715
--------------------------------------------------
separating paper......
process carried out at separation unit ID: 74885833
{ recyclable of type P dropped into box....}
Box has ID: 1504321715
--------------------------------------------------
separating paper......
process carried out at separation unit ID: 74885833
{ recyclable of type P dropped into box....}
Box has ID: 1504321715
--------------------------------------------------
separating paper......
process carried out at separation unit ID: 74885833
{ recyclable of type P dropped into box....}
Box has ID: 1504321715
--------------------------------------------------
separating paper......
process carried out at separation unit ID: 74885833
{ recyclable of type P dropped into box....}
Box has ID: 1504321715
--------------------------------------------------
separating paper......
process carried out at separation unit ID: 74885833
{ recyclable of type P dropped into box....}
Box has ID: 1504321715
--------------------------------------------------
separating paper......
process carried out at separation unit ID: 74885833
{ recyclable of type P dropped into box....}
Box has ID: 1504321715
--------------------------------------------------
separating paper......
process carried out at separation unit ID: 74885833
{ recyclable of type P dropped into box....}
Box has ID: 1504321715
--------------------------------------------------
separating paper......
process carried out at separation unit ID: 74885833
{ recyclable of type P dropped into box....}
Box has ID: 1504321715
--------------------------------------------------
separating paper......
process carried out at separation unit ID: 74885833
{ recyclable of type P dropped into box....}
Box has ID: 1504321715
--------------------------------------------------
separating paper......
process carried out at separation unit ID: 74885833
{ recyclable of type P dropped into box....}
Box has ID: 1504321715
--------------------------------------------------
separating paper......
process carried out at separation unit ID: 74885833
{ recyclable of type P dropped into box....}
Box has ID: 1504321715
--------------------------------------------------
separating paper......
process carried out at separation unit ID: 74885833
{ recyclable of type P dropped into box....}
Box has ID: 1504321715
--------------------------------------------------
separating paper......
process carried out at separation unit ID: 74885833
{ recyclable of type P dropped into box....}
Box has ID: 1504321715
--------------------------------------------------
separating paper......
process carried out at separation unit ID: 74885833
{ recyclable of type P dropped into box....}
Box has ID: 1504321715
--------------------------------------------------
separating paper......
process carried out at separation unit ID: 74885833
{ recyclable of type P dropped into box....}
Box has ID: 1504321715
--------------------------------------------------
separating paper......
process carried out at separation unit ID: 74885833
{ recyclable of type P dropped into box....}
Box has ID: 1504321715
--------------------------------------------------
separating paper......
process carried out at separation unit ID: 74885833
{ recyclable of type P dropped into box....}
Box has ID: 1504321715
--------------------------------------------------
separating paper......
process carried out at separation unit ID: 74885833
{ recyclable of type P dropped into box....}
Box has ID: 1504321715
--------------------------------------------------
separating paper......
process carried out at separation unit ID: 74885833
{ recyclable of type P dropped into box....}
Box has ID: 1504321715
--------------------------------------------------
separating paper......
process carried out at separation unit ID: 74885833
{ recyclable of type P dropped into box....}
Box has ID: 1504321715
--------------------------------------------------
separating paper......
process carried out at separation unit ID: 74885833
{ recyclable of type P dropped into box....}
Box has ID: 1504321715
--------------------------------------------------
separating paper......
process carried out at separation unit ID: 74885833
{ recyclable of type P dropped into box....}
Box has ID: 1504321715
--------------------------------------------------
separating paper......
process carried out at separation unit ID: 74885833
{ recyclable of type P dropped into box....}
Box has ID: 1504321715
--------------------------------------------------
separating paper......
process carried out at separation unit ID: 74885833
{ recyclable of type P dropped into box....}
Box has ID: 1504321715
--------------------------------------------------
separating paper......
process carried out at separation unit ID: 74885833
{ recyclable of type P dropped into box....}
Box has ID: 1504321715
--------------------------------------------------
separating paper......
process carried out at separation unit ID: 74885833
{ recyclable of type P dropped into box....}
Box has ID: 1504321715
--------------------------------------------------
separating paper......
process carried out at separation unit ID: 74885833
{ recyclable of type P dropped into box....}
Box has ID: 1504321715
--------------------------------------------------
separating paper......
process carried out at separation unit ID: 74885833
{ recyclable of type P dropped into box....}
Box has ID: 1504321715
--------------------------------------------------
separating paper......
process carried out at separation unit ID: 74885833
{ recyclable of type P dropped into box....}
Box has ID: 1504321715
--------------------------------------------------
separating paper......
process carried out at separation unit ID: 74885833
{ recyclable of type P dropped into box....}
Box has ID: 1504321715
--------------------------------------------------
separating paper......
process carried out at separation unit ID: 74885833
{ recyclable of type P dropped into box....}
Box has ID: 1504321715
--------------------------------------------------
separating paper......
process carried out at separation unit ID: 74885833
{ recyclable of type P dropped into box....}
Box has ID: 1504321715
--------------------------------------------------
separating paper......
process carried out at separation unit ID: 74885833
{ recyclable of type P dropped into box....}
Box has ID: 1504321715
--------------------------------------------------
separating paper......
process carried out at separation unit ID: 74885833
{ recyclable of type P dropped into box....}
Box has ID: 1504321715
--------------------------------------------------
separating paper......
process carried out at separation unit ID: 74885833
{ recyclable of type P dropped into box....}
Box has ID: 1504321715
--------------------------------------------------
separating paper......
process carried out at separation unit ID: 74885833
{ recyclable of type P dropped into box....}
Box has ID: 1504321715
--------------------------------------------------
separating paper......
process carried out at separation unit ID: 74885833
{ recyclable of type P dropped into box....}
Box has ID: 1504321715
--------------------------------------------------
separating paper......
process carried out at separation unit ID: 74885833
{ recyclable of type P dropped into box....}
Box has ID: 1504321715
--------------------------------------------------
separating paper......
process carried out at separation unit ID: 74885833
{ recyclable of type P dropped into box....}
Box has ID: 1504321715
--------------------------------------------------
separating paper......
process carried out at separation unit ID: 74885833
{ recyclable of type P dropped into box....}
Box has ID: 1504321715
--------------------------------------------------
separating paper......
process carried out at separation unit ID: 74885833
{ recyclable of type P dropped into box....}
Box has ID: 1504321715
--------------------------------------------------
separating paper......
process carried out at separation unit ID: 74885833
{ recyclable of type P dropped into box....}
Box has ID: 1504321715
--------------------------------------------------
separating paper......
process carried out at separation unit ID: 74885833
{ recyclable of type P dropped into box....}
Box has ID: 1504321715
--------------------------------------------------
separating paper......
process carried out at separation unit ID: 74885833
{ recyclable of type P dropped into box....}
Box has ID: 1504321715
--------------------------------------------------
separating paper......
process carried out at separation unit ID: 74885833
{ recyclable of type P dropped into box....}
Box has ID: 1504321715
--------------------------------------------------
separating paper......
process carried out at separation unit ID: 74885833
{ recyclable of type P dropped into box....}
Box has ID: 1504321715
--------------------------------------------------
separating paper......
process carried out at separation unit ID: 74885833
{ recyclable of type P dropped into box....}
Box has ID: 1504321715
--------------------------------------------------
separating paper......
process carried out at separation unit ID: 74885833
{ recyclable of type P dropped into box....}
Box has ID: 1504321715
--------------------------------------------------
separating paper......
process carried out at separation unit ID: 74885833
{ recyclable of type P dropped into box....}
Box has ID: 1504321715
--------------------------------------------------
separating paper......
process carried out at separation unit ID: 74885833
{ recyclable of type P dropped into box....}
Box has ID: 1504321715
--------------------------------------------------
separating paper......
process carried out at separation unit ID: 74885833
{ recyclable of type P dropped into box....}
Box has ID: 1504321715
--------------------------------------------------
separating paper......
process carried out at separation unit ID: 74885833
{ recyclable of type P dropped into box....}
Box has ID: 1504321715
--------------------------------------------------
separating paper......
process carried out at separation unit ID: 74885833
{ recyclable of type P dropped into box....}
Box has ID: 1504321715
--------------------------------------------------
separating paper......
process carried out at separation unit ID: 74885833
{ recyclable of type P dropped into box....}
Box has ID: 1504321715
--------------------------------------------------
separating paper......
process carried out at separation unit ID: 74885833
{ recyclable of type P dropped into box....}
Box has ID: 1504321715
--------------------------------------------------
separating paper......
process carried out at separation unit ID: 74885833
{ recyclable of type P dropped into box....}
Box has ID: 1504321715
--------------------------------------------------
separating paper......
process carried out at separation unit ID: 74885833
{ recyclable of type P dropped into box....}
Box has ID: 1504321715
--------------------------------------------------
separating paper......
process carried out at separation unit ID: 74885833
{ recyclable of type P dropped into box....}
Box has ID: 1504321715
--------------------------------------------------
separating paper......
process carried out at separation unit ID: 74885833
{ recyclable of type P dropped into box....}
Box has ID: 1504321715
--------------------------------------------------
separating paper......
process carried out at separation unit ID: 74885833
{ recyclable of type P dropped into box....}
Box has ID: 1504321715
--------------------------------------------------
separating paper......
process carried out at separation unit ID: 74885833
{ recyclable of type P dropped into box....}
Box has ID: 1504321715
--------------------------------------------------
separating paper......
process carried out at separation unit ID: 74885833
{ recyclable of type P dropped into box....}
Box has ID: 1504321715
--------------------------------------------------
separating paper......
process carried out at separation unit ID: 74885833
{ recyclable of type P dropped into box....}
Box has ID: 1504321715
--------------------------------------------------
separating paper......
process carried out at separation unit ID: 74885833
{ recyclable of type P dropped into box....}
Box has ID: 1504321715
--------------------------------------------------
separating paper......
process carried out at separation unit ID: 74885833
{ recyclable of type P dropped into box....}
Box has ID: 1504321715
--------------------------------------------------
separating paper......
process carried out at separation unit ID: 74885833
{ recyclable of type P dropped into box....}
Box has ID: 1504321715
--------------------------------------------------
separating paper......
process carried out at separation unit ID: 74885833
{ recyclable of type P dropped into box....}
Box has ID: 1504321715
--------------------------------------------------
separating paper......
process carried out at separation unit ID: 74885833
{ recyclable of type P dropped into box....}
Box has ID: 1504321715
--------------------------------------------------
separating paper......
process carried out at separation unit ID: 74885833
{ recyclable of type P dropped into box....}
Box has ID: 1504321715
--------------------------------------------------
separating paper......
process carried out at separation unit ID: 74885833
{ recyclable of type P dropped into box....}
Box has ID: 1504321715
--------------------------------------------------
separating paper......
process carried out at separation unit ID: 74885833
{ recyclable of type P dropped into box....}
Box has ID: 1504321715
--------------------------------------------------
separating paper......
process carried out at separation unit ID: 74885833
{ recyclable of type P dropped into box....}
Box has ID: 1504321715
--------------------------------------------------
separating paper......
process carried out at separation unit ID: 74885833
{ recyclable of type P dropped into box....}
Box has ID: 1504321715
--------------------------------------------------
separating paper......
process carried out at separation unit ID: 74885833
{ recyclable of type P dropped into box....}
Box has ID: 1504321715
--------------------------------------------------
separating paper......
process carried out at separation unit ID: 74885833
{ recyclable of type P dropped into box....}
Box has ID: 1504321715
--------------------------------------------------
separating paper......
process carried out at separation unit ID: 74885833
{ recyclable of type P dropped into box....}
Box has ID: 1504321715
--------------------------------------------------
separating paper......
process carried out at separation unit ID: 74885833
{ recyclable of type P dropped into box....}
Box has ID: 1504321715
--------------------------------------------------
separating paper......
process carried out at separation unit ID: 74885833
{ recyclable of type P dropped into box....}
Box has ID: 1504321715
--------------------------------------------------
separating paper......
process carried out at separation unit ID: 74885833
{ recyclable of type P dropped into box....}
Box has ID: 1504321715
--------------------------------------------------
separating paper......
process carried out at separation unit ID: 74885833
{ recyclable of type P dropped into box....}
Box has ID: 1504321715
--------------------------------------------------
separating paper......
process carried out at separation unit ID: 74885833
{ recyclable of type P dropped into box....}
Box has ID: 1504321715
--------------------------------------------------
separating paper......
process carried out at separation unit ID: 74885833
{ recyclable of type P dropped into box....}
Box has ID: 1504321715
--------------------------------------------------
separating paper......
process carried out at separation unit ID: 74885833
{ recyclable of type P dropped into box....}
Box has ID: 1504321715
--------------------------------------------------
separating paper......
process carried out at separation unit ID: 74885833
{ recyclable of type P dropped into box....}
Box has ID: 1504321715
--------------------------------------------------
separating paper......
process carried out at separation unit ID: 74885833
{ recyclable of type P dropped into box....}
Box has ID: 1504321715
--------------------------------------------------
separating paper......
process carried out at separation unit ID: 74885833
{ recyclable of type P dropped into box....}
Box has ID: 1504321715
--------------------------------------------------
separating paper......
process carried out at separation unit ID: 74885833
{ recyclable of type P dropped into box....}
Box has ID: 1504321715
--------------------------------------------------
separating paper......
process carried out at separation unit ID: 74885833
{ recyclable of type P dropped into box....}
Box has ID: 1504321715
--------------------------------------------------
separating paper......
process carried out at separation unit ID: 74885833
{ recyclable of type P dropped into box....}
Box has ID: 1504321715
--------------------------------------------------
separating paper......
process carried out at separation unit ID: 74885833
{ recyclable of type P dropped into box....}
Box has ID: 1504321715
--------------------------------------------------
separating paper......
process carried out at separation unit ID: 74885833
{ recyclable of type P dropped into box....}
Box has ID: 1504321715
--------------------------------------------------
separating paper......
process carried out at separation unit ID: 74885833
{ recyclable of type P dropped into box....}
Box has ID: 1504321715
--------------------------------------------------
separating paper......
process carried out at separation unit ID: 74885833
{ recyclable of type P dropped into box....}
Box has ID: 1504321715
--------------------------------------------------
separating paper......
process carried out at separation unit ID: 74885833
{ recyclable of type P dropped into box....}
Box has ID: 1504321715
--------------------------------------------------
separating paper......
process carried out at separation unit ID: 74885833
{ recyclable of type P dropped into box....}
Box has ID: 1504321715
--------------------------------------------------
separating paper......
process carried out at separation unit ID: 74885833
{ recyclable of type P dropped into box....}
Box has ID: 1504321715
--------------------------------------------------
separating paper......
process carried out at separation unit ID: 74885833
{ recyclable of type P dropped into box....}
Box has ID: 1504321715
--------------------------------------------------
separating paper......
process carried out at separation unit ID: 74885833
{ recyclable of type P dropped into box....}
Box has ID: 1504321715
--------------------------------------------------
separating paper......
process carried out at separation unit ID: 74885833
{ recyclable of type P dropped into box....}
Box has ID: 1504321715
--------------------------------------------------
separating paper......
process carried out at separation unit ID: 74885833
{ recyclable of type P dropped into box....}
Box has ID: 1504321715
--------------------------------------------------
separating paper......
process carried out at separation unit ID: 74885833
{ recyclable of type P dropped into box....}
Box has ID: 1504321715
--------------------------------------------------
separating paper......
process carried out at separation unit ID: 74885833
{ recyclable of type P dropped into box....}
Box has ID: 1504321715
--------------------------------------------------
separating paper......
process carried out at separation unit ID: 74885833
{ recyclable of type P dropped into box....}
Box has ID: 1504321715
--------------------------------------------------
separating paper......
process carried out at separation unit ID: 74885833
{ recyclable of type P dropped into box....}
Box has ID: 1504321715
--------------------------------------------------
separating paper......
process carried out at separation unit ID: 74885833
{ recyclable of type P dropped into box....}
Box has ID: 1504321715
--------------------------------------------------
separating paper......
process carried out at separation unit ID: 74885833
{ recyclable of type P dropped into box....}
Box has ID: 1504321715
--------------------------------------------------
separating paper......
process carried out at separation unit ID: 74885833
{ recyclable of type P dropped into box....}
Box has ID: 1504321715
--------------------------------------------------
separating paper......
process carried out at separation unit ID: 74885833
{ recyclable of type P dropped into box....}
Box has ID: 1504321715
--------------------------------------------------
separating paper......
process carried out at separation unit ID: 74885833
{ recyclable of type P dropped into box....}
Box has ID: 1504321715
--------------------------------------------------
separating paper......
process carried out at separation unit ID: 74885833
{ recyclable of type P dropped into box....}
Box has ID: 1504321715
--------------------------------------------------
separating paper......
process carried out at separation unit ID: 74885833
{ recyclable of type P dropped into box....}
Box has ID: 1504321715
--------------------------------------------------
separating paper......
process carried out at separation unit ID: 74885833
{ recyclable of type P dropped into box....}
Box has ID: 1504321715
--------------------------------------------------
separating paper......
process carried out at separation unit ID: 74885833
{ recyclable of type P dropped into box....}
Box has ID: 1504321715
--------------------------------------------------
separating paper......
process carried out at separation unit ID: 74885833
{ recyclable of type P dropped into box....}
Box has ID: 1504321715
--------------------------------------------------
separating paper......
process carried out at separation unit ID: 74885833
{ recyclable of type P dropped into box....}
Box has ID: 1504321715
--------------------------------------------------
separating paper......
process carried out at separation unit ID: 74885833
{ recyclable of type P dropped into box....}
Box has ID: 1504321715
--------------------------------------------------
separating paper......
process carried out at separation unit ID: 74885833
{ recyclable of type P dropped into box....}
Box has ID: 1504321715
--------------------------------------------------
separating paper......
process carried out at separation unit ID: 74885833
{ recyclable of type P dropped into box....}
Box has ID: 1504321715
--------------------------------------------------
separating paper......
process carried out at separation unit ID: 74885833
{ recyclable of type P dropped into box....}
Box has ID: 1504321715
--------------------------------------------------
separating paper......
process carried out at separation unit ID: 74885833
{ recyclable of type P dropped into box....}
Box has ID: 1504321715
--------------------------------------------------
separating paper......
process carried out at separation unit ID: 74885833
{ recyclable of type P dropped into box....}
Box has ID: 1504321715
--------------------------------------------------
separating paper......
process carried out at separation unit ID: 74885833
{ recyclable of type P dropped into box....}
Box has ID: 1504321715
--------------------------------------------------
separating paper......
process carried out at separation unit ID: 74885833
{ recyclable of type P dropped into box....}
Box has ID: 1504321715
--------------------------------------------------
separating paper......
process carried out at separation unit ID: 74885833
{ recyclable of type P dropped into box....}
Box has ID: 1504321715
--------------------------------------------------
separating paper......
process carried out at separation unit ID: 74885833
{ recyclable of type P dropped into box....}
Box has ID: 1504321715
--------------------------------------------------
separating paper......
process carried out at separation unit ID: 74885833
{ recyclable of type P dropped into box....}
Box has ID: 1504321715
--------------------------------------------------
separating paper......
process carried out at separation unit ID: 74885833
{ recyclable of type P dropped into box....}
Box has ID: 1504321715
--------------------------------------------------
separating paper......
process carried out at separation unit ID: 74885833
{ recyclable of type P dropped into box....}
Box has ID: 1504321715
--------------------------------------------------
separating paper......
process carried out at separation unit ID: 74885833
{ recyclable of type P dropped into box....}
Box has ID: 1504321715
--------------------------------------------------
separating paper......
process carried out at separation unit ID: 74885833
{ recyclable of type P dropped into box....}
Box has ID: 1504321715
--------------------------------------------------
separating paper......
process carried out at separation unit ID: 74885833
{ recyclable of type P dropped into box....}
Box has ID: 1504321715
--------------------------------------------------
separating paper......
process carried out at separation unit ID: 74885833
{ recyclable of type P dropped into box....}
Box has ID: 1504321715
--------------------------------------------------
separating paper......
process carried out at separation unit ID: 74885833
{ recyclable of type P dropped into box....}
Box has ID: 1504321715
--------------------------------------------------
separating paper......
process carried out at separation unit ID: 74885833
{ recyclable of type P dropped into box....}
Box has ID: 1504321715
--------------------------------------------------
separating paper......
process carried out at separation unit ID: 74885833
{ recyclable of type P dropped into box....}
Box has ID: 1504321715
--------------------------------------------------
separating paper......
process carried out at separation unit ID: 74885833
{ recyclable of type P dropped into box....}
Box has ID: 1504321715
--------------------------------------------------
separating paper......
process carried out at separation unit ID: 74885833
{ recyclable of type P dropped into box....}
Box has ID: 1504321715
--------------------------------------------------
separating paper......
process carried out at separation unit ID: 74885833
{ recyclable of type P dropped into box....}
Box has ID: 1504321715
--------------------------------------------------
separating paper......
process carried out at separation unit ID: 74885833
{ recyclable of type P dropped into box....}
Box has ID: 1504321715
--------------------------------------------------
separating paper......
process carried out at separation unit ID: 74885833
{ recyclable of type P dropped into box....}
Box has ID: 1504321715
--------------------------------------------------
separating paper......
process carried out at separation unit ID: 74885833
{ recyclable of type P dropped into box....}
Box has ID: 1504321715
--------------------------------------------------
separating paper......
process carried out at separation unit ID: 74885833
{ recyclable of type P dropped into box....}
Box has ID: 1504321715
--------------------------------------------------
separating paper......
process carried out at separation unit ID: 74885833
{ recyclable of type P dropped into box....}
Box has ID: 1504321715
--------------------------------------------------
separating paper......
process carried out at separation unit ID: 74885833
{ recyclable of type P dropped into box....}
Box has ID: 1504321715
--------------------------------------------------
separating paper......
process carried out at separation unit ID: 74885833
{ recyclable of type P dropped into box....}
Box has ID: 1504321715
--------------------------------------------------
separating paper......
process carried out at separation unit ID: 74885833
{ recyclable of type P dropped into box....}
Box has ID: 1504321715
--------------------------------------------------
separating paper......
process carried out at separation unit ID: 74885833
{ recyclable of type P dropped into box....}
Box has ID: 1504321715
--------------------------------------------------
separating paper......
process carried out at separation unit ID: 74885833
{ recyclable of type P dropped into box....}
Box has ID: 1504321715
--------------------------------------------------
separating paper......
process carried out at separation unit ID: 74885833
{ recyclable of type P dropped into box....}
Box has ID: 1504321715
--------------------------------------------------
separating paper......
process carried out at separation unit ID: 74885833
{ recyclable of type P dropped into box....}
Box has ID: 1504321715
--------------------------------------------------
separating paper......
process carried out at separation unit ID: 74885833
{ recyclable of type P dropped into box....}
Box has ID: 1504321715
--------------------------------------------------
separating paper......
process carried out at separation unit ID: 74885833
{ recyclable of type P dropped into box....}
Box has ID: 1504321715
--------------------------------------------------
separating paper......
process carried out at separation unit ID: 74885833
{ recyclable of type P dropped into box....}
Box has ID: 1504321715
--------------------------------------------------
separating paper......
process carried out at separation unit ID: 74885833
{ recyclable of type P dropped into box....}
Box has ID: 1504321715
--------------------------------------------------
separating paper......
process carried out at separation unit ID: 74885833
{ recyclable of type P dropped into box....}
Box has ID: 1504321715
--------------------------------------------------
separating paper......
process carried out at separation unit ID: 74885833
{ recyclable of type P dropped into box....}
Box has ID: 1504321715
--------------------------------------------------
separating paper......
process carried out at separation unit ID: 74885833
{ recyclable of type P dropped into box....}
Box has ID: 1504321715
--------------------------------------------------
separating paper......
process carried out at separation unit ID: 74885833
{ recyclable of type P dropped into box....}
Box has ID: 1504321715
--------------------------------------------------
separating paper......
process carried out at separation unit ID: 74885833
{ recyclable of type P dropped into box....}
Box has ID: 1504321715
--------------------------------------------------
separating paper......
process carried out at separation unit ID: 74885833
{ recyclable of type P dropped into box....}
Box has ID: 1504321715
--------------------------------------------------
separating paper......
process carried out at separation unit ID: 74885833
{ recyclable of type P dropped into box....}
Box has ID: 1504321715
--------------------------------------------------
separating paper......
process carried out at separation unit ID: 74885833
{ recyclable of type P dropped into box....}
Box has ID: 1504321715
--------------------------------------------------
separating paper......
process carried out at separation unit ID: 74885833
{ recyclable of type P dropped into box....}
Box has ID: 1504321715
--------------------------------------------------
separating paper......
process carried out at separation unit ID: 74885833
{ recyclable of type P dropped into box....}
Box has ID: 1504321715
--------------------------------------------------
separating paper......
process carried out at separation unit ID: 74885833
{ recyclable of type P dropped into box....}
Box has ID: 1504321715
--------------------------------------------------
separating paper......
process carried out at separation unit ID: 74885833
{ recyclable of type P dropped into box....}
Box has ID: 1504321715
--------------------------------------------------
separating paper......
process carried out at separation unit ID: 74885833
{ recyclable of type P dropped into box....}
Box has ID: 1504321715
--------------------------------------------------
separating paper......
process carried out at separation unit ID: 74885833
{ recyclable of type P dropped into box....}
Box has ID: 1504321715
--------------------------------------------------
separating paper......
process carried out at separation unit ID: 74885833
{ recyclable of type P dropped into box....}
Box has ID: 1504321715
--------------------------------------------------
separating paper......
process carried out at separation unit ID: 74885833
{ recyclable of type P dropped into box....}
Box has ID: 1504321715
--------------------------------------------------
separating paper......
process carried out at separation unit ID: 74885833
{ recyclable of type P dropped into box....}
Box has ID: 1504321715
--------------------------------------------------
separating paper......
process carried out at separation unit ID: 74885833
{ recyclable of type P dropped into box....}
Box has ID: 1504321715
--------------------------------------------------
separating paper......
process carried out at separation unit ID: 74885833
{ recyclable of type P dropped into box....}
Box has ID: 1504321715
--------------------------------------------------
separating paper......
process carried out at separation unit ID: 74885833
{ recyclable of type P dropped into box....}
Box has ID: 1504321715
--------------------------------------------------
separating paper......
process carried out at separation unit ID: 74885833
{ recyclable of type P dropped into box....}
Box has ID: 1504321715
--------------------------------------------------
separating paper......
process carried out at separation unit ID: 74885833
{ recyclable of type P dropped into box....}
Box has ID: 1504321715
--------------------------------------------------
separating paper......
process carried out at separation unit ID: 74885833
{ recyclable of type P dropped into box....}
Box has ID: 1504321715
--------------------------------------------------
separating paper......
process carried out at separation unit ID: 74885833
{ recyclable of type P dropped into box....}
Box has ID: 1504321715
--------------------------------------------------
separating paper......
process carried out at separation unit ID: 74885833
{ recyclable of type P dropped into box....}
Box has ID: 1504321715
--------------------------------------------------
separating paper......
process carried out at separation unit ID: 74885833
{ recyclable of type P dropped into box....}
Box has ID: 1504321715
--------------------------------------------------
separating paper......
process carried out at separation unit ID: 74885833
{ recyclable of type P dropped into box....}
Box has ID: 1504321715
--------------------------------------------------
separating paper......
process carried out at separation unit ID: 74885833
{ recyclable of type P dropped into box....}
Box has ID: 1504321715
--------------------------------------------------
separating paper......
process carried out at separation unit ID: 74885833
{ recyclable of type P dropped into box....}
Box has ID: 1504321715
--------------------------------------------------
separating paper......
process carried out at separation unit ID: 74885833
{ recyclable of type P dropped into box....}
Box has ID: 1504321715
--------------------------------------------------
separating paper......
process carried out at separation unit ID: 74885833
{ recyclable of type P dropped into box....}
Box has ID: 1504321715
--------------------------------------------------
separating paper......
process carried out at separation unit ID: 74885833
{ recyclable of type P dropped into box....}
Box has ID: 1504321715
--------------------------------------------------
separating paper......
process carried out at separation unit ID: 74885833
{ recyclable of type P dropped into box....}
Box has ID: 1504321715
--------------------------------------------------
separating paper......
process carried out at separation unit ID: 74885833
{ recyclable of type P dropped into box....}
Box has ID: 1504321715
--------------------------------------------------
separating paper......
process carried out at separation unit ID: 74885833
{ recyclable of type P dropped into box....}
Box has ID: 1504321715
--------------------------------------------------
separating paper......
process carried out at separation unit ID: 74885833
{ recyclable of type P dropped into box....}
Box has ID: 1504321715
--------------------------------------------------
separating paper......
process carried out at separation unit ID: 74885833
{ recyclable of type P dropped into box....}
Box has ID: 1504321715
--------------------------------------------------
separating paper......
process carried out at separation unit ID: 74885833
{ recyclable of type P dropped into box....}
Box has ID: 1504321715
--------------------------------------------------
separating paper......
process carried out at separation unit ID: 74885833
{ recyclable of type P dropped into box....}
Box has ID: 1504321715
--------------------------------------------------
separating paper......
process carried out at separation unit ID: 74885833
{ recyclable of type P dropped into box....}
Box has ID: 1504321715
--------------------------------------------------
separating paper......
process carried out at separation unit ID: 74885833
{ recyclable of type P dropped into box....}
Box has ID: 1504321715
--------------------------------------------------
separating paper......
process carried out at separation unit ID: 74885833
{ recyclable of type P dropped into box....}
Box has ID: 1504321715
--------------------------------------------------
separating paper......
process carried out at separation unit ID: 74885833
{ recyclable of type P dropped into box....}
Box has ID: 1504321715
--------------------------------------------------
separating paper......
process carried out at separation unit ID: 74885833
{ recyclable of type P dropped into box....}
Box has ID: 1504321715
--------------------------------------------------
separating paper......
process carried out at separation unit ID: 74885833
{ recyclable of type P dropped into box....}
Box has ID: 1504321715
--------------------------------------------------
separating paper......
process carried out at separation unit ID: 74885833
{ recyclable of type P dropped into box....}
Box has ID: 1504321715
--------------------------------------------------
separating paper......
process carried out at separation unit ID: 74885833
{ recyclable of type P dropped into box....}
Box has ID: 1504321715
--------------------------------------------------
separating paper......
process carried out at separation unit ID: 74885833
{ recyclable of type P dropped into box....}
Box has ID: 1504321715
--------------------------------------------------
separating paper......
process carried out at separation unit ID: 74885833
{ recyclable of type P dropped into box....}
Box has ID: 1504321715
--------------------------------------------------
separating paper......
process carried out at separation unit ID: 74885833
{ recyclable of type P dropped into box....}
Box has ID: 1504321715
--------------------------------------------------
separating paper......
process carried out at separation unit ID: 74885833
{ recyclable of type P dropped into box....}
Box has ID: 1504321715
--------------------------------------------------
separating paper......
process carried out at separation unit ID: 74885833
{ recyclable of type P dropped into box....}
Box has ID: 1504321715
--------------------------------------------------
separating paper......
process carried out at separation unit ID: 74885833
{ recyclable of type P dropped into box....}
Box has ID: 1504321715
--------------------------------------------------
separating paper......
process carried out at separation unit ID: 74885833
{ recyclable of type P dropped into box....}
Box has ID: 1504321715
--------------------------------------------------
separating paper......
process carried out at separation unit ID: 74885833
{ recyclable of type P dropped into box....}
Box has ID: 1504321715
--------------------------------------------------
separating paper......
process carried out at separation unit ID: 74885833
{ recyclable of type P dropped into box....}
Box has ID: 1504321715
--------------------------------------------------
separating paper......
process carried out at separation unit ID: 74885833
{ recyclable of type P dropped into box....}
Box has ID: 1504321715
--------------------------------------------------
separating paper......
process carried out at separation unit ID: 74885833
{ recyclable of type P dropped into box....}
Box has ID: 1504321715
--------------------------------------------------
separating paper......
process carried out at separation unit ID: 74885833
{ recyclable of type P dropped into box....}
Box has ID: 1504321715
--------------------------------------------------
separating paper......
process carried out at separation unit ID: 74885833
{ recyclable of type P dropped into box....}
Box has ID: 1504321715
--------------------------------------------------
separating paper......
process carried out at separation unit ID: 74885833
{ recyclable of type P dropped into box....}
Box has ID: 1504321715
--------------------------------------------------
separating paper......
process carried out at separation unit ID: 74885833
{ recyclable of type P dropped into box....}
Box has ID: 1504321715
--------------------------------------------------
separating paper......
process carried out at separation unit ID: 74885833
{ recyclable of type P dropped into box....}
Box has ID: 1504321715
--------------------------------------------------
separating paper......
process carried out at separation unit ID: 74885833
{ recyclable of type P dropped into box....}
Box has ID: 1504321715
--------------------------------------------------
separating paper......
process carried out at separation unit ID: 74885833
{ recyclable of type P dropped into box....}
Box has ID: 1504321715
--------------------------------------------------
separating paper......
process carried out at separation unit ID: 74885833
{ recyclable of type P dropped into box....}
Box has ID: 1504321715
--------------------------------------------------
separating paper......
process carried out at separation unit ID: 74885833
{ recyclable of type P dropped into box....}
Box has ID: 1504321715
--------------------------------------------------
separating paper......
process carried out at separation unit ID: 74885833
{ recyclable of type P dropped into box....}
Box has ID: 1504321715
--------------------------------------------------
separating paper......
process carried out at separation unit ID: 74885833
{ recyclable of type P dropped into box....}
Box has ID: 1504321715
--------------------------------------------------
separating paper......
process carried out at separation unit ID: 74885833
{ recyclable of type P dropped into box....}
Box has ID: 1504321715
--------------------------------------------------
separating paper......
process carried out at separation unit ID: 74885833
{ recyclable of type P dropped into box....}
Box has ID: 1504321715
--------------------------------------------------
separating paper......
process carried out at separation unit ID: 74885833
{ recyclable of type P dropped into box....}
Box has ID: 1504321715
--------------------------------------------------
separating paper......
process carried out at separation unit ID: 74885833
{ recyclable of type P dropped into box....}
Box has ID: 1504321715
--------------------------------------------------
separating paper......
process carried out at separation unit ID: 74885833
{ recyclable of type P dropped into box....}
Box has ID: 1504321715
--------------------------------------------------
separating paper......
process carried out at separation unit ID: 74885833
{ recyclable of type P dropped into box....}
Box has ID: 1504321715
--------------------------------------------------
separating paper......
process carried out at separation unit ID: 74885833
{ recyclable of type P dropped into box....}
Box has ID: 1504321715
--------------------------------------------------
separating paper......
process carried out at separation unit ID: 74885833
{ recyclable of type P dropped into box....}
Box has ID: 1504321715
--------------------------------------------------
separating paper......
process carried out at separation unit ID: 74885833
{ recyclable of type P dropped into box....}
Box has ID: 1504321715
--------------------------------------------------
separating paper......
process carried out at separation unit ID: 74885833
{ recyclable of type P dropped into box....}
Box has ID: 1504321715
--------------------------------------------------
separating paper......
process carried out at separation unit ID: 74885833
{ recyclable of type P dropped into box....}
Box has ID: 1504321715
--------------------------------------------------
separating paper......
process carried out at separation unit ID: 74885833
{ recyclable of type P dropped into box....}
Box has ID: 1504321715
--------------------------------------------------
separating paper......
process carried out at separation unit ID: 74885833
{ recyclable of type P dropped into box....}
Box has ID: 1504321715
--------------------------------------------------
separating paper......
process carried out at separation unit ID: 74885833
{ recyclable of type P dropped into box....}
Box has ID: 1504321715
--------------------------------------------------
separating paper......
process carried out at separation unit ID: 74885833
{ recyclable of type P dropped into box....}
Box has ID: 1504321715
--------------------------------------------------
separating paper......
process carried out at separation unit ID: 74885833
{ recyclable of type P dropped into box....}
Box has ID: 1504321715
--------------------------------------------------
separating paper......
process carried out at separation unit ID: 74885833
{ recyclable of type P dropped into box....}
Box has ID: 1504321715
--------------------------------------------------
separating paper......
process carried out at separation unit ID: 74885833
{ recyclable of type P dropped into box....}
Box has ID: 1504321715
--------------------------------------------------
separating paper......
process carried out at separation unit ID: 74885833
{ recyclable of type P dropped into box....}
Box has ID: 1504321715
--------------------------------------------------
separating paper......
process carried out at separation unit ID: 74885833
{ recyclable of type P dropped into box....}
Box has ID: 1504321715
--------------------------------------------------
separating paper......
process carried out at separation unit ID: 74885833
{ recyclable of type P dropped into box....}
Box has ID: 1504321715
--------------------------------------------------
separating paper......
process carried out at separation unit ID: 74885833
{ recyclable of type P dropped into box....}
Box has ID: 1504321715
--------------------------------------------------
separating paper......
process carried out at separation unit ID: 74885833
{ recyclable of type P dropped into box....}
Box has ID: 1504321715
--------------------------------------------------
separating paper......
process carried out at separation unit ID: 74885833
{ recyclable of type P dropped into box....}
Box has ID: 1504321715
--------------------------------------------------
separating paper......
process carried out at separation unit ID: 74885833
{ recyclable of type P dropped into box....}
Box has ID: 1504321715
--------------------------------------------------
separating paper......
process carried out at separation unit ID: 74885833
{ recyclable of type P dropped into box....}
Box has ID: 1504321715
--------------------------------------------------
separating paper......
process carried out at separation unit ID: 74885833
{ recyclable of type P dropped into box....}
Box has ID: 1504321715
--------------------------------------------------
separating paper......
process carried out at separation unit ID: 74885833
{ recyclable of type P dropped into box....}
Box has ID: 1504321715
--------------------------------------------------
separating paper......
process carried out at separation unit ID: 74885833
{ recyclable of type P dropped into box....}
Box has ID: 1504321715
--------------------------------------------------
separating paper......
process carried out at separation unit ID: 74885833
{ recyclable of type P dropped into box....}
Box has ID: 1504321715
--------------------------------------------------
separating paper......
process carried out at separation unit ID: 74885833
{ recyclable of type P dropped into box....}
Box has ID: 1504321715
--------------------------------------------------
separating paper......
process carried out at separation unit ID: 74885833
{ recyclable of type P dropped into box....}
Box has ID: 1504321715
--------------------------------------------------
separating paper......
process carried out at separation unit ID: 74885833
{ recyclable of type P dropped into box....}
Box has ID: 1504321715
--------------------------------------------------
separating paper......
process carried out at separation unit ID: 74885833
{ recyclable of type P dropped into box....}
Box has ID: 1504321715
--------------------------------------------------
separating paper......
process carried out at separation unit ID: 74885833
{ recyclable of type P dropped into box....}
Box has ID: 1504321715
--------------------------------------------------
separating paper......
process carried out at separation unit ID: 74885833
{ recyclable of type P dropped into box....}
Box has ID: 1504321715
--------------------------------------------------
separating paper......
process carried out at separation unit ID: 74885833
{ recyclable of type P dropped into box....}
Box has ID: 1504321715
--------------------------------------------------
separating paper......
process carried out at separation unit ID: 74885833
{ recyclable of type P dropped into box....}
Box has ID: 1504321715
--------------------------------------------------
separating paper......
process carried out at separation unit ID: 74885833
{ recyclable of type P dropped into box....}
Box has ID: 1504321715
--------------------------------------------------
separating paper......
process carried out at separation unit ID: 74885833
{ recyclable of type P dropped into box....}
Box has ID: 1504321715
--------------------------------------------------
separating paper......
process carried out at separation unit ID: 74885833
{ recyclable of type P dropped into box....}
Box has ID: 1504321715
--------------------------------------------------
separating paper......
process carried out at separation unit ID: 74885833
{ recyclable of type P dropped into box....}
Box has ID: 1504321715
--------------------------------------------------
separating paper......
process carried out at separation unit ID: 74885833
{ recyclable of type P dropped into box....}
Box has ID: 1504321715
--------------------------------------------------
separating paper......
process carried out at separation unit ID: 74885833
{ recyclable of type P dropped into box....}
Box has ID: 1504321715
--------------------------------------------------
separating paper......
process carried out at separation unit ID: 74885833
{ recyclable of type P dropped into box....}
Box has ID: 1504321715
--------------------------------------------------
separating paper......
process carried out at separation unit ID: 74885833
{ recyclable of type P dropped into box....}
Box has ID: 1504321715
--------------------------------------------------
separating paper......
process carried out at separation unit ID: 74885833
{ recyclable of type P dropped into box....}
Box has ID: 1504321715
--------------------------------------------------
separating paper......
process carried out at separation unit ID: 74885833
{ recyclable of type P dropped into box....}
Box has ID: 1504321715
--------------------------------------------------
separating paper......
process carried out at separation unit ID: 74885833
{ recyclable of type P dropped into box....}
Box has ID: 1504321715
--------------------------------------------------
separating paper......
process carried out at separation unit ID: 74885833
{ recyclable of type P dropped into box....}
Box has ID: 1504321715
--------------------------------------------------
separating paper......
process carried out at separation unit ID: 74885833
{ recyclable of type P dropped into box....}
Box has ID: 1504321715
--------------------------------------------------
separating paper......
process carried out at separation unit ID: 74885833
{ recyclable of type P dropped into box....}
Box has ID: 1504321715
--------------------------------------------------
separating paper......
process carried out at separation unit ID: 74885833
{ recyclable of type P dropped into box....}
Box has ID: 1504321715
--------------------------------------------------
separating paper......
process carried out at separation unit ID: 74885833
{ recyclable of type P dropped into box....}
Box has ID: 1504321715
--------------------------------------------------
separating paper......
process carried out at separation unit ID: 74885833
{ recyclable of type P dropped into box....}
Box has ID: 1504321715
--------------------------------------------------
separating paper......
process carried out at separation unit ID: 74885833
{ recyclable of type P dropped into box....}
Box has ID: 1504321715
--------------------------------------------------
separating paper......
process carried out at separation unit ID: 74885833
{ recyclable of type P dropped into box....}
Box has ID: 1504321715
--------------------------------------------------
separating paper......
process carried out at separation unit ID: 74885833
{ recyclable of type P dropped into box....}
Box has ID: 1504321715
--------------------------------------------------
separating paper......
process carried out at separation unit ID: 74885833
{ recyclable of type P dropped into box....}
Box has ID: 1504321715
--------------------------------------------------
separating paper......
process carried out at separation unit ID: 74885833
{ recyclable of type P dropped into box....}
Box has ID: 1504321715
--------------------------------------------------
separating paper......
process carried out at separation unit ID: 74885833
{ recyclable of type P dropped into box....}
Box has ID: 1504321715
--------------------------------------------------
separating paper......
process carried out at separation unit ID: 74885833
{ recyclable of type P dropped into box....}
Box has ID: 1504321715
--------------------------------------------------
separating paper......
process carried out at separation unit ID: 74885833
{ recyclable of type P dropped into box....}
Box has ID: 1504321715
--------------------------------------------------
separating paper......
process carried out at separation unit ID: 74885833
{ recyclable of type P dropped into box....}
Box has ID: 1504321715
--------------------------------------------------
separating paper......
process carried out at separation unit ID: 74885833
{ recyclable of type P dropped into box....}
Box has ID: 1504321715
--------------------------------------------------
separating paper......
process carried out at separation unit ID: 74885833
{ recyclable of type P dropped into box....}
Box has ID: 1504321715
--------------------------------------------------
separating paper......
process carried out at separation unit ID: 74885833
{ recyclable of type P dropped into box....}
Box has ID: 1504321715
--------------------------------------------------
separating paper......
process carried out at separation unit ID: 74885833
{ recyclable of type P dropped into box....}
Box has ID: 1504321715
--------------------------------------------------
separating paper......
process carried out at separation unit ID: 74885833
{ recyclable of type P dropped into box....}
Box has ID: 1504321715
--------------------------------------------------
separating paper......
process carried out at separation unit ID: 74885833
{ recyclable of type P dropped into box....}
Box has ID: 1504321715
--------------------------------------------------
separating paper......
process carried out at separation unit ID: 74885833
{ recyclable of type P dropped into box....}
Box has ID: 1504321715
--------------------------------------------------
separating paper......
process carried out at separation unit ID: 74885833
{ recyclable of type P dropped into box....}
Box has ID: 1504321715
--------------------------------------------------
separating paper......
process carried out at separation unit ID: 74885833
{ recyclable of type P dropped into box....}
Box has ID: 1504321715
--------------------------------------------------
separating paper......
process carried out at separation unit ID: 74885833
{ recyclable of type P dropped into box....}
Box has ID: 1504321715
--------------------------------------------------
separating paper......
process carried out at separation unit ID: 74885833
{ recyclable of type P dropped into box....}
Box has ID: 1504321715
--------------------------------------------------
separating paper......
process carried out at separation unit ID: 74885833
{ recyclable of type P dropped into box....}
Box has ID: 1504321715
--------------------------------------------------
separating paper......
process carried out at separation unit ID: 74885833
{ recyclable of type P dropped into box....}
Box has ID: 1504321715
--------------------------------------------------
separating paper......
process carried out at separation unit ID: 74885833
{ recyclable of type P dropped into box....}
Box has ID: 1504321715
--------------------------------------------------
separating paper......
process carried out at separation unit ID: 74885833
{ recyclable of type P dropped into box....}
Box has ID: 1504321715
--------------------------------------------------
separating paper......
process carried out at separation unit ID: 74885833
{ recyclable of type P dropped into box....}
Box has ID: 1504321715
--------------------------------------------------
separating paper......
process carried out at separation unit ID: 74885833
{ recyclable of type P dropped into box....}
Box has ID: 1504321715
--------------------------------------------------
separating paper......
process carried out at separation unit ID: 74885833
{ recyclable of type P dropped into box....}
Box has ID: 1504321715
--------------------------------------------------
separating paper......
process carried out at separation unit ID: 74885833
{ recyclable of type P dropped into box....}
Box has ID: 1504321715
--------------------------------------------------
separating paper......
process carried out at separation unit ID: 74885833
{ recyclable of type P dropped into box....}
Box has ID: 1504321715
--------------------------------------------------
separating paper......
process carried out at separation unit ID: 74885833
{ recyclable of type P dropped into box....}
Box has ID: 1504321715
--------------------------------------------------
separating paper......
process carried out at separation unit ID: 74885833
{ recyclable of type P dropped into box....}
Box has ID: 1504321715
--------------------------------------------------
separating paper......
process carried out at separation unit ID: 74885833
{ recyclable of type P dropped into box....}
Box has ID: 1504321715
--------------------------------------------------
separating paper......
process carried out at separation unit ID: 74885833
{ recyclable of type P dropped into box....}
Box has ID: 1504321715
--------------------------------------------------
separating paper......
process carried out at separation unit ID: 74885833
{ recyclable of type P dropped into box....}
Box has ID: 1504321715
--------------------------------------------------
separating paper......
process carried out at separation unit ID: 74885833
{ recyclable of type P dropped into box....}
Box has ID: 1504321715
--------------------------------------------------
separating paper......
process carried out at separation unit ID: 74885833
{ recyclable of type P dropped into box....}
Box has ID: 1504321715
--------------------------------------------------
separating paper......
process carried out at separation unit ID: 74885833
{ recyclable of type P dropped into box....}
Box has ID: 1504321715
--------------------------------------------------
separating paper......
process carried out at separation unit ID: 74885833
{ recyclable of type P dropped into box....}
Box has ID: 1504321715
--------------------------------------------------
separating paper......
process carried out at separation unit ID: 74885833
{ recyclable of type P dropped into box....}
Box has ID: 1504321715
--------------------------------------------------
separating paper......
process carried out at separation unit ID: 74885833
{ recyclable of type P dropped into box....}
Box has ID: 1504321715
--------------------------------------------------
separating paper......
process carried out at separation unit ID: 74885833
{ recyclable of type P dropped into box....}
Box has ID: 1504321715
--------------------------------------------------
separating paper......
process carried out at separation unit ID: 74885833
{ recyclable of type P dropped into box....}
Box has ID: 1504321715
--------------------------------------------------
separating paper......
process carried out at separation unit ID: 74885833
{ recyclable of type P dropped into box....}
Box has ID: 1504321715
--------------------------------------------------
separating paper......
process carried out at separation unit ID: 74885833
{ recyclable of type P dropped into box....}
Box has ID: 1504321715
--------------------------------------------------
separating paper......
process carried out at separation unit ID: 74885833
{ recyclable of type P dropped into box....}
Box has ID: 1504321715
--------------------------------------------------
separating paper......
process carried out at separation unit ID: 74885833
{ recyclable of type P dropped into box....}
Box has ID: 1504321715
--------------------------------------------------
separating paper......
process carried out at separation unit ID: 74885833
{ recyclable of type P dropped into box....}
Box has ID: 1504321715
--------------------------------------------------
separating paper......
process carried out at separation unit ID: 74885833
{ recyclable of type P dropped into box....}
Box has ID: 1504321715
--------------------------------------------------
separating paper......
process carried out at separation unit ID: 74885833
{ recyclable of type P dropped into box....}
Box has ID: 1504321715
--------------------------------------------------
separating paper......
process carried out at separation unit ID: 74885833
{ recyclable of type P dropped into box....}
Box has ID: 1504321715
--------------------------------------------------
separating paper......
process carried out at separation unit ID: 74885833
{ recyclable of type P dropped into box....}
Box has ID: 1504321715
--------------------------------------------------
separating paper......
process carried out at separation unit ID: 74885833
{ recyclable of type P dropped into box....}
Box has ID: 1504321715
--------------------------------------------------
separating paper......
process carried out at separation unit ID: 74885833
{ recyclable of type P dropped into box....}
Box has ID: 1504321715
--------------------------------------------------
separating paper......
process carried out at separation unit ID: 74885833
{ recyclable of type P dropped into box....}
Box has ID: 1504321715
--------------------------------------------------
separating paper......
process carried out at separation unit ID: 74885833
{ recyclable of type P dropped into box....}
Box has ID: 1504321715
--------------------------------------------------
separating paper......
process carried out at separation unit ID: 74885833
{ recyclable of type P dropped into box....}
Box has ID: 1504321715
--------------------------------------------------
separating paper......
process carried out at separation unit ID: 74885833
{ recyclable of type P dropped into box....}
Box has ID: 1504321715
--------------------------------------------------
separating paper......
process carried out at separation unit ID: 74885833
{ recyclable of type P dropped into box....}
Box has ID: 1504321715
--------------------------------------------------
separating paper......
process carried out at separation unit ID: 74885833
{ recyclable of type P dropped into box....}
Box has ID: 1504321715
--------------------------------------------------
separating paper......
process carried out at separation unit ID: 74885833
{ recyclable of type P dropped into box....}
Box has ID: 1504321715
--------------------------------------------------
separating paper......
process carried out at separation unit ID: 74885833
{ recyclable of type P dropped into box....}
Box has ID: 1504321715
--------------------------------------------------
separating paper......
process carried out at separation unit ID: 74885833
{ recyclable of type P dropped into box....}
Box has ID: 1504321715
--------------------------------------------------
separating paper......
process carried out at separation unit ID: 74885833
{ recyclable of type P dropped into box....}
Box has ID: 1504321715
--------------------------------------------------
separating paper......
process carried out at separation unit ID: 74885833
{ recyclable of type P dropped into box....}
Box has ID: 1504321715
--------------------------------------------------
separating paper......
process carried out at separation unit ID: 74885833
{ recyclable of type P dropped into box....}
Box has ID: 1504321715
--------------------------------------------------
separating paper......
process carried out at separation unit ID: 74885833
{ recyclable of type P dropped into box....}
Box has ID: 1504321715
--------------------------------------------------
separating paper......
process carried out at separation unit ID: 74885833
{ recyclable of type P dropped into box....}
Box has ID: 1504321715
--------------------------------------------------
separating paper......
process carried out at separation unit ID: 74885833
{ recyclable of type P dropped into box....}
Box has ID: 1504321715
--------------------------------------------------
separating paper......
process carried out at separation unit ID: 74885833
{ recyclable of type P dropped into box....}
Box has ID: 1504321715
--------------------------------------------------
separating paper......
process carried out at separation unit ID: 74885833
{ recyclable of type P dropped into box....}
Box has ID: 1504321715
--------------------------------------------------
separating paper......
process carried out at separation unit ID: 74885833
{ recyclable of type P dropped into box....}
Box has ID: 1504321715
--------------------------------------------------
separating paper......
process carried out at separation unit ID: 74885833
{ recyclable of type P dropped into box....}
Box has ID: 1504321715
--------------------------------------------------
separating paper......
process carried out at separation unit ID: 74885833
{ recyclable of type P dropped into box....}
Box has ID: 1504321715
--------------------------------------------------
separating paper......
process carried out at separation unit ID: 74885833
{ recyclable of type P dropped into box....}
Box has ID: 1504321715
--------------------------------------------------
separating paper......
process carried out at separation unit ID: 74885833
{ recyclable of type P dropped into box....}
Box has ID: 1504321715
--------------------------------------------------
separating paper......
process carried out at separation unit ID: 74885833
{ recyclable of type P dropped into box....}
Box has ID: 1504321715
--------------------------------------------------
separating paper......
process carried out at separation unit ID: 74885833
{ recyclable of type P dropped into box....}
Box has ID: 1504321715
--------------------------------------------------
separating paper......
process carried out at separation unit ID: 74885833
{ recyclable of type P dropped into box....}
Box has ID: 1504321715
--------------------------------------------------
separating paper......
process carried out at separation unit ID: 74885833
{ recyclable of type P dropped into box....}
Box has ID: 1504321715
--------------------------------------------------
separating paper......
process carried out at separation unit ID: 74885833
{ recyclable of type P dropped into box....}
Box has ID: 1504321715
--------------------------------------------------
separating paper......
process carried out at separation unit ID: 74885833
{ recyclable of type P dropped into box....}
Box has ID: 1504321715
--------------------------------------------------
separating paper......
process carried out at separation unit ID: 74885833
{ recyclable of type P dropped into box....}
Box has ID: 1504321715
--------------------------------------------------
separating paper......
process carried out at separation unit ID: 74885833
{ recyclable of type P dropped into box....}
Box has ID: 1504321715
--------------------------------------------------
separating paper......
process carried out at separation unit ID: 74885833
{ recyclable of type P dropped into box....}
Box has ID: 1504321715
--------------------------------------------------
separating paper......
process carried out at separation unit ID: 74885833
{ recyclable of type P dropped into box....}
Box has ID: 1504321715
--------------------------------------------------
separating paper......
process carried out at separation unit ID: 74885833
{ recyclable of type P dropped into box....}
Box has ID: 1504321715
--------------------------------------------------
separating paper......
process carried out at separation unit ID: 74885833
{ recyclable of type P dropped into box....}
Box has ID: 1504321715
--------------------------------------------------
separating paper......
process carried out at separation unit ID: 74885833
{ recyclable of type P dropped into box....}
Box has ID: 1504321715
--------------------------------------------------
separating paper......
process carried out at separation unit ID: 74885833
{ recyclable of type P dropped into box....}
Box has ID: 1504321715
--------------------------------------------------
separating paper......
process carried out at separation unit ID: 74885833
{ recyclable of type P dropped into box....}
Box has ID: 1504321715
--------------------------------------------------
separating paper......
process carried out at separation unit ID: 74885833
{ recyclable of type P dropped into box....}
Box has ID: 1504321715
--------------------------------------------------
separating paper......
process carried out at separation unit ID: 74885833
{ recyclable of type P dropped into box....}
Box has ID: 1504321715
--------------------------------------------------
separating paper......
process carried out at separation unit ID: 74885833
{ recyclable of type P dropped into box....}
Box has ID: 1504321715
--------------------------------------------------
separating paper......
process carried out at separation unit ID: 74885833
{ recyclable of type P dropped into box....}
Box has ID: 1504321715
--------------------------------------------------
separating paper......
process carried out at separation unit ID: 74885833
{ recyclable of type P dropped into box....}
Box has ID: 1504321715
--------------------------------------------------
separating paper......
process carried out at separation unit ID: 74885833
{ recyclable of type P dropped into box....}
Box has ID: 1504321715
--------------------------------------------------
separating paper......
process carried out at separation unit ID: 74885833
{ recyclable of type P dropped into box....}
Box has ID: 1504321715
--------------------------------------------------
separating paper......
process carried out at separation unit ID: 74885833
{ recyclable of type P dropped into box....}
Box has ID: 1504321715
--------------------------------------------------
separating paper......
process carried out at separation unit ID: 74885833
{ recyclable of type P dropped into box....}
Box has ID: 1504321715
--------------------------------------------------
separating paper......
process carried out at separation unit ID: 74885833
{ recyclable of type P dropped into box....}
Box has ID: 1504321715
--------------------------------------------------
separating paper......
process carried out at separation unit ID: 74885833
{ recyclable of type P dropped into box....}
Box has ID: 1504321715
--------------------------------------------------
separating paper......
process carried out at separation unit ID: 74885833
{ recyclable of type P dropped into box....}
Box has ID: 1504321715
--------------------------------------------------
separating paper......
process carried out at separation unit ID: 74885833
{ recyclable of type P dropped into box....}
Box has ID: 1504321715
--------------------------------------------------
separating paper......
process carried out at separation unit ID: 74885833
{ recyclable of type P dropped into box....}
Box has ID: 1504321715
--------------------------------------------------
separating paper......
process carried out at separation unit ID: 74885833
{ recyclable of type P dropped into box....}
Box has ID: 1504321715
--------------------------------------------------
separating paper......
process carried out at separation unit ID: 74885833
{ recyclable of type P dropped into box....}
Box has ID: 1504321715
--------------------------------------------------
separating paper......
process carried out at separation unit ID: 74885833
{ recyclable of type P dropped into box....}
Box has ID: 1504321715
--------------------------------------------------
separating paper......
process carried out at separation unit ID: 74885833
{ recyclable of type P dropped into box....}
Box has ID: 1504321715
--------------------------------------------------
separating paper......
process carried out at separation unit ID: 74885833
{ recyclable of type P dropped into box....}
Box has ID: 1504321715
--------------------------------------------------
separating paper......
process carried out at separation unit ID: 74885833
{ recyclable of type P dropped into box....}
Box has ID: 1504321715
--------------------------------------------------
separating paper......
process carried out at separation unit ID: 74885833
{ recyclable of type P dropped into box....}
Box has ID: 1504321715
--------------------------------------------------
separating paper......
process carried out at separation unit ID: 74885833
{ recyclable of type P dropped into box....}
Box has ID: 1504321715
--------------------------------------------------
separating paper......
process carried out at separation unit ID: 74885833
{ recyclable of type P dropped into box....}
Box has ID: 1504321715
--------------------------------------------------
separating paper......
process carried out at separation unit ID: 74885833
{ recyclable of type P dropped into box....}
Box has ID: 1504321715
--------------------------------------------------
separating paper......
process carried out at separation unit ID: 74885833
{ recyclable of type P dropped into box....}
Box has ID: 1504321715
--------------------------------------------------
separating paper......
process carried out at separation unit ID: 74885833
{ recyclable of type P dropped into box....}
Box has ID: 1504321715
--------------------------------------------------
separating paper......
process carried out at separation unit ID: 74885833
{ recyclable of type P dropped into box....}
Box has ID: 1504321715
--------------------------------------------------
separating paper......
process carried out at separation unit ID: 74885833
{ recyclable of type P dropped into box....}
Box has ID: 1504321715
--------------------------------------------------
separating paper......
process carried out at separation unit ID: 74885833
{ recyclable of type P dropped into box....}
Box has ID: 1504321715
--------------------------------------------------
separating paper......
process carried out at separation unit ID: 74885833
{ recyclable of type P dropped into box....}
Box has ID: 1504321715
--------------------------------------------------
separating paper......
process carried out at separation unit ID: 74885833
{ recyclable of type P dropped into box....}
Box has ID: 1504321715
--------------------------------------------------
separating paper......
process carried out at separation unit ID: 74885833
{ recyclable of type P dropped into box....}
Box has ID: 1504321715
--------------------------------------------------
separating paper......
process carried out at separation unit ID: 74885833
{ recyclable of type P dropped into box....}
Box has ID: 1504321715
--------------------------------------------------
separating paper......
process carried out at separation unit ID: 74885833
{ recyclable of type P dropped into box....}
Box has ID: 1504321715
--------------------------------------------------
separating paper......
process carried out at separation unit ID: 74885833
{ recyclable of type P dropped into box....}
Box has ID: 1504321715
--------------------------------------------------
separating paper......
process carried out at separation unit ID: 74885833
{ recyclable of type P dropped into box....}
Box has ID: 1504321715
--------------------------------------------------
separating paper......
process carried out at separation unit ID: 74885833
{ recyclable of type P dropped into box....}
Box has ID: 1504321715
--------------------------------------------------
separating paper......
process carried out at separation unit ID: 74885833
{ recyclable of type P dropped into box....}
Box has ID: 1504321715
--------------------------------------------------
separating paper......
process carried out at separation unit ID: 74885833
{ recyclable of type P dropped into box....}
Box has ID: 1504321715
--------------------------------------------------
separating paper......
process carried out at separation unit ID: 74885833
{ recyclable of type P dropped into box....}
Box has ID: 1504321715
--------------------------------------------------
separating paper......
process carried out at separation unit ID: 74885833
{ recyclable of type P dropped into box....}
Box has ID: 1504321715
--------------------------------------------------
separating paper......
process carried out at separation unit ID: 74885833
{ recyclable of type P dropped into box....}
Box has ID: 1504321715
--------------------------------------------------
separating paper......
process carried out at separation unit ID: 74885833
{ recyclable of type P dropped into box....}
Box has ID: 1504321715
--------------------------------------------------
separating paper......
process carried out at separation unit ID: 74885833
{ recyclable of type P dropped into box....}
Box has ID: 1504321715
--------------------------------------------------
separating paper......
process carried out at separation unit ID: 74885833
{ recyclable of type P dropped into box....}
Box has ID: 1504321715
--------------------------------------------------
separating paper......
process carried out at separation unit ID: 74885833
{ recyclable of type P dropped into box....}
Box has ID: 1504321715
--------------------------------------------------
separating paper......
process carried out at separation unit ID: 74885833
{ recyclable of type P dropped into box....}
Box has ID: 1504321715
--------------------------------------------------
separating paper......
process carried out at separation unit ID: 74885833
{ recyclable of type P dropped into box....}
Box has ID: 1504321715
--------------------------------------------------
separating paper......
process carried out at separation unit ID: 74885833
{ recyclable of type P dropped into box....}
Box has ID: 1504321715
--------------------------------------------------
separating paper......
process carried out at separation unit ID: 74885833
{ recyclable of type P dropped into box....}
Box has ID: 1504321715
--------------------------------------------------
separating paper......
process carried out at separation unit ID: 74885833
{ recyclable of type P dropped into box....}
Box has ID: 1504321715
--------------------------------------------------
separating paper......
process carried out at separation unit ID: 74885833
{ recyclable of type P dropped into box....}
Box has ID: 1504321715
--------------------------------------------------
separating paper......
process carried out at separation unit ID: 74885833
{ recyclable of type P dropped into box....}
Box has ID: 1504321715
--------------------------------------------------
separating paper......
process carried out at separation unit ID: 74885833
{ recyclable of type P dropped into box....}
Box has ID: 1504321715
--------------------------------------------------
separating paper......
process carried out at separation unit ID: 74885833
{ recyclable of type P dropped into box....}
Box has ID: 1504321715
--------------------------------------------------
separating paper......
process carried out at separation unit ID: 74885833
{ recyclable of type P dropped into box....}
Box has ID: 1504321715
--------------------------------------------------
separating paper......
process carried out at separation unit ID: 74885833
{ recyclable of type P dropped into box....}
Box has ID: 1504321715
--------------------------------------------------
separating paper......
process carried out at separation unit ID: 74885833
{ recyclable of type P dropped into box....}
Box has ID: 1504321715
--------------------------------------------------
separating paper......
process carried out at separation unit ID: 74885833
{ recyclable of type P dropped into box....}
Box has ID: 1504321715
--------------------------------------------------
separating paper......
process carried out at separation unit ID: 74885833
{ recyclable of type P dropped into box....}
Box has ID: 1504321715
--------------------------------------------------
separating paper......
process carried out at separation unit ID: 74885833
{ recyclable of type P dropped into box....}
Box has ID: 1504321715
--------------------------------------------------
separating paper......
process carried out at separation unit ID: 74885833
{ recyclable of type P dropped into box....}
Box has ID: 1504321715
--------------------------------------------------
separating paper......
process carried out at separation unit ID: 74885833
{ recyclable of type P dropped into box....}
Box has ID: 1504321715
--------------------------------------------------
separating paper......
process carried out at separation unit ID: 74885833
{ recyclable of type P dropped into box....}
Box has ID: 1504321715
--------------------------------------------------
separating paper......
process carried out at separation unit ID: 74885833
{ recyclable of type P dropped into box....}
Box has ID: 1504321715
--------------------------------------------------
separating paper......
process carried out at separation unit ID: 74885833
{ recyclable of type P dropped into box....}
Box has ID: 1504321715
--------------------------------------------------
separating paper......
process carried out at separation unit ID: 74885833
{ recyclable of type P dropped into box....}
Box has ID: 1504321715
--------------------------------------------------
separating paper......
process carried out at separation unit ID: 74885833
{ recyclable of type P dropped into box....}
Box has ID: 1504321715
--------------------------------------------------
separating paper......
process carried out at separation unit ID: 74885833
{ recyclable of type P dropped into box....}
Box has ID: 1504321715
--------------------------------------------------
separating paper......
process carried out at separation unit ID: 74885833
{ recyclable of type P dropped into box....}
Box has ID: 1504321715
--------------------------------------------------
separating paper......
process carried out at separation unit ID: 74885833
{ recyclable of type P dropped into box....}
Box has ID: 1504321715
--------------------------------------------------
separating paper......
process carried out at separation unit ID: 74885833
{ recyclable of type P dropped into box....}
Box has ID: 1504321715
--------------------------------------------------
separating paper......
process carried out at separation unit ID: 74885833
{ recyclable of type P dropped into box....}
Box has ID: 1504321715
--------------------------------------------------
separating paper......
process carried out at separation unit ID: 74885833
{ recyclable of type P dropped into box....}
Box has ID: 1504321715
--------------------------------------------------
separating paper......
process carried out at separation unit ID: 74885833
{ recyclable of type P dropped into box....}
Box has ID: 1504321715
--------------------------------------------------
separating paper......
process carried out at separation unit ID: 74885833
{ recyclable of type P dropped into box....}
Box has ID: 1504321715
--------------------------------------------------
separating paper......
process carried out at separation unit ID: 74885833
{ recyclable of type P dropped into box....}
Box has ID: 1504321715
--------------------------------------------------
separating paper......
process carried out at separation unit ID: 74885833
{ recyclable of type P dropped into box....}
Box has ID: 1504321715
--------------------------------------------------
separating paper......
process carried out at separation unit ID: 74885833
{ recyclable of type P dropped into box....}
Box has ID: 1504321715
--------------------------------------------------
separating paper......
process carried out at separation unit ID: 74885833
{ recyclable of type P dropped into box....}
Box has ID: 1504321715
--------------------------------------------------
separating paper......
process carried out at separation unit ID: 74885833
{ recyclable of type P dropped into box....}
Box has ID: 1504321715
--------------------------------------------------
separating paper......
process carried out at separation unit ID: 74885833
{ recyclable of type P dropped into box....}
Box has ID: 1504321715
--------------------------------------------------
separating paper......
process carried out at separation unit ID: 74885833
{ recyclable of type P dropped into box....}
Box has ID: 1504321715
--------------------------------------------------
separating paper......
process carried out at separation unit ID: 74885833
{ recyclable of type P dropped into box....}
Box has ID: 1504321715
--------------------------------------------------
separating paper......
process carried out at separation unit ID: 74885833
{ recyclable of type P dropped into box....}
Box has ID: 1504321715
--------------------------------------------------
separating paper......
process carried out at separation unit ID: 74885833
{ recyclable of type P dropped into box....}
Box has ID: 1504321715
--------------------------------------------------
separating paper......
process carried out at separation unit ID: 74885833
{ recyclable of type P dropped into box....}
Box has ID: 1504321715
--------------------------------------------------
separating paper......
process carried out at separation unit ID: 74885833
{ recyclable of type P dropped into box....}
Box has ID: 1504321715
--------------------------------------------------
separating paper......
process carried out at separation unit ID: 74885833
{ recyclable of type P dropped into box....}
Box has ID: 1504321715
--------------------------------------------------
separating paper......
process carried out at separation unit ID: 74885833
{ recyclable of type P dropped into box....}
Box has ID: 1504321715
--------------------------------------------------
separating paper......
process carried out at separation unit ID: 74885833
{ recyclable of type P dropped into box....}
Box has ID: 1504321715
--------------------------------------------------
separating paper......
process carried out at separation unit ID: 74885833
{ recyclable of type P dropped into box....}
Box has ID: 1504321715
--------------------------------------------------
separating paper......
process carried out at separation unit ID: 74885833
{ recyclable of type P dropped into box....}
Box has ID: 1504321715
--------------------------------------------------
separating paper......
process carried out at separation unit ID: 74885833
{ recyclable of type P dropped into box....}
Box has ID: 1504321715
--------------------------------------------------
separating paper......
process carried out at separation unit ID: 74885833
{ recyclable of type P dropped into box....}
Box has ID: 1504321715
--------------------------------------------------
separating paper......
process carried out at separation unit ID: 74885833
{ recyclable of type P dropped into box....}
Box has ID: 1504321715
--------------------------------------------------
separating paper......
process carried out at separation unit ID: 74885833
{ recyclable of type P dropped into box....}
Box has ID: 1504321715
--------------------------------------------------
separating paper......
process carried out at separation unit ID: 74885833
{ recyclable of type P dropped into box....}
Box has ID: 1504321715
--------------------------------------------------
separating paper......
process carried out at separation unit ID: 74885833
{ recyclable of type P dropped into box....}
Box has ID: 1504321715
--------------------------------------------------
separating paper......
process carried out at separation unit ID: 74885833
{ recyclable of type P dropped into box....}
Box has ID: 1504321715
--------------------------------------------------
separating paper......
process carried out at separation unit ID: 74885833
{ recyclable of type P dropped into box....}
Box has ID: 1504321715
--------------------------------------------------
separating paper......
process carried out at separation unit ID: 74885833
{ recyclable of type P dropped into box....}
Box has ID: 1504321715
--------------------------------------------------
separating paper......
process carried out at separation unit ID: 74885833
{ recyclable of type P dropped into box....}
Box has ID: 1504321715
--------------------------------------------------
separating paper......
process carried out at separation unit ID: 74885833
{ recyclable of type P dropped into box....}
Box has ID: 1504321715
--------------------------------------------------
separating paper......
process carried out at separation unit ID: 74885833
{ recyclable of type P dropped into box....}
Box has ID: 1504321715
--------------------------------------------------
separating paper......
process carried out at separation unit ID: 74885833
{ recyclable of type P dropped into box....}
Box has ID: 1504321715
--------------------------------------------------
separating paper......
process carried out at separation unit ID: 74885833
{ recyclable of type P dropped into box....}
Box has ID: 1504321715
--------------------------------------------------
separating paper......
process carried out at separation unit ID: 74885833
{ recyclable of type P dropped into box....}
Box has ID: 1504321715
--------------------------------------------------
separating paper......
process carried out at separation unit ID: 74885833
{ recyclable of type P dropped into box....}
Box has ID: 1504321715
--------------------------------------------------
separating paper......
process carried out at separation unit ID: 74885833
{ recyclable of type P dropped into box....}
Box has ID: 1504321715
--------------------------------------------------
separating paper......
process carried out at separation unit ID: 74885833
{ recyclable of type P dropped into box....}
Box has ID: 1504321715
--------------------------------------------------
separating paper......
process carried out at separation unit ID: 74885833
{ recyclable of type P dropped into box....}
Box has ID: 1504321715
--------------------------------------------------
separating paper......
process carried out at separation unit ID: 74885833
{ recyclable of type P dropped into box....}
Box has ID: 1504321715
--------------------------------------------------
separating paper......
process carried out at separation unit ID: 74885833
{ recyclable of type P dropped into box....}
Box has ID: 1504321715
--------------------------------------------------
separating paper......
process carried out at separation unit ID: 74885833
{ recyclable of type P dropped into box....}
Box has ID: 1504321715
--------------------------------------------------
separating paper......
process carried out at separation unit ID: 74885833
{ recyclable of type P dropped into box....}
Box has ID: 1504321715
--------------------------------------------------
separating paper......
process carried out at separation unit ID: 74885833
{ recyclable of type P dropped into box....}
Box has ID: 1504321715
--------------------------------------------------
separating paper......
process carried out at separation unit ID: 74885833
{ recyclable of type P dropped into box....}
Box has ID: 1504321715
--------------------------------------------------
separating paper......
process carried out at separation unit ID: 74885833
{ recyclable of type P dropped into box....}
Box has ID: 1504321715
--------------------------------------------------
separating paper......
process carried out at separation unit ID: 74885833
{ recyclable of type P dropped into box....}
Box has ID: 1504321715
--------------------------------------------------
separating paper......
process carried out at separation unit ID: 74885833
{ recyclable of type P dropped into box....}
Box has ID: 1504321715
--------------------------------------------------
separating paper......
process carried out at separation unit ID: 74885833
{ recyclable of type P dropped into box....}
Box has ID: 1504321715
--------------------------------------------------
separating paper......
process carried out at separation unit ID: 74885833
{ recyclable of type P dropped into box....}
Box has ID: 1504321715
--------------------------------------------------
separating paper......
process carried out at separation unit ID: 74885833
{ recyclable of type P dropped into box....}
Box has ID: 1504321715
--------------------------------------------------
separating paper......
process carried out at separation unit ID: 74885833
{ recyclable of type P dropped into box....}
Box has ID: 1504321715
--------------------------------------------------
separating paper......
process carried out at separation unit ID: 74885833
{ recyclable of type P dropped into box....}
Box has ID: 1504321715
--------------------------------------------------
separating paper......
process carried out at separation unit ID: 74885833
{ recyclable of type P dropped into box....}
Box has ID: 1504321715
--------------------------------------------------
separating paper......
process carried out at separation unit ID: 74885833
{ recyclable of type P dropped into box....}
Box has ID: 1504321715
--------------------------------------------------
separating paper......
process carried out at separation unit ID: 74885833
{ recyclable of type P dropped into box....}
Box has ID: 1504321715
--------------------------------------------------
separating paper......
process carried out at separation unit ID: 74885833
{ recyclable of type P dropped into box....}
Box has ID: 1504321715
--------------------------------------------------
separating paper......
process carried out at separation unit ID: 74885833
{ recyclable of type P dropped into box....}
Box has ID: 1504321715
--------------------------------------------------
separating paper......
process carried out at separation unit ID: 74885833
{ recyclable of type P dropped into box....}
Box has ID: 1504321715
--------------------------------------------------
separating paper......
process carried out at separation unit ID: 74885833
{ recyclable of type P dropped into box....}
Box has ID: 1504321715
--------------------------------------------------
separating paper......
process carried out at separation unit ID: 74885833
{ recyclable of type P dropped into box....}
Box has ID: 1504321715
--------------------------------------------------
separating paper......
process carried out at separation unit ID: 74885833
{ recyclable of type P dropped into box....}
Box has ID: 1504321715
--------------------------------------------------
separating paper......
process carried out at separation unit ID: 74885833
{ recyclable of type P dropped into box....}
Box has ID: 1504321715
--------------------------------------------------
separating paper......
process carried out at separation unit ID: 74885833
{ recyclable of type P dropped into box....}
Box has ID: 1504321715
--------------------------------------------------
separating paper......
process carried out at separation unit ID: 74885833
{ recyclable of type P dropped into box....}
Box has ID: 1504321715
--------------------------------------------------
separating paper......
process carried out at separation unit ID: 74885833
{ recyclable of type P dropped into box....}
Box has ID: 1504321715
--------------------------------------------------
separating paper......
process carried out at separation unit ID: 74885833
{ recyclable of type P dropped into box....}
Box has ID: 1504321715
--------------------------------------------------
separating paper......
process carried out at separation unit ID: 74885833
{ recyclable of type P dropped into box....}
Box has ID: 1504321715
--------------------------------------------------
separating paper......
process carried out at separation unit ID: 74885833
{ recyclable of type P dropped into box....}
Box has ID: 1504321715
--------------------------------------------------
separating paper......
process carried out at separation unit ID: 74885833
{ recyclable of type P dropped into box....}
Box has ID: 1504321715
--------------------------------------------------
separating paper......
process carried out at separation unit ID: 74885833
{ recyclable of type P dropped into box....}
Box has ID: 1504321715
--------------------------------------------------
separating paper......
process carried out at separation unit ID: 74885833
{ recyclable of type P dropped into box....}
Box has ID: 1504321715
--------------------------------------------------
separating paper......
process carried out at separation unit ID: 74885833
{ recyclable of type P dropped into box....}
Box has ID: 1504321715
--------------------------------------------------
separating paper......
process carried out at separation unit ID: 74885833
{ recyclable of type P dropped into box....}
Box has ID: 1504321715
--------------------------------------------------
separating paper......
process carried out at separation unit ID: 74885833
{ recyclable of type P dropped into box....}
Box has ID: 1504321715
--------------------------------------------------
separating paper......
process carried out at separation unit ID: 74885833
{ recyclable of type P dropped into box....}
Box has ID: 1504321715
--------------------------------------------------
separating paper......
process carried out at separation unit ID: 74885833
{ recyclable of type P dropped into box....}
Box has ID: 1504321715
--------------------------------------------------
separating paper......
process carried out at separation unit ID: 74885833
{ recyclable of type P dropped into box....}
Box has ID: 1504321715
--------------------------------------------------
separating paper......
process carried out at separation unit ID: 74885833
{ recyclable of type P dropped into box....}
Box has ID: 1504321715
--------------------------------------------------
separating paper......
process carried out at separation unit ID: 74885833
{ recyclable of type P dropped into box....}
Box has ID: 1504321715
--------------------------------------------------
separating paper......
process carried out at separation unit ID: 74885833
{ recyclable of type P dropped into box....}
Box has ID: 1504321715
--------------------------------------------------
separating paper......
process carried out at separation unit ID: 74885833
{ recyclable of type P dropped into box....}
Box has ID: 1504321715
--------------------------------------------------
separating paper......
process carried out at separation unit ID: 74885833
{ recyclable of type P dropped into box....}
Box has ID: 1504321715
--------------------------------------------------
separating paper......
process carried out at separation unit ID: 74885833
{ recyclable of type P dropped into box....}
Box has ID: 1504321715
--------------------------------------------------
separating paper......
process carried out at separation unit ID: 74885833
{ recyclable of type P dropped into box....}
Box has ID: 1504321715
--------------------------------------------------
separating paper......
process carried out at separation unit ID: 74885833
{ recyclable of type P dropped into box....}
Box has ID: 1504321715
--------------------------------------------------
separating paper......
process carried out at separation unit ID: 74885833
{ recyclable of type P dropped into box....}
Box has ID: 1504321715
--------------------------------------------------
separating paper......
process carried out at separation unit ID: 74885833
{ recyclable of type P dropped into box....}
Box has ID: 1504321715
--------------------------------------------------
separating paper......
process carried out at separation unit ID: 74885833
{ recyclable of type P dropped into box....}
Box has ID: 1504321715
--------------------------------------------------
separating paper......
process carried out at separation unit ID: 74885833
{ recyclable of type P dropped into box....}
Box has ID: 1504321715
--------------------------------------------------
separating paper......
process carried out at separation unit ID: 74885833
{ recyclable of type P dropped into box....}
Box has ID: 1504321715
--------------------------------------------------
separating paper......
process carried out at separation unit ID: 74885833
{ recyclable of type P dropped into box....}
Box has ID: 1504321715
--------------------------------------------------
separating paper......
process carried out at separation unit ID: 74885833
{ recyclable of type P dropped into box....}
Box has ID: 1504321715
--------------------------------------------------
separating paper......
process carried out at separation unit ID: 74885833
{ recyclable of type P dropped into box....}
Box has ID: 1504321715
--------------------------------------------------
separating paper......
process carried out at separation unit ID: 74885833
{ recyclable of type P dropped into box....}
Box has ID: 1504321715
--------------------------------------------------
separating paper......
process carried out at separation unit ID: 74885833
{ recyclable of type P dropped into box....}
Box has ID: 1504321715
--------------------------------------------------
separating paper......
process carried out at separation unit ID: 74885833
{ recyclable of type P dropped into box....}
Box has ID: 1504321715
--------------------------------------------------
separating paper......
process carried out at separation unit ID: 74885833
{ recyclable of type P dropped into box....}
Box has ID: 1504321715
--------------------------------------------------
separating paper......
process carried out at separation unit ID: 74885833
{ recyclable of type P dropped into box....}
Box has ID: 1504321715
--------------------------------------------------
separating paper......
process carried out at separation unit ID: 74885833
{ recyclable of type P dropped into box....}
Box has ID: 1504321715
--------------------------------------------------
separating paper......
process carried out at separation unit ID: 74885833
{ recyclable of type P dropped into box....}
Box has ID: 1504321715
--------------------------------------------------
separating paper......
process carried out at separation unit ID: 74885833
{ recyclable of type P dropped into box....}
Box has ID: 1504321715
--------------------------------------------------
separating paper......
process carried out at separation unit ID: 74885833
{ recyclable of type P dropped into box....}
Box has ID: 1504321715
--------------------------------------------------
separating paper......
process carried out at separation unit ID: 74885833
{ recyclable of type P dropped into box....}
Box has ID: 1504321715
--------------------------------------------------
separating paper......
process carried out at separation unit ID: 74885833
{ recyclable of type P dropped into box....}
Box has ID: 1504321715
--------------------------------------------------
separating paper......
process carried out at separation unit ID: 74885833
{ recyclable of type P dropped into box....}
Box has ID: 1504321715
--------------------------------------------------
separating paper......
process carried out at separation unit ID: 74885833
{ recyclable of type P dropped into box....}
Box has ID: 1504321715
--------------------------------------------------
separating paper......
process carried out at separation unit ID: 74885833
{ recyclable of type P dropped into box....}
Box has ID: 1504321715
--------------------------------------------------
separating paper......
process carried out at separation unit ID: 74885833
{ recyclable of type P dropped into box....}
Box has ID: 1504321715
--------------------------------------------------
separating paper......
process carried out at separation unit ID: 74885833
{ recyclable of type P dropped into box....}
Box has ID: 1504321715
--------------------------------------------------
separating paper......
process carried out at separation unit ID: 74885833
{ recyclable of type P dropped into box....}
Box has ID: 1504321715
--------------------------------------------------
separating paper......
process carried out at separation unit ID: 74885833
{ recyclable of type P dropped into box....}
Box has ID: 1504321715
--------------------------------------------------
separating paper......
process carried out at separation unit ID: 74885833
{ recyclable of type P dropped into box....}
Box has ID: 1504321715
--------------------------------------------------
separating paper......
process carried out at separation unit ID: 74885833
{ recyclable of type P dropped into box....}
Box has ID: 1504321715
--------------------------------------------------
separating paper......
process carried out at separation unit ID: 74885833
{ recyclable of type P dropped into box....}
Box has ID: 1504321715
--------------------------------------------------
separating paper......
process carried out at separation unit ID: 74885833
{ recyclable of type P dropped into box....}
Box has ID: 1504321715
--------------------------------------------------
separating paper......
process carried out at separation unit ID: 74885833
{ recyclable of type P dropped into box....}
Box has ID: 1504321715
--------------------------------------------------
separating paper......
process carried out at separation unit ID: 74885833
{ recyclable of type P dropped into box....}
Box has ID: 1504321715
--------------------------------------------------
separating paper......
process carried out at separation unit ID: 74885833
{ recyclable of type P dropped into box....}
Box has ID: 1504321715
--------------------------------------------------
separating paper......
process carried out at separation unit ID: 74885833
{ recyclable of type P dropped into box....}
Box has ID: 1504321715
--------------------------------------------------
separating paper......
process carried out at separation unit ID: 74885833
{ recyclable of type P dropped into box....}
Box has ID: 1504321715
--------------------------------------------------
separating paper......
process carried out at separation unit ID: 74885833
{ recyclable of type P dropped into box....}
Box has ID: 1504321715
--------------------------------------------------
separating paper......
process carried out at separation unit ID: 74885833
{ recyclable of type P dropped into box....}
Box has ID: 1504321715
--------------------------------------------------
separating paper......
process carried out at separation unit ID: 74885833
{ recyclable of type P dropped into box....}
Box has ID: 1504321715
--------------------------------------------------
separating paper......
process carried out at separation unit ID: 74885833
{ recyclable of type P dropped into box....}
Box has ID: 1504321715
--------------------------------------------------
separating paper......
process carried out at separation unit ID: 74885833
{ recyclable of type P dropped into box....}
Box has ID: 1504321715
--------------------------------------------------
separating paper......
process carried out at separation unit ID: 74885833
{ recyclable of type P dropped into box....}
Box has ID: 1504321715
--------------------------------------------------
separating paper......
process carried out at separation unit ID: 74885833
{ recyclable of type P dropped into box....}
Box has ID: 1504321715
--------------------------------------------------
separating paper......
process carried out at separation unit ID: 74885833
{ recyclable of type P dropped into box....}
Box has ID: 1504321715
--------------------------------------------------
separating paper......
process carried out at separation unit ID: 74885833
{ recyclable of type P dropped into box....}
Box has ID: 1504321715
--------------------------------------------------
separating paper......
process carried out at separation unit ID: 74885833
{ recyclable of type P dropped into box....}
Box has ID: 1504321715
--------------------------------------------------
separating paper......
process carried out at separation unit ID: 74885833
{ recyclable of type P dropped into box....}
Box has ID: 1504321715
--------------------------------------------------
separating paper......
process carried out at separation unit ID: 74885833
{ recyclable of type P dropped into box....}
Box has ID: 1504321715
--------------------------------------------------
separating paper......
process carried out at separation unit ID: 74885833
{ recyclable of type P dropped into box....}
Box has ID: 1504321715
--------------------------------------------------
separating paper......
process carried out at separation unit ID: 74885833
{ recyclable of type P dropped into box....}
Box has ID: 1504321715
--------------------------------------------------
separating paper......
process carried out at separation unit ID: 74885833
{ recyclable of type P dropped into box....}
Box has ID: 1504321715
--------------------------------------------------
separating paper......
process carried out at separation unit ID: 74885833
{ recyclable of type P dropped into box....}
Box has ID: 1504321715
--------------------------------------------------
separating paper......
process carried out at separation unit ID: 74885833
{ recyclable of type P dropped into box....}
Box has ID: 1504321715
--------------------------------------------------
separating paper......
process carried out at separation unit ID: 74885833
{ recyclable of type P dropped into box....}
Box has ID: 1504321715
--------------------------------------------------
separating paper......
process carried out at separation unit ID: 74885833
{ recyclable of type P dropped into box....}
Box has ID: 1504321715
--------------------------------------------------
separating paper......
process carried out at separation unit ID: 74885833
{ recyclable of type P dropped into box....}
Box has ID: 1504321715
--------------------------------------------------
separating paper......
process carried out at separation unit ID: 74885833
{ recyclable of type P dropped into box....}
Box has ID: 1504321715
--------------------------------------------------
separating paper......
process carried out at separation unit ID: 74885833
{ recyclable of type P dropped into box....}
Box has ID: 1504321715
--------------------------------------------------
separating paper......
process carried out at separation unit ID: 74885833
{ recyclable of type P dropped into box....}
Box has ID: 1504321715
--------------------------------------------------
separating paper......
process carried out at separation unit ID: 74885833
{ recyclable of type P dropped into box....}
Box has ID: 1504321715
--------------------------------------------------
separating paper......
process carried out at separation unit ID: 74885833
{ recyclable of type P dropped into box....}
Box has ID: 1504321715
--------------------------------------------------
separating paper......
process carried out at separation unit ID: 74885833
{ recyclable of type P dropped into box....}
Box has ID: 1504321715
--------------------------------------------------
separating paper......
process carried out at separation unit ID: 74885833
{ recyclable of type P dropped into box....}
Box has ID: 1504321715
--------------------------------------------------
separating paper......
process carried out at separation unit ID: 74885833
{ recyclable of type P dropped into box....}
Box has ID: 1504321715
--------------------------------------------------
separating paper......
process carried out at separation unit ID: 74885833
{ recyclable of type P dropped into box....}
Box has ID: 1504321715
--------------------------------------------------
separating paper......
process carried out at separation unit ID: 74885833
{ recyclable of type P dropped into box....}
Box has ID: 1504321715
--------------------------------------------------
separating paper......
process carried out at separation unit ID: 74885833
{ recyclable of type P dropped into box....}
Box has ID: 1504321715
--------------------------------------------------
separating paper......
process carried out at separation unit ID: 74885833
{ recyclable of type P dropped into box....}
Box has ID: 1504321715
--------------------------------------------------
separating paper......
process carried out at separation unit ID: 74885833
{ recyclable of type P dropped into box....}
Box has ID: 1504321715
--------------------------------------------------
separating paper......
process carried out at separation unit ID: 74885833
{ recyclable of type P dropped into box....}
Box has ID: 1504321715
--------------------------------------------------
separating paper......
process carried out at separation unit ID: 74885833
{ recyclable of type P dropped into box....}
Box has ID: 1504321715
--------------------------------------------------
separating paper......
process carried out at separation unit ID: 74885833
{ recyclable of type P dropped into box....}
Box has ID: 1504321715
--------------------------------------------------
separating paper......
process carried out at separation unit ID: 74885833
{ recyclable of type P dropped into box....}
Box has ID: 1504321715
--------------------------------------------------
separating paper......
process carried out at separation unit ID: 74885833
{ recyclable of type P dropped into box....}
Box has ID: 1504321715
--------------------------------------------------
separating paper......
process carried out at separation unit ID: 74885833
{ recyclable of type P dropped into box....}
Box has ID: 1504321715
--------------------------------------------------
separating paper......
process carried out at separation unit ID: 74885833
{ recyclable of type P dropped into box....}
Box has ID: 1504321715
--------------------------------------------------
separating paper......
process carried out at separation unit ID: 74885833
{ recyclable of type P dropped into box....}
Box has ID: 1504321715
--------------------------------------------------
separating paper......
process carried out at separation unit ID: 74885833
{ recyclable of type P dropped into box....}
Box has ID: 1504321715
--------------------------------------------------
separating paper......
process carried out at separation unit ID: 74885833
{ recyclable of type P dropped into box....}
Box has ID: 1504321715
--------------------------------------------------
separating paper......
process carried out at separation unit ID: 74885833
{ recyclable of type P dropped into box....}
Box has ID: 1504321715
--------------------------------------------------
separating paper......
process carried out at separation unit ID: 74885833
{ recyclable of type P dropped into box....}
Box has ID: 1504321715
--------------------------------------------------
separating paper......
process carried out at separation unit ID: 74885833
{ recyclable of type P dropped into box....}
Box has ID: 1504321715
--------------------------------------------------
separating paper......
process carried out at separation unit ID: 74885833
{ recyclable of type P dropped into box....}
Box has ID: 1504321715
--------------------------------------------------
separating paper......
process carried out at separation unit ID: 74885833
{ recyclable of type P dropped into box....}
Box has ID: 1504321715
--------------------------------------------------
separating paper......
process carried out at separation unit ID: 74885833
{ recyclable of type P dropped into box....}
Box has ID: 1504321715
--------------------------------------------------
separating paper......
process carried out at separation unit ID: 74885833
{ recyclable of type P dropped into box....}
Box has ID: 1504321715
--------------------------------------------------
separating paper......
process carried out at separation unit ID: 74885833
{ recyclable of type P dropped into box....}
Box has ID: 1504321715
--------------------------------------------------
separating paper......
process carried out at separation unit ID: 74885833
{ recyclable of type P dropped into box....}
Box has ID: 1504321715
--------------------------------------------------
separating paper......
process carried out at separation unit ID: 74885833
{ recyclable of type P dropped into box....}
Box has ID: 1504321715
--------------------------------------------------
separating paper......
process carried out at separation unit ID: 74885833
{ recyclable of type P dropped into box....}
Box has ID: 1504321715
--------------------------------------------------
separating paper......
process carried out at separation unit ID: 74885833
{ recyclable of type P dropped into box....}
Box has ID: 1504321715
--------------------------------------------------
separating paper......
process carried out at separation unit ID: 74885833
{ recyclable of type P dropped into box....}
Box has ID: 1504321715
--------------------------------------------------
separating paper......
process carried out at separation unit ID: 74885833
{ recyclable of type P dropped into box....}
Box has ID: 1504321715
--------------------------------------------------
separating paper......
process carried out at separation unit ID: 74885833
{ recyclable of type P dropped into box....}
Box has ID: 1504321715
--------------------------------------------------
separating paper......
process carried out at separation unit ID: 74885833
{ recyclable of type P dropped into box....}
Box has ID: 1504321715
--------------------------------------------------
separating paper......
process carried out at separation unit ID: 74885833
{ recyclable of type P dropped into box....}
Box has ID: 1504321715
--------------------------------------------------
separating paper......
process carried out at separation unit ID: 74885833
{ recyclable of type P dropped into box....}
Box has ID: 1504321715
--------------------------------------------------
separating paper......
process carried out at separation unit ID: 74885833
{ recyclable of type P dropped into box....}
Box has ID: 1504321715
--------------------------------------------------
separating paper......
process carried out at separation unit ID: 74885833
{ recyclable of type P dropped into box....}
Box has ID: 1504321715
--------------------------------------------------
separating paper......
process carried out at separation unit ID: 74885833
{ recyclable of type P dropped into box....}
Box has ID: 1504321715
--------------------------------------------------
separating paper......
process carried out at separation unit ID: 74885833
{ recyclable of type P dropped into box....}
Box has ID: 1504321715
--------------------------------------------------
separating paper......
process carried out at separation unit ID: 74885833
{ recyclable of type P dropped into box....}
Box has ID: 1504321715
--------------------------------------------------
separating paper......
process carried out at separation unit ID: 74885833
{ recyclable of type P dropped into box....}
Box has ID: 1504321715
--------------------------------------------------
separating paper......
process carried out at separation unit ID: 74885833
{ recyclable of type P dropped into box....}
Box has ID: 1504321715
--------------------------------------------------
separating paper......
process carried out at separation unit ID: 74885833
{ recyclable of type P dropped into box....}
Box has ID: 1504321715
--------------------------------------------------
separating paper......
process carried out at separation unit ID: 74885833
{ recyclable of type P dropped into box....}
Box has ID: 1504321715
--------------------------------------------------
separating paper......
process carried out at separation unit ID: 74885833
{ recyclable of type P dropped into box....}
Box has ID: 1504321715
--------------------------------------------------
separating paper......
process carried out at separation unit ID: 74885833
{ recyclable of type P dropped into box....}
Box has ID: 1504321715
--------------------------------------------------
separating paper......
process carried out at separation unit ID: 74885833
{ recyclable of type P dropped into box....}
Box has ID: 1504321715
--------------------------------------------------
separating paper......
process carried out at separation unit ID: 74885833
{ recyclable of type P dropped into box....}
Box has ID: 1504321715
--------------------------------------------------
separating paper......
process carried out at separation unit ID: 74885833
{ recyclable of type P dropped into box....}
Box has ID: 1504321715
--------------------------------------------------
separating paper......
process carried out at separation unit ID: 74885833
{ recyclable of type P dropped into box....}
Box has ID: 1504321715
--------------------------------------------------
separating paper......
process carried out at separation unit ID: 74885833
{ recyclable of type P dropped into box....}
Box has ID: 1504321715
--------------------------------------------------
separating paper......
process carried out at separation unit ID: 74885833
{ recyclable of type P dropped into box....}
Box has ID: 1504321715
--------------------------------------------------
separating paper......
process carried out at separation unit ID: 74885833
{ recyclable of type P dropped into box....}
Box has ID: 1504321715
--------------------------------------------------
separating paper......
process carried out at separation unit ID: 74885833
{ recyclable of type P dropped into box....}
Box has ID: 1504321715
--------------------------------------------------
separating paper......
process carried out at separation unit ID: 74885833
{ recyclable of type P dropped into box....}
Box has ID: 1504321715
--------------------------------------------------
separating paper......
process carried out at separation unit ID: 74885833
{ recyclable of type P dropped into box....}
Box has ID: 1504321715
--------------------------------------------------
separating paper......
process carried out at separation unit ID: 74885833
{ recyclable of type P dropped into box....}
Box has ID: 1504321715
--------------------------------------------------
separating paper......
process carried out at separation unit ID: 74885833
{ recyclable of type P dropped into box....}
Box has ID: 1504321715
--------------------------------------------------
separating paper......
process carried out at separation unit ID: 74885833
{ recyclable of type P dropped into box....}
Box has ID: 1504321715
--------------------------------------------------
separating paper......
process carried out at separation unit ID: 74885833
{ recyclable of type P dropped into box....}
Box has ID: 1504321715
--------------------------------------------------
separating paper......
process carried out at separation unit ID: 74885833
{ recyclable of type P dropped into box....}
Box has ID: 1504321715
--------------------------------------------------
separating paper......
process carried out at separation unit ID: 74885833
{ recyclable of type P dropped into box....}
Box has ID: 1504321715
--------------------------------------------------
separating paper......
process carried out at separation unit ID: 74885833
{ recyclable of type P dropped into box....}
Box has ID: 1504321715
--------------------------------------------------
separating paper......
process carried out at separation unit ID: 74885833
{ recyclable of type P dropped into box....}
Box has ID: 1504321715
--------------------------------------------------
separating paper......
process carried out at separation unit ID: 74885833
{ recyclable of type P dropped into box....}
Box has ID: 1504321715
--------------------------------------------------
separating paper......
process carried out at separation unit ID: 74885833
{ recyclable of type P dropped into box....}
Box has ID: 1504321715
--------------------------------------------------
separating paper......
process carried out at separation unit ID: 74885833
{ recyclable of type P dropped into box....}
Box has ID: 1504321715
--------------------------------------------------
separating paper......
process carried out at separation unit ID: 74885833
{ recyclable of type P dropped into box....}
Box has ID: 1504321715
--------------------------------------------------
separating paper......
process carried out at separation unit ID: 74885833
{ recyclable of type P dropped into box....}
Box has ID: 1504321715
--------------------------------------------------
separating paper......
process carried out at separation unit ID: 74885833
{ recyclable of type P dropped into box....}
Box has ID: 1504321715
--------------------------------------------------
separating paper......
process carried out at separation unit ID: 74885833
{ recyclable of type P dropped into box....}
Box has ID: 1504321715
--------------------------------------------------
separating paper......
process carried out at separation unit ID: 74885833
{ recyclable of type P dropped into box....}
Box has ID: 1504321715
--------------------------------------------------
separating paper......
process carried out at separation unit ID: 74885833
{ recyclable of type P dropped into box....}
Box has ID: 1504321715
--------------------------------------------------
separating paper......
process carried out at separation unit ID: 74885833
{ recyclable of type P dropped into box....}
Box has ID: 1504321715
--------------------------------------------------
separating paper......
process carried out at separation unit ID: 74885833
{ recyclable of type P dropped into box....}
Box has ID: 1504321715
--------------------------------------------------
separating paper......
process carried out at separation unit ID: 74885833
{ recyclable of type P dropped into box....}
Box has ID: 1504321715
--------------------------------------------------
separating paper......
process carried out at separation unit ID: 74885833
{ recyclable of type P dropped into box....}
Box has ID: 1504321715
--------------------------------------------------
separating paper......
process carried out at separation unit ID: 74885833
{ recyclable of type P dropped into box....}
Box has ID: 1504321715
--------------------------------------------------
separating paper......
process carried out at separation unit ID: 74885833
{ recyclable of type P dropped into box....}
Box has ID: 1504321715
--------------------------------------------------
separating paper......
process carried out at separation unit ID: 74885833
{ recyclable of type P dropped into box....}
Box has ID: 1504321715
--------------------------------------------------
separating paper......
process carried out at separation unit ID: 74885833
{ recyclable of type P dropped into box....}
Box has ID: 1504321715
--------------------------------------------------
separating paper......
process carried out at separation unit ID: 74885833
{ recyclable of type P dropped into box....}
Box has ID: 1504321715
--------------------------------------------------
separating paper......
process carried out at separation unit ID: 74885833
{ recyclable of type P dropped into box....}
Box has ID: 1504321715
--------------------------------------------------
separating paper......
process carried out at separation unit ID: 74885833
{ recyclable of type P dropped into box....}
Box has ID: 1504321715
--------------------------------------------------
separating paper......
process carried out at separation unit ID: 74885833
{ recyclable of type P dropped into box....}
Box has ID: 1504321715
--------------------------------------------------
separating paper......
process carried out at separation unit ID: 74885833
{ recyclable of type P dropped into box....}
Box has ID: 1504321715
--------------------------------------------------
separating paper......
process carried out at separation unit ID: 74885833
{ recyclable of type P dropped into box....}
Box has ID: 1504321715
--------------------------------------------------
separating paper......
process carried out at separation unit ID: 74885833
{ recyclable of type P dropped into box....}
Box has ID: 1504321715
--------------------------------------------------
separating paper......
process carried out at separation unit ID: 74885833
{ recyclable of type P dropped into box....}
Box has ID: 1504321715
--------------------------------------------------
separating paper......
process carried out at separation unit ID: 74885833
{ recyclable of type P dropped into box....}
Box has ID: 1504321715
--------------------------------------------------
separating paper......
process carried out at separation unit ID: 74885833
{ recyclable of type P dropped into box....}
Box has ID: 1504321715
--------------------------------------------------
separating paper......
process carried out at separation unit ID: 74885833
{ recyclable of type P dropped into box....}
Box has ID: 1504321715
--------------------------------------------------
separating paper......
process carried out at separation unit ID: 74885833
{ recyclable of type P dropped into box....}
Box has ID: 1504321715
--------------------------------------------------
separating paper......
process carried out at separation unit ID: 74885833
{ recyclable of type P dropped into box....}
Box has ID: 1504321715
--------------------------------------------------
separating paper......
process carried out at separation unit ID: 74885833
{ recyclable of type P dropped into box....}
Box has ID: 1504321715
--------------------------------------------------
separating paper......
process carried out at separation unit ID: 74885833
{ recyclable of type P dropped into box....}
Box has ID: 1504321715
--------------------------------------------------
separating paper......
process carried out at separation unit ID: 74885833
{ recyclable of type P dropped into box....}
Box has ID: 1504321715
--------------------------------------------------
separating paper......
process carried out at separation unit ID: 74885833
{ recyclable of type P dropped into box....}
Box has ID: 1504321715
--------------------------------------------------
separating paper......
process carried out at separation unit ID: 74885833
{ recyclable of type P dropped into box....}
Box has ID: 1504321715
--------------------------------------------------
separating paper......
process carried out at separation unit ID: 74885833
{ recyclable of type P dropped into box....}
Box has ID: 1504321715
--------------------------------------------------
separating paper......
process carried out at separation unit ID: 74885833
{ recyclable of type P dropped into box....}
Box has ID: 1504321715
--------------------------------------------------
separating paper......
process carried out at separation unit ID: 74885833
{ recyclable of type P dropped into box....}
Box has ID: 1504321715
--------------------------------------------------
separating paper......
process carried out at separation unit ID: 74885833
{ recyclable of type P dropped into box....}
Box has ID: 1504321715
--------------------------------------------------
separating paper......
process carried out at separation unit ID: 74885833
{ recyclable of type P dropped into box....}
Box has ID: 1504321715
--------------------------------------------------
separating paper......
process carried out at separation unit ID: 74885833
{ recyclable of type P dropped into box....}
Box has ID: 1504321715
--------------------------------------------------
separating paper......
process carried out at separation unit ID: 74885833
{ recyclable of type P dropped into box....}
Box has ID: 1504321715
--------------------------------------------------
separating paper......
process carried out at separation unit ID: 74885833
{ recyclable of type P dropped into box....}
Box has ID: 1504321715
--------------------------------------------------
separating paper......
process carried out at separation unit ID: 74885833
{ recyclable of type P dropped into box....}
Box has ID: 1504321715
--------------------------------------------------
separating paper......
process carried out at separation unit ID: 74885833
{ recyclable of type P dropped into box....}
Box has ID: 1504321715
--------------------------------------------------
separating paper......
process carried out at separation unit ID: 74885833
{ recyclable of type P dropped into box....}
Box has ID: 1504321715
--------------------------------------------------
separating paper......
process carried out at separation unit ID: 74885833
{ recyclable of type P dropped into box....}
Box has ID: 1504321715
--------------------------------------------------
separating paper......
process carried out at separation unit ID: 74885833
{ recyclable of type P dropped into box....}
Box has ID: 1504321715
--------------------------------------------------
separating paper......
process carried out at separation unit ID: 74885833
{ recyclable of type P dropped into box....}
Box has ID: 1504321715
--------------------------------------------------
separating paper......
process carried out at separation unit ID: 74885833
{ recyclable of type P dropped into box....}
Box has ID: 1504321715
--------------------------------------------------
separating paper......
process carried out at separation unit ID: 74885833
{ recyclable of type P dropped into box....}
Box has ID: 1504321715
--------------------------------------------------
separating paper......
process carried out at separation unit ID: 74885833
{ recyclable of type P dropped into box....}
Box has ID: 1504321715
--------------------------------------------------
separating paper......
process carried out at separation unit ID: 74885833
{ recyclable of type P dropped into box....}
Box has ID: 1504321715
--------------------------------------------------
separating paper......
process carried out at separation unit ID: 74885833
{ recyclable of type P dropped into box....}
Box has ID: 1504321715
--------------------------------------------------
separating paper......
process carried out at separation unit ID: 74885833
{ recyclable of type P dropped into box....}
Box has ID: 1504321715
--------------------------------------------------
separating paper......
process carried out at separation unit ID: 74885833
{ recyclable of type P dropped into box....}
Box has ID: 1504321715
--------------------------------------------------
separating paper......
process carried out at separation unit ID: 74885833
{ recyclable of type P dropped into box....}
Box has ID: 1504321715
--------------------------------------------------
separating paper......
process carried out at separation unit ID: 74885833
{ recyclable of type P dropped into box....}
Box has ID: 1504321715
--------------------------------------------------
separating paper......
process carried out at separation unit ID: 74885833
{ recyclable of type P dropped into box....}
Box has ID: 1504321715
--------------------------------------------------
separating paper......
process carried out at separation unit ID: 74885833
{ recyclable of type P dropped into box....}
Box has ID: 1504321715
--------------------------------------------------
separating paper......
process carried out at separation unit ID: 74885833
{ recyclable of type P dropped into box....}
Box has ID: 1504321715
--------------------------------------------------
separating paper......
process carried out at separation unit ID: 74885833
{ recyclable of type P dropped into box....}
Box has ID: 1504321715
--------------------------------------------------
separating paper......
process carried out at separation unit ID: 74885833
{ recyclable of type P dropped into box....}
Box has ID: 1504321715
--------------------------------------------------
separating paper......
process carried out at separation unit ID: 74885833
{ recyclable of type P dropped into box....}
Box has ID: 1504321715
--------------------------------------------------
separating paper......
process carried out at separation unit ID: 74885833
{ recyclable of type P dropped into box....}
Box has ID: 1504321715
--------------------------------------------------
separating paper......
process carried out at separation unit ID: 74885833
{ recyclable of type P dropped into box....}
Box has ID: 1504321715
--------------------------------------------------
separating paper......
process carried out at separation unit ID: 74885833
{ recyclable of type P dropped into box....}
Box has ID: 1504321715
--------------------------------------------------
separating paper......
process carried out at separation unit ID: 74885833
{ recyclable of type P dropped into box....}
Box has ID: 1504321715
--------------------------------------------------
separating paper......
process carried out at separation unit ID: 74885833
{ recyclable of type P dropped into box....}
Box has ID: 1504321715
--------------------------------------------------
separating paper......
process carried out at separation unit ID: 74885833
{ recyclable of type P dropped into box....}
Box has ID: 1504321715
--------------------------------------------------
separating paper......
process carried out at separation unit ID: 74885833
{ recyclable of type P dropped into box....}
Box has ID: 1504321715
--------------------------------------------------
separating paper......
process carried out at separation unit ID: 74885833
{ recyclable of type P dropped into box....}
Box has ID: 1504321715
--------------------------------------------------
separating paper......
process carried out at separation unit ID: 74885833
{ recyclable of type P dropped into box....}
Box has ID: 1504321715
--------------------------------------------------
separating paper......
process carried out at separation unit ID: 74885833
{ recyclable of type P dropped into box....}
Box has ID: 1504321715
--------------------------------------------------
separating paper......
process carried out at separation unit ID: 74885833
{ recyclable of type P dropped into box....}
Box has ID: 1504321715
--------------------------------------------------
separating paper......
process carried out at separation unit ID: 74885833
{ recyclable of type P dropped into box....}
Box has ID: 1504321715
--------------------------------------------------
separating paper......
process carried out at separation unit ID: 74885833
{ recyclable of type P dropped into box....}
Box has ID: 1504321715
--------------------------------------------------
separating paper......
process carried out at separation unit ID: 74885833
{ recyclable of type P dropped into box....}
Box has ID: 1504321715
--------------------------------------------------
separating paper......
process carried out at separation unit ID: 74885833
{ recyclable of type P dropped into box....}
Box has ID: 1504321715
--------------------------------------------------
separating paper......
process carried out at separation unit ID: 74885833
{ recyclable of type P dropped into box....}
Box has ID: 1504321715
--------------------------------------------------
separating paper......
process carried out at separation unit ID: 74885833
{ recyclable of type P dropped into box....}
Box has ID: 1504321715
--------------------------------------------------
separating paper......
process carried out at separation unit ID: 74885833
{ recyclable of type P dropped into box....}
Box has ID: 1504321715
--------------------------------------------------
separating paper......
process carried out at separation unit ID: 74885833
{ recyclable of type P dropped into box....}
Box has ID: 1504321715
--------------------------------------------------
separating paper......
process carried out at separation unit ID: 74885833
{ recyclable of type P dropped into box....}
Box has ID: 1504321715
--------------------------------------------------
separating paper......
process carried out at separation unit ID: 74885833
{ recyclable of type P dropped into box....}
Box has ID: 1504321715
--------------------------------------------------
separating paper......
process carried out at separation unit ID: 74885833
{ recyclable of type P dropped into box....}
Box has ID: 1504321715
--------------------------------------------------
separating paper......
process carried out at separation unit ID: 74885833
{ recyclable of type P dropped into box....}
Box has ID: 1504321715
--------------------------------------------------
separating paper......
process carried out at separation unit ID: 74885833
{ recyclable of type P dropped into box....}
Box has ID: 1504321715
--------------------------------------------------
separating paper......
process carried out at separation unit ID: 74885833
{ recyclable of type P dropped into box....}
Box has ID: 1504321715
--------------------------------------------------
separating paper......
process carried out at separation unit ID: 74885833
{ recyclable of type P dropped into box....}
Box has ID: 1504321715
--------------------------------------------------
separating paper......
process carried out at separation unit ID: 74885833
{ recyclable of type P dropped into box....}
Box has ID: 1504321715
--------------------------------------------------
separating paper......
process carried out at separation unit ID: 74885833
{ recyclable of type P dropped into box....}
Box has ID: 1504321715
--------------------------------------------------
separating paper......
process carried out at separation unit ID: 74885833
{ recyclable of type P dropped into box....}
Box has ID: 1504321715
--------------------------------------------------
separating paper......
process carried out at separation unit ID: 74885833
{ recyclable of type P dropped into box....}
Box has ID: 1504321715
--------------------------------------------------
separating paper......
process carried out at separation unit ID: 74885833
{ recyclable of type P dropped into box....}
Box has ID: 1504321715
--------------------------------------------------
separating paper......
process carried out at separation unit ID: 74885833
{ recyclable of type P dropped into box....}
Box has ID: 1504321715
--------------------------------------------------
separating paper......
process carried out at separation unit ID: 74885833
{ recyclable of type P dropped into box....}
Box has ID: 1504321715
--------------------------------------------------
separating paper......
process carried out at separation unit ID: 74885833
{ recyclable of type P dropped into box....}
Box has ID: 1504321715
--------------------------------------------------
separating paper......
process carried out at separation unit ID: 74885833
{ recyclable of type P dropped into box....}
Box has ID: 1504321715
--------------------------------------------------
separating paper......
process carried out at separation unit ID: 74885833
{ recyclable of type P dropped into box....}
Box has ID: 1504321715
--------------------------------------------------
separating paper......
process carried out at separation unit ID: 74885833
{ recyclable of type P dropped into box....}
Box has ID: 1504321715
--------------------------------------------------
separating paper......
process carried out at separation unit ID: 74885833
{ recyclable of type P dropped into box....}
Box has ID: 1504321715
--------------------------------------------------
separating paper......
process carried out at separation unit ID: 74885833
{ recyclable of type P dropped into box....}
Box has ID: 1504321715
--------------------------------------------------
separating paper......
process carried out at separation unit ID: 74885833
{ recyclable of type P dropped into box....}
Box has ID: 1504321715
--------------------------------------------------
separating paper......
process carried out at separation unit ID: 74885833
{ recyclable of type P dropped into box....}
Box has ID: 1504321715
--------------------------------------------------
separating paper......
process carried out at separation unit ID: 74885833
{ recyclable of type P dropped into box....}
Box has ID: 1504321715
--------------------------------------------------
separating paper......
process carried out at separation unit ID: 74885833
{ recyclable of type P dropped into box....}
Box has ID: 1504321715
--------------------------------------------------
separating paper......
process carried out at separation unit ID: 74885833
{ recyclable of type P dropped into box....}
Box has ID: 1504321715
--------------------------------------------------
separating paper......
process carried out at separation unit ID: 74885833
{ recyclable of type P dropped into box....}
Box has ID: 1504321715
--------------------------------------------------
separating paper......
process carried out at separation unit ID: 74885833
{ recyclable of type P dropped into box....}
Box has ID: 1504321715
--------------------------------------------------
separating paper......
process carried out at separation unit ID: 74885833
{ recyclable of type P dropped into box....}
Box has ID: 1504321715
--------------------------------------------------
separating paper......
process carried out at separation unit ID: 74885833
{ recyclable of type P dropped into box....}
Box has ID: 1504321715
--------------------------------------------------
separating paper......
process carried out at separation unit ID: 74885833
{ recyclable of type P dropped into box....}
Box has ID: 1504321715
--------------------------------------------------
separating paper......
process carried out at separation unit ID: 74885833
{ recyclable of type P dropped into box....}
Box has ID: 1504321715
--------------------------------------------------
separating paper......
process carried out at separation unit ID: 74885833
{ recyclable of type P dropped into box....}
Box has ID: 1504321715
--------------------------------------------------
separating paper......
process carried out at separation unit ID: 74885833
{ recyclable of type P dropped into box....}
Box has ID: 1504321715
--------------------------------------------------
separating paper......
process carried out at separation unit ID: 74885833
{ recyclable of type P dropped into box....}
Box has ID: 1504321715
--------------------------------------------------
separating paper......
process carried out at separation unit ID: 74885833
{ recyclable of type P dropped into box....}
Box has ID: 1504321715
--------------------------------------------------
separating paper......
process carried out at separation unit ID: 74885833
{ recyclable of type P dropped into box....}
Box has ID: 1504321715
--------------------------------------------------
separating paper......
process carried out at separation unit ID: 74885833
{ recyclable of type P dropped into box....}
Box has ID: 1504321715
--------------------------------------------------
separating paper......
process carried out at separation unit ID: 74885833
{ recyclable of type P dropped into box....}
Box has ID: 1504321715
--------------------------------------------------
separating paper......
process carried out at separation unit ID: 74885833
{ recyclable of type P dropped into box....}
Box has ID: 1504321715
--------------------------------------------------
separating paper......
process carried out at separation unit ID: 74885833
{ recyclable of type P dropped into box....}
Box has ID: 1504321715
--------------------------------------------------
separating paper......
process carried out at separation unit ID: 74885833
{ recyclable of type P dropped into box....}
Box has ID: 1504321715
--------------------------------------------------
separating paper......
process carried out at separation unit ID: 74885833
{ recyclable of type P dropped into box....}
Box has ID: 1504321715
--------------------------------------------------
separating paper......
process carried out at separation unit ID: 74885833
{ recyclable of type P dropped into box....}
Box has ID: 1504321715
--------------------------------------------------
separating paper......
process carried out at separation unit ID: 74885833
{ recyclable of type P dropped into box....}
Box has ID: 1504321715
--------------------------------------------------
separating paper......
process carried out at separation unit ID: 74885833
{ recyclable of type P dropped into box....}
Box has ID: 1504321715
--------------------------------------------------
separating paper......
process carried out at separation unit ID: 74885833
{ recyclable of type P dropped into box....}
Box has ID: 1504321715
--------------------------------------------------
separating paper......
process carried out at separation unit ID: 74885833
{ recyclable of type P dropped into box....}
Box has ID: 1504321715
--------------------------------------------------
separating paper......
process carried out at separation unit ID: 74885833
{ recyclable of type P dropped into box....}
Box has ID: 1504321715
--------------------------------------------------
separating paper......
process carried out at separation unit ID: 74885833
{ recyclable of type P dropped into box....}
Box has ID: 1504321715
--------------------------------------------------
separating paper......
process carried out at separation unit ID: 74885833
{ recyclable of type P dropped into box....}
Box has ID: 1504321715
--------------------------------------------------
separating paper......
process carried out at separation unit ID: 74885833
{ recyclable of type P dropped into box....}
Box has ID: 1504321715
--------------------------------------------------
separating paper......
process carried out at separation unit ID: 74885833
{ recyclable of type P dropped into box....}
Box has ID: 1504321715
--------------------------------------------------
separating paper......
process carried out at separation unit ID: 74885833
{ recyclable of type P dropped into box....}
Box has ID: 1504321715
--------------------------------------------------
separating paper......
process carried out at separation unit ID: 74885833
{ recyclable of type P dropped into box....}
Box has ID: 1504321715
--------------------------------------------------
separating paper......
process carried out at separation unit ID: 74885833
{ recyclable of type P dropped into box....}
Box has ID: 1504321715
--------------------------------------------------
separating paper......
process carried out at separation unit ID: 74885833
{ recyclable of type P dropped into box....}
Box has ID: 1504321715
--------------------------------------------------
separating paper......
process carried out at separation unit ID: 74885833
{ recyclable of type P dropped into box....}
Box has ID: 1504321715
--------------------------------------------------
separating paper......
process carried out at separation unit ID: 74885833
{ recyclable of type P dropped into box....}
Box has ID: 1504321715
--------------------------------------------------
separating paper......
process carried out at separation unit ID: 74885833
{ recyclable of type P dropped into box....}
Box has ID: 1504321715
--------------------------------------------------
separating paper......
process carried out at separation unit ID: 74885833
{ recyclable of type P dropped into box....}
Box has ID: 1504321715
--------------------------------------------------
separating paper......
process carried out at separation unit ID: 74885833
{ recyclable of type P dropped into box....}
Box has ID: 1504321715
--------------------------------------------------
separating paper......
process carried out at separation unit ID: 74885833
{ recyclable of type P dropped into box....}
Box has ID: 1504321715
--------------------------------------------------
separating paper......
process carried out at separation unit ID: 74885833
{ recyclable of type P dropped into box....}
Box has ID: 1504321715
--------------------------------------------------
separating paper......
process carried out at separation unit ID: 74885833
{ recyclable of type P dropped into box....}
Box has ID: 1504321715
--------------------------------------------------
separating paper......
process carried out at separation unit ID: 74885833
{ recyclable of type P dropped into box....}
Box has ID: 1504321715
--------------------------------------------------
separating paper......
process carried out at separation unit ID: 74885833
{ recyclable of type P dropped into box....}
Box has ID: 1504321715
--------------------------------------------------
separating paper......
process carried out at separation unit ID: 74885833
{ recyclable of type P dropped into box....}
Box has ID: 1504321715
--------------------------------------------------
separating paper......
process carried out at separation unit ID: 74885833
{ recyclable of type P dropped into box....}
Box has ID: 1504321715
--------------------------------------------------
separating paper......
process carried out at separation unit ID: 74885833
{ recyclable of type P dropped into box....}
Box has ID: 1504321715
--------------------------------------------------
separating paper......
process carried out at separation unit ID: 74885833
{ recyclable of type P dropped into box....}
Box has ID: 1504321715
--------------------------------------------------
separating paper......
process carried out at separation unit ID: 74885833
{ recyclable of type P dropped into box....}
Box has ID: 1504321715
--------------------------------------------------
separating paper......
process carried out at separation unit ID: 74885833
{ recyclable of type P dropped into box....}
Box has ID: 1504321715
--------------------------------------------------
separating paper......
process carried out at separation unit ID: 74885833
{ recyclable of type P dropped into box....}
Box has ID: 1504321715
--------------------------------------------------
separating paper......
process carried out at separation unit ID: 74885833
{ recyclable of type P dropped into box....}
Box has ID: 1504321715
--------------------------------------------------
separating paper......
process carried out at separation unit ID: 74885833
{ recyclable of type P dropped into box....}
Box has ID: 1504321715
--------------------------------------------------
separating paper......
process carried out at separation unit ID: 74885833
{ recyclable of type P dropped into box....}
Box has ID: 1504321715
--------------------------------------------------
separating paper......
process carried out at separation unit ID: 74885833
{ recyclable of type P dropped into box....}
Box has ID: 1504321715
--------------------------------------------------
separating paper......
process carried out at separation unit ID: 74885833
{ recyclable of type P dropped into box....}
Box has ID: 1504321715
--------------------------------------------------
separating paper......
process carried out at separation unit ID: 74885833
{ recyclable of type P dropped into box....}
Box has ID: 1504321715
--------------------------------------------------
separating paper......
process carried out at separation unit ID: 74885833
{ recyclable of type P dropped into box....}
Box has ID: 1504321715
--------------------------------------------------
separating paper......
process carried out at separation unit ID: 74885833
{ recyclable of type P dropped into box....}
Box has ID: 1504321715
--------------------------------------------------
separating paper......
process carried out at separation unit ID: 74885833
{ recyclable of type P dropped into box....}
Box has ID: 1504321715
--------------------------------------------------
separating paper......
process carried out at separation unit ID: 74885833
{ recyclable of type P dropped into box....}
Box has ID: 1504321715
--------------------------------------------------
separating paper......
process carried out at separation unit ID: 74885833
{ recyclable of type P dropped into box....}
Box has ID: 1504321715
--------------------------------------------------
separating paper......
process carried out at separation unit ID: 74885833
{ recyclable of type P dropped into box....}
Box has ID: 1504321715
--------------------------------------------------
separating paper......
process carried out at separation unit ID: 74885833
{ recyclable of type P dropped into box....}
Box has ID: 1504321715
--------------------------------------------------
separating paper......
process carried out at separation unit ID: 74885833
{ recyclable of type P dropped into box....}
Box has ID: 1504321715
--------------------------------------------------
separating paper......
process carried out at separation unit ID: 74885833
{ recyclable of type P dropped into box....}
Box has ID: 1504321715
--------------------------------------------------
separating paper......
process carried out at separation unit ID: 74885833
{ recyclable of type P dropped into box....}
Box has ID: 1504321715
--------------------------------------------------
separating paper......
process carried out at separation unit ID: 74885833
{ recyclable of type P dropped into box....}
Box has ID: 1504321715
--------------------------------------------------
separating paper......
process carried out at separation unit ID: 74885833
{ recyclable of type P dropped into box....}
Box has ID: 1504321715
--------------------------------------------------
separating paper......
process carried out at separation unit ID: 74885833
{ recyclable of type P dropped into box....}
Box has ID: 1504321715
--------------------------------------------------
separating paper......
process carried out at separation unit ID: 74885833
{ recyclable of type P dropped into box....}
Box has ID: 1504321715
--------------------------------------------------
separating paper......
process carried out at separation unit ID: 74885833
{ recyclable of type P dropped into box....}
Box has ID: 1504321715
--------------------------------------------------
separating paper......
process carried out at separation unit ID: 74885833
{ recyclable of type P dropped into box....}
Box has ID: 1504321715
--------------------------------------------------
separating paper......
process carried out at separation unit ID: 74885833
{ recyclable of type P dropped into box....}
Box has ID: 1504321715
--------------------------------------------------
separating paper......
process carried out at separation unit ID: 74885833
{ recyclable of type P dropped into box....}
Box has ID: 1504321715
--------------------------------------------------
separating paper......
process carried out at separation unit ID: 74885833
{ recyclable of type P dropped into box....}
Box has ID: 1504321715
--------------------------------------------------
separating paper......
process carried out at separation unit ID: 74885833
{ recyclable of type P dropped into box....}
Box has ID: 1504321715
--------------------------------------------------
separating paper......
process carried out at separation unit ID: 74885833
{ recyclable of type P dropped into box....}
Box has ID: 1504321715
--------------------------------------------------
separating paper......
process carried out at separation unit ID: 74885833
{ recyclable of type P dropped into box....}
Box has ID: 1504321715
--------------------------------------------------
separating paper......
process carried out at separation unit ID: 74885833
{ recyclable of type P dropped into box....}
Box has ID: 1504321715
--------------------------------------------------
separating paper......
process carried out at separation unit ID: 74885833
{ recyclable of type P dropped into box....}
Box has ID: 1504321715
--------------------------------------------------
separating paper......
process carried out at separation unit ID: 74885833
{ recyclable of type P dropped into box....}
Box has ID: 1504321715
--------------------------------------------------
separating paper......
process carried out at separation unit ID: 74885833
{ recyclable of type P dropped into box....}
Box has ID: 1504321715
--------------------------------------------------
separating paper......
process carried out at separation unit ID: 74885833
{ recyclable of type P dropped into box....}
Box has ID: 1504321715
--------------------------------------------------
separating paper......
process carried out at separation unit ID: 74885833
{ recyclable of type P dropped into box....}
Box has ID: 1504321715
--------------------------------------------------
separating paper......
process carried out at separation unit ID: 74885833
{ recyclable of type P dropped into box....}
Box has ID: 1504321715
--------------------------------------------------
separating paper......
process carried out at separation unit ID: 74885833
{ recyclable of type P dropped into box....}
Box has ID: 1504321715
--------------------------------------------------
separating paper......
process carried out at separation unit ID: 74885833
{ recyclable of type P dropped into box....}
Box has ID: 1504321715
--------------------------------------------------
separating paper......
process carried out at separation unit ID: 74885833
{ recyclable of type P dropped into box....}
Box has ID: 1504321715
--------------------------------------------------
separating paper......
process carried out at separation unit ID: 74885833
{ recyclable of type P dropped into box....}
Box has ID: 1504321715
--------------------------------------------------
separating paper......
process carried out at separation unit ID: 74885833
{ recyclable of type P dropped into box....}
Box has ID: 1504321715
--------------------------------------------------
separating paper......
process carried out at separation unit ID: 74885833
{ recyclable of type P dropped into box....}
Box has ID: 1504321715
--------------------------------------------------
separating paper......
process carried out at separation unit ID: 74885833
{ recyclable of type P dropped into box....}
Box has ID: 1504321715
--------------------------------------------------
separating paper......
process carried out at separation unit ID: 74885833
{ recyclable of type P dropped into box....}
Box has ID: 1504321715
--------------------------------------------------
separating paper......
process carried out at separation unit ID: 74885833
{ recyclable of type P dropped into box....}
Box has ID: 1504321715
--------------------------------------------------
separating paper......
process carried out at separation unit ID: 74885833
{ recyclable of type P dropped into box....}
Box has ID: 1504321715
--------------------------------------------------
separating paper......
process carried out at separation unit ID: 74885833
{ recyclable of type P dropped into box....}
Box has ID: 1504321715
--------------------------------------------------
separating paper......
process carried out at separation unit ID: 74885833
{ recyclable of type P dropped into box....}
Box has ID: 1504321715
--------------------------------------------------
separating paper......
process carried out at separation unit ID: 74885833
{ recyclable of type P dropped into box....}
Box has ID: 1504321715
--------------------------------------------------
separating paper......
process carried out at separation unit ID: 74885833
{ recyclable of type P dropped into box....}
Box has ID: 1504321715
--------------------------------------------------
separating paper......
process carried out at separation unit ID: 74885833
{ recyclable of type P dropped into box....}
Box has ID: 1504321715
--------------------------------------------------
separating paper......
process carried out at separation unit ID: 74885833
{ recyclable of type P dropped into box....}
Box has ID: 1504321715
--------------------------------------------------
separating paper......
process carried out at separation unit ID: 74885833
{ recyclable of type P dropped into box....}
Box has ID: 1504321715
--------------------------------------------------
separating paper......
process carried out at separation unit ID: 74885833
{ recyclable of type P dropped into box....}
Box has ID: 1504321715
--------------------------------------------------
separating paper......
process carried out at separation unit ID: 74885833
{ recyclable of type P dropped into box....}
Box has ID: 1504321715
--------------------------------------------------
separating paper......
process carried out at separation unit ID: 74885833
{ recyclable of type P dropped into box....}
Box has ID: 1504321715
--------------------------------------------------
separating paper......
process carried out at separation unit ID: 74885833
{ recyclable of type P dropped into box....}
Box has ID: 1504321715
--------------------------------------------------
separating paper......
process carried out at separation unit ID: 74885833
{ recyclable of type P dropped into box....}
Box has ID: 1504321715
--------------------------------------------------
separating paper......
process carried out at separation unit ID: 74885833
{ recyclable of type P dropped into box....}
Box has ID: 1504321715
--------------------------------------------------
separating paper......
process carried out at separation unit ID: 74885833
{ recyclable of type P dropped into box....}
Box has ID: 1504321715
--------------------------------------------------
separating paper......
process carried out at separation unit ID: 74885833
{ recyclable of type P dropped into box....}
Box has ID: 1504321715
--------------------------------------------------
separating paper......
process carried out at separation unit ID: 74885833
{ recyclable of type P dropped into box....}
Box has ID: 1504321715
--------------------------------------------------
separating paper......
process carried out at separation unit ID: 74885833
{ recyclable of type P dropped into box....}
Box has ID: 1504321715
--------------------------------------------------
separating paper......
process carried out at separation unit ID: 74885833
{ recyclable of type P dropped into box....}
Box has ID: 1504321715
--------------------------------------------------
separating paper......
process carried out at separation unit ID: 74885833
{ recyclable of type P dropped into box....}
Box has ID: 1504321715
--------------------------------------------------
separating paper......
process carried out at separation unit ID: 74885833
{ recyclable of type P dropped into box....}
Box has ID: 1504321715
--------------------------------------------------
separating paper......
process carried out at separation unit ID: 74885833
{ recyclable of type P dropped into box....}
Box has ID: 1504321715
--------------------------------------------------
separating paper......
process carried out at separation unit ID: 74885833
{ recyclable of type P dropped into box....}
Box has ID: 1504321715
--------------------------------------------------
separating paper......
process carried out at separation unit ID: 74885833
{ recyclable of type P dropped into box....}
Box has ID: 1504321715
--------------------------------------------------
separating paper......
process carried out at separation unit ID: 74885833
{ recyclable of type P dropped into box....}
Box has ID: 1504321715
--------------------------------------------------
separating paper......
process carried out at separation unit ID: 74885833
{ recyclable of type P dropped into box....}
Box has ID: 1504321715
--------------------------------------------------
separating paper......
process carried out at separation unit ID: 74885833
{ recyclable of type P dropped into box....}
Box has ID: 1504321715
--------------------------------------------------
separating paper......
process carried out at separation unit ID: 74885833
{ recyclable of type P dropped into box....}
Box has ID: 1504321715
--------------------------------------------------
separating paper......
process carried out at separation unit ID: 74885833
{ recyclable of type P dropped into box....}
Box has ID: 1504321715
--------------------------------------------------
separating paper......
process carried out at separation unit ID: 74885833
{ recyclable of type P dropped into box....}
Box has ID: 1504321715
--------------------------------------------------
separating paper......
process carried out at separation unit ID: 74885833
{ recyclable of type P dropped into box....}
Box has ID: 1504321715
--------------------------------------------------
separating paper......
process carried out at separation unit ID: 74885833
{ recyclable of type P dropped into box....}
Box has ID: 1504321715
--------------------------------------------------
separating paper......
process carried out at separation unit ID: 74885833
{ recyclable of type P dropped into box....}
Box has ID: 1504321715
--------------------------------------------------
separating paper......
process carried out at separation unit ID: 74885833
{ recyclable of type P dropped into box....}
Box has ID: 1504321715
--------------------------------------------------
separating paper......
process carried out at separation unit ID: 74885833
{ recyclable of type P dropped into box....}
Box has ID: 1504321715
--------------------------------------------------
separating paper......
process carried out at separation unit ID: 74885833
{ recyclable of type P dropped into box....}
Box has ID: 1504321715
--------------------------------------------------
separating paper......
process carried out at separation unit ID: 74885833
{ recyclable of type P dropped into box....}
Box has ID: 1504321715
--------------------------------------------------
separating paper......
process carried out at separation unit ID: 74885833
{ recyclable of type P dropped into box....}
Box has ID: 1504321715
--------------------------------------------------
separating paper......
process carried out at separation unit ID: 74885833
{ recyclable of type P dropped into box....}
Box has ID: 1504321715
--------------------------------------------------
separating paper......
process carried out at separation unit ID: 74885833
{ recyclable of type P dropped into box....}
Box has ID: 1504321715
--------------------------------------------------
separating paper......
process carried out at separation unit ID: 74885833
{ recyclable of type P dropped into box....}
Box has ID: 1504321715
--------------------------------------------------
separating paper......
process carried out at separation unit ID: 74885833
{ recyclable of type P dropped into box....}
Box has ID: 1504321715
--------------------------------------------------
separating paper......
process carried out at separation unit ID: 74885833
{ recyclable of type P dropped into box....}
Box has ID: 1504321715
--------------------------------------------------
separating paper......
process carried out at separation unit ID: 74885833
{ recyclable of type P dropped into box....}
Box has ID: 1504321715
--------------------------------------------------
separating paper......
process carried out at separation unit ID: 74885833
{ recyclable of type P dropped into box....}
Box has ID: 1504321715
--------------------------------------------------
separating paper......
process carried out at separation unit ID: 74885833
{ recyclable of type P dropped into box....}
Box has ID: 1504321715
--------------------------------------------------
separating paper......
process carried out at separation unit ID: 74885833
{ recyclable of type P dropped into box....}
Box has ID: 1504321715
--------------------------------------------------
separating paper......
process carried out at separation unit ID: 74885833
{ recyclable of type P dropped into box....}
Box has ID: 1504321715
--------------------------------------------------
separating paper......
process carried out at separation unit ID: 74885833
{ recyclable of type P dropped into box....}
Box has ID: 1504321715
--------------------------------------------------
separating paper......
process carried out at separation unit ID: 74885833
{ recyclable of type P dropped into box....}
Box has ID: 1504321715
--------------------------------------------------
separating paper......
process carried out at separation unit ID: 74885833
{ recyclable of type P dropped into box....}
Box has ID: 1504321715
--------------------------------------------------
separating paper......
process carried out at separation unit ID: 74885833
{ recyclable of type P dropped into box....}
Box has ID: 1504321715
--------------------------------------------------
separating paper......
process carried out at separation unit ID: 74885833
{ recyclable of type P dropped into box....}
Box has ID: 1504321715
--------------------------------------------------
separating paper......
process carried out at separation unit ID: 74885833
{ recyclable of type P dropped into box....}
Box has ID: 1504321715
--------------------------------------------------
separating paper......
process carried out at separation unit ID: 74885833
{ recyclable of type P dropped into box....}
Box has ID: 1504321715
--------------------------------------------------
separating paper......
process carried out at separation unit ID: 74885833
{ recyclable of type P dropped into box....}
Box has ID: 1504321715
--------------------------------------------------
separating paper......
process carried out at separation unit ID: 74885833
{ recyclable of type P dropped into box....}
Box has ID: 1504321715
--------------------------------------------------
separating paper......
process carried out at separation unit ID: 74885833
{ recyclable of type P dropped into box....}
Box has ID: 1504321715
--------------------------------------------------
separating paper......
process carried out at separation unit ID: 74885833
{ recyclable of type P dropped into box....}
Box has ID: 1504321715
--------------------------------------------------
separating paper......
process carried out at separation unit ID: 74885833
{ recyclable of type P dropped into box....}
Box has ID: 1504321715
--------------------------------------------------
separating paper......
process carried out at separation unit ID: 74885833
{ recyclable of type P dropped into box....}
Box has ID: 1504321715
--------------------------------------------------
separating paper......
process carried out at separation unit ID: 74885833
{ recyclable of type P dropped into box....}
Box has ID: 1504321715
--------------------------------------------------
separating paper......
process carried out at separation unit ID: 74885833
{ recyclable of type P dropped into box....}
Box has ID: 1504321715
--------------------------------------------------
separating paper......
process carried out at separation unit ID: 74885833
{ recyclable of type P dropped into box....}
Box has ID: 1504321715
--------------------------------------------------
separating paper......
process carried out at separation unit ID: 74885833
{ recyclable of type P dropped into box....}
Box has ID: 1504321715
--------------------------------------------------
separating paper......
process carried out at separation unit ID: 74885833
{ recyclable of type P dropped into box....}
Box has ID: 1504321715
--------------------------------------------------
separating paper......
process carried out at separation unit ID: 74885833
{ recyclable of type P dropped into box....}
Box has ID: 1504321715
--------------------------------------------------
separating paper......
process carried out at separation unit ID: 74885833
{ recyclable of type P dropped into box....}
Box has ID: 1504321715
--------------------------------------------------
separating paper......
process carried out at separation unit ID: 74885833
{ recyclable of type P dropped into box....}
Box has ID: 1504321715
--------------------------------------------------
separating paper......
process carried out at separation unit ID: 74885833
{ recyclable of type P dropped into box....}
Box has ID: 1504321715
--------------------------------------------------
separating paper......
process carried out at separation unit ID: 74885833
{ recyclable of type P dropped into box....}
Box has ID: 1504321715
--------------------------------------------------
separating paper......
process carried out at separation unit ID: 74885833
{ recyclable of type P dropped into box....}
Box has ID: 1504321715
--------------------------------------------------
separating paper......
process carried out at separation unit ID: 74885833
{ recyclable of type P dropped into box....}
Box has ID: 1504321715
--------------------------------------------------
separating paper......
process carried out at separation unit ID: 74885833
{ recyclable of type P dropped into box....}
Box has ID: 1504321715
--------------------------------------------------
separating paper......
process carried out at separation unit ID: 74885833
{ recyclable of type P dropped into box....}
Box has ID: 1504321715
--------------------------------------------------
separating paper......
process carried out at separation unit ID: 74885833
{ recyclable of type P dropped into box....}
Box has ID: 1504321715
--------------------------------------------------
separating paper......
process carried out at separation unit ID: 74885833
{ recyclable of type P dropped into box....}
Box has ID: 1504321715
--------------------------------------------------
separating paper......
process carried out at separation unit ID: 74885833
{ recyclable of type P dropped into box....}
Box has ID: 1504321715
--------------------------------------------------
separating paper......
process carried out at separation unit ID: 74885833
{ recyclable of type P dropped into box....}
Box has ID: 1504321715
--------------------------------------------------
separating paper......
process carried out at separation unit ID: 74885833
{ recyclable of type P dropped into box....}
Box has ID: 1504321715
--------------------------------------------------
separating paper......
process carried out at separation unit ID: 74885833
{ recyclable of type P dropped into box....}
Box has ID: 1504321715
--------------------------------------------------
separating paper......
process carried out at separation unit ID: 74885833
{ recyclable of type P dropped into box....}
Box has ID: 1504321715
--------------------------------------------------
separating paper......
process carried out at separation unit ID: 74885833
{ recyclable of type P dropped into box....}
Box has ID: 1504321715
--------------------------------------------------
separating paper......
process carried out at separation unit ID: 74885833
{ recyclable of type P dropped into box....}
Box has ID: 1504321715
--------------------------------------------------
separating paper......
process carried out at separation unit ID: 74885833
{ recyclable of type P dropped into box....}
Box has ID: 1504321715
--------------------------------------------------
separating paper......
process carried out at separation unit ID: 74885833
{ recyclable of type P dropped into box....}
Box has ID: 1504321715
--------------------------------------------------
separating paper......
process carried out at separation unit ID: 74885833
{ recyclable of type P dropped into box....}
Box has ID: 1504321715
--------------------------------------------------
separating paper......
process carried out at separation unit ID: 74885833
{ recyclable of type P dropped into box....}
Box has ID: 1504321715
--------------------------------------------------
separating paper......
process carried out at separation unit ID: 74885833
{ recyclable of type P dropped into box....}
Box has ID: 1504321715
--------------------------------------------------
separating paper......
process carried out at separation unit ID: 74885833
{ recyclable of type P dropped into box....}
Box has ID: 1504321715
--------------------------------------------------
separating paper......
process carried out at separation unit ID: 74885833
{ recyclable of type P dropped into box....}
Box has ID: 1504321715
--------------------------------------------------
separating paper......
process carried out at separation unit ID: 74885833
{ recyclable of type P dropped into box....}
Box has ID: 1504321715
--------------------------------------------------
separating paper......
process carried out at separation unit ID: 74885833
{ recyclable of type P dropped into box....}
Box has ID: 1504321715
--------------------------------------------------
separating paper......
process carried out at separation unit ID: 74885833
{ recyclable of type P dropped into box....}
Box has ID: 1504321715
--------------------------------------------------
separating paper......
process carried out at separation unit ID: 74885833
{ recyclable of type P dropped into box....}
Box has ID: 1504321715
--------------------------------------------------
separating paper......
process carried out at separation unit ID: 74885833
{ recyclable of type P dropped into box....}
Box has ID: 1504321715
--------------------------------------------------
separating paper......
process carried out at separation unit ID: 74885833
{ recyclable of type P dropped into box....}
Box has ID: 1504321715
--------------------------------------------------
separating paper......
process carried out at separation unit ID: 74885833
{ recyclable of type P dropped into box....}
Box has ID: 1504321715
--------------------------------------------------
separating paper......
process carried out at separation unit ID: 74885833
{ recyclable of type P dropped into box....}
Box has ID: 1504321715
--------------------------------------------------
separating paper......
process carried out at separation unit ID: 74885833
{ recyclable of type P dropped into box....}
Box has ID: 1504321715
--------------------------------------------------
separating paper......
process carried out at separation unit ID: 74885833
{ recyclable of type P dropped into box....}
Box has ID: 1504321715
--------------------------------------------------
separating paper......
process carried out at separation unit ID: 74885833
{ recyclable of type P dropped into box....}
Box has ID: 1504321715
--------------------------------------------------
separating paper......
process carried out at separation unit ID: 74885833
{ recyclable of type P dropped into box....}
Box has ID: 1504321715
--------------------------------------------------
separating paper......
process carried out at separation unit ID: 74885833
{ recyclable of type P dropped into box....}
Box has ID: 1504321715
--------------------------------------------------
separating paper......
process carried out at separation unit ID: 74885833
{ recyclable of type P dropped into box....}
Box has ID: 1504321715
--------------------------------------------------
separating paper......
process carried out at separation unit ID: 74885833
{ recyclable of type P dropped into box....}
Box has ID: 1504321715
--------------------------------------------------
separating paper......
process carried out at separation unit ID: 74885833
{ recyclable of type P dropped into box....}
Box has ID: 1504321715
--------------------------------------------------
separating paper......
process carried out at separation unit ID: 74885833
{ recyclable of type P dropped into box....}
Box has ID: 1504321715
--------------------------------------------------
separating paper......
process carried out at separation unit ID: 74885833
{ recyclable of type P dropped into box....}
Box has ID: 1504321715
--------------------------------------------------
separating paper......
process carried out at separation unit ID: 74885833
{ recyclable of type P dropped into box....}
Box has ID: 1504321715
--------------------------------------------------
separating paper......
process carried out at separation unit ID: 74885833
{ recyclable of type P dropped into box....}
Box has ID: 1504321715
--------------------------------------------------
separating paper......
process carried out at separation unit ID: 74885833
{ recyclable of type P dropped into box....}
Box has ID: 1504321715
--------------------------------------------------
separating paper......
process carried out at separation unit ID: 74885833
{ recyclable of type P dropped into box....}
Box has ID: 1504321715
--------------------------------------------------
separating paper......
process carried out at separation unit ID: 74885833
{ recyclable of type P dropped into box....}
Box has ID: 1504321715
--------------------------------------------------
separating paper......
process carried out at separation unit ID: 74885833
{ recyclable of type P dropped into box....}
Box has ID: 1504321715
--------------------------------------------------
-----------------------------------------------------------------------------------
-----------------------------------------------------------------------------------
ALARM !!!!!!! BOX with ID 1504321715 is full.....
-----------------------------------------------------------------------------------
-----------------------------------------------------------------------------------
box capacity: 1000
worker replaced filled box with ID: 1504321715 , with a new box with ID: 373437697 at process unit: 74885833

separating paper......
process carried out at separation unit ID: 74885833
{ recyclable of type P dropped into box....}
Box has ID: 373437697
--------------------------------------------------
separating paper......
process carried out at separation unit ID: 74885833
{ recyclable of type P dropped into box....}
Box has ID: 373437697
--------------------------------------------------
separating paper......
process carried out at separation unit ID: 74885833
{ recyclable of type P dropped into box....}
Box has ID: 373437697
--------------------------------------------------
separating paper......
process carried out at separation unit ID: 74885833
{ recyclable of type P dropped into box....}
Box has ID: 373437697
--------------------------------------------------
separating paper......
process carried out at separation unit ID: 74885833
{ recyclable of type P dropped into box....}
Box has ID: 373437697
--------------------------------------------------
separating paper......
process carried out at separation unit ID: 74885833
{ recyclable of type P dropped into box....}
Box has ID: 373437697
--------------------------------------------------
separating paper......
process carried out at separation unit ID: 74885833
{ recyclable of type P dropped into box....}
Box has ID: 373437697
--------------------------------------------------
separating paper......
process carried out at separation unit ID: 74885833
{ recyclable of type P dropped into box....}
Box has ID: 373437697
--------------------------------------------------
separating paper......
process carried out at separation unit ID: 74885833
{ recyclable of type P dropped into box....}
Box has ID: 373437697
--------------------------------------------------
separating paper......
process carried out at separation unit ID: 74885833
{ recyclable of type P dropped into box....}
Box has ID: 373437697
--------------------------------------------------
separating paper......
process carried out at separation unit ID: 74885833
{ recyclable of type P dropped into box....}
Box has ID: 373437697
--------------------------------------------------
separating paper......
process carried out at separation unit ID: 74885833
{ recyclable of type P dropped into box....}
Box has ID: 373437697
--------------------------------------------------
separating paper......
process carried out at separation unit ID: 74885833
{ recyclable of type P dropped into box....}
Box has ID: 373437697
--------------------------------------------------
separating paper......
process carried out at separation unit ID: 74885833
{ recyclable of type P dropped into box....}
Box has ID: 373437697
--------------------------------------------------
separating paper......
process carried out at separation unit ID: 74885833
{ recyclable of type P dropped into box....}
Box has ID: 373437697
--------------------------------------------------
separating paper......
process carried out at separation unit ID: 74885833
{ recyclable of type P dropped into box....}
Box has ID: 373437697
--------------------------------------------------
separating paper......
process carried out at separation unit ID: 74885833
{ recyclable of type P dropped into box....}
Box has ID: 373437697
--------------------------------------------------
separating paper......
process carried out at separation unit ID: 74885833
{ recyclable of type P dropped into box....}
Box has ID: 373437697
--------------------------------------------------
separating paper......
process carried out at separation unit ID: 74885833
{ recyclable of type P dropped into box....}
Box has ID: 373437697
--------------------------------------------------
separating paper......
process carried out at separation unit ID: 74885833
{ recyclable of type P dropped into box....}
Box has ID: 373437697
--------------------------------------------------
separating paper......
process carried out at separation unit ID: 74885833
{ recyclable of type P dropped into box....}
Box has ID: 373437697
--------------------------------------------------
separating paper......
process carried out at separation unit ID: 74885833
{ recyclable of type P dropped into box....}
Box has ID: 373437697
--------------------------------------------------
separating paper......
process carried out at separation unit ID: 74885833
{ recyclable of type P dropped into box....}
Box has ID: 373437697
--------------------------------------------------
separating paper......
process carried out at separation unit ID: 74885833
{ recyclable of type P dropped into box....}
Box has ID: 373437697
--------------------------------------------------
separating paper......
process carried out at separation unit ID: 74885833
{ recyclable of type P dropped into box....}
Box has ID: 373437697
--------------------------------------------------
separating paper......
process carried out at separation unit ID: 74885833
{ recyclable of type P dropped into box....}
Box has ID: 373437697
--------------------------------------------------
separating paper......
process carried out at separation unit ID: 74885833
{ recyclable of type P dropped into box....}
Box has ID: 373437697
--------------------------------------------------
separating paper......
process carried out at separation unit ID: 74885833
{ recyclable of type P dropped into box....}
Box has ID: 373437697
--------------------------------------------------
separating paper......
process carried out at separation unit ID: 74885833
{ recyclable of type P dropped into box....}
Box has ID: 373437697
--------------------------------------------------
separating paper......
process carried out at separation unit ID: 74885833
{ recyclable of type P dropped into box....}
Box has ID: 373437697
--------------------------------------------------
separating paper......
process carried out at separation unit ID: 74885833
{ recyclable of type P dropped into box....}
Box has ID: 373437697
--------------------------------------------------
separating paper......
process carried out at separation unit ID: 74885833
{ recyclable of type P dropped into box....}
Box has ID: 373437697
--------------------------------------------------
separating paper......
process carried out at separation unit ID: 74885833
{ recyclable of type P dropped into box....}
Box has ID: 373437697
--------------------------------------------------
separating paper......
process carried out at separation unit ID: 74885833
{ recyclable of type P dropped into box....}
Box has ID: 373437697
--------------------------------------------------
separating paper......
process carried out at separation unit ID: 74885833
{ recyclable of type P dropped into box....}
Box has ID: 373437697
--------------------------------------------------
separating paper......
process carried out at separation unit ID: 74885833
{ recyclable of type P dropped into box....}
Box has ID: 373437697
--------------------------------------------------
separating paper......
process carried out at separation unit ID: 74885833
{ recyclable of type P dropped into box....}
Box has ID: 373437697
--------------------------------------------------
separating paper......
process carried out at separation unit ID: 74885833
{ recyclable of type P dropped into box....}
Box has ID: 373437697
--------------------------------------------------
separating paper......
process carried out at separation unit ID: 74885833
{ recyclable of type P dropped into box....}
Box has ID: 373437697
--------------------------------------------------
separating paper......
process carried out at separation unit ID: 74885833
{ recyclable of type P dropped into box....}
Box has ID: 373437697
--------------------------------------------------
separating paper......
process carried out at separation unit ID: 74885833
{ recyclable of type P dropped into box....}
Box has ID: 373437697
--------------------------------------------------
separating paper......
process carried out at separation unit ID: 74885833
{ recyclable of type P dropped into box....}
Box has ID: 373437697
--------------------------------------------------
separating paper......
process carried out at separation unit ID: 74885833
{ recyclable of type P dropped into box....}
Box has ID: 373437697
--------------------------------------------------
separating paper......
process carried out at separation unit ID: 74885833
{ recyclable of type P dropped into box....}
Box has ID: 373437697
--------------------------------------------------
separating paper......
process carried out at separation unit ID: 74885833
{ recyclable of type P dropped into box....}
Box has ID: 373437697
--------------------------------------------------
separating paper......
process carried out at separation unit ID: 74885833
{ recyclable of type P dropped into box....}
Box has ID: 373437697
--------------------------------------------------
separating paper......
process carried out at separation unit ID: 74885833
{ recyclable of type P dropped into box....}
Box has ID: 373437697
--------------------------------------------------
separating paper......
process carried out at separation unit ID: 74885833
{ recyclable of type P dropped into box....}
Box has ID: 373437697
--------------------------------------------------
separating paper......
process carried out at separation unit ID: 74885833
{ recyclable of type P dropped into box....}
Box has ID: 373437697
--------------------------------------------------
separating paper......
process carried out at separation unit ID: 74885833
{ recyclable of type P dropped into box....}
Box has ID: 373437697
--------------------------------------------------
separating paper......
process carried out at separation unit ID: 74885833
{ recyclable of type P dropped into box....}
Box has ID: 373437697
--------------------------------------------------
separating paper......
process carried out at separation unit ID: 74885833
{ recyclable of type P dropped into box....}
Box has ID: 373437697
--------------------------------------------------
separating paper......
process carried out at separation unit ID: 74885833
{ recyclable of type P dropped into box....}
Box has ID: 373437697
--------------------------------------------------
separating paper......
process carried out at separation unit ID: 74885833
{ recyclable of type P dropped into box....}
Box has ID: 373437697
--------------------------------------------------
separating paper......
process carried out at separation unit ID: 74885833
{ recyclable of type P dropped into box....}
Box has ID: 373437697
--------------------------------------------------
separating paper......
process carried out at separation unit ID: 74885833
{ recyclable of type P dropped into box....}
Box has ID: 373437697
--------------------------------------------------
separating paper......
process carried out at separation unit ID: 74885833
{ recyclable of type P dropped into box....}
Box has ID: 373437697
--------------------------------------------------
separating paper......
process carried out at separation unit ID: 74885833
{ recyclable of type P dropped into box....}
Box has ID: 373437697
--------------------------------------------------
separating paper......
process carried out at separation unit ID: 74885833
{ recyclable of type P dropped into box....}
Box has ID: 373437697
--------------------------------------------------
separating paper......
process carried out at separation unit ID: 74885833
{ recyclable of type P dropped into box....}
Box has ID: 373437697
--------------------------------------------------
separating paper......
process carried out at separation unit ID: 74885833
{ recyclable of type P dropped into box....}
Box has ID: 373437697
--------------------------------------------------
separating paper......
process carried out at separation unit ID: 74885833
{ recyclable of type P dropped into box....}
Box has ID: 373437697
--------------------------------------------------
separating paper......
process carried out at separation unit ID: 74885833
{ recyclable of type P dropped into box....}
Box has ID: 373437697
--------------------------------------------------
separating paper......
process carried out at separation unit ID: 74885833
{ recyclable of type P dropped into box....}
Box has ID: 373437697
--------------------------------------------------
separating paper......
process carried out at separation unit ID: 74885833
{ recyclable of type P dropped into box....}
Box has ID: 373437697
--------------------------------------------------
separating paper......
process carried out at separation unit ID: 74885833
{ recyclable of type P dropped into box....}
Box has ID: 373437697
--------------------------------------------------
separating paper......
process carried out at separation unit ID: 74885833
{ recyclable of type P dropped into box....}
Box has ID: 373437697
--------------------------------------------------
separating paper......
process carried out at separation unit ID: 74885833
{ recyclable of type P dropped into box....}
Box has ID: 373437697
--------------------------------------------------
separating paper......
process carried out at separation unit ID: 74885833
{ recyclable of type P dropped into box....}
Box has ID: 373437697
--------------------------------------------------
separating paper......
process carried out at separation unit ID: 74885833
{ recyclable of type P dropped into box....}
Box has ID: 373437697
--------------------------------------------------
separating paper......
process carried out at separation unit ID: 74885833
{ recyclable of type P dropped into box....}
Box has ID: 373437697
--------------------------------------------------
separating paper......
process carried out at separation unit ID: 74885833
{ recyclable of type P dropped into box....}
Box has ID: 373437697
--------------------------------------------------
separating paper......
process carried out at separation unit ID: 74885833
{ recyclable of type P dropped into box....}
Box has ID: 373437697
--------------------------------------------------
separating paper......
process carried out at separation unit ID: 74885833
{ recyclable of type P dropped into box....}
Box has ID: 373437697
--------------------------------------------------
separating paper......
process carried out at separation unit ID: 74885833
{ recyclable of type P dropped into box....}
Box has ID: 373437697
--------------------------------------------------
separating paper......
process carried out at separation unit ID: 74885833
{ recyclable of type P dropped into box....}
Box has ID: 373437697
--------------------------------------------------
separating paper......
process carried out at separation unit ID: 74885833
{ recyclable of type P dropped into box....}
Box has ID: 373437697
--------------------------------------------------
separating paper......
process carried out at separation unit ID: 74885833
{ recyclable of type P dropped into box....}
Box has ID: 373437697
--------------------------------------------------
separating paper......
process carried out at separation unit ID: 74885833
{ recyclable of type P dropped into box....}
Box has ID: 373437697
--------------------------------------------------
separating paper......
process carried out at separation unit ID: 74885833
{ recyclable of type P dropped into box....}
Box has ID: 373437697
--------------------------------------------------
separating paper......
process carried out at separation unit ID: 74885833
{ recyclable of type P dropped into box....}
Box has ID: 373437697
--------------------------------------------------
separating paper......
process carried out at separation unit ID: 74885833
{ recyclable of type P dropped into box....}
Box has ID: 373437697
--------------------------------------------------
separating paper......
process carried out at separation unit ID: 74885833
{ recyclable of type P dropped into box....}
Box has ID: 373437697
--------------------------------------------------
separating paper......
process carried out at separation unit ID: 74885833
{ recyclable of type P dropped into box....}
Box has ID: 373437697
--------------------------------------------------
separating paper......
process carried out at separation unit ID: 74885833
{ recyclable of type P dropped into box....}
Box has ID: 373437697
--------------------------------------------------
separating paper......
process carried out at separation unit ID: 74885833
{ recyclable of type P dropped into box....}
Box has ID: 373437697
--------------------------------------------------
separating paper......
process carried out at separation unit ID: 74885833
{ recyclable of type P dropped into box....}
Box has ID: 373437697
--------------------------------------------------
separating paper......
process carried out at separation unit ID: 74885833
{ recyclable of type P dropped into box....}
Box has ID: 373437697
--------------------------------------------------
separating paper......
process carried out at separation unit ID: 74885833
{ recyclable of type P dropped into box....}
Box has ID: 373437697
--------------------------------------------------
separating paper......
process carried out at separation unit ID: 74885833
{ recyclable of type P dropped into box....}
Box has ID: 373437697
--------------------------------------------------
separating paper......
process carried out at separation unit ID: 74885833
{ recyclable of type P dropped into box....}
Box has ID: 373437697
--------------------------------------------------
separating paper......
process carried out at separation unit ID: 74885833
{ recyclable of type P dropped into box....}
Box has ID: 373437697
--------------------------------------------------
separating paper......
process carried out at separation unit ID: 74885833
{ recyclable of type P dropped into box....}
Box has ID: 373437697
--------------------------------------------------
separating paper......
process carried out at separation unit ID: 74885833
{ recyclable of type P dropped into box....}
Box has ID: 373437697
--------------------------------------------------
separating paper......
process carried out at separation unit ID: 74885833
{ recyclable of type P dropped into box....}
Box has ID: 373437697
--------------------------------------------------
separating paper......
process carried out at separation unit ID: 74885833
{ recyclable of type P dropped into box....}
Box has ID: 373437697
--------------------------------------------------
separating paper......
process carried out at separation unit ID: 74885833
{ recyclable of type P dropped into box....}
Box has ID: 373437697
--------------------------------------------------
separating paper......
process carried out at separation unit ID: 74885833
{ recyclable of type P dropped into box....}
Box has ID: 373437697
--------------------------------------------------
separating paper......
process carried out at separation unit ID: 74885833
{ recyclable of type P dropped into box....}
Box has ID: 373437697
--------------------------------------------------
separating paper......
process carried out at separation unit ID: 74885833
{ recyclable of type P dropped into box....}
Box has ID: 373437697
--------------------------------------------------
separating paper......
process carried out at separation unit ID: 74885833
{ recyclable of type P dropped into box....}
Box has ID: 373437697
--------------------------------------------------
separating paper......
process carried out at separation unit ID: 74885833
{ recyclable of type P dropped into box....}
Box has ID: 373437697
--------------------------------------------------
separating paper......
process carried out at separation unit ID: 74885833
{ recyclable of type P dropped into box....}
Box has ID: 373437697
--------------------------------------------------
separating paper......
process carried out at separation unit ID: 74885833
{ recyclable of type P dropped into box....}
Box has ID: 373437697
--------------------------------------------------
separating paper......
process carried out at separation unit ID: 74885833
{ recyclable of type P dropped into box....}
Box has ID: 373437697
--------------------------------------------------
separating paper......
process carried out at separation unit ID: 74885833
{ recyclable of type P dropped into box....}
Box has ID: 373437697
--------------------------------------------------
separating paper......
process carried out at separation unit ID: 74885833
{ recyclable of type P dropped into box....}
Box has ID: 373437697
--------------------------------------------------
separating paper......
process carried out at separation unit ID: 74885833
{ recyclable of type P dropped into box....}
Box has ID: 373437697
--------------------------------------------------
separating paper......
process carried out at separation unit ID: 74885833
{ recyclable of type P dropped into box....}
Box has ID: 373437697
--------------------------------------------------
separating paper......
process carried out at separation unit ID: 74885833
{ recyclable of type P dropped into box....}
Box has ID: 373437697
--------------------------------------------------
separating paper......
process carried out at separation unit ID: 74885833
{ recyclable of type P dropped into box....}
Box has ID: 373437697
--------------------------------------------------
separating paper......
process carried out at separation unit ID: 74885833
{ recyclable of type P dropped into box....}
Box has ID: 373437697
--------------------------------------------------
separating paper......
process carried out at separation unit ID: 74885833
{ recyclable of type P dropped into box....}
Box has ID: 373437697
--------------------------------------------------
separating paper......
process carried out at separation unit ID: 74885833
{ recyclable of type P dropped into box....}
Box has ID: 373437697
--------------------------------------------------
separating paper......
process carried out at separation unit ID: 74885833
{ recyclable of type P dropped into box....}
Box has ID: 373437697
--------------------------------------------------
separating paper......
process carried out at separation unit ID: 74885833
{ recyclable of type P dropped into box....}
Box has ID: 373437697
--------------------------------------------------
separating paper......
process carried out at separation unit ID: 74885833
{ recyclable of type P dropped into box....}
Box has ID: 373437697
--------------------------------------------------
separating paper......
process carried out at separation unit ID: 74885833
{ recyclable of type P dropped into box....}
Box has ID: 373437697
--------------------------------------------------
separating paper......
process carried out at separation unit ID: 74885833
{ recyclable of type P dropped into box....}
Box has ID: 373437697
--------------------------------------------------
separating paper......
process carried out at separation unit ID: 74885833
{ recyclable of type P dropped into box....}
Box has ID: 373437697
--------------------------------------------------
separating paper......
process carried out at separation unit ID: 74885833
{ recyclable of type P dropped into box....}
Box has ID: 373437697
--------------------------------------------------
separating paper......
process carried out at separation unit ID: 74885833
{ recyclable of type P dropped into box....}
Box has ID: 373437697
--------------------------------------------------
separating paper......
process carried out at separation unit ID: 74885833
{ recyclable of type P dropped into box....}
Box has ID: 373437697
--------------------------------------------------
separating paper......
process carried out at separation unit ID: 74885833
{ recyclable of type P dropped into box....}
Box has ID: 373437697
--------------------------------------------------
separating paper......
process carried out at separation unit ID: 74885833
{ recyclable of type P dropped into box....}
Box has ID: 373437697
--------------------------------------------------
separating paper......
process carried out at separation unit ID: 74885833
{ recyclable of type P dropped into box....}
Box has ID: 373437697
--------------------------------------------------
separating paper......
process carried out at separation unit ID: 74885833
{ recyclable of type P dropped into box....}
Box has ID: 373437697
--------------------------------------------------
separating paper......
process carried out at separation unit ID: 74885833
{ recyclable of type P dropped into box....}
Box has ID: 373437697
--------------------------------------------------
separating paper......
process carried out at separation unit ID: 74885833
{ recyclable of type P dropped into box....}
Box has ID: 373437697
--------------------------------------------------
separating paper......
process carried out at separation unit ID: 74885833
{ recyclable of type P dropped into box....}
Box has ID: 373437697
--------------------------------------------------
separating paper......
process carried out at separation unit ID: 74885833
{ recyclable of type P dropped into box....}
Box has ID: 373437697
--------------------------------------------------
separating paper......
process carried out at separation unit ID: 74885833
{ recyclable of type P dropped into box....}
Box has ID: 373437697
--------------------------------------------------
separating paper......
process carried out at separation unit ID: 74885833
{ recyclable of type P dropped into box....}
Box has ID: 373437697
--------------------------------------------------
separating paper......
process carried out at separation unit ID: 74885833
{ recyclable of type P dropped into box....}
Box has ID: 373437697
--------------------------------------------------
separating paper......
process carried out at separation unit ID: 74885833
{ recyclable of type P dropped into box....}
Box has ID: 373437697
--------------------------------------------------
separating paper......
process carried out at separation unit ID: 74885833
{ recyclable of type P dropped into box....}
Box has ID: 373437697
--------------------------------------------------
separating paper......
process carried out at separation unit ID: 74885833
{ recyclable of type P dropped into box....}
Box has ID: 373437697
--------------------------------------------------
separating paper......
process carried out at separation unit ID: 74885833
{ recyclable of type P dropped into box....}
Box has ID: 373437697
--------------------------------------------------
separating paper......
process carried out at separation unit ID: 74885833
{ recyclable of type P dropped into box....}
Box has ID: 373437697
--------------------------------------------------
separating paper......
process carried out at separation unit ID: 74885833
{ recyclable of type P dropped into box....}
Box has ID: 373437697
--------------------------------------------------
separating paper......
process carried out at separation unit ID: 74885833
{ recyclable of type P dropped into box....}
Box has ID: 373437697
--------------------------------------------------
separating paper......
process carried out at separation unit ID: 74885833
{ recyclable of type P dropped into box....}
Box has ID: 373437697
--------------------------------------------------
separating paper......
process carried out at separation unit ID: 74885833
{ recyclable of type P dropped into box....}
Box has ID: 373437697
--------------------------------------------------
separating paper......
process carried out at separation unit ID: 74885833
{ recyclable of type P dropped into box....}
Box has ID: 373437697
--------------------------------------------------
separating paper......
process carried out at separation unit ID: 74885833
{ recyclable of type P dropped into box....}
Box has ID: 373437697
--------------------------------------------------
separating paper......
process carried out at separation unit ID: 74885833
{ recyclable of type P dropped into box....}
Box has ID: 373437697
--------------------------------------------------
separating paper......
process carried out at separation unit ID: 74885833
{ recyclable of type P dropped into box....}
Box has ID: 373437697
--------------------------------------------------
separating paper......
process carried out at separation unit ID: 74885833
{ recyclable of type P dropped into box....}
Box has ID: 373437697
--------------------------------------------------
separating paper......
process carried out at separation unit ID: 74885833
{ recyclable of type P dropped into box....}
Box has ID: 373437697
--------------------------------------------------
separating paper......
process carried out at separation unit ID: 74885833
{ recyclable of type P dropped into box....}
Box has ID: 373437697
--------------------------------------------------
separating paper......
process carried out at separation unit ID: 74885833
{ recyclable of type P dropped into box....}
Box has ID: 373437697
--------------------------------------------------
separating paper......
process carried out at separation unit ID: 74885833
{ recyclable of type P dropped into box....}
Box has ID: 373437697
--------------------------------------------------
separating paper......
process carried out at separation unit ID: 74885833
{ recyclable of type P dropped into box....}
Box has ID: 373437697
--------------------------------------------------
separating paper......
process carried out at separation unit ID: 74885833
{ recyclable of type P dropped into box....}
Box has ID: 373437697
--------------------------------------------------
separating paper......
process carried out at separation unit ID: 74885833
{ recyclable of type P dropped into box....}
Box has ID: 373437697
--------------------------------------------------
separating paper......
process carried out at separation unit ID: 74885833
{ recyclable of type P dropped into box....}
Box has ID: 373437697
--------------------------------------------------
separating paper......
process carried out at separation unit ID: 74885833
{ recyclable of type P dropped into box....}
Box has ID: 373437697
--------------------------------------------------
separating paper......
process carried out at separation unit ID: 74885833
{ recyclable of type P dropped into box....}
Box has ID: 373437697
--------------------------------------------------
separating paper......
process carried out at separation unit ID: 74885833
{ recyclable of type P dropped into box....}
Box has ID: 373437697
--------------------------------------------------
separating paper......
process carried out at separation unit ID: 74885833
{ recyclable of type P dropped into box....}
Box has ID: 373437697
--------------------------------------------------
separating paper......
process carried out at separation unit ID: 74885833
{ recyclable of type P dropped into box....}
Box has ID: 373437697
--------------------------------------------------
separating paper......
process carried out at separation unit ID: 74885833
{ recyclable of type P dropped into box....}
Box has ID: 373437697
--------------------------------------------------
separating paper......
process carried out at separation unit ID: 74885833
{ recyclable of type P dropped into box....}
Box has ID: 373437697
--------------------------------------------------
separating paper......
process carried out at separation unit ID: 74885833
{ recyclable of type P dropped into box....}
Box has ID: 373437697
--------------------------------------------------
separating paper......
process carried out at separation unit ID: 74885833
{ recyclable of type P dropped into box....}
Box has ID: 373437697
--------------------------------------------------
separating paper......
process carried out at separation unit ID: 74885833
{ recyclable of type P dropped into box....}
Box has ID: 373437697
--------------------------------------------------
separating paper......
process carried out at separation unit ID: 74885833
{ recyclable of type P dropped into box....}
Box has ID: 373437697
--------------------------------------------------
separating paper......
process carried out at separation unit ID: 74885833
{ recyclable of type P dropped into box....}
Box has ID: 373437697
--------------------------------------------------
separating paper......
process carried out at separation unit ID: 74885833
{ recyclable of type P dropped into box....}
Box has ID: 373437697
--------------------------------------------------
separating paper......
process carried out at separation unit ID: 74885833
{ recyclable of type P dropped into box....}
Box has ID: 373437697
--------------------------------------------------
separating paper......
process carried out at separation unit ID: 74885833
{ recyclable of type P dropped into box....}
Box has ID: 373437697
--------------------------------------------------
separating paper......
process carried out at separation unit ID: 74885833
{ recyclable of type P dropped into box....}
Box has ID: 373437697
--------------------------------------------------
separating paper......
process carried out at separation unit ID: 74885833
{ recyclable of type P dropped into box....}
Box has ID: 373437697
--------------------------------------------------
separating paper......
process carried out at separation unit ID: 74885833
{ recyclable of type P dropped into box....}
Box has ID: 373437697
--------------------------------------------------
separating paper......
process carried out at separation unit ID: 74885833
{ recyclable of type P dropped into box....}
Box has ID: 373437697
--------------------------------------------------
separating paper......
process carried out at separation unit ID: 74885833
{ recyclable of type P dropped into box....}
Box has ID: 373437697
--------------------------------------------------
separating paper......
process carried out at separation unit ID: 74885833
{ recyclable of type P dropped into box....}
Box has ID: 373437697
--------------------------------------------------
separating paper......
process carried out at separation unit ID: 74885833
{ recyclable of type P dropped into box....}
Box has ID: 373437697
--------------------------------------------------
separating paper......
process carried out at separation unit ID: 74885833
{ recyclable of type P dropped into box....}
Box has ID: 373437697
--------------------------------------------------
separating paper......
process carried out at separation unit ID: 74885833
{ recyclable of type P dropped into box....}
Box has ID: 373437697
--------------------------------------------------
separating paper......
process carried out at separation unit ID: 74885833
{ recyclable of type P dropped into box....}
Box has ID: 373437697
--------------------------------------------------
separating paper......
process carried out at separation unit ID: 74885833
{ recyclable of type P dropped into box....}
Box has ID: 373437697
--------------------------------------------------
separating paper......
process carried out at separation unit ID: 74885833
{ recyclable of type P dropped into box....}
Box has ID: 373437697
--------------------------------------------------
separating paper......
process carried out at separation unit ID: 74885833
{ recyclable of type P dropped into box....}
Box has ID: 373437697
--------------------------------------------------
separating paper......
process carried out at separation unit ID: 74885833
{ recyclable of type P dropped into box....}
Box has ID: 373437697
--------------------------------------------------
separating paper......
process carried out at separation unit ID: 74885833
{ recyclable of type P dropped into box....}
Box has ID: 373437697
--------------------------------------------------
separating paper......
process carried out at separation unit ID: 74885833
{ recyclable of type P dropped into box....}
Box has ID: 373437697
--------------------------------------------------
separating paper......
process carried out at separation unit ID: 74885833
{ recyclable of type P dropped into box....}
Box has ID: 373437697
--------------------------------------------------
separating paper......
process carried out at separation unit ID: 74885833
{ recyclable of type P dropped into box....}
Box has ID: 373437697
--------------------------------------------------
separating paper......
process carried out at separation unit ID: 74885833
{ recyclable of type P dropped into box....}
Box has ID: 373437697
--------------------------------------------------
separating paper......
process carried out at separation unit ID: 74885833
{ recyclable of type P dropped into box....}
Box has ID: 373437697
--------------------------------------------------
separating paper......
process carried out at separation unit ID: 74885833
{ recyclable of type P dropped into box....}
Box has ID: 373437697
--------------------------------------------------
separating paper......
process carried out at separation unit ID: 74885833
{ recyclable of type P dropped into box....}
Box has ID: 373437697
--------------------------------------------------
separating paper......
process carried out at separation unit ID: 74885833
{ recyclable of type P dropped into box....}
Box has ID: 373437697
--------------------------------------------------
separating paper......
process carried out at separation unit ID: 74885833
{ recyclable of type P dropped into box....}
Box has ID: 373437697
--------------------------------------------------
separating paper......
process carried out at separation unit ID: 74885833
{ recyclable of type P dropped into box....}
Box has ID: 373437697
--------------------------------------------------
separating paper......
process carried out at separation unit ID: 74885833
{ recyclable of type P dropped into box....}
Box has ID: 373437697
--------------------------------------------------
separating paper......
process carried out at separation unit ID: 74885833
{ recyclable of type P dropped into box....}
Box has ID: 373437697
--------------------------------------------------
separating paper......
process carried out at separation unit ID: 74885833
{ recyclable of type P dropped into box....}
Box has ID: 373437697
--------------------------------------------------
separating paper......
process carried out at separation unit ID: 74885833
{ recyclable of type P dropped into box....}
Box has ID: 373437697
--------------------------------------------------
separating paper......
process carried out at separation unit ID: 74885833
{ recyclable of type P dropped into box....}
Box has ID: 373437697
--------------------------------------------------
separating paper......
process carried out at separation unit ID: 74885833
{ recyclable of type P dropped into box....}
Box has ID: 373437697
--------------------------------------------------
separating paper......
process carried out at separation unit ID: 74885833
{ recyclable of type P dropped into box....}
Box has ID: 373437697
--------------------------------------------------
separating paper......
process carried out at separation unit ID: 74885833
{ recyclable of type P dropped into box....}
Box has ID: 373437697
--------------------------------------------------
separating paper......
process carried out at separation unit ID: 74885833
{ recyclable of type P dropped into box....}
Box has ID: 373437697
--------------------------------------------------
separating paper......
process carried out at separation unit ID: 74885833
{ recyclable of type P dropped into box....}
Box has ID: 373437697
--------------------------------------------------
separating paper......
process carried out at separation unit ID: 74885833
{ recyclable of type P dropped into box....}
Box has ID: 373437697
--------------------------------------------------
separating paper......
process carried out at separation unit ID: 74885833
{ recyclable of type P dropped into box....}
Box has ID: 373437697
--------------------------------------------------
separating paper......
process carried out at separation unit ID: 74885833
{ recyclable of type P dropped into box....}
Box has ID: 373437697
--------------------------------------------------
separating paper......
process carried out at separation unit ID: 74885833
{ recyclable of type P dropped into box....}
Box has ID: 373437697
--------------------------------------------------
separating paper......
process carried out at separation unit ID: 74885833
{ recyclable of type P dropped into box....}
Box has ID: 373437697
--------------------------------------------------
separating paper......
process carried out at separation unit ID: 74885833
{ recyclable of type P dropped into box....}
Box has ID: 373437697
--------------------------------------------------
separating paper......
process carried out at separation unit ID: 74885833
{ recyclable of type P dropped into box....}
Box has ID: 373437697
--------------------------------------------------
separating paper......
process carried out at separation unit ID: 74885833
{ recyclable of type P dropped into box....}
Box has ID: 373437697
--------------------------------------------------
separating paper......
process carried out at separation unit ID: 74885833
{ recyclable of type P dropped into box....}
Box has ID: 373437697
--------------------------------------------------
separating paper......
process carried out at separation unit ID: 74885833
{ recyclable of type P dropped into box....}
Box has ID: 373437697
--------------------------------------------------
separating paper......
process carried out at separation unit ID: 74885833
{ recyclable of type P dropped into box....}
Box has ID: 373437697
--------------------------------------------------
separating paper......
process carried out at separation unit ID: 74885833
{ recyclable of type P dropped into box....}
Box has ID: 373437697
--------------------------------------------------
separating paper......
process carried out at separation unit ID: 74885833
{ recyclable of type P dropped into box....}
Box has ID: 373437697
--------------------------------------------------
separating paper......
process carried out at separation unit ID: 74885833
{ recyclable of type P dropped into box....}
Box has ID: 373437697
--------------------------------------------------
separating paper......
process carried out at separation unit ID: 74885833
{ recyclable of type P dropped into box....}
Box has ID: 373437697
--------------------------------------------------
separating paper......
process carried out at separation unit ID: 74885833
{ recyclable of type P dropped into box....}
Box has ID: 373437697
--------------------------------------------------
separating paper......
process carried out at separation unit ID: 74885833
{ recyclable of type P dropped into box....}
Box has ID: 373437697
--------------------------------------------------
separating paper......
process carried out at separation unit ID: 74885833
{ recyclable of type P dropped into box....}
Box has ID: 373437697
--------------------------------------------------
separating paper......
process carried out at separation unit ID: 74885833
{ recyclable of type P dropped into box....}
Box has ID: 373437697
--------------------------------------------------
separating paper......
process carried out at separation unit ID: 74885833
{ recyclable of type P dropped into box....}
Box has ID: 373437697
--------------------------------------------------
separating paper......
process carried out at separation unit ID: 74885833
{ recyclable of type P dropped into box....}
Box has ID: 373437697
--------------------------------------------------
separating paper......
process carried out at separation unit ID: 74885833
{ recyclable of type P dropped into box....}
Box has ID: 373437697
--------------------------------------------------
separating paper......
process carried out at separation unit ID: 74885833
{ recyclable of type P dropped into box....}
Box has ID: 373437697
--------------------------------------------------
separating paper......
process carried out at separation unit ID: 74885833
{ recyclable of type P dropped into box....}
Box has ID: 373437697
--------------------------------------------------
separating paper......
process carried out at separation unit ID: 74885833
{ recyclable of type P dropped into box....}
Box has ID: 373437697
--------------------------------------------------
separating paper......
process carried out at separation unit ID: 74885833
{ recyclable of type P dropped into box....}
Box has ID: 373437697
--------------------------------------------------
separating paper......
process carried out at separation unit ID: 74885833
{ recyclable of type P dropped into box....}
Box has ID: 373437697
--------------------------------------------------
separating paper......
process carried out at separation unit ID: 74885833
{ recyclable of type P dropped into box....}
Box has ID: 373437697
--------------------------------------------------
separating paper......
process carried out at separation unit ID: 74885833
{ recyclable of type P dropped into box....}
Box has ID: 373437697
--------------------------------------------------
separating paper......
process carried out at separation unit ID: 74885833
{ recyclable of type P dropped into box....}
Box has ID: 373437697
--------------------------------------------------
separating paper......
process carried out at separation unit ID: 74885833
{ recyclable of type P dropped into box....}
Box has ID: 373437697
--------------------------------------------------
separating paper......
process carried out at separation unit ID: 74885833
{ recyclable of type P dropped into box....}
Box has ID: 373437697
--------------------------------------------------
separating paper......
process carried out at separation unit ID: 74885833
{ recyclable of type P dropped into box....}
Box has ID: 373437697
--------------------------------------------------
separating paper......
process carried out at separation unit ID: 74885833
{ recyclable of type P dropped into box....}
Box has ID: 373437697
--------------------------------------------------
separating paper......
process carried out at separation unit ID: 74885833
{ recyclable of type P dropped into box....}
Box has ID: 373437697
--------------------------------------------------
separating paper......
process carried out at separation unit ID: 74885833
{ recyclable of type P dropped into box....}
Box has ID: 373437697
--------------------------------------------------
separating paper......
process carried out at separation unit ID: 74885833
{ recyclable of type P dropped into box....}
Box has ID: 373437697
--------------------------------------------------
separating paper......
process carried out at separation unit ID: 74885833
{ recyclable of type P dropped into box....}
Box has ID: 373437697
--------------------------------------------------
separating paper......
process carried out at separation unit ID: 74885833
{ recyclable of type P dropped into box....}
Box has ID: 373437697
--------------------------------------------------
separating paper......
process carried out at separation unit ID: 74885833
{ recyclable of type P dropped into box....}
Box has ID: 373437697
--------------------------------------------------
separating paper......
process carried out at separation unit ID: 74885833
{ recyclable of type P dropped into box....}
Box has ID: 373437697
--------------------------------------------------
separating paper......
process carried out at separation unit ID: 74885833
{ recyclable of type P dropped into box....}
Box has ID: 373437697
--------------------------------------------------
separating paper......
process carried out at separation unit ID: 74885833
{ recyclable of type P dropped into box....}
Box has ID: 373437697
--------------------------------------------------
separating paper......
process carried out at separation unit ID: 74885833
{ recyclable of type P dropped into box....}
Box has ID: 373437697
--------------------------------------------------
separating paper......
process carried out at separation unit ID: 74885833
{ recyclable of type P dropped into box....}
Box has ID: 373437697
--------------------------------------------------
separating paper......
process carried out at separation unit ID: 74885833
{ recyclable of type P dropped into box....}
Box has ID: 373437697
--------------------------------------------------
separating paper......
process carried out at separation unit ID: 74885833
{ recyclable of type P dropped into box....}
Box has ID: 373437697
--------------------------------------------------
separating paper......
process carried out at separation unit ID: 74885833
{ recyclable of type P dropped into box....}
Box has ID: 373437697
--------------------------------------------------
separating paper......
process carried out at separation unit ID: 74885833
{ recyclable of type P dropped into box....}
Box has ID: 373437697
--------------------------------------------------
separating paper......
process carried out at separation unit ID: 74885833
{ recyclable of type P dropped into box....}
Box has ID: 373437697
--------------------------------------------------
separating paper......
process carried out at separation unit ID: 74885833
{ recyclable of type P dropped into box....}
Box has ID: 373437697
--------------------------------------------------
separating paper......
process carried out at separation unit ID: 74885833
{ recyclable of type P dropped into box....}
Box has ID: 373437697
--------------------------------------------------
separating paper......
process carried out at separation unit ID: 74885833
{ recyclable of type P dropped into box....}
Box has ID: 373437697
--------------------------------------------------
separating paper......
process carried out at separation unit ID: 74885833
{ recyclable of type P dropped into box....}
Box has ID: 373437697
--------------------------------------------------
separating paper......
process carried out at separation unit ID: 74885833
{ recyclable of type P dropped into box....}
Box has ID: 373437697
--------------------------------------------------
separating paper......
process carried out at separation unit ID: 74885833
{ recyclable of type P dropped into box....}
Box has ID: 373437697
--------------------------------------------------
separating paper......
process carried out at separation unit ID: 74885833
{ recyclable of type P dropped into box....}
Box has ID: 373437697
--------------------------------------------------
separating paper......
process carried out at separation unit ID: 74885833
{ recyclable of type P dropped into box....}
Box has ID: 373437697
--------------------------------------------------
separating paper......
process carried out at separation unit ID: 74885833
{ recyclable of type P dropped into box....}
Box has ID: 373437697
--------------------------------------------------
separating paper......
process carried out at separation unit ID: 74885833
{ recyclable of type P dropped into box....}
Box has ID: 373437697
--------------------------------------------------
separating paper......
process carried out at separation unit ID: 74885833
{ recyclable of type P dropped into box....}
Box has ID: 373437697
--------------------------------------------------
separating paper......
process carried out at separation unit ID: 74885833
{ recyclable of type P dropped into box....}
Box has ID: 373437697
--------------------------------------------------
separating paper......
process carried out at separation unit ID: 74885833
{ recyclable of type P dropped into box....}
Box has ID: 373437697
--------------------------------------------------
separating paper......
process carried out at separation unit ID: 74885833
{ recyclable of type P dropped into box....}
Box has ID: 373437697
--------------------------------------------------
separating paper......
process carried out at separation unit ID: 74885833
{ recyclable of type P dropped into box....}
Box has ID: 373437697
--------------------------------------------------
separating paper......
process carried out at separation unit ID: 74885833
{ recyclable of type P dropped into box....}
Box has ID: 373437697
--------------------------------------------------
separating paper......
process carried out at separation unit ID: 74885833
{ recyclable of type P dropped into box....}
Box has ID: 373437697
--------------------------------------------------
separating paper......
process carried out at separation unit ID: 74885833
{ recyclable of type P dropped into box....}
Box has ID: 373437697
--------------------------------------------------
separating paper......
process carried out at separation unit ID: 74885833
{ recyclable of type P dropped into box....}
Box has ID: 373437697
--------------------------------------------------
separating paper......
process carried out at separation unit ID: 74885833
{ recyclable of type P dropped into box....}
Box has ID: 373437697
--------------------------------------------------
separating paper......
process carried out at separation unit ID: 74885833
{ recyclable of type P dropped into box....}
Box has ID: 373437697
--------------------------------------------------
separating paper......
process carried out at separation unit ID: 74885833
{ recyclable of type P dropped into box....}
Box has ID: 373437697
--------------------------------------------------
separating paper......
process carried out at separation unit ID: 74885833
{ recyclable of type P dropped into box....}
Box has ID: 373437697
--------------------------------------------------
separating paper......
process carried out at separation unit ID: 74885833
{ recyclable of type P dropped into box....}
Box has ID: 373437697
--------------------------------------------------
separating paper......
process carried out at separation unit ID: 74885833
{ recyclable of type P dropped into box....}
Box has ID: 373437697
--------------------------------------------------
separating paper......
process carried out at separation unit ID: 74885833
{ recyclable of type P dropped into box....}
Box has ID: 373437697
--------------------------------------------------
separating paper......
process carried out at separation unit ID: 74885833
{ recyclable of type P dropped into box....}
Box has ID: 373437697
--------------------------------------------------
separating paper......
process carried out at separation unit ID: 74885833
{ recyclable of type P dropped into box....}
Box has ID: 373437697
--------------------------------------------------
separating paper......
process carried out at separation unit ID: 74885833
{ recyclable of type P dropped into box....}
Box has ID: 373437697
--------------------------------------------------
separating paper......
process carried out at separation unit ID: 74885833
{ recyclable of type P dropped into box....}
Box has ID: 373437697
--------------------------------------------------
separating paper......
process carried out at separation unit ID: 74885833
{ recyclable of type P dropped into box....}
Box has ID: 373437697
--------------------------------------------------
separating paper......
process carried out at separation unit ID: 74885833
{ recyclable of type P dropped into box....}
Box has ID: 373437697
--------------------------------------------------
separating paper......
process carried out at separation unit ID: 74885833
{ recyclable of type P dropped into box....}
Box has ID: 373437697
--------------------------------------------------
separating paper......
process carried out at separation unit ID: 74885833
{ recyclable of type P dropped into box....}
Box has ID: 373437697
--------------------------------------------------
separating paper......
process carried out at separation unit ID: 74885833
{ recyclable of type P dropped into box....}
Box has ID: 373437697
--------------------------------------------------
separating paper......
process carried out at separation unit ID: 74885833
{ recyclable of type P dropped into box....}
Box has ID: 373437697
--------------------------------------------------
separating paper......
process carried out at separation unit ID: 74885833
{ recyclable of type P dropped into box....}
Box has ID: 373437697
--------------------------------------------------
separating paper......
process carried out at separation unit ID: 74885833
{ recyclable of type P dropped into box....}
Box has ID: 373437697
--------------------------------------------------
separating paper......
process carried out at separation unit ID: 74885833
{ recyclable of type P dropped into box....}
Box has ID: 373437697
--------------------------------------------------
separating paper......
process carried out at separation unit ID: 74885833
{ recyclable of type P dropped into box....}
Box has ID: 373437697
--------------------------------------------------
separating paper......
process carried out at separation unit ID: 74885833
{ recyclable of type P dropped into box....}
Box has ID: 373437697
--------------------------------------------------
separating paper......
process carried out at separation unit ID: 74885833
{ recyclable of type P dropped into box....}
Box has ID: 373437697
--------------------------------------------------
separating paper......
process carried out at separation unit ID: 74885833
{ recyclable of type P dropped into box....}
Box has ID: 373437697
--------------------------------------------------
separating paper......
process carried out at separation unit ID: 74885833
{ recyclable of type P dropped into box....}
Box has ID: 373437697
--------------------------------------------------
separating paper......
process carried out at separation unit ID: 74885833
{ recyclable of type P dropped into box....}
Box has ID: 373437697
--------------------------------------------------
separating paper......
process carried out at separation unit ID: 74885833
{ recyclable of type P dropped into box....}
Box has ID: 373437697
--------------------------------------------------
separating paper......
process carried out at separation unit ID: 74885833
{ recyclable of type P dropped into box....}
Box has ID: 373437697
--------------------------------------------------
separating paper......
process carried out at separation unit ID: 74885833
{ recyclable of type P dropped into box....}
Box has ID: 373437697
--------------------------------------------------
separating paper......
process carried out at separation unit ID: 74885833
{ recyclable of type P dropped into box....}
Box has ID: 373437697
--------------------------------------------------
separating paper......
process carried out at separation unit ID: 74885833
{ recyclable of type P dropped into box....}
Box has ID: 373437697
--------------------------------------------------
separating paper......
process carried out at separation unit ID: 74885833
{ recyclable of type P dropped into box....}
Box has ID: 373437697
--------------------------------------------------
separating paper......
process carried out at separation unit ID: 74885833
{ recyclable of type P dropped into box....}
Box has ID: 373437697
--------------------------------------------------
separating paper......
process carried out at separation unit ID: 74885833
{ recyclable of type P dropped into box....}
Box has ID: 373437697
--------------------------------------------------
separating paper......
process carried out at separation unit ID: 74885833
{ recyclable of type P dropped into box....}
Box has ID: 373437697
--------------------------------------------------
separating paper......
process carried out at separation unit ID: 74885833
{ recyclable of type P dropped into box....}
Box has ID: 373437697
--------------------------------------------------
separating paper......
process carried out at separation unit ID: 74885833
{ recyclable of type P dropped into box....}
Box has ID: 373437697
--------------------------------------------------
separating paper......
process carried out at separation unit ID: 74885833
{ recyclable of type P dropped into box....}
Box has ID: 373437697
--------------------------------------------------
separating paper......
process carried out at separation unit ID: 74885833
{ recyclable of type P dropped into box....}
Box has ID: 373437697
--------------------------------------------------
separating paper......
process carried out at separation unit ID: 74885833
{ recyclable of type P dropped into box....}
Box has ID: 373437697
--------------------------------------------------
separating paper......
process carried out at separation unit ID: 74885833
{ recyclable of type P dropped into box....}
Box has ID: 373437697
--------------------------------------------------
separating paper......
process carried out at separation unit ID: 74885833
{ recyclable of type P dropped into box....}
Box has ID: 373437697
--------------------------------------------------
separating paper......
process carried out at separation unit ID: 74885833
{ recyclable of type P dropped into box....}
Box has ID: 373437697
--------------------------------------------------
separating paper......
process carried out at separation unit ID: 74885833
{ recyclable of type P dropped into box....}
Box has ID: 373437697
--------------------------------------------------
separating paper......
process carried out at separation unit ID: 74885833
{ recyclable of type P dropped into box....}
Box has ID: 373437697
--------------------------------------------------
separating paper......
process carried out at separation unit ID: 74885833
{ recyclable of type P dropped into box....}
Box has ID: 373437697
--------------------------------------------------
separating paper......
process carried out at separation unit ID: 74885833
{ recyclable of type P dropped into box....}
Box has ID: 373437697
--------------------------------------------------
separating paper......
process carried out at separation unit ID: 74885833
{ recyclable of type P dropped into box....}
Box has ID: 373437697
--------------------------------------------------
separating paper......
process carried out at separation unit ID: 74885833
{ recyclable of type P dropped into box....}
Box has ID: 373437697
--------------------------------------------------
separating paper......
process carried out at separation unit ID: 74885833
{ recyclable of type P dropped into box....}
Box has ID: 373437697
--------------------------------------------------
separating paper......
process carried out at separation unit ID: 74885833
{ recyclable of type P dropped into box....}
Box has ID: 373437697
--------------------------------------------------
separating paper......
process carried out at separation unit ID: 74885833
{ recyclable of type P dropped into box....}
Box has ID: 373437697
--------------------------------------------------
separating paper......
process carried out at separation unit ID: 74885833
{ recyclable of type P dropped into box....}
Box has ID: 373437697
--------------------------------------------------
separating paper......
process carried out at separation unit ID: 74885833
{ recyclable of type P dropped into box....}
Box has ID: 373437697
--------------------------------------------------
separating paper......
process carried out at separation unit ID: 74885833
{ recyclable of type P dropped into box....}
Box has ID: 373437697
--------------------------------------------------
separating paper......
process carried out at separation unit ID: 74885833
{ recyclable of type P dropped into box....}
Box has ID: 373437697
--------------------------------------------------
separating paper......
process carried out at separation unit ID: 74885833
{ recyclable of type P dropped into box....}
Box has ID: 373437697
--------------------------------------------------
separating paper......
process carried out at separation unit ID: 74885833
{ recyclable of type P dropped into box....}
Box has ID: 373437697
--------------------------------------------------
separating paper......
process carried out at separation unit ID: 74885833
{ recyclable of type P dropped into box....}
Box has ID: 373437697
--------------------------------------------------
separating paper......
process carried out at separation unit ID: 74885833
{ recyclable of type P dropped into box....}
Box has ID: 373437697
--------------------------------------------------
separating paper......
process carried out at separation unit ID: 74885833
{ recyclable of type P dropped into box....}
Box has ID: 373437697
--------------------------------------------------
separating paper......
process carried out at separation unit ID: 74885833
{ recyclable of type P dropped into box....}
Box has ID: 373437697
--------------------------------------------------
separating paper......
process carried out at separation unit ID: 74885833
{ recyclable of type P dropped into box....}
Box has ID: 373437697
--------------------------------------------------
separating paper......
process carried out at separation unit ID: 74885833
{ recyclable of type P dropped into box....}
Box has ID: 373437697
--------------------------------------------------
separating paper......
process carried out at separation unit ID: 74885833
{ recyclable of type P dropped into box....}
Box has ID: 373437697
--------------------------------------------------
separating paper......
process carried out at separation unit ID: 74885833
{ recyclable of type P dropped into box....}
Box has ID: 373437697
--------------------------------------------------
separating paper......
process carried out at separation unit ID: 74885833
{ recyclable of type P dropped into box....}
Box has ID: 373437697
--------------------------------------------------
separating paper......
process carried out at separation unit ID: 74885833
{ recyclable of type P dropped into box....}
Box has ID: 373437697
--------------------------------------------------
separating paper......
process carried out at separation unit ID: 74885833
{ recyclable of type P dropped into box....}
Box has ID: 373437697
--------------------------------------------------
separating paper......
process carried out at separation unit ID: 74885833
{ recyclable of type P dropped into box....}
Box has ID: 373437697
--------------------------------------------------
separating paper......
process carried out at separation unit ID: 74885833
{ recyclable of type P dropped into box....}
Box has ID: 373437697
--------------------------------------------------
separating paper......
process carried out at separation unit ID: 74885833
{ recyclable of type P dropped into box....}
Box has ID: 373437697
--------------------------------------------------
separating paper......
process carried out at separation unit ID: 74885833
{ recyclable of type P dropped into box....}
Box has ID: 373437697
--------------------------------------------------
separating paper......
process carried out at separation unit ID: 74885833
{ recyclable of type P dropped into box....}
Box has ID: 373437697
--------------------------------------------------
separating paper......
process carried out at separation unit ID: 74885833
{ recyclable of type P dropped into box....}
Box has ID: 373437697
--------------------------------------------------
separating paper......
process carried out at separation unit ID: 74885833
{ recyclable of type P dropped into box....}
Box has ID: 373437697
--------------------------------------------------
separating paper......
process carried out at separation unit ID: 74885833
{ recyclable of type P dropped into box....}
Box has ID: 373437697
--------------------------------------------------
separating paper......
process carried out at separation unit ID: 74885833
{ recyclable of type P dropped into box....}
Box has ID: 373437697
--------------------------------------------------
separating paper......
process carried out at separation unit ID: 74885833
{ recyclable of type P dropped into box....}
Box has ID: 373437697
--------------------------------------------------
separating paper......
process carried out at separation unit ID: 74885833
{ recyclable of type P dropped into box....}
Box has ID: 373437697
--------------------------------------------------
separating paper......
process carried out at separation unit ID: 74885833
{ recyclable of type P dropped into box....}
Box has ID: 373437697
--------------------------------------------------
separating paper......
process carried out at separation unit ID: 74885833
{ recyclable of type P dropped into box....}
Box has ID: 373437697
--------------------------------------------------
separating paper......
process carried out at separation unit ID: 74885833
{ recyclable of type P dropped into box....}
Box has ID: 373437697
--------------------------------------------------
separating paper......
process carried out at separation unit ID: 74885833
{ recyclable of type P dropped into box....}
Box has ID: 373437697
--------------------------------------------------
separating paper......
process carried out at separation unit ID: 74885833
{ recyclable of type P dropped into box....}
Box has ID: 373437697
--------------------------------------------------
separating paper......
process carried out at separation unit ID: 74885833
{ recyclable of type P dropped into box....}
Box has ID: 373437697
--------------------------------------------------
separating paper......
process carried out at separation unit ID: 74885833
{ recyclable of type P dropped into box....}
Box has ID: 373437697
--------------------------------------------------
separating paper......
process carried out at separation unit ID: 74885833
{ recyclable of type P dropped into box....}
Box has ID: 373437697
--------------------------------------------------
separating paper......
process carried out at separation unit ID: 74885833
{ recyclable of type P dropped into box....}
Box has ID: 373437697
--------------------------------------------------
separating paper......
process carried out at separation unit ID: 74885833
{ recyclable of type P dropped into box....}
Box has ID: 373437697
--------------------------------------------------
separating paper......
process carried out at separation unit ID: 74885833
{ recyclable of type P dropped into box....}
Box has ID: 373437697
--------------------------------------------------
separating paper......
process carried out at separation unit ID: 74885833
{ recyclable of type P dropped into box....}
Box has ID: 373437697
--------------------------------------------------
separating paper......
process carried out at separation unit ID: 74885833
{ recyclable of type P dropped into box....}
Box has ID: 373437697
--------------------------------------------------
separating paper......
process carried out at separation unit ID: 74885833
{ recyclable of type P dropped into box....}
Box has ID: 373437697
--------------------------------------------------
separating paper......
process carried out at separation unit ID: 74885833
{ recyclable of type P dropped into box....}
Box has ID: 373437697
--------------------------------------------------
separating paper......
process carried out at separation unit ID: 74885833
{ recyclable of type P dropped into box....}
Box has ID: 373437697
--------------------------------------------------
separating paper......
process carried out at separation unit ID: 74885833
{ recyclable of type P dropped into box....}
Box has ID: 373437697
--------------------------------------------------
separating paper......
process carried out at separation unit ID: 74885833
{ recyclable of type P dropped into box....}
Box has ID: 373437697
--------------------------------------------------
separating paper......
process carried out at separation unit ID: 74885833
{ recyclable of type P dropped into box....}
Box has ID: 373437697
--------------------------------------------------
separating paper......
process carried out at separation unit ID: 74885833
{ recyclable of type P dropped into box....}
Box has ID: 373437697
--------------------------------------------------
separating paper......
process carried out at separation unit ID: 74885833
{ recyclable of type P dropped into box....}
Box has ID: 373437697
--------------------------------------------------
separating paper......
process carried out at separation unit ID: 74885833
{ recyclable of type P dropped into box....}
Box has ID: 373437697
--------------------------------------------------
separating paper......
process carried out at separation unit ID: 74885833
{ recyclable of type P dropped into box....}
Box has ID: 373437697
--------------------------------------------------
separating paper......
process carried out at separation unit ID: 74885833
{ recyclable of type P dropped into box....}
Box has ID: 373437697
--------------------------------------------------
separating paper......
process carried out at separation unit ID: 74885833
{ recyclable of type P dropped into box....}
Box has ID: 373437697
--------------------------------------------------
separating paper......
process carried out at separation unit ID: 74885833
{ recyclable of type P dropped into box....}
Box has ID: 373437697
--------------------------------------------------
separating paper......
process carried out at separation unit ID: 74885833
{ recyclable of type P dropped into box....}
Box has ID: 373437697
--------------------------------------------------
separating paper......
process carried out at separation unit ID: 74885833
{ recyclable of type P dropped into box....}
Box has ID: 373437697
--------------------------------------------------
separating paper......
process carried out at separation unit ID: 74885833
{ recyclable of type P dropped into box....}
Box has ID: 373437697
--------------------------------------------------
separating paper......
process carried out at separation unit ID: 74885833
{ recyclable of type P dropped into box....}
Box has ID: 373437697
--------------------------------------------------
separating paper......
process carried out at separation unit ID: 74885833
{ recyclable of type P dropped into box....}
Box has ID: 373437697
--------------------------------------------------
separating paper......
process carried out at separation unit ID: 74885833
{ recyclable of type P dropped into box....}
Box has ID: 373437697
--------------------------------------------------
separating paper......
process carried out at separation unit ID: 74885833
{ recyclable of type P dropped into box....}
Box has ID: 373437697
--------------------------------------------------
separating paper......
process carried out at separation unit ID: 74885833
{ recyclable of type P dropped into box....}
Box has ID: 373437697
--------------------------------------------------
separating paper......
process carried out at separation unit ID: 74885833
{ recyclable of type P dropped into box....}
Box has ID: 373437697
--------------------------------------------------
separating paper......
process carried out at separation unit ID: 74885833
{ recyclable of type P dropped into box....}
Box has ID: 373437697
--------------------------------------------------
separating paper......
process carried out at separation unit ID: 74885833
{ recyclable of type P dropped into box....}
Box has ID: 373437697
--------------------------------------------------
separating paper......
process carried out at separation unit ID: 74885833
{ recyclable of type P dropped into box....}
Box has ID: 373437697
--------------------------------------------------
separating paper......
process carried out at separation unit ID: 74885833
{ recyclable of type P dropped into box....}
Box has ID: 373437697
--------------------------------------------------
separating paper......
process carried out at separation unit ID: 74885833
{ recyclable of type P dropped into box....}
Box has ID: 373437697
--------------------------------------------------
separating paper......
process carried out at separation unit ID: 74885833
{ recyclable of type P dropped into box....}
Box has ID: 373437697
--------------------------------------------------
separating paper......
process carried out at separation unit ID: 74885833
{ recyclable of type P dropped into box....}
Box has ID: 373437697
--------------------------------------------------
separating paper......
process carried out at separation unit ID: 74885833
{ recyclable of type P dropped into box....}
Box has ID: 373437697
--------------------------------------------------
separating paper......
process carried out at separation unit ID: 74885833
{ recyclable of type P dropped into box....}
Box has ID: 373437697
--------------------------------------------------
separating paper......
process carried out at separation unit ID: 74885833
{ recyclable of type P dropped into box....}
Box has ID: 373437697
--------------------------------------------------
separating paper......
process carried out at separation unit ID: 74885833
{ recyclable of type P dropped into box....}
Box has ID: 373437697
--------------------------------------------------
separating paper......
process carried out at separation unit ID: 74885833
{ recyclable of type P dropped into box....}
Box has ID: 373437697
--------------------------------------------------
separating paper......
process carried out at separation unit ID: 74885833
{ recyclable of type P dropped into box....}
Box has ID: 373437697
--------------------------------------------------
separating paper......
process carried out at separation unit ID: 74885833
{ recyclable of type P dropped into box....}
Box has ID: 373437697
--------------------------------------------------
separating paper......
process carried out at separation unit ID: 74885833
{ recyclable of type P dropped into box....}
Box has ID: 373437697
--------------------------------------------------
separating paper......
process carried out at separation unit ID: 74885833
{ recyclable of type P dropped into box....}
Box has ID: 373437697
--------------------------------------------------
separating paper......
process carried out at separation unit ID: 74885833
{ recyclable of type P dropped into box....}
Box has ID: 373437697
--------------------------------------------------
separating paper......
process carried out at separation unit ID: 74885833
{ recyclable of type P dropped into box....}
Box has ID: 373437697
--------------------------------------------------
separating paper......
process carried out at separation unit ID: 74885833
{ recyclable of type P dropped into box....}
Box has ID: 373437697
--------------------------------------------------
separating paper......
process carried out at separation unit ID: 74885833
{ recyclable of type P dropped into box....}
Box has ID: 373437697
--------------------------------------------------
separating paper......
process carried out at separation unit ID: 74885833
{ recyclable of type P dropped into box....}
Box has ID: 373437697
--------------------------------------------------
separating paper......
process carried out at separation unit ID: 74885833
{ recyclable of type P dropped into box....}
Box has ID: 373437697
--------------------------------------------------
separating paper......
process carried out at separation unit ID: 74885833
{ recyclable of type P dropped into box....}
Box has ID: 373437697
--------------------------------------------------
separating paper......
process carried out at separation unit ID: 74885833
{ recyclable of type P dropped into box....}
Box has ID: 373437697
--------------------------------------------------
separating paper......
process carried out at separation unit ID: 74885833
{ recyclable of type P dropped into box....}
Box has ID: 373437697
--------------------------------------------------
separating paper......
process carried out at separation unit ID: 74885833
{ recyclable of type P dropped into box....}
Box has ID: 373437697
--------------------------------------------------
separating paper......
process carried out at separation unit ID: 74885833
{ recyclable of type P dropped into box....}
Box has ID: 373437697
--------------------------------------------------
separating paper......
process carried out at separation unit ID: 74885833
{ recyclable of type P dropped into box....}
Box has ID: 373437697
--------------------------------------------------
separating paper......
process carried out at separation unit ID: 74885833
{ recyclable of type P dropped into box....}
Box has ID: 373437697
--------------------------------------------------
separating paper......
process carried out at separation unit ID: 74885833
{ recyclable of type P dropped into box....}
Box has ID: 373437697
--------------------------------------------------
separating paper......
process carried out at separation unit ID: 74885833
{ recyclable of type P dropped into box....}
Box has ID: 373437697
--------------------------------------------------
separating paper......
process carried out at separation unit ID: 74885833
{ recyclable of type P dropped into box....}
Box has ID: 373437697
--------------------------------------------------
separating paper......
process carried out at separation unit ID: 74885833
{ recyclable of type P dropped into box....}
Box has ID: 373437697
--------------------------------------------------
separating paper......
process carried out at separation unit ID: 74885833
{ recyclable of type P dropped into box....}
Box has ID: 373437697
--------------------------------------------------
separating paper......
process carried out at separation unit ID: 74885833
{ recyclable of type P dropped into box....}
Box has ID: 373437697
--------------------------------------------------
separating paper......
process carried out at separation unit ID: 74885833
{ recyclable of type P dropped into box....}
Box has ID: 373437697
--------------------------------------------------
separating paper......
process carried out at separation unit ID: 74885833
{ recyclable of type P dropped into box....}
Box has ID: 373437697
--------------------------------------------------
separating paper......
process carried out at separation unit ID: 74885833
{ recyclable of type P dropped into box....}
Box has ID: 373437697
--------------------------------------------------
separating paper......
process carried out at separation unit ID: 74885833
{ recyclable of type P dropped into box....}
Box has ID: 373437697
--------------------------------------------------
separating paper......
process carried out at separation unit ID: 74885833
{ recyclable of type P dropped into box....}
Box has ID: 373437697
--------------------------------------------------
separating paper......
process carried out at separation unit ID: 74885833
{ recyclable of type P dropped into box....}
Box has ID: 373437697
--------------------------------------------------
separating paper......
process carried out at separation unit ID: 74885833
{ recyclable of type P dropped into box....}
Box has ID: 373437697
--------------------------------------------------
separating paper......
process carried out at separation unit ID: 74885833
{ recyclable of type P dropped into box....}
Box has ID: 373437697
--------------------------------------------------
separating paper......
process carried out at separation unit ID: 74885833
{ recyclable of type P dropped into box....}
Box has ID: 373437697
--------------------------------------------------
separating paper......
process carried out at separation unit ID: 74885833
{ recyclable of type P dropped into box....}
Box has ID: 373437697
--------------------------------------------------
separating paper......
process carried out at separation unit ID: 74885833
{ recyclable of type P dropped into box....}
Box has ID: 373437697
--------------------------------------------------
separating paper......
process carried out at separation unit ID: 74885833
{ recyclable of type P dropped into box....}
Box has ID: 373437697
--------------------------------------------------
separating paper......
process carried out at separation unit ID: 74885833
{ recyclable of type P dropped into box....}
Box has ID: 373437697
--------------------------------------------------
separating paper......
process carried out at separation unit ID: 74885833
{ recyclable of type P dropped into box....}
Box has ID: 373437697
--------------------------------------------------
separating paper......
process carried out at separation unit ID: 74885833
{ recyclable of type P dropped into box....}
Box has ID: 373437697
--------------------------------------------------
separating paper......
process carried out at separation unit ID: 74885833
{ recyclable of type P dropped into box....}
Box has ID: 373437697
--------------------------------------------------
separating paper......
process carried out at separation unit ID: 74885833
{ recyclable of type P dropped into box....}
Box has ID: 373437697
--------------------------------------------------
separating paper......
process carried out at separation unit ID: 74885833
{ recyclable of type P dropped into box....}
Box has ID: 373437697
--------------------------------------------------
separating paper......
process carried out at separation unit ID: 74885833
{ recyclable of type P dropped into box....}
Box has ID: 373437697
--------------------------------------------------
separating paper......
process carried out at separation unit ID: 74885833
{ recyclable of type P dropped into box....}
Box has ID: 373437697
--------------------------------------------------
separating paper......
process carried out at separation unit ID: 74885833
{ recyclable of type P dropped into box....}
Box has ID: 373437697
--------------------------------------------------
separating paper......
process carried out at separation unit ID: 74885833
{ recyclable of type P dropped into box....}
Box has ID: 373437697
--------------------------------------------------
separating paper......
process carried out at separation unit ID: 74885833
{ recyclable of type P dropped into box....}
Box has ID: 373437697
--------------------------------------------------
separating paper......
process carried out at separation unit ID: 74885833
{ recyclable of type P dropped into box....}
Box has ID: 373437697
--------------------------------------------------
separating paper......
process carried out at separation unit ID: 74885833
{ recyclable of type P dropped into box....}
Box has ID: 373437697
--------------------------------------------------
separating paper......
process carried out at separation unit ID: 74885833
{ recyclable of type P dropped into box....}
Box has ID: 373437697
--------------------------------------------------
separating paper......
process carried out at separation unit ID: 74885833
{ recyclable of type P dropped into box....}
Box has ID: 373437697
--------------------------------------------------
separating paper......
process carried out at separation unit ID: 74885833
{ recyclable of type P dropped into box....}
Box has ID: 373437697
--------------------------------------------------
separating paper......
process carried out at separation unit ID: 74885833
{ recyclable of type P dropped into box....}
Box has ID: 373437697
--------------------------------------------------
separating paper......
process carried out at separation unit ID: 74885833
{ recyclable of type P dropped into box....}
Box has ID: 373437697
--------------------------------------------------
separating paper......
process carried out at separation unit ID: 74885833
{ recyclable of type P dropped into box....}
Box has ID: 373437697
--------------------------------------------------
separating paper......
process carried out at separation unit ID: 74885833
{ recyclable of type P dropped into box....}
Box has ID: 373437697
--------------------------------------------------
separating paper......
process carried out at separation unit ID: 74885833
{ recyclable of type P dropped into box....}
Box has ID: 373437697
--------------------------------------------------
separating paper......
process carried out at separation unit ID: 74885833
{ recyclable of type P dropped into box....}
Box has ID: 373437697
--------------------------------------------------
separating paper......
process carried out at separation unit ID: 74885833
{ recyclable of type P dropped into box....}
Box has ID: 373437697
--------------------------------------------------
separating paper......
process carried out at separation unit ID: 74885833
{ recyclable of type P dropped into box....}
Box has ID: 373437697
--------------------------------------------------
separating paper......
process carried out at separation unit ID: 74885833
{ recyclable of type P dropped into box....}
Box has ID: 373437697
--------------------------------------------------
separating paper......
process carried out at separation unit ID: 74885833
{ recyclable of type P dropped into box....}
Box has ID: 373437697
--------------------------------------------------
separating paper......
process carried out at separation unit ID: 74885833
{ recyclable of type P dropped into box....}
Box has ID: 373437697
--------------------------------------------------
separating paper......
process carried out at separation unit ID: 74885833
{ recyclable of type P dropped into box....}
Box has ID: 373437697
--------------------------------------------------
separating paper......
process carried out at separation unit ID: 74885833
{ recyclable of type P dropped into box....}
Box has ID: 373437697
--------------------------------------------------
separating paper......
process carried out at separation unit ID: 74885833
{ recyclable of type P dropped into box....}
Box has ID: 373437697
--------------------------------------------------
separating paper......
process carried out at separation unit ID: 74885833
{ recyclable of type P dropped into box....}
Box has ID: 373437697
--------------------------------------------------
separating paper......
process carried out at separation unit ID: 74885833
{ recyclable of type P dropped into box....}
Box has ID: 373437697
--------------------------------------------------
separating paper......
process carried out at separation unit ID: 74885833
{ recyclable of type P dropped into box....}
Box has ID: 373437697
--------------------------------------------------
separating paper......
process carried out at separation unit ID: 74885833
{ recyclable of type P dropped into box....}
Box has ID: 373437697
--------------------------------------------------
separating paper......
process carried out at separation unit ID: 74885833
{ recyclable of type P dropped into box....}
Box has ID: 373437697
--------------------------------------------------
separating paper......
process carried out at separation unit ID: 74885833
{ recyclable of type P dropped into box....}
Box has ID: 373437697
--------------------------------------------------
separating paper......
process carried out at separation unit ID: 74885833
{ recyclable of type P dropped into box....}
Box has ID: 373437697
--------------------------------------------------
separating paper......
process carried out at separation unit ID: 74885833
{ recyclable of type P dropped into box....}
Box has ID: 373437697
--------------------------------------------------
separating paper......
process carried out at separation unit ID: 74885833
{ recyclable of type P dropped into box....}
Box has ID: 373437697
--------------------------------------------------
separating paper......
process carried out at separation unit ID: 74885833
{ recyclable of type P dropped into box....}
Box has ID: 373437697
--------------------------------------------------
separating paper......
process carried out at separation unit ID: 74885833
{ recyclable of type P dropped into box....}
Box has ID: 373437697
--------------------------------------------------
separating paper......
process carried out at separation unit ID: 74885833
{ recyclable of type P dropped into box....}
Box has ID: 373437697
--------------------------------------------------
separating paper......
process carried out at separation unit ID: 74885833
{ recyclable of type P dropped into box....}
Box has ID: 373437697
--------------------------------------------------
separating paper......
process carried out at separation unit ID: 74885833
{ recyclable of type P dropped into box....}
Box has ID: 373437697
--------------------------------------------------
separating paper......
process carried out at separation unit ID: 74885833
{ recyclable of type P dropped into box....}
Box has ID: 373437697
--------------------------------------------------
separating paper......
process carried out at separation unit ID: 74885833
{ recyclable of type P dropped into box....}
Box has ID: 373437697
--------------------------------------------------
separating paper......
process carried out at separation unit ID: 74885833
{ recyclable of type P dropped into box....}
Box has ID: 373437697
--------------------------------------------------
separating paper......
process carried out at separation unit ID: 74885833
{ recyclable of type P dropped into box....}
Box has ID: 373437697
--------------------------------------------------
separating paper......
process carried out at separation unit ID: 74885833
{ recyclable of type P dropped into box....}
Box has ID: 373437697
--------------------------------------------------
separating paper......
process carried out at separation unit ID: 74885833
{ recyclable of type P dropped into box....}
Box has ID: 373437697
--------------------------------------------------
separating paper......
process carried out at separation unit ID: 74885833
{ recyclable of type P dropped into box....}
Box has ID: 373437697
--------------------------------------------------
separating paper......
process carried out at separation unit ID: 74885833
{ recyclable of type P dropped into box....}
Box has ID: 373437697
--------------------------------------------------
separating paper......
process carried out at separation unit ID: 74885833
{ recyclable of type P dropped into box....}
Box has ID: 373437697
--------------------------------------------------
separating paper......
process carried out at separation unit ID: 74885833
{ recyclable of type P dropped into box....}
Box has ID: 373437697
--------------------------------------------------
separating paper......
process carried out at separation unit ID: 74885833
{ recyclable of type P dropped into box....}
Box has ID: 373437697
--------------------------------------------------
separating paper......
process carried out at separation unit ID: 74885833
{ recyclable of type P dropped into box....}
Box has ID: 373437697
--------------------------------------------------
separating paper......
process carried out at separation unit ID: 74885833
{ recyclable of type P dropped into box....}
Box has ID: 373437697
--------------------------------------------------
separating paper......
process carried out at separation unit ID: 74885833
{ recyclable of type P dropped into box....}
Box has ID: 373437697
--------------------------------------------------
separating paper......
process carried out at separation unit ID: 74885833
{ recyclable of type P dropped into box....}
Box has ID: 373437697
--------------------------------------------------
separating paper......
process carried out at separation unit ID: 74885833
{ recyclable of type P dropped into box....}
Box has ID: 373437697
--------------------------------------------------
separating paper......
process carried out at separation unit ID: 74885833
{ recyclable of type P dropped into box....}
Box has ID: 373437697
--------------------------------------------------
separating paper......
process carried out at separation unit ID: 74885833
{ recyclable of type P dropped into box....}
Box has ID: 373437697
--------------------------------------------------
separating paper......
process carried out at separation unit ID: 74885833
{ recyclable of type P dropped into box....}
Box has ID: 373437697
--------------------------------------------------
separating paper......
process carried out at separation unit ID: 74885833
{ recyclable of type P dropped into box....}
Box has ID: 373437697
--------------------------------------------------
separating paper......
process carried out at separation unit ID: 74885833
{ recyclable of type P dropped into box....}
Box has ID: 373437697
--------------------------------------------------
separating paper......
process carried out at separation unit ID: 74885833
{ recyclable of type P dropped into box....}
Box has ID: 373437697
--------------------------------------------------
separating paper......
process carried out at separation unit ID: 74885833
{ recyclable of type P dropped into box....}
Box has ID: 373437697
--------------------------------------------------
separating paper......
process carried out at separation unit ID: 74885833
{ recyclable of type P dropped into box....}
Box has ID: 373437697
--------------------------------------------------
separating paper......
process carried out at separation unit ID: 74885833
{ recyclable of type P dropped into box....}
Box has ID: 373437697
--------------------------------------------------
separating paper......
process carried out at separation unit ID: 74885833
{ recyclable of type P dropped into box....}
Box has ID: 373437697
--------------------------------------------------
separating paper......
process carried out at separation unit ID: 74885833
{ recyclable of type P dropped into box....}
Box has ID: 373437697
--------------------------------------------------
separating paper......
process carried out at separation unit ID: 74885833
{ recyclable of type P dropped into box....}
Box has ID: 373437697
--------------------------------------------------
separating paper......
process carried out at separation unit ID: 74885833
{ recyclable of type P dropped into box....}
Box has ID: 373437697
--------------------------------------------------
separating paper......
process carried out at separation unit ID: 74885833
{ recyclable of type P dropped into box....}
Box has ID: 373437697
--------------------------------------------------
separating paper......
process carried out at separation unit ID: 74885833
{ recyclable of type P dropped into box....}
Box has ID: 373437697
--------------------------------------------------
separating paper......
process carried out at separation unit ID: 74885833
{ recyclable of type P dropped into box....}
Box has ID: 373437697
--------------------------------------------------
separating paper......
process carried out at separation unit ID: 74885833
{ recyclable of type P dropped into box....}
Box has ID: 373437697
--------------------------------------------------
separating paper......
process carried out at separation unit ID: 74885833
{ recyclable of type P dropped into box....}
Box has ID: 373437697
--------------------------------------------------
separating paper......
process carried out at separation unit ID: 74885833
{ recyclable of type P dropped into box....}
Box has ID: 373437697
--------------------------------------------------
separating paper......
process carried out at separation unit ID: 74885833
{ recyclable of type P dropped into box....}
Box has ID: 373437697
--------------------------------------------------
separating paper......
process carried out at separation unit ID: 74885833
{ recyclable of type P dropped into box....}
Box has ID: 373437697
--------------------------------------------------
separating paper......
process carried out at separation unit ID: 74885833
{ recyclable of type P dropped into box....}
Box has ID: 373437697
--------------------------------------------------
separating paper......
process carried out at separation unit ID: 74885833
{ recyclable of type P dropped into box....}
Box has ID: 373437697
--------------------------------------------------
separating paper......
process carried out at separation unit ID: 74885833
{ recyclable of type P dropped into box....}
Box has ID: 373437697
--------------------------------------------------
separating paper......
process carried out at separation unit ID: 74885833
{ recyclable of type P dropped into box....}
Box has ID: 373437697
--------------------------------------------------
separating paper......
process carried out at separation unit ID: 74885833
{ recyclable of type P dropped into box....}
Box has ID: 373437697
--------------------------------------------------
separating paper......
process carried out at separation unit ID: 74885833
{ recyclable of type P dropped into box....}
Box has ID: 373437697
--------------------------------------------------
separating paper......
process carried out at separation unit ID: 74885833
{ recyclable of type P dropped into box....}
Box has ID: 373437697
--------------------------------------------------
separating paper......
process carried out at separation unit ID: 74885833
{ recyclable of type P dropped into box....}
Box has ID: 373437697
--------------------------------------------------
separating paper......
process carried out at separation unit ID: 74885833
{ recyclable of type P dropped into box....}
Box has ID: 373437697
--------------------------------------------------
separating paper......
process carried out at separation unit ID: 74885833
{ recyclable of type P dropped into box....}
Box has ID: 373437697
--------------------------------------------------
separating paper......
process carried out at separation unit ID: 74885833
{ recyclable of type P dropped into box....}
Box has ID: 373437697
--------------------------------------------------
separating paper......
process carried out at separation unit ID: 74885833
{ recyclable of type P dropped into box....}
Box has ID: 373437697
--------------------------------------------------
separating paper......
process carried out at separation unit ID: 74885833
{ recyclable of type P dropped into box....}
Box has ID: 373437697
--------------------------------------------------
separating paper......
process carried out at separation unit ID: 74885833
{ recyclable of type P dropped into box....}
Box has ID: 373437697
--------------------------------------------------
separating paper......
process carried out at separation unit ID: 74885833
{ recyclable of type P dropped into box....}
Box has ID: 373437697
--------------------------------------------------
separating paper......
process carried out at separation unit ID: 74885833
{ recyclable of type P dropped into box....}
Box has ID: 373437697
--------------------------------------------------
separating paper......
process carried out at separation unit ID: 74885833
{ recyclable of type P dropped into box....}
Box has ID: 373437697
--------------------------------------------------
separating paper......
process carried out at separation unit ID: 74885833
{ recyclable of type P dropped into box....}
Box has ID: 373437697
--------------------------------------------------
separating paper......
process carried out at separation unit ID: 74885833
{ recyclable of type P dropped into box....}
Box has ID: 373437697
--------------------------------------------------
separating paper......
process carried out at separation unit ID: 74885833
{ recyclable of type P dropped into box....}
Box has ID: 373437697
--------------------------------------------------
separating paper......
process carried out at separation unit ID: 74885833
{ recyclable of type P dropped into box....}
Box has ID: 373437697
--------------------------------------------------
separating paper......
process carried out at separation unit ID: 74885833
{ recyclable of type P dropped into box....}
Box has ID: 373437697
--------------------------------------------------
separating paper......
process carried out at separation unit ID: 74885833
{ recyclable of type P dropped into box....}
Box has ID: 373437697
--------------------------------------------------
separating paper......
process carried out at separation unit ID: 74885833
{ recyclable of type P dropped into box....}
Box has ID: 373437697
--------------------------------------------------
separating paper......
process carried out at separation unit ID: 74885833
{ recyclable of type P dropped into box....}
Box has ID: 373437697
--------------------------------------------------
separating paper......
process carried out at separation unit ID: 74885833
{ recyclable of type P dropped into box....}
Box has ID: 373437697
--------------------------------------------------
separating paper......
process carried out at separation unit ID: 74885833
{ recyclable of type P dropped into box....}
Box has ID: 373437697
--------------------------------------------------
separating paper......
process carried out at separation unit ID: 74885833
{ recyclable of type P dropped into box....}
Box has ID: 373437697
--------------------------------------------------
separating paper......
process carried out at separation unit ID: 74885833
{ recyclable of type P dropped into box....}
Box has ID: 373437697
--------------------------------------------------
separating paper......
process carried out at separation unit ID: 74885833
{ recyclable of type P dropped into box....}
Box has ID: 373437697
--------------------------------------------------
separating paper......
process carried out at separation unit ID: 74885833
{ recyclable of type P dropped into box....}
Box has ID: 373437697
--------------------------------------------------
separating paper......
process carried out at separation unit ID: 74885833
{ recyclable of type P dropped into box....}
Box has ID: 373437697
--------------------------------------------------
separating paper......
process carried out at separation unit ID: 74885833
{ recyclable of type P dropped into box....}
Box has ID: 373437697
--------------------------------------------------
separating paper......
process carried out at separation unit ID: 74885833
{ recyclable of type P dropped into box....}
Box has ID: 373437697
--------------------------------------------------
separating paper......
process carried out at separation unit ID: 74885833
{ recyclable of type P dropped into box....}
Box has ID: 373437697
--------------------------------------------------
separating paper......
process carried out at separation unit ID: 74885833
{ recyclable of type P dropped into box....}
Box has ID: 373437697
--------------------------------------------------
separating paper......
process carried out at separation unit ID: 74885833
{ recyclable of type P dropped into box....}
Box has ID: 373437697
--------------------------------------------------
separating paper......
process carried out at separation unit ID: 74885833
{ recyclable of type P dropped into box....}
Box has ID: 373437697
--------------------------------------------------
separating paper......
process carried out at separation unit ID: 74885833
{ recyclable of type P dropped into box....}
Box has ID: 373437697
--------------------------------------------------
separating paper......
process carried out at separation unit ID: 74885833
{ recyclable of type P dropped into box....}
Box has ID: 373437697
--------------------------------------------------
separating paper......
process carried out at separation unit ID: 74885833
{ recyclable of type P dropped into box....}
Box has ID: 373437697
--------------------------------------------------
separating paper......
process carried out at separation unit ID: 74885833
{ recyclable of type P dropped into box....}
Box has ID: 373437697
--------------------------------------------------
separating paper......
process carried out at separation unit ID: 74885833
{ recyclable of type P dropped into box....}
Box has ID: 373437697
--------------------------------------------------
separating paper......
process carried out at separation unit ID: 74885833
{ recyclable of type P dropped into box....}
Box has ID: 373437697
--------------------------------------------------
separating paper......
process carried out at separation unit ID: 74885833
{ recyclable of type P dropped into box....}
Box has ID: 373437697
--------------------------------------------------
separating paper......
process carried out at separation unit ID: 74885833
{ recyclable of type P dropped into box....}
Box has ID: 373437697
--------------------------------------------------
separating paper......
process carried out at separation unit ID: 74885833
{ recyclable of type P dropped into box....}
Box has ID: 373437697
--------------------------------------------------
separating paper......
process carried out at separation unit ID: 74885833
{ recyclable of type P dropped into box....}
Box has ID: 373437697
--------------------------------------------------
separating paper......
process carried out at separation unit ID: 74885833
{ recyclable of type P dropped into box....}
Box has ID: 373437697
--------------------------------------------------
separating paper......
process carried out at separation unit ID: 74885833
{ recyclable of type P dropped into box....}
Box has ID: 373437697
--------------------------------------------------
separating paper......
process carried out at separation unit ID: 74885833
{ recyclable of type P dropped into box....}
Box has ID: 373437697
--------------------------------------------------
separating paper......
process carried out at separation unit ID: 74885833
{ recyclable of type P dropped into box....}
Box has ID: 373437697
--------------------------------------------------
separating paper......
process carried out at separation unit ID: 74885833
{ recyclable of type P dropped into box....}
Box has ID: 373437697
--------------------------------------------------
separating paper......
process carried out at separation unit ID: 74885833
{ recyclable of type P dropped into box....}
Box has ID: 373437697
--------------------------------------------------
separating paper......
process carried out at separation unit ID: 74885833
{ recyclable of type P dropped into box....}
Box has ID: 373437697
--------------------------------------------------
separating paper......
process carried out at separation unit ID: 74885833
{ recyclable of type P dropped into box....}
Box has ID: 373437697
--------------------------------------------------
separating paper......
process carried out at separation unit ID: 74885833
{ recyclable of type P dropped into box....}
Box has ID: 373437697
--------------------------------------------------
separating paper......
process carried out at separation unit ID: 74885833
{ recyclable of type P dropped into box....}
Box has ID: 373437697
--------------------------------------------------
separating paper......
process carried out at separation unit ID: 74885833
{ recyclable of type P dropped into box....}
Box has ID: 373437697
--------------------------------------------------
separating paper......
process carried out at separation unit ID: 74885833
{ recyclable of type P dropped into box....}
Box has ID: 373437697
--------------------------------------------------
separating paper......
process carried out at separation unit ID: 74885833
{ recyclable of type P dropped into box....}
Box has ID: 373437697
--------------------------------------------------
separating paper......
process carried out at separation unit ID: 74885833
{ recyclable of type P dropped into box....}
Box has ID: 373437697
--------------------------------------------------
separating paper......
process carried out at separation unit ID: 74885833
{ recyclable of type P dropped into box....}
Box has ID: 373437697
--------------------------------------------------
separating paper......
process carried out at separation unit ID: 74885833
{ recyclable of type P dropped into box....}
Box has ID: 373437697
--------------------------------------------------
separating paper......
process carried out at separation unit ID: 74885833
{ recyclable of type P dropped into box....}
Box has ID: 373437697
--------------------------------------------------
separating paper......
process carried out at separation unit ID: 74885833
{ recyclable of type P dropped into box....}
Box has ID: 373437697
--------------------------------------------------
separating paper......
process carried out at separation unit ID: 74885833
{ recyclable of type P dropped into box....}
Box has ID: 373437697
--------------------------------------------------
separating paper......
process carried out at separation unit ID: 74885833
{ recyclable of type P dropped into box....}
Box has ID: 373437697
--------------------------------------------------
separating paper......
process carried out at separation unit ID: 74885833
{ recyclable of type P dropped into box....}
Box has ID: 373437697
--------------------------------------------------
separating paper......
process carried out at separation unit ID: 74885833
{ recyclable of type P dropped into box....}
Box has ID: 373437697
--------------------------------------------------
separating paper......
process carried out at separation unit ID: 74885833
{ recyclable of type P dropped into box....}
Box has ID: 373437697
--------------------------------------------------
separating paper......
process carried out at separation unit ID: 74885833
{ recyclable of type P dropped into box....}
Box has ID: 373437697
--------------------------------------------------
separating paper......
process carried out at separation unit ID: 74885833
{ recyclable of type P dropped into box....}
Box has ID: 373437697
--------------------------------------------------
separating paper......
process carried out at separation unit ID: 74885833
{ recyclable of type P dropped into box....}
Box has ID: 373437697
--------------------------------------------------
separating paper......
process carried out at separation unit ID: 74885833
{ recyclable of type P dropped into box....}
Box has ID: 373437697
--------------------------------------------------
separating paper......
process carried out at separation unit ID: 74885833
{ recyclable of type P dropped into box....}
Box has ID: 373437697
--------------------------------------------------
separating paper......
process carried out at separation unit ID: 74885833
{ recyclable of type P dropped into box....}
Box has ID: 373437697
--------------------------------------------------
separating paper......
process carried out at separation unit ID: 74885833
{ recyclable of type P dropped into box....}
Box has ID: 373437697
--------------------------------------------------
separating paper......
process carried out at separation unit ID: 74885833
{ recyclable of type P dropped into box....}
Box has ID: 373437697
--------------------------------------------------
separating paper......
process carried out at separation unit ID: 74885833
{ recyclable of type P dropped into box....}
Box has ID: 373437697
--------------------------------------------------
separating paper......
process carried out at separation unit ID: 74885833
{ recyclable of type P dropped into box....}
Box has ID: 373437697
--------------------------------------------------
separating paper......
process carried out at separation unit ID: 74885833
{ recyclable of type P dropped into box....}
Box has ID: 373437697
--------------------------------------------------
separating paper......
process carried out at separation unit ID: 74885833
{ recyclable of type P dropped into box....}
Box has ID: 373437697
--------------------------------------------------
separating paper......
process carried out at separation unit ID: 74885833
{ recyclable of type P dropped into box....}
Box has ID: 373437697
--------------------------------------------------
separating paper......
process carried out at separation unit ID: 74885833
{ recyclable of type P dropped into box....}
Box has ID: 373437697
--------------------------------------------------
separating paper......
process carried out at separation unit ID: 74885833
{ recyclable of type P dropped into box....}
Box has ID: 373437697
--------------------------------------------------
separating paper......
process carried out at separation unit ID: 74885833
{ recyclable of type P dropped into box....}
Box has ID: 373437697
--------------------------------------------------
separating paper......
process carried out at separation unit ID: 74885833
{ recyclable of type P dropped into box....}
Box has ID: 373437697
--------------------------------------------------
separating paper......
process carried out at separation unit ID: 74885833
{ recyclable of type P dropped into box....}
Box has ID: 373437697
--------------------------------------------------
separating paper......
process carried out at separation unit ID: 74885833
{ recyclable of type P dropped into box....}
Box has ID: 373437697
--------------------------------------------------
separating paper......
process carried out at separation unit ID: 74885833
{ recyclable of type P dropped into box....}
Box has ID: 373437697
--------------------------------------------------
separating paper......
process carried out at separation unit ID: 74885833
{ recyclable of type P dropped into box....}
Box has ID: 373437697
--------------------------------------------------
separating paper......
process carried out at separation unit ID: 74885833
{ recyclable of type P dropped into box....}
Box has ID: 373437697
--------------------------------------------------
separating paper......
process carried out at separation unit ID: 74885833
{ recyclable of type P dropped into box....}
Box has ID: 373437697
--------------------------------------------------
separating paper......
process carried out at separation unit ID: 74885833
{ recyclable of type P dropped into box....}
Box has ID: 373437697
--------------------------------------------------
separating paper......
process carried out at separation unit ID: 74885833
{ recyclable of type P dropped into box....}
Box has ID: 373437697
--------------------------------------------------
separating paper......
process carried out at separation unit ID: 74885833
{ recyclable of type P dropped into box....}
Box has ID: 373437697
--------------------------------------------------
separating paper......
process carried out at separation unit ID: 74885833
{ recyclable of type P dropped into box....}
Box has ID: 373437697
--------------------------------------------------
separating paper......
process carried out at separation unit ID: 74885833
{ recyclable of type P dropped into box....}
Box has ID: 373437697
--------------------------------------------------
separating paper......
process carried out at separation unit ID: 74885833
{ recyclable of type P dropped into box....}
Box has ID: 373437697
--------------------------------------------------
separating paper......
process carried out at separation unit ID: 74885833
{ recyclable of type P dropped into box....}
Box has ID: 373437697
--------------------------------------------------
separating paper......
process carried out at separation unit ID: 74885833
{ recyclable of type P dropped into box....}
Box has ID: 373437697
--------------------------------------------------
separating paper......
process carried out at separation unit ID: 74885833
{ recyclable of type P dropped into box....}
Box has ID: 373437697
--------------------------------------------------
separating paper......
process carried out at separation unit ID: 74885833
{ recyclable of type P dropped into box....}
Box has ID: 373437697
--------------------------------------------------
separating paper......
process carried out at separation unit ID: 74885833
{ recyclable of type P dropped into box....}
Box has ID: 373437697
--------------------------------------------------
separating paper......
process carried out at separation unit ID: 74885833
{ recyclable of type P dropped into box....}
Box has ID: 373437697
--------------------------------------------------
separating paper......
process carried out at separation unit ID: 74885833
{ recyclable of type P dropped into box....}
Box has ID: 373437697
--------------------------------------------------
separating paper......
process carried out at separation unit ID: 74885833
{ recyclable of type P dropped into box....}
Box has ID: 373437697
--------------------------------------------------
separating paper......
process carried out at separation unit ID: 74885833
{ recyclable of type P dropped into box....}
Box has ID: 373437697
--------------------------------------------------
separating paper......
process carried out at separation unit ID: 74885833
{ recyclable of type P dropped into box....}
Box has ID: 373437697
--------------------------------------------------
separating paper......
process carried out at separation unit ID: 74885833
{ recyclable of type P dropped into box....}
Box has ID: 373437697
--------------------------------------------------
separating paper......
process carried out at separation unit ID: 74885833
{ recyclable of type P dropped into box....}
Box has ID: 373437697
--------------------------------------------------
separating paper......
process carried out at separation unit ID: 74885833
{ recyclable of type P dropped into box....}
Box has ID: 373437697
--------------------------------------------------
separating paper......
process carried out at separation unit ID: 74885833
{ recyclable of type P dropped into box....}
Box has ID: 373437697
--------------------------------------------------
separating paper......
process carried out at separation unit ID: 74885833
{ recyclable of type P dropped into box....}
Box has ID: 373437697
--------------------------------------------------
separating paper......
process carried out at separation unit ID: 74885833
{ recyclable of type P dropped into box....}
Box has ID: 373437697
--------------------------------------------------
separating paper......
process carried out at separation unit ID: 74885833
{ recyclable of type P dropped into box....}
Box has ID: 373437697
--------------------------------------------------
separating paper......
process carried out at separation unit ID: 74885833
{ recyclable of type P dropped into box....}
Box has ID: 373437697
--------------------------------------------------
separating paper......
process carried out at separation unit ID: 74885833
{ recyclable of type P dropped into box....}
Box has ID: 373437697
--------------------------------------------------
separating paper......
process carried out at separation unit ID: 74885833
{ recyclable of type P dropped into box....}
Box has ID: 373437697
--------------------------------------------------
separating paper......
process carried out at separation unit ID: 74885833
{ recyclable of type P dropped into box....}
Box has ID: 373437697
--------------------------------------------------
separating paper......
process carried out at separation unit ID: 74885833
{ recyclable of type P dropped into box....}
Box has ID: 373437697
--------------------------------------------------
separating paper......
process carried out at separation unit ID: 74885833
{ recyclable of type P dropped into box....}
Box has ID: 373437697
--------------------------------------------------
separating paper......
process carried out at separation unit ID: 74885833
{ recyclable of type P dropped into box....}
Box has ID: 373437697
--------------------------------------------------
separating paper......
process carried out at separation unit ID: 74885833
{ recyclable of type P dropped into box....}
Box has ID: 373437697
--------------------------------------------------
separating paper......
process carried out at separation unit ID: 74885833
{ recyclable of type P dropped into box....}
Box has ID: 373437697
--------------------------------------------------
separating paper......
process carried out at separation unit ID: 74885833
{ recyclable of type P dropped into box....}
Box has ID: 373437697
--------------------------------------------------
separating paper......
process carried out at separation unit ID: 74885833
{ recyclable of type P dropped into box....}
Box has ID: 373437697
--------------------------------------------------
separating paper......
process carried out at separation unit ID: 74885833
{ recyclable of type P dropped into box....}
Box has ID: 373437697
--------------------------------------------------
separating paper......
process carried out at separation unit ID: 74885833
{ recyclable of type P dropped into box....}
Box has ID: 373437697
--------------------------------------------------
separating paper......
process carried out at separation unit ID: 74885833
{ recyclable of type P dropped into box....}
Box has ID: 373437697
--------------------------------------------------
separating paper......
process carried out at separation unit ID: 74885833
{ recyclable of type P dropped into box....}
Box has ID: 373437697
--------------------------------------------------
separating paper......
process carried out at separation unit ID: 74885833
{ recyclable of type P dropped into box....}
Box has ID: 373437697
--------------------------------------------------
separating paper......
process carried out at separation unit ID: 74885833
{ recyclable of type P dropped into box....}
Box has ID: 373437697
--------------------------------------------------
separating paper......
process carried out at separation unit ID: 74885833
{ recyclable of type P dropped into box....}
Box has ID: 373437697
--------------------------------------------------
separating paper......
process carried out at separation unit ID: 74885833
{ recyclable of type P dropped into box....}
Box has ID: 373437697
--------------------------------------------------
separating paper......
process carried out at separation unit ID: 74885833
{ recyclable of type P dropped into box....}
Box has ID: 373437697
--------------------------------------------------
separating paper......
process carried out at separation unit ID: 74885833
{ recyclable of type P dropped into box....}
Box has ID: 373437697
--------------------------------------------------
separating paper......
process carried out at separation unit ID: 74885833
{ recyclable of type P dropped into box....}
Box has ID: 373437697
--------------------------------------------------
separating paper......
process carried out at separation unit ID: 74885833
{ recyclable of type P dropped into box....}
Box has ID: 373437697
--------------------------------------------------
separating paper......
process carried out at separation unit ID: 74885833
{ recyclable of type P dropped into box....}
Box has ID: 373437697
--------------------------------------------------
separating paper......
process carried out at separation unit ID: 74885833
{ recyclable of type P dropped into box....}
Box has ID: 373437697
--------------------------------------------------
separating paper......
process carried out at separation unit ID: 74885833
{ recyclable of type P dropped into box....}
Box has ID: 373437697
--------------------------------------------------
separating paper......
process carried out at separation unit ID: 74885833
{ recyclable of type P dropped into box....}
Box has ID: 373437697
--------------------------------------------------
separating paper......
process carried out at separation unit ID: 74885833
{ recyclable of type P dropped into box....}
Box has ID: 373437697
--------------------------------------------------
separating paper......
process carried out at separation unit ID: 74885833
{ recyclable of type P dropped into box....}
Box has ID: 373437697
--------------------------------------------------
separating paper......
process carried out at separation unit ID: 74885833
{ recyclable of type P dropped into box....}
Box has ID: 373437697
--------------------------------------------------
separating paper......
process carried out at separation unit ID: 74885833
{ recyclable of type P dropped into box....}
Box has ID: 373437697
--------------------------------------------------
separating paper......
process carried out at separation unit ID: 74885833
{ recyclable of type P dropped into box....}
Box has ID: 373437697
--------------------------------------------------
separating paper......
process carried out at separation unit ID: 74885833
{ recyclable of type P dropped into box....}
Box has ID: 373437697
--------------------------------------------------
separating paper......
process carried out at separation unit ID: 74885833
{ recyclable of type P dropped into box....}
Box has ID: 373437697
--------------------------------------------------
separating paper......
process carried out at separation unit ID: 74885833
{ recyclable of type P dropped into box....}
Box has ID: 373437697
--------------------------------------------------
separating paper......
process carried out at separation unit ID: 74885833
{ recyclable of type P dropped into box....}
Box has ID: 373437697
--------------------------------------------------
separating paper......
process carried out at separation unit ID: 74885833
{ recyclable of type P dropped into box....}
Box has ID: 373437697
--------------------------------------------------
separating paper......
process carried out at separation unit ID: 74885833
{ recyclable of type P dropped into box....}
Box has ID: 373437697
--------------------------------------------------
separating paper......
process carried out at separation unit ID: 74885833
{ recyclable of type P dropped into box....}
Box has ID: 373437697
--------------------------------------------------
separating paper......
process carried out at separation unit ID: 74885833
{ recyclable of type P dropped into box....}
Box has ID: 373437697
--------------------------------------------------
separating paper......
process carried out at separation unit ID: 74885833
{ recyclable of type P dropped into box....}
Box has ID: 373437697
--------------------------------------------------
separating paper......
process carried out at separation unit ID: 74885833
{ recyclable of type P dropped into box....}
Box has ID: 373437697
--------------------------------------------------
separating paper......
process carried out at separation unit ID: 74885833
{ recyclable of type P dropped into box....}
Box has ID: 373437697
--------------------------------------------------
separating paper......
process carried out at separation unit ID: 74885833
{ recyclable of type P dropped into box....}
Box has ID: 373437697
--------------------------------------------------
separating paper......
process carried out at separation unit ID: 74885833
{ recyclable of type P dropped into box....}
Box has ID: 373437697
--------------------------------------------------
separating paper......
process carried out at separation unit ID: 74885833
{ recyclable of type P dropped into box....}
Box has ID: 373437697
--------------------------------------------------
separating paper......
process carried out at separation unit ID: 74885833
{ recyclable of type P dropped into box....}
Box has ID: 373437697
--------------------------------------------------
separating paper......
process carried out at separation unit ID: 74885833
{ recyclable of type P dropped into box....}
Box has ID: 373437697
--------------------------------------------------
separating paper......
process carried out at separation unit ID: 74885833
{ recyclable of type P dropped into box....}
Box has ID: 373437697
--------------------------------------------------
separating paper......
process carried out at separation unit ID: 74885833
{ recyclable of type P dropped into box....}
Box has ID: 373437697
--------------------------------------------------
separating paper......
process carried out at separation unit ID: 74885833
{ recyclable of type P dropped into box....}
Box has ID: 373437697
--------------------------------------------------
separating paper......
process carried out at separation unit ID: 74885833
{ recyclable of type P dropped into box....}
Box has ID: 373437697
--------------------------------------------------
separating paper......
process carried out at separation unit ID: 74885833
{ recyclable of type P dropped into box....}
Box has ID: 373437697
--------------------------------------------------
separating paper......
process carried out at separation unit ID: 74885833
{ recyclable of type P dropped into box....}
Box has ID: 373437697
--------------------------------------------------
separating paper......
process carried out at separation unit ID: 74885833
{ recyclable of type P dropped into box....}
Box has ID: 373437697
--------------------------------------------------
separating paper......
process carried out at separation unit ID: 74885833
{ recyclable of type P dropped into box....}
Box has ID: 373437697
--------------------------------------------------
separating paper......
process carried out at separation unit ID: 74885833
{ recyclable of type P dropped into box....}
Box has ID: 373437697
--------------------------------------------------
separating paper......
process carried out at separation unit ID: 74885833
{ recyclable of type P dropped into box....}
Box has ID: 373437697
--------------------------------------------------
separating paper......
process carried out at separation unit ID: 74885833
{ recyclable of type P dropped into box....}
Box has ID: 373437697
--------------------------------------------------
separating paper......
process carried out at separation unit ID: 74885833
{ recyclable of type P dropped into box....}
Box has ID: 373437697
--------------------------------------------------
separating paper......
process carried out at separation unit ID: 74885833
{ recyclable of type P dropped into box....}
Box has ID: 373437697
--------------------------------------------------
separating paper......
process carried out at separation unit ID: 74885833
{ recyclable of type P dropped into box....}
Box has ID: 373437697
--------------------------------------------------
separating paper......
process carried out at separation unit ID: 74885833
{ recyclable of type P dropped into box....}
Box has ID: 373437697
--------------------------------------------------
separating paper......
process carried out at separation unit ID: 74885833
{ recyclable of type P dropped into box....}
Box has ID: 373437697
--------------------------------------------------
separating paper......
process carried out at separation unit ID: 74885833
{ recyclable of type P dropped into box....}
Box has ID: 373437697
--------------------------------------------------
separating paper......
process carried out at separation unit ID: 74885833
{ recyclable of type P dropped into box....}
Box has ID: 373437697
--------------------------------------------------
separating paper......
process carried out at separation unit ID: 74885833
{ recyclable of type P dropped into box....}
Box has ID: 373437697
--------------------------------------------------
separating paper......
process carried out at separation unit ID: 74885833
{ recyclable of type P dropped into box....}
Box has ID: 373437697
--------------------------------------------------
separating paper......
process carried out at separation unit ID: 74885833
{ recyclable of type P dropped into box....}
Box has ID: 373437697
--------------------------------------------------
separating paper......
process carried out at separation unit ID: 74885833
{ recyclable of type P dropped into box....}
Box has ID: 373437697
--------------------------------------------------
separating paper......
process carried out at separation unit ID: 74885833
{ recyclable of type P dropped into box....}
Box has ID: 373437697
--------------------------------------------------
separating paper......
process carried out at separation unit ID: 74885833
{ recyclable of type P dropped into box....}
Box has ID: 373437697
--------------------------------------------------
separating paper......
process carried out at separation unit ID: 74885833
{ recyclable of type P dropped into box....}
Box has ID: 373437697
--------------------------------------------------
separating paper......
process carried out at separation unit ID: 74885833
{ recyclable of type P dropped into box....}
Box has ID: 373437697
--------------------------------------------------
separating paper......
process carried out at separation unit ID: 74885833
{ recyclable of type P dropped into box....}
Box has ID: 373437697
--------------------------------------------------
separating paper......
process carried out at separation unit ID: 74885833
{ recyclable of type P dropped into box....}
Box has ID: 373437697
--------------------------------------------------
separating paper......
process carried out at separation unit ID: 74885833
{ recyclable of type P dropped into box....}
Box has ID: 373437697
--------------------------------------------------
separating paper......
process carried out at separation unit ID: 74885833
{ recyclable of type P dropped into box....}
Box has ID: 373437697
--------------------------------------------------
separating paper......
process carried out at separation unit ID: 74885833
{ recyclable of type P dropped into box....}
Box has ID: 373437697
--------------------------------------------------
separating paper......
process carried out at separation unit ID: 74885833
{ recyclable of type P dropped into box....}
Box has ID: 373437697
--------------------------------------------------
separating paper......
process carried out at separation unit ID: 74885833
{ recyclable of type P dropped into box....}
Box has ID: 373437697
--------------------------------------------------
separating paper......
process carried out at separation unit ID: 74885833
{ recyclable of type P dropped into box....}
Box has ID: 373437697
--------------------------------------------------
separating paper......
process carried out at separation unit ID: 74885833
{ recyclable of type P dropped into box....}
Box has ID: 373437697
--------------------------------------------------
separating paper......
process carried out at separation unit ID: 74885833
{ recyclable of type P dropped into box....}
Box has ID: 373437697
--------------------------------------------------
separating paper......
process carried out at separation unit ID: 74885833
{ recyclable of type P dropped into box....}
Box has ID: 373437697
--------------------------------------------------
separating paper......
process carried out at separation unit ID: 74885833
{ recyclable of type P dropped into box....}
Box has ID: 373437697
--------------------------------------------------
separating paper......
process carried out at separation unit ID: 74885833
{ recyclable of type P dropped into box....}
Box has ID: 373437697
--------------------------------------------------
separating paper......
process carried out at separation unit ID: 74885833
{ recyclable of type P dropped into box....}
Box has ID: 373437697
--------------------------------------------------
separating paper......
process carried out at separation unit ID: 74885833
{ recyclable of type P dropped into box....}
Box has ID: 373437697
--------------------------------------------------
separating paper......
process carried out at separation unit ID: 74885833
{ recyclable of type P dropped into box....}
Box has ID: 373437697
--------------------------------------------------
separating paper......
process carried out at separation unit ID: 74885833
{ recyclable of type P dropped into box....}
Box has ID: 373437697
--------------------------------------------------
separating paper......
process carried out at separation unit ID: 74885833
{ recyclable of type P dropped into box....}
Box has ID: 373437697
--------------------------------------------------
separating paper......
process carried out at separation unit ID: 74885833
{ recyclable of type P dropped into box....}
Box has ID: 373437697
--------------------------------------------------
separating paper......
process carried out at separation unit ID: 74885833
{ recyclable of type P dropped into box....}
Box has ID: 373437697
--------------------------------------------------
separating paper......
process carried out at separation unit ID: 74885833
{ recyclable of type P dropped into box....}
Box has ID: 373437697
--------------------------------------------------
separating paper......
process carried out at separation unit ID: 74885833
{ recyclable of type P dropped into box....}
Box has ID: 373437697
--------------------------------------------------
separating paper......
process carried out at separation unit ID: 74885833
{ recyclable of type P dropped into box....}
Box has ID: 373437697
--------------------------------------------------
separating paper......
process carried out at separation unit ID: 74885833
{ recyclable of type P dropped into box....}
Box has ID: 373437697
--------------------------------------------------
separating paper......
process carried out at separation unit ID: 74885833
{ recyclable of type P dropped into box....}
Box has ID: 373437697
--------------------------------------------------
separating paper......
process carried out at separation unit ID: 74885833
{ recyclable of type P dropped into box....}
Box has ID: 373437697
--------------------------------------------------
separating paper......
process carried out at separation unit ID: 74885833
{ recyclable of type P dropped into box....}
Box has ID: 373437697
--------------------------------------------------
separating paper......
process carried out at separation unit ID: 74885833
{ recyclable of type P dropped into box....}
Box has ID: 373437697
--------------------------------------------------
separating paper......
process carried out at separation unit ID: 74885833
{ recyclable of type P dropped into box....}
Box has ID: 373437697
--------------------------------------------------
separating paper......
process carried out at separation unit ID: 74885833
{ recyclable of type P dropped into box....}
Box has ID: 373437697
--------------------------------------------------
separating paper......
process carried out at separation unit ID: 74885833
{ recyclable of type P dropped into box....}
Box has ID: 373437697
--------------------------------------------------
separating paper......
process carried out at separation unit ID: 74885833
{ recyclable of type P dropped into box....}
Box has ID: 373437697
--------------------------------------------------
separating paper......
process carried out at separation unit ID: 74885833
{ recyclable of type P dropped into box....}
Box has ID: 373437697
--------------------------------------------------
separating paper......
process carried out at separation unit ID: 74885833
{ recyclable of type P dropped into box....}
Box has ID: 373437697
--------------------------------------------------
separating paper......
process carried out at separation unit ID: 74885833
{ recyclable of type P dropped into box....}
Box has ID: 373437697
--------------------------------------------------
separating paper......
process carried out at separation unit ID: 74885833
{ recyclable of type P dropped into box....}
Box has ID: 373437697
--------------------------------------------------
separating paper......
process carried out at separation unit ID: 74885833
{ recyclable of type P dropped into box....}
Box has ID: 373437697
--------------------------------------------------
separating paper......
process carried out at separation unit ID: 74885833
{ recyclable of type P dropped into box....}
Box has ID: 373437697
--------------------------------------------------
separating paper......
process carried out at separation unit ID: 74885833
{ recyclable of type P dropped into box....}
Box has ID: 373437697
--------------------------------------------------
separating paper......
process carried out at separation unit ID: 74885833
{ recyclable of type P dropped into box....}
Box has ID: 373437697
--------------------------------------------------
separating paper......
process carried out at separation unit ID: 74885833
{ recyclable of type P dropped into box....}
Box has ID: 373437697
--------------------------------------------------
separating paper......
process carried out at separation unit ID: 74885833
{ recyclable of type P dropped into box....}
Box has ID: 373437697
--------------------------------------------------
separating paper......
process carried out at separation unit ID: 74885833
{ recyclable of type P dropped into box....}
Box has ID: 373437697
--------------------------------------------------
separating paper......
process carried out at separation unit ID: 74885833
{ recyclable of type P dropped into box....}
Box has ID: 373437697
--------------------------------------------------
separating paper......
process carried out at separation unit ID: 74885833
{ recyclable of type P dropped into box....}
Box has ID: 373437697
--------------------------------------------------
separating paper......
process carried out at separation unit ID: 74885833
{ recyclable of type P dropped into box....}
Box has ID: 373437697
--------------------------------------------------
separating paper......
process carried out at separation unit ID: 74885833
{ recyclable of type P dropped into box....}
Box has ID: 373437697
--------------------------------------------------
separating paper......
process carried out at separation unit ID: 74885833
{ recyclable of type P dropped into box....}
Box has ID: 373437697
--------------------------------------------------
separating paper......
process carried out at separation unit ID: 74885833
{ recyclable of type P dropped into box....}
Box has ID: 373437697
--------------------------------------------------
separating paper......
process carried out at separation unit ID: 74885833
{ recyclable of type P dropped into box....}
Box has ID: 373437697
--------------------------------------------------
separating paper......
process carried out at separation unit ID: 74885833
{ recyclable of type P dropped into box....}
Box has ID: 373437697
--------------------------------------------------
separating paper......
process carried out at separation unit ID: 74885833
{ recyclable of type P dropped into box....}
Box has ID: 373437697
--------------------------------------------------
separating paper......
process carried out at separation unit ID: 74885833
{ recyclable of type P dropped into box....}
Box has ID: 373437697
--------------------------------------------------
separating paper......
process carried out at separation unit ID: 74885833
{ recyclable of type P dropped into box....}
Box has ID: 373437697
--------------------------------------------------
separating paper......
process carried out at separation unit ID: 74885833
{ recyclable of type P dropped into box....}
Box has ID: 373437697
--------------------------------------------------
separating paper......
process carried out at separation unit ID: 74885833
{ recyclable of type P dropped into box....}
Box has ID: 373437697
--------------------------------------------------
separating paper......
process carried out at separation unit ID: 74885833
{ recyclable of type P dropped into box....}
Box has ID: 373437697
--------------------------------------------------
separating paper......
process carried out at separation unit ID: 74885833
{ recyclable of type P dropped into box....}
Box has ID: 373437697
--------------------------------------------------
separating paper......
process carried out at separation unit ID: 74885833
{ recyclable of type P dropped into box....}
Box has ID: 373437697
--------------------------------------------------
separating paper......
process carried out at separation unit ID: 74885833
{ recyclable of type P dropped into box....}
Box has ID: 373437697
--------------------------------------------------
separating paper......
process carried out at separation unit ID: 74885833
{ recyclable of type P dropped into box....}
Box has ID: 373437697
--------------------------------------------------
separating paper......
process carried out at separation unit ID: 74885833
{ recyclable of type P dropped into box....}
Box has ID: 373437697
--------------------------------------------------
separating paper......
process carried out at separation unit ID: 74885833
{ recyclable of type P dropped into box....}
Box has ID: 373437697
--------------------------------------------------
separating paper......
process carried out at separation unit ID: 74885833
{ recyclable of type P dropped into box....}
Box has ID: 373437697
--------------------------------------------------
separating paper......
process carried out at separation unit ID: 74885833
{ recyclable of type P dropped into box....}
Box has ID: 373437697
--------------------------------------------------
separating paper......
process carried out at separation unit ID: 74885833
{ recyclable of type P dropped into box....}
Box has ID: 373437697
--------------------------------------------------
separating paper......
process carried out at separation unit ID: 74885833
{ recyclable of type P dropped into box....}
Box has ID: 373437697
--------------------------------------------------
separating paper......
process carried out at separation unit ID: 74885833
{ recyclable of type P dropped into box....}
Box has ID: 373437697
--------------------------------------------------
separating paper......
process carried out at separation unit ID: 74885833
{ recyclable of type P dropped into box....}
Box has ID: 373437697
--------------------------------------------------
separating paper......
process carried out at separation unit ID: 74885833
{ recyclable of type P dropped into box....}
Box has ID: 373437697
--------------------------------------------------
separating paper......
process carried out at separation unit ID: 74885833
{ recyclable of type P dropped into box....}
Box has ID: 373437697
--------------------------------------------------
separating paper......
process carried out at separation unit ID: 74885833
{ recyclable of type P dropped into box....}
Box has ID: 373437697
--------------------------------------------------
separating paper......
process carried out at separation unit ID: 74885833
{ recyclable of type P dropped into box....}
Box has ID: 373437697
--------------------------------------------------
separating paper......
process carried out at separation unit ID: 74885833
{ recyclable of type P dropped into box....}
Box has ID: 373437697
--------------------------------------------------
separating paper......
process carried out at separation unit ID: 74885833
{ recyclable of type P dropped into box....}
Box has ID: 373437697
--------------------------------------------------
separating paper......
process carried out at separation unit ID: 74885833
{ recyclable of type P dropped into box....}
Box has ID: 373437697
--------------------------------------------------
separating paper......
process carried out at separation unit ID: 74885833
{ recyclable of type P dropped into box....}
Box has ID: 373437697
--------------------------------------------------
separating paper......
process carried out at separation unit ID: 74885833
{ recyclable of type P dropped into box....}
Box has ID: 373437697
--------------------------------------------------
separating paper......
process carried out at separation unit ID: 74885833
{ recyclable of type P dropped into box....}
Box has ID: 373437697
--------------------------------------------------
separating paper......
process carried out at separation unit ID: 74885833
{ recyclable of type P dropped into box....}
Box has ID: 373437697
--------------------------------------------------
separating paper......
process carried out at separation unit ID: 74885833
{ recyclable of type P dropped into box....}
Box has ID: 373437697
--------------------------------------------------
separating paper......
process carried out at separation unit ID: 74885833
{ recyclable of type P dropped into box....}
Box has ID: 373437697
--------------------------------------------------
separating paper......
process carried out at separation unit ID: 74885833
{ recyclable of type P dropped into box....}
Box has ID: 373437697
--------------------------------------------------
separating paper......
process carried out at separation unit ID: 74885833
{ recyclable of type P dropped into box....}
Box has ID: 373437697
--------------------------------------------------
separating paper......
process carried out at separation unit ID: 74885833
{ recyclable of type P dropped into box....}
Box has ID: 373437697
--------------------------------------------------
separating paper......
process carried out at separation unit ID: 74885833
{ recyclable of type P dropped into box....}
Box has ID: 373437697
--------------------------------------------------
separating paper......
process carried out at separation unit ID: 74885833
{ recyclable of type P dropped into box....}
Box has ID: 373437697
--------------------------------------------------
separating paper......
process carried out at separation unit ID: 74885833
{ recyclable of type P dropped into box....}
Box has ID: 373437697
--------------------------------------------------
separating paper......
process carried out at separation unit ID: 74885833
{ recyclable of type P dropped into box....}
Box has ID: 373437697
--------------------------------------------------
separating paper......
process carried out at separation unit ID: 74885833
{ recyclable of type P dropped into box....}
Box has ID: 373437697
--------------------------------------------------
separating paper......
process carried out at separation unit ID: 74885833
{ recyclable of type P dropped into box....}
Box has ID: 373437697
--------------------------------------------------
separating paper......
process carried out at separation unit ID: 74885833
{ recyclable of type P dropped into box....}
Box has ID: 373437697
--------------------------------------------------
separating paper......
process carried out at separation unit ID: 74885833
{ recyclable of type P dropped into box....}
Box has ID: 373437697
--------------------------------------------------
separating paper......
process carried out at separation unit ID: 74885833
{ recyclable of type P dropped into box....}
Box has ID: 373437697
--------------------------------------------------
separating paper......
process carried out at separation unit ID: 74885833
{ recyclable of type P dropped into box....}
Box has ID: 373437697
--------------------------------------------------
separating paper......
process carried out at separation unit ID: 74885833
{ recyclable of type P dropped into box....}
Box has ID: 373437697
--------------------------------------------------
separating paper......
process carried out at separation unit ID: 74885833
{ recyclable of type P dropped into box....}
Box has ID: 373437697
--------------------------------------------------
separating paper......
process carried out at separation unit ID: 74885833
{ recyclable of type P dropped into box....}
Box has ID: 373437697
--------------------------------------------------
separating paper......
process carried out at separation unit ID: 74885833
{ recyclable of type P dropped into box....}
Box has ID: 373437697
--------------------------------------------------
separating paper......
process carried out at separation unit ID: 74885833
{ recyclable of type P dropped into box....}
Box has ID: 373437697
--------------------------------------------------
separating paper......
process carried out at separation unit ID: 74885833
{ recyclable of type P dropped into box....}
Box has ID: 373437697
--------------------------------------------------
separating paper......
process carried out at separation unit ID: 74885833
{ recyclable of type P dropped into box....}
Box has ID: 373437697
--------------------------------------------------
separating paper......
process carried out at separation unit ID: 74885833
{ recyclable of type P dropped into box....}
Box has ID: 373437697
--------------------------------------------------
separating paper......
process carried out at separation unit ID: 74885833
{ recyclable of type P dropped into box....}
Box has ID: 373437697
--------------------------------------------------
separating paper......
process carried out at separation unit ID: 74885833
{ recyclable of type P dropped into box....}
Box has ID: 373437697
--------------------------------------------------
separating paper......
process carried out at separation unit ID: 74885833
{ recyclable of type P dropped into box....}
Box has ID: 373437697
--------------------------------------------------
separating paper......
process carried out at separation unit ID: 74885833
{ recyclable of type P dropped into box....}
Box has ID: 373437697
--------------------------------------------------
separating paper......
process carried out at separation unit ID: 74885833
{ recyclable of type P dropped into box....}
Box has ID: 373437697
--------------------------------------------------
separating paper......
process carried out at separation unit ID: 74885833
{ recyclable of type P dropped into box....}
Box has ID: 373437697
--------------------------------------------------
separating paper......
process carried out at separation unit ID: 74885833
{ recyclable of type P dropped into box....}
Box has ID: 373437697
--------------------------------------------------
separating paper......
process carried out at separation unit ID: 74885833
{ recyclable of type P dropped into box....}
Box has ID: 373437697
--------------------------------------------------
separating paper......
process carried out at separation unit ID: 74885833
{ recyclable of type P dropped into box....}
Box has ID: 373437697
--------------------------------------------------
separating paper......
process carried out at separation unit ID: 74885833
{ recyclable of type P dropped into box....}
Box has ID: 373437697
--------------------------------------------------
separating paper......
process carried out at separation unit ID: 74885833
{ recyclable of type P dropped into box....}
Box has ID: 373437697
--------------------------------------------------
separating paper......
process carried out at separation unit ID: 74885833
{ recyclable of type P dropped into box....}
Box has ID: 373437697
--------------------------------------------------
separating paper......
process carried out at separation unit ID: 74885833
{ recyclable of type P dropped into box....}
Box has ID: 373437697
--------------------------------------------------
separating paper......
process carried out at separation unit ID: 74885833
{ recyclable of type P dropped into box....}
Box has ID: 373437697
--------------------------------------------------
separating paper......
process carried out at separation unit ID: 74885833
{ recyclable of type P dropped into box....}
Box has ID: 373437697
--------------------------------------------------
separating paper......
process carried out at separation unit ID: 74885833
{ recyclable of type P dropped into box....}
Box has ID: 373437697
--------------------------------------------------
separating paper......
process carried out at separation unit ID: 74885833
{ recyclable of type P dropped into box....}
Box has ID: 373437697
--------------------------------------------------
separating paper......
process carried out at separation unit ID: 74885833
{ recyclable of type P dropped into box....}
Box has ID: 373437697
--------------------------------------------------
separating paper......
process carried out at separation unit ID: 74885833
{ recyclable of type P dropped into box....}
Box has ID: 373437697
--------------------------------------------------
separating paper......
process carried out at separation unit ID: 74885833
{ recyclable of type P dropped into box....}
Box has ID: 373437697
--------------------------------------------------
separating paper......
process carried out at separation unit ID: 74885833
{ recyclable of type P dropped into box....}
Box has ID: 373437697
--------------------------------------------------
separating paper......
process carried out at separation unit ID: 74885833
{ recyclable of type P dropped into box....}
Box has ID: 373437697
--------------------------------------------------
separating paper......
process carried out at separation unit ID: 74885833
{ recyclable of type P dropped into box....}
Box has ID: 373437697
--------------------------------------------------
separating paper......
process carried out at separation unit ID: 74885833
{ recyclable of type P dropped into box....}
Box has ID: 373437697
--------------------------------------------------
separating paper......
process carried out at separation unit ID: 74885833
{ recyclable of type P dropped into box....}
Box has ID: 373437697
--------------------------------------------------
separating paper......
process carried out at separation unit ID: 74885833
{ recyclable of type P dropped into box....}
Box has ID: 373437697
--------------------------------------------------
separating paper......
process carried out at separation unit ID: 74885833
{ recyclable of type P dropped into box....}
Box has ID: 373437697
--------------------------------------------------
separating paper......
process carried out at separation unit ID: 74885833
{ recyclable of type P dropped into box....}
Box has ID: 373437697
--------------------------------------------------
separating paper......
process carried out at separation unit ID: 74885833
{ recyclable of type P dropped into box....}
Box has ID: 373437697
--------------------------------------------------
separating paper......
process carried out at separation unit ID: 74885833
{ recyclable of type P dropped into box....}
Box has ID: 373437697
--------------------------------------------------
separating paper......
process carried out at separation unit ID: 74885833
{ recyclable of type P dropped into box....}
Box has ID: 373437697
--------------------------------------------------
separating paper......
process carried out at separation unit ID: 74885833
{ recyclable of type P dropped into box....}
Box has ID: 373437697
--------------------------------------------------
separating paper......
process carried out at separation unit ID: 74885833
{ recyclable of type P dropped into box....}
Box has ID: 373437697
--------------------------------------------------
separating paper......
process carried out at separation unit ID: 74885833
{ recyclable of type P dropped into box....}
Box has ID: 373437697
--------------------------------------------------
separating paper......
process carried out at separation unit ID: 74885833
{ recyclable of type P dropped into box....}
Box has ID: 373437697
--------------------------------------------------
separating paper......
process carried out at separation unit ID: 74885833
{ recyclable of type P dropped into box....}
Box has ID: 373437697
--------------------------------------------------
separating paper......
process carried out at separation unit ID: 74885833
{ recyclable of type P dropped into box....}
Box has ID: 373437697
--------------------------------------------------
separating paper......
process carried out at separation unit ID: 74885833
{ recyclable of type P dropped into box....}
Box has ID: 373437697
--------------------------------------------------
separating paper......
process carried out at separation unit ID: 74885833
{ recyclable of type P dropped into box....}
Box has ID: 373437697
--------------------------------------------------
separating paper......
process carried out at separation unit ID: 74885833
{ recyclable of type P dropped into box....}
Box has ID: 373437697
--------------------------------------------------
separating paper......
process carried out at separation unit ID: 74885833
{ recyclable of type P dropped into box....}
Box has ID: 373437697
--------------------------------------------------
separating paper......
process carried out at separation unit ID: 74885833
{ recyclable of type P dropped into box....}
Box has ID: 373437697
--------------------------------------------------
separating paper......
process carried out at separation unit ID: 74885833
{ recyclable of type P dropped into box....}
Box has ID: 373437697
--------------------------------------------------
separating paper......
process carried out at separation unit ID: 74885833
{ recyclable of type P dropped into box....}
Box has ID: 373437697
--------------------------------------------------
separating paper......
process carried out at separation unit ID: 74885833
{ recyclable of type P dropped into box....}
Box has ID: 373437697
--------------------------------------------------
separating paper......
process carried out at separation unit ID: 74885833
{ recyclable of type P dropped into box....}
Box has ID: 373437697
--------------------------------------------------
separating paper......
process carried out at separation unit ID: 74885833
{ recyclable of type P dropped into box....}
Box has ID: 373437697
--------------------------------------------------
separating paper......
process carried out at separation unit ID: 74885833
{ recyclable of type P dropped into box....}
Box has ID: 373437697
--------------------------------------------------
separating paper......
process carried out at separation unit ID: 74885833
{ recyclable of type P dropped into box....}
Box has ID: 373437697
--------------------------------------------------
separating paper......
process carried out at separation unit ID: 74885833
{ recyclable of type P dropped into box....}
Box has ID: 373437697
--------------------------------------------------
separating paper......
process carried out at separation unit ID: 74885833
{ recyclable of type P dropped into box....}
Box has ID: 373437697
--------------------------------------------------
separating paper......
process carried out at separation unit ID: 74885833
{ recyclable of type P dropped into box....}
Box has ID: 373437697
--------------------------------------------------
separating paper......
process carried out at separation unit ID: 74885833
{ recyclable of type P dropped into box....}
Box has ID: 373437697
--------------------------------------------------
separating paper......
process carried out at separation unit ID: 74885833
{ recyclable of type P dropped into box....}
Box has ID: 373437697
--------------------------------------------------
separating paper......
process carried out at separation unit ID: 74885833
{ recyclable of type P dropped into box....}
Box has ID: 373437697
--------------------------------------------------
separating paper......
process carried out at separation unit ID: 74885833
{ recyclable of type P dropped into box....}
Box has ID: 373437697
--------------------------------------------------
separating paper......
process carried out at separation unit ID: 74885833
{ recyclable of type P dropped into box....}
Box has ID: 373437697
--------------------------------------------------
separating paper......
process carried out at separation unit ID: 74885833
{ recyclable of type P dropped into box....}
Box has ID: 373437697
--------------------------------------------------
separating paper......
process carried out at separation unit ID: 74885833
{ recyclable of type P dropped into box....}
Box has ID: 373437697
--------------------------------------------------
separating paper......
process carried out at separation unit ID: 74885833
{ recyclable of type P dropped into box....}
Box has ID: 373437697
--------------------------------------------------
separating paper......
process carried out at separation unit ID: 74885833
{ recyclable of type P dropped into box....}
Box has ID: 373437697
--------------------------------------------------
separating paper......
process carried out at separation unit ID: 74885833
{ recyclable of type P dropped into box....}
Box has ID: 373437697
--------------------------------------------------
separating paper......
process carried out at separation unit ID: 74885833
{ recyclable of type P dropped into box....}
Box has ID: 373437697
--------------------------------------------------
separating paper......
process carried out at separation unit ID: 74885833
{ recyclable of type P dropped into box....}
Box has ID: 373437697
--------------------------------------------------
separating paper......
process carried out at separation unit ID: 74885833
{ recyclable of type P dropped into box....}
Box has ID: 373437697
--------------------------------------------------
separating paper......
process carried out at separation unit ID: 74885833
{ recyclable of type P dropped into box....}
Box has ID: 373437697
--------------------------------------------------
separating paper......
process carried out at separation unit ID: 74885833
{ recyclable of type P dropped into box....}
Box has ID: 373437697
--------------------------------------------------
separating paper......
process carried out at separation unit ID: 74885833
{ recyclable of type P dropped into box....}
Box has ID: 373437697
--------------------------------------------------
separating paper......
process carried out at separation unit ID: 74885833
{ recyclable of type P dropped into box....}
Box has ID: 373437697
--------------------------------------------------
separating paper......
process carried out at separation unit ID: 74885833
{ recyclable of type P dropped into box....}
Box has ID: 373437697
--------------------------------------------------
separating paper......
process carried out at separation unit ID: 74885833
{ recyclable of type P dropped into box....}
Box has ID: 373437697
--------------------------------------------------
separating paper......
process carried out at separation unit ID: 74885833
{ recyclable of type P dropped into box....}
Box has ID: 373437697
--------------------------------------------------
separating paper......
process carried out at separation unit ID: 74885833
{ recyclable of type P dropped into box....}
Box has ID: 373437697
--------------------------------------------------
separating paper......
process carried out at separation unit ID: 74885833
{ recyclable of type P dropped into box....}
Box has ID: 373437697
--------------------------------------------------
separating paper......
process carried out at separation unit ID: 74885833
{ recyclable of type P dropped into box....}
Box has ID: 373437697
--------------------------------------------------
separating paper......
process carried out at separation unit ID: 74885833
{ recyclable of type P dropped into box....}
Box has ID: 373437697
--------------------------------------------------
separating paper......
process carried out at separation unit ID: 74885833
{ recyclable of type P dropped into box....}
Box has ID: 373437697
--------------------------------------------------
separating paper......
process carried out at separation unit ID: 74885833
{ recyclable of type P dropped into box....}
Box has ID: 373437697
--------------------------------------------------
separating paper......
process carried out at separation unit ID: 74885833
{ recyclable of type P dropped into box....}
Box has ID: 373437697
--------------------------------------------------
separating paper......
process carried out at separation unit ID: 74885833
{ recyclable of type P dropped into box....}
Box has ID: 373437697
--------------------------------------------------
separating paper......
process carried out at separation unit ID: 74885833
{ recyclable of type P dropped into box....}
Box has ID: 373437697
--------------------------------------------------
separating paper......
process carried out at separation unit ID: 74885833
{ recyclable of type P dropped into box....}
Box has ID: 373437697
--------------------------------------------------
separating paper......
process carried out at separation unit ID: 74885833
{ recyclable of type P dropped into box....}
Box has ID: 373437697
--------------------------------------------------
separating paper......
process carried out at separation unit ID: 74885833
{ recyclable of type P dropped into box....}
Box has ID: 373437697
--------------------------------------------------
separating paper......
process carried out at separation unit ID: 74885833
{ recyclable of type P dropped into box....}
Box has ID: 373437697
--------------------------------------------------
separating paper......
process carried out at separation unit ID: 74885833
{ recyclable of type P dropped into box....}
Box has ID: 373437697
--------------------------------------------------
separating paper......
process carried out at separation unit ID: 74885833
{ recyclable of type P dropped into box....}
Box has ID: 373437697
--------------------------------------------------
separating paper......
process carried out at separation unit ID: 74885833
{ recyclable of type P dropped into box....}
Box has ID: 373437697
--------------------------------------------------
separating paper......
process carried out at separation unit ID: 74885833
{ recyclable of type P dropped into box....}
Box has ID: 373437697
--------------------------------------------------
separating paper......
process carried out at separation unit ID: 74885833
{ recyclable of type P dropped into box....}
Box has ID: 373437697
--------------------------------------------------
separating paper......
process carried out at separation unit ID: 74885833
{ recyclable of type P dropped into box....}
Box has ID: 373437697
--------------------------------------------------
separating paper......
process carried out at separation unit ID: 74885833
{ recyclable of type P dropped into box....}
Box has ID: 373437697
--------------------------------------------------
separating paper......
process carried out at separation unit ID: 74885833
{ recyclable of type P dropped into box....}
Box has ID: 373437697
--------------------------------------------------
separating paper......
process carried out at separation unit ID: 74885833
{ recyclable of type P dropped into box....}
Box has ID: 373437697
--------------------------------------------------
separating paper......
process carried out at separation unit ID: 74885833
{ recyclable of type P dropped into box....}
Box has ID: 373437697
--------------------------------------------------
separating paper......
process carried out at separation unit ID: 74885833
{ recyclable of type P dropped into box....}
Box has ID: 373437697
--------------------------------------------------
separating paper......
process carried out at separation unit ID: 74885833
{ recyclable of type P dropped into box....}
Box has ID: 373437697
--------------------------------------------------
separating paper......
process carried out at separation unit ID: 74885833
{ recyclable of type P dropped into box....}
Box has ID: 373437697
--------------------------------------------------
separating paper......
process carried out at separation unit ID: 74885833
{ recyclable of type P dropped into box....}
Box has ID: 373437697
--------------------------------------------------
separating paper......
process carried out at separation unit ID: 74885833
{ recyclable of type P dropped into box....}
Box has ID: 373437697
--------------------------------------------------
separating paper......
process carried out at separation unit ID: 74885833
{ recyclable of type P dropped into box....}
Box has ID: 373437697
--------------------------------------------------
separating paper......
process carried out at separation unit ID: 74885833
{ recyclable of type P dropped into box....}
Box has ID: 373437697
--------------------------------------------------
separating paper......
process carried out at separation unit ID: 74885833
{ recyclable of type P dropped into box....}
Box has ID: 373437697
--------------------------------------------------
separating paper......
process carried out at separation unit ID: 74885833
{ recyclable of type P dropped into box....}
Box has ID: 373437697
--------------------------------------------------
separating paper......
process carried out at separation unit ID: 74885833
{ recyclable of type P dropped into box....}
Box has ID: 373437697
--------------------------------------------------
separating paper......
process carried out at separation unit ID: 74885833
{ recyclable of type P dropped into box....}
Box has ID: 373437697
--------------------------------------------------
separating paper......
process carried out at separation unit ID: 74885833
{ recyclable of type P dropped into box....}
Box has ID: 373437697
--------------------------------------------------
separating paper......
process carried out at separation unit ID: 74885833
{ recyclable of type P dropped into box....}
Box has ID: 373437697
--------------------------------------------------
separating paper......
process carried out at separation unit ID: 74885833
{ recyclable of type P dropped into box....}
Box has ID: 373437697
--------------------------------------------------
separating paper......
process carried out at separation unit ID: 74885833
{ recyclable of type P dropped into box....}
Box has ID: 373437697
--------------------------------------------------
separating paper......
process carried out at separation unit ID: 74885833
{ recyclable of type P dropped into box....}
Box has ID: 373437697
--------------------------------------------------
separating paper......
process carried out at separation unit ID: 74885833
{ recyclable of type P dropped into box....}
Box has ID: 373437697
--------------------------------------------------
separating paper......
process carried out at separation unit ID: 74885833
{ recyclable of type P dropped into box....}
Box has ID: 373437697
--------------------------------------------------
separating paper......
process carried out at separation unit ID: 74885833
{ recyclable of type P dropped into box....}
Box has ID: 373437697
--------------------------------------------------
separating paper......
process carried out at separation unit ID: 74885833
{ recyclable of type P dropped into box....}
Box has ID: 373437697
--------------------------------------------------
separating paper......
process carried out at separation unit ID: 74885833
{ recyclable of type P dropped into box....}
Box has ID: 373437697
--------------------------------------------------
separating paper......
process carried out at separation unit ID: 74885833
{ recyclable of type P dropped into box....}
Box has ID: 373437697
--------------------------------------------------
separating paper......
process carried out at separation unit ID: 74885833
{ recyclable of type P dropped into box....}
Box has ID: 373437697
--------------------------------------------------
separating paper......
process carried out at separation unit ID: 74885833
{ recyclable of type P dropped into box....}
Box has ID: 373437697
--------------------------------------------------
separating paper......
process carried out at separation unit ID: 74885833
{ recyclable of type P dropped into box....}
Box has ID: 373437697
--------------------------------------------------
separating paper......
process carried out at separation unit ID: 74885833
{ recyclable of type P dropped into box....}
Box has ID: 373437697
--------------------------------------------------
separating paper......
process carried out at separation unit ID: 74885833
{ recyclable of type P dropped into box....}
Box has ID: 373437697
--------------------------------------------------
separating paper......
process carried out at separation unit ID: 74885833
{ recyclable of type P dropped into box....}
Box has ID: 373437697
--------------------------------------------------
separating paper......
process carried out at separation unit ID: 74885833
{ recyclable of type P dropped into box....}
Box has ID: 373437697
--------------------------------------------------
separating paper......
process carried out at separation unit ID: 74885833
{ recyclable of type P dropped into box....}
Box has ID: 373437697
--------------------------------------------------
separating paper......
process carried out at separation unit ID: 74885833
{ recyclable of type P dropped into box....}
Box has ID: 373437697
--------------------------------------------------
separating paper......
process carried out at separation unit ID: 74885833
{ recyclable of type P dropped into box....}
Box has ID: 373437697
--------------------------------------------------
separating paper......
process carried out at separation unit ID: 74885833
{ recyclable of type P dropped into box....}
Box has ID: 373437697
--------------------------------------------------
separating paper......
process carried out at separation unit ID: 74885833
{ recyclable of type P dropped into box....}
Box has ID: 373437697
--------------------------------------------------
separating paper......
process carried out at separation unit ID: 74885833
{ recyclable of type P dropped into box....}
Box has ID: 373437697
--------------------------------------------------
separating paper......
process carried out at separation unit ID: 74885833
{ recyclable of type P dropped into box....}
Box has ID: 373437697
--------------------------------------------------
separating paper......
process carried out at separation unit ID: 74885833
{ recyclable of type P dropped into box....}
Box has ID: 373437697
--------------------------------------------------
separating paper......
process carried out at separation unit ID: 74885833
{ recyclable of type P dropped into box....}
Box has ID: 373437697
--------------------------------------------------
separating paper......
process carried out at separation unit ID: 74885833
{ recyclable of type P dropped into box....}
Box has ID: 373437697
--------------------------------------------------
separating paper......
process carried out at separation unit ID: 74885833
{ recyclable of type P dropped into box....}
Box has ID: 373437697
--------------------------------------------------
separating paper......
process carried out at separation unit ID: 74885833
{ recyclable of type P dropped into box....}
Box has ID: 373437697
--------------------------------------------------
separating paper......
process carried out at separation unit ID: 74885833
{ recyclable of type P dropped into box....}
Box has ID: 373437697
--------------------------------------------------
separating paper......
process carried out at separation unit ID: 74885833
{ recyclable of type P dropped into box....}
Box has ID: 373437697
--------------------------------------------------
separating paper......
process carried out at separation unit ID: 74885833
{ recyclable of type P dropped into box....}
Box has ID: 373437697
--------------------------------------------------
separating paper......
process carried out at separation unit ID: 74885833
{ recyclable of type P dropped into box....}
Box has ID: 373437697
--------------------------------------------------
separating paper......
process carried out at separation unit ID: 74885833
{ recyclable of type P dropped into box....}
Box has ID: 373437697
--------------------------------------------------
separating paper......
process carried out at separation unit ID: 74885833
{ recyclable of type P dropped into box....}
Box has ID: 373437697
--------------------------------------------------
separating paper......
process carried out at separation unit ID: 74885833
{ recyclable of type P dropped into box....}
Box has ID: 373437697
--------------------------------------------------
separating paper......
process carried out at separation unit ID: 74885833
{ recyclable of type P dropped into box....}
Box has ID: 373437697
--------------------------------------------------
separating paper......
process carried out at separation unit ID: 74885833
{ recyclable of type P dropped into box....}
Box has ID: 373437697
--------------------------------------------------
separating paper......
process carried out at separation unit ID: 74885833
{ recyclable of type P dropped into box....}
Box has ID: 373437697
--------------------------------------------------
separating paper......
process carried out at separation unit ID: 74885833
{ recyclable of type P dropped into box....}
Box has ID: 373437697
--------------------------------------------------
separating paper......
process carried out at separation unit ID: 74885833
{ recyclable of type P dropped into box....}
Box has ID: 373437697
--------------------------------------------------
separating paper......
process carried out at separation unit ID: 74885833
{ recyclable of type P dropped into box....}
Box has ID: 373437697
--------------------------------------------------
separating paper......
process carried out at separation unit ID: 74885833
{ recyclable of type P dropped into box....}
Box has ID: 373437697
--------------------------------------------------
separating paper......
process carried out at separation unit ID: 74885833
{ recyclable of type P dropped into box....}
Box has ID: 373437697
--------------------------------------------------
separating paper......
process carried out at separation unit ID: 74885833
{ recyclable of type P dropped into box....}
Box has ID: 373437697
--------------------------------------------------
separating paper......
process carried out at separation unit ID: 74885833
{ recyclable of type P dropped into box....}
Box has ID: 373437697
--------------------------------------------------
separating paper......
process carried out at separation unit ID: 74885833
{ recyclable of type P dropped into box....}
Box has ID: 373437697
--------------------------------------------------
separating paper......
process carried out at separation unit ID: 74885833
{ recyclable of type P dropped into box....}
Box has ID: 373437697
--------------------------------------------------
separating paper......
process carried out at separation unit ID: 74885833
{ recyclable of type P dropped into box....}
Box has ID: 373437697
--------------------------------------------------
separating paper......
process carried out at separation unit ID: 74885833
{ recyclable of type P dropped into box....}
Box has ID: 373437697
--------------------------------------------------
separating paper......
process carried out at separation unit ID: 74885833
{ recyclable of type P dropped into box....}
Box has ID: 373437697
--------------------------------------------------
separating paper......
process carried out at separation unit ID: 74885833
{ recyclable of type P dropped into box....}
Box has ID: 373437697
--------------------------------------------------
separating paper......
process carried out at separation unit ID: 74885833
{ recyclable of type P dropped into box....}
Box has ID: 373437697
--------------------------------------------------
separating paper......
process carried out at separation unit ID: 74885833
{ recyclable of type P dropped into box....}
Box has ID: 373437697
--------------------------------------------------
separating paper......
process carried out at separation unit ID: 74885833
{ recyclable of type P dropped into box....}
Box has ID: 373437697
--------------------------------------------------
separating paper......
process carried out at separation unit ID: 74885833
{ recyclable of type P dropped into box....}
Box has ID: 373437697
--------------------------------------------------
separating paper......
process carried out at separation unit ID: 74885833
{ recyclable of type P dropped into box....}
Box has ID: 373437697
--------------------------------------------------
separating paper......
process carried out at separation unit ID: 74885833
{ recyclable of type P dropped into box....}
Box has ID: 373437697
--------------------------------------------------
separating paper......
process carried out at separation unit ID: 74885833
{ recyclable of type P dropped into box....}
Box has ID: 373437697
--------------------------------------------------
separating paper......
process carried out at separation unit ID: 74885833
{ recyclable of type P dropped into box....}
Box has ID: 373437697
--------------------------------------------------
separating paper......
process carried out at separation unit ID: 74885833
{ recyclable of type P dropped into box....}
Box has ID: 373437697
--------------------------------------------------
separating paper......
process carried out at separation unit ID: 74885833
{ recyclable of type P dropped into box....}
Box has ID: 373437697
--------------------------------------------------
separating paper......
process carried out at separation unit ID: 74885833
{ recyclable of type P dropped into box....}
Box has ID: 373437697
--------------------------------------------------
separating paper......
process carried out at separation unit ID: 74885833
{ recyclable of type P dropped into box....}
Box has ID: 373437697
--------------------------------------------------
separating paper......
process carried out at separation unit ID: 74885833
{ recyclable of type P dropped into box....}
Box has ID: 373437697
--------------------------------------------------
separating paper......
process carried out at separation unit ID: 74885833
{ recyclable of type P dropped into box....}
Box has ID: 373437697
--------------------------------------------------
separating paper......
process carried out at separation unit ID: 74885833
{ recyclable of type P dropped into box....}
Box has ID: 373437697
--------------------------------------------------
separating paper......
process carried out at separation unit ID: 74885833
{ recyclable of type P dropped into box....}
Box has ID: 373437697
--------------------------------------------------
separating paper......
process carried out at separation unit ID: 74885833
{ recyclable of type P dropped into box....}
Box has ID: 373437697
--------------------------------------------------
separating paper......
process carried out at separation unit ID: 74885833
{ recyclable of type P dropped into box....}
Box has ID: 373437697
--------------------------------------------------
separating paper......
process carried out at separation unit ID: 74885833
{ recyclable of type P dropped into box....}
Box has ID: 373437697
--------------------------------------------------
separating paper......
process carried out at separation unit ID: 74885833
{ recyclable of type P dropped into box....}
Box has ID: 373437697
--------------------------------------------------
separating paper......
process carried out at separation unit ID: 74885833
{ recyclable of type P dropped into box....}
Box has ID: 373437697
--------------------------------------------------
separating paper......
process carried out at separation unit ID: 74885833
{ recyclable of type P dropped into box....}
Box has ID: 373437697
--------------------------------------------------
separating paper......
process carried out at separation unit ID: 74885833
{ recyclable of type P dropped into box....}
Box has ID: 373437697
--------------------------------------------------
separating paper......
process carried out at separation unit ID: 74885833
{ recyclable of type P dropped into box....}
Box has ID: 373437697
--------------------------------------------------
separating paper......
process carried out at separation unit ID: 74885833
{ recyclable of type P dropped into box....}
Box has ID: 373437697
--------------------------------------------------
separating paper......
process carried out at separation unit ID: 74885833
{ recyclable of type P dropped into box....}
Box has ID: 373437697
--------------------------------------------------
separating paper......
process carried out at separation unit ID: 74885833
{ recyclable of type P dropped into box....}
Box has ID: 373437697
--------------------------------------------------
separating paper......
process carried out at separation unit ID: 74885833
{ recyclable of type P dropped into box....}
Box has ID: 373437697
--------------------------------------------------
separating paper......
process carried out at separation unit ID: 74885833
{ recyclable of type P dropped into box....}
Box has ID: 373437697
--------------------------------------------------
-----------------------------------------------------------------------------------
-----------------------------------------------------------------------------------
ALARM !!!!!!! BOX with ID 373437697 is full.....
-----------------------------------------------------------------------------------
-----------------------------------------------------------------------------------
box capacity: 1000
worker replaced filled box with ID: 373437697 , with a new box with ID: 82825098 at process unit: 74885833

separating paper......
process carried out at separation unit ID: 74885833
{ recyclable of type P dropped into box....}
Box has ID: 82825098
--------------------------------------------------
separating paper......
process carried out at separation unit ID: 74885833
{ recyclable of type P dropped into box....}
Box has ID: 82825098
--------------------------------------------------
separating paper......
process carried out at separation unit ID: 74885833
{ recyclable of type P dropped into box....}
Box has ID: 82825098
--------------------------------------------------
separating paper......
process carried out at separation unit ID: 74885833
{ recyclable of type P dropped into box....}
Box has ID: 82825098
--------------------------------------------------
separating paper......
process carried out at separation unit ID: 74885833
{ recyclable of type P dropped into box....}
Box has ID: 82825098
--------------------------------------------------
separating paper......
process carried out at separation unit ID: 74885833
{ recyclable of type P dropped into box....}
Box has ID: 82825098
--------------------------------------------------
separating paper......
process carried out at separation unit ID: 74885833
{ recyclable of type P dropped into box....}
Box has ID: 82825098
--------------------------------------------------
separating paper......
process carried out at separation unit ID: 74885833
{ recyclable of type P dropped into box....}
Box has ID: 82825098
--------------------------------------------------
separating paper......
process carried out at separation unit ID: 74885833
{ recyclable of type P dropped into box....}
Box has ID: 82825098
--------------------------------------------------
separating paper......
process carried out at separation unit ID: 74885833
{ recyclable of type P dropped into box....}
Box has ID: 82825098
--------------------------------------------------
separating paper......
process carried out at separation unit ID: 74885833
{ recyclable of type P dropped into box....}
Box has ID: 82825098
--------------------------------------------------
separating paper......
process carried out at separation unit ID: 74885833
{ recyclable of type P dropped into box....}
Box has ID: 82825098
--------------------------------------------------
separating paper......
process carried out at separation unit ID: 74885833
{ recyclable of type P dropped into box....}
Box has ID: 82825098
--------------------------------------------------
separating paper......
process carried out at separation unit ID: 74885833
{ recyclable of type P dropped into box....}
Box has ID: 82825098
--------------------------------------------------
separating paper......
process carried out at separation unit ID: 74885833
{ recyclable of type P dropped into box....}
Box has ID: 82825098
--------------------------------------------------
separating paper......
process carried out at separation unit ID: 74885833
{ recyclable of type P dropped into box....}
Box has ID: 82825098
--------------------------------------------------
separating paper......
process carried out at separation unit ID: 74885833
{ recyclable of type P dropped into box....}
Box has ID: 82825098
--------------------------------------------------
separating paper......
process carried out at separation unit ID: 74885833
{ recyclable of type P dropped into box....}
Box has ID: 82825098
--------------------------------------------------
separating paper......
process carried out at separation unit ID: 74885833
{ recyclable of type P dropped into box....}
Box has ID: 82825098
--------------------------------------------------
separating paper......
process carried out at separation unit ID: 74885833
{ recyclable of type P dropped into box....}
Box has ID: 82825098
--------------------------------------------------
separating paper......
process carried out at separation unit ID: 74885833
{ recyclable of type P dropped into box....}
Box has ID: 82825098
--------------------------------------------------
separating paper......
process carried out at separation unit ID: 74885833
{ recyclable of type P dropped into box....}
Box has ID: 82825098
--------------------------------------------------
separating paper......
process carried out at separation unit ID: 74885833
{ recyclable of type P dropped into box....}
Box has ID: 82825098
--------------------------------------------------
separating paper......
process carried out at separation unit ID: 74885833
{ recyclable of type P dropped into box....}
Box has ID: 82825098
--------------------------------------------------
separating paper......
process carried out at separation unit ID: 74885833
{ recyclable of type P dropped into box....}
Box has ID: 82825098
--------------------------------------------------
separating paper......
process carried out at separation unit ID: 74885833
{ recyclable of type P dropped into box....}
Box has ID: 82825098
--------------------------------------------------
separating paper......
process carried out at separation unit ID: 74885833
{ recyclable of type P dropped into box....}
Box has ID: 82825098
--------------------------------------------------
separating paper......
process carried out at separation unit ID: 74885833
{ recyclable of type P dropped into box....}
Box has ID: 82825098
--------------------------------------------------
separating paper......
process carried out at separation unit ID: 74885833
{ recyclable of type P dropped into box....}
Box has ID: 82825098
--------------------------------------------------
separating paper......
process carried out at separation unit ID: 74885833
{ recyclable of type P dropped into box....}
Box has ID: 82825098
--------------------------------------------------
separating paper......
process carried out at separation unit ID: 74885833
{ recyclable of type P dropped into box....}
Box has ID: 82825098
--------------------------------------------------
separating paper......
process carried out at separation unit ID: 74885833
{ recyclable of type P dropped into box....}
Box has ID: 82825098
--------------------------------------------------
separating paper......
process carried out at separation unit ID: 74885833
{ recyclable of type P dropped into box....}
Box has ID: 82825098
--------------------------------------------------
separating paper......
process carried out at separation unit ID: 74885833
{ recyclable of type P dropped into box....}
Box has ID: 82825098
--------------------------------------------------
separating paper......
process carried out at separation unit ID: 74885833
{ recyclable of type P dropped into box....}
Box has ID: 82825098
--------------------------------------------------
separating paper......
process carried out at separation unit ID: 74885833
{ recyclable of type P dropped into box....}
Box has ID: 82825098
--------------------------------------------------
separating paper......
process carried out at separation unit ID: 74885833
{ recyclable of type P dropped into box....}
Box has ID: 82825098
--------------------------------------------------
separating paper......
process carried out at separation unit ID: 74885833
{ recyclable of type P dropped into box....}
Box has ID: 82825098
--------------------------------------------------
separating paper......
process carried out at separation unit ID: 74885833
{ recyclable of type P dropped into box....}
Box has ID: 82825098
--------------------------------------------------
separating paper......
process carried out at separation unit ID: 74885833
{ recyclable of type P dropped into box....}
Box has ID: 82825098
--------------------------------------------------
separating paper......
process carried out at separation unit ID: 74885833
{ recyclable of type P dropped into box....}
Box has ID: 82825098
--------------------------------------------------
separating paper......
process carried out at separation unit ID: 74885833
{ recyclable of type P dropped into box....}
Box has ID: 82825098
--------------------------------------------------
separating paper......
process carried out at separation unit ID: 74885833
{ recyclable of type P dropped into box....}
Box has ID: 82825098
--------------------------------------------------
separating paper......
process carried out at separation unit ID: 74885833
{ recyclable of type P dropped into box....}
Box has ID: 82825098
--------------------------------------------------
separating paper......
process carried out at separation unit ID: 74885833
{ recyclable of type P dropped into box....}
Box has ID: 82825098
--------------------------------------------------
separating paper......
process carried out at separation unit ID: 74885833
{ recyclable of type P dropped into box....}
Box has ID: 82825098
--------------------------------------------------
separating paper......
process carried out at separation unit ID: 74885833
{ recyclable of type P dropped into box....}
Box has ID: 82825098
--------------------------------------------------
separating paper......
process carried out at separation unit ID: 74885833
{ recyclable of type P dropped into box....}
Box has ID: 82825098
--------------------------------------------------
separating paper......
process carried out at separation unit ID: 74885833
{ recyclable of type P dropped into box....}
Box has ID: 82825098
--------------------------------------------------
separating paper......
process carried out at separation unit ID: 74885833
{ recyclable of type P dropped into box....}
Box has ID: 82825098
--------------------------------------------------
separating paper......
process carried out at separation unit ID: 74885833
{ recyclable of type P dropped into box....}
Box has ID: 82825098
--------------------------------------------------
separating paper......
process carried out at separation unit ID: 74885833
{ recyclable of type P dropped into box....}
Box has ID: 82825098
--------------------------------------------------
separating paper......
process carried out at separation unit ID: 74885833
{ recyclable of type P dropped into box....}
Box has ID: 82825098
--------------------------------------------------
separating paper......
process carried out at separation unit ID: 74885833
{ recyclable of type P dropped into box....}
Box has ID: 82825098
--------------------------------------------------
separating paper......
process carried out at separation unit ID: 74885833
{ recyclable of type P dropped into box....}
Box has ID: 82825098
--------------------------------------------------
separating paper......
process carried out at separation unit ID: 74885833
{ recyclable of type P dropped into box....}
Box has ID: 82825098
--------------------------------------------------
separating paper......
process carried out at separation unit ID: 74885833
{ recyclable of type P dropped into box....}
Box has ID: 82825098
--------------------------------------------------
separating paper......
process carried out at separation unit ID: 74885833
{ recyclable of type P dropped into box....}
Box has ID: 82825098
--------------------------------------------------
separating paper......
process carried out at separation unit ID: 74885833
{ recyclable of type P dropped into box....}
Box has ID: 82825098
--------------------------------------------------
separating paper......
process carried out at separation unit ID: 74885833
{ recyclable of type P dropped into box....}
Box has ID: 82825098
--------------------------------------------------
separating paper......
process carried out at separation unit ID: 74885833
{ recyclable of type P dropped into box....}
Box has ID: 82825098
--------------------------------------------------
separating paper......
process carried out at separation unit ID: 74885833
{ recyclable of type P dropped into box....}
Box has ID: 82825098
--------------------------------------------------
separating paper......
process carried out at separation unit ID: 74885833
{ recyclable of type P dropped into box....}
Box has ID: 82825098
--------------------------------------------------
separating paper......
process carried out at separation unit ID: 74885833
{ recyclable of type P dropped into box....}
Box has ID: 82825098
--------------------------------------------------
separating paper......
process carried out at separation unit ID: 74885833
{ recyclable of type P dropped into box....}
Box has ID: 82825098
--------------------------------------------------
separating paper......
process carried out at separation unit ID: 74885833
{ recyclable of type P dropped into box....}
Box has ID: 82825098
--------------------------------------------------
separating paper......
process carried out at separation unit ID: 74885833
{ recyclable of type P dropped into box....}
Box has ID: 82825098
--------------------------------------------------
separating paper......
process carried out at separation unit ID: 74885833
{ recyclable of type P dropped into box....}
Box has ID: 82825098
--------------------------------------------------
separating paper......
process carried out at separation unit ID: 74885833
{ recyclable of type P dropped into box....}
Box has ID: 82825098
--------------------------------------------------
separating paper......
process carried out at separation unit ID: 74885833
{ recyclable of type P dropped into box....}
Box has ID: 82825098
--------------------------------------------------
separating paper......
process carried out at separation unit ID: 74885833
{ recyclable of type P dropped into box....}
Box has ID: 82825098
--------------------------------------------------
separating paper......
process carried out at separation unit ID: 74885833
{ recyclable of type P dropped into box....}
Box has ID: 82825098
--------------------------------------------------
separating paper......
process carried out at separation unit ID: 74885833
{ recyclable of type P dropped into box....}
Box has ID: 82825098
--------------------------------------------------
separating paper......
process carried out at separation unit ID: 74885833
{ recyclable of type P dropped into box....}
Box has ID: 82825098
--------------------------------------------------
separating paper......
process carried out at separation unit ID: 74885833
{ recyclable of type P dropped into box....}
Box has ID: 82825098
--------------------------------------------------
separating paper......
process carried out at separation unit ID: 74885833
{ recyclable of type P dropped into box....}
Box has ID: 82825098
--------------------------------------------------
separating paper......
process carried out at separation unit ID: 74885833
{ recyclable of type P dropped into box....}
Box has ID: 82825098
--------------------------------------------------
separating paper......
process carried out at separation unit ID: 74885833
{ recyclable of type P dropped into box....}
Box has ID: 82825098
--------------------------------------------------
separating paper......
process carried out at separation unit ID: 74885833
{ recyclable of type P dropped into box....}
Box has ID: 82825098
--------------------------------------------------
separating paper......
process carried out at separation unit ID: 74885833
{ recyclable of type P dropped into box....}
Box has ID: 82825098
--------------------------------------------------
separating paper......
process carried out at separation unit ID: 74885833
{ recyclable of type P dropped into box....}
Box has ID: 82825098
--------------------------------------------------
separating paper......
process carried out at separation unit ID: 74885833
{ recyclable of type P dropped into box....}
Box has ID: 82825098
--------------------------------------------------
separating paper......
process carried out at separation unit ID: 74885833
{ recyclable of type P dropped into box....}
Box has ID: 82825098
--------------------------------------------------
separating paper......
process carried out at separation unit ID: 74885833
{ recyclable of type P dropped into box....}
Box has ID: 82825098
--------------------------------------------------
separating paper......
process carried out at separation unit ID: 74885833
{ recyclable of type P dropped into box....}
Box has ID: 82825098
--------------------------------------------------
separating paper......
process carried out at separation unit ID: 74885833
{ recyclable of type P dropped into box....}
Box has ID: 82825098
--------------------------------------------------
separating paper......
process carried out at separation unit ID: 74885833
{ recyclable of type P dropped into box....}
Box has ID: 82825098
--------------------------------------------------
separating paper......
process carried out at separation unit ID: 74885833
{ recyclable of type P dropped into box....}
Box has ID: 82825098
--------------------------------------------------
separating paper......
process carried out at separation unit ID: 74885833
{ recyclable of type P dropped into box....}
Box has ID: 82825098
--------------------------------------------------
separating paper......
process carried out at separation unit ID: 74885833
{ recyclable of type P dropped into box....}
Box has ID: 82825098
--------------------------------------------------
separating paper......
process carried out at separation unit ID: 74885833
{ recyclable of type P dropped into box....}
Box has ID: 82825098
--------------------------------------------------
separating paper......
process carried out at separation unit ID: 74885833
{ recyclable of type P dropped into box....}
Box has ID: 82825098
--------------------------------------------------
separating paper......
process carried out at separation unit ID: 74885833
{ recyclable of type P dropped into box....}
Box has ID: 82825098
--------------------------------------------------
separating paper......
process carried out at separation unit ID: 74885833
{ recyclable of type P dropped into box....}
Box has ID: 82825098
--------------------------------------------------
separating paper......
process carried out at separation unit ID: 74885833
{ recyclable of type P dropped into box....}
Box has ID: 82825098
--------------------------------------------------
separating paper......
process carried out at separation unit ID: 74885833
{ recyclable of type P dropped into box....}
Box has ID: 82825098
--------------------------------------------------
separating paper......
process carried out at separation unit ID: 74885833
{ recyclable of type P dropped into box....}
Box has ID: 82825098
--------------------------------------------------
separating paper......
process carried out at separation unit ID: 74885833
{ recyclable of type P dropped into box....}
Box has ID: 82825098
--------------------------------------------------
separating paper......
process carried out at separation unit ID: 74885833
{ recyclable of type P dropped into box....}
Box has ID: 82825098
--------------------------------------------------
separating paper......
process carried out at separation unit ID: 74885833
{ recyclable of type P dropped into box....}
Box has ID: 82825098
--------------------------------------------------
separating paper......
process carried out at separation unit ID: 74885833
{ recyclable of type P dropped into box....}
Box has ID: 82825098
--------------------------------------------------
separating paper......
process carried out at separation unit ID: 74885833
{ recyclable of type P dropped into box....}
Box has ID: 82825098
--------------------------------------------------
separating paper......
process carried out at separation unit ID: 74885833
{ recyclable of type P dropped into box....}
Box has ID: 82825098
--------------------------------------------------
separating paper......
process carried out at separation unit ID: 74885833
{ recyclable of type P dropped into box....}
Box has ID: 82825098
--------------------------------------------------
separating paper......
process carried out at separation unit ID: 74885833
{ recyclable of type P dropped into box....}
Box has ID: 82825098
--------------------------------------------------
separating paper......
process carried out at separation unit ID: 74885833
{ recyclable of type P dropped into box....}
Box has ID: 82825098
--------------------------------------------------
separating paper......
process carried out at separation unit ID: 74885833
{ recyclable of type P dropped into box....}
Box has ID: 82825098
--------------------------------------------------
separating paper......
process carried out at separation unit ID: 74885833
{ recyclable of type P dropped into box....}
Box has ID: 82825098
--------------------------------------------------
separating paper......
process carried out at separation unit ID: 74885833
{ recyclable of type P dropped into box....}
Box has ID: 82825098
--------------------------------------------------
separating paper......
process carried out at separation unit ID: 74885833
{ recyclable of type P dropped into box....}
Box has ID: 82825098
--------------------------------------------------
separating paper......
process carried out at separation unit ID: 74885833
{ recyclable of type P dropped into box....}
Box has ID: 82825098
--------------------------------------------------
separating paper......
process carried out at separation unit ID: 74885833
{ recyclable of type P dropped into box....}
Box has ID: 82825098
--------------------------------------------------
separating paper......
process carried out at separation unit ID: 74885833
{ recyclable of type P dropped into box....}
Box has ID: 82825098
--------------------------------------------------
separating paper......
process carried out at separation unit ID: 74885833
{ recyclable of type P dropped into box....}
Box has ID: 82825098
--------------------------------------------------
separating paper......
process carried out at separation unit ID: 74885833
{ recyclable of type P dropped into box....}
Box has ID: 82825098
--------------------------------------------------
separating paper......
process carried out at separation unit ID: 74885833
{ recyclable of type P dropped into box....}
Box has ID: 82825098
--------------------------------------------------
separating paper......
process carried out at separation unit ID: 74885833
{ recyclable of type P dropped into box....}
Box has ID: 82825098
--------------------------------------------------
separating paper......
process carried out at separation unit ID: 74885833
{ recyclable of type P dropped into box....}
Box has ID: 82825098
--------------------------------------------------
separating paper......
process carried out at separation unit ID: 74885833
{ recyclable of type P dropped into box....}
Box has ID: 82825098
--------------------------------------------------
separating paper......
process carried out at separation unit ID: 74885833
{ recyclable of type P dropped into box....}
Box has ID: 82825098
--------------------------------------------------
separating paper......
process carried out at separation unit ID: 74885833
{ recyclable of type P dropped into box....}
Box has ID: 82825098
--------------------------------------------------
separating paper......
process carried out at separation unit ID: 74885833
{ recyclable of type P dropped into box....}
Box has ID: 82825098
--------------------------------------------------
separating paper......
process carried out at separation unit ID: 74885833
{ recyclable of type P dropped into box....}
Box has ID: 82825098
--------------------------------------------------
separating paper......
process carried out at separation unit ID: 74885833
{ recyclable of type P dropped into box....}
Box has ID: 82825098
--------------------------------------------------
separating paper......
process carried out at separation unit ID: 74885833
{ recyclable of type P dropped into box....}
Box has ID: 82825098
--------------------------------------------------
separating paper......
process carried out at separation unit ID: 74885833
{ recyclable of type P dropped into box....}
Box has ID: 82825098
--------------------------------------------------
separating paper......
process carried out at separation unit ID: 74885833
{ recyclable of type P dropped into box....}
Box has ID: 82825098
--------------------------------------------------
separating paper......
process carried out at separation unit ID: 74885833
{ recyclable of type P dropped into box....}
Box has ID: 82825098
--------------------------------------------------
separating paper......
process carried out at separation unit ID: 74885833
{ recyclable of type P dropped into box....}
Box has ID: 82825098
--------------------------------------------------
separating paper......
process carried out at separation unit ID: 74885833
{ recyclable of type P dropped into box....}
Box has ID: 82825098
--------------------------------------------------
separating paper......
process carried out at separation unit ID: 74885833
{ recyclable of type P dropped into box....}
Box has ID: 82825098
--------------------------------------------------
separating paper......
process carried out at separation unit ID: 74885833
{ recyclable of type P dropped into box....}
Box has ID: 82825098
--------------------------------------------------
separating paper......
process carried out at separation unit ID: 74885833
{ recyclable of type P dropped into box....}
Box has ID: 82825098
--------------------------------------------------
separating paper......
process carried out at separation unit ID: 74885833
{ recyclable of type P dropped into box....}
Box has ID: 82825098
--------------------------------------------------
separating paper......
process carried out at separation unit ID: 74885833
{ recyclable of type P dropped into box....}
Box has ID: 82825098
--------------------------------------------------
separating paper......
process carried out at separation unit ID: 74885833
{ recyclable of type P dropped into box....}
Box has ID: 82825098
--------------------------------------------------
separating paper......
process carried out at separation unit ID: 74885833
{ recyclable of type P dropped into box....}
Box has ID: 82825098
--------------------------------------------------
separating paper......
process carried out at separation unit ID: 74885833
{ recyclable of type P dropped into box....}
Box has ID: 82825098
--------------------------------------------------
separating paper......
process carried out at separation unit ID: 74885833
{ recyclable of type P dropped into box....}
Box has ID: 82825098
--------------------------------------------------
separating paper......
process carried out at separation unit ID: 74885833
{ recyclable of type P dropped into box....}
Box has ID: 82825098
--------------------------------------------------
separating paper......
process carried out at separation unit ID: 74885833
{ recyclable of type P dropped into box....}
Box has ID: 82825098
--------------------------------------------------
separating paper......
process carried out at separation unit ID: 74885833
{ recyclable of type P dropped into box....}
Box has ID: 82825098
--------------------------------------------------
separating paper......
process carried out at separation unit ID: 74885833
{ recyclable of type P dropped into box....}
Box has ID: 82825098
--------------------------------------------------
separating paper......
process carried out at separation unit ID: 74885833
{ recyclable of type P dropped into box....}
Box has ID: 82825098
--------------------------------------------------
separating paper......
process carried out at separation unit ID: 74885833
{ recyclable of type P dropped into box....}
Box has ID: 82825098
--------------------------------------------------
separating paper......
process carried out at separation unit ID: 74885833
{ recyclable of type P dropped into box....}
Box has ID: 82825098
--------------------------------------------------
separating paper......
process carried out at separation unit ID: 74885833
{ recyclable of type P dropped into box....}
Box has ID: 82825098
--------------------------------------------------
separating paper......
process carried out at separation unit ID: 74885833
{ recyclable of type P dropped into box....}
Box has ID: 82825098
--------------------------------------------------
separating paper......
process carried out at separation unit ID: 74885833
{ recyclable of type P dropped into box....}
Box has ID: 82825098
--------------------------------------------------
separating paper......
process carried out at separation unit ID: 74885833
{ recyclable of type P dropped into box....}
Box has ID: 82825098
--------------------------------------------------
separating paper......
process carried out at separation unit ID: 74885833
{ recyclable of type P dropped into box....}
Box has ID: 82825098
--------------------------------------------------
separating paper......
process carried out at separation unit ID: 74885833
{ recyclable of type P dropped into box....}
Box has ID: 82825098
--------------------------------------------------
separating paper......
process carried out at separation unit ID: 74885833
{ recyclable of type P dropped into box....}
Box has ID: 82825098
--------------------------------------------------
separating paper......
process carried out at separation unit ID: 74885833
{ recyclable of type P dropped into box....}
Box has ID: 82825098
--------------------------------------------------
separating paper......
process carried out at separation unit ID: 74885833
{ recyclable of type P dropped into box....}
Box has ID: 82825098
--------------------------------------------------
separating paper......
process carried out at separation unit ID: 74885833
{ recyclable of type P dropped into box....}
Box has ID: 82825098
--------------------------------------------------
separating paper......
process carried out at separation unit ID: 74885833
{ recyclable of type P dropped into box....}
Box has ID: 82825098
--------------------------------------------------
separating paper......
process carried out at separation unit ID: 74885833
{ recyclable of type P dropped into box....}
Box has ID: 82825098
--------------------------------------------------
separating paper......
process carried out at separation unit ID: 74885833
{ recyclable of type P dropped into box....}
Box has ID: 82825098
--------------------------------------------------
separating paper......
process carried out at separation unit ID: 74885833
{ recyclable of type P dropped into box....}
Box has ID: 82825098
--------------------------------------------------
separating paper......
process carried out at separation unit ID: 74885833
{ recyclable of type P dropped into box....}
Box has ID: 82825098
--------------------------------------------------
separating paper......
process carried out at separation unit ID: 74885833
{ recyclable of type P dropped into box....}
Box has ID: 82825098
--------------------------------------------------
separating paper......
process carried out at separation unit ID: 74885833
{ recyclable of type P dropped into box....}
Box has ID: 82825098
--------------------------------------------------
separating paper......
process carried out at separation unit ID: 74885833
{ recyclable of type P dropped into box....}
Box has ID: 82825098
--------------------------------------------------
separating paper......
process carried out at separation unit ID: 74885833
{ recyclable of type P dropped into box....}
Box has ID: 82825098
--------------------------------------------------
separating paper......
process carried out at separation unit ID: 74885833
{ recyclable of type P dropped into box....}
Box has ID: 82825098
--------------------------------------------------
separating paper......
process carried out at separation unit ID: 74885833
{ recyclable of type P dropped into box....}
Box has ID: 82825098
--------------------------------------------------
separating paper......
process carried out at separation unit ID: 74885833
{ recyclable of type P dropped into box....}
Box has ID: 82825098
--------------------------------------------------
separating paper......
process carried out at separation unit ID: 74885833
{ recyclable of type P dropped into box....}
Box has ID: 82825098
--------------------------------------------------
separating paper......
process carried out at separation unit ID: 74885833
{ recyclable of type P dropped into box....}
Box has ID: 82825098
--------------------------------------------------
separating paper......
process carried out at separation unit ID: 74885833
{ recyclable of type P dropped into box....}
Box has ID: 82825098
--------------------------------------------------
separating paper......
process carried out at separation unit ID: 74885833
{ recyclable of type P dropped into box....}
Box has ID: 82825098
--------------------------------------------------
separating paper......
process carried out at separation unit ID: 74885833
{ recyclable of type P dropped into box....}
Box has ID: 82825098
--------------------------------------------------
separating paper......
process carried out at separation unit ID: 74885833
{ recyclable of type P dropped into box....}
Box has ID: 82825098
--------------------------------------------------
separating paper......
process carried out at separation unit ID: 74885833
{ recyclable of type P dropped into box....}
Box has ID: 82825098
--------------------------------------------------
separating paper......
process carried out at separation unit ID: 74885833
{ recyclable of type P dropped into box....}
Box has ID: 82825098
--------------------------------------------------
separating paper......
process carried out at separation unit ID: 74885833
{ recyclable of type P dropped into box....}
Box has ID: 82825098
--------------------------------------------------
separating paper......
process carried out at separation unit ID: 74885833
{ recyclable of type P dropped into box....}
Box has ID: 82825098
--------------------------------------------------
separating paper......
process carried out at separation unit ID: 74885833
{ recyclable of type P dropped into box....}
Box has ID: 82825098
--------------------------------------------------
separating paper......
process carried out at separation unit ID: 74885833
{ recyclable of type P dropped into box....}
Box has ID: 82825098
--------------------------------------------------
separating paper......
process carried out at separation unit ID: 74885833
{ recyclable of type P dropped into box....}
Box has ID: 82825098
--------------------------------------------------
separating paper......
process carried out at separation unit ID: 74885833
{ recyclable of type P dropped into box....}
Box has ID: 82825098
--------------------------------------------------
separating paper......
process carried out at separation unit ID: 74885833
{ recyclable of type P dropped into box....}
Box has ID: 82825098
--------------------------------------------------
separating paper......
process carried out at separation unit ID: 74885833
{ recyclable of type P dropped into box....}
Box has ID: 82825098
--------------------------------------------------
separating paper......
process carried out at separation unit ID: 74885833
{ recyclable of type P dropped into box....}
Box has ID: 82825098
--------------------------------------------------
separating paper......
process carried out at separation unit ID: 74885833
{ recyclable of type P dropped into box....}
Box has ID: 82825098
--------------------------------------------------
separating paper......
process carried out at separation unit ID: 74885833
{ recyclable of type P dropped into box....}
Box has ID: 82825098
--------------------------------------------------
separating paper......
process carried out at separation unit ID: 74885833
{ recyclable of type P dropped into box....}
Box has ID: 82825098
--------------------------------------------------
separating paper......
process carried out at separation unit ID: 74885833
{ recyclable of type P dropped into box....}
Box has ID: 82825098
--------------------------------------------------
separating paper......
process carried out at separation unit ID: 74885833
{ recyclable of type P dropped into box....}
Box has ID: 82825098
--------------------------------------------------
separating paper......
process carried out at separation unit ID: 74885833
{ recyclable of type P dropped into box....}
Box has ID: 82825098
--------------------------------------------------
separating paper......
process carried out at separation unit ID: 74885833
{ recyclable of type P dropped into box....}
Box has ID: 82825098
--------------------------------------------------
separating paper......
process carried out at separation unit ID: 74885833
{ recyclable of type P dropped into box....}
Box has ID: 82825098
--------------------------------------------------
separating paper......
process carried out at separation unit ID: 74885833
{ recyclable of type P dropped into box....}
Box has ID: 82825098
--------------------------------------------------
separating paper......
process carried out at separation unit ID: 74885833
{ recyclable of type P dropped into box....}
Box has ID: 82825098
--------------------------------------------------
separating paper......
process carried out at separation unit ID: 74885833
{ recyclable of type P dropped into box....}
Box has ID: 82825098
--------------------------------------------------
separating paper......
process carried out at separation unit ID: 74885833
{ recyclable of type P dropped into box....}
Box has ID: 82825098
--------------------------------------------------
separating paper......
process carried out at separation unit ID: 74885833
{ recyclable of type P dropped into box....}
Box has ID: 82825098
--------------------------------------------------
separating paper......
process carried out at separation unit ID: 74885833
{ recyclable of type P dropped into box....}
Box has ID: 82825098
--------------------------------------------------
separating paper......
process carried out at separation unit ID: 74885833
{ recyclable of type P dropped into box....}
Box has ID: 82825098
--------------------------------------------------
separating paper......
process carried out at separation unit ID: 74885833
{ recyclable of type P dropped into box....}
Box has ID: 82825098
--------------------------------------------------
separating paper......
process carried out at separation unit ID: 74885833
{ recyclable of type P dropped into box....}
Box has ID: 82825098
--------------------------------------------------
separating paper......
process carried out at separation unit ID: 74885833
{ recyclable of type P dropped into box....}
Box has ID: 82825098
--------------------------------------------------
separating paper......
process carried out at separation unit ID: 74885833
{ recyclable of type P dropped into box....}
Box has ID: 82825098
--------------------------------------------------
separating paper......
process carried out at separation unit ID: 74885833
{ recyclable of type P dropped into box....}
Box has ID: 82825098
--------------------------------------------------
separating paper......
process carried out at separation unit ID: 74885833
{ recyclable of type P dropped into box....}
Box has ID: 82825098
--------------------------------------------------
separating paper......
process carried out at separation unit ID: 74885833
{ recyclable of type P dropped into box....}
Box has ID: 82825098
--------------------------------------------------
separating paper......
process carried out at separation unit ID: 74885833
{ recyclable of type P dropped into box....}
Box has ID: 82825098
--------------------------------------------------
separating paper......
process carried out at separation unit ID: 74885833
{ recyclable of type P dropped into box....}
Box has ID: 82825098
--------------------------------------------------
separating paper......
process carried out at separation unit ID: 74885833
{ recyclable of type P dropped into box....}
Box has ID: 82825098
--------------------------------------------------
separating paper......
process carried out at separation unit ID: 74885833
{ recyclable of type P dropped into box....}
Box has ID: 82825098
--------------------------------------------------
separating paper......
process carried out at separation unit ID: 74885833
{ recyclable of type P dropped into box....}
Box has ID: 82825098
--------------------------------------------------
separating paper......
process carried out at separation unit ID: 74885833
{ recyclable of type P dropped into box....}
Box has ID: 82825098
--------------------------------------------------
separating paper......
process carried out at separation unit ID: 74885833
{ recyclable of type P dropped into box....}
Box has ID: 82825098
--------------------------------------------------
separating paper......
process carried out at separation unit ID: 74885833
{ recyclable of type P dropped into box....}
Box has ID: 82825098
--------------------------------------------------
separating paper......
process carried out at separation unit ID: 74885833
{ recyclable of type P dropped into box....}
Box has ID: 82825098
--------------------------------------------------
separating paper......
process carried out at separation unit ID: 74885833
{ recyclable of type P dropped into box....}
Box has ID: 82825098
--------------------------------------------------
separating paper......
process carried out at separation unit ID: 74885833
{ recyclable of type P dropped into box....}
Box has ID: 82825098
--------------------------------------------------
separating paper......
process carried out at separation unit ID: 74885833
{ recyclable of type P dropped into box....}
Box has ID: 82825098
--------------------------------------------------
separating paper......
process carried out at separation unit ID: 74885833
{ recyclable of type P dropped into box....}
Box has ID: 82825098
--------------------------------------------------
separating paper......
process carried out at separation unit ID: 74885833
{ recyclable of type P dropped into box....}
Box has ID: 82825098
--------------------------------------------------
separating paper......
process carried out at separation unit ID: 74885833
{ recyclable of type P dropped into box....}
Box has ID: 82825098
--------------------------------------------------
separating paper......
process carried out at separation unit ID: 74885833
{ recyclable of type P dropped into box....}
Box has ID: 82825098
--------------------------------------------------
separating paper......
process carried out at separation unit ID: 74885833
{ recyclable of type P dropped into box....}
Box has ID: 82825098
--------------------------------------------------
separating paper......
process carried out at separation unit ID: 74885833
{ recyclable of type P dropped into box....}
Box has ID: 82825098
--------------------------------------------------
separating paper......
process carried out at separation unit ID: 74885833
{ recyclable of type P dropped into box....}
Box has ID: 82825098
--------------------------------------------------
separating paper......
process carried out at separation unit ID: 74885833
{ recyclable of type P dropped into box....}
Box has ID: 82825098
--------------------------------------------------
separating paper......
process carried out at separation unit ID: 74885833
{ recyclable of type P dropped into box....}
Box has ID: 82825098
--------------------------------------------------
separating paper......
process carried out at separation unit ID: 74885833
{ recyclable of type P dropped into box....}
Box has ID: 82825098
--------------------------------------------------
separating paper......
process carried out at separation unit ID: 74885833
{ recyclable of type P dropped into box....}
Box has ID: 82825098
--------------------------------------------------
separating paper......
process carried out at separation unit ID: 74885833
{ recyclable of type P dropped into box....}
Box has ID: 82825098
--------------------------------------------------
separating paper......
process carried out at separation unit ID: 74885833
{ recyclable of type P dropped into box....}
Box has ID: 82825098
--------------------------------------------------
separating paper......
process carried out at separation unit ID: 74885833
{ recyclable of type P dropped into box....}
Box has ID: 82825098
--------------------------------------------------
separating paper......
process carried out at separation unit ID: 74885833
{ recyclable of type P dropped into box....}
Box has ID: 82825098
--------------------------------------------------
separating paper......
process carried out at separation unit ID: 74885833
{ recyclable of type P dropped into box....}
Box has ID: 82825098
--------------------------------------------------
separating paper......
process carried out at separation unit ID: 74885833
{ recyclable of type P dropped into box....}
Box has ID: 82825098
--------------------------------------------------
separating paper......
process carried out at separation unit ID: 74885833
{ recyclable of type P dropped into box....}
Box has ID: 82825098
--------------------------------------------------
separating paper......
process carried out at separation unit ID: 74885833
{ recyclable of type P dropped into box....}
Box has ID: 82825098
--------------------------------------------------
separating paper......
process carried out at separation unit ID: 74885833
{ recyclable of type P dropped into box....}
Box has ID: 82825098
--------------------------------------------------
separating paper......
process carried out at separation unit ID: 74885833
{ recyclable of type P dropped into box....}
Box has ID: 82825098
--------------------------------------------------
separating paper......
process carried out at separation unit ID: 74885833
{ recyclable of type P dropped into box....}
Box has ID: 82825098
--------------------------------------------------
separating paper......
process carried out at separation unit ID: 74885833
{ recyclable of type P dropped into box....}
Box has ID: 82825098
--------------------------------------------------
separating paper......
process carried out at separation unit ID: 74885833
{ recyclable of type P dropped into box....}
Box has ID: 82825098
--------------------------------------------------
separating paper......
process carried out at separation unit ID: 74885833
{ recyclable of type P dropped into box....}
Box has ID: 82825098
--------------------------------------------------
separating paper......
process carried out at separation unit ID: 74885833
{ recyclable of type P dropped into box....}
Box has ID: 82825098
--------------------------------------------------
separating paper......
process carried out at separation unit ID: 74885833
{ recyclable of type P dropped into box....}
Box has ID: 82825098
--------------------------------------------------
separating paper......
process carried out at separation unit ID: 74885833
{ recyclable of type P dropped into box....}
Box has ID: 82825098
--------------------------------------------------
separating paper......
process carried out at separation unit ID: 74885833
{ recyclable of type P dropped into box....}
Box has ID: 82825098
--------------------------------------------------
separating paper......
process carried out at separation unit ID: 74885833
{ recyclable of type P dropped into box....}
Box has ID: 82825098
--------------------------------------------------
separating paper......
process carried out at separation unit ID: 74885833
{ recyclable of type P dropped into box....}
Box has ID: 82825098
--------------------------------------------------
separating paper......
process carried out at separation unit ID: 74885833
{ recyclable of type P dropped into box....}
Box has ID: 82825098
--------------------------------------------------
separating paper......
process carried out at separation unit ID: 74885833
{ recyclable of type P dropped into box....}
Box has ID: 82825098
--------------------------------------------------
separating paper......
process carried out at separation unit ID: 74885833
{ recyclable of type P dropped into box....}
Box has ID: 82825098
--------------------------------------------------
separating paper......
process carried out at separation unit ID: 74885833
{ recyclable of type P dropped into box....}
Box has ID: 82825098
--------------------------------------------------
separating paper......
process carried out at separation unit ID: 74885833
{ recyclable of type P dropped into box....}
Box has ID: 82825098
--------------------------------------------------
separating paper......
process carried out at separation unit ID: 74885833
{ recyclable of type P dropped into box....}
Box has ID: 82825098
--------------------------------------------------
separating paper......
process carried out at separation unit ID: 74885833
{ recyclable of type P dropped into box....}
Box has ID: 82825098
--------------------------------------------------
separating paper......
process carried out at separation unit ID: 74885833
{ recyclable of type P dropped into box....}
Box has ID: 82825098
--------------------------------------------------
separating paper......
process carried out at separation unit ID: 74885833
{ recyclable of type P dropped into box....}
Box has ID: 82825098
--------------------------------------------------
separating paper......
process carried out at separation unit ID: 74885833
{ recyclable of type P dropped into box....}
Box has ID: 82825098
--------------------------------------------------
separating paper......
process carried out at separation unit ID: 74885833
{ recyclable of type P dropped into box....}
Box has ID: 82825098
--------------------------------------------------
separating paper......
process carried out at separation unit ID: 74885833
{ recyclable of type P dropped into box....}
Box has ID: 82825098
--------------------------------------------------
separating paper......
process carried out at separation unit ID: 74885833
{ recyclable of type P dropped into box....}
Box has ID: 82825098
--------------------------------------------------
separating paper......
process carried out at separation unit ID: 74885833
{ recyclable of type P dropped into box....}
Box has ID: 82825098
--------------------------------------------------
separating paper......
process carried out at separation unit ID: 74885833
{ recyclable of type P dropped into box....}
Box has ID: 82825098
--------------------------------------------------
separating paper......
process carried out at separation unit ID: 74885833
{ recyclable of type P dropped into box....}
Box has ID: 82825098
--------------------------------------------------
separating paper......
process carried out at separation unit ID: 74885833
{ recyclable of type P dropped into box....}
Box has ID: 82825098
--------------------------------------------------
separating paper......
process carried out at separation unit ID: 74885833
{ recyclable of type P dropped into box....}
Box has ID: 82825098
--------------------------------------------------
separating paper......
process carried out at separation unit ID: 74885833
{ recyclable of type P dropped into box....}
Box has ID: 82825098
--------------------------------------------------
separating paper......
process carried out at separation unit ID: 74885833
{ recyclable of type P dropped into box....}
Box has ID: 82825098
--------------------------------------------------
separating paper......
process carried out at separation unit ID: 74885833
{ recyclable of type P dropped into box....}
Box has ID: 82825098
--------------------------------------------------
separating paper......
process carried out at separation unit ID: 74885833
{ recyclable of type P dropped into box....}
Box has ID: 82825098
--------------------------------------------------
separating paper......
process carried out at separation unit ID: 74885833
{ recyclable of type P dropped into box....}
Box has ID: 82825098
--------------------------------------------------
separating paper......
process carried out at separation unit ID: 74885833
{ recyclable of type P dropped into box....}
Box has ID: 82825098
--------------------------------------------------
separating paper......
process carried out at separation unit ID: 74885833
{ recyclable of type P dropped into box....}
Box has ID: 82825098
--------------------------------------------------
separating paper......
process carried out at separation unit ID: 74885833
{ recyclable of type P dropped into box....}
Box has ID: 82825098
--------------------------------------------------
separating paper......
process carried out at separation unit ID: 74885833
{ recyclable of type P dropped into box....}
Box has ID: 82825098
--------------------------------------------------
separating paper......
process carried out at separation unit ID: 74885833
{ recyclable of type P dropped into box....}
Box has ID: 82825098
--------------------------------------------------
separating paper......
process carried out at separation unit ID: 74885833
{ recyclable of type P dropped into box....}
Box has ID: 82825098
--------------------------------------------------
separating paper......
process carried out at separation unit ID: 74885833
{ recyclable of type P dropped into box....}
Box has ID: 82825098
--------------------------------------------------
separating paper......
process carried out at separation unit ID: 74885833
{ recyclable of type P dropped into box....}
Box has ID: 82825098
--------------------------------------------------
separating paper......
process carried out at separation unit ID: 74885833
{ recyclable of type P dropped into box....}
Box has ID: 82825098
--------------------------------------------------
separating paper......
process carried out at separation unit ID: 74885833
{ recyclable of type P dropped into box....}
Box has ID: 82825098
--------------------------------------------------
separating paper......
process carried out at separation unit ID: 74885833
{ recyclable of type P dropped into box....}
Box has ID: 82825098
--------------------------------------------------
separating paper......
process carried out at separation unit ID: 74885833
{ recyclable of type P dropped into box....}
Box has ID: 82825098
--------------------------------------------------
separating paper......
process carried out at separation unit ID: 74885833
{ recyclable of type P dropped into box....}
Box has ID: 82825098
--------------------------------------------------
separating paper......
process carried out at separation unit ID: 74885833
{ recyclable of type P dropped into box....}
Box has ID: 82825098
--------------------------------------------------
separating paper......
process carried out at separation unit ID: 74885833
{ recyclable of type P dropped into box....}
Box has ID: 82825098
--------------------------------------------------
separating paper......
process carried out at separation unit ID: 74885833
{ recyclable of type P dropped into box....}
Box has ID: 82825098
--------------------------------------------------
separating paper......
process carried out at separation unit ID: 74885833
{ recyclable of type P dropped into box....}
Box has ID: 82825098
--------------------------------------------------
separating paper......
process carried out at separation unit ID: 74885833
{ recyclable of type P dropped into box....}
Box has ID: 82825098
--------------------------------------------------
separating paper......
process carried out at separation unit ID: 74885833
{ recyclable of type P dropped into box....}
Box has ID: 82825098
--------------------------------------------------
separating paper......
process carried out at separation unit ID: 74885833
{ recyclable of type P dropped into box....}
Box has ID: 82825098
--------------------------------------------------
separating paper......
process carried out at separation unit ID: 74885833
{ recyclable of type P dropped into box....}
Box has ID: 82825098
--------------------------------------------------
separating paper......
process carried out at separation unit ID: 74885833
{ recyclable of type P dropped into box....}
Box has ID: 82825098
--------------------------------------------------
separating paper......
process carried out at separation unit ID: 74885833
{ recyclable of type P dropped into box....}
Box has ID: 82825098
--------------------------------------------------
separating paper......
process carried out at separation unit ID: 74885833
{ recyclable of type P dropped into box....}
Box has ID: 82825098
--------------------------------------------------
separating paper......
process carried out at separation unit ID: 74885833
{ recyclable of type P dropped into box....}
Box has ID: 82825098
--------------------------------------------------
separating paper......
process carried out at separation unit ID: 74885833
{ recyclable of type P dropped into box....}
Box has ID: 82825098
--------------------------------------------------
separating paper......
process carried out at separation unit ID: 74885833
{ recyclable of type P dropped into box....}
Box has ID: 82825098
--------------------------------------------------
separating paper......
process carried out at separation unit ID: 74885833
{ recyclable of type P dropped into box....}
Box has ID: 82825098
--------------------------------------------------
separating paper......
process carried out at separation unit ID: 74885833
{ recyclable of type P dropped into box....}
Box has ID: 82825098
--------------------------------------------------
separating paper......
process carried out at separation unit ID: 74885833
{ recyclable of type P dropped into box....}
Box has ID: 82825098
--------------------------------------------------
separating paper......
process carried out at separation unit ID: 74885833
{ recyclable of type P dropped into box....}
Box has ID: 82825098
--------------------------------------------------
separating paper......
process carried out at separation unit ID: 74885833
{ recyclable of type P dropped into box....}
Box has ID: 82825098
--------------------------------------------------
separating paper......
process carried out at separation unit ID: 74885833
{ recyclable of type P dropped into box....}
Box has ID: 82825098
--------------------------------------------------
separating paper......
process carried out at separation unit ID: 74885833
{ recyclable of type P dropped into box....}
Box has ID: 82825098
--------------------------------------------------
separating paper......
process carried out at separation unit ID: 74885833
{ recyclable of type P dropped into box....}
Box has ID: 82825098
--------------------------------------------------
separating paper......
process carried out at separation unit ID: 74885833
{ recyclable of type P dropped into box....}
Box has ID: 82825098
--------------------------------------------------
separating paper......
process carried out at separation unit ID: 74885833
{ recyclable of type P dropped into box....}
Box has ID: 82825098
--------------------------------------------------
separating paper......
process carried out at separation unit ID: 74885833
{ recyclable of type P dropped into box....}
Box has ID: 82825098
--------------------------------------------------
separating paper......
process carried out at separation unit ID: 74885833
{ recyclable of type P dropped into box....}
Box has ID: 82825098
--------------------------------------------------
separating paper......
process carried out at separation unit ID: 74885833
{ recyclable of type P dropped into box....}
Box has ID: 82825098
--------------------------------------------------
separating paper......
process carried out at separation unit ID: 74885833
{ recyclable of type P dropped into box....}
Box has ID: 82825098
--------------------------------------------------
separating paper......
process carried out at separation unit ID: 74885833
{ recyclable of type P dropped into box....}
Box has ID: 82825098
--------------------------------------------------
separating paper......
process carried out at separation unit ID: 74885833
{ recyclable of type P dropped into box....}
Box has ID: 82825098
--------------------------------------------------
separating paper......
process carried out at separation unit ID: 74885833
{ recyclable of type P dropped into box....}
Box has ID: 82825098
--------------------------------------------------
separating paper......
process carried out at separation unit ID: 74885833
{ recyclable of type P dropped into box....}
Box has ID: 82825098
--------------------------------------------------
separating paper......
process carried out at separation unit ID: 74885833
{ recyclable of type P dropped into box....}
Box has ID: 82825098
--------------------------------------------------
separating paper......
process carried out at separation unit ID: 74885833
{ recyclable of type P dropped into box....}
Box has ID: 82825098
--------------------------------------------------
separating paper......
process carried out at separation unit ID: 74885833
{ recyclable of type P dropped into box....}
Box has ID: 82825098
--------------------------------------------------
separating paper......
process carried out at separation unit ID: 74885833
{ recyclable of type P dropped into box....}
Box has ID: 82825098
--------------------------------------------------
separating paper......
process carried out at separation unit ID: 74885833
{ recyclable of type P dropped into box....}
Box has ID: 82825098
--------------------------------------------------
separating paper......
process carried out at separation unit ID: 74885833
{ recyclable of type P dropped into box....}
Box has ID: 82825098
--------------------------------------------------
separating paper......
process carried out at separation unit ID: 74885833
{ recyclable of type P dropped into box....}
Box has ID: 82825098
--------------------------------------------------
separating paper......
process carried out at separation unit ID: 74885833
{ recyclable of type P dropped into box....}
Box has ID: 82825098
--------------------------------------------------
separating paper......
process carried out at separation unit ID: 74885833
{ recyclable of type P dropped into box....}
Box has ID: 82825098
--------------------------------------------------
separating paper......
process carried out at separation unit ID: 74885833
{ recyclable of type P dropped into box....}
Box has ID: 82825098
--------------------------------------------------
separating paper......
process carried out at separation unit ID: 74885833
{ recyclable of type P dropped into box....}
Box has ID: 82825098
--------------------------------------------------
separating paper......
process carried out at separation unit ID: 74885833
{ recyclable of type P dropped into box....}
Box has ID: 82825098
--------------------------------------------------
separating paper......
process carried out at separation unit ID: 74885833
{ recyclable of type P dropped into box....}
Box has ID: 82825098
--------------------------------------------------
separating paper......
process carried out at separation unit ID: 74885833
{ recyclable of type P dropped into box....}
Box has ID: 82825098
--------------------------------------------------
separating paper......
process carried out at separation unit ID: 74885833
{ recyclable of type P dropped into box....}
Box has ID: 82825098
--------------------------------------------------
separating paper......
process carried out at separation unit ID: 74885833
{ recyclable of type P dropped into box....}
Box has ID: 82825098
--------------------------------------------------
separating paper......
process carried out at separation unit ID: 74885833
{ recyclable of type P dropped into box....}
Box has ID: 82825098
--------------------------------------------------
separating paper......
process carried out at separation unit ID: 74885833
{ recyclable of type P dropped into box....}
Box has ID: 82825098
--------------------------------------------------
separating paper......
process carried out at separation unit ID: 74885833
{ recyclable of type P dropped into box....}
Box has ID: 82825098
--------------------------------------------------
separating paper......
process carried out at separation unit ID: 74885833
{ recyclable of type P dropped into box....}
Box has ID: 82825098
--------------------------------------------------
separating paper......
process carried out at separation unit ID: 74885833
{ recyclable of type P dropped into box....}
Box has ID: 82825098
--------------------------------------------------
separating paper......
process carried out at separation unit ID: 74885833
{ recyclable of type P dropped into box....}
Box has ID: 82825098
--------------------------------------------------
separating paper......
process carried out at separation unit ID: 74885833
{ recyclable of type P dropped into box....}
Box has ID: 82825098
--------------------------------------------------
separating paper......
process carried out at separation unit ID: 74885833
{ recyclable of type P dropped into box....}
Box has ID: 82825098
--------------------------------------------------
separating paper......
process carried out at separation unit ID: 74885833
{ recyclable of type P dropped into box....}
Box has ID: 82825098
--------------------------------------------------
separating paper......
process carried out at separation unit ID: 74885833
{ recyclable of type P dropped into box....}
Box has ID: 82825098
--------------------------------------------------
separating paper......
process carried out at separation unit ID: 74885833
{ recyclable of type P dropped into box....}
Box has ID: 82825098
--------------------------------------------------
separating paper......
process carried out at separation unit ID: 74885833
{ recyclable of type P dropped into box....}
Box has ID: 82825098
--------------------------------------------------
separating paper......
process carried out at separation unit ID: 74885833
{ recyclable of type P dropped into box....}
Box has ID: 82825098
--------------------------------------------------
separating paper......
process carried out at separation unit ID: 74885833
{ recyclable of type P dropped into box....}
Box has ID: 82825098
--------------------------------------------------
separating paper......
process carried out at separation unit ID: 74885833
{ recyclable of type P dropped into box....}
Box has ID: 82825098
--------------------------------------------------
separating paper......
process carried out at separation unit ID: 74885833
{ recyclable of type P dropped into box....}
Box has ID: 82825098
--------------------------------------------------
separating paper......
process carried out at separation unit ID: 74885833
{ recyclable of type P dropped into box....}
Box has ID: 82825098
--------------------------------------------------
separating paper......
process carried out at separation unit ID: 74885833
{ recyclable of type P dropped into box....}
Box has ID: 82825098
--------------------------------------------------
separating paper......
process carried out at separation unit ID: 74885833
{ recyclable of type P dropped into box....}
Box has ID: 82825098
--------------------------------------------------
separating paper......
process carried out at separation unit ID: 74885833
{ recyclable of type P dropped into box....}
Box has ID: 82825098
--------------------------------------------------
separating paper......
process carried out at separation unit ID: 74885833
{ recyclable of type P dropped into box....}
Box has ID: 82825098
--------------------------------------------------
separating paper......
process carried out at separation unit ID: 74885833
{ recyclable of type P dropped into box....}
Box has ID: 82825098
--------------------------------------------------
separating paper......
process carried out at separation unit ID: 74885833
{ recyclable of type P dropped into box....}
Box has ID: 82825098
--------------------------------------------------
separating paper......
process carried out at separation unit ID: 74885833
{ recyclable of type P dropped into box....}
Box has ID: 82825098
--------------------------------------------------
separating paper......
process carried out at separation unit ID: 74885833
{ recyclable of type P dropped into box....}
Box has ID: 82825098
--------------------------------------------------
separating paper......
process carried out at separation unit ID: 74885833
{ recyclable of type P dropped into box....}
Box has ID: 82825098
--------------------------------------------------
separating paper......
process carried out at separation unit ID: 74885833
{ recyclable of type P dropped into box....}
Box has ID: 82825098
--------------------------------------------------
separating paper......
process carried out at separation unit ID: 74885833
{ recyclable of type P dropped into box....}
Box has ID: 82825098
--------------------------------------------------
separating paper......
process carried out at separation unit ID: 74885833
{ recyclable of type P dropped into box....}
Box has ID: 82825098
--------------------------------------------------
separating paper......
process carried out at separation unit ID: 74885833
{ recyclable of type P dropped into box....}
Box has ID: 82825098
--------------------------------------------------
separating paper......
process carried out at separation unit ID: 74885833
{ recyclable of type P dropped into box....}
Box has ID: 82825098
--------------------------------------------------
separating paper......
process carried out at separation unit ID: 74885833
{ recyclable of type P dropped into box....}
Box has ID: 82825098
--------------------------------------------------
separating paper......
process carried out at separation unit ID: 74885833
{ recyclable of type P dropped into box....}
Box has ID: 82825098
--------------------------------------------------
separating paper......
process carried out at separation unit ID: 74885833
{ recyclable of type P dropped into box....}
Box has ID: 82825098
--------------------------------------------------
separating paper......
process carried out at separation unit ID: 74885833
{ recyclable of type P dropped into box....}
Box has ID: 82825098
--------------------------------------------------
separating paper......
process carried out at separation unit ID: 74885833
{ recyclable of type P dropped into box....}
Box has ID: 82825098
--------------------------------------------------
separating paper......
process carried out at separation unit ID: 74885833
{ recyclable of type P dropped into box....}
Box has ID: 82825098
--------------------------------------------------
separating paper......
process carried out at separation unit ID: 74885833
{ recyclable of type P dropped into box....}
Box has ID: 82825098
--------------------------------------------------
separating paper......
process carried out at separation unit ID: 74885833
{ recyclable of type P dropped into box....}
Box has ID: 82825098
--------------------------------------------------
separating paper......
process carried out at separation unit ID: 74885833
{ recyclable of type P dropped into box....}
Box has ID: 82825098
--------------------------------------------------
separating paper......
process carried out at separation unit ID: 74885833
{ recyclable of type P dropped into box....}
Box has ID: 82825098
--------------------------------------------------
separating paper......
process carried out at separation unit ID: 74885833
{ recyclable of type P dropped into box....}
Box has ID: 82825098
--------------------------------------------------
separating paper......
process carried out at separation unit ID: 74885833
{ recyclable of type P dropped into box....}
Box has ID: 82825098
--------------------------------------------------
separating paper......
process carried out at separation unit ID: 74885833
{ recyclable of type P dropped into box....}
Box has ID: 82825098
--------------------------------------------------
separating paper......
process carried out at separation unit ID: 74885833
{ recyclable of type P dropped into box....}
Box has ID: 82825098
--------------------------------------------------
separating paper......
process carried out at separation unit ID: 74885833
{ recyclable of type P dropped into box....}
Box has ID: 82825098
--------------------------------------------------
separating paper......
process carried out at separation unit ID: 74885833
{ recyclable of type P dropped into box....}
Box has ID: 82825098
--------------------------------------------------
separating paper......
process carried out at separation unit ID: 74885833
{ recyclable of type P dropped into box....}
Box has ID: 82825098
--------------------------------------------------
separating paper......
process carried out at separation unit ID: 74885833
{ recyclable of type P dropped into box....}
Box has ID: 82825098
--------------------------------------------------
separating paper......
process carried out at separation unit ID: 74885833
{ recyclable of type P dropped into box....}
Box has ID: 82825098
--------------------------------------------------
separating paper......
process carried out at separation unit ID: 74885833
{ recyclable of type P dropped into box....}
Box has ID: 82825098
--------------------------------------------------
separating paper......
process carried out at separation unit ID: 74885833
{ recyclable of type P dropped into box....}
Box has ID: 82825098
--------------------------------------------------
separating paper......
process carried out at separation unit ID: 74885833
{ recyclable of type P dropped into box....}
Box has ID: 82825098
--------------------------------------------------
separating paper......
process carried out at separation unit ID: 74885833
{ recyclable of type P dropped into box....}
Box has ID: 82825098
--------------------------------------------------
separating paper......
process carried out at separation unit ID: 74885833
{ recyclable of type P dropped into box....}
Box has ID: 82825098
--------------------------------------------------
separating paper......
process carried out at separation unit ID: 74885833
{ recyclable of type P dropped into box....}
Box has ID: 82825098
--------------------------------------------------
separating paper......
process carried out at separation unit ID: 74885833
{ recyclable of type P dropped into box....}
Box has ID: 82825098
--------------------------------------------------
separating paper......
process carried out at separation unit ID: 74885833
{ recyclable of type P dropped into box....}
Box has ID: 82825098
--------------------------------------------------
separating paper......
process carried out at separation unit ID: 74885833
{ recyclable of type P dropped into box....}
Box has ID: 82825098
--------------------------------------------------
separating paper......
process carried out at separation unit ID: 74885833
{ recyclable of type P dropped into box....}
Box has ID: 82825098
--------------------------------------------------
separating paper......
process carried out at separation unit ID: 74885833
{ recyclable of type P dropped into box....}
Box has ID: 82825098
--------------------------------------------------
separating paper......
process carried out at separation unit ID: 74885833
{ recyclable of type P dropped into box....}
Box has ID: 82825098
--------------------------------------------------
separating paper......
process carried out at separation unit ID: 74885833
{ recyclable of type P dropped into box....}
Box has ID: 82825098
--------------------------------------------------
separating paper......
process carried out at separation unit ID: 74885833
{ recyclable of type P dropped into box....}
Box has ID: 82825098
--------------------------------------------------
separating paper......
process carried out at separation unit ID: 74885833
{ recyclable of type P dropped into box....}
Box has ID: 82825098
--------------------------------------------------
separating paper......
process carried out at separation unit ID: 74885833
{ recyclable of type P dropped into box....}
Box has ID: 82825098
--------------------------------------------------
separating paper......
process carried out at separation unit ID: 74885833
{ recyclable of type P dropped into box....}
Box has ID: 82825098
--------------------------------------------------
separating paper......
process carried out at separation unit ID: 74885833
{ recyclable of type P dropped into box....}
Box has ID: 82825098
--------------------------------------------------
separating paper......
process carried out at separation unit ID: 74885833
{ recyclable of type P dropped into box....}
Box has ID: 82825098
--------------------------------------------------
separating paper......
process carried out at separation unit ID: 74885833
{ recyclable of type P dropped into box....}
Box has ID: 82825098
--------------------------------------------------
separating paper......
process carried out at separation unit ID: 74885833
{ recyclable of type P dropped into box....}
Box has ID: 82825098
--------------------------------------------------
separating paper......
process carried out at separation unit ID: 74885833
{ recyclable of type P dropped into box....}
Box has ID: 82825098
--------------------------------------------------
separating paper......
process carried out at separation unit ID: 74885833
{ recyclable of type P dropped into box....}
Box has ID: 82825098
--------------------------------------------------
separating paper......
process carried out at separation unit ID: 74885833
{ recyclable of type P dropped into box....}
Box has ID: 82825098
--------------------------------------------------
separating paper......
process carried out at separation unit ID: 74885833
{ recyclable of type P dropped into box....}
Box has ID: 82825098
--------------------------------------------------
separating paper......
process carried out at separation unit ID: 74885833
{ recyclable of type P dropped into box....}
Box has ID: 82825098
--------------------------------------------------
separating paper......
process carried out at separation unit ID: 74885833
{ recyclable of type P dropped into box....}
Box has ID: 82825098
--------------------------------------------------
separating paper......
process carried out at separation unit ID: 74885833
{ recyclable of type P dropped into box....}
Box has ID: 82825098
--------------------------------------------------
separating paper......
process carried out at separation unit ID: 74885833
{ recyclable of type P dropped into box....}
Box has ID: 82825098
--------------------------------------------------
separating paper......
process carried out at separation unit ID: 74885833
{ recyclable of type P dropped into box....}
Box has ID: 82825098
--------------------------------------------------
separating paper......
process carried out at separation unit ID: 74885833
{ recyclable of type P dropped into box....}
Box has ID: 82825098
--------------------------------------------------
separating paper......
process carried out at separation unit ID: 74885833
{ recyclable of type P dropped into box....}
Box has ID: 82825098
--------------------------------------------------
separating paper......
process carried out at separation unit ID: 74885833
{ recyclable of type P dropped into box....}
Box has ID: 82825098
--------------------------------------------------
separating paper......
process carried out at separation unit ID: 74885833
{ recyclable of type P dropped into box....}
Box has ID: 82825098
--------------------------------------------------
separating paper......
process carried out at separation unit ID: 74885833
{ recyclable of type P dropped into box....}
Box has ID: 82825098
--------------------------------------------------
separating paper......
process carried out at separation unit ID: 74885833
{ recyclable of type P dropped into box....}
Box has ID: 82825098
--------------------------------------------------
separating paper......
process carried out at separation unit ID: 74885833
{ recyclable of type P dropped into box....}
Box has ID: 82825098
--------------------------------------------------
separating paper......
process carried out at separation unit ID: 74885833
{ recyclable of type P dropped into box....}
Box has ID: 82825098
--------------------------------------------------
separating paper......
process carried out at separation unit ID: 74885833
{ recyclable of type P dropped into box....}
Box has ID: 82825098
--------------------------------------------------
separating paper......
process carried out at separation unit ID: 74885833
{ recyclable of type P dropped into box....}
Box has ID: 82825098
--------------------------------------------------
separating paper......
process carried out at separation unit ID: 74885833
{ recyclable of type P dropped into box....}
Box has ID: 82825098
--------------------------------------------------
separating paper......
process carried out at separation unit ID: 74885833
{ recyclable of type P dropped into box....}
Box has ID: 82825098
--------------------------------------------------
separating paper......
process carried out at separation unit ID: 74885833
{ recyclable of type P dropped into box....}
Box has ID: 82825098
--------------------------------------------------
separating paper......
process carried out at separation unit ID: 74885833
{ recyclable of type P dropped into box....}
Box has ID: 82825098
--------------------------------------------------
separating paper......
process carried out at separation unit ID: 74885833
{ recyclable of type P dropped into box....}
Box has ID: 82825098
--------------------------------------------------
separating paper......
process carried out at separation unit ID: 74885833
{ recyclable of type P dropped into box....}
Box has ID: 82825098
--------------------------------------------------
separating paper......
process carried out at separation unit ID: 74885833
{ recyclable of type P dropped into box....}
Box has ID: 82825098
--------------------------------------------------
separating paper......
process carried out at separation unit ID: 74885833
{ recyclable of type P dropped into box....}
Box has ID: 82825098
--------------------------------------------------
separating paper......
process carried out at separation unit ID: 74885833
{ recyclable of type P dropped into box....}
Box has ID: 82825098
--------------------------------------------------
separating paper......
process carried out at separation unit ID: 74885833
{ recyclable of type P dropped into box....}
Box has ID: 82825098
--------------------------------------------------
separating paper......
process carried out at separation unit ID: 74885833
{ recyclable of type P dropped into box....}
Box has ID: 82825098
--------------------------------------------------
separating paper......
process carried out at separation unit ID: 74885833
{ recyclable of type P dropped into box....}
Box has ID: 82825098
--------------------------------------------------
separating paper......
process carried out at separation unit ID: 74885833
{ recyclable of type P dropped into box....}
Box has ID: 82825098
--------------------------------------------------
separating paper......
process carried out at separation unit ID: 74885833
{ recyclable of type P dropped into box....}
Box has ID: 82825098
--------------------------------------------------
separating paper......
process carried out at separation unit ID: 74885833
{ recyclable of type P dropped into box....}
Box has ID: 82825098
--------------------------------------------------
separating paper......
process carried out at separation unit ID: 74885833
{ recyclable of type P dropped into box....}
Box has ID: 82825098
--------------------------------------------------
separating paper......
process carried out at separation unit ID: 74885833
{ recyclable of type P dropped into box....}
Box has ID: 82825098
--------------------------------------------------
separating paper......
process carried out at separation unit ID: 74885833
{ recyclable of type P dropped into box....}
Box has ID: 82825098
--------------------------------------------------
separating paper......
process carried out at separation unit ID: 74885833
{ recyclable of type P dropped into box....}
Box has ID: 82825098
--------------------------------------------------
separating paper......
process carried out at separation unit ID: 74885833
{ recyclable of type P dropped into box....}
Box has ID: 82825098
--------------------------------------------------
separating paper......
process carried out at separation unit ID: 74885833
{ recyclable of type P dropped into box....}
Box has ID: 82825098
--------------------------------------------------
separating paper......
process carried out at separation unit ID: 74885833
{ recyclable of type P dropped into box....}
Box has ID: 82825098
--------------------------------------------------
separating paper......
process carried out at separation unit ID: 74885833
{ recyclable of type P dropped into box....}
Box has ID: 82825098
--------------------------------------------------
separating paper......
process carried out at separation unit ID: 74885833
{ recyclable of type P dropped into box....}
Box has ID: 82825098
--------------------------------------------------
separating paper......
process carried out at separation unit ID: 74885833
{ recyclable of type P dropped into box....}
Box has ID: 82825098
--------------------------------------------------
separating paper......
process carried out at separation unit ID: 74885833
{ recyclable of type P dropped into box....}
Box has ID: 82825098
--------------------------------------------------
separating paper......
process carried out at separation unit ID: 74885833
{ recyclable of type P dropped into box....}
Box has ID: 82825098
--------------------------------------------------
separating paper......
process carried out at separation unit ID: 74885833
{ recyclable of type P dropped into box....}
Box has ID: 82825098
--------------------------------------------------
separating paper......
process carried out at separation unit ID: 74885833
{ recyclable of type P dropped into box....}
Box has ID: 82825098
--------------------------------------------------
separating paper......
process carried out at separation unit ID: 74885833
{ recyclable of type P dropped into box....}
Box has ID: 82825098
--------------------------------------------------
separating paper......
process carried out at separation unit ID: 74885833
{ recyclable of type P dropped into box....}
Box has ID: 82825098
--------------------------------------------------
separating paper......
process carried out at separation unit ID: 74885833
{ recyclable of type P dropped into box....}
Box has ID: 82825098
--------------------------------------------------
separating paper......
process carried out at separation unit ID: 74885833
{ recyclable of type P dropped into box....}
Box has ID: 82825098
--------------------------------------------------
separating paper......
process carried out at separation unit ID: 74885833
{ recyclable of type P dropped into box....}
Box has ID: 82825098
--------------------------------------------------
separating paper......
process carried out at separation unit ID: 74885833
{ recyclable of type P dropped into box....}
Box has ID: 82825098
--------------------------------------------------
separating paper......
process carried out at separation unit ID: 74885833
{ recyclable of type P dropped into box....}
Box has ID: 82825098
--------------------------------------------------
separating paper......
process carried out at separation unit ID: 74885833
{ recyclable of type P dropped into box....}
Box has ID: 82825098
--------------------------------------------------
separating paper......
process carried out at separation unit ID: 74885833
{ recyclable of type P dropped into box....}
Box has ID: 82825098
--------------------------------------------------
separating paper......
process carried out at separation unit ID: 74885833
{ recyclable of type P dropped into box....}
Box has ID: 82825098
--------------------------------------------------
separating paper......
process carried out at separation unit ID: 74885833
{ recyclable of type P dropped into box....}
Box has ID: 82825098
--------------------------------------------------
separating paper......
process carried out at separation unit ID: 74885833
{ recyclable of type P dropped into box....}
Box has ID: 82825098
--------------------------------------------------
separating paper......
process carried out at separation unit ID: 74885833
{ recyclable of type P dropped into box....}
Box has ID: 82825098
--------------------------------------------------
separating paper......
process carried out at separation unit ID: 74885833
{ recyclable of type P dropped into box....}
Box has ID: 82825098
--------------------------------------------------
separating paper......
process carried out at separation unit ID: 74885833
{ recyclable of type P dropped into box....}
Box has ID: 82825098
--------------------------------------------------
separating paper......
process carried out at separation unit ID: 74885833
{ recyclable of type P dropped into box....}
Box has ID: 82825098
--------------------------------------------------
separating paper......
process carried out at separation unit ID: 74885833
{ recyclable of type P dropped into box....}
Box has ID: 82825098
--------------------------------------------------
separating paper......
process carried out at separation unit ID: 74885833
{ recyclable of type P dropped into box....}
Box has ID: 82825098
--------------------------------------------------
separating paper......
process carried out at separation unit ID: 74885833
{ recyclable of type P dropped into box....}
Box has ID: 82825098
--------------------------------------------------
separating paper......
process carried out at separation unit ID: 74885833
{ recyclable of type P dropped into box....}
Box has ID: 82825098
--------------------------------------------------
separating paper......
process carried out at separation unit ID: 74885833
{ recyclable of type P dropped into box....}
Box has ID: 82825098
--------------------------------------------------
separating paper......
process carried out at separation unit ID: 74885833
{ recyclable of type P dropped into box....}
Box has ID: 82825098
--------------------------------------------------
separating paper......
process carried out at separation unit ID: 74885833
{ recyclable of type P dropped into box....}
Box has ID: 82825098
--------------------------------------------------
separating paper......
process carried out at separation unit ID: 74885833
{ recyclable of type P dropped into box....}
Box has ID: 82825098
--------------------------------------------------
separating paper......
process carried out at separation unit ID: 74885833
{ recyclable of type P dropped into box....}
Box has ID: 82825098
--------------------------------------------------
separating paper......
process carried out at separation unit ID: 74885833
{ recyclable of type P dropped into box....}
Box has ID: 82825098
--------------------------------------------------
separating paper......
process carried out at separation unit ID: 74885833
{ recyclable of type P dropped into box....}
Box has ID: 82825098
--------------------------------------------------
separating paper......
process carried out at separation unit ID: 74885833
{ recyclable of type P dropped into box....}
Box has ID: 82825098
--------------------------------------------------
separating paper......
process carried out at separation unit ID: 74885833
{ recyclable of type P dropped into box....}
Box has ID: 82825098
--------------------------------------------------
separating paper......
process carried out at separation unit ID: 74885833
{ recyclable of type P dropped into box....}
Box has ID: 82825098
--------------------------------------------------
separating paper......
process carried out at separation unit ID: 74885833
{ recyclable of type P dropped into box....}
Box has ID: 82825098
--------------------------------------------------
separating paper......
process carried out at separation unit ID: 74885833
{ recyclable of type P dropped into box....}
Box has ID: 82825098
--------------------------------------------------
separating paper......
process carried out at separation unit ID: 74885833
{ recyclable of type P dropped into box....}
Box has ID: 82825098
--------------------------------------------------
separating paper......
process carried out at separation unit ID: 74885833
{ recyclable of type P dropped into box....}
Box has ID: 82825098
--------------------------------------------------
separating paper......
process carried out at separation unit ID: 74885833
{ recyclable of type P dropped into box....}
Box has ID: 82825098
--------------------------------------------------
separating paper......
process carried out at separation unit ID: 74885833
{ recyclable of type P dropped into box....}
Box has ID: 82825098
--------------------------------------------------
separating paper......
process carried out at separation unit ID: 74885833
{ recyclable of type P dropped into box....}
Box has ID: 82825098
--------------------------------------------------
separating paper......
process carried out at separation unit ID: 74885833
{ recyclable of type P dropped into box....}
Box has ID: 82825098
--------------------------------------------------
separating paper......
process carried out at separation unit ID: 74885833
{ recyclable of type P dropped into box....}
Box has ID: 82825098
--------------------------------------------------
separating paper......
process carried out at separation unit ID: 74885833
{ recyclable of type P dropped into box....}
Box has ID: 82825098
--------------------------------------------------
separating paper......
process carried out at separation unit ID: 74885833
{ recyclable of type P dropped into box....}
Box has ID: 82825098
--------------------------------------------------
separating paper......
process carried out at separation unit ID: 74885833
{ recyclable of type P dropped into box....}
Box has ID: 82825098
--------------------------------------------------
separating paper......
process carried out at separation unit ID: 74885833
{ recyclable of type P dropped into box....}
Box has ID: 82825098
--------------------------------------------------
separating paper......
process carried out at separation unit ID: 74885833
{ recyclable of type P dropped into box....}
Box has ID: 82825098
--------------------------------------------------
separating paper......
process carried out at separation unit ID: 74885833
{ recyclable of type P dropped into box....}
Box has ID: 82825098
--------------------------------------------------
separating paper......
process carried out at separation unit ID: 74885833
{ recyclable of type P dropped into box....}
Box has ID: 82825098
--------------------------------------------------
separating paper......
process carried out at separation unit ID: 74885833
{ recyclable of type P dropped into box....}
Box has ID: 82825098
--------------------------------------------------
separating paper......
process carried out at separation unit ID: 74885833
{ recyclable of type P dropped into box....}
Box has ID: 82825098
--------------------------------------------------
separating paper......
process carried out at separation unit ID: 74885833
{ recyclable of type P dropped into box....}
Box has ID: 82825098
--------------------------------------------------
separating paper......
process carried out at separation unit ID: 74885833
{ recyclable of type P dropped into box....}
Box has ID: 82825098
--------------------------------------------------
separating paper......
process carried out at separation unit ID: 74885833
{ recyclable of type P dropped into box....}
Box has ID: 82825098
--------------------------------------------------
separating paper......
process carried out at separation unit ID: 74885833
{ recyclable of type P dropped into box....}
Box has ID: 82825098
--------------------------------------------------
separating paper......
process carried out at separation unit ID: 74885833
{ recyclable of type P dropped into box....}
Box has ID: 82825098
--------------------------------------------------
separating paper......
process carried out at separation unit ID: 74885833
{ recyclable of type P dropped into box....}
Box has ID: 82825098
--------------------------------------------------
separating paper......
process carried out at separation unit ID: 74885833
{ recyclable of type P dropped into box....}
Box has ID: 82825098
--------------------------------------------------
separating paper......
process carried out at separation unit ID: 74885833
{ recyclable of type P dropped into box....}
Box has ID: 82825098
--------------------------------------------------
separating paper......
process carried out at separation unit ID: 74885833
{ recyclable of type P dropped into box....}
Box has ID: 82825098
--------------------------------------------------
separating paper......
process carried out at separation unit ID: 74885833
{ recyclable of type P dropped into box....}
Box has ID: 82825098
--------------------------------------------------
separating paper......
process carried out at separation unit ID: 74885833
{ recyclable of type P dropped into box....}
Box has ID: 82825098
--------------------------------------------------
separating paper......
process carried out at separation unit ID: 74885833
{ recyclable of type P dropped into box....}
Box has ID: 82825098
--------------------------------------------------
separating paper......
process carried out at separation unit ID: 74885833
{ recyclable of type P dropped into box....}
Box has ID: 82825098
--------------------------------------------------
separating paper......
process carried out at separation unit ID: 74885833
{ recyclable of type P dropped into box....}
Box has ID: 82825098
--------------------------------------------------
separating paper......
process carried out at separation unit ID: 74885833
{ recyclable of type P dropped into box....}
Box has ID: 82825098
--------------------------------------------------
separating paper......
process carried out at separation unit ID: 74885833
{ recyclable of type P dropped into box....}
Box has ID: 82825098
--------------------------------------------------
separating paper......
process carried out at separation unit ID: 74885833
{ recyclable of type P dropped into box....}
Box has ID: 82825098
--------------------------------------------------
separating paper......
process carried out at separation unit ID: 74885833
{ recyclable of type P dropped into box....}
Box has ID: 82825098
--------------------------------------------------
separating paper......
process carried out at separation unit ID: 74885833
{ recyclable of type P dropped into box....}
Box has ID: 82825098
--------------------------------------------------
separating paper......
process carried out at separation unit ID: 74885833
{ recyclable of type P dropped into box....}
Box has ID: 82825098
--------------------------------------------------
separating paper......
process carried out at separation unit ID: 74885833
{ recyclable of type P dropped into box....}
Box has ID: 82825098
--------------------------------------------------
separating paper......
process carried out at separation unit ID: 74885833
{ recyclable of type P dropped into box....}
Box has ID: 82825098
--------------------------------------------------
separating paper......
process carried out at separation unit ID: 74885833
{ recyclable of type P dropped into box....}
Box has ID: 82825098
--------------------------------------------------
separating paper......
process carried out at separation unit ID: 74885833
{ recyclable of type P dropped into box....}
Box has ID: 82825098
--------------------------------------------------
separating paper......
process carried out at separation unit ID: 74885833
{ recyclable of type P dropped into box....}
Box has ID: 82825098
--------------------------------------------------
separating paper......
process carried out at separation unit ID: 74885833
{ recyclable of type P dropped into box....}
Box has ID: 82825098
--------------------------------------------------
separating paper......
process carried out at separation unit ID: 74885833
{ recyclable of type P dropped into box....}
Box has ID: 82825098
--------------------------------------------------
separating paper......
process carried out at separation unit ID: 74885833
{ recyclable of type P dropped into box....}
Box has ID: 82825098
--------------------------------------------------
separating paper......
process carried out at separation unit ID: 74885833
{ recyclable of type P dropped into box....}
Box has ID: 82825098
--------------------------------------------------
separating paper......
process carried out at separation unit ID: 74885833
{ recyclable of type P dropped into box....}
Box has ID: 82825098
--------------------------------------------------
separating paper......
process carried out at separation unit ID: 74885833
{ recyclable of type P dropped into box....}
Box has ID: 82825098
--------------------------------------------------
separating paper......
process carried out at separation unit ID: 74885833
{ recyclable of type P dropped into box....}
Box has ID: 82825098
--------------------------------------------------
separating paper......
process carried out at separation unit ID: 74885833
{ recyclable of type P dropped into box....}
Box has ID: 82825098
--------------------------------------------------
separating paper......
process carried out at separation unit ID: 74885833
{ recyclable of type P dropped into box....}
Box has ID: 82825098
--------------------------------------------------
separating paper......
process carried out at separation unit ID: 74885833
{ recyclable of type P dropped into box....}
Box has ID: 82825098
--------------------------------------------------
separating paper......
process carried out at separation unit ID: 74885833
{ recyclable of type P dropped into box....}
Box has ID: 82825098
--------------------------------------------------
separating paper......
process carried out at separation unit ID: 74885833
{ recyclable of type P dropped into box....}
Box has ID: 82825098
--------------------------------------------------
separating paper......
process carried out at separation unit ID: 74885833
{ recyclable of type P dropped into box....}
Box has ID: 82825098
--------------------------------------------------
separating paper......
process carried out at separation unit ID: 74885833
{ recyclable of type P dropped into box....}
Box has ID: 82825098
--------------------------------------------------
separating paper......
process carried out at separation unit ID: 74885833
{ recyclable of type P dropped into box....}
Box has ID: 82825098
--------------------------------------------------
separating paper......
process carried out at separation unit ID: 74885833
{ recyclable of type P dropped into box....}
Box has ID: 82825098
--------------------------------------------------
separating paper......
process carried out at separation unit ID: 74885833
{ recyclable of type P dropped into box....}
Box has ID: 82825098
--------------------------------------------------
separating paper......
process carried out at separation unit ID: 74885833
{ recyclable of type P dropped into box....}
Box has ID: 82825098
--------------------------------------------------
separating paper......
process carried out at separation unit ID: 74885833
{ recyclable of type P dropped into box....}
Box has ID: 82825098
--------------------------------------------------
separating paper......
process carried out at separation unit ID: 74885833
{ recyclable of type P dropped into box....}
Box has ID: 82825098
--------------------------------------------------
separating paper......
process carried out at separation unit ID: 74885833
{ recyclable of type P dropped into box....}
Box has ID: 82825098
--------------------------------------------------
separating paper......
process carried out at separation unit ID: 74885833
{ recyclable of type P dropped into box....}
Box has ID: 82825098
--------------------------------------------------
separating paper......
process carried out at separation unit ID: 74885833
{ recyclable of type P dropped into box....}
Box has ID: 82825098
--------------------------------------------------
separating paper......
process carried out at separation unit ID: 74885833
{ recyclable of type P dropped into box....}
Box has ID: 82825098
--------------------------------------------------
separating paper......
process carried out at separation unit ID: 74885833
{ recyclable of type P dropped into box....}
Box has ID: 82825098
--------------------------------------------------
separating paper......
process carried out at separation unit ID: 74885833
{ recyclable of type P dropped into box....}
Box has ID: 82825098
--------------------------------------------------
separating paper......
process carried out at separation unit ID: 74885833
{ recyclable of type P dropped into box....}
Box has ID: 82825098
--------------------------------------------------
separating paper......
process carried out at separation unit ID: 74885833
{ recyclable of type P dropped into box....}
Box has ID: 82825098
--------------------------------------------------
separating paper......
process carried out at separation unit ID: 74885833
{ recyclable of type P dropped into box....}
Box has ID: 82825098
--------------------------------------------------
separating paper......
process carried out at separation unit ID: 74885833
{ recyclable of type P dropped into box....}
Box has ID: 82825098
--------------------------------------------------
separating paper......
process carried out at separation unit ID: 74885833
{ recyclable of type P dropped into box....}
Box has ID: 82825098
--------------------------------------------------
separating paper......
process carried out at separation unit ID: 74885833
{ recyclable of type P dropped into box....}
Box has ID: 82825098
--------------------------------------------------
separating paper......
process carried out at separation unit ID: 74885833
{ recyclable of type P dropped into box....}
Box has ID: 82825098
--------------------------------------------------
separating paper......
process carried out at separation unit ID: 74885833
{ recyclable of type P dropped into box....}
Box has ID: 82825098
--------------------------------------------------
separating paper......
process carried out at separation unit ID: 74885833
{ recyclable of type P dropped into box....}
Box has ID: 82825098
--------------------------------------------------
separating paper......
process carried out at separation unit ID: 74885833
{ recyclable of type P dropped into box....}
Box has ID: 82825098
--------------------------------------------------
separating paper......
process carried out at separation unit ID: 74885833
{ recyclable of type P dropped into box....}
Box has ID: 82825098
--------------------------------------------------
separating paper......
process carried out at separation unit ID: 74885833
{ recyclable of type P dropped into box....}
Box has ID: 82825098
--------------------------------------------------
separating paper......
process carried out at separation unit ID: 74885833
{ recyclable of type P dropped into box....}
Box has ID: 82825098
--------------------------------------------------
separating paper......
process carried out at separation unit ID: 74885833
{ recyclable of type P dropped into box....}
Box has ID: 82825098
--------------------------------------------------
separating paper......
process carried out at separation unit ID: 74885833
{ recyclable of type P dropped into box....}
Box has ID: 82825098
--------------------------------------------------
separating paper......
process carried out at separation unit ID: 74885833
{ recyclable of type P dropped into box....}
Box has ID: 82825098
--------------------------------------------------
separating paper......
process carried out at separation unit ID: 74885833
{ recyclable of type P dropped into box....}
Box has ID: 82825098
--------------------------------------------------
separating paper......
process carried out at separation unit ID: 74885833
{ recyclable of type P dropped into box....}
Box has ID: 82825098
--------------------------------------------------
separating paper......
process carried out at separation unit ID: 74885833
{ recyclable of type P dropped into box....}
Box has ID: 82825098
--------------------------------------------------
separating paper......
process carried out at separation unit ID: 74885833
{ recyclable of type P dropped into box....}
Box has ID: 82825098
--------------------------------------------------
separating paper......
process carried out at separation unit ID: 74885833
{ recyclable of type P dropped into box....}
Box has ID: 82825098
--------------------------------------------------
separating paper......
process carried out at separation unit ID: 74885833
{ recyclable of type P dropped into box....}
Box has ID: 82825098
--------------------------------------------------
separating paper......
process carried out at separation unit ID: 74885833
{ recyclable of type P dropped into box....}
Box has ID: 82825098
--------------------------------------------------
separating paper......
process carried out at separation unit ID: 74885833
{ recyclable of type P dropped into box....}
Box has ID: 82825098
--------------------------------------------------
separating paper......
process carried out at separation unit ID: 74885833
{ recyclable of type P dropped into box....}
Box has ID: 82825098
--------------------------------------------------
separating paper......
process carried out at separation unit ID: 74885833
{ recyclable of type P dropped into box....}
Box has ID: 82825098
--------------------------------------------------
separating paper......
process carried out at separation unit ID: 74885833
{ recyclable of type P dropped into box....}
Box has ID: 82825098
--------------------------------------------------
separating paper......
process carried out at separation unit ID: 74885833
{ recyclable of type P dropped into box....}
Box has ID: 82825098
--------------------------------------------------
separating paper......
process carried out at separation unit ID: 74885833
{ recyclable of type P dropped into box....}
Box has ID: 82825098
--------------------------------------------------
separating paper......
process carried out at separation unit ID: 74885833
{ recyclable of type P dropped into box....}
Box has ID: 82825098
--------------------------------------------------
separating paper......
process carried out at separation unit ID: 74885833
{ recyclable of type P dropped into box....}
Box has ID: 82825098
--------------------------------------------------
separating paper......
process carried out at separation unit ID: 74885833
{ recyclable of type P dropped into box....}
Box has ID: 82825098
--------------------------------------------------
separating paper......
process carried out at separation unit ID: 74885833
{ recyclable of type P dropped into box....}
Box has ID: 82825098
--------------------------------------------------
separating paper......
process carried out at separation unit ID: 74885833
{ recyclable of type P dropped into box....}
Box has ID: 82825098
--------------------------------------------------
separating paper......
process carried out at separation unit ID: 74885833
{ recyclable of type P dropped into box....}
Box has ID: 82825098
--------------------------------------------------
separating paper......
process carried out at separation unit ID: 74885833
{ recyclable of type P dropped into box....}
Box has ID: 82825098
--------------------------------------------------
separating paper......
process carried out at separation unit ID: 74885833
{ recyclable of type P dropped into box....}
Box has ID: 82825098
--------------------------------------------------
separating paper......
process carried out at separation unit ID: 74885833
{ recyclable of type P dropped into box....}
Box has ID: 82825098
--------------------------------------------------
separating paper......
process carried out at separation unit ID: 74885833
{ recyclable of type P dropped into box....}
Box has ID: 82825098
--------------------------------------------------
separating paper......
process carried out at separation unit ID: 74885833
{ recyclable of type P dropped into box....}
Box has ID: 82825098
--------------------------------------------------
separating paper......
process carried out at separation unit ID: 74885833
{ recyclable of type P dropped into box....}
Box has ID: 82825098
--------------------------------------------------
separating paper......
process carried out at separation unit ID: 74885833
{ recyclable of type P dropped into box....}
Box has ID: 82825098
--------------------------------------------------
separating paper......
process carried out at separation unit ID: 74885833
{ recyclable of type P dropped into box....}
Box has ID: 82825098
--------------------------------------------------
separating paper......
process carried out at separation unit ID: 74885833
{ recyclable of type P dropped into box....}
Box has ID: 82825098
--------------------------------------------------
separating paper......
process carried out at separation unit ID: 74885833
{ recyclable of type P dropped into box....}
Box has ID: 82825098
--------------------------------------------------
separating paper......
process carried out at separation unit ID: 74885833
{ recyclable of type P dropped into box....}
Box has ID: 82825098
--------------------------------------------------
separating paper......
process carried out at separation unit ID: 74885833
{ recyclable of type P dropped into box....}
Box has ID: 82825098
--------------------------------------------------
separating paper......
process carried out at separation unit ID: 74885833
{ recyclable of type P dropped into box....}
Box has ID: 82825098
--------------------------------------------------
separating paper......
process carried out at separation unit ID: 74885833
{ recyclable of type P dropped into box....}
Box has ID: 82825098
--------------------------------------------------
separating paper......
process carried out at separation unit ID: 74885833
{ recyclable of type P dropped into box....}
Box has ID: 82825098
--------------------------------------------------
separating paper......
process carried out at separation unit ID: 74885833
{ recyclable of type P dropped into box....}
Box has ID: 82825098
--------------------------------------------------
separating paper......
process carried out at separation unit ID: 74885833
{ recyclable of type P dropped into box....}
Box has ID: 82825098
--------------------------------------------------
separating paper......
process carried out at separation unit ID: 74885833
{ recyclable of type P dropped into box....}
Box has ID: 82825098
--------------------------------------------------
separating paper......
process carried out at separation unit ID: 74885833
{ recyclable of type P dropped into box....}
Box has ID: 82825098
--------------------------------------------------
separating paper......
process carried out at separation unit ID: 74885833
{ recyclable of type P dropped into box....}
Box has ID: 82825098
--------------------------------------------------
separating paper......
process carried out at separation unit ID: 74885833
{ recyclable of type P dropped into box....}
Box has ID: 82825098
--------------------------------------------------
separating paper......
process carried out at separation unit ID: 74885833
{ recyclable of type P dropped into box....}
Box has ID: 82825098
--------------------------------------------------
separating paper......
process carried out at separation unit ID: 74885833
{ recyclable of type P dropped into box....}
Box has ID: 82825098
--------------------------------------------------
separating paper......
process carried out at separation unit ID: 74885833
{ recyclable of type P dropped into box....}
Box has ID: 82825098
--------------------------------------------------
separating paper......
process carried out at separation unit ID: 74885833
{ recyclable of type P dropped into box....}
Box has ID: 82825098
--------------------------------------------------
separating paper......
process carried out at separation unit ID: 74885833
{ recyclable of type P dropped into box....}
Box has ID: 82825098
--------------------------------------------------
separating paper......
process carried out at separation unit ID: 74885833
{ recyclable of type P dropped into box....}
Box has ID: 82825098
--------------------------------------------------
separating paper......
process carried out at separation unit ID: 74885833
{ recyclable of type P dropped into box....}
Box has ID: 82825098
--------------------------------------------------
separating paper......
process carried out at separation unit ID: 74885833
{ recyclable of type P dropped into box....}
Box has ID: 82825098
--------------------------------------------------
separating paper......
process carried out at separation unit ID: 74885833
{ recyclable of type P dropped into box....}
Box has ID: 82825098
--------------------------------------------------
separating paper......
process carried out at separation unit ID: 74885833
{ recyclable of type P dropped into box....}
Box has ID: 82825098
--------------------------------------------------
separating paper......
process carried out at separation unit ID: 74885833
{ recyclable of type P dropped into box....}
Box has ID: 82825098
--------------------------------------------------
separating paper......
process carried out at separation unit ID: 74885833
{ recyclable of type P dropped into box....}
Box has ID: 82825098
--------------------------------------------------
separating paper......
process carried out at separation unit ID: 74885833
{ recyclable of type P dropped into box....}
Box has ID: 82825098
--------------------------------------------------
separating paper......
process carried out at separation unit ID: 74885833
{ recyclable of type P dropped into box....}
Box has ID: 82825098
--------------------------------------------------
separating paper......
process carried out at separation unit ID: 74885833
{ recyclable of type P dropped into box....}
Box has ID: 82825098
--------------------------------------------------
separating paper......
process carried out at separation unit ID: 74885833
{ recyclable of type P dropped into box....}
Box has ID: 82825098
--------------------------------------------------
separating paper......
process carried out at separation unit ID: 74885833
{ recyclable of type P dropped into box....}
Box has ID: 82825098
--------------------------------------------------
separating paper......
process carried out at separation unit ID: 74885833
{ recyclable of type P dropped into box....}
Box has ID: 82825098
--------------------------------------------------
separating paper......
process carried out at separation unit ID: 74885833
{ recyclable of type P dropped into box....}
Box has ID: 82825098
--------------------------------------------------
separating paper......
process carried out at separation unit ID: 74885833
{ recyclable of type P dropped into box....}
Box has ID: 82825098
--------------------------------------------------
separating paper......
process carried out at separation unit ID: 74885833
{ recyclable of type P dropped into box....}
Box has ID: 82825098
--------------------------------------------------
separating paper......
process carried out at separation unit ID: 74885833
{ recyclable of type P dropped into box....}
Box has ID: 82825098
--------------------------------------------------
separating paper......
process carried out at separation unit ID: 74885833
{ recyclable of type P dropped into box....}
Box has ID: 82825098
--------------------------------------------------
separating paper......
process carried out at separation unit ID: 74885833
{ recyclable of type P dropped into box....}
Box has ID: 82825098
--------------------------------------------------
separating paper......
process carried out at separation unit ID: 74885833
{ recyclable of type P dropped into box....}
Box has ID: 82825098
--------------------------------------------------
separating paper......
process carried out at separation unit ID: 74885833
{ recyclable of type P dropped into box....}
Box has ID: 82825098
--------------------------------------------------
separating paper......
process carried out at separation unit ID: 74885833
{ recyclable of type P dropped into box....}
Box has ID: 82825098
--------------------------------------------------
separating paper......
process carried out at separation unit ID: 74885833
{ recyclable of type P dropped into box....}
Box has ID: 82825098
--------------------------------------------------
separating paper......
process carried out at separation unit ID: 74885833
{ recyclable of type P dropped into box....}
Box has ID: 82825098
--------------------------------------------------
separating paper......
process carried out at separation unit ID: 74885833
{ recyclable of type P dropped into box....}
Box has ID: 82825098
--------------------------------------------------
separating paper......
process carried out at separation unit ID: 74885833
{ recyclable of type P dropped into box....}
Box has ID: 82825098
--------------------------------------------------
separating paper......
process carried out at separation unit ID: 74885833
{ recyclable of type P dropped into box....}
Box has ID: 82825098
--------------------------------------------------
separating paper......
process carried out at separation unit ID: 74885833
{ recyclable of type P dropped into box....}
Box has ID: 82825098
--------------------------------------------------
separating paper......
process carried out at separation unit ID: 74885833
{ recyclable of type P dropped into box....}
Box has ID: 82825098
--------------------------------------------------
separating paper......
process carried out at separation unit ID: 74885833
{ recyclable of type P dropped into box....}
Box has ID: 82825098
--------------------------------------------------
separating paper......
process carried out at separation unit ID: 74885833
{ recyclable of type P dropped into box....}
Box has ID: 82825098
--------------------------------------------------
separating paper......
process carried out at separation unit ID: 74885833
{ recyclable of type P dropped into box....}
Box has ID: 82825098
--------------------------------------------------
separating paper......
process carried out at separation unit ID: 74885833
{ recyclable of type P dropped into box....}
Box has ID: 82825098
--------------------------------------------------
separating paper......
process carried out at separation unit ID: 74885833
{ recyclable of type P dropped into box....}
Box has ID: 82825098
--------------------------------------------------
separating paper......
process carried out at separation unit ID: 74885833
{ recyclable of type P dropped into box....}
Box has ID: 82825098
--------------------------------------------------
separating paper......
process carried out at separation unit ID: 74885833
{ recyclable of type P dropped into box....}
Box has ID: 82825098
--------------------------------------------------
separating paper......
process carried out at separation unit ID: 74885833
{ recyclable of type P dropped into box....}
Box has ID: 82825098
--------------------------------------------------
separating paper......
process carried out at separation unit ID: 74885833
{ recyclable of type P dropped into box....}
Box has ID: 82825098
--------------------------------------------------
separating paper......
process carried out at separation unit ID: 74885833
{ recyclable of type P dropped into box....}
Box has ID: 82825098
--------------------------------------------------
separating paper......
process carried out at separation unit ID: 74885833
{ recyclable of type P dropped into box....}
Box has ID: 82825098
--------------------------------------------------
separating paper......
process carried out at separation unit ID: 74885833
{ recyclable of type P dropped into box....}
Box has ID: 82825098
--------------------------------------------------
separating paper......
process carried out at separation unit ID: 74885833
{ recyclable of type P dropped into box....}
Box has ID: 82825098
--------------------------------------------------
separating paper......
process carried out at separation unit ID: 74885833
{ recyclable of type P dropped into box....}
Box has ID: 82825098
--------------------------------------------------
separating paper......
process carried out at separation unit ID: 74885833
{ recyclable of type P dropped into box....}
Box has ID: 82825098
--------------------------------------------------
separating paper......
process carried out at separation unit ID: 74885833
{ recyclable of type P dropped into box....}
Box has ID: 82825098
--------------------------------------------------
separating paper......
process carried out at separation unit ID: 74885833
{ recyclable of type P dropped into box....}
Box has ID: 82825098
--------------------------------------------------
separating paper......
process carried out at separation unit ID: 74885833
{ recyclable of type P dropped into box....}
Box has ID: 82825098
--------------------------------------------------
separating paper......
process carried out at separation unit ID: 74885833
{ recyclable of type P dropped into box....}
Box has ID: 82825098
--------------------------------------------------
separating paper......
process carried out at separation unit ID: 74885833
{ recyclable of type P dropped into box....}
Box has ID: 82825098
--------------------------------------------------
separating paper......
process carried out at separation unit ID: 74885833
{ recyclable of type P dropped into box....}
Box has ID: 82825098
--------------------------------------------------
separating paper......
process carried out at separation unit ID: 74885833
{ recyclable of type P dropped into box....}
Box has ID: 82825098
--------------------------------------------------
separating paper......
process carried out at separation unit ID: 74885833
{ recyclable of type P dropped into box....}
Box has ID: 82825098
--------------------------------------------------
separating paper......
process carried out at separation unit ID: 74885833
{ recyclable of type P dropped into box....}
Box has ID: 82825098
--------------------------------------------------
separating paper......
process carried out at separation unit ID: 74885833
{ recyclable of type P dropped into box....}
Box has ID: 82825098
--------------------------------------------------
separating paper......
process carried out at separation unit ID: 74885833
{ recyclable of type P dropped into box....}
Box has ID: 82825098
--------------------------------------------------
separating paper......
process carried out at separation unit ID: 74885833
{ recyclable of type P dropped into box....}
Box has ID: 82825098
--------------------------------------------------
separating paper......
process carried out at separation unit ID: 74885833
{ recyclable of type P dropped into box....}
Box has ID: 82825098
--------------------------------------------------
separating paper......
process carried out at separation unit ID: 74885833
{ recyclable of type P dropped into box....}
Box has ID: 82825098
--------------------------------------------------
separating paper......
process carried out at separation unit ID: 74885833
{ recyclable of type P dropped into box....}
Box has ID: 82825098
--------------------------------------------------
separating paper......
process carried out at separation unit ID: 74885833
{ recyclable of type P dropped into box....}
Box has ID: 82825098
--------------------------------------------------
separating paper......
process carried out at separation unit ID: 74885833
{ recyclable of type P dropped into box....}
Box has ID: 82825098
--------------------------------------------------
separating paper......
process carried out at separation unit ID: 74885833
{ recyclable of type P dropped into box....}
Box has ID: 82825098
--------------------------------------------------
separating paper......
process carried out at separation unit ID: 74885833
{ recyclable of type P dropped into box....}
Box has ID: 82825098
--------------------------------------------------
separating paper......
process carried out at separation unit ID: 74885833
{ recyclable of type P dropped into box....}
Box has ID: 82825098
--------------------------------------------------
separating paper......
process carried out at separation unit ID: 74885833
{ recyclable of type P dropped into box....}
Box has ID: 82825098
--------------------------------------------------
separating paper......
process carried out at separation unit ID: 74885833
{ recyclable of type P dropped into box....}
Box has ID: 82825098
--------------------------------------------------
separating paper......
process carried out at separation unit ID: 74885833
{ recyclable of type P dropped into box....}
Box has ID: 82825098
--------------------------------------------------
separating paper......
process carried out at separation unit ID: 74885833
{ recyclable of type P dropped into box....}
Box has ID: 82825098
--------------------------------------------------
separating paper......
process carried out at separation unit ID: 74885833
{ recyclable of type P dropped into box....}
Box has ID: 82825098
--------------------------------------------------
separating paper......
process carried out at separation unit ID: 74885833
{ recyclable of type P dropped into box....}
Box has ID: 82825098
--------------------------------------------------
separating paper......
process carried out at separation unit ID: 74885833
{ recyclable of type P dropped into box....}
Box has ID: 82825098
--------------------------------------------------
separating paper......
process carried out at separation unit ID: 74885833
{ recyclable of type P dropped into box....}
Box has ID: 82825098
--------------------------------------------------
separating paper......
process carried out at separation unit ID: 74885833
{ recyclable of type P dropped into box....}
Box has ID: 82825098
--------------------------------------------------
separating paper......
process carried out at separation unit ID: 74885833
{ recyclable of type P dropped into box....}
Box has ID: 82825098
--------------------------------------------------
separating paper......
process carried out at separation unit ID: 74885833
{ recyclable of type P dropped into box....}
Box has ID: 82825098
--------------------------------------------------
separating paper......
process carried out at separation unit ID: 74885833
{ recyclable of type P dropped into box....}
Box has ID: 82825098
--------------------------------------------------
separating paper......
process carried out at separation unit ID: 74885833
{ recyclable of type P dropped into box....}
Box has ID: 82825098
--------------------------------------------------
separating paper......
process carried out at separation unit ID: 74885833
{ recyclable of type P dropped into box....}
Box has ID: 82825098
--------------------------------------------------
separating paper......
process carried out at separation unit ID: 74885833
{ recyclable of type P dropped into box....}
Box has ID: 82825098
--------------------------------------------------
separating paper......
process carried out at separation unit ID: 74885833
{ recyclable of type P dropped into box....}
Box has ID: 82825098
--------------------------------------------------
separating paper......
process carried out at separation unit ID: 74885833
{ recyclable of type P dropped into box....}
Box has ID: 82825098
--------------------------------------------------
separating paper......
process carried out at separation unit ID: 74885833
{ recyclable of type P dropped into box....}
Box has ID: 82825098
--------------------------------------------------
separating paper......
process carried out at separation unit ID: 74885833
{ recyclable of type P dropped into box....}
Box has ID: 82825098
--------------------------------------------------
separating paper......
process carried out at separation unit ID: 74885833
{ recyclable of type P dropped into box....}
Box has ID: 82825098
--------------------------------------------------
separating paper......
process carried out at separation unit ID: 74885833
{ recyclable of type P dropped into box....}
Box has ID: 82825098
--------------------------------------------------
separating paper......
process carried out at separation unit ID: 74885833
{ recyclable of type P dropped into box....}
Box has ID: 82825098
--------------------------------------------------
separating paper......
process carried out at separation unit ID: 74885833
{ recyclable of type P dropped into box....}
Box has ID: 82825098
--------------------------------------------------
separating paper......
process carried out at separation unit ID: 74885833
{ recyclable of type P dropped into box....}
Box has ID: 82825098
--------------------------------------------------
separating paper......
process carried out at separation unit ID: 74885833
{ recyclable of type P dropped into box....}
Box has ID: 82825098
--------------------------------------------------
separating paper......
process carried out at separation unit ID: 74885833
{ recyclable of type P dropped into box....}
Box has ID: 82825098
--------------------------------------------------
separating paper......
process carried out at separation unit ID: 74885833
{ recyclable of type P dropped into box....}
Box has ID: 82825098
--------------------------------------------------
separating paper......
process carried out at separation unit ID: 74885833
{ recyclable of type P dropped into box....}
Box has ID: 82825098
--------------------------------------------------
separating paper......
process carried out at separation unit ID: 74885833
{ recyclable of type P dropped into box....}
Box has ID: 82825098
--------------------------------------------------
separating paper......
process carried out at separation unit ID: 74885833
{ recyclable of type P dropped into box....}
Box has ID: 82825098
--------------------------------------------------
separating paper......
process carried out at separation unit ID: 74885833
{ recyclable of type P dropped into box....}
Box has ID: 82825098
--------------------------------------------------
separating paper......
process carried out at separation unit ID: 74885833
{ recyclable of type P dropped into box....}
Box has ID: 82825098
--------------------------------------------------
separating paper......
process carried out at separation unit ID: 74885833
{ recyclable of type P dropped into box....}
Box has ID: 82825098
--------------------------------------------------
separating paper......
process carried out at separation unit ID: 74885833
{ recyclable of type P dropped into box....}
Box has ID: 82825098
--------------------------------------------------
separating paper......
process carried out at separation unit ID: 74885833
{ recyclable of type P dropped into box....}
Box has ID: 82825098
--------------------------------------------------
separating paper......
process carried out at separation unit ID: 74885833
{ recyclable of type P dropped into box....}
Box has ID: 82825098
--------------------------------------------------
separating paper......
process carried out at separation unit ID: 74885833
{ recyclable of type P dropped into box....}
Box has ID: 82825098
--------------------------------------------------
separating paper......
process carried out at separation unit ID: 74885833
{ recyclable of type P dropped into box....}
Box has ID: 82825098
--------------------------------------------------
separating paper......
process carried out at separation unit ID: 74885833
{ recyclable of type P dropped into box....}
Box has ID: 82825098
--------------------------------------------------
separating paper......
process carried out at separation unit ID: 74885833
{ recyclable of type P dropped into box....}
Box has ID: 82825098
--------------------------------------------------
separating paper......
process carried out at separation unit ID: 74885833
{ recyclable of type P dropped into box....}
Box has ID: 82825098
--------------------------------------------------
separating paper......
process carried out at separation unit ID: 74885833
{ recyclable of type P dropped into box....}
Box has ID: 82825098
--------------------------------------------------
separating paper......
process carried out at separation unit ID: 74885833
{ recyclable of type P dropped into box....}
Box has ID: 82825098
--------------------------------------------------
separating paper......
process carried out at separation unit ID: 74885833
{ recyclable of type P dropped into box....}
Box has ID: 82825098
--------------------------------------------------
separating paper......
process carried out at separation unit ID: 74885833
{ recyclable of type P dropped into box....}
Box has ID: 82825098
--------------------------------------------------
separating paper......
process carried out at separation unit ID: 74885833
{ recyclable of type P dropped into box....}
Box has ID: 82825098
--------------------------------------------------
separating paper......
process carried out at separation unit ID: 74885833
{ recyclable of type P dropped into box....}
Box has ID: 82825098
--------------------------------------------------
separating paper......
process carried out at separation unit ID: 74885833
{ recyclable of type P dropped into box....}
Box has ID: 82825098
--------------------------------------------------
separating paper......
process carried out at separation unit ID: 74885833
{ recyclable of type P dropped into box....}
Box has ID: 82825098
--------------------------------------------------
separating paper......
process carried out at separation unit ID: 74885833
{ recyclable of type P dropped into box....}
Box has ID: 82825098
--------------------------------------------------
separating paper......
process carried out at separation unit ID: 74885833
{ recyclable of type P dropped into box....}
Box has ID: 82825098
--------------------------------------------------
separating paper......
process carried out at separation unit ID: 74885833
{ recyclable of type P dropped into box....}
Box has ID: 82825098
--------------------------------------------------
separating paper......
process carried out at separation unit ID: 74885833
{ recyclable of type P dropped into box....}
Box has ID: 82825098
--------------------------------------------------
separating paper......
process carried out at separation unit ID: 74885833
{ recyclable of type P dropped into box....}
Box has ID: 82825098
--------------------------------------------------
separating paper......
process carried out at separation unit ID: 74885833
{ recyclable of type P dropped into box....}
Box has ID: 82825098
--------------------------------------------------
separating paper......
process carried out at separation unit ID: 74885833
{ recyclable of type P dropped into box....}
Box has ID: 82825098
--------------------------------------------------
separating paper......
process carried out at separation unit ID: 74885833
{ recyclable of type P dropped into box....}
Box has ID: 82825098
--------------------------------------------------
separating paper......
process carried out at separation unit ID: 74885833
{ recyclable of type P dropped into box....}
Box has ID: 82825098
--------------------------------------------------
separating paper......
process carried out at separation unit ID: 74885833
{ recyclable of type P dropped into box....}
Box has ID: 82825098
--------------------------------------------------
separating paper......
process carried out at separation unit ID: 74885833
{ recyclable of type P dropped into box....}
Box has ID: 82825098
--------------------------------------------------
separating paper......
process carried out at separation unit ID: 74885833
{ recyclable of type P dropped into box....}
Box has ID: 82825098
--------------------------------------------------
separating paper......
process carried out at separation unit ID: 74885833
{ recyclable of type P dropped into box....}
Box has ID: 82825098
--------------------------------------------------
separating paper......
process carried out at separation unit ID: 74885833
{ recyclable of type P dropped into box....}
Box has ID: 82825098
--------------------------------------------------
separating paper......
process carried out at separation unit ID: 74885833
{ recyclable of type P dropped into box....}
Box has ID: 82825098
--------------------------------------------------
separating paper......
process carried out at separation unit ID: 74885833
{ recyclable of type P dropped into box....}
Box has ID: 82825098
--------------------------------------------------
separating paper......
process carried out at separation unit ID: 74885833
{ recyclable of type P dropped into box....}
Box has ID: 82825098
--------------------------------------------------
separating paper......
process carried out at separation unit ID: 74885833
{ recyclable of type P dropped into box....}
Box has ID: 82825098
--------------------------------------------------
separating paper......
process carried out at separation unit ID: 74885833
{ recyclable of type P dropped into box....}
Box has ID: 82825098
--------------------------------------------------
separating paper......
process carried out at separation unit ID: 74885833
{ recyclable of type P dropped into box....}
Box has ID: 82825098
--------------------------------------------------
separating paper......
process carried out at separation unit ID: 74885833
{ recyclable of type P dropped into box....}
Box has ID: 82825098
--------------------------------------------------
separating paper......
process carried out at separation unit ID: 74885833
{ recyclable of type P dropped into box....}
Box has ID: 82825098
--------------------------------------------------
separating paper......
process carried out at separation unit ID: 74885833
{ recyclable of type P dropped into box....}
Box has ID: 82825098
--------------------------------------------------
separating paper......
process carried out at separation unit ID: 74885833
{ recyclable of type P dropped into box....}
Box has ID: 82825098
--------------------------------------------------
separating paper......
process carried out at separation unit ID: 74885833
{ recyclable of type P dropped into box....}
Box has ID: 82825098
--------------------------------------------------
separating paper......
process carried out at separation unit ID: 74885833
{ recyclable of type P dropped into box....}
Box has ID: 82825098
--------------------------------------------------
separating paper......
process carried out at separation unit ID: 74885833
{ recyclable of type P dropped into box....}
Box has ID: 82825098
--------------------------------------------------
separating paper......
process carried out at separation unit ID: 74885833
{ recyclable of type P dropped into box....}
Box has ID: 82825098
--------------------------------------------------
separating paper......
process carried out at separation unit ID: 74885833
{ recyclable of type P dropped into box....}
Box has ID: 82825098
--------------------------------------------------
separating paper......
process carried out at separation unit ID: 74885833
{ recyclable of type P dropped into box....}
Box has ID: 82825098
--------------------------------------------------
separating paper......
process carried out at separation unit ID: 74885833
{ recyclable of type P dropped into box....}
Box has ID: 82825098
--------------------------------------------------
separating paper......
process carried out at separation unit ID: 74885833
{ recyclable of type P dropped into box....}
Box has ID: 82825098
--------------------------------------------------
separating paper......
process carried out at separation unit ID: 74885833
{ recyclable of type P dropped into box....}
Box has ID: 82825098
--------------------------------------------------
separating paper......
process carried out at separation unit ID: 74885833
{ recyclable of type P dropped into box....}
Box has ID: 82825098
--------------------------------------------------
separating paper......
process carried out at separation unit ID: 74885833
{ recyclable of type P dropped into box....}
Box has ID: 82825098
--------------------------------------------------
separating paper......
process carried out at separation unit ID: 74885833
{ recyclable of type P dropped into box....}
Box has ID: 82825098
--------------------------------------------------
separating paper......
process carried out at separation unit ID: 74885833
{ recyclable of type P dropped into box....}
Box has ID: 82825098
--------------------------------------------------
separating paper......
process carried out at separation unit ID: 74885833
{ recyclable of type P dropped into box....}
Box has ID: 82825098
--------------------------------------------------
separating paper......
process carried out at separation unit ID: 74885833
{ recyclable of type P dropped into box....}
Box has ID: 82825098
--------------------------------------------------
separating paper......
process carried out at separation unit ID: 74885833
{ recyclable of type P dropped into box....}
Box has ID: 82825098
--------------------------------------------------
separating paper......
process carried out at separation unit ID: 74885833
{ recyclable of type P dropped into box....}
Box has ID: 82825098
--------------------------------------------------
separating paper......
process carried out at separation unit ID: 74885833
{ recyclable of type P dropped into box....}
Box has ID: 82825098
--------------------------------------------------
separating paper......
process carried out at separation unit ID: 74885833
{ recyclable of type P dropped into box....}
Box has ID: 82825098
--------------------------------------------------
separating paper......
process carried out at separation unit ID: 74885833
{ recyclable of type P dropped into box....}
Box has ID: 82825098
--------------------------------------------------
separating paper......
process carried out at separation unit ID: 74885833
{ recyclable of type P dropped into box....}
Box has ID: 82825098
--------------------------------------------------
separating paper......
process carried out at separation unit ID: 74885833
{ recyclable of type P dropped into box....}
Box has ID: 82825098
--------------------------------------------------
separating paper......
process carried out at separation unit ID: 74885833
{ recyclable of type P dropped into box....}
Box has ID: 82825098
--------------------------------------------------
separating paper......
process carried out at separation unit ID: 74885833
{ recyclable of type P dropped into box....}
Box has ID: 82825098
--------------------------------------------------
separating paper......
process carried out at separation unit ID: 74885833
{ recyclable of type P dropped into box....}
Box has ID: 82825098
--------------------------------------------------
separating paper......
process carried out at separation unit ID: 74885833
{ recyclable of type P dropped into box....}
Box has ID: 82825098
--------------------------------------------------
separating paper......
process carried out at separation unit ID: 74885833
{ recyclable of type P dropped into box....}
Box has ID: 82825098
--------------------------------------------------
separating paper......
process carried out at separation unit ID: 74885833
{ recyclable of type P dropped into box....}
Box has ID: 82825098
--------------------------------------------------
separating paper......
process carried out at separation unit ID: 74885833
{ recyclable of type P dropped into box....}
Box has ID: 82825098
--------------------------------------------------
separating paper......
process carried out at separation unit ID: 74885833
{ recyclable of type P dropped into box....}
Box has ID: 82825098
--------------------------------------------------
separating paper......
process carried out at separation unit ID: 74885833
{ recyclable of type P dropped into box....}
Box has ID: 82825098
--------------------------------------------------
separating paper......
process carried out at separation unit ID: 74885833
{ recyclable of type P dropped into box....}
Box has ID: 82825098
--------------------------------------------------
separating paper......
process carried out at separation unit ID: 74885833
{ recyclable of type P dropped into box....}
Box has ID: 82825098
--------------------------------------------------
separating paper......
process carried out at separation unit ID: 74885833
{ recyclable of type P dropped into box....}
Box has ID: 82825098
--------------------------------------------------
separating paper......
process carried out at separation unit ID: 74885833
{ recyclable of type P dropped into box....}
Box has ID: 82825098
--------------------------------------------------
separating paper......
process carried out at separation unit ID: 74885833
{ recyclable of type P dropped into box....}
Box has ID: 82825098
--------------------------------------------------
separating paper......
process carried out at separation unit ID: 74885833
{ recyclable of type P dropped into box....}
Box has ID: 82825098
--------------------------------------------------
separating paper......
process carried out at separation unit ID: 74885833
{ recyclable of type P dropped into box....}
Box has ID: 82825098
--------------------------------------------------
separating paper......
process carried out at separation unit ID: 74885833
{ recyclable of type P dropped into box....}
Box has ID: 82825098
--------------------------------------------------
separating paper......
process carried out at separation unit ID: 74885833
{ recyclable of type P dropped into box....}
Box has ID: 82825098
--------------------------------------------------
separating paper......
process carried out at separation unit ID: 74885833
{ recyclable of type P dropped into box....}
Box has ID: 82825098
--------------------------------------------------
separating paper......
process carried out at separation unit ID: 74885833
{ recyclable of type P dropped into box....}
Box has ID: 82825098
--------------------------------------------------
separating paper......
process carried out at separation unit ID: 74885833
{ recyclable of type P dropped into box....}
Box has ID: 82825098
--------------------------------------------------
separating paper......
process carried out at separation unit ID: 74885833
{ recyclable of type P dropped into box....}
Box has ID: 82825098
--------------------------------------------------
separating paper......
process carried out at separation unit ID: 74885833
{ recyclable of type P dropped into box....}
Box has ID: 82825098
--------------------------------------------------
separating paper......
process carried out at separation unit ID: 74885833
{ recyclable of type P dropped into box....}
Box has ID: 82825098
--------------------------------------------------
separating paper......
process carried out at separation unit ID: 74885833
{ recyclable of type P dropped into box....}
Box has ID: 82825098
--------------------------------------------------
separating paper......
process carried out at separation unit ID: 74885833
{ recyclable of type P dropped into box....}
Box has ID: 82825098
--------------------------------------------------
separating paper......
process carried out at separation unit ID: 74885833
{ recyclable of type P dropped into box....}
Box has ID: 82825098
--------------------------------------------------
separating paper......
process carried out at separation unit ID: 74885833
{ recyclable of type P dropped into box....}
Box has ID: 82825098
--------------------------------------------------
separating paper......
process carried out at separation unit ID: 74885833
{ recyclable of type P dropped into box....}
Box has ID: 82825098
--------------------------------------------------
separating paper......
process carried out at separation unit ID: 74885833
{ recyclable of type P dropped into box....}
Box has ID: 82825098
--------------------------------------------------
separating paper......
process carried out at separation unit ID: 74885833
{ recyclable of type P dropped into box....}
Box has ID: 82825098
--------------------------------------------------
separating paper......
process carried out at separation unit ID: 74885833
{ recyclable of type P dropped into box....}
Box has ID: 82825098
--------------------------------------------------
separating paper......
process carried out at separation unit ID: 74885833
{ recyclable of type P dropped into box....}
Box has ID: 82825098
--------------------------------------------------
separating paper......
process carried out at separation unit ID: 74885833
{ recyclable of type P dropped into box....}
Box has ID: 82825098
--------------------------------------------------
separating paper......
process carried out at separation unit ID: 74885833
{ recyclable of type P dropped into box....}
Box has ID: 82825098
--------------------------------------------------
separating paper......
process carried out at separation unit ID: 74885833
{ recyclable of type P dropped into box....}
Box has ID: 82825098
--------------------------------------------------
separating paper......
process carried out at separation unit ID: 74885833
{ recyclable of type P dropped into box....}
Box has ID: 82825098
--------------------------------------------------
separating paper......
process carried out at separation unit ID: 74885833
{ recyclable of type P dropped into box....}
Box has ID: 82825098
--------------------------------------------------
separating paper......
process carried out at separation unit ID: 74885833
{ recyclable of type P dropped into box....}
Box has ID: 82825098
--------------------------------------------------
separating paper......
process carried out at separation unit ID: 74885833
{ recyclable of type P dropped into box....}
Box has ID: 82825098
--------------------------------------------------
separating paper......
process carried out at separation unit ID: 74885833
{ recyclable of type P dropped into box....}
Box has ID: 82825098
--------------------------------------------------
separating paper......
process carried out at separation unit ID: 74885833
{ recyclable of type P dropped into box....}
Box has ID: 82825098
--------------------------------------------------
separating paper......
process carried out at separation unit ID: 74885833
{ recyclable of type P dropped into box....}
Box has ID: 82825098
--------------------------------------------------
separating paper......
process carried out at separation unit ID: 74885833
{ recyclable of type P dropped into box....}
Box has ID: 82825098
--------------------------------------------------
separating paper......
process carried out at separation unit ID: 74885833
{ recyclable of type P dropped into box....}
Box has ID: 82825098
--------------------------------------------------
separating paper......
process carried out at separation unit ID: 74885833
{ recyclable of type P dropped into box....}
Box has ID: 82825098
--------------------------------------------------
separating paper......
process carried out at separation unit ID: 74885833
{ recyclable of type P dropped into box....}
Box has ID: 82825098
--------------------------------------------------
separating paper......
process carried out at separation unit ID: 74885833
{ recyclable of type P dropped into box....}
Box has ID: 82825098
--------------------------------------------------
separating paper......
process carried out at separation unit ID: 74885833
{ recyclable of type P dropped into box....}
Box has ID: 82825098
--------------------------------------------------
separating paper......
process carried out at separation unit ID: 74885833
{ recyclable of type P dropped into box....}
Box has ID: 82825098
--------------------------------------------------
separating paper......
process carried out at separation unit ID: 74885833
{ recyclable of type P dropped into box....}
Box has ID: 82825098
--------------------------------------------------
separating paper......
process carried out at separation unit ID: 74885833
{ recyclable of type P dropped into box....}
Box has ID: 82825098
--------------------------------------------------
separating paper......
process carried out at separation unit ID: 74885833
{ recyclable of type P dropped into box....}
Box has ID: 82825098
--------------------------------------------------
separating paper......
process carried out at separation unit ID: 74885833
{ recyclable of type P dropped into box....}
Box has ID: 82825098
--------------------------------------------------
separating paper......
process carried out at separation unit ID: 74885833
{ recyclable of type P dropped into box....}
Box has ID: 82825098
--------------------------------------------------
separating paper......
process carried out at separation unit ID: 74885833
{ recyclable of type P dropped into box....}
Box has ID: 82825098
--------------------------------------------------
separating paper......
process carried out at separation unit ID: 74885833
{ recyclable of type P dropped into box....}
Box has ID: 82825098
--------------------------------------------------
separating paper......
process carried out at separation unit ID: 74885833
{ recyclable of type P dropped into box....}
Box has ID: 82825098
--------------------------------------------------
separating paper......
process carried out at separation unit ID: 74885833
{ recyclable of type P dropped into box....}
Box has ID: 82825098
--------------------------------------------------
separating paper......
process carried out at separation unit ID: 74885833
{ recyclable of type P dropped into box....}
Box has ID: 82825098
--------------------------------------------------
separating paper......
process carried out at separation unit ID: 74885833
{ recyclable of type P dropped into box....}
Box has ID: 82825098
--------------------------------------------------
separating paper......
process carried out at separation unit ID: 74885833
{ recyclable of type P dropped into box....}
Box has ID: 82825098
--------------------------------------------------
separating paper......
process carried out at separation unit ID: 74885833
{ recyclable of type P dropped into box....}
Box has ID: 82825098
--------------------------------------------------
separating paper......
process carried out at separation unit ID: 74885833
{ recyclable of type P dropped into box....}
Box has ID: 82825098
--------------------------------------------------
separating paper......
process carried out at separation unit ID: 74885833
{ recyclable of type P dropped into box....}
Box has ID: 82825098
--------------------------------------------------
separating paper......
process carried out at separation unit ID: 74885833
{ recyclable of type P dropped into box....}
Box has ID: 82825098
--------------------------------------------------
separating paper......
process carried out at separation unit ID: 74885833
{ recyclable of type P dropped into box....}
Box has ID: 82825098
--------------------------------------------------
separating paper......
process carried out at separation unit ID: 74885833
{ recyclable of type P dropped into box....}
Box has ID: 82825098
--------------------------------------------------
separating paper......
process carried out at separation unit ID: 74885833
{ recyclable of type P dropped into box....}
Box has ID: 82825098
--------------------------------------------------
separating paper......
process carried out at separation unit ID: 74885833
{ recyclable of type P dropped into box....}
Box has ID: 82825098
--------------------------------------------------
separating paper......
process carried out at separation unit ID: 74885833
{ recyclable of type P dropped into box....}
Box has ID: 82825098
--------------------------------------------------
separating paper......
process carried out at separation unit ID: 74885833
{ recyclable of type P dropped into box....}
Box has ID: 82825098
--------------------------------------------------
separating paper......
process carried out at separation unit ID: 74885833
{ recyclable of type P dropped into box....}
Box has ID: 82825098
--------------------------------------------------
separating paper......
process carried out at separation unit ID: 74885833
{ recyclable of type P dropped into box....}
Box has ID: 82825098
--------------------------------------------------
separating paper......
process carried out at separation unit ID: 74885833
{ recyclable of type P dropped into box....}
Box has ID: 82825098
--------------------------------------------------
separating paper......
process carried out at separation unit ID: 74885833
{ recyclable of type P dropped into box....}
Box has ID: 82825098
--------------------------------------------------
separating paper......
process carried out at separation unit ID: 74885833
{ recyclable of type P dropped into box....}
Box has ID: 82825098
--------------------------------------------------
separating paper......
process carried out at separation unit ID: 74885833
{ recyclable of type P dropped into box....}
Box has ID: 82825098
--------------------------------------------------
separating paper......
process carried out at separation unit ID: 74885833
{ recyclable of type P dropped into box....}
Box has ID: 82825098
--------------------------------------------------
separating paper......
process carried out at separation unit ID: 74885833
{ recyclable of type P dropped into box....}
Box has ID: 82825098
--------------------------------------------------
separating paper......
process carried out at separation unit ID: 74885833
{ recyclable of type P dropped into box....}
Box has ID: 82825098
--------------------------------------------------
separating paper......
process carried out at separation unit ID: 74885833
{ recyclable of type P dropped into box....}
Box has ID: 82825098
--------------------------------------------------
separating paper......
process carried out at separation unit ID: 74885833
{ recyclable of type P dropped into box....}
Box has ID: 82825098
--------------------------------------------------
separating paper......
process carried out at separation unit ID: 74885833
{ recyclable of type P dropped into box....}
Box has ID: 82825098
--------------------------------------------------
separating paper......
process carried out at separation unit ID: 74885833
{ recyclable of type P dropped into box....}
Box has ID: 82825098
--------------------------------------------------
separating paper......
process carried out at separation unit ID: 74885833
{ recyclable of type P dropped into box....}
Box has ID: 82825098
--------------------------------------------------
separating paper......
process carried out at separation unit ID: 74885833
{ recyclable of type P dropped into box....}
Box has ID: 82825098
--------------------------------------------------
separating paper......
process carried out at separation unit ID: 74885833
{ recyclable of type P dropped into box....}
Box has ID: 82825098
--------------------------------------------------
separating paper......
process carried out at separation unit ID: 74885833
{ recyclable of type P dropped into box....}
Box has ID: 82825098
--------------------------------------------------
separating paper......
process carried out at separation unit ID: 74885833
{ recyclable of type P dropped into box....}
Box has ID: 82825098
--------------------------------------------------
separating paper......
process carried out at separation unit ID: 74885833
{ recyclable of type P dropped into box....}
Box has ID: 82825098
--------------------------------------------------
separating paper......
process carried out at separation unit ID: 74885833
{ recyclable of type P dropped into box....}
Box has ID: 82825098
--------------------------------------------------
separating paper......
process carried out at separation unit ID: 74885833
{ recyclable of type P dropped into box....}
Box has ID: 82825098
--------------------------------------------------
separating paper......
process carried out at separation unit ID: 74885833
{ recyclable of type P dropped into box....}
Box has ID: 82825098
--------------------------------------------------
separating paper......
process carried out at separation unit ID: 74885833
{ recyclable of type P dropped into box....}
Box has ID: 82825098
--------------------------------------------------
separating paper......
process carried out at separation unit ID: 74885833
{ recyclable of type P dropped into box....}
Box has ID: 82825098
--------------------------------------------------
separating paper......
process carried out at separation unit ID: 74885833
{ recyclable of type P dropped into box....}
Box has ID: 82825098
--------------------------------------------------
separating paper......
process carried out at separation unit ID: 74885833
{ recyclable of type P dropped into box....}
Box has ID: 82825098
--------------------------------------------------
separating paper......
process carried out at separation unit ID: 74885833
{ recyclable of type P dropped into box....}
Box has ID: 82825098
--------------------------------------------------
separating paper......
process carried out at separation unit ID: 74885833
{ recyclable of type P dropped into box....}
Box has ID: 82825098
--------------------------------------------------
separating paper......
process carried out at separation unit ID: 74885833
{ recyclable of type P dropped into box....}
Box has ID: 82825098
--------------------------------------------------
separating paper......
process carried out at separation unit ID: 74885833
{ recyclable of type P dropped into box....}
Box has ID: 82825098
--------------------------------------------------
separating paper......
process carried out at separation unit ID: 74885833
{ recyclable of type P dropped into box....}
Box has ID: 82825098
--------------------------------------------------
separating paper......
process carried out at separation unit ID: 74885833
{ recyclable of type P dropped into box....}
Box has ID: 82825098
--------------------------------------------------
separating paper......
process carried out at separation unit ID: 74885833
{ recyclable of type P dropped into box....}
Box has ID: 82825098
--------------------------------------------------
separating paper......
process carried out at separation unit ID: 74885833
{ recyclable of type P dropped into box....}
Box has ID: 82825098
--------------------------------------------------
separating paper......
process carried out at separation unit ID: 74885833
{ recyclable of type P dropped into box....}
Box has ID: 82825098
--------------------------------------------------
separating paper......
process carried out at separation unit ID: 74885833
{ recyclable of type P dropped into box....}
Box has ID: 82825098
--------------------------------------------------
separating paper......
process carried out at separation unit ID: 74885833
{ recyclable of type P dropped into box....}
Box has ID: 82825098
--------------------------------------------------
separating paper......
process carried out at separation unit ID: 74885833
{ recyclable of type P dropped into box....}
Box has ID: 82825098
--------------------------------------------------
separating paper......
process carried out at separation unit ID: 74885833
{ recyclable of type P dropped into box....}
Box has ID: 82825098
--------------------------------------------------
separating paper......
process carried out at separation unit ID: 74885833
{ recyclable of type P dropped into box....}
Box has ID: 82825098
--------------------------------------------------
separating paper......
process carried out at separation unit ID: 74885833
{ recyclable of type P dropped into box....}
Box has ID: 82825098
--------------------------------------------------
separating paper......
process carried out at separation unit ID: 74885833
{ recyclable of type P dropped into box....}
Box has ID: 82825098
--------------------------------------------------
separating paper......
process carried out at separation unit ID: 74885833
{ recyclable of type P dropped into box....}
Box has ID: 82825098
--------------------------------------------------
separating paper......
process carried out at separation unit ID: 74885833
{ recyclable of type P dropped into box....}
Box has ID: 82825098
--------------------------------------------------
separating paper......
process carried out at separation unit ID: 74885833
{ recyclable of type P dropped into box....}
Box has ID: 82825098
--------------------------------------------------
separating paper......
process carried out at separation unit ID: 74885833
{ recyclable of type P dropped into box....}
Box has ID: 82825098
--------------------------------------------------
separating paper......
process carried out at separation unit ID: 74885833
{ recyclable of type P dropped into box....}
Box has ID: 82825098
--------------------------------------------------
separating paper......
process carried out at separation unit ID: 74885833
{ recyclable of type P dropped into box....}
Box has ID: 82825098
--------------------------------------------------
separating paper......
process carried out at separation unit ID: 74885833
{ recyclable of type P dropped into box....}
Box has ID: 82825098
--------------------------------------------------
separating paper......
process carried out at separation unit ID: 74885833
{ recyclable of type P dropped into box....}
Box has ID: 82825098
--------------------------------------------------
separating paper......
process carried out at separation unit ID: 74885833
{ recyclable of type P dropped into box....}
Box has ID: 82825098
--------------------------------------------------
separating paper......
process carried out at separation unit ID: 74885833
{ recyclable of type P dropped into box....}
Box has ID: 82825098
--------------------------------------------------
separating paper......
process carried out at separation unit ID: 74885833
{ recyclable of type P dropped into box....}
Box has ID: 82825098
--------------------------------------------------
separating paper......
process carried out at separation unit ID: 74885833
{ recyclable of type P dropped into box....}
Box has ID: 82825098
--------------------------------------------------
separating paper......
process carried out at separation unit ID: 74885833
{ recyclable of type P dropped into box....}
Box has ID: 82825098
--------------------------------------------------
separating paper......
process carried out at separation unit ID: 74885833
{ recyclable of type P dropped into box....}
Box has ID: 82825098
--------------------------------------------------
separating paper......
process carried out at separation unit ID: 74885833
{ recyclable of type P dropped into box....}
Box has ID: 82825098
--------------------------------------------------
separating paper......
process carried out at separation unit ID: 74885833
{ recyclable of type P dropped into box....}
Box has ID: 82825098
--------------------------------------------------
separating paper......
process carried out at separation unit ID: 74885833
{ recyclable of type P dropped into box....}
Box has ID: 82825098
--------------------------------------------------
separating paper......
process carried out at separation unit ID: 74885833
{ recyclable of type P dropped into box....}
Box has ID: 82825098
--------------------------------------------------
separating paper......
process carried out at separation unit ID: 74885833
{ recyclable of type P dropped into box....}
Box has ID: 82825098
--------------------------------------------------
separating paper......
process carried out at separation unit ID: 74885833
{ recyclable of type P dropped into box....}
Box has ID: 82825098
--------------------------------------------------
separating paper......
process carried out at separation unit ID: 74885833
{ recyclable of type P dropped into box....}
Box has ID: 82825098
--------------------------------------------------
separating paper......
process carried out at separation unit ID: 74885833
{ recyclable of type P dropped into box....}
Box has ID: 82825098
--------------------------------------------------
separating paper......
process carried out at separation unit ID: 74885833
{ recyclable of type P dropped into box....}
Box has ID: 82825098
--------------------------------------------------
separating paper......
process carried out at separation unit ID: 74885833
{ recyclable of type P dropped into box....}
Box has ID: 82825098
--------------------------------------------------
separating paper......
process carried out at separation unit ID: 74885833
{ recyclable of type P dropped into box....}
Box has ID: 82825098
--------------------------------------------------
separating paper......
process carried out at separation unit ID: 74885833
{ recyclable of type P dropped into box....}
Box has ID: 82825098
--------------------------------------------------
separating paper......
process carried out at separation unit ID: 74885833
{ recyclable of type P dropped into box....}
Box has ID: 82825098
--------------------------------------------------
separating paper......
process carried out at separation unit ID: 74885833
{ recyclable of type P dropped into box....}
Box has ID: 82825098
--------------------------------------------------
separating paper......
process carried out at separation unit ID: 74885833
{ recyclable of type P dropped into box....}
Box has ID: 82825098
--------------------------------------------------
separating paper......
process carried out at separation unit ID: 74885833
{ recyclable of type P dropped into box....}
Box has ID: 82825098
--------------------------------------------------
separating paper......
process carried out at separation unit ID: 74885833
{ recyclable of type P dropped into box....}
Box has ID: 82825098
--------------------------------------------------
separating paper......
process carried out at separation unit ID: 74885833
{ recyclable of type P dropped into box....}
Box has ID: 82825098
--------------------------------------------------
separating paper......
process carried out at separation unit ID: 74885833
{ recyclable of type P dropped into box....}
Box has ID: 82825098
--------------------------------------------------
separating paper......
process carried out at separation unit ID: 74885833
{ recyclable of type P dropped into box....}
Box has ID: 82825098
--------------------------------------------------
separating paper......
process carried out at separation unit ID: 74885833
{ recyclable of type P dropped into box....}
Box has ID: 82825098
--------------------------------------------------
separating paper......
process carried out at separation unit ID: 74885833
{ recyclable of type P dropped into box....}
Box has ID: 82825098
--------------------------------------------------
separating paper......
process carried out at separation unit ID: 74885833
{ recyclable of type P dropped into box....}
Box has ID: 82825098
--------------------------------------------------
separating paper......
process carried out at separation unit ID: 74885833
{ recyclable of type P dropped into box....}
Box has ID: 82825098
--------------------------------------------------
separating paper......
process carried out at separation unit ID: 74885833
{ recyclable of type P dropped into box....}
Box has ID: 82825098
--------------------------------------------------
separating paper......
process carried out at separation unit ID: 74885833
{ recyclable of type P dropped into box....}
Box has ID: 82825098
--------------------------------------------------
separating paper......
process carried out at separation unit ID: 74885833
{ recyclable of type P dropped into box....}
Box has ID: 82825098
--------------------------------------------------
separating paper......
process carried out at separation unit ID: 74885833
{ recyclable of type P dropped into box....}
Box has ID: 82825098
--------------------------------------------------
separating paper......
process carried out at separation unit ID: 74885833
{ recyclable of type P dropped into box....}
Box has ID: 82825098
--------------------------------------------------
separating paper......
process carried out at separation unit ID: 74885833
{ recyclable of type P dropped into box....}
Box has ID: 82825098
--------------------------------------------------
separating paper......
process carried out at separation unit ID: 74885833
{ recyclable of type P dropped into box....}
Box has ID: 82825098
--------------------------------------------------
separating paper......
process carried out at separation unit ID: 74885833
{ recyclable of type P dropped into box....}
Box has ID: 82825098
--------------------------------------------------
separating paper......
process carried out at separation unit ID: 74885833
{ recyclable of type P dropped into box....}
Box has ID: 82825098
--------------------------------------------------
separating paper......
process carried out at separation unit ID: 74885833
{ recyclable of type P dropped into box....}
Box has ID: 82825098
--------------------------------------------------
separating paper......
process carried out at separation unit ID: 74885833
{ recyclable of type P dropped into box....}
Box has ID: 82825098
--------------------------------------------------
separating paper......
process carried out at separation unit ID: 74885833
{ recyclable of type P dropped into box....}
Box has ID: 82825098
--------------------------------------------------
separating paper......
process carried out at separation unit ID: 74885833
{ recyclable of type P dropped into box....}
Box has ID: 82825098
--------------------------------------------------
separating paper......
process carried out at separation unit ID: 74885833
{ recyclable of type P dropped into box....}
Box has ID: 82825098
--------------------------------------------------
separating paper......
process carried out at separation unit ID: 74885833
{ recyclable of type P dropped into box....}
Box has ID: 82825098
--------------------------------------------------
separating paper......
process carried out at separation unit ID: 74885833
{ recyclable of type P dropped into box....}
Box has ID: 82825098
--------------------------------------------------
separating paper......
process carried out at separation unit ID: 74885833
{ recyclable of type P dropped into box....}
Box has ID: 82825098
--------------------------------------------------
separating paper......
process carried out at separation unit ID: 74885833
{ recyclable of type P dropped into box....}
Box has ID: 82825098
--------------------------------------------------
separating paper......
process carried out at separation unit ID: 74885833
{ recyclable of type P dropped into box....}
Box has ID: 82825098
--------------------------------------------------
separating paper......
process carried out at separation unit ID: 74885833
{ recyclable of type P dropped into box....}
Box has ID: 82825098
--------------------------------------------------
separating paper......
process carried out at separation unit ID: 74885833
{ recyclable of type P dropped into box....}
Box has ID: 82825098
--------------------------------------------------
separating paper......
process carried out at separation unit ID: 74885833
{ recyclable of type P dropped into box....}
Box has ID: 82825098
--------------------------------------------------
separating paper......
process carried out at separation unit ID: 74885833
{ recyclable of type P dropped into box....}
Box has ID: 82825098
--------------------------------------------------
separating paper......
process carried out at separation unit ID: 74885833
{ recyclable of type P dropped into box....}
Box has ID: 82825098
--------------------------------------------------
separating paper......
process carried out at separation unit ID: 74885833
{ recyclable of type P dropped into box....}
Box has ID: 82825098
--------------------------------------------------
separating paper......
process carried out at separation unit ID: 74885833
{ recyclable of type P dropped into box....}
Box has ID: 82825098
--------------------------------------------------
separating paper......
process carried out at separation unit ID: 74885833
{ recyclable of type P dropped into box....}
Box has ID: 82825098
--------------------------------------------------
separating paper......
process carried out at separation unit ID: 74885833
{ recyclable of type P dropped into box....}
Box has ID: 82825098
--------------------------------------------------
separating paper......
process carried out at separation unit ID: 74885833
{ recyclable of type P dropped into box....}
Box has ID: 82825098
--------------------------------------------------
separating paper......
process carried out at separation unit ID: 74885833
{ recyclable of type P dropped into box....}
Box has ID: 82825098
--------------------------------------------------
separating paper......
process carried out at separation unit ID: 74885833
{ recyclable of type P dropped into box....}
Box has ID: 82825098
--------------------------------------------------
separating paper......
process carried out at separation unit ID: 74885833
{ recyclable of type P dropped into box....}
Box has ID: 82825098
--------------------------------------------------
separating paper......
process carried out at separation unit ID: 74885833
{ recyclable of type P dropped into box....}
Box has ID: 82825098
--------------------------------------------------
separating paper......
process carried out at separation unit ID: 74885833
{ recyclable of type P dropped into box....}
Box has ID: 82825098
--------------------------------------------------
separating paper......
process carried out at separation unit ID: 74885833
{ recyclable of type P dropped into box....}
Box has ID: 82825098
--------------------------------------------------
separating paper......
process carried out at separation unit ID: 74885833
{ recyclable of type P dropped into box....}
Box has ID: 82825098
--------------------------------------------------
separating paper......
process carried out at separation unit ID: 74885833
{ recyclable of type P dropped into box....}
Box has ID: 82825098
--------------------------------------------------
separating paper......
process carried out at separation unit ID: 74885833
{ recyclable of type P dropped into box....}
Box has ID: 82825098
--------------------------------------------------
separating paper......
process carried out at separation unit ID: 74885833
{ recyclable of type P dropped into box....}
Box has ID: 82825098
--------------------------------------------------
separating paper......
process carried out at separation unit ID: 74885833
{ recyclable of type P dropped into box....}
Box has ID: 82825098
--------------------------------------------------
separating paper......
process carried out at separation unit ID: 74885833
{ recyclable of type P dropped into box....}
Box has ID: 82825098
--------------------------------------------------
separating paper......
process carried out at separation unit ID: 74885833
{ recyclable of type P dropped into box....}
Box has ID: 82825098
--------------------------------------------------
separating paper......
process carried out at separation unit ID: 74885833
{ recyclable of type P dropped into box....}
Box has ID: 82825098
--------------------------------------------------
separating paper......
process carried out at separation unit ID: 74885833
{ recyclable of type P dropped into box....}
Box has ID: 82825098
--------------------------------------------------
separating paper......
process carried out at separation unit ID: 74885833
{ recyclable of type P dropped into box....}
Box has ID: 82825098
--------------------------------------------------
separating paper......
process carried out at separation unit ID: 74885833
{ recyclable of type P dropped into box....}
Box has ID: 82825098
--------------------------------------------------
separating paper......
process carried out at separation unit ID: 74885833
{ recyclable of type P dropped into box....}
Box has ID: 82825098
--------------------------------------------------
separating paper......
process carried out at separation unit ID: 74885833
{ recyclable of type P dropped into box....}
Box has ID: 82825098
--------------------------------------------------
separating paper......
process carried out at separation unit ID: 74885833
{ recyclable of type P dropped into box....}
Box has ID: 82825098
--------------------------------------------------
separating paper......
process carried out at separation unit ID: 74885833
{ recyclable of type P dropped into box....}
Box has ID: 82825098
--------------------------------------------------
separating paper......
process carried out at separation unit ID: 74885833
{ recyclable of type P dropped into box....}
Box has ID: 82825098
--------------------------------------------------
separating paper......
process carried out at separation unit ID: 74885833
{ recyclable of type P dropped into box....}
Box has ID: 82825098
--------------------------------------------------
separating paper......
process carried out at separation unit ID: 74885833
{ recyclable of type P dropped into box....}
Box has ID: 82825098
--------------------------------------------------
separating paper......
process carried out at separation unit ID: 74885833
{ recyclable of type P dropped into box....}
Box has ID: 82825098
--------------------------------------------------
separating paper......
process carried out at separation unit ID: 74885833
{ recyclable of type P dropped into box....}
Box has ID: 82825098
--------------------------------------------------
separating paper......
process carried out at separation unit ID: 74885833
{ recyclable of type P dropped into box....}
Box has ID: 82825098
--------------------------------------------------
separating paper......
process carried out at separation unit ID: 74885833
{ recyclable of type P dropped into box....}
Box has ID: 82825098
--------------------------------------------------
separating paper......
process carried out at separation unit ID: 74885833
{ recyclable of type P dropped into box....}
Box has ID: 82825098
--------------------------------------------------
separating paper......
process carried out at separation unit ID: 74885833
{ recyclable of type P dropped into box....}
Box has ID: 82825098
--------------------------------------------------
separating paper......
process carried out at separation unit ID: 74885833
{ recyclable of type P dropped into box....}
Box has ID: 82825098
--------------------------------------------------
separating paper......
process carried out at separation unit ID: 74885833
{ recyclable of type P dropped into box....}
Box has ID: 82825098
--------------------------------------------------
separating paper......
process carried out at separation unit ID: 74885833
{ recyclable of type P dropped into box....}
Box has ID: 82825098
--------------------------------------------------
separating paper......
process carried out at separation unit ID: 74885833
{ recyclable of type P dropped into box....}
Box has ID: 82825098
--------------------------------------------------
separating paper......
process carried out at separation unit ID: 74885833
{ recyclable of type P dropped into box....}
Box has ID: 82825098
--------------------------------------------------
separating paper......
process carried out at separation unit ID: 74885833
{ recyclable of type P dropped into box....}
Box has ID: 82825098
--------------------------------------------------
separating paper......
process carried out at separation unit ID: 74885833
{ recyclable of type P dropped into box....}
Box has ID: 82825098
--------------------------------------------------
separating paper......
process carried out at separation unit ID: 74885833
{ recyclable of type P dropped into box....}
Box has ID: 82825098
--------------------------------------------------
separating paper......
process carried out at separation unit ID: 74885833
{ recyclable of type P dropped into box....}
Box has ID: 82825098
--------------------------------------------------
separating paper......
process carried out at separation unit ID: 74885833
{ recyclable of type P dropped into box....}
Box has ID: 82825098
--------------------------------------------------
separating paper......
process carried out at separation unit ID: 74885833
{ recyclable of type P dropped into box....}
Box has ID: 82825098
--------------------------------------------------
separating paper......
process carried out at separation unit ID: 74885833
{ recyclable of type P dropped into box....}
Box has ID: 82825098
--------------------------------------------------
separating paper......
process carried out at separation unit ID: 74885833
{ recyclable of type P dropped into box....}
Box has ID: 82825098
--------------------------------------------------
separating paper......
process carried out at separation unit ID: 74885833
{ recyclable of type P dropped into box....}
Box has ID: 82825098
--------------------------------------------------
separating paper......
process carried out at separation unit ID: 74885833
{ recyclable of type P dropped into box....}
Box has ID: 82825098
--------------------------------------------------
separating paper......
process carried out at separation unit ID: 74885833
{ recyclable of type P dropped into box....}
Box has ID: 82825098
--------------------------------------------------
separating paper......
process carried out at separation unit ID: 74885833
{ recyclable of type P dropped into box....}
Box has ID: 82825098
--------------------------------------------------
-----------------------------------------------------------------------------------
-----------------------------------------------------------------------------------
ALARM !!!!!!! BOX with ID 82825098 is full.....
-----------------------------------------------------------------------------------
-----------------------------------------------------------------------------------
box capacity: 1000
worker replaced filled box with ID: 82825098 , with a new box with ID: 2048102341 at process unit: 74885833

separating paper......
process carried out at separation unit ID: 74885833
{ recyclable of type P dropped into box....}
Box has ID: 2048102341
--------------------------------------------------
separating paper......
process carried out at separation unit ID: 74885833
{ recyclable of type P dropped into box....}
Box has ID: 2048102341
--------------------------------------------------
separating paper......
process carried out at separation unit ID: 74885833
{ recyclable of type P dropped into box....}
Box has ID: 2048102341
--------------------------------------------------
separating paper......
process carried out at separation unit ID: 74885833
{ recyclable of type P dropped into box....}
Box has ID: 2048102341
--------------------------------------------------
separating paper......
process carried out at separation unit ID: 74885833
{ recyclable of type P dropped into box....}
Box has ID: 2048102341
--------------------------------------------------
separating paper......
process carried out at separation unit ID: 74885833
{ recyclable of type P dropped into box....}
Box has ID: 2048102341
--------------------------------------------------
separating paper......
process carried out at separation unit ID: 74885833
{ recyclable of type P dropped into box....}
Box has ID: 2048102341
--------------------------------------------------
separating paper......
process carried out at separation unit ID: 74885833
{ recyclable of type P dropped into box....}
Box has ID: 2048102341
--------------------------------------------------
separating paper......
process carried out at separation unit ID: 74885833
{ recyclable of type P dropped into box....}
Box has ID: 2048102341
--------------------------------------------------
separating paper......
process carried out at separation unit ID: 74885833
{ recyclable of type P dropped into box....}
Box has ID: 2048102341
--------------------------------------------------
separating paper......
process carried out at separation unit ID: 74885833
{ recyclable of type P dropped into box....}
Box has ID: 2048102341
--------------------------------------------------
separating paper......
process carried out at separation unit ID: 74885833
{ recyclable of type P dropped into box....}
Box has ID: 2048102341
--------------------------------------------------
separating paper......
process carried out at separation unit ID: 74885833
{ recyclable of type P dropped into box....}
Box has ID: 2048102341
--------------------------------------------------
separating paper......
process carried out at separation unit ID: 74885833
{ recyclable of type P dropped into box....}
Box has ID: 2048102341
--------------------------------------------------
separating paper......
process carried out at separation unit ID: 74885833
{ recyclable of type P dropped into box....}
Box has ID: 2048102341
--------------------------------------------------
separating paper......
process carried out at separation unit ID: 74885833
{ recyclable of type P dropped into box....}
Box has ID: 2048102341
--------------------------------------------------
separating paper......
process carried out at separation unit ID: 74885833
{ recyclable of type P dropped into box....}
Box has ID: 2048102341
--------------------------------------------------
separating paper......
process carried out at separation unit ID: 74885833
{ recyclable of type P dropped into box....}
Box has ID: 2048102341
--------------------------------------------------
separating paper......
process carried out at separation unit ID: 74885833
{ recyclable of type P dropped into box....}
Box has ID: 2048102341
--------------------------------------------------
separating paper......
process carried out at separation unit ID: 74885833
{ recyclable of type P dropped into box....}
Box has ID: 2048102341
--------------------------------------------------
separating paper......
process carried out at separation unit ID: 74885833
{ recyclable of type P dropped into box....}
Box has ID: 2048102341
--------------------------------------------------
separating paper......
process carried out at separation unit ID: 74885833
{ recyclable of type P dropped into box....}
Box has ID: 2048102341
--------------------------------------------------
separating paper......
process carried out at separation unit ID: 74885833
{ recyclable of type P dropped into box....}
Box has ID: 2048102341
--------------------------------------------------
separating paper......
process carried out at separation unit ID: 74885833
{ recyclable of type P dropped into box....}
Box has ID: 2048102341
--------------------------------------------------
separating paper......
process carried out at separation unit ID: 74885833
{ recyclable of type P dropped into box....}
Box has ID: 2048102341
--------------------------------------------------
separating paper......
process carried out at separation unit ID: 74885833
{ recyclable of type P dropped into box....}
Box has ID: 2048102341
--------------------------------------------------
separating paper......
process carried out at separation unit ID: 74885833
{ recyclable of type P dropped into box....}
Box has ID: 2048102341
--------------------------------------------------
separating paper......
process carried out at separation unit ID: 74885833
{ recyclable of type P dropped into box....}
Box has ID: 2048102341
--------------------------------------------------
separating paper......
process carried out at separation unit ID: 74885833
{ recyclable of type P dropped into box....}
Box has ID: 2048102341
--------------------------------------------------
separating paper......
process carried out at separation unit ID: 74885833
{ recyclable of type P dropped into box....}
Box has ID: 2048102341
--------------------------------------------------
separating paper......
process carried out at separation unit ID: 74885833
{ recyclable of type P dropped into box....}
Box has ID: 2048102341
--------------------------------------------------
separating paper......
process carried out at separation unit ID: 74885833
{ recyclable of type P dropped into box....}
Box has ID: 2048102341
--------------------------------------------------
separating paper......
process carried out at separation unit ID: 74885833
{ recyclable of type P dropped into box....}
Box has ID: 2048102341
--------------------------------------------------
separating paper......
process carried out at separation unit ID: 74885833
{ recyclable of type P dropped into box....}
Box has ID: 2048102341
--------------------------------------------------
separating paper......
process carried out at separation unit ID: 74885833
{ recyclable of type P dropped into box....}
Box has ID: 2048102341
--------------------------------------------------
separating paper......
process carried out at separation unit ID: 74885833
{ recyclable of type P dropped into box....}
Box has ID: 2048102341
--------------------------------------------------
separating paper......
process carried out at separation unit ID: 74885833
{ recyclable of type P dropped into box....}
Box has ID: 2048102341
--------------------------------------------------
separating paper......
process carried out at separation unit ID: 74885833
{ recyclable of type P dropped into box....}
Box has ID: 2048102341
--------------------------------------------------
separating paper......
process carried out at separation unit ID: 74885833
{ recyclable of type P dropped into box....}
Box has ID: 2048102341
--------------------------------------------------
separating paper......
process carried out at separation unit ID: 74885833
{ recyclable of type P dropped into box....}
Box has ID: 2048102341
--------------------------------------------------
separating paper......
process carried out at separation unit ID: 74885833
{ recyclable of type P dropped into box....}
Box has ID: 2048102341
--------------------------------------------------
separating paper......
process carried out at separation unit ID: 74885833
{ recyclable of type P dropped into box....}
Box has ID: 2048102341
--------------------------------------------------
separating paper......
process carried out at separation unit ID: 74885833
{ recyclable of type P dropped into box....}
Box has ID: 2048102341
--------------------------------------------------
separating paper......
process carried out at separation unit ID: 74885833
{ recyclable of type P dropped into box....}
Box has ID: 2048102341
--------------------------------------------------
separating paper......
process carried out at separation unit ID: 74885833
{ recyclable of type P dropped into box....}
Box has ID: 2048102341
--------------------------------------------------
separating paper......
process carried out at separation unit ID: 74885833
{ recyclable of type P dropped into box....}
Box has ID: 2048102341
--------------------------------------------------
separating paper......
process carried out at separation unit ID: 74885833
{ recyclable of type P dropped into box....}
Box has ID: 2048102341
--------------------------------------------------
separating paper......
process carried out at separation unit ID: 74885833
{ recyclable of type P dropped into box....}
Box has ID: 2048102341
--------------------------------------------------
separating paper......
process carried out at separation unit ID: 74885833
{ recyclable of type P dropped into box....}
Box has ID: 2048102341
--------------------------------------------------
separating paper......
process carried out at separation unit ID: 74885833
{ recyclable of type P dropped into box....}
Box has ID: 2048102341
--------------------------------------------------
separating paper......
process carried out at separation unit ID: 74885833
{ recyclable of type P dropped into box....}
Box has ID: 2048102341
--------------------------------------------------
separating paper......
process carried out at separation unit ID: 74885833
{ recyclable of type P dropped into box....}
Box has ID: 2048102341
--------------------------------------------------
separating paper......
process carried out at separation unit ID: 74885833
{ recyclable of type P dropped into box....}
Box has ID: 2048102341
--------------------------------------------------
separating paper......
process carried out at separation unit ID: 74885833
{ recyclable of type P dropped into box....}
Box has ID: 2048102341
--------------------------------------------------
separating paper......
process carried out at separation unit ID: 74885833
{ recyclable of type P dropped into box....}
Box has ID: 2048102341
--------------------------------------------------
separating paper......
process carried out at separation unit ID: 74885833
{ recyclable of type P dropped into box....}
Box has ID: 2048102341
--------------------------------------------------
separating paper......
process carried out at separation unit ID: 74885833
{ recyclable of type P dropped into box....}
Box has ID: 2048102341
--------------------------------------------------
separating paper......
process carried out at separation unit ID: 74885833
{ recyclable of type P dropped into box....}
Box has ID: 2048102341
--------------------------------------------------
separating paper......
process carried out at separation unit ID: 74885833
{ recyclable of type P dropped into box....}
Box has ID: 2048102341
--------------------------------------------------
separating paper......
process carried out at separation unit ID: 74885833
{ recyclable of type P dropped into box....}
Box has ID: 2048102341
--------------------------------------------------
separating paper......
process carried out at separation unit ID: 74885833
{ recyclable of type P dropped into box....}
Box has ID: 2048102341
--------------------------------------------------
separating paper......
process carried out at separation unit ID: 74885833
{ recyclable of type P dropped into box....}
Box has ID: 2048102341
--------------------------------------------------
separating paper......
process carried out at separation unit ID: 74885833
{ recyclable of type P dropped into box....}
Box has ID: 2048102341
--------------------------------------------------
separating paper......
process carried out at separation unit ID: 74885833
{ recyclable of type P dropped into box....}
Box has ID: 2048102341
--------------------------------------------------
separating paper......
process carried out at separation unit ID: 74885833
{ recyclable of type P dropped into box....}
Box has ID: 2048102341
--------------------------------------------------
separating paper......
process carried out at separation unit ID: 74885833
{ recyclable of type P dropped into box....}
Box has ID: 2048102341
--------------------------------------------------
separating paper......
process carried out at separation unit ID: 74885833
{ recyclable of type P dropped into box....}
Box has ID: 2048102341
--------------------------------------------------
separating paper......
process carried out at separation unit ID: 74885833
{ recyclable of type P dropped into box....}
Box has ID: 2048102341
--------------------------------------------------
separating paper......
process carried out at separation unit ID: 74885833
{ recyclable of type P dropped into box....}
Box has ID: 2048102341
--------------------------------------------------
separating paper......
process carried out at separation unit ID: 74885833
{ recyclable of type P dropped into box....}
Box has ID: 2048102341
--------------------------------------------------
separating paper......
process carried out at separation unit ID: 74885833
{ recyclable of type P dropped into box....}
Box has ID: 2048102341
--------------------------------------------------
separating paper......
process carried out at separation unit ID: 74885833
{ recyclable of type P dropped into box....}
Box has ID: 2048102341
--------------------------------------------------
separating paper......
process carried out at separation unit ID: 74885833
{ recyclable of type P dropped into box....}
Box has ID: 2048102341
--------------------------------------------------
separating paper......
process carried out at separation unit ID: 74885833
{ recyclable of type P dropped into box....}
Box has ID: 2048102341
--------------------------------------------------
separating paper......
process carried out at separation unit ID: 74885833
{ recyclable of type P dropped into box....}
Box has ID: 2048102341
--------------------------------------------------
separating paper......
process carried out at separation unit ID: 74885833
{ recyclable of type P dropped into box....}
Box has ID: 2048102341
--------------------------------------------------
separating paper......
process carried out at separation unit ID: 74885833
{ recyclable of type P dropped into box....}
Box has ID: 2048102341
--------------------------------------------------
separating paper......
process carried out at separation unit ID: 74885833
{ recyclable of type P dropped into box....}
Box has ID: 2048102341
--------------------------------------------------
separating paper......
process carried out at separation unit ID: 74885833
{ recyclable of type P dropped into box....}
Box has ID: 2048102341
--------------------------------------------------
separating paper......
process carried out at separation unit ID: 74885833
{ recyclable of type P dropped into box....}
Box has ID: 2048102341
--------------------------------------------------
separating paper......
process carried out at separation unit ID: 74885833
{ recyclable of type P dropped into box....}
Box has ID: 2048102341
--------------------------------------------------
separating paper......
process carried out at separation unit ID: 74885833
{ recyclable of type P dropped into box....}
Box has ID: 2048102341
--------------------------------------------------
separating paper......
process carried out at separation unit ID: 74885833
{ recyclable of type P dropped into box....}
Box has ID: 2048102341
--------------------------------------------------
separating paper......
process carried out at separation unit ID: 74885833
{ recyclable of type P dropped into box....}
Box has ID: 2048102341
--------------------------------------------------
separating paper......
process carried out at separation unit ID: 74885833
{ recyclable of type P dropped into box....}
Box has ID: 2048102341
--------------------------------------------------
separating paper......
process carried out at separation unit ID: 74885833
{ recyclable of type P dropped into box....}
Box has ID: 2048102341
--------------------------------------------------
separating paper......
process carried out at separation unit ID: 74885833
{ recyclable of type P dropped into box....}
Box has ID: 2048102341
--------------------------------------------------
separating paper......
process carried out at separation unit ID: 74885833
{ recyclable of type P dropped into box....}
Box has ID: 2048102341
--------------------------------------------------
separating paper......
process carried out at separation unit ID: 74885833
{ recyclable of type P dropped into box....}
Box has ID: 2048102341
--------------------------------------------------
separating paper......
process carried out at separation unit ID: 74885833
{ recyclable of type P dropped into box....}
Box has ID: 2048102341
--------------------------------------------------
separating paper......
process carried out at separation unit ID: 74885833
{ recyclable of type P dropped into box....}
Box has ID: 2048102341
--------------------------------------------------
separating paper......
process carried out at separation unit ID: 74885833
{ recyclable of type P dropped into box....}
Box has ID: 2048102341
--------------------------------------------------
separating paper......
process carried out at separation unit ID: 74885833
{ recyclable of type P dropped into box....}
Box has ID: 2048102341
--------------------------------------------------
separating paper......
process carried out at separation unit ID: 74885833
{ recyclable of type P dropped into box....}
Box has ID: 2048102341
--------------------------------------------------
separating paper......
process carried out at separation unit ID: 74885833
{ recyclable of type P dropped into box....}
Box has ID: 2048102341
--------------------------------------------------
separating paper......
process carried out at separation unit ID: 74885833
{ recyclable of type P dropped into box....}
Box has ID: 2048102341
--------------------------------------------------
separating paper......
process carried out at separation unit ID: 74885833
{ recyclable of type P dropped into box....}
Box has ID: 2048102341
--------------------------------------------------
separating paper......
process carried out at separation unit ID: 74885833
{ recyclable of type P dropped into box....}
Box has ID: 2048102341
--------------------------------------------------
separating paper......
process carried out at separation unit ID: 74885833
{ recyclable of type P dropped into box....}
Box has ID: 2048102341
--------------------------------------------------
separating paper......
process carried out at separation unit ID: 74885833
{ recyclable of type P dropped into box....}
Box has ID: 2048102341
--------------------------------------------------
separating paper......
process carried out at separation unit ID: 74885833
{ recyclable of type P dropped into box....}
Box has ID: 2048102341
--------------------------------------------------
separating paper......
process carried out at separation unit ID: 74885833
{ recyclable of type P dropped into box....}
Box has ID: 2048102341
--------------------------------------------------
separating paper......
process carried out at separation unit ID: 74885833
{ recyclable of type P dropped into box....}
Box has ID: 2048102341
--------------------------------------------------
separating paper......
process carried out at separation unit ID: 74885833
{ recyclable of type P dropped into box....}
Box has ID: 2048102341
--------------------------------------------------
separating paper......
process carried out at separation unit ID: 74885833
{ recyclable of type P dropped into box....}
Box has ID: 2048102341
--------------------------------------------------
separating paper......
process carried out at separation unit ID: 74885833
{ recyclable of type P dropped into box....}
Box has ID: 2048102341
--------------------------------------------------
separating paper......
process carried out at separation unit ID: 74885833
{ recyclable of type P dropped into box....}
Box has ID: 2048102341
--------------------------------------------------
separating paper......
process carried out at separation unit ID: 74885833
{ recyclable of type P dropped into box....}
Box has ID: 2048102341
--------------------------------------------------
separating paper......
process carried out at separation unit ID: 74885833
{ recyclable of type P dropped into box....}
Box has ID: 2048102341
--------------------------------------------------
separating paper......
process carried out at separation unit ID: 74885833
{ recyclable of type P dropped into box....}
Box has ID: 2048102341
--------------------------------------------------
separating paper......
process carried out at separation unit ID: 74885833
{ recyclable of type P dropped into box....}
Box has ID: 2048102341
--------------------------------------------------
separating paper......
process carried out at separation unit ID: 74885833
{ recyclable of type P dropped into box....}
Box has ID: 2048102341
--------------------------------------------------
separating paper......
process carried out at separation unit ID: 74885833
{ recyclable of type P dropped into box....}
Box has ID: 2048102341
--------------------------------------------------
separating paper......
process carried out at separation unit ID: 74885833
{ recyclable of type P dropped into box....}
Box has ID: 2048102341
--------------------------------------------------
separating paper......
process carried out at separation unit ID: 74885833
{ recyclable of type P dropped into box....}
Box has ID: 2048102341
--------------------------------------------------
separating paper......
process carried out at separation unit ID: 74885833
{ recyclable of type P dropped into box....}
Box has ID: 2048102341
--------------------------------------------------
separating paper......
process carried out at separation unit ID: 74885833
{ recyclable of type P dropped into box....}
Box has ID: 2048102341
--------------------------------------------------
separating paper......
process carried out at separation unit ID: 74885833
{ recyclable of type P dropped into box....}
Box has ID: 2048102341
--------------------------------------------------
separating paper......
process carried out at separation unit ID: 74885833
{ recyclable of type P dropped into box....}
Box has ID: 2048102341
--------------------------------------------------
separating paper......
process carried out at separation unit ID: 74885833
{ recyclable of type P dropped into box....}
Box has ID: 2048102341
--------------------------------------------------
separating paper......
process carried out at separation unit ID: 74885833
{ recyclable of type P dropped into box....}
Box has ID: 2048102341
--------------------------------------------------
separating paper......
process carried out at separation unit ID: 74885833
{ recyclable of type P dropped into box....}
Box has ID: 2048102341
--------------------------------------------------
separating paper......
process carried out at separation unit ID: 74885833
{ recyclable of type P dropped into box....}
Box has ID: 2048102341
--------------------------------------------------
separating paper......
process carried out at separation unit ID: 74885833
{ recyclable of type P dropped into box....}
Box has ID: 2048102341
--------------------------------------------------
separating paper......
process carried out at separation unit ID: 74885833
{ recyclable of type P dropped into box....}
Box has ID: 2048102341
--------------------------------------------------
separating paper......
process carried out at separation unit ID: 74885833
{ recyclable of type P dropped into box....}
Box has ID: 2048102341
--------------------------------------------------
separating paper......
process carried out at separation unit ID: 74885833
{ recyclable of type P dropped into box....}
Box has ID: 2048102341
--------------------------------------------------
separating paper......
process carried out at separation unit ID: 74885833
{ recyclable of type P dropped into box....}
Box has ID: 2048102341
--------------------------------------------------
separating paper......
process carried out at separation unit ID: 74885833
{ recyclable of type P dropped into box....}
Box has ID: 2048102341
--------------------------------------------------
separating paper......
process carried out at separation unit ID: 74885833
{ recyclable of type P dropped into box....}
Box has ID: 2048102341
--------------------------------------------------
separating paper......
process carried out at separation unit ID: 74885833
{ recyclable of type P dropped into box....}
Box has ID: 2048102341
--------------------------------------------------
separating paper......
process carried out at separation unit ID: 74885833
{ recyclable of type P dropped into box....}
Box has ID: 2048102341
--------------------------------------------------
separating paper......
process carried out at separation unit ID: 74885833
{ recyclable of type P dropped into box....}
Box has ID: 2048102341
--------------------------------------------------
separating paper......
process carried out at separation unit ID: 74885833
{ recyclable of type P dropped into box....}
Box has ID: 2048102341
--------------------------------------------------
separating paper......
process carried out at separation unit ID: 74885833
{ recyclable of type P dropped into box....}
Box has ID: 2048102341
--------------------------------------------------
separating paper......
process carried out at separation unit ID: 74885833
{ recyclable of type P dropped into box....}
Box has ID: 2048102341
--------------------------------------------------
separating paper......
process carried out at separation unit ID: 74885833
{ recyclable of type P dropped into box....}
Box has ID: 2048102341
--------------------------------------------------
separating paper......
process carried out at separation unit ID: 74885833
{ recyclable of type P dropped into box....}
Box has ID: 2048102341
--------------------------------------------------
separating paper......
process carried out at separation unit ID: 74885833
{ recyclable of type P dropped into box....}
Box has ID: 2048102341
--------------------------------------------------
separating paper......
process carried out at separation unit ID: 74885833
{ recyclable of type P dropped into box....}
Box has ID: 2048102341
--------------------------------------------------
separating paper......
process carried out at separation unit ID: 74885833
{ recyclable of type P dropped into box....}
Box has ID: 2048102341
--------------------------------------------------
separating paper......
process carried out at separation unit ID: 74885833
{ recyclable of type P dropped into box....}
Box has ID: 2048102341
--------------------------------------------------
separating paper......
process carried out at separation unit ID: 74885833
{ recyclable of type P dropped into box....}
Box has ID: 2048102341
--------------------------------------------------
separating paper......
process carried out at separation unit ID: 74885833
{ recyclable of type P dropped into box....}
Box has ID: 2048102341
--------------------------------------------------
separating paper......
process carried out at separation unit ID: 74885833
{ recyclable of type P dropped into box....}
Box has ID: 2048102341
--------------------------------------------------
separating paper......
process carried out at separation unit ID: 74885833
{ recyclable of type P dropped into box....}
Box has ID: 2048102341
--------------------------------------------------
separating paper......
process carried out at separation unit ID: 74885833
{ recyclable of type P dropped into box....}
Box has ID: 2048102341
--------------------------------------------------
separating paper......
process carried out at separation unit ID: 74885833
{ recyclable of type P dropped into box....}
Box has ID: 2048102341
--------------------------------------------------
separating paper......
process carried out at separation unit ID: 74885833
{ recyclable of type P dropped into box....}
Box has ID: 2048102341
--------------------------------------------------
separating paper......
process carried out at separation unit ID: 74885833
{ recyclable of type P dropped into box....}
Box has ID: 2048102341
--------------------------------------------------
separating paper......
process carried out at separation unit ID: 74885833
{ recyclable of type P dropped into box....}
Box has ID: 2048102341
--------------------------------------------------
separating paper......
process carried out at separation unit ID: 74885833
{ recyclable of type P dropped into box....}
Box has ID: 2048102341
--------------------------------------------------
separating paper......
process carried out at separation unit ID: 74885833
{ recyclable of type P dropped into box....}
Box has ID: 2048102341
--------------------------------------------------
separating paper......
process carried out at separation unit ID: 74885833
{ recyclable of type P dropped into box....}
Box has ID: 2048102341
--------------------------------------------------
separating paper......
process carried out at separation unit ID: 74885833
{ recyclable of type P dropped into box....}
Box has ID: 2048102341
--------------------------------------------------
separating paper......
process carried out at separation unit ID: 74885833
{ recyclable of type P dropped into box....}
Box has ID: 2048102341
--------------------------------------------------
separating paper......
process carried out at separation unit ID: 74885833
{ recyclable of type P dropped into box....}
Box has ID: 2048102341
--------------------------------------------------
separating paper......
process carried out at separation unit ID: 74885833
{ recyclable of type P dropped into box....}
Box has ID: 2048102341
--------------------------------------------------
separating paper......
process carried out at separation unit ID: 74885833
{ recyclable of type P dropped into box....}
Box has ID: 2048102341
--------------------------------------------------
separating paper......
process carried out at separation unit ID: 74885833
{ recyclable of type P dropped into box....}
Box has ID: 2048102341
--------------------------------------------------
separating paper......
process carried out at separation unit ID: 74885833
{ recyclable of type P dropped into box....}
Box has ID: 2048102341
--------------------------------------------------
separating paper......
process carried out at separation unit ID: 74885833
{ recyclable of type P dropped into box....}
Box has ID: 2048102341
--------------------------------------------------
separating paper......
process carried out at separation unit ID: 74885833
{ recyclable of type P dropped into box....}
Box has ID: 2048102341
--------------------------------------------------
separating paper......
process carried out at separation unit ID: 74885833
{ recyclable of type P dropped into box....}
Box has ID: 2048102341
--------------------------------------------------
separating paper......
process carried out at separation unit ID: 74885833
{ recyclable of type P dropped into box....}
Box has ID: 2048102341
--------------------------------------------------
separating paper......
process carried out at separation unit ID: 74885833
{ recyclable of type P dropped into box....}
Box has ID: 2048102341
--------------------------------------------------
separating paper......
process carried out at separation unit ID: 74885833
{ recyclable of type P dropped into box....}
Box has ID: 2048102341
--------------------------------------------------
separating paper......
process carried out at separation unit ID: 74885833
{ recyclable of type P dropped into box....}
Box has ID: 2048102341
--------------------------------------------------
separating paper......
process carried out at separation unit ID: 74885833
{ recyclable of type P dropped into box....}
Box has ID: 2048102341
--------------------------------------------------
separating paper......
process carried out at separation unit ID: 74885833
{ recyclable of type P dropped into box....}
Box has ID: 2048102341
--------------------------------------------------
separating paper......
process carried out at separation unit ID: 74885833
{ recyclable of type P dropped into box....}
Box has ID: 2048102341
--------------------------------------------------
separating paper......
process carried out at separation unit ID: 74885833
{ recyclable of type P dropped into box....}
Box has ID: 2048102341
--------------------------------------------------
separating paper......
process carried out at separation unit ID: 74885833
{ recyclable of type P dropped into box....}
Box has ID: 2048102341
--------------------------------------------------
separating paper......
process carried out at separation unit ID: 74885833
{ recyclable of type P dropped into box....}
Box has ID: 2048102341
--------------------------------------------------
separating paper......
process carried out at separation unit ID: 74885833
{ recyclable of type P dropped into box....}
Box has ID: 2048102341
--------------------------------------------------
separating paper......
process carried out at separation unit ID: 74885833
{ recyclable of type P dropped into box....}
Box has ID: 2048102341
--------------------------------------------------
separating paper......
process carried out at separation unit ID: 74885833
{ recyclable of type P dropped into box....}
Box has ID: 2048102341
--------------------------------------------------
separating paper......
process carried out at separation unit ID: 74885833
{ recyclable of type P dropped into box....}
Box has ID: 2048102341
--------------------------------------------------
separating paper......
process carried out at separation unit ID: 74885833
{ recyclable of type P dropped into box....}
Box has ID: 2048102341
--------------------------------------------------
separating paper......
process carried out at separation unit ID: 74885833
{ recyclable of type P dropped into box....}
Box has ID: 2048102341
--------------------------------------------------
separating paper......
process carried out at separation unit ID: 74885833
{ recyclable of type P dropped into box....}
Box has ID: 2048102341
--------------------------------------------------
separating paper......
process carried out at separation unit ID: 74885833
{ recyclable of type P dropped into box....}
Box has ID: 2048102341
--------------------------------------------------
separating paper......
process carried out at separation unit ID: 74885833
{ recyclable of type P dropped into box....}
Box has ID: 2048102341
--------------------------------------------------
separating paper......
process carried out at separation unit ID: 74885833
{ recyclable of type P dropped into box....}
Box has ID: 2048102341
--------------------------------------------------
separating paper......
process carried out at separation unit ID: 74885833
{ recyclable of type P dropped into box....}
Box has ID: 2048102341
--------------------------------------------------
separating paper......
process carried out at separation unit ID: 74885833
{ recyclable of type P dropped into box....}
Box has ID: 2048102341
--------------------------------------------------
separating paper......
process carried out at separation unit ID: 74885833
{ recyclable of type P dropped into box....}
Box has ID: 2048102341
--------------------------------------------------
separating paper......
process carried out at separation unit ID: 74885833
{ recyclable of type P dropped into box....}
Box has ID: 2048102341
--------------------------------------------------
separating paper......
process carried out at separation unit ID: 74885833
{ recyclable of type P dropped into box....}
Box has ID: 2048102341
--------------------------------------------------
separating paper......
process carried out at separation unit ID: 74885833
{ recyclable of type P dropped into box....}
Box has ID: 2048102341
--------------------------------------------------
separating paper......
process carried out at separation unit ID: 74885833
{ recyclable of type P dropped into box....}
Box has ID: 2048102341
--------------------------------------------------
separating paper......
process carried out at separation unit ID: 74885833
{ recyclable of type P dropped into box....}
Box has ID: 2048102341
--------------------------------------------------
separating paper......
process carried out at separation unit ID: 74885833
{ recyclable of type P dropped into box....}
Box has ID: 2048102341
--------------------------------------------------
separating paper......
process carried out at separation unit ID: 74885833
{ recyclable of type P dropped into box....}
Box has ID: 2048102341
--------------------------------------------------
separating paper......
process carried out at separation unit ID: 74885833
{ recyclable of type P dropped into box....}
Box has ID: 2048102341
--------------------------------------------------
separating paper......
process carried out at separation unit ID: 74885833
{ recyclable of type P dropped into box....}
Box has ID: 2048102341
--------------------------------------------------
separating paper......
process carried out at separation unit ID: 74885833
{ recyclable of type P dropped into box....}
Box has ID: 2048102341
--------------------------------------------------
separating paper......
process carried out at separation unit ID: 74885833
{ recyclable of type P dropped into box....}
Box has ID: 2048102341
--------------------------------------------------
separating paper......
process carried out at separation unit ID: 74885833
{ recyclable of type P dropped into box....}
Box has ID: 2048102341
--------------------------------------------------
separating paper......
process carried out at separation unit ID: 74885833
{ recyclable of type P dropped into box....}
Box has ID: 2048102341
--------------------------------------------------
separating paper......
process carried out at separation unit ID: 74885833
{ recyclable of type P dropped into box....}
Box has ID: 2048102341
--------------------------------------------------
separating paper......
process carried out at separation unit ID: 74885833
{ recyclable of type P dropped into box....}
Box has ID: 2048102341
--------------------------------------------------
separating paper......
process carried out at separation unit ID: 74885833
{ recyclable of type P dropped into box....}
Box has ID: 2048102341
--------------------------------------------------
separating paper......
process carried out at separation unit ID: 74885833
{ recyclable of type P dropped into box....}
Box has ID: 2048102341
--------------------------------------------------
separating paper......
process carried out at separation unit ID: 74885833
{ recyclable of type P dropped into box....}
Box has ID: 2048102341
--------------------------------------------------
separating paper......
process carried out at separation unit ID: 74885833
{ recyclable of type P dropped into box....}
Box has ID: 2048102341
--------------------------------------------------
separating paper......
process carried out at separation unit ID: 74885833
{ recyclable of type P dropped into box....}
Box has ID: 2048102341
--------------------------------------------------
separating paper......
process carried out at separation unit ID: 74885833
{ recyclable of type P dropped into box....}
Box has ID: 2048102341
--------------------------------------------------
separating paper......
process carried out at separation unit ID: 74885833
{ recyclable of type P dropped into box....}
Box has ID: 2048102341
--------------------------------------------------
separating paper......
process carried out at separation unit ID: 74885833
{ recyclable of type P dropped into box....}
Box has ID: 2048102341
--------------------------------------------------
separating paper......
process carried out at separation unit ID: 74885833
{ recyclable of type P dropped into box....}
Box has ID: 2048102341
--------------------------------------------------
separating paper......
process carried out at separation unit ID: 74885833
{ recyclable of type P dropped into box....}
Box has ID: 2048102341
--------------------------------------------------
separating paper......
process carried out at separation unit ID: 74885833
{ recyclable of type P dropped into box....}
Box has ID: 2048102341
--------------------------------------------------
separating paper......
process carried out at separation unit ID: 74885833
{ recyclable of type P dropped into box....}
Box has ID: 2048102341
--------------------------------------------------
separating paper......
process carried out at separation unit ID: 74885833
{ recyclable of type P dropped into box....}
Box has ID: 2048102341
--------------------------------------------------
separating paper......
process carried out at separation unit ID: 74885833
{ recyclable of type P dropped into box....}
Box has ID: 2048102341
--------------------------------------------------
separating paper......
process carried out at separation unit ID: 74885833
{ recyclable of type P dropped into box....}
Box has ID: 2048102341
--------------------------------------------------
separating paper......
process carried out at separation unit ID: 74885833
{ recyclable of type P dropped into box....}
Box has ID: 2048102341
--------------------------------------------------
separating paper......
process carried out at separation unit ID: 74885833
{ recyclable of type P dropped into box....}
Box has ID: 2048102341
--------------------------------------------------
separating paper......
process carried out at separation unit ID: 74885833
{ recyclable of type P dropped into box....}
Box has ID: 2048102341
--------------------------------------------------
separating paper......
process carried out at separation unit ID: 74885833
{ recyclable of type P dropped into box....}
Box has ID: 2048102341
--------------------------------------------------
separating paper......
process carried out at separation unit ID: 74885833
{ recyclable of type P dropped into box....}
Box has ID: 2048102341
--------------------------------------------------
separating paper......
process carried out at separation unit ID: 74885833
{ recyclable of type P dropped into box....}
Box has ID: 2048102341
--------------------------------------------------
separating paper......
process carried out at separation unit ID: 74885833
{ recyclable of type P dropped into box....}
Box has ID: 2048102341
--------------------------------------------------
separating paper......
process carried out at separation unit ID: 74885833
{ recyclable of type P dropped into box....}
Box has ID: 2048102341
--------------------------------------------------
separating paper......
process carried out at separation unit ID: 74885833
{ recyclable of type P dropped into box....}
Box has ID: 2048102341
--------------------------------------------------
separating paper......
process carried out at separation unit ID: 74885833
{ recyclable of type P dropped into box....}
Box has ID: 2048102341
--------------------------------------------------
separating paper......
process carried out at separation unit ID: 74885833
{ recyclable of type P dropped into box....}
Box has ID: 2048102341
--------------------------------------------------
separating paper......
process carried out at separation unit ID: 74885833
{ recyclable of type P dropped into box....}
Box has ID: 2048102341
--------------------------------------------------
separating paper......
process carried out at separation unit ID: 74885833
{ recyclable of type P dropped into box....}
Box has ID: 2048102341
--------------------------------------------------
separating paper......
process carried out at separation unit ID: 74885833
{ recyclable of type P dropped into box....}
Box has ID: 2048102341
--------------------------------------------------
separating paper......
process carried out at separation unit ID: 74885833
{ recyclable of type P dropped into box....}
Box has ID: 2048102341
--------------------------------------------------
separating paper......
process carried out at separation unit ID: 74885833
{ recyclable of type P dropped into box....}
Box has ID: 2048102341
--------------------------------------------------
separating paper......
process carried out at separation unit ID: 74885833
{ recyclable of type P dropped into box....}
Box has ID: 2048102341
--------------------------------------------------
separating paper......
process carried out at separation unit ID: 74885833
{ recyclable of type P dropped into box....}
Box has ID: 2048102341
--------------------------------------------------
separating paper......
process carried out at separation unit ID: 74885833
{ recyclable of type P dropped into box....}
Box has ID: 2048102341
--------------------------------------------------
separating paper......
process carried out at separation unit ID: 74885833
{ recyclable of type P dropped into box....}
Box has ID: 2048102341
--------------------------------------------------
separating paper......
process carried out at separation unit ID: 74885833
{ recyclable of type P dropped into box....}
Box has ID: 2048102341
--------------------------------------------------
separating paper......
process carried out at separation unit ID: 74885833
{ recyclable of type P dropped into box....}
Box has ID: 2048102341
--------------------------------------------------
separating paper......
process carried out at separation unit ID: 74885833
{ recyclable of type P dropped into box....}
Box has ID: 2048102341
--------------------------------------------------
separating paper......
process carried out at separation unit ID: 74885833
{ recyclable of type P dropped into box....}
Box has ID: 2048102341
--------------------------------------------------
separating paper......
process carried out at separation unit ID: 74885833
{ recyclable of type P dropped into box....}
Box has ID: 2048102341
--------------------------------------------------
separating paper......
process carried out at separation unit ID: 74885833
{ recyclable of type P dropped into box....}
Box has ID: 2048102341
--------------------------------------------------
separating paper......
process carried out at separation unit ID: 74885833
{ recyclable of type P dropped into box....}
Box has ID: 2048102341
--------------------------------------------------
separating paper......
process carried out at separation unit ID: 74885833
{ recyclable of type P dropped into box....}
Box has ID: 2048102341
--------------------------------------------------
separating paper......
process carried out at separation unit ID: 74885833
{ recyclable of type P dropped into box....}
Box has ID: 2048102341
--------------------------------------------------
separating paper......
process carried out at separation unit ID: 74885833
{ recyclable of type P dropped into box....}
Box has ID: 2048102341
--------------------------------------------------
separating paper......
process carried out at separation unit ID: 74885833
{ recyclable of type P dropped into box....}
Box has ID: 2048102341
--------------------------------------------------
separating paper......
process carried out at separation unit ID: 74885833
{ recyclable of type P dropped into box....}
Box has ID: 2048102341
--------------------------------------------------
separating paper......
process carried out at separation unit ID: 74885833
{ recyclable of type P dropped into box....}
Box has ID: 2048102341
--------------------------------------------------
separating paper......
process carried out at separation unit ID: 74885833
{ recyclable of type P dropped into box....}
Box has ID: 2048102341
--------------------------------------------------
separating paper......
process carried out at separation unit ID: 74885833
{ recyclable of type P dropped into box....}
Box has ID: 2048102341
--------------------------------------------------
separating paper......
process carried out at separation unit ID: 74885833
{ recyclable of type P dropped into box....}
Box has ID: 2048102341
--------------------------------------------------
separating paper......
process carried out at separation unit ID: 74885833
{ recyclable of type P dropped into box....}
Box has ID: 2048102341
--------------------------------------------------
separating paper......
process carried out at separation unit ID: 74885833
{ recyclable of type P dropped into box....}
Box has ID: 2048102341
--------------------------------------------------
separating paper......
process carried out at separation unit ID: 74885833
{ recyclable of type P dropped into box....}
Box has ID: 2048102341
--------------------------------------------------
separating paper......
process carried out at separation unit ID: 74885833
{ recyclable of type P dropped into box....}
Box has ID: 2048102341
--------------------------------------------------
separating paper......
process carried out at separation unit ID: 74885833
{ recyclable of type P dropped into box....}
Box has ID: 2048102341
--------------------------------------------------
separating paper......
process carried out at separation unit ID: 74885833
{ recyclable of type P dropped into box....}
Box has ID: 2048102341
--------------------------------------------------
separating paper......
process carried out at separation unit ID: 74885833
{ recyclable of type P dropped into box....}
Box has ID: 2048102341
--------------------------------------------------
separating paper......
process carried out at separation unit ID: 74885833
{ recyclable of type P dropped into box....}
Box has ID: 2048102341
--------------------------------------------------
separating paper......
process carried out at separation unit ID: 74885833
{ recyclable of type P dropped into box....}
Box has ID: 2048102341
--------------------------------------------------
separating paper......
process carried out at separation unit ID: 74885833
{ recyclable of type P dropped into box....}
Box has ID: 2048102341
--------------------------------------------------
separating paper......
process carried out at separation unit ID: 74885833
{ recyclable of type P dropped into box....}
Box has ID: 2048102341
--------------------------------------------------
separating paper......
process carried out at separation unit ID: 74885833
{ recyclable of type P dropped into box....}
Box has ID: 2048102341
--------------------------------------------------
separating paper......
process carried out at separation unit ID: 74885833
{ recyclable of type P dropped into box....}
Box has ID: 2048102341
--------------------------------------------------
separating paper......
process carried out at separation unit ID: 74885833
{ recyclable of type P dropped into box....}
Box has ID: 2048102341
--------------------------------------------------
separating paper......
process carried out at separation unit ID: 74885833
{ recyclable of type P dropped into box....}
Box has ID: 2048102341
--------------------------------------------------
separating paper......
process carried out at separation unit ID: 74885833
{ recyclable of type P dropped into box....}
Box has ID: 2048102341
--------------------------------------------------
separating paper......
process carried out at separation unit ID: 74885833
{ recyclable of type P dropped into box....}
Box has ID: 2048102341
--------------------------------------------------
separating paper......
process carried out at separation unit ID: 74885833
{ recyclable of type P dropped into box....}
Box has ID: 2048102341
--------------------------------------------------
separating paper......
process carried out at separation unit ID: 74885833
{ recyclable of type P dropped into box....}
Box has ID: 2048102341
--------------------------------------------------
separating paper......
process carried out at separation unit ID: 74885833
{ recyclable of type P dropped into box....}
Box has ID: 2048102341
--------------------------------------------------
separating paper......
process carried out at separation unit ID: 74885833
{ recyclable of type P dropped into box....}
Box has ID: 2048102341
--------------------------------------------------
separating paper......
process carried out at separation unit ID: 74885833
{ recyclable of type P dropped into box....}
Box has ID: 2048102341
--------------------------------------------------
separating paper......
process carried out at separation unit ID: 74885833
{ recyclable of type P dropped into box....}
Box has ID: 2048102341
--------------------------------------------------
separating paper......
process carried out at separation unit ID: 74885833
{ recyclable of type P dropped into box....}
Box has ID: 2048102341
--------------------------------------------------
separating paper......
process carried out at separation unit ID: 74885833
{ recyclable of type P dropped into box....}
Box has ID: 2048102341
--------------------------------------------------
separating paper......
process carried out at separation unit ID: 74885833
{ recyclable of type P dropped into box....}
Box has ID: 2048102341
--------------------------------------------------
separating paper......
process carried out at separation unit ID: 74885833
{ recyclable of type P dropped into box....}
Box has ID: 2048102341
--------------------------------------------------
separating paper......
process carried out at separation unit ID: 74885833
{ recyclable of type P dropped into box....}
Box has ID: 2048102341
--------------------------------------------------
separating paper......
process carried out at separation unit ID: 74885833
{ recyclable of type P dropped into box....}
Box has ID: 2048102341
--------------------------------------------------
separating paper......
process carried out at separation unit ID: 74885833
{ recyclable of type P dropped into box....}
Box has ID: 2048102341
--------------------------------------------------
separating paper......
process carried out at separation unit ID: 74885833
{ recyclable of type P dropped into box....}
Box has ID: 2048102341
--------------------------------------------------
separating paper......
process carried out at separation unit ID: 74885833
{ recyclable of type P dropped into box....}
Box has ID: 2048102341
--------------------------------------------------
separating paper......
process carried out at separation unit ID: 74885833
{ recyclable of type P dropped into box....}
Box has ID: 2048102341
--------------------------------------------------
separating paper......
process carried out at separation unit ID: 74885833
{ recyclable of type P dropped into box....}
Box has ID: 2048102341
--------------------------------------------------
separating paper......
process carried out at separation unit ID: 74885833
{ recyclable of type P dropped into box....}
Box has ID: 2048102341
--------------------------------------------------
separating paper......
process carried out at separation unit ID: 74885833
{ recyclable of type P dropped into box....}
Box has ID: 2048102341
--------------------------------------------------
separating paper......
process carried out at separation unit ID: 74885833
{ recyclable of type P dropped into box....}
Box has ID: 2048102341
--------------------------------------------------
separating paper......
process carried out at separation unit ID: 74885833
{ recyclable of type P dropped into box....}
Box has ID: 2048102341
--------------------------------------------------
separating paper......
process carried out at separation unit ID: 74885833
{ recyclable of type P dropped into box....}
Box has ID: 2048102341
--------------------------------------------------
separating paper......
process carried out at separation unit ID: 74885833
{ recyclable of type P dropped into box....}
Box has ID: 2048102341
--------------------------------------------------
separating paper......
process carried out at separation unit ID: 74885833
{ recyclable of type P dropped into box....}
Box has ID: 2048102341
--------------------------------------------------
separating paper......
process carried out at separation unit ID: 74885833
{ recyclable of type P dropped into box....}
Box has ID: 2048102341
--------------------------------------------------
separating paper......
process carried out at separation unit ID: 74885833
{ recyclable of type P dropped into box....}
Box has ID: 2048102341
--------------------------------------------------
separating paper......
process carried out at separation unit ID: 74885833
{ recyclable of type P dropped into box....}
Box has ID: 2048102341
--------------------------------------------------
separating paper......
process carried out at separation unit ID: 74885833
{ recyclable of type P dropped into box....}
Box has ID: 2048102341
--------------------------------------------------
separating paper......
process carried out at separation unit ID: 74885833
{ recyclable of type P dropped into box....}
Box has ID: 2048102341
--------------------------------------------------
separating paper......
process carried out at separation unit ID: 74885833
{ recyclable of type P dropped into box....}
Box has ID: 2048102341
--------------------------------------------------
separating paper......
process carried out at separation unit ID: 74885833
{ recyclable of type P dropped into box....}
Box has ID: 2048102341
--------------------------------------------------
separating paper......
process carried out at separation unit ID: 74885833
{ recyclable of type P dropped into box....}
Box has ID: 2048102341
--------------------------------------------------
separating paper......
process carried out at separation unit ID: 74885833
{ recyclable of type P dropped into box....}
Box has ID: 2048102341
--------------------------------------------------
separating paper......
process carried out at separation unit ID: 74885833
{ recyclable of type P dropped into box....}
Box has ID: 2048102341
--------------------------------------------------
separating paper......
process carried out at separation unit ID: 74885833
{ recyclable of type P dropped into box....}
Box has ID: 2048102341
--------------------------------------------------
separating paper......
process carried out at separation unit ID: 74885833
{ recyclable of type P dropped into box....}
Box has ID: 2048102341
--------------------------------------------------
separating paper......
process carried out at separation unit ID: 74885833
{ recyclable of type P dropped into box....}
Box has ID: 2048102341
--------------------------------------------------
separating paper......
process carried out at separation unit ID: 74885833
{ recyclable of type P dropped into box....}
Box has ID: 2048102341
--------------------------------------------------
separating paper......
process carried out at separation unit ID: 74885833
{ recyclable of type P dropped into box....}
Box has ID: 2048102341
--------------------------------------------------
separating paper......
process carried out at separation unit ID: 74885833
{ recyclable of type P dropped into box....}
Box has ID: 2048102341
--------------------------------------------------
separating paper......
process carried out at separation unit ID: 74885833
{ recyclable of type P dropped into box....}
Box has ID: 2048102341
--------------------------------------------------
separating paper......
process carried out at separation unit ID: 74885833
{ recyclable of type P dropped into box....}
Box has ID: 2048102341
--------------------------------------------------
separating paper......
process carried out at separation unit ID: 74885833
{ recyclable of type P dropped into box....}
Box has ID: 2048102341
--------------------------------------------------
separating paper......
process carried out at separation unit ID: 74885833
{ recyclable of type P dropped into box....}
Box has ID: 2048102341
--------------------------------------------------
separating paper......
process carried out at separation unit ID: 74885833
{ recyclable of type P dropped into box....}
Box has ID: 2048102341
--------------------------------------------------
separating paper......
process carried out at separation unit ID: 74885833
{ recyclable of type P dropped into box....}
Box has ID: 2048102341
--------------------------------------------------
separating paper......
process carried out at separation unit ID: 74885833
{ recyclable of type P dropped into box....}
Box has ID: 2048102341
--------------------------------------------------
separating paper......
process carried out at separation unit ID: 74885833
{ recyclable of type P dropped into box....}
Box has ID: 2048102341
--------------------------------------------------
separating paper......
process carried out at separation unit ID: 74885833
{ recyclable of type P dropped into box....}
Box has ID: 2048102341
--------------------------------------------------
separating paper......
process carried out at separation unit ID: 74885833
{ recyclable of type P dropped into box....}
Box has ID: 2048102341
--------------------------------------------------
separating paper......
process carried out at separation unit ID: 74885833
{ recyclable of type P dropped into box....}
Box has ID: 2048102341
--------------------------------------------------
separating paper......
process carried out at separation unit ID: 74885833
{ recyclable of type P dropped into box....}
Box has ID: 2048102341
--------------------------------------------------
separating paper......
process carried out at separation unit ID: 74885833
{ recyclable of type P dropped into box....}
Box has ID: 2048102341
--------------------------------------------------
separating paper......
process carried out at separation unit ID: 74885833
{ recyclable of type P dropped into box....}
Box has ID: 2048102341
--------------------------------------------------
separating paper......
process carried out at separation unit ID: 74885833
{ recyclable of type P dropped into box....}
Box has ID: 2048102341
--------------------------------------------------
separating paper......
process carried out at separation unit ID: 74885833
{ recyclable of type P dropped into box....}
Box has ID: 2048102341
--------------------------------------------------
separating paper......
process carried out at separation unit ID: 74885833
{ recyclable of type P dropped into box....}
Box has ID: 2048102341
--------------------------------------------------
separating paper......
process carried out at separation unit ID: 74885833
{ recyclable of type P dropped into box....}
Box has ID: 2048102341
--------------------------------------------------
separating paper......
process carried out at separation unit ID: 74885833
{ recyclable of type P dropped into box....}
Box has ID: 2048102341
--------------------------------------------------
separating paper......
process carried out at separation unit ID: 74885833
{ recyclable of type P dropped into box....}
Box has ID: 2048102341
--------------------------------------------------
separating paper......
process carried out at separation unit ID: 74885833
{ recyclable of type P dropped into box....}
Box has ID: 2048102341
--------------------------------------------------
separating paper......
process carried out at separation unit ID: 74885833
{ recyclable of type P dropped into box....}
Box has ID: 2048102341
--------------------------------------------------
separating paper......
process carried out at separation unit ID: 74885833
{ recyclable of type P dropped into box....}
Box has ID: 2048102341
--------------------------------------------------
separating paper......
process carried out at separation unit ID: 74885833
{ recyclable of type P dropped into box....}
Box has ID: 2048102341
--------------------------------------------------
separating paper......
process carried out at separation unit ID: 74885833
{ recyclable of type P dropped into box....}
Box has ID: 2048102341
--------------------------------------------------
separating paper......
process carried out at separation unit ID: 74885833
{ recyclable of type P dropped into box....}
Box has ID: 2048102341
--------------------------------------------------
separating paper......
process carried out at separation unit ID: 74885833
{ recyclable of type P dropped into box....}
Box has ID: 2048102341
--------------------------------------------------
separating paper......
process carried out at separation unit ID: 74885833
{ recyclable of type P dropped into box....}
Box has ID: 2048102341
--------------------------------------------------
separating paper......
process carried out at separation unit ID: 74885833
{ recyclable of type P dropped into box....}
Box has ID: 2048102341
--------------------------------------------------
separating paper......
process carried out at separation unit ID: 74885833
{ recyclable of type P dropped into box....}
Box has ID: 2048102341
--------------------------------------------------
separating paper......
process carried out at separation unit ID: 74885833
{ recyclable of type P dropped into box....}
Box has ID: 2048102341
--------------------------------------------------
separating paper......
process carried out at separation unit ID: 74885833
{ recyclable of type P dropped into box....}
Box has ID: 2048102341
--------------------------------------------------
separating paper......
process carried out at separation unit ID: 74885833
{ recyclable of type P dropped into box....}
Box has ID: 2048102341
--------------------------------------------------
separating paper......
process carried out at separation unit ID: 74885833
{ recyclable of type P dropped into box....}
Box has ID: 2048102341
--------------------------------------------------
separating paper......
process carried out at separation unit ID: 74885833
{ recyclable of type P dropped into box....}
Box has ID: 2048102341
--------------------------------------------------
separating paper......
process carried out at separation unit ID: 74885833
{ recyclable of type P dropped into box....}
Box has ID: 2048102341
--------------------------------------------------
separating paper......
process carried out at separation unit ID: 74885833
{ recyclable of type P dropped into box....}
Box has ID: 2048102341
--------------------------------------------------
separating paper......
process carried out at separation unit ID: 74885833
{ recyclable of type P dropped into box....}
Box has ID: 2048102341
--------------------------------------------------
separating paper......
process carried out at separation unit ID: 74885833
{ recyclable of type P dropped into box....}
Box has ID: 2048102341
--------------------------------------------------
separating paper......
process carried out at separation unit ID: 74885833
{ recyclable of type P dropped into box....}
Box has ID: 2048102341
--------------------------------------------------
separating paper......
process carried out at separation unit ID: 74885833
{ recyclable of type P dropped into box....}
Box has ID: 2048102341
--------------------------------------------------
separating paper......
process carried out at separation unit ID: 74885833
{ recyclable of type P dropped into box....}
Box has ID: 2048102341
--------------------------------------------------
separating paper......
process carried out at separation unit ID: 74885833
{ recyclable of type P dropped into box....}
Box has ID: 2048102341
--------------------------------------------------
separating paper......
process carried out at separation unit ID: 74885833
{ recyclable of type P dropped into box....}
Box has ID: 2048102341
--------------------------------------------------
separating paper......
process carried out at separation unit ID: 74885833
{ recyclable of type P dropped into box....}
Box has ID: 2048102341
--------------------------------------------------
separating paper......
process carried out at separation unit ID: 74885833
{ recyclable of type P dropped into box....}
Box has ID: 2048102341
--------------------------------------------------
separating paper......
process carried out at separation unit ID: 74885833
{ recyclable of type P dropped into box....}
Box has ID: 2048102341
--------------------------------------------------
separating paper......
process carried out at separation unit ID: 74885833
{ recyclable of type P dropped into box....}
Box has ID: 2048102341
--------------------------------------------------
separating paper......
process carried out at separation unit ID: 74885833
{ recyclable of type P dropped into box....}
Box has ID: 2048102341
--------------------------------------------------
separating paper......
process carried out at separation unit ID: 74885833
{ recyclable of type P dropped into box....}
Box has ID: 2048102341
--------------------------------------------------
separating paper......
process carried out at separation unit ID: 74885833
{ recyclable of type P dropped into box....}
Box has ID: 2048102341
--------------------------------------------------
separating paper......
process carried out at separation unit ID: 74885833
{ recyclable of type P dropped into box....}
Box has ID: 2048102341
--------------------------------------------------
separating paper......
process carried out at separation unit ID: 74885833
{ recyclable of type P dropped into box....}
Box has ID: 2048102341
--------------------------------------------------
separating paper......
process carried out at separation unit ID: 74885833
{ recyclable of type P dropped into box....}
Box has ID: 2048102341
--------------------------------------------------
separating paper......
process carried out at separation unit ID: 74885833
{ recyclable of type P dropped into box....}
Box has ID: 2048102341
--------------------------------------------------
separating paper......
process carried out at separation unit ID: 74885833
{ recyclable of type P dropped into box....}
Box has ID: 2048102341
--------------------------------------------------
separating paper......
process carried out at separation unit ID: 74885833
{ recyclable of type P dropped into box....}
Box has ID: 2048102341
--------------------------------------------------
separating paper......
process carried out at separation unit ID: 74885833
{ recyclable of type P dropped into box....}
Box has ID: 2048102341
--------------------------------------------------
separating paper......
process carried out at separation unit ID: 74885833
{ recyclable of type P dropped into box....}
Box has ID: 2048102341
--------------------------------------------------
separating paper......
process carried out at separation unit ID: 74885833
{ recyclable of type P dropped into box....}
Box has ID: 2048102341
--------------------------------------------------
separating paper......
process carried out at separation unit ID: 74885833
{ recyclable of type P dropped into box....}
Box has ID: 2048102341
--------------------------------------------------
separating paper......
process carried out at separation unit ID: 74885833
{ recyclable of type P dropped into box....}
Box has ID: 2048102341
--------------------------------------------------
separating paper......
process carried out at separation unit ID: 74885833
{ recyclable of type P dropped into box....}
Box has ID: 2048102341
--------------------------------------------------
separating paper......
process carried out at separation unit ID: 74885833
{ recyclable of type P dropped into box....}
Box has ID: 2048102341
--------------------------------------------------
separating paper......
process carried out at separation unit ID: 74885833
{ recyclable of type P dropped into box....}
Box has ID: 2048102341
--------------------------------------------------
separating paper......
process carried out at separation unit ID: 74885833
{ recyclable of type P dropped into box....}
Box has ID: 2048102341
--------------------------------------------------
separating paper......
process carried out at separation unit ID: 74885833
{ recyclable of type P dropped into box....}
Box has ID: 2048102341
--------------------------------------------------
separating paper......
process carried out at separation unit ID: 74885833
{ recyclable of type P dropped into box....}
Box has ID: 2048102341
--------------------------------------------------
separating paper......
process carried out at separation unit ID: 74885833
{ recyclable of type P dropped into box....}
Box has ID: 2048102341
--------------------------------------------------
separating paper......
process carried out at separation unit ID: 74885833
{ recyclable of type P dropped into box....}
Box has ID: 2048102341
--------------------------------------------------
separating paper......
process carried out at separation unit ID: 74885833
{ recyclable of type P dropped into box....}
Box has ID: 2048102341
--------------------------------------------------
separating paper......
process carried out at separation unit ID: 74885833
{ recyclable of type P dropped into box....}
Box has ID: 2048102341
--------------------------------------------------
separating paper......
process carried out at separation unit ID: 74885833
{ recyclable of type P dropped into box....}
Box has ID: 2048102341
--------------------------------------------------
separating paper......
process carried out at separation unit ID: 74885833
{ recyclable of type P dropped into box....}
Box has ID: 2048102341
--------------------------------------------------
separating paper......
process carried out at separation unit ID: 74885833
{ recyclable of type P dropped into box....}
Box has ID: 2048102341
--------------------------------------------------
separating paper......
process carried out at separation unit ID: 74885833
{ recyclable of type P dropped into box....}
Box has ID: 2048102341
--------------------------------------------------
separating paper......
process carried out at separation unit ID: 74885833
{ recyclable of type P dropped into box....}
Box has ID: 2048102341
--------------------------------------------------
separating paper......
process carried out at separation unit ID: 74885833
{ recyclable of type P dropped into box....}
Box has ID: 2048102341
--------------------------------------------------
separating paper......
process carried out at separation unit ID: 74885833
{ recyclable of type P dropped into box....}
Box has ID: 2048102341
--------------------------------------------------
separating paper......
process carried out at separation unit ID: 74885833
{ recyclable of type P dropped into box....}
Box has ID: 2048102341
--------------------------------------------------
separating paper......
process carried out at separation unit ID: 74885833
{ recyclable of type P dropped into box....}
Box has ID: 2048102341
--------------------------------------------------
separating paper......
process carried out at separation unit ID: 74885833
{ recyclable of type P dropped into box....}
Box has ID: 2048102341
--------------------------------------------------
separating paper......
process carried out at separation unit ID: 74885833
{ recyclable of type P dropped into box....}
Box has ID: 2048102341
--------------------------------------------------
separating paper......
process carried out at separation unit ID: 74885833
{ recyclable of type P dropped into box....}
Box has ID: 2048102341
--------------------------------------------------
separating paper......
process carried out at separation unit ID: 74885833
{ recyclable of type P dropped into box....}
Box has ID: 2048102341
--------------------------------------------------
separating paper......
process carried out at separation unit ID: 74885833
{ recyclable of type P dropped into box....}
Box has ID: 2048102341
--------------------------------------------------
separating paper......
process carried out at separation unit ID: 74885833
{ recyclable of type P dropped into box....}
Box has ID: 2048102341
--------------------------------------------------
separating paper......
process carried out at separation unit ID: 74885833
{ recyclable of type P dropped into box....}
Box has ID: 2048102341
--------------------------------------------------
separating paper......
process carried out at separation unit ID: 74885833
{ recyclable of type P dropped into box....}
Box has ID: 2048102341
--------------------------------------------------
separating paper......
process carried out at separation unit ID: 74885833
{ recyclable of type P dropped into box....}
Box has ID: 2048102341
--------------------------------------------------
separating paper......
process carried out at separation unit ID: 74885833
{ recyclable of type P dropped into box....}
Box has ID: 2048102341
--------------------------------------------------
separating paper......
process carried out at separation unit ID: 74885833
{ recyclable of type P dropped into box....}
Box has ID: 2048102341
--------------------------------------------------
separating paper......
process carried out at separation unit ID: 74885833
{ recyclable of type P dropped into box....}
Box has ID: 2048102341
--------------------------------------------------
separating paper......
process carried out at separation unit ID: 74885833
{ recyclable of type P dropped into box....}
Box has ID: 2048102341
--------------------------------------------------
separating paper......
process carried out at separation unit ID: 74885833
{ recyclable of type P dropped into box....}
Box has ID: 2048102341
--------------------------------------------------
separating paper......
process carried out at separation unit ID: 74885833
{ recyclable of type P dropped into box....}
Box has ID: 2048102341
--------------------------------------------------
separating paper......
process carried out at separation unit ID: 74885833
{ recyclable of type P dropped into box....}
Box has ID: 2048102341
--------------------------------------------------
separating paper......
process carried out at separation unit ID: 74885833
{ recyclable of type P dropped into box....}
Box has ID: 2048102341
--------------------------------------------------
separating paper......
process carried out at separation unit ID: 74885833
{ recyclable of type P dropped into box....}
Box has ID: 2048102341
--------------------------------------------------
separating paper......
process carried out at separation unit ID: 74885833
{ recyclable of type P dropped into box....}
Box has ID: 2048102341
--------------------------------------------------
separating paper......
process carried out at separation unit ID: 74885833
{ recyclable of type P dropped into box....}
Box has ID: 2048102341
--------------------------------------------------
separating paper......
process carried out at separation unit ID: 74885833
{ recyclable of type P dropped into box....}
Box has ID: 2048102341
--------------------------------------------------
separating paper......
process carried out at separation unit ID: 74885833
{ recyclable of type P dropped into box....}
Box has ID: 2048102341
--------------------------------------------------
separating paper......
process carried out at separation unit ID: 74885833
{ recyclable of type P dropped into box....}
Box has ID: 2048102341
--------------------------------------------------
separating paper......
process carried out at separation unit ID: 74885833
{ recyclable of type P dropped into box....}
Box has ID: 2048102341
--------------------------------------------------
separating paper......
process carried out at separation unit ID: 74885833
{ recyclable of type P dropped into box....}
Box has ID: 2048102341
--------------------------------------------------
separating paper......
process carried out at separation unit ID: 74885833
{ recyclable of type P dropped into box....}
Box has ID: 2048102341
--------------------------------------------------
separating paper......
process carried out at separation unit ID: 74885833
{ recyclable of type P dropped into box....}
Box has ID: 2048102341
--------------------------------------------------
separating paper......
process carried out at separation unit ID: 74885833
{ recyclable of type P dropped into box....}
Box has ID: 2048102341
--------------------------------------------------
separating paper......
process carried out at separation unit ID: 74885833
{ recyclable of type P dropped into box....}
Box has ID: 2048102341
--------------------------------------------------
separating paper......
process carried out at separation unit ID: 74885833
{ recyclable of type P dropped into box....}
Box has ID: 2048102341
--------------------------------------------------
separating paper......
process carried out at separation unit ID: 74885833
{ recyclable of type P dropped into box....}
Box has ID: 2048102341
--------------------------------------------------
separating paper......
process carried out at separation unit ID: 74885833
{ recyclable of type P dropped into box....}
Box has ID: 2048102341
--------------------------------------------------
separating paper......
process carried out at separation unit ID: 74885833
{ recyclable of type P dropped into box....}
Box has ID: 2048102341
--------------------------------------------------
separating paper......
process carried out at separation unit ID: 74885833
{ recyclable of type P dropped into box....}
Box has ID: 2048102341
--------------------------------------------------
separating paper......
process carried out at separation unit ID: 74885833
{ recyclable of type P dropped into box....}
Box has ID: 2048102341
--------------------------------------------------
separating paper......
process carried out at separation unit ID: 74885833
{ recyclable of type P dropped into box....}
Box has ID: 2048102341
--------------------------------------------------
separating paper......
process carried out at separation unit ID: 74885833
{ recyclable of type P dropped into box....}
Box has ID: 2048102341
--------------------------------------------------
separating paper......
process carried out at separation unit ID: 74885833
{ recyclable of type P dropped into box....}
Box has ID: 2048102341
--------------------------------------------------
separating paper......
process carried out at separation unit ID: 74885833
{ recyclable of type P dropped into box....}
Box has ID: 2048102341
--------------------------------------------------
separating paper......
process carried out at separation unit ID: 74885833
{ recyclable of type P dropped into box....}
Box has ID: 2048102341
--------------------------------------------------
separating paper......
process carried out at separation unit ID: 74885833
{ recyclable of type P dropped into box....}
Box has ID: 2048102341
--------------------------------------------------
separating paper......
process carried out at separation unit ID: 74885833
{ recyclable of type P dropped into box....}
Box has ID: 2048102341
--------------------------------------------------
separating paper......
process carried out at separation unit ID: 74885833
{ recyclable of type P dropped into box....}
Box has ID: 2048102341
--------------------------------------------------
separating paper......
process carried out at separation unit ID: 74885833
{ recyclable of type P dropped into box....}
Box has ID: 2048102341
--------------------------------------------------
separating paper......
process carried out at separation unit ID: 74885833
{ recyclable of type P dropped into box....}
Box has ID: 2048102341
--------------------------------------------------
separating paper......
process carried out at separation unit ID: 74885833
{ recyclable of type P dropped into box....}
Box has ID: 2048102341
--------------------------------------------------
separating paper......
process carried out at separation unit ID: 74885833
{ recyclable of type P dropped into box....}
Box has ID: 2048102341
--------------------------------------------------
separating paper......
process carried out at separation unit ID: 74885833
{ recyclable of type P dropped into box....}
Box has ID: 2048102341
--------------------------------------------------
separating paper......
process carried out at separation unit ID: 74885833
{ recyclable of type P dropped into box....}
Box has ID: 2048102341
--------------------------------------------------
separating paper......
process carried out at separation unit ID: 74885833
{ recyclable of type P dropped into box....}
Box has ID: 2048102341
--------------------------------------------------
separating paper......
process carried out at separation unit ID: 74885833
{ recyclable of type P dropped into box....}
Box has ID: 2048102341
--------------------------------------------------
separating paper......
process carried out at separation unit ID: 74885833
{ recyclable of type P dropped into box....}
Box has ID: 2048102341
--------------------------------------------------
separating paper......
process carried out at separation unit ID: 74885833
{ recyclable of type P dropped into box....}
Box has ID: 2048102341
--------------------------------------------------
separating paper......
process carried out at separation unit ID: 74885833
{ recyclable of type P dropped into box....}
Box has ID: 2048102341
--------------------------------------------------
separating paper......
process carried out at separation unit ID: 74885833
{ recyclable of type P dropped into box....}
Box has ID: 2048102341
--------------------------------------------------
separating paper......
process carried out at separation unit ID: 74885833
{ recyclable of type P dropped into box....}
Box has ID: 2048102341
--------------------------------------------------
separating paper......
process carried out at separation unit ID: 74885833
{ recyclable of type P dropped into box....}
Box has ID: 2048102341
--------------------------------------------------
separating paper......
process carried out at separation unit ID: 74885833
{ recyclable of type P dropped into box....}
Box has ID: 2048102341
--------------------------------------------------
separating paper......
process carried out at separation unit ID: 74885833
{ recyclable of type P dropped into box....}
Box has ID: 2048102341
--------------------------------------------------
separating paper......
process carried out at separation unit ID: 74885833
{ recyclable of type P dropped into box....}
Box has ID: 2048102341
--------------------------------------------------
separating paper......
process carried out at separation unit ID: 74885833
{ recyclable of type P dropped into box....}
Box has ID: 2048102341
--------------------------------------------------
separating paper......
process carried out at separation unit ID: 74885833
{ recyclable of type P dropped into box....}
Box has ID: 2048102341
--------------------------------------------------
separating paper......
process carried out at separation unit ID: 74885833
{ recyclable of type P dropped into box....}
Box has ID: 2048102341
--------------------------------------------------
separating paper......
process carried out at separation unit ID: 74885833
{ recyclable of type P dropped into box....}
Box has ID: 2048102341
--------------------------------------------------
separating paper......
process carried out at separation unit ID: 74885833
{ recyclable of type P dropped into box....}
Box has ID: 2048102341
--------------------------------------------------
separating paper......
process carried out at separation unit ID: 74885833
{ recyclable of type P dropped into box....}
Box has ID: 2048102341
--------------------------------------------------
separating paper......
process carried out at separation unit ID: 74885833
{ recyclable of type P dropped into box....}
Box has ID: 2048102341
--------------------------------------------------
separating paper......
process carried out at separation unit ID: 74885833
{ recyclable of type P dropped into box....}
Box has ID: 2048102341
--------------------------------------------------
separating paper......
process carried out at separation unit ID: 74885833
{ recyclable of type P dropped into box....}
Box has ID: 2048102341
--------------------------------------------------
separating paper......
process carried out at separation unit ID: 74885833
{ recyclable of type P dropped into box....}
Box has ID: 2048102341
--------------------------------------------------
separating paper......
process carried out at separation unit ID: 74885833
{ recyclable of type P dropped into box....}
Box has ID: 2048102341
--------------------------------------------------
separating paper......
process carried out at separation unit ID: 74885833
{ recyclable of type P dropped into box....}
Box has ID: 2048102341
--------------------------------------------------
separating paper......
process carried out at separation unit ID: 74885833
{ recyclable of type P dropped into box....}
Box has ID: 2048102341
--------------------------------------------------
separating paper......
process carried out at separation unit ID: 74885833
{ recyclable of type P dropped into box....}
Box has ID: 2048102341
--------------------------------------------------
separating paper......
process carried out at separation unit ID: 74885833
{ recyclable of type P dropped into box....}
Box has ID: 2048102341
--------------------------------------------------
separating paper......
process carried out at separation unit ID: 74885833
{ recyclable of type P dropped into box....}
Box has ID: 2048102341
--------------------------------------------------
separating paper......
process carried out at separation unit ID: 74885833
{ recyclable of type P dropped into box....}
Box has ID: 2048102341
--------------------------------------------------
separating paper......
process carried out at separation unit ID: 74885833
{ recyclable of type P dropped into box....}
Box has ID: 2048102341
--------------------------------------------------
separating paper......
process carried out at separation unit ID: 74885833
{ recyclable of type P dropped into box....}
Box has ID: 2048102341
--------------------------------------------------
separating paper......
process carried out at separation unit ID: 74885833
{ recyclable of type P dropped into box....}
Box has ID: 2048102341
--------------------------------------------------
separating paper......
process carried out at separation unit ID: 74885833
{ recyclable of type P dropped into box....}
Box has ID: 2048102341
--------------------------------------------------
separating paper......
process carried out at separation unit ID: 74885833
{ recyclable of type P dropped into box....}
Box has ID: 2048102341
--------------------------------------------------
separating paper......
process carried out at separation unit ID: 74885833
{ recyclable of type P dropped into box....}
Box has ID: 2048102341
--------------------------------------------------
separating paper......
process carried out at separation unit ID: 74885833
{ recyclable of type P dropped into box....}
Box has ID: 2048102341
--------------------------------------------------
separating paper......
process carried out at separation unit ID: 74885833
{ recyclable of type P dropped into box....}
Box has ID: 2048102341
--------------------------------------------------
separating paper......
process carried out at separation unit ID: 74885833
{ recyclable of type P dropped into box....}
Box has ID: 2048102341
--------------------------------------------------
separating paper......
process carried out at separation unit ID: 74885833
{ recyclable of type P dropped into box....}
Box has ID: 2048102341
--------------------------------------------------
separating paper......
process carried out at separation unit ID: 74885833
{ recyclable of type P dropped into box....}
Box has ID: 2048102341
--------------------------------------------------
separating paper......
process carried out at separation unit ID: 74885833
{ recyclable of type P dropped into box....}
Box has ID: 2048102341
--------------------------------------------------
separating paper......
process carried out at separation unit ID: 74885833
{ recyclable of type P dropped into box....}
Box has ID: 2048102341
--------------------------------------------------
separating paper......
process carried out at separation unit ID: 74885833
{ recyclable of type P dropped into box....}
Box has ID: 2048102341
--------------------------------------------------
separating paper......
process carried out at separation unit ID: 74885833
{ recyclable of type P dropped into box....}
Box has ID: 2048102341
--------------------------------------------------
separating paper......
process carried out at separation unit ID: 74885833
{ recyclable of type P dropped into box....}
Box has ID: 2048102341
--------------------------------------------------
separating paper......
process carried out at separation unit ID: 74885833
{ recyclable of type P dropped into box....}
Box has ID: 2048102341
--------------------------------------------------
separating paper......
process carried out at separation unit ID: 74885833
{ recyclable of type P dropped into box....}
Box has ID: 2048102341
--------------------------------------------------
separating paper......
process carried out at separation unit ID: 74885833
{ recyclable of type P dropped into box....}
Box has ID: 2048102341
--------------------------------------------------
separating paper......
process carried out at separation unit ID: 74885833
{ recyclable of type P dropped into box....}
Box has ID: 2048102341
--------------------------------------------------
separating paper......
process carried out at separation unit ID: 74885833
{ recyclable of type P dropped into box....}
Box has ID: 2048102341
--------------------------------------------------
separating paper......
process carried out at separation unit ID: 74885833
{ recyclable of type P dropped into box....}
Box has ID: 2048102341
--------------------------------------------------
separating paper......
process carried out at separation unit ID: 74885833
{ recyclable of type P dropped into box....}
Box has ID: 2048102341
--------------------------------------------------
separating paper......
process carried out at separation unit ID: 74885833
{ recyclable of type P dropped into box....}
Box has ID: 2048102341
--------------------------------------------------
separating paper......
process carried out at separation unit ID: 74885833
{ recyclable of type P dropped into box....}
Box has ID: 2048102341
--------------------------------------------------
separating paper......
process carried out at separation unit ID: 74885833
{ recyclable of type P dropped into box....}
Box has ID: 2048102341
--------------------------------------------------
separating paper......
process carried out at separation unit ID: 74885833
{ recyclable of type P dropped into box....}
Box has ID: 2048102341
--------------------------------------------------
separating paper......
process carried out at separation unit ID: 74885833
{ recyclable of type P dropped into box....}
Box has ID: 2048102341
--------------------------------------------------
separating paper......
process carried out at separation unit ID: 74885833
{ recyclable of type P dropped into box....}
Box has ID: 2048102341
--------------------------------------------------
separating paper......
process carried out at separation unit ID: 74885833
{ recyclable of type P dropped into box....}
Box has ID: 2048102341
--------------------------------------------------
separating paper......
process carried out at separation unit ID: 74885833
{ recyclable of type P dropped into box....}
Box has ID: 2048102341
--------------------------------------------------
separating paper......
process carried out at separation unit ID: 74885833
{ recyclable of type P dropped into box....}
Box has ID: 2048102341
--------------------------------------------------
separating paper......
process carried out at separation unit ID: 74885833
{ recyclable of type P dropped into box....}
Box has ID: 2048102341
--------------------------------------------------
separating paper......
process carried out at separation unit ID: 74885833
{ recyclable of type P dropped into box....}
Box has ID: 2048102341
--------------------------------------------------
separating paper......
process carried out at separation unit ID: 74885833
{ recyclable of type P dropped into box....}
Box has ID: 2048102341
--------------------------------------------------
separating paper......
process carried out at separation unit ID: 74885833
{ recyclable of type P dropped into box....}
Box has ID: 2048102341
--------------------------------------------------
separating paper......
process carried out at separation unit ID: 74885833
{ recyclable of type P dropped into box....}
Box has ID: 2048102341
--------------------------------------------------
separating paper......
process carried out at separation unit ID: 74885833
{ recyclable of type P dropped into box....}
Box has ID: 2048102341
--------------------------------------------------
separating paper......
process carried out at separation unit ID: 74885833
{ recyclable of type P dropped into box....}
Box has ID: 2048102341
--------------------------------------------------
separating paper......
process carried out at separation unit ID: 74885833
{ recyclable of type P dropped into box....}
Box has ID: 2048102341
--------------------------------------------------
separating paper......
process carried out at separation unit ID: 74885833
{ recyclable of type P dropped into box....}
Box has ID: 2048102341
--------------------------------------------------
separating paper......
process carried out at separation unit ID: 74885833
{ recyclable of type P dropped into box....}
Box has ID: 2048102341
--------------------------------------------------
separating paper......
process carried out at separation unit ID: 74885833
{ recyclable of type P dropped into box....}
Box has ID: 2048102341
--------------------------------------------------
separating paper......
process carried out at separation unit ID: 74885833
{ recyclable of type P dropped into box....}
Box has ID: 2048102341
--------------------------------------------------
separating paper......
process carried out at separation unit ID: 74885833
{ recyclable of type P dropped into box....}
Box has ID: 2048102341
--------------------------------------------------
separating paper......
process carried out at separation unit ID: 74885833
{ recyclable of type P dropped into box....}
Box has ID: 2048102341
--------------------------------------------------
separating paper......
process carried out at separation unit ID: 74885833
{ recyclable of type P dropped into box....}
Box has ID: 2048102341
--------------------------------------------------
separating paper......
process carried out at separation unit ID: 74885833
{ recyclable of type P dropped into box....}
Box has ID: 2048102341
--------------------------------------------------
separating paper......
process carried out at separation unit ID: 74885833
{ recyclable of type P dropped into box....}
Box has ID: 2048102341
--------------------------------------------------
separating paper......
process carried out at separation unit ID: 74885833
{ recyclable of type P dropped into box....}
Box has ID: 2048102341
--------------------------------------------------
separating paper......
process carried out at separation unit ID: 74885833
{ recyclable of type P dropped into box....}
Box has ID: 2048102341
--------------------------------------------------
separating paper......
process carried out at separation unit ID: 74885833
{ recyclable of type P dropped into box....}
Box has ID: 2048102341
--------------------------------------------------
separating paper......
process carried out at separation unit ID: 74885833
{ recyclable of type P dropped into box....}
Box has ID: 2048102341
--------------------------------------------------
separating paper......
process carried out at separation unit ID: 74885833
{ recyclable of type P dropped into box....}
Box has ID: 2048102341
--------------------------------------------------
separating paper......
process carried out at separation unit ID: 74885833
{ recyclable of type P dropped into box....}
Box has ID: 2048102341
--------------------------------------------------
separating paper......
process carried out at separation unit ID: 74885833
{ recyclable of type P dropped into box....}
Box has ID: 2048102341
--------------------------------------------------
separating paper......
process carried out at separation unit ID: 74885833
{ recyclable of type P dropped into box....}
Box has ID: 2048102341
--------------------------------------------------
separating paper......
process carried out at separation unit ID: 74885833
{ recyclable of type P dropped into box....}
Box has ID: 2048102341
--------------------------------------------------
separating paper......
process carried out at separation unit ID: 74885833
{ recyclable of type P dropped into box....}
Box has ID: 2048102341
--------------------------------------------------
separating paper......
process carried out at separation unit ID: 74885833
{ recyclable of type P dropped into box....}
Box has ID: 2048102341
--------------------------------------------------
separating paper......
process carried out at separation unit ID: 74885833
{ recyclable of type P dropped into box....}
Box has ID: 2048102341
--------------------------------------------------
separating paper......
process carried out at separation unit ID: 74885833
{ recyclable of type P dropped into box....}
Box has ID: 2048102341
--------------------------------------------------
separating paper......
process carried out at separation unit ID: 74885833
{ recyclable of type P dropped into box....}
Box has ID: 2048102341
--------------------------------------------------
separating paper......
process carried out at separation unit ID: 74885833
{ recyclable of type P dropped into box....}
Box has ID: 2048102341
--------------------------------------------------
separating paper......
process carried out at separation unit ID: 74885833
{ recyclable of type P dropped into box....}
Box has ID: 2048102341
--------------------------------------------------
separating paper......
process carried out at separation unit ID: 74885833
{ recyclable of type P dropped into box....}
Box has ID: 2048102341
--------------------------------------------------
separating paper......
process carried out at separation unit ID: 74885833
{ recyclable of type P dropped into box....}
Box has ID: 2048102341
--------------------------------------------------
separating paper......
process carried out at separation unit ID: 74885833
{ recyclable of type P dropped into box....}
Box has ID: 2048102341
--------------------------------------------------
separating paper......
process carried out at separation unit ID: 74885833
{ recyclable of type P dropped into box....}
Box has ID: 2048102341
--------------------------------------------------
separating paper......
process carried out at separation unit ID: 74885833
{ recyclable of type P dropped into box....}
Box has ID: 2048102341
--------------------------------------------------
separating paper......
process carried out at separation unit ID: 74885833
{ recyclable of type P dropped into box....}
Box has ID: 2048102341
--------------------------------------------------
separating paper......
process carried out at separation unit ID: 74885833
{ recyclable of type P dropped into box....}
Box has ID: 2048102341
--------------------------------------------------
separating paper......
process carried out at separation unit ID: 74885833
{ recyclable of type P dropped into box....}
Box has ID: 2048102341
--------------------------------------------------
separating paper......
process carried out at separation unit ID: 74885833
{ recyclable of type P dropped into box....}
Box has ID: 2048102341
--------------------------------------------------
separating paper......
process carried out at separation unit ID: 74885833
{ recyclable of type P dropped into box....}
Box has ID: 2048102341
--------------------------------------------------
separating paper......
process carried out at separation unit ID: 74885833
{ recyclable of type P dropped into box....}
Box has ID: 2048102341
--------------------------------------------------
separating paper......
process carried out at separation unit ID: 74885833
{ recyclable of type P dropped into box....}
Box has ID: 2048102341
--------------------------------------------------
separating paper......
process carried out at separation unit ID: 74885833
{ recyclable of type P dropped into box....}
Box has ID: 2048102341
--------------------------------------------------
separating paper......
process carried out at separation unit ID: 74885833
{ recyclable of type P dropped into box....}
Box has ID: 2048102341
--------------------------------------------------
separating paper......
process carried out at separation unit ID: 74885833
{ recyclable of type P dropped into box....}
Box has ID: 2048102341
--------------------------------------------------
separating paper......
process carried out at separation unit ID: 74885833
{ recyclable of type P dropped into box....}
Box has ID: 2048102341
--------------------------------------------------
separating paper......
process carried out at separation unit ID: 74885833
{ recyclable of type P dropped into box....}
Box has ID: 2048102341
--------------------------------------------------
separating paper......
process carried out at separation unit ID: 74885833
{ recyclable of type P dropped into box....}
Box has ID: 2048102341
--------------------------------------------------
separating paper......
process carried out at separation unit ID: 74885833
{ recyclable of type P dropped into box....}
Box has ID: 2048102341
--------------------------------------------------
separating paper......
process carried out at separation unit ID: 74885833
{ recyclable of type P dropped into box....}
Box has ID: 2048102341
--------------------------------------------------
separating paper......
process carried out at separation unit ID: 74885833
{ recyclable of type P dropped into box....}
Box has ID: 2048102341
--------------------------------------------------
separating paper......
process carried out at separation unit ID: 74885833
{ recyclable of type P dropped into box....}
Box has ID: 2048102341
--------------------------------------------------
separating paper......
process carried out at separation unit ID: 74885833
{ recyclable of type P dropped into box....}
Box has ID: 2048102341
--------------------------------------------------
separating paper......
process carried out at separation unit ID: 74885833
{ recyclable of type P dropped into box....}
Box has ID: 2048102341
--------------------------------------------------
separating paper......
process carried out at separation unit ID: 74885833
{ recyclable of type P dropped into box....}
Box has ID: 2048102341
--------------------------------------------------
separating paper......
process carried out at separation unit ID: 74885833
{ recyclable of type P dropped into box....}
Box has ID: 2048102341
--------------------------------------------------
separating paper......
process carried out at separation unit ID: 74885833
{ recyclable of type P dropped into box....}
Box has ID: 2048102341
--------------------------------------------------
separating paper......
process carried out at separation unit ID: 74885833
{ recyclable of type P dropped into box....}
Box has ID: 2048102341
--------------------------------------------------
separating paper......
process carried out at separation unit ID: 74885833
{ recyclable of type P dropped into box....}
Box has ID: 2048102341
--------------------------------------------------
separating paper......
process carried out at separation unit ID: 74885833
{ recyclable of type P dropped into box....}
Box has ID: 2048102341
--------------------------------------------------
separating paper......
process carried out at separation unit ID: 74885833
{ recyclable of type P dropped into box....}
Box has ID: 2048102341
--------------------------------------------------
separating paper......
process carried out at separation unit ID: 74885833
{ recyclable of type P dropped into box....}
Box has ID: 2048102341
--------------------------------------------------
separating paper......
process carried out at separation unit ID: 74885833
{ recyclable of type P dropped into box....}
Box has ID: 2048102341
--------------------------------------------------
separating paper......
process carried out at separation unit ID: 74885833
{ recyclable of type P dropped into box....}
Box has ID: 2048102341
--------------------------------------------------
separating paper......
process carried out at separation unit ID: 74885833
{ recyclable of type P dropped into box....}
Box has ID: 2048102341
--------------------------------------------------
separating paper......
process carried out at separation unit ID: 74885833
{ recyclable of type P dropped into box....}
Box has ID: 2048102341
--------------------------------------------------
separating paper......
process carried out at separation unit ID: 74885833
{ recyclable of type P dropped into box....}
Box has ID: 2048102341
--------------------------------------------------
separating paper......
process carried out at separation unit ID: 74885833
{ recyclable of type P dropped into box....}
Box has ID: 2048102341
--------------------------------------------------
separating paper......
process carried out at separation unit ID: 74885833
{ recyclable of type P dropped into box....}
Box has ID: 2048102341
--------------------------------------------------
separating paper......
process carried out at separation unit ID: 74885833
{ recyclable of type P dropped into box....}
Box has ID: 2048102341
--------------------------------------------------
separating paper......
process carried out at separation unit ID: 74885833
{ recyclable of type P dropped into box....}
Box has ID: 2048102341
--------------------------------------------------
separating paper......
process carried out at separation unit ID: 74885833
{ recyclable of type P dropped into box....}
Box has ID: 2048102341
--------------------------------------------------
separating paper......
process carried out at separation unit ID: 74885833
{ recyclable of type P dropped into box....}
Box has ID: 2048102341
--------------------------------------------------
separating paper......
process carried out at separation unit ID: 74885833
{ recyclable of type P dropped into box....}
Box has ID: 2048102341
--------------------------------------------------
separating paper......
process carried out at separation unit ID: 74885833
{ recyclable of type P dropped into box....}
Box has ID: 2048102341
--------------------------------------------------
separating paper......
process carried out at separation unit ID: 74885833
{ recyclable of type P dropped into box....}
Box has ID: 2048102341
--------------------------------------------------
separating paper......
process carried out at separation unit ID: 74885833
{ recyclable of type P dropped into box....}
Box has ID: 2048102341
--------------------------------------------------
separating paper......
process carried out at separation unit ID: 74885833
{ recyclable of type P dropped into box....}
Box has ID: 2048102341
--------------------------------------------------
separating paper......
process carried out at separation unit ID: 74885833
{ recyclable of type P dropped into box....}
Box has ID: 2048102341
--------------------------------------------------
separating paper......
process carried out at separation unit ID: 74885833
{ recyclable of type P dropped into box....}
Box has ID: 2048102341
--------------------------------------------------
separating paper......
process carried out at separation unit ID: 74885833
{ recyclable of type P dropped into box....}
Box has ID: 2048102341
--------------------------------------------------
separating paper......
process carried out at separation unit ID: 74885833
{ recyclable of type P dropped into box....}
Box has ID: 2048102341
--------------------------------------------------
separating paper......
process carried out at separation unit ID: 74885833
{ recyclable of type P dropped into box....}
Box has ID: 2048102341
--------------------------------------------------
separating paper......
process carried out at separation unit ID: 74885833
{ recyclable of type P dropped into box....}
Box has ID: 2048102341
--------------------------------------------------
separating paper......
process carried out at separation unit ID: 74885833
{ recyclable of type P dropped into box....}
Box has ID: 2048102341
--------------------------------------------------
separating paper......
process carried out at separation unit ID: 74885833
{ recyclable of type P dropped into box....}
Box has ID: 2048102341
--------------------------------------------------
separating paper......
process carried out at separation unit ID: 74885833
{ recyclable of type P dropped into box....}
Box has ID: 2048102341
--------------------------------------------------
separating paper......
process carried out at separation unit ID: 74885833
{ recyclable of type P dropped into box....}
Box has ID: 2048102341
--------------------------------------------------
separating paper......
process carried out at separation unit ID: 74885833
{ recyclable of type P dropped into box....}
Box has ID: 2048102341
--------------------------------------------------
separating paper......
process carried out at separation unit ID: 74885833
{ recyclable of type P dropped into box....}
Box has ID: 2048102341
--------------------------------------------------
separating paper......
process carried out at separation unit ID: 74885833
{ recyclable of type P dropped into box....}
Box has ID: 2048102341
--------------------------------------------------
separating paper......
process carried out at separation unit ID: 74885833
{ recyclable of type P dropped into box....}
Box has ID: 2048102341
--------------------------------------------------
separating paper......
process carried out at separation unit ID: 74885833
{ recyclable of type P dropped into box....}
Box has ID: 2048102341
--------------------------------------------------
separating paper......
process carried out at separation unit ID: 74885833
{ recyclable of type P dropped into box....}
Box has ID: 2048102341
--------------------------------------------------
separating paper......
process carried out at separation unit ID: 74885833
{ recyclable of type P dropped into box....}
Box has ID: 2048102341
--------------------------------------------------
separating paper......
process carried out at separation unit ID: 74885833
{ recyclable of type P dropped into box....}
Box has ID: 2048102341
--------------------------------------------------
separating paper......
process carried out at separation unit ID: 74885833
{ recyclable of type P dropped into box....}
Box has ID: 2048102341
--------------------------------------------------
separating paper......
process carried out at separation unit ID: 74885833
{ recyclable of type P dropped into box....}
Box has ID: 2048102341
--------------------------------------------------
separating paper......
process carried out at separation unit ID: 74885833
{ recyclable of type P dropped into box....}
Box has ID: 2048102341
--------------------------------------------------
separating paper......
process carried out at separation unit ID: 74885833
{ recyclable of type P dropped into box....}
Box has ID: 2048102341
--------------------------------------------------
separating paper......
process carried out at separation unit ID: 74885833
{ recyclable of type P dropped into box....}
Box has ID: 2048102341
--------------------------------------------------
separating paper......
process carried out at separation unit ID: 74885833
{ recyclable of type P dropped into box....}
Box has ID: 2048102341
--------------------------------------------------
separating paper......
process carried out at separation unit ID: 74885833
{ recyclable of type P dropped into box....}
Box has ID: 2048102341
--------------------------------------------------
separating paper......
process carried out at separation unit ID: 74885833
{ recyclable of type P dropped into box....}
Box has ID: 2048102341
--------------------------------------------------
separating paper......
process carried out at separation unit ID: 74885833
{ recyclable of type P dropped into box....}
Box has ID: 2048102341
--------------------------------------------------
separating paper......
process carried out at separation unit ID: 74885833
{ recyclable of type P dropped into box....}
Box has ID: 2048102341
--------------------------------------------------
separating paper......
process carried out at separation unit ID: 74885833
{ recyclable of type P dropped into box....}
Box has ID: 2048102341
--------------------------------------------------
separating paper......
process carried out at separation unit ID: 74885833
{ recyclable of type P dropped into box....}
Box has ID: 2048102341
--------------------------------------------------
separating paper......
process carried out at separation unit ID: 74885833
{ recyclable of type P dropped into box....}
Box has ID: 2048102341
--------------------------------------------------
separating paper......
process carried out at separation unit ID: 74885833
{ recyclable of type P dropped into box....}
Box has ID: 2048102341
--------------------------------------------------
separating paper......
process carried out at separation unit ID: 74885833
{ recyclable of type P dropped into box....}
Box has ID: 2048102341
--------------------------------------------------
separating paper......
process carried out at separation unit ID: 74885833
{ recyclable of type P dropped into box....}
Box has ID: 2048102341
--------------------------------------------------
separating paper......
process carried out at separation unit ID: 74885833
{ recyclable of type P dropped into box....}
Box has ID: 2048102341
--------------------------------------------------
separating paper......
process carried out at separation unit ID: 74885833
{ recyclable of type P dropped into box....}
Box has ID: 2048102341
--------------------------------------------------
separating paper......
process carried out at separation unit ID: 74885833
{ recyclable of type P dropped into box....}
Box has ID: 2048102341
--------------------------------------------------
separating paper......
process carried out at separation unit ID: 74885833
{ recyclable of type P dropped into box....}
Box has ID: 2048102341
--------------------------------------------------
separating paper......
process carried out at separation unit ID: 74885833
{ recyclable of type P dropped into box....}
Box has ID: 2048102341
--------------------------------------------------
separating paper......
process carried out at separation unit ID: 74885833
{ recyclable of type P dropped into box....}
Box has ID: 2048102341
--------------------------------------------------
separating paper......
process carried out at separation unit ID: 74885833
{ recyclable of type P dropped into box....}
Box has ID: 2048102341
--------------------------------------------------
separating paper......
process carried out at separation unit ID: 74885833
{ recyclable of type P dropped into box....}
Box has ID: 2048102341
--------------------------------------------------
separating paper......
process carried out at separation unit ID: 74885833
{ recyclable of type P dropped into box....}
Box has ID: 2048102341
--------------------------------------------------
separating paper......
process carried out at separation unit ID: 74885833
{ recyclable of type P dropped into box....}
Box has ID: 2048102341
--------------------------------------------------
separating paper......
process carried out at separation unit ID: 74885833
{ recyclable of type P dropped into box....}
Box has ID: 2048102341
--------------------------------------------------
separating paper......
process carried out at separation unit ID: 74885833
{ recyclable of type P dropped into box....}
Box has ID: 2048102341
--------------------------------------------------
separating paper......
process carried out at separation unit ID: 74885833
{ recyclable of type P dropped into box....}
Box has ID: 2048102341
--------------------------------------------------
separating paper......
process carried out at separation unit ID: 74885833
{ recyclable of type P dropped into box....}
Box has ID: 2048102341
--------------------------------------------------
separating paper......
process carried out at separation unit ID: 74885833
{ recyclable of type P dropped into box....}
Box has ID: 2048102341
--------------------------------------------------
separating paper......
process carried out at separation unit ID: 74885833
{ recyclable of type P dropped into box....}
Box has ID: 2048102341
--------------------------------------------------
separating paper......
process carried out at separation unit ID: 74885833
{ recyclable of type P dropped into box....}
Box has ID: 2048102341
--------------------------------------------------
separating paper......
process carried out at separation unit ID: 74885833
{ recyclable of type P dropped into box....}
Box has ID: 2048102341
--------------------------------------------------
separating paper......
process carried out at separation unit ID: 74885833
{ recyclable of type P dropped into box....}
Box has ID: 2048102341
--------------------------------------------------
separating paper......
process carried out at separation unit ID: 74885833
{ recyclable of type P dropped into box....}
Box has ID: 2048102341
--------------------------------------------------
separating paper......
process carried out at separation unit ID: 74885833
{ recyclable of type P dropped into box....}
Box has ID: 2048102341
--------------------------------------------------
separating paper......
process carried out at separation unit ID: 74885833
{ recyclable of type P dropped into box....}
Box has ID: 2048102341
--------------------------------------------------
separating paper......
process carried out at separation unit ID: 74885833
{ recyclable of type P dropped into box....}
Box has ID: 2048102341
--------------------------------------------------
separating paper......
process carried out at separation unit ID: 74885833
{ recyclable of type P dropped into box....}
Box has ID: 2048102341
--------------------------------------------------
separating paper......
process carried out at separation unit ID: 74885833
{ recyclable of type P dropped into box....}
Box has ID: 2048102341
--------------------------------------------------
separating paper......
process carried out at separation unit ID: 74885833
{ recyclable of type P dropped into box....}
Box has ID: 2048102341
--------------------------------------------------
separating paper......
process carried out at separation unit ID: 74885833
{ recyclable of type P dropped into box....}
Box has ID: 2048102341
--------------------------------------------------
separating paper......
process carried out at separation unit ID: 74885833
{ recyclable of type P dropped into box....}
Box has ID: 2048102341
--------------------------------------------------
separating paper......
process carried out at separation unit ID: 74885833
{ recyclable of type P dropped into box....}
Box has ID: 2048102341
--------------------------------------------------
separating paper......
process carried out at separation unit ID: 74885833
{ recyclable of type P dropped into box....}
Box has ID: 2048102341
--------------------------------------------------
separating paper......
process carried out at separation unit ID: 74885833
{ recyclable of type P dropped into box....}
Box has ID: 2048102341
--------------------------------------------------
separating paper......
process carried out at separation unit ID: 74885833
{ recyclable of type P dropped into box....}
Box has ID: 2048102341
--------------------------------------------------
separating paper......
process carried out at separation unit ID: 74885833
{ recyclable of type P dropped into box....}
Box has ID: 2048102341
--------------------------------------------------
separating paper......
process carried out at separation unit ID: 74885833
{ recyclable of type P dropped into box....}
Box has ID: 2048102341
--------------------------------------------------
separating paper......
process carried out at separation unit ID: 74885833
{ recyclable of type P dropped into box....}
Box has ID: 2048102341
--------------------------------------------------
separating paper......
process carried out at separation unit ID: 74885833
{ recyclable of type P dropped into box....}
Box has ID: 2048102341
--------------------------------------------------
separating paper......
process carried out at separation unit ID: 74885833
{ recyclable of type P dropped into box....}
Box has ID: 2048102341
--------------------------------------------------
separating paper......
process carried out at separation unit ID: 74885833
{ recyclable of type P dropped into box....}
Box has ID: 2048102341
--------------------------------------------------
separating paper......
process carried out at separation unit ID: 74885833
{ recyclable of type P dropped into box....}
Box has ID: 2048102341
--------------------------------------------------
separating paper......
process carried out at separation unit ID: 74885833
{ recyclable of type P dropped into box....}
Box has ID: 2048102341
--------------------------------------------------
separating paper......
process carried out at separation unit ID: 74885833
{ recyclable of type P dropped into box....}
Box has ID: 2048102341
--------------------------------------------------
separating paper......
process carried out at separation unit ID: 74885833
{ recyclable of type P dropped into box....}
Box has ID: 2048102341
--------------------------------------------------
separating paper......
process carried out at separation unit ID: 74885833
{ recyclable of type P dropped into box....}
Box has ID: 2048102341
--------------------------------------------------
separating paper......
process carried out at separation unit ID: 74885833
{ recyclable of type P dropped into box....}
Box has ID: 2048102341
--------------------------------------------------
separating paper......
process carried out at separation unit ID: 74885833
{ recyclable of type P dropped into box....}
Box has ID: 2048102341
--------------------------------------------------
separating paper......
process carried out at separation unit ID: 74885833
{ recyclable of type P dropped into box....}
Box has ID: 2048102341
--------------------------------------------------
separating paper......
process carried out at separation unit ID: 74885833
{ recyclable of type P dropped into box....}
Box has ID: 2048102341
--------------------------------------------------
separating paper......
process carried out at separation unit ID: 74885833
{ recyclable of type P dropped into box....}
Box has ID: 2048102341
--------------------------------------------------
separating paper......
process carried out at separation unit ID: 74885833
{ recyclable of type P dropped into box....}
Box has ID: 2048102341
--------------------------------------------------
separating paper......
process carried out at separation unit ID: 74885833
{ recyclable of type P dropped into box....}
Box has ID: 2048102341
--------------------------------------------------
separating paper......
process carried out at separation unit ID: 74885833
{ recyclable of type P dropped into box....}
Box has ID: 2048102341
--------------------------------------------------
separating paper......
process carried out at separation unit ID: 74885833
{ recyclable of type P dropped into box....}
Box has ID: 2048102341
--------------------------------------------------
separating paper......
process carried out at separation unit ID: 74885833
{ recyclable of type P dropped into box....}
Box has ID: 2048102341
--------------------------------------------------
separating paper......
process carried out at separation unit ID: 74885833
{ recyclable of type P dropped into box....}
Box has ID: 2048102341
--------------------------------------------------
separating paper......
process carried out at separation unit ID: 74885833
{ recyclable of type P dropped into box....}
Box has ID: 2048102341
--------------------------------------------------
separating paper......
process carried out at separation unit ID: 74885833
{ recyclable of type P dropped into box....}
Box has ID: 2048102341
--------------------------------------------------
separating paper......
process carried out at separation unit ID: 74885833
{ recyclable of type P dropped into box....}
Box has ID: 2048102341
--------------------------------------------------
separating paper......
process carried out at separation unit ID: 74885833
{ recyclable of type P dropped into box....}
Box has ID: 2048102341
--------------------------------------------------
separating paper......
process carried out at separation unit ID: 74885833
{ recyclable of type P dropped into box....}
Box has ID: 2048102341
--------------------------------------------------
separating paper......
process carried out at separation unit ID: 74885833
{ recyclable of type P dropped into box....}
Box has ID: 2048102341
--------------------------------------------------
separating paper......
process carried out at separation unit ID: 74885833
{ recyclable of type P dropped into box....}
Box has ID: 2048102341
--------------------------------------------------
separating paper......
process carried out at separation unit ID: 74885833
{ recyclable of type P dropped into box....}
Box has ID: 2048102341
--------------------------------------------------
separating paper......
process carried out at separation unit ID: 74885833
{ recyclable of type P dropped into box....}
Box has ID: 2048102341
--------------------------------------------------
separating paper......
process carried out at separation unit ID: 74885833
{ recyclable of type P dropped into box....}
Box has ID: 2048102341
--------------------------------------------------
separating paper......
process carried out at separation unit ID: 74885833
{ recyclable of type P dropped into box....}
Box has ID: 2048102341
--------------------------------------------------
separating paper......
process carried out at separation unit ID: 74885833
{ recyclable of type P dropped into box....}
Box has ID: 2048102341
--------------------------------------------------
separating paper......
process carried out at separation unit ID: 74885833
{ recyclable of type P dropped into box....}
Box has ID: 2048102341
--------------------------------------------------
separating paper......
process carried out at separation unit ID: 74885833
{ recyclable of type P dropped into box....}
Box has ID: 2048102341
--------------------------------------------------
separating paper......
process carried out at separation unit ID: 74885833
{ recyclable of type P dropped into box....}
Box has ID: 2048102341
--------------------------------------------------
separating paper......
process carried out at separation unit ID: 74885833
{ recyclable of type P dropped into box....}
Box has ID: 2048102341
--------------------------------------------------
separating paper......
process carried out at separation unit ID: 74885833
{ recyclable of type P dropped into box....}
Box has ID: 2048102341
--------------------------------------------------
separating paper......
process carried out at separation unit ID: 74885833
{ recyclable of type P dropped into box....}
Box has ID: 2048102341
--------------------------------------------------
separating paper......
process carried out at separation unit ID: 74885833
{ recyclable of type P dropped into box....}
Box has ID: 2048102341
--------------------------------------------------
separating paper......
process carried out at separation unit ID: 74885833
{ recyclable of type P dropped into box....}
Box has ID: 2048102341
--------------------------------------------------
separating paper......
process carried out at separation unit ID: 74885833
{ recyclable of type P dropped into box....}
Box has ID: 2048102341
--------------------------------------------------
separating paper......
process carried out at separation unit ID: 74885833
{ recyclable of type P dropped into box....}
Box has ID: 2048102341
--------------------------------------------------
separating paper......
process carried out at separation unit ID: 74885833
{ recyclable of type P dropped into box....}
Box has ID: 2048102341
--------------------------------------------------
separating paper......
process carried out at separation unit ID: 74885833
{ recyclable of type P dropped into box....}
Box has ID: 2048102341
--------------------------------------------------
separating paper......
process carried out at separation unit ID: 74885833
{ recyclable of type P dropped into box....}
Box has ID: 2048102341
--------------------------------------------------
separating paper......
process carried out at separation unit ID: 74885833
{ recyclable of type P dropped into box....}
Box has ID: 2048102341
--------------------------------------------------
separating paper......
process carried out at separation unit ID: 74885833
{ recyclable of type P dropped into box....}
Box has ID: 2048102341
--------------------------------------------------
separating paper......
process carried out at separation unit ID: 74885833
{ recyclable of type P dropped into box....}
Box has ID: 2048102341
--------------------------------------------------
separating paper......
process carried out at separation unit ID: 74885833
{ recyclable of type P dropped into box....}
Box has ID: 2048102341
--------------------------------------------------
separating paper......
process carried out at separation unit ID: 74885833
{ recyclable of type P dropped into box....}
Box has ID: 2048102341
--------------------------------------------------
separating paper......
process carried out at separation unit ID: 74885833
{ recyclable of type P dropped into box....}
Box has ID: 2048102341
--------------------------------------------------
separating paper......
process carried out at separation unit ID: 74885833
{ recyclable of type P dropped into box....}
Box has ID: 2048102341
--------------------------------------------------
separating paper......
process carried out at separation unit ID: 74885833
{ recyclable of type P dropped into box....}
Box has ID: 2048102341
--------------------------------------------------
separating paper......
process carried out at separation unit ID: 74885833
{ recyclable of type P dropped into box....}
Box has ID: 2048102341
--------------------------------------------------
separating paper......
process carried out at separation unit ID: 74885833
{ recyclable of type P dropped into box....}
Box has ID: 2048102341
--------------------------------------------------
separating paper......
process carried out at separation unit ID: 74885833
{ recyclable of type P dropped into box....}
Box has ID: 2048102341
--------------------------------------------------
separating paper......
process carried out at separation unit ID: 74885833
{ recyclable of type P dropped into box....}
Box has ID: 2048102341
--------------------------------------------------
separating paper......
process carried out at separation unit ID: 74885833
{ recyclable of type P dropped into box....}
Box has ID: 2048102341
--------------------------------------------------
separating paper......
process carried out at separation unit ID: 74885833
{ recyclable of type P dropped into box....}
Box has ID: 2048102341
--------------------------------------------------
separating paper......
process carried out at separation unit ID: 74885833
{ recyclable of type P dropped into box....}
Box has ID: 2048102341
--------------------------------------------------
separating paper......
process carried out at separation unit ID: 74885833
{ recyclable of type P dropped into box....}
Box has ID: 2048102341
--------------------------------------------------
separating paper......
process carried out at separation unit ID: 74885833
{ recyclable of type P dropped into box....}
Box has ID: 2048102341
--------------------------------------------------
separating paper......
process carried out at separation unit ID: 74885833
{ recyclable of type P dropped into box....}
Box has ID: 2048102341
--------------------------------------------------
separating paper......
process carried out at separation unit ID: 74885833
{ recyclable of type P dropped into box....}
Box has ID: 2048102341
--------------------------------------------------
separating paper......
process carried out at separation unit ID: 74885833
{ recyclable of type P dropped into box....}
Box has ID: 2048102341
--------------------------------------------------
separating paper......
process carried out at separation unit ID: 74885833
{ recyclable of type P dropped into box....}
Box has ID: 2048102341
--------------------------------------------------
separating paper......
process carried out at separation unit ID: 74885833
{ recyclable of type P dropped into box....}
Box has ID: 2048102341
--------------------------------------------------
separating paper......
process carried out at separation unit ID: 74885833
{ recyclable of type P dropped into box....}
Box has ID: 2048102341
--------------------------------------------------
separating paper......
process carried out at separation unit ID: 74885833
{ recyclable of type P dropped into box....}
Box has ID: 2048102341
--------------------------------------------------
separating paper......
process carried out at separation unit ID: 74885833
{ recyclable of type P dropped into box....}
Box has ID: 2048102341
--------------------------------------------------
separating paper......
process carried out at separation unit ID: 74885833
{ recyclable of type P dropped into box....}
Box has ID: 2048102341
--------------------------------------------------
separating paper......
process carried out at separation unit ID: 74885833
{ recyclable of type P dropped into box....}
Box has ID: 2048102341
--------------------------------------------------
separating paper......
process carried out at separation unit ID: 74885833
{ recyclable of type P dropped into box....}
Box has ID: 2048102341
--------------------------------------------------
separating paper......
process carried out at separation unit ID: 74885833
{ recyclable of type P dropped into box....}
Box has ID: 2048102341
--------------------------------------------------
separating paper......
process carried out at separation unit ID: 74885833
{ recyclable of type P dropped into box....}
Box has ID: 2048102341
--------------------------------------------------
separating paper......
process carried out at separation unit ID: 74885833
{ recyclable of type P dropped into box....}
Box has ID: 2048102341
--------------------------------------------------
separating paper......
process carried out at separation unit ID: 74885833
{ recyclable of type P dropped into box....}
Box has ID: 2048102341
--------------------------------------------------
separating paper......
process carried out at separation unit ID: 74885833
{ recyclable of type P dropped into box....}
Box has ID: 2048102341
--------------------------------------------------
separating paper......
process carried out at separation unit ID: 74885833
{ recyclable of type P dropped into box....}
Box has ID: 2048102341
--------------------------------------------------
separating paper......
process carried out at separation unit ID: 74885833
{ recyclable of type P dropped into box....}
Box has ID: 2048102341
--------------------------------------------------
separating paper......
process carried out at separation unit ID: 74885833
{ recyclable of type P dropped into box....}
Box has ID: 2048102341
--------------------------------------------------
separating paper......
process carried out at separation unit ID: 74885833
{ recyclable of type P dropped into box....}
Box has ID: 2048102341
--------------------------------------------------
separating paper......
process carried out at separation unit ID: 74885833
{ recyclable of type P dropped into box....}
Box has ID: 2048102341
--------------------------------------------------
separating paper......
process carried out at separation unit ID: 74885833
{ recyclable of type P dropped into box....}
Box has ID: 2048102341
--------------------------------------------------
separating paper......
process carried out at separation unit ID: 74885833
{ recyclable of type P dropped into box....}
Box has ID: 2048102341
--------------------------------------------------
separating paper......
process carried out at separation unit ID: 74885833
{ recyclable of type P dropped into box....}
Box has ID: 2048102341
--------------------------------------------------
separating paper......
process carried out at separation unit ID: 74885833
{ recyclable of type P dropped into box....}
Box has ID: 2048102341
--------------------------------------------------
separating paper......
process carried out at separation unit ID: 74885833
{ recyclable of type P dropped into box....}
Box has ID: 2048102341
--------------------------------------------------
separating paper......
process carried out at separation unit ID: 74885833
{ recyclable of type P dropped into box....}
Box has ID: 2048102341
--------------------------------------------------
separating paper......
process carried out at separation unit ID: 74885833
{ recyclable of type P dropped into box....}
Box has ID: 2048102341
--------------------------------------------------
separating paper......
process carried out at separation unit ID: 74885833
{ recyclable of type P dropped into box....}
Box has ID: 2048102341
--------------------------------------------------
separating paper......
process carried out at separation unit ID: 74885833
{ recyclable of type P dropped into box....}
Box has ID: 2048102341
--------------------------------------------------
separating paper......
process carried out at separation unit ID: 74885833
{ recyclable of type P dropped into box....}
Box has ID: 2048102341
--------------------------------------------------
separating paper......
process carried out at separation unit ID: 74885833
{ recyclable of type P dropped into box....}
Box has ID: 2048102341
--------------------------------------------------
separating paper......
process carried out at separation unit ID: 74885833
{ recyclable of type P dropped into box....}
Box has ID: 2048102341
--------------------------------------------------
separating paper......
process carried out at separation unit ID: 74885833
{ recyclable of type P dropped into box....}
Box has ID: 2048102341
--------------------------------------------------
separating paper......
process carried out at separation unit ID: 74885833
{ recyclable of type P dropped into box....}
Box has ID: 2048102341
--------------------------------------------------
separating paper......
process carried out at separation unit ID: 74885833
{ recyclable of type P dropped into box....}
Box has ID: 2048102341
--------------------------------------------------
separating paper......
process carried out at separation unit ID: 74885833
{ recyclable of type P dropped into box....}
Box has ID: 2048102341
--------------------------------------------------
separating paper......
process carried out at separation unit ID: 74885833
{ recyclable of type P dropped into box....}
Box has ID: 2048102341
--------------------------------------------------
separating paper......
process carried out at separation unit ID: 74885833
{ recyclable of type P dropped into box....}
Box has ID: 2048102341
--------------------------------------------------
separating paper......
process carried out at separation unit ID: 74885833
{ recyclable of type P dropped into box....}
Box has ID: 2048102341
--------------------------------------------------
separating paper......
process carried out at separation unit ID: 74885833
{ recyclable of type P dropped into box....}
Box has ID: 2048102341
--------------------------------------------------
separating paper......
process carried out at separation unit ID: 74885833
{ recyclable of type P dropped into box....}
Box has ID: 2048102341
--------------------------------------------------
separating paper......
process carried out at separation unit ID: 74885833
{ recyclable of type P dropped into box....}
Box has ID: 2048102341
--------------------------------------------------
separating paper......
process carried out at separation unit ID: 74885833
{ recyclable of type P dropped into box....}
Box has ID: 2048102341
--------------------------------------------------
separating paper......
process carried out at separation unit ID: 74885833
{ recyclable of type P dropped into box....}
Box has ID: 2048102341
--------------------------------------------------
separating paper......
process carried out at separation unit ID: 74885833
{ recyclable of type P dropped into box....}
Box has ID: 2048102341
--------------------------------------------------
separating paper......
process carried out at separation unit ID: 74885833
{ recyclable of type P dropped into box....}
Box has ID: 2048102341
--------------------------------------------------
separating paper......
process carried out at separation unit ID: 74885833
{ recyclable of type P dropped into box....}
Box has ID: 2048102341
--------------------------------------------------
separating paper......
process carried out at separation unit ID: 74885833
{ recyclable of type P dropped into box....}
Box has ID: 2048102341
--------------------------------------------------
separating paper......
process carried out at separation unit ID: 74885833
{ recyclable of type P dropped into box....}
Box has ID: 2048102341
--------------------------------------------------
separating paper......
process carried out at separation unit ID: 74885833
{ recyclable of type P dropped into box....}
Box has ID: 2048102341
--------------------------------------------------
separating paper......
process carried out at separation unit ID: 74885833
{ recyclable of type P dropped into box....}
Box has ID: 2048102341
--------------------------------------------------
separating paper......
process carried out at separation unit ID: 74885833
{ recyclable of type P dropped into box....}
Box has ID: 2048102341
--------------------------------------------------
separating paper......
process carried out at separation unit ID: 74885833
{ recyclable of type P dropped into box....}
Box has ID: 2048102341
--------------------------------------------------
separating paper......
process carried out at separation unit ID: 74885833
{ recyclable of type P dropped into box....}
Box has ID: 2048102341
--------------------------------------------------
separating paper......
process carried out at separation unit ID: 74885833
{ recyclable of type P dropped into box....}
Box has ID: 2048102341
--------------------------------------------------
separating paper......
process carried out at separation unit ID: 74885833
{ recyclable of type P dropped into box....}
Box has ID: 2048102341
--------------------------------------------------
separating paper......
process carried out at separation unit ID: 74885833
{ recyclable of type P dropped into box....}
Box has ID: 2048102341
--------------------------------------------------
separating paper......
process carried out at separation unit ID: 74885833
{ recyclable of type P dropped into box....}
Box has ID: 2048102341
--------------------------------------------------
separating paper......
process carried out at separation unit ID: 74885833
{ recyclable of type P dropped into box....}
Box has ID: 2048102341
--------------------------------------------------
separating paper......
process carried out at separation unit ID: 74885833
{ recyclable of type P dropped into box....}
Box has ID: 2048102341
--------------------------------------------------
separating paper......
process carried out at separation unit ID: 74885833
{ recyclable of type P dropped into box....}
Box has ID: 2048102341
--------------------------------------------------
separating paper......
process carried out at separation unit ID: 74885833
{ recyclable of type P dropped into box....}
Box has ID: 2048102341
--------------------------------------------------
separating paper......
process carried out at separation unit ID: 74885833
{ recyclable of type P dropped into box....}
Box has ID: 2048102341
--------------------------------------------------
separating paper......
process carried out at separation unit ID: 74885833
{ recyclable of type P dropped into box....}
Box has ID: 2048102341
--------------------------------------------------
separating paper......
process carried out at separation unit ID: 74885833
{ recyclable of type P dropped into box....}
Box has ID: 2048102341
--------------------------------------------------
separating paper......
process carried out at separation unit ID: 74885833
{ recyclable of type P dropped into box....}
Box has ID: 2048102341
--------------------------------------------------
separating paper......
process carried out at separation unit ID: 74885833
{ recyclable of type P dropped into box....}
Box has ID: 2048102341
--------------------------------------------------
separating paper......
process carried out at separation unit ID: 74885833
{ recyclable of type P dropped into box....}
Box has ID: 2048102341
--------------------------------------------------
separating paper......
process carried out at separation unit ID: 74885833
{ recyclable of type P dropped into box....}
Box has ID: 2048102341
--------------------------------------------------
separating paper......
process carried out at separation unit ID: 74885833
{ recyclable of type P dropped into box....}
Box has ID: 2048102341
--------------------------------------------------
separating paper......
process carried out at separation unit ID: 74885833
{ recyclable of type P dropped into box....}
Box has ID: 2048102341
--------------------------------------------------
separating paper......
process carried out at separation unit ID: 74885833
{ recyclable of type P dropped into box....}
Box has ID: 2048102341
--------------------------------------------------
separating paper......
process carried out at separation unit ID: 74885833
{ recyclable of type P dropped into box....}
Box has ID: 2048102341
--------------------------------------------------
separating paper......
process carried out at separation unit ID: 74885833
{ recyclable of type P dropped into box....}
Box has ID: 2048102341
--------------------------------------------------
separating paper......
process carried out at separation unit ID: 74885833
{ recyclable of type P dropped into box....}
Box has ID: 2048102341
--------------------------------------------------
separating paper......
process carried out at separation unit ID: 74885833
{ recyclable of type P dropped into box....}
Box has ID: 2048102341
--------------------------------------------------
separating paper......
process carried out at separation unit ID: 74885833
{ recyclable of type P dropped into box....}
Box has ID: 2048102341
--------------------------------------------------
separating paper......
process carried out at separation unit ID: 74885833
{ recyclable of type P dropped into box....}
Box has ID: 2048102341
--------------------------------------------------
separating paper......
process carried out at separation unit ID: 74885833
{ recyclable of type P dropped into box....}
Box has ID: 2048102341
--------------------------------------------------
separating paper......
process carried out at separation unit ID: 74885833
{ recyclable of type P dropped into box....}
Box has ID: 2048102341
--------------------------------------------------
separating paper......
process carried out at separation unit ID: 74885833
{ recyclable of type P dropped into box....}
Box has ID: 2048102341
--------------------------------------------------
separating paper......
process carried out at separation unit ID: 74885833
{ recyclable of type P dropped into box....}
Box has ID: 2048102341
--------------------------------------------------
separating paper......
process carried out at separation unit ID: 74885833
{ recyclable of type P dropped into box....}
Box has ID: 2048102341
--------------------------------------------------
separating paper......
process carried out at separation unit ID: 74885833
{ recyclable of type P dropped into box....}
Box has ID: 2048102341
--------------------------------------------------
separating paper......
process carried out at separation unit ID: 74885833
{ recyclable of type P dropped into box....}
Box has ID: 2048102341
--------------------------------------------------
separating paper......
process carried out at separation unit ID: 74885833
{ recyclable of type P dropped into box....}
Box has ID: 2048102341
--------------------------------------------------
separating paper......
process carried out at separation unit ID: 74885833
{ recyclable of type P dropped into box....}
Box has ID: 2048102341
--------------------------------------------------
separating paper......
process carried out at separation unit ID: 74885833
{ recyclable of type P dropped into box....}
Box has ID: 2048102341
--------------------------------------------------
separating paper......
process carried out at separation unit ID: 74885833
{ recyclable of type P dropped into box....}
Box has ID: 2048102341
--------------------------------------------------
separating paper......
process carried out at separation unit ID: 74885833
{ recyclable of type P dropped into box....}
Box has ID: 2048102341
--------------------------------------------------
separating paper......
process carried out at separation unit ID: 74885833
{ recyclable of type P dropped into box....}
Box has ID: 2048102341
--------------------------------------------------
separating paper......
process carried out at separation unit ID: 74885833
{ recyclable of type P dropped into box....}
Box has ID: 2048102341
--------------------------------------------------
separating paper......
process carried out at separation unit ID: 74885833
{ recyclable of type P dropped into box....}
Box has ID: 2048102341
--------------------------------------------------
separating paper......
process carried out at separation unit ID: 74885833
{ recyclable of type P dropped into box....}
Box has ID: 2048102341
--------------------------------------------------
separating paper......
process carried out at separation unit ID: 74885833
{ recyclable of type P dropped into box....}
Box has ID: 2048102341
--------------------------------------------------
separating paper......
process carried out at separation unit ID: 74885833
{ recyclable of type P dropped into box....}
Box has ID: 2048102341
--------------------------------------------------
separating paper......
process carried out at separation unit ID: 74885833
{ recyclable of type P dropped into box....}
Box has ID: 2048102341
--------------------------------------------------
separating paper......
process carried out at separation unit ID: 74885833
{ recyclable of type P dropped into box....}
Box has ID: 2048102341
--------------------------------------------------
separating paper......
process carried out at separation unit ID: 74885833
{ recyclable of type P dropped into box....}
Box has ID: 2048102341
--------------------------------------------------
separating paper......
process carried out at separation unit ID: 74885833
{ recyclable of type P dropped into box....}
Box has ID: 2048102341
--------------------------------------------------
separating paper......
process carried out at separation unit ID: 74885833
{ recyclable of type P dropped into box....}
Box has ID: 2048102341
--------------------------------------------------
separating paper......
process carried out at separation unit ID: 74885833
{ recyclable of type P dropped into box....}
Box has ID: 2048102341
--------------------------------------------------
separating paper......
process carried out at separation unit ID: 74885833
{ recyclable of type P dropped into box....}
Box has ID: 2048102341
--------------------------------------------------
separating paper......
process carried out at separation unit ID: 74885833
{ recyclable of type P dropped into box....}
Box has ID: 2048102341
--------------------------------------------------
separating paper......
process carried out at separation unit ID: 74885833
{ recyclable of type P dropped into box....}
Box has ID: 2048102341
--------------------------------------------------
separating paper......
process carried out at separation unit ID: 74885833
{ recyclable of type P dropped into box....}
Box has ID: 2048102341
--------------------------------------------------
separating paper......
process carried out at separation unit ID: 74885833
{ recyclable of type P dropped into box....}
Box has ID: 2048102341
--------------------------------------------------
separating paper......
process carried out at separation unit ID: 74885833
{ recyclable of type P dropped into box....}
Box has ID: 2048102341
--------------------------------------------------
separating paper......
process carried out at separation unit ID: 74885833
{ recyclable of type P dropped into box....}
Box has ID: 2048102341
--------------------------------------------------
separating paper......
process carried out at separation unit ID: 74885833
{ recyclable of type P dropped into box....}
Box has ID: 2048102341
--------------------------------------------------
separating paper......
process carried out at separation unit ID: 74885833
{ recyclable of type P dropped into box....}
Box has ID: 2048102341
--------------------------------------------------
separating paper......
process carried out at separation unit ID: 74885833
{ recyclable of type P dropped into box....}
Box has ID: 2048102341
--------------------------------------------------
separating paper......
process carried out at separation unit ID: 74885833
{ recyclable of type P dropped into box....}
Box has ID: 2048102341
--------------------------------------------------
separating paper......
process carried out at separation unit ID: 74885833
{ recyclable of type P dropped into box....}
Box has ID: 2048102341
--------------------------------------------------
separating paper......
process carried out at separation unit ID: 74885833
{ recyclable of type P dropped into box....}
Box has ID: 2048102341
--------------------------------------------------
separating paper......
process carried out at separation unit ID: 74885833
{ recyclable of type P dropped into box....}
Box has ID: 2048102341
--------------------------------------------------
separating paper......
process carried out at separation unit ID: 74885833
{ recyclable of type P dropped into box....}
Box has ID: 2048102341
--------------------------------------------------
separating paper......
process carried out at separation unit ID: 74885833
{ recyclable of type P dropped into box....}
Box has ID: 2048102341
--------------------------------------------------
separating paper......
process carried out at separation unit ID: 74885833
{ recyclable of type P dropped into box....}
Box has ID: 2048102341
--------------------------------------------------
separating paper......
process carried out at separation unit ID: 74885833
{ recyclable of type P dropped into box....}
Box has ID: 2048102341
--------------------------------------------------
separating paper......
process carried out at separation unit ID: 74885833
{ recyclable of type P dropped into box....}
Box has ID: 2048102341
--------------------------------------------------
separating paper......
process carried out at separation unit ID: 74885833
{ recyclable of type P dropped into box....}
Box has ID: 2048102341
--------------------------------------------------
separating paper......
process carried out at separation unit ID: 74885833
{ recyclable of type P dropped into box....}
Box has ID: 2048102341
--------------------------------------------------
separating paper......
process carried out at separation unit ID: 74885833
{ recyclable of type P dropped into box....}
Box has ID: 2048102341
--------------------------------------------------
separating paper......
process carried out at separation unit ID: 74885833
{ recyclable of type P dropped into box....}
Box has ID: 2048102341
--------------------------------------------------
separating paper......
process carried out at separation unit ID: 74885833
{ recyclable of type P dropped into box....}
Box has ID: 2048102341
--------------------------------------------------
separating paper......
process carried out at separation unit ID: 74885833
{ recyclable of type P dropped into box....}
Box has ID: 2048102341
--------------------------------------------------
separating paper......
process carried out at separation unit ID: 74885833
{ recyclable of type P dropped into box....}
Box has ID: 2048102341
--------------------------------------------------
separating paper......
process carried out at separation unit ID: 74885833
{ recyclable of type P dropped into box....}
Box has ID: 2048102341
--------------------------------------------------
separating paper......
process carried out at separation unit ID: 74885833
{ recyclable of type P dropped into box....}
Box has ID: 2048102341
--------------------------------------------------
separating paper......
process carried out at separation unit ID: 74885833
{ recyclable of type P dropped into box....}
Box has ID: 2048102341
--------------------------------------------------
separating paper......
process carried out at separation unit ID: 74885833
{ recyclable of type P dropped into box....}
Box has ID: 2048102341
--------------------------------------------------
separating paper......
process carried out at separation unit ID: 74885833
{ recyclable of type P dropped into box....}
Box has ID: 2048102341
--------------------------------------------------
separating paper......
process carried out at separation unit ID: 74885833
{ recyclable of type P dropped into box....}
Box has ID: 2048102341
--------------------------------------------------
separating paper......
process carried out at separation unit ID: 74885833
{ recyclable of type P dropped into box....}
Box has ID: 2048102341
--------------------------------------------------
separating paper......
process carried out at separation unit ID: 74885833
{ recyclable of type P dropped into box....}
Box has ID: 2048102341
--------------------------------------------------
separating paper......
process carried out at separation unit ID: 74885833
{ recyclable of type P dropped into box....}
Box has ID: 2048102341
--------------------------------------------------
separating paper......
process carried out at separation unit ID: 74885833
{ recyclable of type P dropped into box....}
Box has ID: 2048102341
--------------------------------------------------
separating paper......
process carried out at separation unit ID: 74885833
{ recyclable of type P dropped into box....}
Box has ID: 2048102341
--------------------------------------------------
separating paper......
process carried out at separation unit ID: 74885833
{ recyclable of type P dropped into box....}
Box has ID: 2048102341
--------------------------------------------------
separating paper......
process carried out at separation unit ID: 74885833
{ recyclable of type P dropped into box....}
Box has ID: 2048102341
--------------------------------------------------
separating paper......
process carried out at separation unit ID: 74885833
{ recyclable of type P dropped into box....}
Box has ID: 2048102341
--------------------------------------------------
separating paper......
process carried out at separation unit ID: 74885833
{ recyclable of type P dropped into box....}
Box has ID: 2048102341
--------------------------------------------------
separating paper......
process carried out at separation unit ID: 74885833
{ recyclable of type P dropped into box....}
Box has ID: 2048102341
--------------------------------------------------
separating paper......
process carried out at separation unit ID: 74885833
{ recyclable of type P dropped into box....}
Box has ID: 2048102341
--------------------------------------------------
separating paper......
process carried out at separation unit ID: 74885833
{ recyclable of type P dropped into box....}
Box has ID: 2048102341
--------------------------------------------------
separating paper......
process carried out at separation unit ID: 74885833
{ recyclable of type P dropped into box....}
Box has ID: 2048102341
--------------------------------------------------
separating paper......
process carried out at separation unit ID: 74885833
{ recyclable of type P dropped into box....}
Box has ID: 2048102341
--------------------------------------------------
separating paper......
process carried out at separation unit ID: 74885833
{ recyclable of type P dropped into box....}
Box has ID: 2048102341
--------------------------------------------------
separating paper......
process carried out at separation unit ID: 74885833
{ recyclable of type P dropped into box....}
Box has ID: 2048102341
--------------------------------------------------
separating paper......
process carried out at separation unit ID: 74885833
{ recyclable of type P dropped into box....}
Box has ID: 2048102341
--------------------------------------------------
separating paper......
process carried out at separation unit ID: 74885833
{ recyclable of type P dropped into box....}
Box has ID: 2048102341
--------------------------------------------------
separating paper......
process carried out at separation unit ID: 74885833
{ recyclable of type P dropped into box....}
Box has ID: 2048102341
--------------------------------------------------
separating paper......
process carried out at separation unit ID: 74885833
{ recyclable of type P dropped into box....}
Box has ID: 2048102341
--------------------------------------------------
separating paper......
process carried out at separation unit ID: 74885833
{ recyclable of type P dropped into box....}
Box has ID: 2048102341
--------------------------------------------------
separating paper......
process carried out at separation unit ID: 74885833
{ recyclable of type P dropped into box....}
Box has ID: 2048102341
--------------------------------------------------
separating paper......
process carried out at separation unit ID: 74885833
{ recyclable of type P dropped into box....}
Box has ID: 2048102341
--------------------------------------------------
separating paper......
process carried out at separation unit ID: 74885833
{ recyclable of type P dropped into box....}
Box has ID: 2048102341
--------------------------------------------------
separating paper......
process carried out at separation unit ID: 74885833
{ recyclable of type P dropped into box....}
Box has ID: 2048102341
--------------------------------------------------
separating paper......
process carried out at separation unit ID: 74885833
{ recyclable of type P dropped into box....}
Box has ID: 2048102341
--------------------------------------------------
separating paper......
process carried out at separation unit ID: 74885833
{ recyclable of type P dropped into box....}
Box has ID: 2048102341
--------------------------------------------------
separating paper......
process carried out at separation unit ID: 74885833
{ recyclable of type P dropped into box....}
Box has ID: 2048102341
--------------------------------------------------
separating paper......
process carried out at separation unit ID: 74885833
{ recyclable of type P dropped into box....}
Box has ID: 2048102341
--------------------------------------------------
separating paper......
process carried out at separation unit ID: 74885833
{ recyclable of type P dropped into box....}
Box has ID: 2048102341
--------------------------------------------------
separating paper......
process carried out at separation unit ID: 74885833
{ recyclable of type P dropped into box....}
Box has ID: 2048102341
--------------------------------------------------
separating paper......
process carried out at separation unit ID: 74885833
{ recyclable of type P dropped into box....}
Box has ID: 2048102341
--------------------------------------------------
separating paper......
process carried out at separation unit ID: 74885833
{ recyclable of type P dropped into box....}
Box has ID: 2048102341
--------------------------------------------------
separating paper......
process carried out at separation unit ID: 74885833
{ recyclable of type P dropped into box....}
Box has ID: 2048102341
--------------------------------------------------
separating paper......
process carried out at separation unit ID: 74885833
{ recyclable of type P dropped into box....}
Box has ID: 2048102341
--------------------------------------------------
separating paper......
process carried out at separation unit ID: 74885833
{ recyclable of type P dropped into box....}
Box has ID: 2048102341
--------------------------------------------------
separating paper......
process carried out at separation unit ID: 74885833
{ recyclable of type P dropped into box....}
Box has ID: 2048102341
--------------------------------------------------
separating paper......
process carried out at separation unit ID: 74885833
{ recyclable of type P dropped into box....}
Box has ID: 2048102341
--------------------------------------------------
separating paper......
process carried out at separation unit ID: 74885833
{ recyclable of type P dropped into box....}
Box has ID: 2048102341
--------------------------------------------------
separating paper......
process carried out at separation unit ID: 74885833
{ recyclable of type P dropped into box....}
Box has ID: 2048102341
--------------------------------------------------
separating paper......
process carried out at separation unit ID: 74885833
{ recyclable of type P dropped into box....}
Box has ID: 2048102341
--------------------------------------------------
separating paper......
process carried out at separation unit ID: 74885833
{ recyclable of type P dropped into box....}
Box has ID: 2048102341
--------------------------------------------------
separating paper......
process carried out at separation unit ID: 74885833
{ recyclable of type P dropped into box....}
Box has ID: 2048102341
--------------------------------------------------
separating paper......
process carried out at separation unit ID: 74885833
{ recyclable of type P dropped into box....}
Box has ID: 2048102341
--------------------------------------------------
separating paper......
process carried out at separation unit ID: 74885833
{ recyclable of type P dropped into box....}
Box has ID: 2048102341
--------------------------------------------------
separating paper......
process carried out at separation unit ID: 74885833
{ recyclable of type P dropped into box....}
Box has ID: 2048102341
--------------------------------------------------
separating paper......
process carried out at separation unit ID: 74885833
{ recyclable of type P dropped into box....}
Box has ID: 2048102341
--------------------------------------------------
separating paper......
process carried out at separation unit ID: 74885833
{ recyclable of type P dropped into box....}
Box has ID: 2048102341
--------------------------------------------------
separating paper......
process carried out at separation unit ID: 74885833
{ recyclable of type P dropped into box....}
Box has ID: 2048102341
--------------------------------------------------
separating paper......
process carried out at separation unit ID: 74885833
{ recyclable of type P dropped into box....}
Box has ID: 2048102341
--------------------------------------------------
separating paper......
process carried out at separation unit ID: 74885833
{ recyclable of type P dropped into box....}
Box has ID: 2048102341
--------------------------------------------------
separating paper......
process carried out at separation unit ID: 74885833
{ recyclable of type P dropped into box....}
Box has ID: 2048102341
--------------------------------------------------
separating paper......
process carried out at separation unit ID: 74885833
{ recyclable of type P dropped into box....}
Box has ID: 2048102341
--------------------------------------------------
separating paper......
process carried out at separation unit ID: 74885833
{ recyclable of type P dropped into box....}
Box has ID: 2048102341
--------------------------------------------------
separating paper......
process carried out at separation unit ID: 74885833
{ recyclable of type P dropped into box....}
Box has ID: 2048102341
--------------------------------------------------
separating paper......
process carried out at separation unit ID: 74885833
{ recyclable of type P dropped into box....}
Box has ID: 2048102341
--------------------------------------------------
separating paper......
process carried out at separation unit ID: 74885833
{ recyclable of type P dropped into box....}
Box has ID: 2048102341
--------------------------------------------------
separating paper......
process carried out at separation unit ID: 74885833
{ recyclable of type P dropped into box....}
Box has ID: 2048102341
--------------------------------------------------
separating paper......
process carried out at separation unit ID: 74885833
{ recyclable of type P dropped into box....}
Box has ID: 2048102341
--------------------------------------------------
separating paper......
process carried out at separation unit ID: 74885833
{ recyclable of type P dropped into box....}
Box has ID: 2048102341
--------------------------------------------------
separating paper......
process carried out at separation unit ID: 74885833
{ recyclable of type P dropped into box....}
Box has ID: 2048102341
--------------------------------------------------
separating paper......
process carried out at separation unit ID: 74885833
{ recyclable of type P dropped into box....}
Box has ID: 2048102341
--------------------------------------------------
separating paper......
process carried out at separation unit ID: 74885833
{ recyclable of type P dropped into box....}
Box has ID: 2048102341
--------------------------------------------------
separating paper......
process carried out at separation unit ID: 74885833
{ recyclable of type P dropped into box....}
Box has ID: 2048102341
--------------------------------------------------
separating paper......
process carried out at separation unit ID: 74885833
{ recyclable of type P dropped into box....}
Box has ID: 2048102341
--------------------------------------------------
separating paper......
process carried out at separation unit ID: 74885833
{ recyclable of type P dropped into box....}
Box has ID: 2048102341
--------------------------------------------------
separating paper......
process carried out at separation unit ID: 74885833
{ recyclable of type P dropped into box....}
Box has ID: 2048102341
--------------------------------------------------
separating paper......
process carried out at separation unit ID: 74885833
{ recyclable of type P dropped into box....}
Box has ID: 2048102341
--------------------------------------------------
separating paper......
process carried out at separation unit ID: 74885833
{ recyclable of type P dropped into box....}
Box has ID: 2048102341
--------------------------------------------------
separating paper......
process carried out at separation unit ID: 74885833
{ recyclable of type P dropped into box....}
Box has ID: 2048102341
--------------------------------------------------
separating paper......
process carried out at separation unit ID: 74885833
{ recyclable of type P dropped into box....}
Box has ID: 2048102341
--------------------------------------------------
separating paper......
process carried out at separation unit ID: 74885833
{ recyclable of type P dropped into box....}
Box has ID: 2048102341
--------------------------------------------------
separating paper......
process carried out at separation unit ID: 74885833
{ recyclable of type P dropped into box....}
Box has ID: 2048102341
--------------------------------------------------
separating paper......
process carried out at separation unit ID: 74885833
{ recyclable of type P dropped into box....}
Box has ID: 2048102341
--------------------------------------------------
separating paper......
process carried out at separation unit ID: 74885833
{ recyclable of type P dropped into box....}
Box has ID: 2048102341
--------------------------------------------------
separating paper......
process carried out at separation unit ID: 74885833
{ recyclable of type P dropped into box....}
Box has ID: 2048102341
--------------------------------------------------
separating paper......
process carried out at separation unit ID: 74885833
{ recyclable of type P dropped into box....}
Box has ID: 2048102341
--------------------------------------------------
separating paper......
process carried out at separation unit ID: 74885833
{ recyclable of type P dropped into box....}
Box has ID: 2048102341
--------------------------------------------------
separating paper......
process carried out at separation unit ID: 74885833
{ recyclable of type P dropped into box....}
Box has ID: 2048102341
--------------------------------------------------
separating paper......
process carried out at separation unit ID: 74885833
{ recyclable of type P dropped into box....}
Box has ID: 2048102341
--------------------------------------------------
separating paper......
process carried out at separation unit ID: 74885833
{ recyclable of type P dropped into box....}
Box has ID: 2048102341
--------------------------------------------------
separating paper......
process carried out at separation unit ID: 74885833
{ recyclable of type P dropped into box....}
Box has ID: 2048102341
--------------------------------------------------
separating paper......
process carried out at separation unit ID: 74885833
{ recyclable of type P dropped into box....}
Box has ID: 2048102341
--------------------------------------------------
separating paper......
process carried out at separation unit ID: 74885833
{ recyclable of type P dropped into box....}
Box has ID: 2048102341
--------------------------------------------------
separating paper......
process carried out at separation unit ID: 74885833
{ recyclable of type P dropped into box....}
Box has ID: 2048102341
--------------------------------------------------
separating paper......
process carried out at separation unit ID: 74885833
{ recyclable of type P dropped into box....}
Box has ID: 2048102341
--------------------------------------------------
separating paper......
process carried out at separation unit ID: 74885833
{ recyclable of type P dropped into box....}
Box has ID: 2048102341
--------------------------------------------------
separating paper......
process carried out at separation unit ID: 74885833
{ recyclable of type P dropped into box....}
Box has ID: 2048102341
--------------------------------------------------
separating paper......
process carried out at separation unit ID: 74885833
{ recyclable of type P dropped into box....}
Box has ID: 2048102341
--------------------------------------------------
separating paper......
process carried out at separation unit ID: 74885833
{ recyclable of type P dropped into box....}
Box has ID: 2048102341
--------------------------------------------------
separating paper......
process carried out at separation unit ID: 74885833
{ recyclable of type P dropped into box....}
Box has ID: 2048102341
--------------------------------------------------
separating paper......
process carried out at separation unit ID: 74885833
{ recyclable of type P dropped into box....}
Box has ID: 2048102341
--------------------------------------------------
separating paper......
process carried out at separation unit ID: 74885833
{ recyclable of type P dropped into box....}
Box has ID: 2048102341
--------------------------------------------------
separating paper......
process carried out at separation unit ID: 74885833
{ recyclable of type P dropped into box....}
Box has ID: 2048102341
--------------------------------------------------
separating paper......
process carried out at separation unit ID: 74885833
{ recyclable of type P dropped into box....}
Box has ID: 2048102341
--------------------------------------------------
separating paper......
process carried out at separation unit ID: 74885833
{ recyclable of type P dropped into box....}
Box has ID: 2048102341
--------------------------------------------------
separating paper......
process carried out at separation unit ID: 74885833
{ recyclable of type P dropped into box....}
Box has ID: 2048102341
--------------------------------------------------
separating paper......
process carried out at separation unit ID: 74885833
{ recyclable of type P dropped into box....}
Box has ID: 2048102341
--------------------------------------------------
separating paper......
process carried out at separation unit ID: 74885833
{ recyclable of type P dropped into box....}
Box has ID: 2048102341
--------------------------------------------------
separating paper......
process carried out at separation unit ID: 74885833
{ recyclable of type P dropped into box....}
Box has ID: 2048102341
--------------------------------------------------
separating paper......
process carried out at separation unit ID: 74885833
{ recyclable of type P dropped into box....}
Box has ID: 2048102341
--------------------------------------------------
separating paper......
process carried out at separation unit ID: 74885833
{ recyclable of type P dropped into box....}
Box has ID: 2048102341
--------------------------------------------------
separating paper......
process carried out at separation unit ID: 74885833
{ recyclable of type P dropped into box....}
Box has ID: 2048102341
--------------------------------------------------
separating paper......
process carried out at separation unit ID: 74885833
{ recyclable of type P dropped into box....}
Box has ID: 2048102341
--------------------------------------------------
separating paper......
process carried out at separation unit ID: 74885833
{ recyclable of type P dropped into box....}
Box has ID: 2048102341
--------------------------------------------------
separating paper......
process carried out at separation unit ID: 74885833
{ recyclable of type P dropped into box....}
Box has ID: 2048102341
--------------------------------------------------
separating paper......
process carried out at separation unit ID: 74885833
{ recyclable of type P dropped into box....}
Box has ID: 2048102341
--------------------------------------------------
separating paper......
process carried out at separation unit ID: 74885833
{ recyclable of type P dropped into box....}
Box has ID: 2048102341
--------------------------------------------------
separating paper......
process carried out at separation unit ID: 74885833
{ recyclable of type P dropped into box....}
Box has ID: 2048102341
--------------------------------------------------
separating paper......
process carried out at separation unit ID: 74885833
{ recyclable of type P dropped into box....}
Box has ID: 2048102341
--------------------------------------------------
separating paper......
process carried out at separation unit ID: 74885833
{ recyclable of type P dropped into box....}
Box has ID: 2048102341
--------------------------------------------------
separating paper......
process carried out at separation unit ID: 74885833
{ recyclable of type P dropped into box....}
Box has ID: 2048102341
--------------------------------------------------
separating paper......
process carried out at separation unit ID: 74885833
{ recyclable of type P dropped into box....}
Box has ID: 2048102341
--------------------------------------------------
separating paper......
process carried out at separation unit ID: 74885833
{ recyclable of type P dropped into box....}
Box has ID: 2048102341
--------------------------------------------------
separating paper......
process carried out at separation unit ID: 74885833
{ recyclable of type P dropped into box....}
Box has ID: 2048102341
--------------------------------------------------
separating paper......
process carried out at separation unit ID: 74885833
{ recyclable of type P dropped into box....}
Box has ID: 2048102341
--------------------------------------------------
separating paper......
process carried out at separation unit ID: 74885833
{ recyclable of type P dropped into box....}
Box has ID: 2048102341
--------------------------------------------------
separating paper......
process carried out at separation unit ID: 74885833
{ recyclable of type P dropped into box....}
Box has ID: 2048102341
--------------------------------------------------
separating paper......
process carried out at separation unit ID: 74885833
{ recyclable of type P dropped into box....}
Box has ID: 2048102341
--------------------------------------------------
separating paper......
process carried out at separation unit ID: 74885833
{ recyclable of type P dropped into box....}
Box has ID: 2048102341
--------------------------------------------------
separating paper......
process carried out at separation unit ID: 74885833
{ recyclable of type P dropped into box....}
Box has ID: 2048102341
--------------------------------------------------
separating paper......
process carried out at separation unit ID: 74885833
{ recyclable of type P dropped into box....}
Box has ID: 2048102341
--------------------------------------------------
separating paper......
process carried out at separation unit ID: 74885833
{ recyclable of type P dropped into box....}
Box has ID: 2048102341
--------------------------------------------------
separating paper......
process carried out at separation unit ID: 74885833
{ recyclable of type P dropped into box....}
Box has ID: 2048102341
--------------------------------------------------
separating paper......
process carried out at separation unit ID: 74885833
{ recyclable of type P dropped into box....}
Box has ID: 2048102341
--------------------------------------------------
separating paper......
process carried out at separation unit ID: 74885833
{ recyclable of type P dropped into box....}
Box has ID: 2048102341
--------------------------------------------------
separating paper......
process carried out at separation unit ID: 74885833
{ recyclable of type P dropped into box....}
Box has ID: 2048102341
--------------------------------------------------
separating paper......
process carried out at separation unit ID: 74885833
{ recyclable of type P dropped into box....}
Box has ID: 2048102341
--------------------------------------------------
separating paper......
process carried out at separation unit ID: 74885833
{ recyclable of type P dropped into box....}
Box has ID: 2048102341
--------------------------------------------------
separating paper......
process carried out at separation unit ID: 74885833
{ recyclable of type P dropped into box....}
Box has ID: 2048102341
--------------------------------------------------
separating paper......
process carried out at separation unit ID: 74885833
{ recyclable of type P dropped into box....}
Box has ID: 2048102341
--------------------------------------------------
separating paper......
process carried out at separation unit ID: 74885833
{ recyclable of type P dropped into box....}
Box has ID: 2048102341
--------------------------------------------------
separating paper......
process carried out at separation unit ID: 74885833
{ recyclable of type P dropped into box....}
Box has ID: 2048102341
--------------------------------------------------
separating paper......
process carried out at separation unit ID: 74885833
{ recyclable of type P dropped into box....}
Box has ID: 2048102341
--------------------------------------------------
separating paper......
process carried out at separation unit ID: 74885833
{ recyclable of type P dropped into box....}
Box has ID: 2048102341
--------------------------------------------------
separating paper......
process carried out at separation unit ID: 74885833
{ recyclable of type P dropped into box....}
Box has ID: 2048102341
--------------------------------------------------
separating paper......
process carried out at separation unit ID: 74885833
{ recyclable of type P dropped into box....}
Box has ID: 2048102341
--------------------------------------------------
separating paper......
process carried out at separation unit ID: 74885833
{ recyclable of type P dropped into box....}
Box has ID: 2048102341
--------------------------------------------------
separating paper......
process carried out at separation unit ID: 74885833
{ recyclable of type P dropped into box....}
Box has ID: 2048102341
--------------------------------------------------
separating paper......
process carried out at separation unit ID: 74885833
{ recyclable of type P dropped into box....}
Box has ID: 2048102341
--------------------------------------------------
separating paper......
process carried out at separation unit ID: 74885833
{ recyclable of type P dropped into box....}
Box has ID: 2048102341
--------------------------------------------------
separating paper......
process carried out at separation unit ID: 74885833
{ recyclable of type P dropped into box....}
Box has ID: 2048102341
--------------------------------------------------
separating paper......
process carried out at separation unit ID: 74885833
{ recyclable of type P dropped into box....}
Box has ID: 2048102341
--------------------------------------------------
separating paper......
process carried out at separation unit ID: 74885833
{ recyclable of type P dropped into box....}
Box has ID: 2048102341
--------------------------------------------------
separating paper......
process carried out at separation unit ID: 74885833
{ recyclable of type P dropped into box....}
Box has ID: 2048102341
--------------------------------------------------
separating paper......
process carried out at separation unit ID: 74885833
{ recyclable of type P dropped into box....}
Box has ID: 2048102341
--------------------------------------------------
separating paper......
process carried out at separation unit ID: 74885833
{ recyclable of type P dropped into box....}
Box has ID: 2048102341
--------------------------------------------------
separating paper......
process carried out at separation unit ID: 74885833
{ recyclable of type P dropped into box....}
Box has ID: 2048102341
--------------------------------------------------
separating paper......
process carried out at separation unit ID: 74885833
{ recyclable of type P dropped into box....}
Box has ID: 2048102341
--------------------------------------------------
separating paper......
process carried out at separation unit ID: 74885833
{ recyclable of type P dropped into box....}
Box has ID: 2048102341
--------------------------------------------------
separating paper......
process carried out at separation unit ID: 74885833
{ recyclable of type P dropped into box....}
Box has ID: 2048102341
--------------------------------------------------
separating paper......
process carried out at separation unit ID: 74885833
{ recyclable of type P dropped into box....}
Box has ID: 2048102341
--------------------------------------------------
separating paper......
process carried out at separation unit ID: 74885833
{ recyclable of type P dropped into box....}
Box has ID: 2048102341
--------------------------------------------------
separating paper......
process carried out at separation unit ID: 74885833
{ recyclable of type P dropped into box....}
Box has ID: 2048102341
--------------------------------------------------
-----------------------------------------------------------------------------------
-----------------------------------------------------------------------------------
ALARM !!!!!!! BOX with ID 2048102341 is full.....
-----------------------------------------------------------------------------------
-----------------------------------------------------------------------------------
box capacity: 1000
worker replaced filled box with ID: 2048102341 , with a new box with ID: 932885627 at process unit: 74885833

separating paper......
process carried out at separation unit ID: 74885833
{ recyclable of type P dropped into box....}
Box has ID: 932885627
--------------------------------------------------
separating paper......
process carried out at separation unit ID: 1367612102
{ recyclable of type P dropped into box....}
Box has ID: 519019247
--------------------------------------------------
separating paper......
process carried out at separation unit ID: 1367612102
{ recyclable of type P dropped into box....}
Box has ID: 519019247
--------------------------------------------------
separating paper......
process carried out at separation unit ID: 1367612102
{ recyclable of type P dropped into box....}
Box has ID: 519019247
--------------------------------------------------
separating paper......
process carried out at separation unit ID: 1367612102
{ recyclable of type P dropped into box....}
Box has ID: 519019247
--------------------------------------------------
separating paper......
process carried out at separation unit ID: 1367612102
{ recyclable of type P dropped into box....}
Box has ID: 519019247
--------------------------------------------------
separating paper......
process carried out at separation unit ID: 1367612102
{ recyclable of type P dropped into box....}
Box has ID: 519019247
--------------------------------------------------
separating paper......
process carried out at separation unit ID: 1367612102
{ recyclable of type P dropped into box....}
Box has ID: 519019247
--------------------------------------------------
separating paper......
process carried out at separation unit ID: 1367612102
{ recyclable of type P dropped into box....}
Box has ID: 519019247
--------------------------------------------------
separating paper......
process carried out at separation unit ID: 1367612102
{ recyclable of type P dropped into box....}
Box has ID: 519019247
--------------------------------------------------
separating paper......
process carried out at separation unit ID: 1367612102
{ recyclable of type P dropped into box....}
Box has ID: 519019247
--------------------------------------------------
separating paper......
process carried out at separation unit ID: 1367612102
{ recyclable of type P dropped into box....}
Box has ID: 519019247
--------------------------------------------------
separating paper......
process carried out at separation unit ID: 1367612102
{ recyclable of type P dropped into box....}
Box has ID: 519019247
--------------------------------------------------
separating paper......
process carried out at separation unit ID: 1367612102
{ recyclable of type P dropped into box....}
Box has ID: 519019247
--------------------------------------------------
separating paper......
process carried out at separation unit ID: 1367612102
{ recyclable of type P dropped into box....}
Box has ID: 519019247
--------------------------------------------------
separating paper......
process carried out at separation unit ID: 1367612102
{ recyclable of type P dropped into box....}
Box has ID: 519019247
--------------------------------------------------
separating paper......
process carried out at separation unit ID: 1367612102
{ recyclable of type P dropped into box....}
Box has ID: 519019247
--------------------------------------------------
separating paper......
process carried out at separation unit ID: 1367612102
{ recyclable of type P dropped into box....}
Box has ID: 519019247
--------------------------------------------------
separating paper......
process carried out at separation unit ID: 1367612102
{ recyclable of type P dropped into box....}
Box has ID: 519019247
--------------------------------------------------
separating paper......
process carried out at separation unit ID: 1367612102
{ recyclable of type P dropped into box....}
Box has ID: 519019247
--------------------------------------------------
separating paper......
process carried out at separation unit ID: 1367612102
{ recyclable of type P dropped into box....}
Box has ID: 519019247
--------------------------------------------------
separating paper......
process carried out at separation unit ID: 1367612102
{ recyclable of type P dropped into box....}
Box has ID: 519019247
--------------------------------------------------
separating paper......
process carried out at separation unit ID: 1367612102
{ recyclable of type P dropped into box....}
Box has ID: 519019247
--------------------------------------------------
separating paper......
process carried out at separation unit ID: 1367612102
{ recyclable of type P dropped into box....}
Box has ID: 519019247
--------------------------------------------------
separating paper......
process carried out at separation unit ID: 1367612102
{ recyclable of type P dropped into box....}
Box has ID: 519019247
--------------------------------------------------
separating paper......
process carried out at separation unit ID: 1367612102
{ recyclable of type P dropped into box....}
Box has ID: 519019247
--------------------------------------------------
separating paper......
process carried out at separation unit ID: 1367612102
{ recyclable of type P dropped into box....}
Box has ID: 519019247
--------------------------------------------------
separating paper......
process carried out at separation unit ID: 1367612102
{ recyclable of type P dropped into box....}
Box has ID: 519019247
--------------------------------------------------
separating paper......
process carried out at separation unit ID: 1367612102
{ recyclable of type P dropped into box....}
Box has ID: 519019247
--------------------------------------------------
separating paper......
process carried out at separation unit ID: 1367612102
{ recyclable of type P dropped into box....}
Box has ID: 519019247
--------------------------------------------------
separating paper......
process carried out at separation unit ID: 1367612102
{ recyclable of type P dropped into box....}
Box has ID: 519019247
--------------------------------------------------
separating paper......
process carried out at separation unit ID: 1367612102
{ recyclable of type P dropped into box....}
Box has ID: 519019247
--------------------------------------------------
separating paper......
process carried out at separation unit ID: 1367612102
{ recyclable of type P dropped into box....}
Box has ID: 519019247
--------------------------------------------------
separating paper......
process carried out at separation unit ID: 1367612102
{ recyclable of type P dropped into box....}
Box has ID: 519019247
--------------------------------------------------
separating paper......
process carried out at separation unit ID: 1367612102
{ recyclable of type P dropped into box....}
Box has ID: 519019247
--------------------------------------------------
separating paper......
process carried out at separation unit ID: 1367612102
{ recyclable of type P dropped into box....}
Box has ID: 519019247
--------------------------------------------------
separating paper......
process carried out at separation unit ID: 1367612102
{ recyclable of type P dropped into box....}
Box has ID: 519019247
--------------------------------------------------
separating paper......
process carried out at separation unit ID: 1367612102
{ recyclable of type P dropped into box....}
Box has ID: 519019247
--------------------------------------------------
separating paper......
process carried out at separation unit ID: 1367612102
{ recyclable of type P dropped into box....}
Box has ID: 519019247
--------------------------------------------------
separating paper......
process carried out at separation unit ID: 1367612102
{ recyclable of type P dropped into box....}
Box has ID: 519019247
--------------------------------------------------
separating paper......
process carried out at separation unit ID: 1367612102
{ recyclable of type P dropped into box....}
Box has ID: 519019247
--------------------------------------------------
separating paper......
process carried out at separation unit ID: 1367612102
{ recyclable of type P dropped into box....}
Box has ID: 519019247
--------------------------------------------------
separating paper......
process carried out at separation unit ID: 1367612102
{ recyclable of type P dropped into box....}
Box has ID: 519019247
--------------------------------------------------
separating paper......
process carried out at separation unit ID: 1367612102
{ recyclable of type P dropped into box....}
Box has ID: 519019247
--------------------------------------------------
separating paper......
process carried out at separation unit ID: 1367612102
{ recyclable of type P dropped into box....}
Box has ID: 519019247
--------------------------------------------------
separating paper......
process carried out at separation unit ID: 1367612102
{ recyclable of type P dropped into box....}
Box has ID: 519019247
--------------------------------------------------
separating paper......
process carried out at separation unit ID: 1367612102
{ recyclable of type P dropped into box....}
Box has ID: 519019247
--------------------------------------------------
separating paper......
process carried out at separation unit ID: 1367612102
{ recyclable of type P dropped into box....}
Box has ID: 519019247
--------------------------------------------------
separating paper......
process carried out at separation unit ID: 1367612102
{ recyclable of type P dropped into box....}
Box has ID: 519019247
--------------------------------------------------
separating paper......
process carried out at separation unit ID: 1367612102
{ recyclable of type P dropped into box....}
Box has ID: 519019247
--------------------------------------------------
separating paper......
process carried out at separation unit ID: 1367612102
{ recyclable of type P dropped into box....}
Box has ID: 519019247
--------------------------------------------------
separating paper......
process carried out at separation unit ID: 1367612102
{ recyclable of type P dropped into box....}
Box has ID: 519019247
--------------------------------------------------
separating paper......
process carried out at separation unit ID: 1367612102
{ recyclable of type P dropped into box....}
Box has ID: 519019247
--------------------------------------------------
separating paper......
process carried out at separation unit ID: 1367612102
{ recyclable of type P dropped into box....}
Box has ID: 519019247
--------------------------------------------------
separating paper......
process carried out at separation unit ID: 1367612102
{ recyclable of type P dropped into box....}
Box has ID: 519019247
--------------------------------------------------
separating paper......
process carried out at separation unit ID: 1367612102
{ recyclable of type P dropped into box....}
Box has ID: 519019247
--------------------------------------------------
separating paper......
process carried out at separation unit ID: 1367612102
{ recyclable of type P dropped into box....}
Box has ID: 519019247
--------------------------------------------------
separating paper......
process carried out at separation unit ID: 1367612102
{ recyclable of type P dropped into box....}
Box has ID: 519019247
--------------------------------------------------
separating paper......
process carried out at separation unit ID: 1367612102
{ recyclable of type P dropped into box....}
Box has ID: 519019247
--------------------------------------------------
separating paper......
process carried out at separation unit ID: 1367612102
{ recyclable of type P dropped into box....}
Box has ID: 519019247
--------------------------------------------------
separating paper......
process carried out at separation unit ID: 1367612102
{ recyclable of type P dropped into box....}
Box has ID: 519019247
--------------------------------------------------
separating paper......
process carried out at separation unit ID: 1367612102
{ recyclable of type P dropped into box....}
Box has ID: 519019247
--------------------------------------------------
separating paper......
process carried out at separation unit ID: 1367612102
{ recyclable of type P dropped into box....}
Box has ID: 519019247
--------------------------------------------------
separating paper......
process carried out at separation unit ID: 1367612102
{ recyclable of type P dropped into box....}
Box has ID: 519019247
--------------------------------------------------
separating paper......
process carried out at separation unit ID: 1367612102
{ recyclable of type P dropped into box....}
Box has ID: 519019247
--------------------------------------------------
separating paper......
process carried out at separation unit ID: 1367612102
{ recyclable of type P dropped into box....}
Box has ID: 519019247
--------------------------------------------------
separating paper......
process carried out at separation unit ID: 1367612102
{ recyclable of type P dropped into box....}
Box has ID: 519019247
--------------------------------------------------
separating paper......
process carried out at separation unit ID: 1367612102
{ recyclable of type P dropped into box....}
Box has ID: 519019247
--------------------------------------------------
separating paper......
process carried out at separation unit ID: 1367612102
{ recyclable of type P dropped into box....}
Box has ID: 519019247
--------------------------------------------------
separating paper......
process carried out at separation unit ID: 1367612102
{ recyclable of type P dropped into box....}
Box has ID: 519019247
--------------------------------------------------
separating paper......
process carried out at separation unit ID: 1367612102
{ recyclable of type P dropped into box....}
Box has ID: 519019247
--------------------------------------------------
separating paper......
process carried out at separation unit ID: 1367612102
{ recyclable of type P dropped into box....}
Box has ID: 519019247
--------------------------------------------------
separating paper......
process carried out at separation unit ID: 1367612102
{ recyclable of type P dropped into box....}
Box has ID: 519019247
--------------------------------------------------
separating paper......
process carried out at separation unit ID: 1367612102
{ recyclable of type P dropped into box....}
Box has ID: 519019247
--------------------------------------------------
separating paper......
process carried out at separation unit ID: 1367612102
{ recyclable of type P dropped into box....}
Box has ID: 519019247
--------------------------------------------------
separating paper......
process carried out at separation unit ID: 1367612102
{ recyclable of type P dropped into box....}
Box has ID: 519019247
--------------------------------------------------
separating paper......
process carried out at separation unit ID: 1367612102
{ recyclable of type P dropped into box....}
Box has ID: 519019247
--------------------------------------------------
separating paper......
process carried out at separation unit ID: 1367612102
{ recyclable of type P dropped into box....}
Box has ID: 519019247
--------------------------------------------------
separating paper......
process carried out at separation unit ID: 1367612102
{ recyclable of type P dropped into box....}
Box has ID: 519019247
--------------------------------------------------
separating paper......
process carried out at separation unit ID: 1367612102
{ recyclable of type P dropped into box....}
Box has ID: 519019247
--------------------------------------------------
separating paper......
process carried out at separation unit ID: 1367612102
{ recyclable of type P dropped into box....}
Box has ID: 519019247
--------------------------------------------------
separating paper......
process carried out at separation unit ID: 1367612102
{ recyclable of type P dropped into box....}
Box has ID: 519019247
--------------------------------------------------
separating paper......
process carried out at separation unit ID: 1367612102
{ recyclable of type P dropped into box....}
Box has ID: 519019247
--------------------------------------------------
separating paper......
process carried out at separation unit ID: 1367612102
{ recyclable of type P dropped into box....}
Box has ID: 519019247
--------------------------------------------------
separating paper......
process carried out at separation unit ID: 1367612102
{ recyclable of type P dropped into box....}
Box has ID: 519019247
--------------------------------------------------
separating paper......
process carried out at separation unit ID: 1367612102
{ recyclable of type P dropped into box....}
Box has ID: 519019247
--------------------------------------------------
separating paper......
process carried out at separation unit ID: 1367612102
{ recyclable of type P dropped into box....}
Box has ID: 519019247
--------------------------------------------------
separating paper......
process carried out at separation unit ID: 1367612102
{ recyclable of type P dropped into box....}
Box has ID: 519019247
--------------------------------------------------
separating paper......
process carried out at separation unit ID: 1367612102
{ recyclable of type P dropped into box....}
Box has ID: 519019247
--------------------------------------------------
separating paper......
process carried out at separation unit ID: 1367612102
{ recyclable of type P dropped into box....}
Box has ID: 519019247
--------------------------------------------------
separating paper......
process carried out at separation unit ID: 1367612102
{ recyclable of type P dropped into box....}
Box has ID: 519019247
--------------------------------------------------
separating paper......
process carried out at separation unit ID: 1367612102
{ recyclable of type P dropped into box....}
Box has ID: 519019247
--------------------------------------------------
separating paper......
process carried out at separation unit ID: 1367612102
{ recyclable of type P dropped into box....}
Box has ID: 519019247
--------------------------------------------------
separating paper......
process carried out at separation unit ID: 1367612102
{ recyclable of type P dropped into box....}
Box has ID: 519019247
--------------------------------------------------
separating paper......
process carried out at separation unit ID: 1367612102
{ recyclable of type P dropped into box....}
Box has ID: 519019247
--------------------------------------------------
separating paper......
process carried out at separation unit ID: 1367612102
{ recyclable of type P dropped into box....}
Box has ID: 519019247
--------------------------------------------------
separating paper......
process carried out at separation unit ID: 1367612102
{ recyclable of type P dropped into box....}
Box has ID: 519019247
--------------------------------------------------
separating paper......
process carried out at separation unit ID: 1367612102
{ recyclable of type P dropped into box....}
Box has ID: 519019247
--------------------------------------------------
separating paper......
process carried out at separation unit ID: 1367612102
{ recyclable of type P dropped into box....}
Box has ID: 519019247
--------------------------------------------------
separating paper......
process carried out at separation unit ID: 1367612102
{ recyclable of type P dropped into box....}
Box has ID: 519019247
--------------------------------------------------
separating paper......
process carried out at separation unit ID: 1367612102
{ recyclable of type P dropped into box....}
Box has ID: 519019247
--------------------------------------------------
separating paper......
process carried out at separation unit ID: 1367612102
{ recyclable of type P dropped into box....}
Box has ID: 519019247
--------------------------------------------------
separating paper......
process carried out at separation unit ID: 1367612102
{ recyclable of type P dropped into box....}
Box has ID: 519019247
--------------------------------------------------
separating paper......
process carried out at separation unit ID: 1367612102
{ recyclable of type P dropped into box....}
Box has ID: 519019247
--------------------------------------------------
separating paper......
process carried out at separation unit ID: 1367612102
{ recyclable of type P dropped into box....}
Box has ID: 519019247
--------------------------------------------------
separating paper......
process carried out at separation unit ID: 1367612102
{ recyclable of type P dropped into box....}
Box has ID: 519019247
--------------------------------------------------
separating paper......
process carried out at separation unit ID: 1367612102
{ recyclable of type P dropped into box....}
Box has ID: 519019247
--------------------------------------------------
separating paper......
process carried out at separation unit ID: 1367612102
{ recyclable of type P dropped into box....}
Box has ID: 519019247
--------------------------------------------------
separating paper......
process carried out at separation unit ID: 1367612102
{ recyclable of type P dropped into box....}
Box has ID: 519019247
--------------------------------------------------
separating paper......
process carried out at separation unit ID: 1367612102
{ recyclable of type P dropped into box....}
Box has ID: 519019247
--------------------------------------------------
separating paper......
process carried out at separation unit ID: 1367612102
{ recyclable of type P dropped into box....}
Box has ID: 519019247
--------------------------------------------------
separating paper......
process carried out at separation unit ID: 1367612102
{ recyclable of type P dropped into box....}
Box has ID: 519019247
--------------------------------------------------
separating paper......
process carried out at separation unit ID: 1367612102
{ recyclable of type P dropped into box....}
Box has ID: 519019247
--------------------------------------------------
separating paper......
process carried out at separation unit ID: 1367612102
{ recyclable of type P dropped into box....}
Box has ID: 519019247
--------------------------------------------------
separating paper......
process carried out at separation unit ID: 1367612102
{ recyclable of type P dropped into box....}
Box has ID: 519019247
--------------------------------------------------
separating paper......
process carried out at separation unit ID: 1367612102
{ recyclable of type P dropped into box....}
Box has ID: 519019247
--------------------------------------------------
separating paper......
process carried out at separation unit ID: 1367612102
{ recyclable of type P dropped into box....}
Box has ID: 519019247
--------------------------------------------------
separating paper......
process carried out at separation unit ID: 1367612102
{ recyclable of type P dropped into box....}
Box has ID: 519019247
--------------------------------------------------
separating paper......
process carried out at separation unit ID: 1367612102
{ recyclable of type P dropped into box....}
Box has ID: 519019247
--------------------------------------------------
separating paper......
process carried out at separation unit ID: 1367612102
{ recyclable of type P dropped into box....}
Box has ID: 519019247
--------------------------------------------------
separating paper......
process carried out at separation unit ID: 1367612102
{ recyclable of type P dropped into box....}
Box has ID: 519019247
--------------------------------------------------
separating paper......
process carried out at separation unit ID: 1367612102
{ recyclable of type P dropped into box....}
Box has ID: 519019247
--------------------------------------------------
separating paper......
process carried out at separation unit ID: 1367612102
{ recyclable of type P dropped into box....}
Box has ID: 519019247
--------------------------------------------------
separating paper......
process carried out at separation unit ID: 1367612102
{ recyclable of type P dropped into box....}
Box has ID: 519019247
--------------------------------------------------
separating paper......
process carried out at separation unit ID: 1367612102
{ recyclable of type P dropped into box....}
Box has ID: 519019247
--------------------------------------------------
separating paper......
process carried out at separation unit ID: 1367612102
{ recyclable of type P dropped into box....}
Box has ID: 519019247
--------------------------------------------------
separating paper......
process carried out at separation unit ID: 1367612102
{ recyclable of type P dropped into box....}
Box has ID: 519019247
--------------------------------------------------
separating paper......
process carried out at separation unit ID: 1367612102
{ recyclable of type P dropped into box....}
Box has ID: 519019247
--------------------------------------------------
separating paper......
process carried out at separation unit ID: 1367612102
{ recyclable of type P dropped into box....}
Box has ID: 519019247
--------------------------------------------------
separating paper......
process carried out at separation unit ID: 1367612102
{ recyclable of type P dropped into box....}
Box has ID: 519019247
--------------------------------------------------
separating paper......
process carried out at separation unit ID: 1367612102
{ recyclable of type P dropped into box....}
Box has ID: 519019247
--------------------------------------------------
separating paper......
process carried out at separation unit ID: 1367612102
{ recyclable of type P dropped into box....}
Box has ID: 519019247
--------------------------------------------------
separating paper......
process carried out at separation unit ID: 1367612102
{ recyclable of type P dropped into box....}
Box has ID: 519019247
--------------------------------------------------
separating paper......
process carried out at separation unit ID: 1367612102
{ recyclable of type P dropped into box....}
Box has ID: 519019247
--------------------------------------------------
separating paper......
process carried out at separation unit ID: 1367612102
{ recyclable of type P dropped into box....}
Box has ID: 519019247
--------------------------------------------------
separating paper......
process carried out at separation unit ID: 1367612102
{ recyclable of type P dropped into box....}
Box has ID: 519019247
--------------------------------------------------
separating paper......
process carried out at separation unit ID: 1367612102
{ recyclable of type P dropped into box....}
Box has ID: 519019247
--------------------------------------------------
separating paper......
process carried out at separation unit ID: 1367612102
{ recyclable of type P dropped into box....}
Box has ID: 519019247
--------------------------------------------------
separating paper......
process carried out at separation unit ID: 1367612102
{ recyclable of type P dropped into box....}
Box has ID: 519019247
--------------------------------------------------
separating paper......
process carried out at separation unit ID: 1367612102
{ recyclable of type P dropped into box....}
Box has ID: 519019247
--------------------------------------------------
separating paper......
process carried out at separation unit ID: 1367612102
{ recyclable of type P dropped into box....}
Box has ID: 519019247
--------------------------------------------------
separating paper......
process carried out at separation unit ID: 1367612102
{ recyclable of type P dropped into box....}
Box has ID: 519019247
--------------------------------------------------
separating paper......
process carried out at separation unit ID: 1367612102
{ recyclable of type P dropped into box....}
Box has ID: 519019247
--------------------------------------------------
separating paper......
process carried out at separation unit ID: 1367612102
{ recyclable of type P dropped into box....}
Box has ID: 519019247
--------------------------------------------------
separating paper......
process carried out at separation unit ID: 1367612102
{ recyclable of type P dropped into box....}
Box has ID: 519019247
--------------------------------------------------
separating paper......
process carried out at separation unit ID: 1367612102
{ recyclable of type P dropped into box....}
Box has ID: 519019247
--------------------------------------------------
separating paper......
process carried out at separation unit ID: 1367612102
{ recyclable of type P dropped into box....}
Box has ID: 519019247
--------------------------------------------------
separating paper......
process carried out at separation unit ID: 1367612102
{ recyclable of type P dropped into box....}
Box has ID: 519019247
--------------------------------------------------
separating paper......
process carried out at separation unit ID: 1367612102
{ recyclable of type P dropped into box....}
Box has ID: 519019247
--------------------------------------------------
separating paper......
process carried out at separation unit ID: 1367612102
{ recyclable of type P dropped into box....}
Box has ID: 519019247
--------------------------------------------------
separating paper......
process carried out at separation unit ID: 1367612102
{ recyclable of type P dropped into box....}
Box has ID: 519019247
--------------------------------------------------
separating paper......
process carried out at separation unit ID: 1367612102
{ recyclable of type P dropped into box....}
Box has ID: 519019247
--------------------------------------------------
separating paper......
process carried out at separation unit ID: 1367612102
{ recyclable of type P dropped into box....}
Box has ID: 519019247
--------------------------------------------------
separating paper......
process carried out at separation unit ID: 1367612102
{ recyclable of type P dropped into box....}
Box has ID: 519019247
--------------------------------------------------
separating paper......
process carried out at separation unit ID: 1367612102
{ recyclable of type P dropped into box....}
Box has ID: 519019247
--------------------------------------------------
separating paper......
process carried out at separation unit ID: 1367612102
{ recyclable of type P dropped into box....}
Box has ID: 519019247
--------------------------------------------------
separating paper......
process carried out at separation unit ID: 1367612102
{ recyclable of type P dropped into box....}
Box has ID: 519019247
--------------------------------------------------
separating paper......
process carried out at separation unit ID: 1367612102
{ recyclable of type P dropped into box....}
Box has ID: 519019247
--------------------------------------------------
separating paper......
process carried out at separation unit ID: 1367612102
{ recyclable of type P dropped into box....}
Box has ID: 519019247
--------------------------------------------------
separating paper......
process carried out at separation unit ID: 1367612102
{ recyclable of type P dropped into box....}
Box has ID: 519019247
--------------------------------------------------
separating paper......
process carried out at separation unit ID: 1367612102
{ recyclable of type P dropped into box....}
Box has ID: 519019247
--------------------------------------------------
separating paper......
process carried out at separation unit ID: 1367612102
{ recyclable of type P dropped into box....}
Box has ID: 519019247
--------------------------------------------------
separating paper......
process carried out at separation unit ID: 1367612102
{ recyclable of type P dropped into box....}
Box has ID: 519019247
--------------------------------------------------
separating paper......
process carried out at separation unit ID: 1367612102
{ recyclable of type P dropped into box....}
Box has ID: 519019247
--------------------------------------------------
separating paper......
process carried out at separation unit ID: 1367612102
{ recyclable of type P dropped into box....}
Box has ID: 519019247
--------------------------------------------------
separating paper......
process carried out at separation unit ID: 1367612102
{ recyclable of type P dropped into box....}
Box has ID: 519019247
--------------------------------------------------
separating paper......
process carried out at separation unit ID: 1367612102
{ recyclable of type P dropped into box....}
Box has ID: 519019247
--------------------------------------------------
separating paper......
process carried out at separation unit ID: 1367612102
{ recyclable of type P dropped into box....}
Box has ID: 519019247
--------------------------------------------------
separating paper......
process carried out at separation unit ID: 1367612102
{ recyclable of type P dropped into box....}
Box has ID: 519019247
--------------------------------------------------
separating paper......
process carried out at separation unit ID: 1367612102
{ recyclable of type P dropped into box....}
Box has ID: 519019247
--------------------------------------------------
separating paper......
process carried out at separation unit ID: 1367612102
{ recyclable of type P dropped into box....}
Box has ID: 519019247
--------------------------------------------------
separating paper......
process carried out at separation unit ID: 1367612102
{ recyclable of type P dropped into box....}
Box has ID: 519019247
--------------------------------------------------
separating paper......
process carried out at separation unit ID: 1367612102
{ recyclable of type P dropped into box....}
Box has ID: 519019247
--------------------------------------------------
separating paper......
process carried out at separation unit ID: 1367612102
{ recyclable of type P dropped into box....}
Box has ID: 519019247
--------------------------------------------------
separating paper......
process carried out at separation unit ID: 1367612102
{ recyclable of type P dropped into box....}
Box has ID: 519019247
--------------------------------------------------
separating paper......
process carried out at separation unit ID: 1367612102
{ recyclable of type P dropped into box....}
Box has ID: 519019247
--------------------------------------------------
separating paper......
process carried out at separation unit ID: 1367612102
{ recyclable of type P dropped into box....}
Box has ID: 519019247
--------------------------------------------------
separating paper......
process carried out at separation unit ID: 1367612102
{ recyclable of type P dropped into box....}
Box has ID: 519019247
--------------------------------------------------
separating paper......
process carried out at separation unit ID: 1367612102
{ recyclable of type P dropped into box....}
Box has ID: 519019247
--------------------------------------------------
separating paper......
process carried out at separation unit ID: 1367612102
{ recyclable of type P dropped into box....}
Box has ID: 519019247
--------------------------------------------------
separating paper......
process carried out at separation unit ID: 1367612102
{ recyclable of type P dropped into box....}
Box has ID: 519019247
--------------------------------------------------
separating paper......
process carried out at separation unit ID: 1367612102
{ recyclable of type P dropped into box....}
Box has ID: 519019247
--------------------------------------------------
separating paper......
process carried out at separation unit ID: 1367612102
{ recyclable of type P dropped into box....}
Box has ID: 519019247
--------------------------------------------------
separating paper......
process carried out at separation unit ID: 1367612102
{ recyclable of type P dropped into box....}
Box has ID: 519019247
--------------------------------------------------
separating paper......
process carried out at separation unit ID: 1367612102
{ recyclable of type P dropped into box....}
Box has ID: 519019247
--------------------------------------------------
separating paper......
process carried out at separation unit ID: 1367612102
{ recyclable of type P dropped into box....}
Box has ID: 519019247
--------------------------------------------------
separating paper......
process carried out at separation unit ID: 1367612102
{ recyclable of type P dropped into box....}
Box has ID: 519019247
--------------------------------------------------
separating paper......
process carried out at separation unit ID: 1367612102
{ recyclable of type P dropped into box....}
Box has ID: 519019247
--------------------------------------------------
separating paper......
process carried out at separation unit ID: 1367612102
{ recyclable of type P dropped into box....}
Box has ID: 519019247
--------------------------------------------------
separating paper......
process carried out at separation unit ID: 1367612102
{ recyclable of type P dropped into box....}
Box has ID: 519019247
--------------------------------------------------
separating paper......
process carried out at separation unit ID: 1367612102
{ recyclable of type P dropped into box....}
Box has ID: 519019247
--------------------------------------------------
separating paper......
process carried out at separation unit ID: 1367612102
{ recyclable of type P dropped into box....}
Box has ID: 519019247
--------------------------------------------------
separating paper......
process carried out at separation unit ID: 1367612102
{ recyclable of type P dropped into box....}
Box has ID: 519019247
--------------------------------------------------
separating paper......
process carried out at separation unit ID: 1367612102
{ recyclable of type P dropped into box....}
Box has ID: 519019247
--------------------------------------------------
separating paper......
process carried out at separation unit ID: 1367612102
{ recyclable of type P dropped into box....}
Box has ID: 519019247
--------------------------------------------------
separating paper......
process carried out at separation unit ID: 1367612102
{ recyclable of type P dropped into box....}
Box has ID: 519019247
--------------------------------------------------
separating paper......
process carried out at separation unit ID: 1367612102
{ recyclable of type P dropped into box....}
Box has ID: 519019247
--------------------------------------------------
separating paper......
process carried out at separation unit ID: 1367612102
{ recyclable of type P dropped into box....}
Box has ID: 519019247
--------------------------------------------------
separating paper......
process carried out at separation unit ID: 1367612102
{ recyclable of type P dropped into box....}
Box has ID: 519019247
--------------------------------------------------
separating paper......
process carried out at separation unit ID: 1367612102
{ recyclable of type P dropped into box....}
Box has ID: 519019247
--------------------------------------------------
separating paper......
process carried out at separation unit ID: 1367612102
{ recyclable of type P dropped into box....}
Box has ID: 519019247
--------------------------------------------------
separating paper......
process carried out at separation unit ID: 1367612102
{ recyclable of type P dropped into box....}
Box has ID: 519019247
--------------------------------------------------
separating paper......
process carried out at separation unit ID: 1367612102
{ recyclable of type P dropped into box....}
Box has ID: 519019247
--------------------------------------------------
separating paper......
process carried out at separation unit ID: 1367612102
{ recyclable of type P dropped into box....}
Box has ID: 519019247
--------------------------------------------------
separating paper......
process carried out at separation unit ID: 1367612102
{ recyclable of type P dropped into box....}
Box has ID: 519019247
--------------------------------------------------
separating paper......
process carried out at separation unit ID: 1367612102
{ recyclable of type P dropped into box....}
Box has ID: 519019247
--------------------------------------------------
separating paper......
process carried out at separation unit ID: 1367612102
{ recyclable of type P dropped into box....}
Box has ID: 519019247
--------------------------------------------------
separating paper......
process carried out at separation unit ID: 1367612102
{ recyclable of type P dropped into box....}
Box has ID: 519019247
--------------------------------------------------
separating paper......
process carried out at separation unit ID: 1367612102
{ recyclable of type P dropped into box....}
Box has ID: 519019247
--------------------------------------------------
separating paper......
process carried out at separation unit ID: 1367612102
{ recyclable of type P dropped into box....}
Box has ID: 519019247
--------------------------------------------------
separating paper......
process carried out at separation unit ID: 1367612102
{ recyclable of type P dropped into box....}
Box has ID: 519019247
--------------------------------------------------
separating paper......
process carried out at separation unit ID: 1367612102
{ recyclable of type P dropped into box....}
Box has ID: 519019247
--------------------------------------------------
separating paper......
process carried out at separation unit ID: 1367612102
{ recyclable of type P dropped into box....}
Box has ID: 519019247
--------------------------------------------------
separating paper......
process carried out at separation unit ID: 1367612102
{ recyclable of type P dropped into box....}
Box has ID: 519019247
--------------------------------------------------
separating paper......
process carried out at separation unit ID: 1367612102
{ recyclable of type P dropped into box....}
Box has ID: 519019247
--------------------------------------------------
separating paper......
process carried out at separation unit ID: 1367612102
{ recyclable of type P dropped into box....}
Box has ID: 519019247
--------------------------------------------------
separating paper......
process carried out at separation unit ID: 1367612102
{ recyclable of type P dropped into box....}
Box has ID: 519019247
--------------------------------------------------
separating paper......
process carried out at separation unit ID: 1367612102
{ recyclable of type P dropped into box....}
Box has ID: 519019247
--------------------------------------------------
separating paper......
process carried out at separation unit ID: 1367612102
{ recyclable of type P dropped into box....}
Box has ID: 519019247
--------------------------------------------------
separating paper......
process carried out at separation unit ID: 1367612102
{ recyclable of type P dropped into box....}
Box has ID: 519019247
--------------------------------------------------
separating paper......
process carried out at separation unit ID: 1367612102
{ recyclable of type P dropped into box....}
Box has ID: 519019247
--------------------------------------------------
separating paper......
process carried out at separation unit ID: 1367612102
{ recyclable of type P dropped into box....}
Box has ID: 519019247
--------------------------------------------------
separating paper......
process carried out at separation unit ID: 1367612102
{ recyclable of type P dropped into box....}
Box has ID: 519019247
--------------------------------------------------
separating paper......
process carried out at separation unit ID: 1367612102
{ recyclable of type P dropped into box....}
Box has ID: 519019247
--------------------------------------------------
separating paper......
process carried out at separation unit ID: 1367612102
{ recyclable of type P dropped into box....}
Box has ID: 519019247
--------------------------------------------------
separating paper......
process carried out at separation unit ID: 1367612102
{ recyclable of type P dropped into box....}
Box has ID: 519019247
--------------------------------------------------
separating paper......
process carried out at separation unit ID: 1367612102
{ recyclable of type P dropped into box....}
Box has ID: 519019247
--------------------------------------------------
separating paper......
process carried out at separation unit ID: 1367612102
{ recyclable of type P dropped into box....}
Box has ID: 519019247
--------------------------------------------------
separating paper......
process carried out at separation unit ID: 1367612102
{ recyclable of type P dropped into box....}
Box has ID: 519019247
--------------------------------------------------
separating paper......
process carried out at separation unit ID: 1367612102
{ recyclable of type P dropped into box....}
Box has ID: 519019247
--------------------------------------------------
separating paper......
process carried out at separation unit ID: 1367612102
{ recyclable of type P dropped into box....}
Box has ID: 519019247
--------------------------------------------------
separating paper......
process carried out at separation unit ID: 1367612102
{ recyclable of type P dropped into box....}
Box has ID: 519019247
--------------------------------------------------
separating paper......
process carried out at separation unit ID: 1367612102
{ recyclable of type P dropped into box....}
Box has ID: 519019247
--------------------------------------------------
separating paper......
process carried out at separation unit ID: 1367612102
{ recyclable of type P dropped into box....}
Box has ID: 519019247
--------------------------------------------------
separating paper......
process carried out at separation unit ID: 1367612102
{ recyclable of type P dropped into box....}
Box has ID: 519019247
--------------------------------------------------
separating paper......
process carried out at separation unit ID: 1367612102
{ recyclable of type P dropped into box....}
Box has ID: 519019247
--------------------------------------------------
separating paper......
process carried out at separation unit ID: 1367612102
{ recyclable of type P dropped into box....}
Box has ID: 519019247
--------------------------------------------------
separating paper......
process carried out at separation unit ID: 1367612102
{ recyclable of type P dropped into box....}
Box has ID: 519019247
--------------------------------------------------
separating paper......
process carried out at separation unit ID: 1367612102
{ recyclable of type P dropped into box....}
Box has ID: 519019247
--------------------------------------------------
separating paper......
process carried out at separation unit ID: 1367612102
{ recyclable of type P dropped into box....}
Box has ID: 519019247
--------------------------------------------------
separating paper......
process carried out at separation unit ID: 1367612102
{ recyclable of type P dropped into box....}
Box has ID: 519019247
--------------------------------------------------
separating paper......
process carried out at separation unit ID: 1367612102
{ recyclable of type P dropped into box....}
Box has ID: 519019247
--------------------------------------------------
separating paper......
process carried out at separation unit ID: 1367612102
{ recyclable of type P dropped into box....}
Box has ID: 519019247
--------------------------------------------------
separating paper......
process carried out at separation unit ID: 1367612102
{ recyclable of type P dropped into box....}
Box has ID: 519019247
--------------------------------------------------
separating paper......
process carried out at separation unit ID: 1367612102
{ recyclable of type P dropped into box....}
Box has ID: 519019247
--------------------------------------------------
separating paper......
process carried out at separation unit ID: 1367612102
{ recyclable of type P dropped into box....}
Box has ID: 519019247
--------------------------------------------------
separating paper......
process carried out at separation unit ID: 1367612102
{ recyclable of type P dropped into box....}
Box has ID: 519019247
--------------------------------------------------
separating paper......
process carried out at separation unit ID: 1367612102
{ recyclable of type P dropped into box....}
Box has ID: 519019247
--------------------------------------------------
separating paper......
process carried out at separation unit ID: 1367612102
{ recyclable of type P dropped into box....}
Box has ID: 519019247
--------------------------------------------------
separating paper......
process carried out at separation unit ID: 1367612102
{ recyclable of type P dropped into box....}
Box has ID: 519019247
--------------------------------------------------
separating paper......
process carried out at separation unit ID: 1367612102
{ recyclable of type P dropped into box....}
Box has ID: 519019247
--------------------------------------------------
separating paper......
process carried out at separation unit ID: 1367612102
{ recyclable of type P dropped into box....}
Box has ID: 519019247
--------------------------------------------------
separating paper......
process carried out at separation unit ID: 1367612102
{ recyclable of type P dropped into box....}
Box has ID: 519019247
--------------------------------------------------
separating paper......
process carried out at separation unit ID: 1367612102
{ recyclable of type P dropped into box....}
Box has ID: 519019247
--------------------------------------------------
separating paper......
process carried out at separation unit ID: 1367612102
{ recyclable of type P dropped into box....}
Box has ID: 519019247
--------------------------------------------------
separating paper......
process carried out at separation unit ID: 1367612102
{ recyclable of type P dropped into box....}
Box has ID: 519019247
--------------------------------------------------
separating paper......
process carried out at separation unit ID: 1367612102
{ recyclable of type P dropped into box....}
Box has ID: 519019247
--------------------------------------------------
separating paper......
process carried out at separation unit ID: 1367612102
{ recyclable of type P dropped into box....}
Box has ID: 519019247
--------------------------------------------------
separating paper......
process carried out at separation unit ID: 1367612102
{ recyclable of type P dropped into box....}
Box has ID: 519019247
--------------------------------------------------
separating paper......
process carried out at separation unit ID: 1367612102
{ recyclable of type P dropped into box....}
Box has ID: 519019247
--------------------------------------------------
separating paper......
process carried out at separation unit ID: 1367612102
{ recyclable of type P dropped into box....}
Box has ID: 519019247
--------------------------------------------------
separating paper......
process carried out at separation unit ID: 1367612102
{ recyclable of type P dropped into box....}
Box has ID: 519019247
--------------------------------------------------
separating paper......
process carried out at separation unit ID: 1367612102
{ recyclable of type P dropped into box....}
Box has ID: 519019247
--------------------------------------------------
separating paper......
process carried out at separation unit ID: 1367612102
{ recyclable of type P dropped into box....}
Box has ID: 519019247
--------------------------------------------------
separating paper......
process carried out at separation unit ID: 1367612102
{ recyclable of type P dropped into box....}
Box has ID: 519019247
--------------------------------------------------
separating paper......
process carried out at separation unit ID: 1367612102
{ recyclable of type P dropped into box....}
Box has ID: 519019247
--------------------------------------------------
separating paper......
process carried out at separation unit ID: 1367612102
{ recyclable of type P dropped into box....}
Box has ID: 519019247
--------------------------------------------------
separating paper......
process carried out at separation unit ID: 1367612102
{ recyclable of type P dropped into box....}
Box has ID: 519019247
--------------------------------------------------
separating paper......
process carried out at separation unit ID: 1367612102
{ recyclable of type P dropped into box....}
Box has ID: 519019247
--------------------------------------------------
separating paper......
process carried out at separation unit ID: 1367612102
{ recyclable of type P dropped into box....}
Box has ID: 519019247
--------------------------------------------------
separating paper......
process carried out at separation unit ID: 1367612102
{ recyclable of type P dropped into box....}
Box has ID: 519019247
--------------------------------------------------
separating paper......
process carried out at separation unit ID: 1367612102
{ recyclable of type P dropped into box....}
Box has ID: 519019247
--------------------------------------------------
separating paper......
process carried out at separation unit ID: 1367612102
{ recyclable of type P dropped into box....}
Box has ID: 519019247
--------------------------------------------------
separating paper......
process carried out at separation unit ID: 1367612102
{ recyclable of type P dropped into box....}
Box has ID: 519019247
--------------------------------------------------
separating paper......
process carried out at separation unit ID: 1367612102
{ recyclable of type P dropped into box....}
Box has ID: 519019247
--------------------------------------------------
separating paper......
process carried out at separation unit ID: 1367612102
{ recyclable of type P dropped into box....}
Box has ID: 519019247
--------------------------------------------------
separating paper......
process carried out at separation unit ID: 1367612102
{ recyclable of type P dropped into box....}
Box has ID: 519019247
--------------------------------------------------
separating paper......
process carried out at separation unit ID: 1367612102
{ recyclable of type P dropped into box....}
Box has ID: 519019247
--------------------------------------------------
separating paper......
process carried out at separation unit ID: 1367612102
{ recyclable of type P dropped into box....}
Box has ID: 519019247
--------------------------------------------------
separating paper......
process carried out at separation unit ID: 1367612102
{ recyclable of type P dropped into box....}
Box has ID: 519019247
--------------------------------------------------
separating paper......
process carried out at separation unit ID: 1367612102
{ recyclable of type P dropped into box....}
Box has ID: 519019247
--------------------------------------------------
separating paper......
process carried out at separation unit ID: 1367612102
{ recyclable of type P dropped into box....}
Box has ID: 519019247
--------------------------------------------------
separating paper......
process carried out at separation unit ID: 1367612102
{ recyclable of type P dropped into box....}
Box has ID: 519019247
--------------------------------------------------
separating paper......
process carried out at separation unit ID: 1367612102
{ recyclable of type P dropped into box....}
Box has ID: 519019247
--------------------------------------------------
separating paper......
process carried out at separation unit ID: 1367612102
{ recyclable of type P dropped into box....}
Box has ID: 519019247
--------------------------------------------------
separating paper......
process carried out at separation unit ID: 1367612102
{ recyclable of type P dropped into box....}
Box has ID: 519019247
--------------------------------------------------
separating paper......
process carried out at separation unit ID: 1367612102
{ recyclable of type P dropped into box....}
Box has ID: 519019247
--------------------------------------------------
separating paper......
process carried out at separation unit ID: 1367612102
{ recyclable of type P dropped into box....}
Box has ID: 519019247
--------------------------------------------------
separating paper......
process carried out at separation unit ID: 1367612102
{ recyclable of type P dropped into box....}
Box has ID: 519019247
--------------------------------------------------
separating paper......
process carried out at separation unit ID: 1367612102
{ recyclable of type P dropped into box....}
Box has ID: 519019247
--------------------------------------------------
separating paper......
process carried out at separation unit ID: 1367612102
{ recyclable of type P dropped into box....}
Box has ID: 519019247
--------------------------------------------------
separating paper......
process carried out at separation unit ID: 1367612102
{ recyclable of type P dropped into box....}
Box has ID: 519019247
--------------------------------------------------
separating paper......
process carried out at separation unit ID: 1367612102
{ recyclable of type P dropped into box....}
Box has ID: 519019247
--------------------------------------------------
separating paper......
process carried out at separation unit ID: 1367612102
{ recyclable of type P dropped into box....}
Box has ID: 519019247
--------------------------------------------------
separating paper......
process carried out at separation unit ID: 1367612102
{ recyclable of type P dropped into box....}
Box has ID: 519019247
--------------------------------------------------
separating paper......
process carried out at separation unit ID: 1367612102
{ recyclable of type P dropped into box....}
Box has ID: 519019247
--------------------------------------------------
separating paper......
process carried out at separation unit ID: 1367612102
{ recyclable of type P dropped into box....}
Box has ID: 519019247
--------------------------------------------------
separating paper......
process carried out at separation unit ID: 1367612102
{ recyclable of type P dropped into box....}
Box has ID: 519019247
--------------------------------------------------
separating paper......
process carried out at separation unit ID: 1367612102
{ recyclable of type P dropped into box....}
Box has ID: 519019247
--------------------------------------------------
separating paper......
process carried out at separation unit ID: 1367612102
{ recyclable of type P dropped into box....}
Box has ID: 519019247
--------------------------------------------------
separating paper......
process carried out at separation unit ID: 1367612102
{ recyclable of type P dropped into box....}
Box has ID: 519019247
--------------------------------------------------
separating paper......
process carried out at separation unit ID: 1367612102
{ recyclable of type P dropped into box....}
Box has ID: 519019247
--------------------------------------------------
separating paper......
process carried out at separation unit ID: 1367612102
{ recyclable of type P dropped into box....}
Box has ID: 519019247
--------------------------------------------------
separating paper......
process carried out at separation unit ID: 1367612102
{ recyclable of type P dropped into box....}
Box has ID: 519019247
--------------------------------------------------
separating paper......
process carried out at separation unit ID: 1367612102
{ recyclable of type P dropped into box....}
Box has ID: 519019247
--------------------------------------------------
separating paper......
process carried out at separation unit ID: 1367612102
{ recyclable of type P dropped into box....}
Box has ID: 519019247
--------------------------------------------------
separating paper......
process carried out at separation unit ID: 1367612102
{ recyclable of type P dropped into box....}
Box has ID: 519019247
--------------------------------------------------
separating paper......
process carried out at separation unit ID: 1367612102
{ recyclable of type P dropped into box....}
Box has ID: 519019247
--------------------------------------------------
separating paper......
process carried out at separation unit ID: 1367612102
{ recyclable of type P dropped into box....}
Box has ID: 519019247
--------------------------------------------------
separating paper......
process carried out at separation unit ID: 1367612102
{ recyclable of type P dropped into box....}
Box has ID: 519019247
--------------------------------------------------
separating paper......
process carried out at separation unit ID: 1367612102
{ recyclable of type P dropped into box....}
Box has ID: 519019247
--------------------------------------------------
separating paper......
process carried out at separation unit ID: 1367612102
{ recyclable of type P dropped into box....}
Box has ID: 519019247
--------------------------------------------------
separating paper......
process carried out at separation unit ID: 1367612102
{ recyclable of type P dropped into box....}
Box has ID: 519019247
--------------------------------------------------
separating paper......
process carried out at separation unit ID: 1367612102
{ recyclable of type P dropped into box....}
Box has ID: 519019247
--------------------------------------------------
separating paper......
process carried out at separation unit ID: 1367612102
{ recyclable of type P dropped into box....}
Box has ID: 519019247
--------------------------------------------------
separating paper......
process carried out at separation unit ID: 1367612102
{ recyclable of type P dropped into box....}
Box has ID: 519019247
--------------------------------------------------
separating paper......
process carried out at separation unit ID: 1367612102
{ recyclable of type P dropped into box....}
Box has ID: 519019247
--------------------------------------------------
separating paper......
process carried out at separation unit ID: 1367612102
{ recyclable of type P dropped into box....}
Box has ID: 519019247
--------------------------------------------------
separating paper......
process carried out at separation unit ID: 1367612102
{ recyclable of type P dropped into box....}
Box has ID: 519019247
--------------------------------------------------
separating paper......
process carried out at separation unit ID: 1367612102
{ recyclable of type P dropped into box....}
Box has ID: 519019247
--------------------------------------------------
separating paper......
process carried out at separation unit ID: 1367612102
{ recyclable of type P dropped into box....}
Box has ID: 519019247
--------------------------------------------------
separating paper......
process carried out at separation unit ID: 1367612102
{ recyclable of type P dropped into box....}
Box has ID: 519019247
--------------------------------------------------
separating paper......
process carried out at separation unit ID: 1367612102
{ recyclable of type P dropped into box....}
Box has ID: 519019247
--------------------------------------------------
separating paper......
process carried out at separation unit ID: 1367612102
{ recyclable of type P dropped into box....}
Box has ID: 519019247
--------------------------------------------------
separating paper......
process carried out at separation unit ID: 1367612102
{ recyclable of type P dropped into box....}
Box has ID: 519019247
--------------------------------------------------
separating paper......
process carried out at separation unit ID: 1367612102
{ recyclable of type P dropped into box....}
Box has ID: 519019247
--------------------------------------------------
separating paper......
process carried out at separation unit ID: 1367612102
{ recyclable of type P dropped into box....}
Box has ID: 519019247
--------------------------------------------------
separating paper......
process carried out at separation unit ID: 1367612102
{ recyclable of type P dropped into box....}
Box has ID: 519019247
--------------------------------------------------
separating paper......
process carried out at separation unit ID: 1367612102
{ recyclable of type P dropped into box....}
Box has ID: 519019247
--------------------------------------------------
separating paper......
process carried out at separation unit ID: 1367612102
{ recyclable of type P dropped into box....}
Box has ID: 519019247
--------------------------------------------------
separating paper......
process carried out at separation unit ID: 1367612102
{ recyclable of type P dropped into box....}
Box has ID: 519019247
--------------------------------------------------
separating paper......
process carried out at separation unit ID: 1367612102
{ recyclable of type P dropped into box....}
Box has ID: 519019247
--------------------------------------------------
separating paper......
process carried out at separation unit ID: 1367612102
{ recyclable of type P dropped into box....}
Box has ID: 519019247
--------------------------------------------------
separating paper......
process carried out at separation unit ID: 1367612102
{ recyclable of type P dropped into box....}
Box has ID: 519019247
--------------------------------------------------
separating paper......
process carried out at separation unit ID: 1367612102
{ recyclable of type P dropped into box....}
Box has ID: 519019247
--------------------------------------------------
separating paper......
process carried out at separation unit ID: 1367612102
{ recyclable of type P dropped into box....}
Box has ID: 519019247
--------------------------------------------------
separating paper......
process carried out at separation unit ID: 1367612102
{ recyclable of type P dropped into box....}
Box has ID: 519019247
--------------------------------------------------
separating paper......
process carried out at separation unit ID: 1367612102
{ recyclable of type P dropped into box....}
Box has ID: 519019247
--------------------------------------------------
separating paper......
process carried out at separation unit ID: 1367612102
{ recyclable of type P dropped into box....}
Box has ID: 519019247
--------------------------------------------------
separating paper......
process carried out at separation unit ID: 1367612102
{ recyclable of type P dropped into box....}
Box has ID: 519019247
--------------------------------------------------
separating paper......
process carried out at separation unit ID: 1367612102
{ recyclable of type P dropped into box....}
Box has ID: 519019247
--------------------------------------------------
separating paper......
process carried out at separation unit ID: 1367612102
{ recyclable of type P dropped into box....}
Box has ID: 519019247
--------------------------------------------------
separating paper......
process carried out at separation unit ID: 1367612102
{ recyclable of type P dropped into box....}
Box has ID: 519019247
--------------------------------------------------
separating paper......
process carried out at separation unit ID: 1367612102
{ recyclable of type P dropped into box....}
Box has ID: 519019247
--------------------------------------------------
separating paper......
process carried out at separation unit ID: 1367612102
{ recyclable of type P dropped into box....}
Box has ID: 519019247
--------------------------------------------------
separating paper......
process carried out at separation unit ID: 1367612102
{ recyclable of type P dropped into box....}
Box has ID: 519019247
--------------------------------------------------
separating paper......
process carried out at separation unit ID: 1367612102
{ recyclable of type P dropped into box....}
Box has ID: 519019247
--------------------------------------------------
separating paper......
process carried out at separation unit ID: 1367612102
{ recyclable of type P dropped into box....}
Box has ID: 519019247
--------------------------------------------------
separating paper......
process carried out at separation unit ID: 1367612102
{ recyclable of type P dropped into box....}
Box has ID: 519019247
--------------------------------------------------
separating paper......
process carried out at separation unit ID: 1367612102
{ recyclable of type P dropped into box....}
Box has ID: 519019247
--------------------------------------------------
separating paper......
process carried out at separation unit ID: 1367612102
{ recyclable of type P dropped into box....}
Box has ID: 519019247
--------------------------------------------------
separating paper......
process carried out at separation unit ID: 1367612102
{ recyclable of type P dropped into box....}
Box has ID: 519019247
--------------------------------------------------
separating paper......
process carried out at separation unit ID: 1367612102
{ recyclable of type P dropped into box....}
Box has ID: 519019247
--------------------------------------------------
separating paper......
process carried out at separation unit ID: 1367612102
{ recyclable of type P dropped into box....}
Box has ID: 519019247
--------------------------------------------------
separating paper......
process carried out at separation unit ID: 1367612102
{ recyclable of type P dropped into box....}
Box has ID: 519019247
--------------------------------------------------
separating paper......
process carried out at separation unit ID: 1367612102
{ recyclable of type P dropped into box....}
Box has ID: 519019247
--------------------------------------------------
separating paper......
process carried out at separation unit ID: 1367612102
{ recyclable of type P dropped into box....}
Box has ID: 519019247
--------------------------------------------------
separating paper......
process carried out at separation unit ID: 1367612102
{ recyclable of type P dropped into box....}
Box has ID: 519019247
--------------------------------------------------
separating paper......
process carried out at separation unit ID: 1367612102
{ recyclable of type P dropped into box....}
Box has ID: 519019247
--------------------------------------------------
separating paper......
process carried out at separation unit ID: 1367612102
{ recyclable of type P dropped into box....}
Box has ID: 519019247
--------------------------------------------------
separating paper......
process carried out at separation unit ID: 1367612102
{ recyclable of type P dropped into box....}
Box has ID: 519019247
--------------------------------------------------
separating paper......
process carried out at separation unit ID: 1367612102
{ recyclable of type P dropped into box....}
Box has ID: 519019247
--------------------------------------------------
separating paper......
process carried out at separation unit ID: 1367612102
{ recyclable of type P dropped into box....}
Box has ID: 519019247
--------------------------------------------------
separating paper......
process carried out at separation unit ID: 1367612102
{ recyclable of type P dropped into box....}
Box has ID: 519019247
--------------------------------------------------
separating paper......
process carried out at separation unit ID: 1367612102
{ recyclable of type P dropped into box....}
Box has ID: 519019247
--------------------------------------------------
separating paper......
process carried out at separation unit ID: 1367612102
{ recyclable of type P dropped into box....}
Box has ID: 519019247
--------------------------------------------------
separating paper......
process carried out at separation unit ID: 1367612102
{ recyclable of type P dropped into box....}
Box has ID: 519019247
--------------------------------------------------
separating paper......
process carried out at separation unit ID: 1367612102
{ recyclable of type P dropped into box....}
Box has ID: 519019247
--------------------------------------------------
separating paper......
process carried out at separation unit ID: 1367612102
{ recyclable of type P dropped into box....}
Box has ID: 519019247
--------------------------------------------------
separating paper......
process carried out at separation unit ID: 1367612102
{ recyclable of type P dropped into box....}
Box has ID: 519019247
--------------------------------------------------
separating paper......
process carried out at separation unit ID: 1367612102
{ recyclable of type P dropped into box....}
Box has ID: 519019247
--------------------------------------------------
separating paper......
process carried out at separation unit ID: 1367612102
{ recyclable of type P dropped into box....}
Box has ID: 519019247
--------------------------------------------------
separating paper......
process carried out at separation unit ID: 1367612102
{ recyclable of type P dropped into box....}
Box has ID: 519019247
--------------------------------------------------
separating paper......
process carried out at separation unit ID: 1367612102
{ recyclable of type P dropped into box....}
Box has ID: 519019247
--------------------------------------------------
separating paper......
process carried out at separation unit ID: 1367612102
{ recyclable of type P dropped into box....}
Box has ID: 519019247
--------------------------------------------------
separating paper......
process carried out at separation unit ID: 1367612102
{ recyclable of type P dropped into box....}
Box has ID: 519019247
--------------------------------------------------
separating paper......
process carried out at separation unit ID: 1367612102
{ recyclable of type P dropped into box....}
Box has ID: 519019247
--------------------------------------------------
separating paper......
process carried out at separation unit ID: 1367612102
{ recyclable of type P dropped into box....}
Box has ID: 519019247
--------------------------------------------------
separating paper......
process carried out at separation unit ID: 1367612102
{ recyclable of type P dropped into box....}
Box has ID: 519019247
--------------------------------------------------
separating paper......
process carried out at separation unit ID: 1367612102
{ recyclable of type P dropped into box....}
Box has ID: 519019247
--------------------------------------------------
separating paper......
process carried out at separation unit ID: 1367612102
{ recyclable of type P dropped into box....}
Box has ID: 519019247
--------------------------------------------------
separating paper......
process carried out at separation unit ID: 1367612102
{ recyclable of type P dropped into box....}
Box has ID: 519019247
--------------------------------------------------
separating paper......
process carried out at separation unit ID: 1367612102
{ recyclable of type P dropped into box....}
Box has ID: 519019247
--------------------------------------------------
separating paper......
process carried out at separation unit ID: 1367612102
{ recyclable of type P dropped into box....}
Box has ID: 519019247
--------------------------------------------------
separating paper......
process carried out at separation unit ID: 1367612102
{ recyclable of type P dropped into box....}
Box has ID: 519019247
--------------------------------------------------
separating paper......
process carried out at separation unit ID: 1367612102
{ recyclable of type P dropped into box....}
Box has ID: 519019247
--------------------------------------------------
separating paper......
process carried out at separation unit ID: 1367612102
{ recyclable of type P dropped into box....}
Box has ID: 519019247
--------------------------------------------------
separating paper......
process carried out at separation unit ID: 1367612102
{ recyclable of type P dropped into box....}
Box has ID: 519019247
--------------------------------------------------
separating paper......
process carried out at separation unit ID: 1367612102
{ recyclable of type P dropped into box....}
Box has ID: 519019247
--------------------------------------------------
separating paper......
process carried out at separation unit ID: 1367612102
{ recyclable of type P dropped into box....}
Box has ID: 519019247
--------------------------------------------------
separating paper......
process carried out at separation unit ID: 1367612102
{ recyclable of type P dropped into box....}
Box has ID: 519019247
--------------------------------------------------
separating paper......
process carried out at separation unit ID: 1367612102
{ recyclable of type P dropped into box....}
Box has ID: 519019247
--------------------------------------------------
separating paper......
process carried out at separation unit ID: 1367612102
{ recyclable of type P dropped into box....}
Box has ID: 519019247
--------------------------------------------------
separating paper......
process carried out at separation unit ID: 1367612102
{ recyclable of type P dropped into box....}
Box has ID: 519019247
--------------------------------------------------
separating paper......
process carried out at separation unit ID: 1367612102
{ recyclable of type P dropped into box....}
Box has ID: 519019247
--------------------------------------------------
separating paper......
process carried out at separation unit ID: 1367612102
{ recyclable of type P dropped into box....}
Box has ID: 519019247
--------------------------------------------------
separating paper......
process carried out at separation unit ID: 1367612102
{ recyclable of type P dropped into box....}
Box has ID: 519019247
--------------------------------------------------
separating paper......
process carried out at separation unit ID: 1367612102
{ recyclable of type P dropped into box....}
Box has ID: 519019247
--------------------------------------------------
separating paper......
process carried out at separation unit ID: 1367612102
{ recyclable of type P dropped into box....}
Box has ID: 519019247
--------------------------------------------------
separating paper......
process carried out at separation unit ID: 1367612102
{ recyclable of type P dropped into box....}
Box has ID: 519019247
--------------------------------------------------
separating paper......
process carried out at separation unit ID: 1367612102
{ recyclable of type P dropped into box....}
Box has ID: 519019247
--------------------------------------------------
separating paper......
process carried out at separation unit ID: 1367612102
{ recyclable of type P dropped into box....}
Box has ID: 519019247
--------------------------------------------------
separating paper......
process carried out at separation unit ID: 1367612102
{ recyclable of type P dropped into box....}
Box has ID: 519019247
--------------------------------------------------
separating paper......
process carried out at separation unit ID: 1367612102
{ recyclable of type P dropped into box....}
Box has ID: 519019247
--------------------------------------------------
separating paper......
process carried out at separation unit ID: 1367612102
{ recyclable of type P dropped into box....}
Box has ID: 519019247
--------------------------------------------------
separating paper......
process carried out at separation unit ID: 1367612102
{ recyclable of type P dropped into box....}
Box has ID: 519019247
--------------------------------------------------
separating paper......
process carried out at separation unit ID: 1367612102
{ recyclable of type P dropped into box....}
Box has ID: 519019247
--------------------------------------------------
separating paper......
process carried out at separation unit ID: 1367612102
{ recyclable of type P dropped into box....}
Box has ID: 519019247
--------------------------------------------------
separating paper......
process carried out at separation unit ID: 1367612102
{ recyclable of type P dropped into box....}
Box has ID: 519019247
--------------------------------------------------
separating paper......
process carried out at separation unit ID: 1367612102
{ recyclable of type P dropped into box....}
Box has ID: 519019247
--------------------------------------------------
separating paper......
process carried out at separation unit ID: 1367612102
{ recyclable of type P dropped into box....}
Box has ID: 519019247
--------------------------------------------------
separating paper......
process carried out at separation unit ID: 1367612102
{ recyclable of type P dropped into box....}
Box has ID: 519019247
--------------------------------------------------
separating paper......
process carried out at separation unit ID: 1367612102
{ recyclable of type P dropped into box....}
Box has ID: 519019247
--------------------------------------------------
separating paper......
process carried out at separation unit ID: 1367612102
{ recyclable of type P dropped into box....}
Box has ID: 519019247
--------------------------------------------------
separating paper......
process carried out at separation unit ID: 1367612102
{ recyclable of type P dropped into box....}
Box has ID: 519019247
--------------------------------------------------
separating paper......
process carried out at separation unit ID: 1367612102
{ recyclable of type P dropped into box....}
Box has ID: 519019247
--------------------------------------------------
separating paper......
process carried out at separation unit ID: 1367612102
{ recyclable of type P dropped into box....}
Box has ID: 519019247
--------------------------------------------------
separating paper......
process carried out at separation unit ID: 1367612102
{ recyclable of type P dropped into box....}
Box has ID: 519019247
--------------------------------------------------
separating paper......
process carried out at separation unit ID: 1367612102
{ recyclable of type P dropped into box....}
Box has ID: 519019247
--------------------------------------------------
separating paper......
process carried out at separation unit ID: 1367612102
{ recyclable of type P dropped into box....}
Box has ID: 519019247
--------------------------------------------------
separating paper......
process carried out at separation unit ID: 1367612102
{ recyclable of type P dropped into box....}
Box has ID: 519019247
--------------------------------------------------
separating paper......
process carried out at separation unit ID: 1367612102
{ recyclable of type P dropped into box....}
Box has ID: 519019247
--------------------------------------------------
separating paper......
process carried out at separation unit ID: 1367612102
{ recyclable of type P dropped into box....}
Box has ID: 519019247
--------------------------------------------------
separating paper......
process carried out at separation unit ID: 1367612102
{ recyclable of type P dropped into box....}
Box has ID: 519019247
--------------------------------------------------
separating paper......
process carried out at separation unit ID: 1367612102
{ recyclable of type P dropped into box....}
Box has ID: 519019247
--------------------------------------------------
separating paper......
process carried out at separation unit ID: 1367612102
{ recyclable of type P dropped into box....}
Box has ID: 519019247
--------------------------------------------------
separating paper......
process carried out at separation unit ID: 1367612102
{ recyclable of type P dropped into box....}
Box has ID: 519019247
--------------------------------------------------
separating paper......
process carried out at separation unit ID: 1367612102
{ recyclable of type P dropped into box....}
Box has ID: 519019247
--------------------------------------------------
separating paper......
process carried out at separation unit ID: 1367612102
{ recyclable of type P dropped into box....}
Box has ID: 519019247
--------------------------------------------------
separating paper......
process carried out at separation unit ID: 1367612102
{ recyclable of type P dropped into box....}
Box has ID: 519019247
--------------------------------------------------
separating paper......
process carried out at separation unit ID: 1367612102
{ recyclable of type P dropped into box....}
Box has ID: 519019247
--------------------------------------------------
separating paper......
process carried out at separation unit ID: 1367612102
{ recyclable of type P dropped into box....}
Box has ID: 519019247
--------------------------------------------------
separating paper......
process carried out at separation unit ID: 1367612102
{ recyclable of type P dropped into box....}
Box has ID: 519019247
--------------------------------------------------
separating paper......
process carried out at separation unit ID: 1367612102
{ recyclable of type P dropped into box....}
Box has ID: 519019247
--------------------------------------------------
separating paper......
process carried out at separation unit ID: 1367612102
{ recyclable of type P dropped into box....}
Box has ID: 519019247
--------------------------------------------------
separating paper......
process carried out at separation unit ID: 1367612102
{ recyclable of type P dropped into box....}
Box has ID: 519019247
--------------------------------------------------
separating paper......
process carried out at separation unit ID: 1367612102
{ recyclable of type P dropped into box....}
Box has ID: 519019247
--------------------------------------------------
separating paper......
process carried out at separation unit ID: 1367612102
{ recyclable of type P dropped into box....}
Box has ID: 519019247
--------------------------------------------------
separating paper......
process carried out at separation unit ID: 1367612102
{ recyclable of type P dropped into box....}
Box has ID: 519019247
--------------------------------------------------
separating paper......
process carried out at separation unit ID: 1367612102
{ recyclable of type P dropped into box....}
Box has ID: 519019247
--------------------------------------------------
separating paper......
process carried out at separation unit ID: 1367612102
{ recyclable of type P dropped into box....}
Box has ID: 519019247
--------------------------------------------------
separating paper......
process carried out at separation unit ID: 1367612102
{ recyclable of type P dropped into box....}
Box has ID: 519019247
--------------------------------------------------
separating paper......
process carried out at separation unit ID: 1367612102
{ recyclable of type P dropped into box....}
Box has ID: 519019247
--------------------------------------------------
separating paper......
process carried out at separation unit ID: 1367612102
{ recyclable of type P dropped into box....}
Box has ID: 519019247
--------------------------------------------------
separating paper......
process carried out at separation unit ID: 1367612102
{ recyclable of type P dropped into box....}
Box has ID: 519019247
--------------------------------------------------
separating paper......
process carried out at separation unit ID: 1367612102
{ recyclable of type P dropped into box....}
Box has ID: 519019247
--------------------------------------------------
separating paper......
process carried out at separation unit ID: 1367612102
{ recyclable of type P dropped into box....}
Box has ID: 519019247
--------------------------------------------------
separating paper......
process carried out at separation unit ID: 1367612102
{ recyclable of type P dropped into box....}
Box has ID: 519019247
--------------------------------------------------
separating paper......
process carried out at separation unit ID: 1367612102
{ recyclable of type P dropped into box....}
Box has ID: 519019247
--------------------------------------------------
separating paper......
process carried out at separation unit ID: 1367612102
{ recyclable of type P dropped into box....}
Box has ID: 519019247
--------------------------------------------------
separating paper......
process carried out at separation unit ID: 1367612102
{ recyclable of type P dropped into box....}
Box has ID: 519019247
--------------------------------------------------
separating paper......
process carried out at separation unit ID: 1367612102
{ recyclable of type P dropped into box....}
Box has ID: 519019247
--------------------------------------------------
separating paper......
process carried out at separation unit ID: 1367612102
{ recyclable of type P dropped into box....}
Box has ID: 519019247
--------------------------------------------------
separating paper......
process carried out at separation unit ID: 1367612102
{ recyclable of type P dropped into box....}
Box has ID: 519019247
--------------------------------------------------
separating paper......
process carried out at separation unit ID: 1367612102
{ recyclable of type P dropped into box....}
Box has ID: 519019247
--------------------------------------------------
separating paper......
process carried out at separation unit ID: 1367612102
{ recyclable of type P dropped into box....}
Box has ID: 519019247
--------------------------------------------------
separating paper......
process carried out at separation unit ID: 1367612102
{ recyclable of type P dropped into box....}
Box has ID: 519019247
--------------------------------------------------
separating paper......
process carried out at separation unit ID: 1367612102
{ recyclable of type P dropped into box....}
Box has ID: 519019247
--------------------------------------------------
separating paper......
process carried out at separation unit ID: 1367612102
{ recyclable of type P dropped into box....}
Box has ID: 519019247
--------------------------------------------------
separating paper......
process carried out at separation unit ID: 1367612102
{ recyclable of type P dropped into box....}
Box has ID: 519019247
--------------------------------------------------
separating paper......
process carried out at separation unit ID: 1367612102
{ recyclable of type P dropped into box....}
Box has ID: 519019247
--------------------------------------------------
separating paper......
process carried out at separation unit ID: 1367612102
{ recyclable of type P dropped into box....}
Box has ID: 519019247
--------------------------------------------------
separating paper......
process carried out at separation unit ID: 1367612102
{ recyclable of type P dropped into box....}
Box has ID: 519019247
--------------------------------------------------
separating paper......
process carried out at separation unit ID: 1367612102
{ recyclable of type P dropped into box....}
Box has ID: 519019247
--------------------------------------------------
separating paper......
process carried out at separation unit ID: 1367612102
{ recyclable of type P dropped into box....}
Box has ID: 519019247
--------------------------------------------------
separating paper......
process carried out at separation unit ID: 1367612102
{ recyclable of type P dropped into box....}
Box has ID: 519019247
--------------------------------------------------
separating paper......
process carried out at separation unit ID: 1367612102
{ recyclable of type P dropped into box....}
Box has ID: 519019247
--------------------------------------------------
separating paper......
process carried out at separation unit ID: 1367612102
{ recyclable of type P dropped into box....}
Box has ID: 519019247
--------------------------------------------------
separating paper......
process carried out at separation unit ID: 1367612102
{ recyclable of type P dropped into box....}
Box has ID: 519019247
--------------------------------------------------
separating paper......
process carried out at separation unit ID: 1367612102
{ recyclable of type P dropped into box....}
Box has ID: 519019247
--------------------------------------------------
separating paper......
process carried out at separation unit ID: 1367612102
{ recyclable of type P dropped into box....}
Box has ID: 519019247
--------------------------------------------------
separating paper......
process carried out at separation unit ID: 1367612102
{ recyclable of type P dropped into box....}
Box has ID: 519019247
--------------------------------------------------
separating paper......
process carried out at separation unit ID: 1367612102
{ recyclable of type P dropped into box....}
Box has ID: 519019247
--------------------------------------------------
separating paper......
process carried out at separation unit ID: 1367612102
{ recyclable of type P dropped into box....}
Box has ID: 519019247
--------------------------------------------------
separating paper......
process carried out at separation unit ID: 1367612102
{ recyclable of type P dropped into box....}
Box has ID: 519019247
--------------------------------------------------
separating paper......
process carried out at separation unit ID: 1367612102
{ recyclable of type P dropped into box....}
Box has ID: 519019247
--------------------------------------------------
separating paper......
process carried out at separation unit ID: 1367612102
{ recyclable of type P dropped into box....}
Box has ID: 519019247
--------------------------------------------------
separating paper......
process carried out at separation unit ID: 1367612102
{ recyclable of type P dropped into box....}
Box has ID: 519019247
--------------------------------------------------
separating paper......
process carried out at separation unit ID: 1367612102
{ recyclable of type P dropped into box....}
Box has ID: 519019247
--------------------------------------------------
separating paper......
process carried out at separation unit ID: 1367612102
{ recyclable of type P dropped into box....}
Box has ID: 519019247
--------------------------------------------------
separating paper......
process carried out at separation unit ID: 1367612102
{ recyclable of type P dropped into box....}
Box has ID: 519019247
--------------------------------------------------
separating paper......
process carried out at separation unit ID: 1367612102
{ recyclable of type P dropped into box....}
Box has ID: 519019247
--------------------------------------------------
separating paper......
process carried out at separation unit ID: 1367612102
{ recyclable of type P dropped into box....}
Box has ID: 519019247
--------------------------------------------------
separating paper......
process carried out at separation unit ID: 1367612102
{ recyclable of type P dropped into box....}
Box has ID: 519019247
--------------------------------------------------
separating paper......
process carried out at separation unit ID: 1367612102
{ recyclable of type P dropped into box....}
Box has ID: 519019247
--------------------------------------------------
separating paper......
process carried out at separation unit ID: 1367612102
{ recyclable of type P dropped into box....}
Box has ID: 519019247
--------------------------------------------------
separating paper......
process carried out at separation unit ID: 1367612102
{ recyclable of type P dropped into box....}
Box has ID: 519019247
--------------------------------------------------
separating paper......
process carried out at separation unit ID: 1367612102
{ recyclable of type P dropped into box....}
Box has ID: 519019247
--------------------------------------------------
separating paper......
process carried out at separation unit ID: 1367612102
{ recyclable of type P dropped into box....}
Box has ID: 519019247
--------------------------------------------------
separating paper......
process carried out at separation unit ID: 1367612102
{ recyclable of type P dropped into box....}
Box has ID: 519019247
--------------------------------------------------
separating paper......
process carried out at separation unit ID: 1367612102
{ recyclable of type P dropped into box....}
Box has ID: 519019247
--------------------------------------------------
separating paper......
process carried out at separation unit ID: 1367612102
{ recyclable of type P dropped into box....}
Box has ID: 519019247
--------------------------------------------------
separating paper......
process carried out at separation unit ID: 1367612102
{ recyclable of type P dropped into box....}
Box has ID: 519019247
--------------------------------------------------
separating paper......
process carried out at separation unit ID: 1367612102
{ recyclable of type P dropped into box....}
Box has ID: 519019247
--------------------------------------------------
separating paper......
process carried out at separation unit ID: 1367612102
{ recyclable of type P dropped into box....}
Box has ID: 519019247
--------------------------------------------------
separating paper......
process carried out at separation unit ID: 1367612102
{ recyclable of type P dropped into box....}
Box has ID: 519019247
--------------------------------------------------
separating paper......
process carried out at separation unit ID: 1367612102
{ recyclable of type P dropped into box....}
Box has ID: 519019247
--------------------------------------------------
separating paper......
process carried out at separation unit ID: 1367612102
{ recyclable of type P dropped into box....}
Box has ID: 519019247
--------------------------------------------------
separating paper......
process carried out at separation unit ID: 1367612102
{ recyclable of type P dropped into box....}
Box has ID: 519019247
--------------------------------------------------
separating paper......
process carried out at separation unit ID: 1367612102
{ recyclable of type P dropped into box....}
Box has ID: 519019247
--------------------------------------------------
separating paper......
process carried out at separation unit ID: 1367612102
{ recyclable of type P dropped into box....}
Box has ID: 519019247
--------------------------------------------------
separating paper......
process carried out at separation unit ID: 1367612102
{ recyclable of type P dropped into box....}
Box has ID: 519019247
--------------------------------------------------
separating paper......
process carried out at separation unit ID: 1367612102
{ recyclable of type P dropped into box....}
Box has ID: 519019247
--------------------------------------------------
separating paper......
process carried out at separation unit ID: 1367612102
{ recyclable of type P dropped into box....}
Box has ID: 519019247
--------------------------------------------------
separating paper......
process carried out at separation unit ID: 1367612102
{ recyclable of type P dropped into box....}
Box has ID: 519019247
--------------------------------------------------
separating paper......
process carried out at separation unit ID: 1367612102
{ recyclable of type P dropped into box....}
Box has ID: 519019247
--------------------------------------------------
separating paper......
process carried out at separation unit ID: 1367612102
{ recyclable of type P dropped into box....}
Box has ID: 519019247
--------------------------------------------------
separating paper......
process carried out at separation unit ID: 1367612102
{ recyclable of type P dropped into box....}
Box has ID: 519019247
--------------------------------------------------
separating paper......
process carried out at separation unit ID: 1367612102
{ recyclable of type P dropped into box....}
Box has ID: 519019247
--------------------------------------------------
separating paper......
process carried out at separation unit ID: 1367612102
{ recyclable of type P dropped into box....}
Box has ID: 519019247
--------------------------------------------------
separating paper......
process carried out at separation unit ID: 1367612102
{ recyclable of type P dropped into box....}
Box has ID: 519019247
--------------------------------------------------
separating paper......
process carried out at separation unit ID: 1367612102
{ recyclable of type P dropped into box....}
Box has ID: 519019247
--------------------------------------------------
separating paper......
process carried out at separation unit ID: 1367612102
{ recyclable of type P dropped into box....}
Box has ID: 519019247
--------------------------------------------------
separating paper......
process carried out at separation unit ID: 1367612102
{ recyclable of type P dropped into box....}
Box has ID: 519019247
--------------------------------------------------
separating paper......
process carried out at separation unit ID: 1367612102
{ recyclable of type P dropped into box....}
Box has ID: 519019247
--------------------------------------------------
separating paper......
process carried out at separation unit ID: 1367612102
{ recyclable of type P dropped into box....}
Box has ID: 519019247
--------------------------------------------------
separating paper......
process carried out at separation unit ID: 1367612102
{ recyclable of type P dropped into box....}
Box has ID: 519019247
--------------------------------------------------
separating paper......
process carried out at separation unit ID: 1367612102
{ recyclable of type P dropped into box....}
Box has ID: 519019247
--------------------------------------------------
separating paper......
process carried out at separation unit ID: 1367612102
{ recyclable of type P dropped into box....}
Box has ID: 519019247
--------------------------------------------------
separating paper......
process carried out at separation unit ID: 1367612102
{ recyclable of type P dropped into box....}
Box has ID: 519019247
--------------------------------------------------
separating paper......
process carried out at separation unit ID: 1367612102
{ recyclable of type P dropped into box....}
Box has ID: 519019247
--------------------------------------------------
separating paper......
process carried out at separation unit ID: 1367612102
{ recyclable of type P dropped into box....}
Box has ID: 519019247
--------------------------------------------------
separating paper......
process carried out at separation unit ID: 1367612102
{ recyclable of type P dropped into box....}
Box has ID: 519019247
--------------------------------------------------
separating paper......
process carried out at separation unit ID: 1367612102
{ recyclable of type P dropped into box....}
Box has ID: 519019247
--------------------------------------------------
separating paper......
process carried out at separation unit ID: 1367612102
{ recyclable of type P dropped into box....}
Box has ID: 519019247
--------------------------------------------------
separating paper......
process carried out at separation unit ID: 1367612102
{ recyclable of type P dropped into box....}
Box has ID: 519019247
--------------------------------------------------
separating paper......
process carried out at separation unit ID: 1367612102
{ recyclable of type P dropped into box....}
Box has ID: 519019247
--------------------------------------------------
separating paper......
process carried out at separation unit ID: 1367612102
{ recyclable of type P dropped into box....}
Box has ID: 519019247
--------------------------------------------------
separating paper......
process carried out at separation unit ID: 1367612102
{ recyclable of type P dropped into box....}
Box has ID: 519019247
--------------------------------------------------
separating paper......
process carried out at separation unit ID: 1367612102
{ recyclable of type P dropped into box....}
Box has ID: 519019247
--------------------------------------------------
separating paper......
process carried out at separation unit ID: 1367612102
{ recyclable of type P dropped into box....}
Box has ID: 519019247
--------------------------------------------------
separating paper......
process carried out at separation unit ID: 1367612102
{ recyclable of type P dropped into box....}
Box has ID: 519019247
--------------------------------------------------
separating paper......
process carried out at separation unit ID: 1367612102
{ recyclable of type P dropped into box....}
Box has ID: 519019247
--------------------------------------------------
separating paper......
process carried out at separation unit ID: 1367612102
{ recyclable of type P dropped into box....}
Box has ID: 519019247
--------------------------------------------------
separating paper......
process carried out at separation unit ID: 1367612102
{ recyclable of type P dropped into box....}
Box has ID: 519019247
--------------------------------------------------
separating paper......
process carried out at separation unit ID: 1367612102
{ recyclable of type P dropped into box....}
Box has ID: 519019247
--------------------------------------------------
separating paper......
process carried out at separation unit ID: 1367612102
{ recyclable of type P dropped into box....}
Box has ID: 519019247
--------------------------------------------------
separating paper......
process carried out at separation unit ID: 1367612102
{ recyclable of type P dropped into box....}
Box has ID: 519019247
--------------------------------------------------
separating paper......
process carried out at separation unit ID: 1367612102
{ recyclable of type P dropped into box....}
Box has ID: 519019247
--------------------------------------------------
separating paper......
process carried out at separation unit ID: 1367612102
{ recyclable of type P dropped into box....}
Box has ID: 519019247
--------------------------------------------------
separating paper......
process carried out at separation unit ID: 1367612102
{ recyclable of type P dropped into box....}
Box has ID: 519019247
--------------------------------------------------
separating paper......
process carried out at separation unit ID: 1367612102
{ recyclable of type P dropped into box....}
Box has ID: 519019247
--------------------------------------------------
separating paper......
process carried out at separation unit ID: 1367612102
{ recyclable of type P dropped into box....}
Box has ID: 519019247
--------------------------------------------------
separating paper......
process carried out at separation unit ID: 1367612102
{ recyclable of type P dropped into box....}
Box has ID: 519019247
--------------------------------------------------
separating paper......
process carried out at separation unit ID: 1367612102
{ recyclable of type P dropped into box....}
Box has ID: 519019247
--------------------------------------------------
separating paper......
process carried out at separation unit ID: 1367612102
{ recyclable of type P dropped into box....}
Box has ID: 519019247
--------------------------------------------------
separating paper......
process carried out at separation unit ID: 1367612102
{ recyclable of type P dropped into box....}
Box has ID: 519019247
--------------------------------------------------
separating paper......
process carried out at separation unit ID: 1367612102
{ recyclable of type P dropped into box....}
Box has ID: 519019247
--------------------------------------------------
separating paper......
process carried out at separation unit ID: 1367612102
{ recyclable of type P dropped into box....}
Box has ID: 519019247
--------------------------------------------------
separating paper......
process carried out at separation unit ID: 1367612102
{ recyclable of type P dropped into box....}
Box has ID: 519019247
--------------------------------------------------
separating paper......
process carried out at separation unit ID: 1367612102
{ recyclable of type P dropped into box....}
Box has ID: 519019247
--------------------------------------------------
separating paper......
process carried out at separation unit ID: 1367612102
{ recyclable of type P dropped into box....}
Box has ID: 519019247
--------------------------------------------------
separating paper......
process carried out at separation unit ID: 1367612102
{ recyclable of type P dropped into box....}
Box has ID: 519019247
--------------------------------------------------
separating paper......
process carried out at separation unit ID: 1367612102
{ recyclable of type P dropped into box....}
Box has ID: 519019247
--------------------------------------------------
separating paper......
process carried out at separation unit ID: 1367612102
{ recyclable of type P dropped into box....}
Box has ID: 519019247
--------------------------------------------------
separating paper......
process carried out at separation unit ID: 1367612102
{ recyclable of type P dropped into box....}
Box has ID: 519019247
--------------------------------------------------
separating paper......
process carried out at separation unit ID: 1367612102
{ recyclable of type P dropped into box....}
Box has ID: 519019247
--------------------------------------------------
separating paper......
process carried out at separation unit ID: 1367612102
{ recyclable of type P dropped into box....}
Box has ID: 519019247
--------------------------------------------------
separating paper......
process carried out at separation unit ID: 1367612102
{ recyclable of type P dropped into box....}
Box has ID: 519019247
--------------------------------------------------
separating paper......
process carried out at separation unit ID: 1367612102
{ recyclable of type P dropped into box....}
Box has ID: 519019247
--------------------------------------------------
separating paper......
process carried out at separation unit ID: 1367612102
{ recyclable of type P dropped into box....}
Box has ID: 519019247
--------------------------------------------------
separating paper......
process carried out at separation unit ID: 1367612102
{ recyclable of type P dropped into box....}
Box has ID: 519019247
--------------------------------------------------
separating paper......
process carried out at separation unit ID: 1367612102
{ recyclable of type P dropped into box....}
Box has ID: 519019247
--------------------------------------------------
separating paper......
process carried out at separation unit ID: 1367612102
{ recyclable of type P dropped into box....}
Box has ID: 519019247
--------------------------------------------------
separating paper......
process carried out at separation unit ID: 1367612102
{ recyclable of type P dropped into box....}
Box has ID: 519019247
--------------------------------------------------
separating paper......
process carried out at separation unit ID: 1367612102
{ recyclable of type P dropped into box....}
Box has ID: 519019247
--------------------------------------------------
separating paper......
process carried out at separation unit ID: 1367612102
{ recyclable of type P dropped into box....}
Box has ID: 519019247
--------------------------------------------------
separating paper......
process carried out at separation unit ID: 1367612102
{ recyclable of type P dropped into box....}
Box has ID: 519019247
--------------------------------------------------
separating paper......
process carried out at separation unit ID: 1367612102
{ recyclable of type P dropped into box....}
Box has ID: 519019247
--------------------------------------------------
separating paper......
process carried out at separation unit ID: 1367612102
{ recyclable of type P dropped into box....}
Box has ID: 519019247
--------------------------------------------------
separating paper......
process carried out at separation unit ID: 1367612102
{ recyclable of type P dropped into box....}
Box has ID: 519019247
--------------------------------------------------
separating paper......
process carried out at separation unit ID: 1367612102
{ recyclable of type P dropped into box....}
Box has ID: 519019247
--------------------------------------------------
separating paper......
process carried out at separation unit ID: 1367612102
{ recyclable of type P dropped into box....}
Box has ID: 519019247
--------------------------------------------------
separating paper......
process carried out at separation unit ID: 1367612102
{ recyclable of type P dropped into box....}
Box has ID: 519019247
--------------------------------------------------
separating paper......
process carried out at separation unit ID: 1367612102
{ recyclable of type P dropped into box....}
Box has ID: 519019247
--------------------------------------------------
separating paper......
process carried out at separation unit ID: 1367612102
{ recyclable of type P dropped into box....}
Box has ID: 519019247
--------------------------------------------------
separating paper......
process carried out at separation unit ID: 1367612102
{ recyclable of type P dropped into box....}
Box has ID: 519019247
--------------------------------------------------
separating paper......
process carried out at separation unit ID: 1367612102
{ recyclable of type P dropped into box....}
Box has ID: 519019247
--------------------------------------------------
separating paper......
process carried out at separation unit ID: 1367612102
{ recyclable of type P dropped into box....}
Box has ID: 519019247
--------------------------------------------------
separating paper......
process carried out at separation unit ID: 1367612102
{ recyclable of type P dropped into box....}
Box has ID: 519019247
--------------------------------------------------
separating paper......
process carried out at separation unit ID: 1367612102
{ recyclable of type P dropped into box....}
Box has ID: 519019247
--------------------------------------------------
separating paper......
process carried out at separation unit ID: 1367612102
{ recyclable of type P dropped into box....}
Box has ID: 519019247
--------------------------------------------------
separating paper......
process carried out at separation unit ID: 1367612102
{ recyclable of type P dropped into box....}
Box has ID: 519019247
--------------------------------------------------
separating paper......
process carried out at separation unit ID: 1367612102
{ recyclable of type P dropped into box....}
Box has ID: 519019247
--------------------------------------------------
separating paper......
process carried out at separation unit ID: 1367612102
{ recyclable of type P dropped into box....}
Box has ID: 519019247
--------------------------------------------------
separating paper......
process carried out at separation unit ID: 1367612102
{ recyclable of type P dropped into box....}
Box has ID: 519019247
--------------------------------------------------
separating paper......
process carried out at separation unit ID: 1367612102
{ recyclable of type P dropped into box....}
Box has ID: 519019247
--------------------------------------------------
separating paper......
process carried out at separation unit ID: 1367612102
{ recyclable of type P dropped into box....}
Box has ID: 519019247
--------------------------------------------------
separating paper......
process carried out at separation unit ID: 1367612102
{ recyclable of type P dropped into box....}
Box has ID: 519019247
--------------------------------------------------
separating paper......
process carried out at separation unit ID: 1367612102
{ recyclable of type P dropped into box....}
Box has ID: 519019247
--------------------------------------------------
separating paper......
process carried out at separation unit ID: 1367612102
{ recyclable of type P dropped into box....}
Box has ID: 519019247
--------------------------------------------------
separating paper......
process carried out at separation unit ID: 1367612102
{ recyclable of type P dropped into box....}
Box has ID: 519019247
--------------------------------------------------
separating paper......
process carried out at separation unit ID: 1367612102
{ recyclable of type P dropped into box....}
Box has ID: 519019247
--------------------------------------------------
separating paper......
process carried out at separation unit ID: 1367612102
{ recyclable of type P dropped into box....}
Box has ID: 519019247
--------------------------------------------------
separating paper......
process carried out at separation unit ID: 1367612102
{ recyclable of type P dropped into box....}
Box has ID: 519019247
--------------------------------------------------
separating paper......
process carried out at separation unit ID: 1367612102
{ recyclable of type P dropped into box....}
Box has ID: 519019247
--------------------------------------------------
separating paper......
process carried out at separation unit ID: 1367612102
{ recyclable of type P dropped into box....}
Box has ID: 519019247
--------------------------------------------------
separating paper......
process carried out at separation unit ID: 1367612102
{ recyclable of type P dropped into box....}
Box has ID: 519019247
--------------------------------------------------
separating paper......
process carried out at separation unit ID: 1367612102
{ recyclable of type P dropped into box....}
Box has ID: 519019247
--------------------------------------------------
separating paper......
process carried out at separation unit ID: 1367612102
{ recyclable of type P dropped into box....}
Box has ID: 519019247
--------------------------------------------------
separating paper......
process carried out at separation unit ID: 1367612102
{ recyclable of type P dropped into box....}
Box has ID: 519019247
--------------------------------------------------
separating paper......
process carried out at separation unit ID: 1367612102
{ recyclable of type P dropped into box....}
Box has ID: 519019247
--------------------------------------------------
separating paper......
process carried out at separation unit ID: 1367612102
{ recyclable of type P dropped into box....}
Box has ID: 519019247
--------------------------------------------------
separating paper......
process carried out at separation unit ID: 1367612102
{ recyclable of type P dropped into box....}
Box has ID: 519019247
--------------------------------------------------
separating paper......
process carried out at separation unit ID: 1367612102
{ recyclable of type P dropped into box....}
Box has ID: 519019247
--------------------------------------------------
separating paper......
process carried out at separation unit ID: 1367612102
{ recyclable of type P dropped into box....}
Box has ID: 519019247
--------------------------------------------------
separating paper......
process carried out at separation unit ID: 1367612102
{ recyclable of type P dropped into box....}
Box has ID: 519019247
--------------------------------------------------
separating paper......
process carried out at separation unit ID: 1367612102
{ recyclable of type P dropped into box....}
Box has ID: 519019247
--------------------------------------------------
separating paper......
process carried out at separation unit ID: 1367612102
{ recyclable of type P dropped into box....}
Box has ID: 519019247
--------------------------------------------------
separating paper......
process carried out at separation unit ID: 1367612102
{ recyclable of type P dropped into box....}
Box has ID: 519019247
--------------------------------------------------
separating paper......
process carried out at separation unit ID: 1367612102
{ recyclable of type P dropped into box....}
Box has ID: 519019247
--------------------------------------------------
separating paper......
process carried out at separation unit ID: 1367612102
{ recyclable of type P dropped into box....}
Box has ID: 519019247
--------------------------------------------------
separating paper......
process carried out at separation unit ID: 1367612102
{ recyclable of type P dropped into box....}
Box has ID: 519019247
--------------------------------------------------
separating paper......
process carried out at separation unit ID: 1367612102
{ recyclable of type P dropped into box....}
Box has ID: 519019247
--------------------------------------------------
separating paper......
process carried out at separation unit ID: 1367612102
{ recyclable of type P dropped into box....}
Box has ID: 519019247
--------------------------------------------------
separating paper......
process carried out at separation unit ID: 1367612102
{ recyclable of type P dropped into box....}
Box has ID: 519019247
--------------------------------------------------
separating paper......
process carried out at separation unit ID: 1367612102
{ recyclable of type P dropped into box....}
Box has ID: 519019247
--------------------------------------------------
separating paper......
process carried out at separation unit ID: 1367612102
{ recyclable of type P dropped into box....}
Box has ID: 519019247
--------------------------------------------------
separating paper......
process carried out at separation unit ID: 1367612102
{ recyclable of type P dropped into box....}
Box has ID: 519019247
--------------------------------------------------
separating paper......
process carried out at separation unit ID: 1367612102
{ recyclable of type P dropped into box....}
Box has ID: 519019247
--------------------------------------------------
separating paper......
process carried out at separation unit ID: 1367612102
{ recyclable of type P dropped into box....}
Box has ID: 519019247
--------------------------------------------------
separating paper......
process carried out at separation unit ID: 1367612102
{ recyclable of type P dropped into box....}
Box has ID: 519019247
--------------------------------------------------
separating paper......
process carried out at separation unit ID: 1367612102
{ recyclable of type P dropped into box....}
Box has ID: 519019247
--------------------------------------------------
separating paper......
process carried out at separation unit ID: 1367612102
{ recyclable of type P dropped into box....}
Box has ID: 519019247
--------------------------------------------------
separating paper......
process carried out at separation unit ID: 1367612102
{ recyclable of type P dropped into box....}
Box has ID: 519019247
--------------------------------------------------
separating paper......
process carried out at separation unit ID: 1367612102
{ recyclable of type P dropped into box....}
Box has ID: 519019247
--------------------------------------------------
separating paper......
process carried out at separation unit ID: 1367612102
{ recyclable of type P dropped into box....}
Box has ID: 519019247
--------------------------------------------------
separating paper......
process carried out at separation unit ID: 1367612102
{ recyclable of type P dropped into box....}
Box has ID: 519019247
--------------------------------------------------
separating paper......
process carried out at separation unit ID: 1367612102
{ recyclable of type P dropped into box....}
Box has ID: 519019247
--------------------------------------------------
separating paper......
process carried out at separation unit ID: 1367612102
{ recyclable of type P dropped into box....}
Box has ID: 519019247
--------------------------------------------------
separating paper......
process carried out at separation unit ID: 1367612102
{ recyclable of type P dropped into box....}
Box has ID: 519019247
--------------------------------------------------
separating paper......
process carried out at separation unit ID: 1367612102
{ recyclable of type P dropped into box....}
Box has ID: 519019247
--------------------------------------------------
separating paper......
process carried out at separation unit ID: 1367612102
{ recyclable of type P dropped into box....}
Box has ID: 519019247
--------------------------------------------------
separating paper......
process carried out at separation unit ID: 1367612102
{ recyclable of type P dropped into box....}
Box has ID: 519019247
--------------------------------------------------
separating paper......
process carried out at separation unit ID: 1367612102
{ recyclable of type P dropped into box....}
Box has ID: 519019247
--------------------------------------------------
separating paper......
process carried out at separation unit ID: 1367612102
{ recyclable of type P dropped into box....}
Box has ID: 519019247
--------------------------------------------------
separating paper......
process carried out at separation unit ID: 1367612102
{ recyclable of type P dropped into box....}
Box has ID: 519019247
--------------------------------------------------
separating paper......
process carried out at separation unit ID: 1367612102
{ recyclable of type P dropped into box....}
Box has ID: 519019247
--------------------------------------------------
separating paper......
process carried out at separation unit ID: 1367612102
{ recyclable of type P dropped into box....}
Box has ID: 519019247
--------------------------------------------------
separating paper......
process carried out at separation unit ID: 1367612102
{ recyclable of type P dropped into box....}
Box has ID: 519019247
--------------------------------------------------
separating paper......
process carried out at separation unit ID: 1367612102
{ recyclable of type P dropped into box....}
Box has ID: 519019247
--------------------------------------------------
separating paper......
process carried out at separation unit ID: 1367612102
{ recyclable of type P dropped into box....}
Box has ID: 519019247
--------------------------------------------------
separating paper......
process carried out at separation unit ID: 1367612102
{ recyclable of type P dropped into box....}
Box has ID: 519019247
--------------------------------------------------
separating paper......
process carried out at separation unit ID: 1367612102
{ recyclable of type P dropped into box....}
Box has ID: 519019247
--------------------------------------------------
separating paper......
process carried out at separation unit ID: 1367612102
{ recyclable of type P dropped into box....}
Box has ID: 519019247
--------------------------------------------------
separating paper......
process carried out at separation unit ID: 1367612102
{ recyclable of type P dropped into box....}
Box has ID: 519019247
--------------------------------------------------
separating paper......
process carried out at separation unit ID: 1367612102
{ recyclable of type P dropped into box....}
Box has ID: 519019247
--------------------------------------------------
separating paper......
process carried out at separation unit ID: 1367612102
{ recyclable of type P dropped into box....}
Box has ID: 519019247
--------------------------------------------------
separating paper......
process carried out at separation unit ID: 1367612102
{ recyclable of type P dropped into box....}
Box has ID: 519019247
--------------------------------------------------
separating paper......
process carried out at separation unit ID: 1367612102
{ recyclable of type P dropped into box....}
Box has ID: 519019247
--------------------------------------------------
separating paper......
process carried out at separation unit ID: 1367612102
{ recyclable of type P dropped into box....}
Box has ID: 519019247
--------------------------------------------------
separating paper......
process carried out at separation unit ID: 1367612102
{ recyclable of type P dropped into box....}
Box has ID: 519019247
--------------------------------------------------
separating paper......
process carried out at separation unit ID: 1367612102
{ recyclable of type P dropped into box....}
Box has ID: 519019247
--------------------------------------------------
separating paper......
process carried out at separation unit ID: 1367612102
{ recyclable of type P dropped into box....}
Box has ID: 519019247
--------------------------------------------------
separating paper......
process carried out at separation unit ID: 1367612102
{ recyclable of type P dropped into box....}
Box has ID: 519019247
--------------------------------------------------
separating paper......
process carried out at separation unit ID: 1367612102
{ recyclable of type P dropped into box....}
Box has ID: 519019247
--------------------------------------------------
separating paper......
process carried out at separation unit ID: 1367612102
{ recyclable of type P dropped into box....}
Box has ID: 519019247
--------------------------------------------------
separating paper......
process carried out at separation unit ID: 1367612102
{ recyclable of type P dropped into box....}
Box has ID: 519019247
--------------------------------------------------
separating paper......
process carried out at separation unit ID: 1367612102
{ recyclable of type P dropped into box....}
Box has ID: 519019247
--------------------------------------------------
separating paper......
process carried out at separation unit ID: 1367612102
{ recyclable of type P dropped into box....}
Box has ID: 519019247
--------------------------------------------------
separating paper......
process carried out at separation unit ID: 1367612102
{ recyclable of type P dropped into box....}
Box has ID: 519019247
--------------------------------------------------
separating paper......
process carried out at separation unit ID: 1367612102
{ recyclable of type P dropped into box....}
Box has ID: 519019247
--------------------------------------------------
separating paper......
process carried out at separation unit ID: 1367612102
{ recyclable of type P dropped into box....}
Box has ID: 519019247
--------------------------------------------------
separating paper......
process carried out at separation unit ID: 1367612102
{ recyclable of type P dropped into box....}
Box has ID: 519019247
--------------------------------------------------
separating paper......
process carried out at separation unit ID: 1367612102
{ recyclable of type P dropped into box....}
Box has ID: 519019247
--------------------------------------------------
separating paper......
process carried out at separation unit ID: 1367612102
{ recyclable of type P dropped into box....}
Box has ID: 519019247
--------------------------------------------------
separating paper......
process carried out at separation unit ID: 1367612102
{ recyclable of type P dropped into box....}
Box has ID: 519019247
--------------------------------------------------
separating paper......
process carried out at separation unit ID: 1367612102
{ recyclable of type P dropped into box....}
Box has ID: 519019247
--------------------------------------------------
separating paper......
process carried out at separation unit ID: 1367612102
{ recyclable of type P dropped into box....}
Box has ID: 519019247
--------------------------------------------------
separating paper......
process carried out at separation unit ID: 1367612102
{ recyclable of type P dropped into box....}
Box has ID: 519019247
--------------------------------------------------
separating paper......
process carried out at separation unit ID: 1367612102
{ recyclable of type P dropped into box....}
Box has ID: 519019247
--------------------------------------------------
separating paper......
process carried out at separation unit ID: 1367612102
{ recyclable of type P dropped into box....}
Box has ID: 519019247
--------------------------------------------------
separating paper......
process carried out at separation unit ID: 1367612102
{ recyclable of type P dropped into box....}
Box has ID: 519019247
--------------------------------------------------
separating paper......
process carried out at separation unit ID: 1367612102
{ recyclable of type P dropped into box....}
Box has ID: 519019247
--------------------------------------------------
separating paper......
process carried out at separation unit ID: 1367612102
{ recyclable of type P dropped into box....}
Box has ID: 519019247
--------------------------------------------------
separating paper......
process carried out at separation unit ID: 1367612102
{ recyclable of type P dropped into box....}
Box has ID: 519019247
--------------------------------------------------
separating paper......
process carried out at separation unit ID: 1367612102
{ recyclable of type P dropped into box....}
Box has ID: 519019247
--------------------------------------------------
separating paper......
process carried out at separation unit ID: 1367612102
{ recyclable of type P dropped into box....}
Box has ID: 519019247
--------------------------------------------------
separating paper......
process carried out at separation unit ID: 1367612102
{ recyclable of type P dropped into box....}
Box has ID: 519019247
--------------------------------------------------
separating paper......
process carried out at separation unit ID: 1367612102
{ recyclable of type P dropped into box....}
Box has ID: 519019247
--------------------------------------------------
separating paper......
process carried out at separation unit ID: 1367612102
{ recyclable of type P dropped into box....}
Box has ID: 519019247
--------------------------------------------------
separating paper......
process carried out at separation unit ID: 1367612102
{ recyclable of type P dropped into box....}
Box has ID: 519019247
--------------------------------------------------
separating paper......
process carried out at separation unit ID: 1367612102
{ recyclable of type P dropped into box....}
Box has ID: 519019247
--------------------------------------------------
separating paper......
process carried out at separation unit ID: 1367612102
{ recyclable of type P dropped into box....}
Box has ID: 519019247
--------------------------------------------------
separating paper......
process carried out at separation unit ID: 1367612102
{ recyclable of type P dropped into box....}
Box has ID: 519019247
--------------------------------------------------
separating paper......
process carried out at separation unit ID: 1367612102
{ recyclable of type P dropped into box....}
Box has ID: 519019247
--------------------------------------------------
separating paper......
process carried out at separation unit ID: 1367612102
{ recyclable of type P dropped into box....}
Box has ID: 519019247
--------------------------------------------------
separating paper......
process carried out at separation unit ID: 1367612102
{ recyclable of type P dropped into box....}
Box has ID: 519019247
--------------------------------------------------
separating paper......
process carried out at separation unit ID: 1367612102
{ recyclable of type P dropped into box....}
Box has ID: 519019247
--------------------------------------------------
separating paper......
process carried out at separation unit ID: 1367612102
{ recyclable of type P dropped into box....}
Box has ID: 519019247
--------------------------------------------------
separating paper......
process carried out at separation unit ID: 1367612102
{ recyclable of type P dropped into box....}
Box has ID: 519019247
--------------------------------------------------
separating paper......
process carried out at separation unit ID: 1367612102
{ recyclable of type P dropped into box....}
Box has ID: 519019247
--------------------------------------------------
separating paper......
process carried out at separation unit ID: 1367612102
{ recyclable of type P dropped into box....}
Box has ID: 519019247
--------------------------------------------------
separating paper......
process carried out at separation unit ID: 1367612102
{ recyclable of type P dropped into box....}
Box has ID: 519019247
--------------------------------------------------
separating paper......
process carried out at separation unit ID: 1367612102
{ recyclable of type P dropped into box....}
Box has ID: 519019247
--------------------------------------------------
separating paper......
process carried out at separation unit ID: 1367612102
{ recyclable of type P dropped into box....}
Box has ID: 519019247
--------------------------------------------------
separating paper......
process carried out at separation unit ID: 1367612102
{ recyclable of type P dropped into box....}
Box has ID: 519019247
--------------------------------------------------
separating paper......
process carried out at separation unit ID: 1367612102
{ recyclable of type P dropped into box....}
Box has ID: 519019247
--------------------------------------------------
separating paper......
process carried out at separation unit ID: 1367612102
{ recyclable of type P dropped into box....}
Box has ID: 519019247
--------------------------------------------------
separating paper......
process carried out at separation unit ID: 1367612102
{ recyclable of type P dropped into box....}
Box has ID: 519019247
--------------------------------------------------
separating paper......
process carried out at separation unit ID: 1367612102
{ recyclable of type P dropped into box....}
Box has ID: 519019247
--------------------------------------------------
separating paper......
process carried out at separation unit ID: 1367612102
{ recyclable of type P dropped into box....}
Box has ID: 519019247
--------------------------------------------------
separating paper......
process carried out at separation unit ID: 1367612102
{ recyclable of type P dropped into box....}
Box has ID: 519019247
--------------------------------------------------
separating paper......
process carried out at separation unit ID: 1367612102
{ recyclable of type P dropped into box....}
Box has ID: 519019247
--------------------------------------------------
separating paper......
process carried out at separation unit ID: 1367612102
{ recyclable of type P dropped into box....}
Box has ID: 519019247
--------------------------------------------------
separating paper......
process carried out at separation unit ID: 1367612102
{ recyclable of type P dropped into box....}
Box has ID: 519019247
--------------------------------------------------
separating paper......
process carried out at separation unit ID: 1367612102
{ recyclable of type P dropped into box....}
Box has ID: 519019247
--------------------------------------------------
separating paper......
process carried out at separation unit ID: 1367612102
{ recyclable of type P dropped into box....}
Box has ID: 519019247
--------------------------------------------------
separating paper......
process carried out at separation unit ID: 1367612102
{ recyclable of type P dropped into box....}
Box has ID: 519019247
--------------------------------------------------
separating paper......
process carried out at separation unit ID: 1367612102
{ recyclable of type P dropped into box....}
Box has ID: 519019247
--------------------------------------------------
separating paper......
process carried out at separation unit ID: 1367612102
{ recyclable of type P dropped into box....}
Box has ID: 519019247
--------------------------------------------------
separating paper......
process carried out at separation unit ID: 1367612102
{ recyclable of type P dropped into box....}
Box has ID: 519019247
--------------------------------------------------
separating paper......
process carried out at separation unit ID: 1367612102
{ recyclable of type P dropped into box....}
Box has ID: 519019247
--------------------------------------------------
separating paper......
process carried out at separation unit ID: 1367612102
{ recyclable of type P dropped into box....}
Box has ID: 519019247
--------------------------------------------------
separating paper......
process carried out at separation unit ID: 1367612102
{ recyclable of type P dropped into box....}
Box has ID: 519019247
--------------------------------------------------
separating paper......
process carried out at separation unit ID: 1367612102
{ recyclable of type P dropped into box....}
Box has ID: 519019247
--------------------------------------------------
separating paper......
process carried out at separation unit ID: 1367612102
{ recyclable of type P dropped into box....}
Box has ID: 519019247
--------------------------------------------------
separating paper......
process carried out at separation unit ID: 1367612102
{ recyclable of type P dropped into box....}
Box has ID: 519019247
--------------------------------------------------
separating paper......
process carried out at separation unit ID: 1367612102
{ recyclable of type P dropped into box....}
Box has ID: 519019247
--------------------------------------------------
separating paper......
process carried out at separation unit ID: 1367612102
{ recyclable of type P dropped into box....}
Box has ID: 519019247
--------------------------------------------------
separating paper......
process carried out at separation unit ID: 1367612102
{ recyclable of type P dropped into box....}
Box has ID: 519019247
--------------------------------------------------
separating paper......
process carried out at separation unit ID: 1367612102
{ recyclable of type P dropped into box....}
Box has ID: 519019247
--------------------------------------------------
separating paper......
process carried out at separation unit ID: 1367612102
{ recyclable of type P dropped into box....}
Box has ID: 519019247
--------------------------------------------------
separating paper......
process carried out at separation unit ID: 1367612102
{ recyclable of type P dropped into box....}
Box has ID: 519019247
--------------------------------------------------
separating paper......
process carried out at separation unit ID: 1367612102
{ recyclable of type P dropped into box....}
Box has ID: 519019247
--------------------------------------------------
separating paper......
process carried out at separation unit ID: 1367612102
{ recyclable of type P dropped into box....}
Box has ID: 519019247
--------------------------------------------------
separating paper......
process carried out at separation unit ID: 1367612102
{ recyclable of type P dropped into box....}
Box has ID: 519019247
--------------------------------------------------
separating paper......
process carried out at separation unit ID: 1367612102
{ recyclable of type P dropped into box....}
Box has ID: 519019247
--------------------------------------------------
separating paper......
process carried out at separation unit ID: 1367612102
{ recyclable of type P dropped into box....}
Box has ID: 519019247
--------------------------------------------------
separating paper......
process carried out at separation unit ID: 1367612102
{ recyclable of type P dropped into box....}
Box has ID: 519019247
--------------------------------------------------
separating paper......
process carried out at separation unit ID: 1367612102
{ recyclable of type P dropped into box....}
Box has ID: 519019247
--------------------------------------------------
separating paper......
process carried out at separation unit ID: 1367612102
{ recyclable of type P dropped into box....}
Box has ID: 519019247
--------------------------------------------------
separating paper......
process carried out at separation unit ID: 1367612102
{ recyclable of type P dropped into box....}
Box has ID: 519019247
--------------------------------------------------
separating paper......
process carried out at separation unit ID: 1367612102
{ recyclable of type P dropped into box....}
Box has ID: 519019247
--------------------------------------------------
separating paper......
process carried out at separation unit ID: 1367612102
{ recyclable of type P dropped into box....}
Box has ID: 519019247
--------------------------------------------------
separating paper......
process carried out at separation unit ID: 1367612102
{ recyclable of type P dropped into box....}
Box has ID: 519019247
--------------------------------------------------
separating paper......
process carried out at separation unit ID: 1367612102
{ recyclable of type P dropped into box....}
Box has ID: 519019247
--------------------------------------------------
separating paper......
process carried out at separation unit ID: 1367612102
{ recyclable of type P dropped into box....}
Box has ID: 519019247
--------------------------------------------------
separating paper......
process carried out at separation unit ID: 1367612102
{ recyclable of type P dropped into box....}
Box has ID: 519019247
--------------------------------------------------
separating paper......
process carried out at separation unit ID: 1367612102
{ recyclable of type P dropped into box....}
Box has ID: 519019247
--------------------------------------------------
separating paper......
process carried out at separation unit ID: 1367612102
{ recyclable of type P dropped into box....}
Box has ID: 519019247
--------------------------------------------------
separating paper......
process carried out at separation unit ID: 1367612102
{ recyclable of type P dropped into box....}
Box has ID: 519019247
--------------------------------------------------
separating paper......
process carried out at separation unit ID: 1367612102
{ recyclable of type P dropped into box....}
Box has ID: 519019247
--------------------------------------------------
separating paper......
process carried out at separation unit ID: 1367612102
{ recyclable of type P dropped into box....}
Box has ID: 519019247
--------------------------------------------------
separating paper......
process carried out at separation unit ID: 1367612102
{ recyclable of type P dropped into box....}
Box has ID: 519019247
--------------------------------------------------
separating paper......
process carried out at separation unit ID: 1367612102
{ recyclable of type P dropped into box....}
Box has ID: 519019247
--------------------------------------------------
separating paper......
process carried out at separation unit ID: 1367612102
{ recyclable of type P dropped into box....}
Box has ID: 519019247
--------------------------------------------------
separating paper......
process carried out at separation unit ID: 1367612102
{ recyclable of type P dropped into box....}
Box has ID: 519019247
--------------------------------------------------
separating paper......
process carried out at separation unit ID: 1367612102
{ recyclable of type P dropped into box....}
Box has ID: 519019247
--------------------------------------------------
separating paper......
process carried out at separation unit ID: 1367612102
{ recyclable of type P dropped into box....}
Box has ID: 519019247
--------------------------------------------------
separating paper......
process carried out at separation unit ID: 1367612102
{ recyclable of type P dropped into box....}
Box has ID: 519019247
--------------------------------------------------
separating paper......
process carried out at separation unit ID: 1367612102
{ recyclable of type P dropped into box....}
Box has ID: 519019247
--------------------------------------------------
separating paper......
process carried out at separation unit ID: 1367612102
{ recyclable of type P dropped into box....}
Box has ID: 519019247
--------------------------------------------------
separating paper......
process carried out at separation unit ID: 1367612102
{ recyclable of type P dropped into box....}
Box has ID: 519019247
--------------------------------------------------
separating paper......
process carried out at separation unit ID: 1367612102
{ recyclable of type P dropped into box....}
Box has ID: 519019247
--------------------------------------------------
separating paper......
process carried out at separation unit ID: 1367612102
{ recyclable of type P dropped into box....}
Box has ID: 519019247
--------------------------------------------------
separating paper......
process carried out at separation unit ID: 1367612102
{ recyclable of type P dropped into box....}
Box has ID: 519019247
--------------------------------------------------
separating paper......
process carried out at separation unit ID: 1367612102
{ recyclable of type P dropped into box....}
Box has ID: 519019247
--------------------------------------------------
separating paper......
process carried out at separation unit ID: 1367612102
{ recyclable of type P dropped into box....}
Box has ID: 519019247
--------------------------------------------------
separating paper......
process carried out at separation unit ID: 1367612102
{ recyclable of type P dropped into box....}
Box has ID: 519019247
--------------------------------------------------
separating paper......
process carried out at separation unit ID: 1367612102
{ recyclable of type P dropped into box....}
Box has ID: 519019247
--------------------------------------------------
separating paper......
process carried out at separation unit ID: 1367612102
{ recyclable of type P dropped into box....}
Box has ID: 519019247
--------------------------------------------------
separating paper......
process carried out at separation unit ID: 1367612102
{ recyclable of type P dropped into box....}
Box has ID: 519019247
--------------------------------------------------
separating paper......
process carried out at separation unit ID: 1367612102
{ recyclable of type P dropped into box....}
Box has ID: 519019247
--------------------------------------------------
separating paper......
process carried out at separation unit ID: 1367612102
{ recyclable of type P dropped into box....}
Box has ID: 519019247
--------------------------------------------------
separating paper......
process carried out at separation unit ID: 1367612102
{ recyclable of type P dropped into box....}
Box has ID: 519019247
--------------------------------------------------
separating paper......
process carried out at separation unit ID: 1367612102
{ recyclable of type P dropped into box....}
Box has ID: 519019247
--------------------------------------------------
separating paper......
process carried out at separation unit ID: 1367612102
{ recyclable of type P dropped into box....}
Box has ID: 519019247
--------------------------------------------------
separating paper......
process carried out at separation unit ID: 1367612102
{ recyclable of type P dropped into box....}
Box has ID: 519019247
--------------------------------------------------
separating paper......
process carried out at separation unit ID: 1367612102
{ recyclable of type P dropped into box....}
Box has ID: 519019247
--------------------------------------------------
separating paper......
process carried out at separation unit ID: 1367612102
{ recyclable of type P dropped into box....}
Box has ID: 519019247
--------------------------------------------------
separating paper......
process carried out at separation unit ID: 1367612102
{ recyclable of type P dropped into box....}
Box has ID: 519019247
--------------------------------------------------
separating paper......
process carried out at separation unit ID: 1367612102
{ recyclable of type P dropped into box....}
Box has ID: 519019247
--------------------------------------------------
separating paper......
process carried out at separation unit ID: 1367612102
{ recyclable of type P dropped into box....}
Box has ID: 519019247
--------------------------------------------------
separating paper......
process carried out at separation unit ID: 1367612102
{ recyclable of type P dropped into box....}
Box has ID: 519019247
--------------------------------------------------
separating paper......
process carried out at separation unit ID: 1367612102
{ recyclable of type P dropped into box....}
Box has ID: 519019247
--------------------------------------------------
separating paper......
process carried out at separation unit ID: 1367612102
{ recyclable of type P dropped into box....}
Box has ID: 519019247
--------------------------------------------------
separating paper......
process carried out at separation unit ID: 1367612102
{ recyclable of type P dropped into box....}
Box has ID: 519019247
--------------------------------------------------
separating paper......
process carried out at separation unit ID: 1367612102
{ recyclable of type P dropped into box....}
Box has ID: 519019247
--------------------------------------------------
separating paper......
process carried out at separation unit ID: 1367612102
{ recyclable of type P dropped into box....}
Box has ID: 519019247
--------------------------------------------------
separating paper......
process carried out at separation unit ID: 1367612102
{ recyclable of type P dropped into box....}
Box has ID: 519019247
--------------------------------------------------
separating paper......
process carried out at separation unit ID: 1367612102
{ recyclable of type P dropped into box....}
Box has ID: 519019247
--------------------------------------------------
separating paper......
process carried out at separation unit ID: 1367612102
{ recyclable of type P dropped into box....}
Box has ID: 519019247
--------------------------------------------------
separating paper......
process carried out at separation unit ID: 1367612102
{ recyclable of type P dropped into box....}
Box has ID: 519019247
--------------------------------------------------
separating paper......
process carried out at separation unit ID: 1367612102
{ recyclable of type P dropped into box....}
Box has ID: 519019247
--------------------------------------------------
separating paper......
process carried out at separation unit ID: 1367612102
{ recyclable of type P dropped into box....}
Box has ID: 519019247
--------------------------------------------------
separating paper......
process carried out at separation unit ID: 1367612102
{ recyclable of type P dropped into box....}
Box has ID: 519019247
--------------------------------------------------
separating paper......
process carried out at separation unit ID: 1367612102
{ recyclable of type P dropped into box....}
Box has ID: 519019247
--------------------------------------------------
separating paper......
process carried out at separation unit ID: 1367612102
{ recyclable of type P dropped into box....}
Box has ID: 519019247
--------------------------------------------------
separating paper......
process carried out at separation unit ID: 1367612102
{ recyclable of type P dropped into box....}
Box has ID: 519019247
--------------------------------------------------
separating paper......
process carried out at separation unit ID: 1367612102
{ recyclable of type P dropped into box....}
Box has ID: 519019247
--------------------------------------------------
separating paper......
process carried out at separation unit ID: 1367612102
{ recyclable of type P dropped into box....}
Box has ID: 519019247
--------------------------------------------------
separating paper......
process carried out at separation unit ID: 1367612102
{ recyclable of type P dropped into box....}
Box has ID: 519019247
--------------------------------------------------
separating paper......
process carried out at separation unit ID: 1367612102
{ recyclable of type P dropped into box....}
Box has ID: 519019247
--------------------------------------------------
separating paper......
process carried out at separation unit ID: 1367612102
{ recyclable of type P dropped into box....}
Box has ID: 519019247
--------------------------------------------------
separating paper......
process carried out at separation unit ID: 1367612102
{ recyclable of type P dropped into box....}
Box has ID: 519019247
--------------------------------------------------
separating paper......
process carried out at separation unit ID: 1367612102
{ recyclable of type P dropped into box....}
Box has ID: 519019247
--------------------------------------------------
separating paper......
process carried out at separation unit ID: 1367612102
{ recyclable of type P dropped into box....}
Box has ID: 519019247
--------------------------------------------------
separating paper......
process carried out at separation unit ID: 1367612102
{ recyclable of type P dropped into box....}
Box has ID: 519019247
--------------------------------------------------
separating paper......
process carried out at separation unit ID: 1367612102
{ recyclable of type P dropped into box....}
Box has ID: 519019247
--------------------------------------------------
separating paper......
process carried out at separation unit ID: 1367612102
{ recyclable of type P dropped into box....}
Box has ID: 519019247
--------------------------------------------------
separating paper......
process carried out at separation unit ID: 1367612102
{ recyclable of type P dropped into box....}
Box has ID: 519019247
--------------------------------------------------
separating paper......
process carried out at separation unit ID: 1367612102
{ recyclable of type P dropped into box....}
Box has ID: 519019247
--------------------------------------------------
separating paper......
process carried out at separation unit ID: 1367612102
{ recyclable of type P dropped into box....}
Box has ID: 519019247
--------------------------------------------------
separating paper......
process carried out at separation unit ID: 1367612102
{ recyclable of type P dropped into box....}
Box has ID: 519019247
--------------------------------------------------
separating paper......
process carried out at separation unit ID: 1367612102
{ recyclable of type P dropped into box....}
Box has ID: 519019247
--------------------------------------------------
separating paper......
process carried out at separation unit ID: 1367612102
{ recyclable of type P dropped into box....}
Box has ID: 519019247
--------------------------------------------------
separating paper......
process carried out at separation unit ID: 1367612102
{ recyclable of type P dropped into box....}
Box has ID: 519019247
--------------------------------------------------
separating paper......
process carried out at separation unit ID: 1367612102
{ recyclable of type P dropped into box....}
Box has ID: 519019247
--------------------------------------------------
separating paper......
process carried out at separation unit ID: 1367612102
{ recyclable of type P dropped into box....}
Box has ID: 519019247
--------------------------------------------------
separating paper......
process carried out at separation unit ID: 1367612102
{ recyclable of type P dropped into box....}
Box has ID: 519019247
--------------------------------------------------
separating paper......
process carried out at separation unit ID: 1367612102
{ recyclable of type P dropped into box....}
Box has ID: 519019247
--------------------------------------------------
separating paper......
process carried out at separation unit ID: 1367612102
{ recyclable of type P dropped into box....}
Box has ID: 519019247
--------------------------------------------------
separating paper......
process carried out at separation unit ID: 1367612102
{ recyclable of type P dropped into box....}
Box has ID: 519019247
--------------------------------------------------
separating paper......
process carried out at separation unit ID: 1367612102
{ recyclable of type P dropped into box....}
Box has ID: 519019247
--------------------------------------------------
separating paper......
process carried out at separation unit ID: 1367612102
{ recyclable of type P dropped into box....}
Box has ID: 519019247
--------------------------------------------------
separating paper......
process carried out at separation unit ID: 1367612102
{ recyclable of type P dropped into box....}
Box has ID: 519019247
--------------------------------------------------
separating paper......
process carried out at separation unit ID: 1367612102
{ recyclable of type P dropped into box....}
Box has ID: 519019247
--------------------------------------------------
separating paper......
process carried out at separation unit ID: 1367612102
{ recyclable of type P dropped into box....}
Box has ID: 519019247
--------------------------------------------------
separating paper......
process carried out at separation unit ID: 1367612102
{ recyclable of type P dropped into box....}
Box has ID: 519019247
--------------------------------------------------
separating paper......
process carried out at separation unit ID: 1367612102
{ recyclable of type P dropped into box....}
Box has ID: 519019247
--------------------------------------------------
separating paper......
process carried out at separation unit ID: 1367612102
{ recyclable of type P dropped into box....}
Box has ID: 519019247
--------------------------------------------------
separating paper......
process carried out at separation unit ID: 1367612102
{ recyclable of type P dropped into box....}
Box has ID: 519019247
--------------------------------------------------
separating paper......
process carried out at separation unit ID: 1367612102
{ recyclable of type P dropped into box....}
Box has ID: 519019247
--------------------------------------------------
separating paper......
process carried out at separation unit ID: 1367612102
{ recyclable of type P dropped into box....}
Box has ID: 519019247
--------------------------------------------------
separating paper......
process carried out at separation unit ID: 1367612102
{ recyclable of type P dropped into box....}
Box has ID: 519019247
--------------------------------------------------
separating paper......
process carried out at separation unit ID: 1367612102
{ recyclable of type P dropped into box....}
Box has ID: 519019247
--------------------------------------------------
separating paper......
process carried out at separation unit ID: 1367612102
{ recyclable of type P dropped into box....}
Box has ID: 519019247
--------------------------------------------------
separating paper......
process carried out at separation unit ID: 1367612102
{ recyclable of type P dropped into box....}
Box has ID: 519019247
--------------------------------------------------
separating paper......
process carried out at separation unit ID: 1367612102
{ recyclable of type P dropped into box....}
Box has ID: 519019247
--------------------------------------------------
separating paper......
process carried out at separation unit ID: 1367612102
{ recyclable of type P dropped into box....}
Box has ID: 519019247
--------------------------------------------------
separating paper......
process carried out at separation unit ID: 1367612102
{ recyclable of type P dropped into box....}
Box has ID: 519019247
--------------------------------------------------
separating paper......
process carried out at separation unit ID: 1367612102
{ recyclable of type P dropped into box....}
Box has ID: 519019247
--------------------------------------------------
separating paper......
process carried out at separation unit ID: 1367612102
{ recyclable of type P dropped into box....}
Box has ID: 519019247
--------------------------------------------------
separating paper......
process carried out at separation unit ID: 1367612102
{ recyclable of type P dropped into box....}
Box has ID: 519019247
--------------------------------------------------
separating paper......
process carried out at separation unit ID: 1367612102
{ recyclable of type P dropped into box....}
Box has ID: 519019247
--------------------------------------------------
separating paper......
process carried out at separation unit ID: 1367612102
{ recyclable of type P dropped into box....}
Box has ID: 519019247
--------------------------------------------------
separating paper......
process carried out at separation unit ID: 1367612102
{ recyclable of type P dropped into box....}
Box has ID: 519019247
--------------------------------------------------
separating paper......
process carried out at separation unit ID: 1367612102
{ recyclable of type P dropped into box....}
Box has ID: 519019247
--------------------------------------------------
separating paper......
process carried out at separation unit ID: 1367612102
{ recyclable of type P dropped into box....}
Box has ID: 519019247
--------------------------------------------------
separating paper......
process carried out at separation unit ID: 1367612102
{ recyclable of type P dropped into box....}
Box has ID: 519019247
--------------------------------------------------
separating paper......
process carried out at separation unit ID: 1367612102
{ recyclable of type P dropped into box....}
Box has ID: 519019247
--------------------------------------------------
separating paper......
process carried out at separation unit ID: 1367612102
{ recyclable of type P dropped into box....}
Box has ID: 519019247
--------------------------------------------------
separating paper......
process carried out at separation unit ID: 1367612102
{ recyclable of type P dropped into box....}
Box has ID: 519019247
--------------------------------------------------
separating paper......
process carried out at separation unit ID: 1367612102
{ recyclable of type P dropped into box....}
Box has ID: 519019247
--------------------------------------------------
separating paper......
process carried out at separation unit ID: 1367612102
{ recyclable of type P dropped into box....}
Box has ID: 519019247
--------------------------------------------------
separating paper......
process carried out at separation unit ID: 1367612102
{ recyclable of type P dropped into box....}
Box has ID: 519019247
--------------------------------------------------
separating paper......
process carried out at separation unit ID: 1367612102
{ recyclable of type P dropped into box....}
Box has ID: 519019247
--------------------------------------------------
separating paper......
process carried out at separation unit ID: 1367612102
{ recyclable of type P dropped into box....}
Box has ID: 519019247
--------------------------------------------------
separating paper......
process carried out at separation unit ID: 1367612102
{ recyclable of type P dropped into box....}
Box has ID: 519019247
--------------------------------------------------
separating paper......
process carried out at separation unit ID: 1367612102
{ recyclable of type P dropped into box....}
Box has ID: 519019247
--------------------------------------------------
separating paper......
process carried out at separation unit ID: 1367612102
{ recyclable of type P dropped into box....}
Box has ID: 519019247
--------------------------------------------------
separating paper......
process carried out at separation unit ID: 1367612102
{ recyclable of type P dropped into box....}
Box has ID: 519019247
--------------------------------------------------
separating paper......
process carried out at separation unit ID: 1367612102
{ recyclable of type P dropped into box....}
Box has ID: 519019247
--------------------------------------------------
separating paper......
process carried out at separation unit ID: 1367612102
{ recyclable of type P dropped into box....}
Box has ID: 519019247
--------------------------------------------------
separating paper......
process carried out at separation unit ID: 1367612102
{ recyclable of type P dropped into box....}
Box has ID: 519019247
--------------------------------------------------
separating paper......
process carried out at separation unit ID: 1367612102
{ recyclable of type P dropped into box....}
Box has ID: 519019247
--------------------------------------------------
separating paper......
process carried out at separation unit ID: 1367612102
{ recyclable of type P dropped into box....}
Box has ID: 519019247
--------------------------------------------------
separating paper......
process carried out at separation unit ID: 1367612102
{ recyclable of type P dropped into box....}
Box has ID: 519019247
--------------------------------------------------
separating paper......
process carried out at separation unit ID: 1367612102
{ recyclable of type P dropped into box....}
Box has ID: 519019247
--------------------------------------------------
separating paper......
process carried out at separation unit ID: 1367612102
{ recyclable of type P dropped into box....}
Box has ID: 519019247
--------------------------------------------------
separating paper......
process carried out at separation unit ID: 1367612102
{ recyclable of type P dropped into box....}
Box has ID: 519019247
--------------------------------------------------
separating paper......
process carried out at separation unit ID: 1367612102
{ recyclable of type P dropped into box....}
Box has ID: 519019247
--------------------------------------------------
separating paper......
process carried out at separation unit ID: 1367612102
{ recyclable of type P dropped into box....}
Box has ID: 519019247
--------------------------------------------------
separating paper......
process carried out at separation unit ID: 1367612102
{ recyclable of type P dropped into box....}
Box has ID: 519019247
--------------------------------------------------
separating paper......
process carried out at separation unit ID: 1367612102
{ recyclable of type P dropped into box....}
Box has ID: 519019247
--------------------------------------------------
separating paper......
process carried out at separation unit ID: 1367612102
{ recyclable of type P dropped into box....}
Box has ID: 519019247
--------------------------------------------------
separating paper......
process carried out at separation unit ID: 1367612102
{ recyclable of type P dropped into box....}
Box has ID: 519019247
--------------------------------------------------
separating paper......
process carried out at separation unit ID: 1367612102
{ recyclable of type P dropped into box....}
Box has ID: 519019247
--------------------------------------------------
separating paper......
process carried out at separation unit ID: 1367612102
{ recyclable of type P dropped into box....}
Box has ID: 519019247
--------------------------------------------------
separating paper......
process carried out at separation unit ID: 1367612102
{ recyclable of type P dropped into box....}
Box has ID: 519019247
--------------------------------------------------
separating paper......
process carried out at separation unit ID: 1367612102
{ recyclable of type P dropped into box....}
Box has ID: 519019247
--------------------------------------------------
separating paper......
process carried out at separation unit ID: 1367612102
{ recyclable of type P dropped into box....}
Box has ID: 519019247
--------------------------------------------------
separating paper......
process carried out at separation unit ID: 1367612102
{ recyclable of type P dropped into box....}
Box has ID: 519019247
--------------------------------------------------
separating paper......
process carried out at separation unit ID: 1367612102
{ recyclable of type P dropped into box....}
Box has ID: 519019247
--------------------------------------------------
separating paper......
process carried out at separation unit ID: 1367612102
{ recyclable of type P dropped into box....}
Box has ID: 519019247
--------------------------------------------------
separating paper......
process carried out at separation unit ID: 1367612102
{ recyclable of type P dropped into box....}
Box has ID: 519019247
--------------------------------------------------
separating paper......
process carried out at separation unit ID: 1367612102
{ recyclable of type P dropped into box....}
Box has ID: 519019247
--------------------------------------------------
separating paper......
process carried out at separation unit ID: 1367612102
{ recyclable of type P dropped into box....}
Box has ID: 519019247
--------------------------------------------------
separating paper......
process carried out at separation unit ID: 1367612102
{ recyclable of type P dropped into box....}
Box has ID: 519019247
--------------------------------------------------
separating paper......
process carried out at separation unit ID: 1367612102
{ recyclable of type P dropped into box....}
Box has ID: 519019247
--------------------------------------------------
separating paper......
process carried out at separation unit ID: 1367612102
{ recyclable of type P dropped into box....}
Box has ID: 519019247
--------------------------------------------------
separating paper......
process carried out at separation unit ID: 1367612102
{ recyclable of type P dropped into box....}
Box has ID: 519019247
--------------------------------------------------
separating paper......
process carried out at separation unit ID: 1367612102
{ recyclable of type P dropped into box....}
Box has ID: 519019247
--------------------------------------------------
separating paper......
process carried out at separation unit ID: 1367612102
{ recyclable of type P dropped into box....}
Box has ID: 519019247
--------------------------------------------------
separating paper......
process carried out at separation unit ID: 1367612102
{ recyclable of type P dropped into box....}
Box has ID: 519019247
--------------------------------------------------
separating paper......
process carried out at separation unit ID: 1367612102
{ recyclable of type P dropped into box....}
Box has ID: 519019247
--------------------------------------------------
separating paper......
process carried out at separation unit ID: 1367612102
{ recyclable of type P dropped into box....}
Box has ID: 519019247
--------------------------------------------------
separating paper......
process carried out at separation unit ID: 1367612102
{ recyclable of type P dropped into box....}
Box has ID: 519019247
--------------------------------------------------
separating paper......
process carried out at separation unit ID: 1367612102
{ recyclable of type P dropped into box....}
Box has ID: 519019247
--------------------------------------------------
separating paper......
process carried out at separation unit ID: 1367612102
{ recyclable of type P dropped into box....}
Box has ID: 519019247
--------------------------------------------------
separating paper......
process carried out at separation unit ID: 1367612102
{ recyclable of type P dropped into box....}
Box has ID: 519019247
--------------------------------------------------
separating paper......
process carried out at separation unit ID: 1367612102
{ recyclable of type P dropped into box....}
Box has ID: 519019247
--------------------------------------------------
separating paper......
process carried out at separation unit ID: 1367612102
{ recyclable of type P dropped into box....}
Box has ID: 519019247
--------------------------------------------------
separating paper......
process carried out at separation unit ID: 1367612102
{ recyclable of type P dropped into box....}
Box has ID: 519019247
--------------------------------------------------
separating paper......
process carried out at separation unit ID: 1367612102
{ recyclable of type P dropped into box....}
Box has ID: 519019247
--------------------------------------------------
separating paper......
process carried out at separation unit ID: 1367612102
{ recyclable of type P dropped into box....}
Box has ID: 519019247
--------------------------------------------------
separating paper......
process carried out at separation unit ID: 1367612102
{ recyclable of type P dropped into box....}
Box has ID: 519019247
--------------------------------------------------
separating paper......
process carried out at separation unit ID: 1367612102
{ recyclable of type P dropped into box....}
Box has ID: 519019247
--------------------------------------------------
separating paper......
process carried out at separation unit ID: 1367612102
{ recyclable of type P dropped into box....}
Box has ID: 519019247
--------------------------------------------------
separating paper......
process carried out at separation unit ID: 1367612102
{ recyclable of type P dropped into box....}
Box has ID: 519019247
--------------------------------------------------
separating paper......
process carried out at separation unit ID: 1367612102
{ recyclable of type P dropped into box....}
Box has ID: 519019247
--------------------------------------------------
separating paper......
process carried out at separation unit ID: 1367612102
{ recyclable of type P dropped into box....}
Box has ID: 519019247
--------------------------------------------------
separating paper......
process carried out at separation unit ID: 1367612102
{ recyclable of type P dropped into box....}
Box has ID: 519019247
--------------------------------------------------
separating paper......
process carried out at separation unit ID: 1367612102
{ recyclable of type P dropped into box....}
Box has ID: 519019247
--------------------------------------------------
separating paper......
process carried out at separation unit ID: 1367612102
{ recyclable of type P dropped into box....}
Box has ID: 519019247
--------------------------------------------------
separating paper......
process carried out at separation unit ID: 1367612102
{ recyclable of type P dropped into box....}
Box has ID: 519019247
--------------------------------------------------
separating paper......
process carried out at separation unit ID: 1367612102
{ recyclable of type P dropped into box....}
Box has ID: 519019247
--------------------------------------------------
separating paper......
process carried out at separation unit ID: 1367612102
{ recyclable of type P dropped into box....}
Box has ID: 519019247
--------------------------------------------------
separating paper......
process carried out at separation unit ID: 1367612102
{ recyclable of type P dropped into box....}
Box has ID: 519019247
--------------------------------------------------
separating paper......
process carried out at separation unit ID: 1367612102
{ recyclable of type P dropped into box....}
Box has ID: 519019247
--------------------------------------------------
separating paper......
process carried out at separation unit ID: 1367612102
{ recyclable of type P dropped into box....}
Box has ID: 519019247
--------------------------------------------------
separating paper......
process carried out at separation unit ID: 1367612102
{ recyclable of type P dropped into box....}
Box has ID: 519019247
--------------------------------------------------
separating paper......
process carried out at separation unit ID: 1367612102
{ recyclable of type P dropped into box....}
Box has ID: 519019247
--------------------------------------------------
separating paper......
process carried out at separation unit ID: 1367612102
{ recyclable of type P dropped into box....}
Box has ID: 519019247
--------------------------------------------------
separating paper......
process carried out at separation unit ID: 1367612102
{ recyclable of type P dropped into box....}
Box has ID: 519019247
--------------------------------------------------
separating paper......
process carried out at separation unit ID: 1367612102
{ recyclable of type P dropped into box....}
Box has ID: 519019247
--------------------------------------------------
separating paper......
process carried out at separation unit ID: 1367612102
{ recyclable of type P dropped into box....}
Box has ID: 519019247
--------------------------------------------------
separating paper......
process carried out at separation unit ID: 1367612102
{ recyclable of type P dropped into box....}
Box has ID: 519019247
--------------------------------------------------
separating paper......
process carried out at separation unit ID: 1367612102
{ recyclable of type P dropped into box....}
Box has ID: 519019247
--------------------------------------------------
separating paper......
process carried out at separation unit ID: 1367612102
{ recyclable of type P dropped into box....}
Box has ID: 519019247
--------------------------------------------------
separating paper......
process carried out at separation unit ID: 1367612102
{ recyclable of type P dropped into box....}
Box has ID: 519019247
--------------------------------------------------
separating paper......
process carried out at separation unit ID: 1367612102
{ recyclable of type P dropped into box....}
Box has ID: 519019247
--------------------------------------------------
separating paper......
process carried out at separation unit ID: 1367612102
{ recyclable of type P dropped into box....}
Box has ID: 519019247
--------------------------------------------------
separating paper......
process carried out at separation unit ID: 1367612102
{ recyclable of type P dropped into box....}
Box has ID: 519019247
--------------------------------------------------
separating paper......
process carried out at separation unit ID: 1367612102
{ recyclable of type P dropped into box....}
Box has ID: 519019247
--------------------------------------------------
separating paper......
process carried out at separation unit ID: 1367612102
{ recyclable of type P dropped into box....}
Box has ID: 519019247
--------------------------------------------------
separating paper......
process carried out at separation unit ID: 1367612102
{ recyclable of type P dropped into box....}
Box has ID: 519019247
--------------------------------------------------
separating paper......
process carried out at separation unit ID: 1367612102
{ recyclable of type P dropped into box....}
Box has ID: 519019247
--------------------------------------------------
separating paper......
process carried out at separation unit ID: 1367612102
{ recyclable of type P dropped into box....}
Box has ID: 519019247
--------------------------------------------------
separating paper......
process carried out at separation unit ID: 1367612102
{ recyclable of type P dropped into box....}
Box has ID: 519019247
--------------------------------------------------
separating paper......
process carried out at separation unit ID: 1367612102
{ recyclable of type P dropped into box....}
Box has ID: 519019247
--------------------------------------------------
separating paper......
process carried out at separation unit ID: 1367612102
{ recyclable of type P dropped into box....}
Box has ID: 519019247
--------------------------------------------------
separating paper......
process carried out at separation unit ID: 1367612102
{ recyclable of type P dropped into box....}
Box has ID: 519019247
--------------------------------------------------
separating paper......
process carried out at separation unit ID: 1367612102
{ recyclable of type P dropped into box....}
Box has ID: 519019247
--------------------------------------------------
separating paper......
process carried out at separation unit ID: 1367612102
{ recyclable of type P dropped into box....}
Box has ID: 519019247
--------------------------------------------------
separating paper......
process carried out at separation unit ID: 1367612102
{ recyclable of type P dropped into box....}
Box has ID: 519019247
--------------------------------------------------
separating paper......
process carried out at separation unit ID: 1367612102
{ recyclable of type P dropped into box....}
Box has ID: 519019247
--------------------------------------------------
separating paper......
process carried out at separation unit ID: 1367612102
{ recyclable of type P dropped into box....}
Box has ID: 519019247
--------------------------------------------------
separating paper......
process carried out at separation unit ID: 1367612102
{ recyclable of type P dropped into box....}
Box has ID: 519019247
--------------------------------------------------
separating paper......
process carried out at separation unit ID: 1367612102
{ recyclable of type P dropped into box....}
Box has ID: 519019247
--------------------------------------------------
separating paper......
process carried out at separation unit ID: 1367612102
{ recyclable of type P dropped into box....}
Box has ID: 519019247
--------------------------------------------------
separating paper......
process carried out at separation unit ID: 1367612102
{ recyclable of type P dropped into box....}
Box has ID: 519019247
--------------------------------------------------
separating paper......
process carried out at separation unit ID: 1367612102
{ recyclable of type P dropped into box....}
Box has ID: 519019247
--------------------------------------------------
separating paper......
process carried out at separation unit ID: 1367612102
{ recyclable of type P dropped into box....}
Box has ID: 519019247
--------------------------------------------------
separating paper......
process carried out at separation unit ID: 1367612102
{ recyclable of type P dropped into box....}
Box has ID: 519019247
--------------------------------------------------
separating paper......
process carried out at separation unit ID: 1367612102
{ recyclable of type P dropped into box....}
Box has ID: 519019247
--------------------------------------------------
separating paper......
process carried out at separation unit ID: 1367612102
{ recyclable of type P dropped into box....}
Box has ID: 519019247
--------------------------------------------------
separating paper......
process carried out at separation unit ID: 1367612102
{ recyclable of type P dropped into box....}
Box has ID: 519019247
--------------------------------------------------
separating paper......
process carried out at separation unit ID: 1367612102
{ recyclable of type P dropped into box....}
Box has ID: 519019247
--------------------------------------------------
separating paper......
process carried out at separation unit ID: 1367612102
{ recyclable of type P dropped into box....}
Box has ID: 519019247
--------------------------------------------------
separating paper......
process carried out at separation unit ID: 1367612102
{ recyclable of type P dropped into box....}
Box has ID: 519019247
--------------------------------------------------
separating paper......
process carried out at separation unit ID: 1367612102
{ recyclable of type P dropped into box....}
Box has ID: 519019247
--------------------------------------------------
separating paper......
process carried out at separation unit ID: 1367612102
{ recyclable of type P dropped into box....}
Box has ID: 519019247
--------------------------------------------------
separating paper......
process carried out at separation unit ID: 1367612102
{ recyclable of type P dropped into box....}
Box has ID: 519019247
--------------------------------------------------
separating paper......
process carried out at separation unit ID: 1367612102
{ recyclable of type P dropped into box....}
Box has ID: 519019247
--------------------------------------------------
separating paper......
process carried out at separation unit ID: 1367612102
{ recyclable of type P dropped into box....}
Box has ID: 519019247
--------------------------------------------------
separating paper......
process carried out at separation unit ID: 1367612102
{ recyclable of type P dropped into box....}
Box has ID: 519019247
--------------------------------------------------
separating paper......
process carried out at separation unit ID: 1367612102
{ recyclable of type P dropped into box....}
Box has ID: 519019247
--------------------------------------------------
separating paper......
process carried out at separation unit ID: 1367612102
{ recyclable of type P dropped into box....}
Box has ID: 519019247
--------------------------------------------------
separating paper......
process carried out at separation unit ID: 1367612102
{ recyclable of type P dropped into box....}
Box has ID: 519019247
--------------------------------------------------
separating paper......
process carried out at separation unit ID: 1367612102
{ recyclable of type P dropped into box....}
Box has ID: 519019247
--------------------------------------------------
separating paper......
process carried out at separation unit ID: 1367612102
{ recyclable of type P dropped into box....}
Box has ID: 519019247
--------------------------------------------------
separating paper......
process carried out at separation unit ID: 1367612102
{ recyclable of type P dropped into box....}
Box has ID: 519019247
--------------------------------------------------
separating paper......
process carried out at separation unit ID: 1367612102
{ recyclable of type P dropped into box....}
Box has ID: 519019247
--------------------------------------------------
separating paper......
process carried out at separation unit ID: 1367612102
{ recyclable of type P dropped into box....}
Box has ID: 519019247
--------------------------------------------------
separating paper......
process carried out at separation unit ID: 1367612102
{ recyclable of type P dropped into box....}
Box has ID: 519019247
--------------------------------------------------
separating paper......
process carried out at separation unit ID: 1367612102
{ recyclable of type P dropped into box....}
Box has ID: 519019247
--------------------------------------------------
separating paper......
process carried out at separation unit ID: 1367612102
{ recyclable of type P dropped into box....}
Box has ID: 519019247
--------------------------------------------------
separating paper......
process carried out at separation unit ID: 1367612102
{ recyclable of type P dropped into box....}
Box has ID: 519019247
--------------------------------------------------
separating paper......
process carried out at separation unit ID: 1367612102
{ recyclable of type P dropped into box....}
Box has ID: 519019247
--------------------------------------------------
separating paper......
process carried out at separation unit ID: 1367612102
{ recyclable of type P dropped into box....}
Box has ID: 519019247
--------------------------------------------------
separating paper......
process carried out at separation unit ID: 1367612102
{ recyclable of type P dropped into box....}
Box has ID: 519019247
--------------------------------------------------
separating paper......
process carried out at separation unit ID: 1367612102
{ recyclable of type P dropped into box....}
Box has ID: 519019247
--------------------------------------------------
separating paper......
process carried out at separation unit ID: 1367612102
{ recyclable of type P dropped into box....}
Box has ID: 519019247
--------------------------------------------------
separating paper......
process carried out at separation unit ID: 1367612102
{ recyclable of type P dropped into box....}
Box has ID: 519019247
--------------------------------------------------
separating paper......
process carried out at separation unit ID: 1367612102
{ recyclable of type P dropped into box....}
Box has ID: 519019247
--------------------------------------------------
separating paper......
process carried out at separation unit ID: 1367612102
{ recyclable of type P dropped into box....}
Box has ID: 519019247
--------------------------------------------------
separating paper......
process carried out at separation unit ID: 1367612102
{ recyclable of type P dropped into box....}
Box has ID: 519019247
--------------------------------------------------
separating paper......
process carried out at separation unit ID: 1367612102
{ recyclable of type P dropped into box....}
Box has ID: 519019247
--------------------------------------------------
separating paper......
process carried out at separation unit ID: 1367612102
{ recyclable of type P dropped into box....}
Box has ID: 519019247
--------------------------------------------------
separating paper......
process carried out at separation unit ID: 1367612102
{ recyclable of type P dropped into box....}
Box has ID: 519019247
--------------------------------------------------
separating paper......
process carried out at separation unit ID: 1367612102
{ recyclable of type P dropped into box....}
Box has ID: 519019247
--------------------------------------------------
separating paper......
process carried out at separation unit ID: 1367612102
{ recyclable of type P dropped into box....}
Box has ID: 519019247
--------------------------------------------------
separating paper......
process carried out at separation unit ID: 1367612102
{ recyclable of type P dropped into box....}
Box has ID: 519019247
--------------------------------------------------
separating paper......
process carried out at separation unit ID: 1367612102
{ recyclable of type P dropped into box....}
Box has ID: 519019247
--------------------------------------------------
separating paper......
process carried out at separation unit ID: 1367612102
{ recyclable of type P dropped into box....}
Box has ID: 519019247
--------------------------------------------------
separating paper......
process carried out at separation unit ID: 1367612102
{ recyclable of type P dropped into box....}
Box has ID: 519019247
--------------------------------------------------
separating paper......
process carried out at separation unit ID: 1367612102
{ recyclable of type P dropped into box....}
Box has ID: 519019247
--------------------------------------------------
separating paper......
process carried out at separation unit ID: 1367612102
{ recyclable of type P dropped into box....}
Box has ID: 519019247
--------------------------------------------------
separating paper......
process carried out at separation unit ID: 1367612102
{ recyclable of type P dropped into box....}
Box has ID: 519019247
--------------------------------------------------
separating paper......
process carried out at separation unit ID: 1367612102
{ recyclable of type P dropped into box....}
Box has ID: 519019247
--------------------------------------------------
separating paper......
process carried out at separation unit ID: 1367612102
{ recyclable of type P dropped into box....}
Box has ID: 519019247
--------------------------------------------------
separating paper......
process carried out at separation unit ID: 1367612102
{ recyclable of type P dropped into box....}
Box has ID: 519019247
--------------------------------------------------
separating paper......
process carried out at separation unit ID: 1367612102
{ recyclable of type P dropped into box....}
Box has ID: 519019247
--------------------------------------------------
separating paper......
process carried out at separation unit ID: 1367612102
{ recyclable of type P dropped into box....}
Box has ID: 519019247
--------------------------------------------------
separating paper......
process carried out at separation unit ID: 1367612102
{ recyclable of type P dropped into box....}
Box has ID: 519019247
--------------------------------------------------
separating paper......
process carried out at separation unit ID: 1367612102
{ recyclable of type P dropped into box....}
Box has ID: 519019247
--------------------------------------------------
separating paper......
process carried out at separation unit ID: 1367612102
{ recyclable of type P dropped into box....}
Box has ID: 519019247
--------------------------------------------------
separating paper......
process carried out at separation unit ID: 1367612102
{ recyclable of type P dropped into box....}
Box has ID: 519019247
--------------------------------------------------
separating paper......
process carried out at separation unit ID: 1367612102
{ recyclable of type P dropped into box....}
Box has ID: 519019247
--------------------------------------------------
box hash: 519019247
-----------------------------------------------------------------------------------
-----------------------------------------------------------------------------------
ALARM !!!!!!! BOX with ID 519019247 is full.....
-----------------------------------------------------------------------------------
-----------------------------------------------------------------------------------
box capacity: 1000
worker replaced filled box with ID: 519019247 , with a new box with ID: 1130258687 at process unit: 1367612102

separating paper......
process carried out at separation unit ID: 1367612102
{ recyclable of type P dropped into box....}
Box has ID: 1130258687
--------------------------------------------------
separating paper......
process carried out at separation unit ID: 1367612102
{ recyclable of type P dropped into box....}
Box has ID: 1130258687
--------------------------------------------------
separating paper......
process carried out at separation unit ID: 1367612102
{ recyclable of type P dropped into box....}
Box has ID: 1130258687
--------------------------------------------------
separating paper......
process carried out at separation unit ID: 1367612102
{ recyclable of type P dropped into box....}
Box has ID: 1130258687
--------------------------------------------------
separating paper......
process carried out at separation unit ID: 1367612102
{ recyclable of type P dropped into box....}
Box has ID: 1130258687
--------------------------------------------------
separating paper......
process carried out at separation unit ID: 1367612102
{ recyclable of type P dropped into box....}
Box has ID: 1130258687
--------------------------------------------------
separating paper......
process carried out at separation unit ID: 1367612102
{ recyclable of type P dropped into box....}
Box has ID: 1130258687
--------------------------------------------------
separating paper......
process carried out at separation unit ID: 1367612102
{ recyclable of type P dropped into box....}
Box has ID: 1130258687
--------------------------------------------------
separating paper......
process carried out at separation unit ID: 1367612102
{ recyclable of type P dropped into box....}
Box has ID: 1130258687
--------------------------------------------------
separating paper......
process carried out at separation unit ID: 1367612102
{ recyclable of type P dropped into box....}
Box has ID: 1130258687
--------------------------------------------------
separating paper......
process carried out at separation unit ID: 1367612102
{ recyclable of type P dropped into box....}
Box has ID: 1130258687
--------------------------------------------------
separating paper......
process carried out at separation unit ID: 1367612102
{ recyclable of type P dropped into box....}
Box has ID: 1130258687
--------------------------------------------------
separating paper......
process carried out at separation unit ID: 1367612102
{ recyclable of type P dropped into box....}
Box has ID: 1130258687
--------------------------------------------------
separating paper......
process carried out at separation unit ID: 1367612102
{ recyclable of type P dropped into box....}
Box has ID: 1130258687
--------------------------------------------------
separating paper......
process carried out at separation unit ID: 1367612102
{ recyclable of type P dropped into box....}
Box has ID: 1130258687
--------------------------------------------------
separating paper......
process carried out at separation unit ID: 1367612102
{ recyclable of type P dropped into box....}
Box has ID: 1130258687
--------------------------------------------------
separating paper......
process carried out at separation unit ID: 1367612102
{ recyclable of type P dropped into box....}
Box has ID: 1130258687
--------------------------------------------------
separating paper......
process carried out at separation unit ID: 1367612102
{ recyclable of type P dropped into box....}
Box has ID: 1130258687
--------------------------------------------------
separating paper......
process carried out at separation unit ID: 1367612102
{ recyclable of type P dropped into box....}
Box has ID: 1130258687
--------------------------------------------------
separating paper......
process carried out at separation unit ID: 1367612102
{ recyclable of type P dropped into box....}
Box has ID: 1130258687
--------------------------------------------------
separating paper......
process carried out at separation unit ID: 1367612102
{ recyclable of type P dropped into box....}
Box has ID: 1130258687
--------------------------------------------------
separating paper......
process carried out at separation unit ID: 1367612102
{ recyclable of type P dropped into box....}
Box has ID: 1130258687
--------------------------------------------------
separating paper......
process carried out at separation unit ID: 1367612102
{ recyclable of type P dropped into box....}
Box has ID: 1130258687
--------------------------------------------------
separating paper......
process carried out at separation unit ID: 1367612102
{ recyclable of type P dropped into box....}
Box has ID: 1130258687
--------------------------------------------------
separating paper......
process carried out at separation unit ID: 1367612102
{ recyclable of type P dropped into box....}
Box has ID: 1130258687
--------------------------------------------------
separating paper......
process carried out at separation unit ID: 1367612102
{ recyclable of type P dropped into box....}
Box has ID: 1130258687
--------------------------------------------------
separating paper......
process carried out at separation unit ID: 1367612102
{ recyclable of type P dropped into box....}
Box has ID: 1130258687
--------------------------------------------------
separating paper......
process carried out at separation unit ID: 1367612102
{ recyclable of type P dropped into box....}
Box has ID: 1130258687
--------------------------------------------------
separating paper......
process carried out at separation unit ID: 1367612102
{ recyclable of type P dropped into box....}
Box has ID: 1130258687
--------------------------------------------------
separating paper......
process carried out at separation unit ID: 1367612102
{ recyclable of type P dropped into box....}
Box has ID: 1130258687
--------------------------------------------------
separating paper......
process carried out at separation unit ID: 1367612102
{ recyclable of type P dropped into box....}
Box has ID: 1130258687
--------------------------------------------------
separating paper......
process carried out at separation unit ID: 1367612102
{ recyclable of type P dropped into box....}
Box has ID: 1130258687
--------------------------------------------------
separating paper......
process carried out at separation unit ID: 1367612102
{ recyclable of type P dropped into box....}
Box has ID: 1130258687
--------------------------------------------------
separating paper......
process carried out at separation unit ID: 1367612102
{ recyclable of type P dropped into box....}
Box has ID: 1130258687
--------------------------------------------------
separating paper......
process carried out at separation unit ID: 1367612102
{ recyclable of type P dropped into box....}
Box has ID: 1130258687
--------------------------------------------------
separating paper......
process carried out at separation unit ID: 1367612102
{ recyclable of type P dropped into box....}
Box has ID: 1130258687
--------------------------------------------------
separating paper......
process carried out at separation unit ID: 1367612102
{ recyclable of type P dropped into box....}
Box has ID: 1130258687
--------------------------------------------------
separating paper......
process carried out at separation unit ID: 1367612102
{ recyclable of type P dropped into box....}
Box has ID: 1130258687
--------------------------------------------------
separating paper......
process carried out at separation unit ID: 1367612102
{ recyclable of type P dropped into box....}
Box has ID: 1130258687
--------------------------------------------------
separating paper......
process carried out at separation unit ID: 1367612102
{ recyclable of type P dropped into box....}
Box has ID: 1130258687
--------------------------------------------------
separating paper......
process carried out at separation unit ID: 1367612102
{ recyclable of type P dropped into box....}
Box has ID: 1130258687
--------------------------------------------------
separating paper......
process carried out at separation unit ID: 1367612102
{ recyclable of type P dropped into box....}
Box has ID: 1130258687
--------------------------------------------------
separating paper......
process carried out at separation unit ID: 1367612102
{ recyclable of type P dropped into box....}
Box has ID: 1130258687
--------------------------------------------------
separating paper......
process carried out at separation unit ID: 1367612102
{ recyclable of type P dropped into box....}
Box has ID: 1130258687
--------------------------------------------------
separating paper......
process carried out at separation unit ID: 1367612102
{ recyclable of type P dropped into box....}
Box has ID: 1130258687
--------------------------------------------------
separating paper......
process carried out at separation unit ID: 1367612102
{ recyclable of type P dropped into box....}
Box has ID: 1130258687
--------------------------------------------------
separating paper......
process carried out at separation unit ID: 1367612102
{ recyclable of type P dropped into box....}
Box has ID: 1130258687
--------------------------------------------------
separating paper......
process carried out at separation unit ID: 1367612102
{ recyclable of type P dropped into box....}
Box has ID: 1130258687
--------------------------------------------------
separating paper......
process carried out at separation unit ID: 1367612102
{ recyclable of type P dropped into box....}
Box has ID: 1130258687
--------------------------------------------------
separating paper......
process carried out at separation unit ID: 1367612102
{ recyclable of type P dropped into box....}
Box has ID: 1130258687
--------------------------------------------------
separating paper......
process carried out at separation unit ID: 1367612102
{ recyclable of type P dropped into box....}
Box has ID: 1130258687
--------------------------------------------------
separating paper......
process carried out at separation unit ID: 1367612102
{ recyclable of type P dropped into box....}
Box has ID: 1130258687
--------------------------------------------------
separating paper......
process carried out at separation unit ID: 1367612102
{ recyclable of type P dropped into box....}
Box has ID: 1130258687
--------------------------------------------------
separating paper......
process carried out at separation unit ID: 1367612102
{ recyclable of type P dropped into box....}
Box has ID: 1130258687
--------------------------------------------------
separating paper......
process carried out at separation unit ID: 1367612102
{ recyclable of type P dropped into box....}
Box has ID: 1130258687
--------------------------------------------------
separating paper......
process carried out at separation unit ID: 1367612102
{ recyclable of type P dropped into box....}
Box has ID: 1130258687
--------------------------------------------------
separating paper......
process carried out at separation unit ID: 1367612102
{ recyclable of type P dropped into box....}
Box has ID: 1130258687
--------------------------------------------------
separating paper......
process carried out at separation unit ID: 1367612102
{ recyclable of type P dropped into box....}
Box has ID: 1130258687
--------------------------------------------------
separating paper......
process carried out at separation unit ID: 1367612102
{ recyclable of type P dropped into box....}
Box has ID: 1130258687
--------------------------------------------------
separating paper......
process carried out at separation unit ID: 1367612102
{ recyclable of type P dropped into box....}
Box has ID: 1130258687
--------------------------------------------------
separating paper......
process carried out at separation unit ID: 1367612102
{ recyclable of type P dropped into box....}
Box has ID: 1130258687
--------------------------------------------------
separating paper......
process carried out at separation unit ID: 1367612102
{ recyclable of type P dropped into box....}
Box has ID: 1130258687
--------------------------------------------------
separating paper......
process carried out at separation unit ID: 1367612102
{ recyclable of type P dropped into box....}
Box has ID: 1130258687
--------------------------------------------------
separating paper......
process carried out at separation unit ID: 1367612102
{ recyclable of type P dropped into box....}
Box has ID: 1130258687
--------------------------------------------------
separating paper......
process carried out at separation unit ID: 1367612102
{ recyclable of type P dropped into box....}
Box has ID: 1130258687
--------------------------------------------------
separating paper......
process carried out at separation unit ID: 1367612102
{ recyclable of type P dropped into box....}
Box has ID: 1130258687
--------------------------------------------------
separating paper......
process carried out at separation unit ID: 1367612102
{ recyclable of type P dropped into box....}
Box has ID: 1130258687
--------------------------------------------------
separating paper......
process carried out at separation unit ID: 1367612102
{ recyclable of type P dropped into box....}
Box has ID: 1130258687
--------------------------------------------------
separating paper......
process carried out at separation unit ID: 1367612102
{ recyclable of type P dropped into box....}
Box has ID: 1130258687
--------------------------------------------------
separating paper......
process carried out at separation unit ID: 1367612102
{ recyclable of type P dropped into box....}
Box has ID: 1130258687
--------------------------------------------------
separating paper......
process carried out at separation unit ID: 1367612102
{ recyclable of type P dropped into box....}
Box has ID: 1130258687
--------------------------------------------------
separating paper......
process carried out at separation unit ID: 1367612102
{ recyclable of type P dropped into box....}
Box has ID: 1130258687
--------------------------------------------------
separating paper......
process carried out at separation unit ID: 1367612102
{ recyclable of type P dropped into box....}
Box has ID: 1130258687
--------------------------------------------------
separating paper......
process carried out at separation unit ID: 1367612102
{ recyclable of type P dropped into box....}
Box has ID: 1130258687
--------------------------------------------------
separating paper......
process carried out at separation unit ID: 1367612102
{ recyclable of type P dropped into box....}
Box has ID: 1130258687
--------------------------------------------------
separating paper......
process carried out at separation unit ID: 1367612102
{ recyclable of type P dropped into box....}
Box has ID: 1130258687
--------------------------------------------------
separating paper......
process carried out at separation unit ID: 1367612102
{ recyclable of type P dropped into box....}
Box has ID: 1130258687
--------------------------------------------------
separating paper......
process carried out at separation unit ID: 1367612102
{ recyclable of type P dropped into box....}
Box has ID: 1130258687
--------------------------------------------------
separating paper......
process carried out at separation unit ID: 1367612102
{ recyclable of type P dropped into box....}
Box has ID: 1130258687
--------------------------------------------------
separating paper......
process carried out at separation unit ID: 1367612102
{ recyclable of type P dropped into box....}
Box has ID: 1130258687
--------------------------------------------------
separating paper......
process carried out at separation unit ID: 1367612102
{ recyclable of type P dropped into box....}
Box has ID: 1130258687
--------------------------------------------------
separating paper......
process carried out at separation unit ID: 1367612102
{ recyclable of type P dropped into box....}
Box has ID: 1130258687
--------------------------------------------------
separating paper......
process carried out at separation unit ID: 1367612102
{ recyclable of type P dropped into box....}
Box has ID: 1130258687
--------------------------------------------------
separating paper......
process carried out at separation unit ID: 1367612102
{ recyclable of type P dropped into box....}
Box has ID: 1130258687
--------------------------------------------------
separating paper......
process carried out at separation unit ID: 1367612102
{ recyclable of type P dropped into box....}
Box has ID: 1130258687
--------------------------------------------------
separating paper......
process carried out at separation unit ID: 1367612102
{ recyclable of type P dropped into box....}
Box has ID: 1130258687
--------------------------------------------------
separating paper......
process carried out at separation unit ID: 1367612102
{ recyclable of type P dropped into box....}
Box has ID: 1130258687
--------------------------------------------------
separating paper......
process carried out at separation unit ID: 1367612102
{ recyclable of type P dropped into box....}
Box has ID: 1130258687
--------------------------------------------------
separating paper......
process carried out at separation unit ID: 1367612102
{ recyclable of type P dropped into box....}
Box has ID: 1130258687
--------------------------------------------------
separating paper......
process carried out at separation unit ID: 1367612102
{ recyclable of type P dropped into box....}
Box has ID: 1130258687
--------------------------------------------------
separating paper......
process carried out at separation unit ID: 1367612102
{ recyclable of type P dropped into box....}
Box has ID: 1130258687
--------------------------------------------------
separating paper......
process carried out at separation unit ID: 1367612102
{ recyclable of type P dropped into box....}
Box has ID: 1130258687
--------------------------------------------------
separating paper......
process carried out at separation unit ID: 1367612102
{ recyclable of type P dropped into box....}
Box has ID: 1130258687
--------------------------------------------------
separating paper......
process carried out at separation unit ID: 1367612102
{ recyclable of type P dropped into box....}
Box has ID: 1130258687
--------------------------------------------------
separating paper......
process carried out at separation unit ID: 1367612102
{ recyclable of type P dropped into box....}
Box has ID: 1130258687
--------------------------------------------------
separating paper......
process carried out at separation unit ID: 1367612102
{ recyclable of type P dropped into box....}
Box has ID: 1130258687
--------------------------------------------------
separating paper......
process carried out at separation unit ID: 1367612102
{ recyclable of type P dropped into box....}
Box has ID: 1130258687
--------------------------------------------------
separating paper......
process carried out at separation unit ID: 1367612102
{ recyclable of type P dropped into box....}
Box has ID: 1130258687
--------------------------------------------------
separating paper......
process carried out at separation unit ID: 1367612102
{ recyclable of type P dropped into box....}
Box has ID: 1130258687
--------------------------------------------------
separating paper......
process carried out at separation unit ID: 1367612102
{ recyclable of type P dropped into box....}
Box has ID: 1130258687
--------------------------------------------------
separating paper......
process carried out at separation unit ID: 1367612102
{ recyclable of type P dropped into box....}
Box has ID: 1130258687
--------------------------------------------------
separating paper......
process carried out at separation unit ID: 1367612102
{ recyclable of type P dropped into box....}
Box has ID: 1130258687
--------------------------------------------------
separating paper......
process carried out at separation unit ID: 1367612102
{ recyclable of type P dropped into box....}
Box has ID: 1130258687
--------------------------------------------------
separating paper......
process carried out at separation unit ID: 1367612102
{ recyclable of type P dropped into box....}
Box has ID: 1130258687
--------------------------------------------------
separating paper......
process carried out at separation unit ID: 1367612102
{ recyclable of type P dropped into box....}
Box has ID: 1130258687
--------------------------------------------------
separating paper......
process carried out at separation unit ID: 1367612102
{ recyclable of type P dropped into box....}
Box has ID: 1130258687
--------------------------------------------------
separating paper......
process carried out at separation unit ID: 1367612102
{ recyclable of type P dropped into box....}
Box has ID: 1130258687
--------------------------------------------------
separating paper......
process carried out at separation unit ID: 1367612102
{ recyclable of type P dropped into box....}
Box has ID: 1130258687
--------------------------------------------------
separating paper......
process carried out at separation unit ID: 1367612102
{ recyclable of type P dropped into box....}
Box has ID: 1130258687
--------------------------------------------------
separating paper......
process carried out at separation unit ID: 1367612102
{ recyclable of type P dropped into box....}
Box has ID: 1130258687
--------------------------------------------------
separating paper......
process carried out at separation unit ID: 1367612102
{ recyclable of type P dropped into box....}
Box has ID: 1130258687
--------------------------------------------------
separating paper......
process carried out at separation unit ID: 1367612102
{ recyclable of type P dropped into box....}
Box has ID: 1130258687
--------------------------------------------------
separating paper......
process carried out at separation unit ID: 1367612102
{ recyclable of type P dropped into box....}
Box has ID: 1130258687
--------------------------------------------------
separating paper......
process carried out at separation unit ID: 1367612102
{ recyclable of type P dropped into box....}
Box has ID: 1130258687
--------------------------------------------------
separating paper......
process carried out at separation unit ID: 1367612102
{ recyclable of type P dropped into box....}
Box has ID: 1130258687
--------------------------------------------------
separating paper......
process carried out at separation unit ID: 1367612102
{ recyclable of type P dropped into box....}
Box has ID: 1130258687
--------------------------------------------------
separating paper......
process carried out at separation unit ID: 1367612102
{ recyclable of type P dropped into box....}
Box has ID: 1130258687
--------------------------------------------------
separating paper......
process carried out at separation unit ID: 1367612102
{ recyclable of type P dropped into box....}
Box has ID: 1130258687
--------------------------------------------------
separating paper......
process carried out at separation unit ID: 1367612102
{ recyclable of type P dropped into box....}
Box has ID: 1130258687
--------------------------------------------------
separating paper......
process carried out at separation unit ID: 1367612102
{ recyclable of type P dropped into box....}
Box has ID: 1130258687
--------------------------------------------------
separating paper......
process carried out at separation unit ID: 1367612102
{ recyclable of type P dropped into box....}
Box has ID: 1130258687
--------------------------------------------------
separating paper......
process carried out at separation unit ID: 1367612102
{ recyclable of type P dropped into box....}
Box has ID: 1130258687
--------------------------------------------------
separating paper......
process carried out at separation unit ID: 1367612102
{ recyclable of type P dropped into box....}
Box has ID: 1130258687
--------------------------------------------------
separating paper......
process carried out at separation unit ID: 1367612102
{ recyclable of type P dropped into box....}
Box has ID: 1130258687
--------------------------------------------------
separating paper......
process carried out at separation unit ID: 1367612102
{ recyclable of type P dropped into box....}
Box has ID: 1130258687
--------------------------------------------------
separating paper......
process carried out at separation unit ID: 1367612102
{ recyclable of type P dropped into box....}
Box has ID: 1130258687
--------------------------------------------------
separating paper......
process carried out at separation unit ID: 1367612102
{ recyclable of type P dropped into box....}
Box has ID: 1130258687
--------------------------------------------------
separating paper......
process carried out at separation unit ID: 1367612102
{ recyclable of type P dropped into box....}
Box has ID: 1130258687
--------------------------------------------------
separating paper......
process carried out at separation unit ID: 1367612102
{ recyclable of type P dropped into box....}
Box has ID: 1130258687
--------------------------------------------------
separating paper......
process carried out at separation unit ID: 1367612102
{ recyclable of type P dropped into box....}
Box has ID: 1130258687
--------------------------------------------------
separating paper......
process carried out at separation unit ID: 1367612102
{ recyclable of type P dropped into box....}
Box has ID: 1130258687
--------------------------------------------------
separating paper......
process carried out at separation unit ID: 1367612102
{ recyclable of type P dropped into box....}
Box has ID: 1130258687
--------------------------------------------------
separating paper......
process carried out at separation unit ID: 1367612102
{ recyclable of type P dropped into box....}
Box has ID: 1130258687
--------------------------------------------------
separating paper......
process carried out at separation unit ID: 1367612102
{ recyclable of type P dropped into box....}
Box has ID: 1130258687
--------------------------------------------------
separating paper......
process carried out at separation unit ID: 1367612102
{ recyclable of type P dropped into box....}
Box has ID: 1130258687
--------------------------------------------------
separating paper......
process carried out at separation unit ID: 1367612102
{ recyclable of type P dropped into box....}
Box has ID: 1130258687
--------------------------------------------------
separating paper......
process carried out at separation unit ID: 1367612102
{ recyclable of type P dropped into box....}
Box has ID: 1130258687
--------------------------------------------------
separating paper......
process carried out at separation unit ID: 1367612102
{ recyclable of type P dropped into box....}
Box has ID: 1130258687
--------------------------------------------------
separating paper......
process carried out at separation unit ID: 1367612102
{ recyclable of type P dropped into box....}
Box has ID: 1130258687
--------------------------------------------------
separating paper......
process carried out at separation unit ID: 1367612102
{ recyclable of type P dropped into box....}
Box has ID: 1130258687
--------------------------------------------------
separating paper......
process carried out at separation unit ID: 1367612102
{ recyclable of type P dropped into box....}
Box has ID: 1130258687
--------------------------------------------------
separating paper......
process carried out at separation unit ID: 1367612102
{ recyclable of type P dropped into box....}
Box has ID: 1130258687
--------------------------------------------------
separating paper......
process carried out at separation unit ID: 1367612102
{ recyclable of type P dropped into box....}
Box has ID: 1130258687
--------------------------------------------------
separating paper......
process carried out at separation unit ID: 1367612102
{ recyclable of type P dropped into box....}
Box has ID: 1130258687
--------------------------------------------------
separating paper......
process carried out at separation unit ID: 1367612102
{ recyclable of type P dropped into box....}
Box has ID: 1130258687
--------------------------------------------------
separating paper......
process carried out at separation unit ID: 1367612102
{ recyclable of type P dropped into box....}
Box has ID: 1130258687
--------------------------------------------------
separating paper......
process carried out at separation unit ID: 1367612102
{ recyclable of type P dropped into box....}
Box has ID: 1130258687
--------------------------------------------------
separating paper......
process carried out at separation unit ID: 1367612102
{ recyclable of type P dropped into box....}
Box has ID: 1130258687
--------------------------------------------------
separating paper......
process carried out at separation unit ID: 1367612102
{ recyclable of type P dropped into box....}
Box has ID: 1130258687
--------------------------------------------------
separating paper......
process carried out at separation unit ID: 1367612102
{ recyclable of type P dropped into box....}
Box has ID: 1130258687
--------------------------------------------------
separating paper......
process carried out at separation unit ID: 1367612102
{ recyclable of type P dropped into box....}
Box has ID: 1130258687
--------------------------------------------------
separating paper......
process carried out at separation unit ID: 1367612102
{ recyclable of type P dropped into box....}
Box has ID: 1130258687
--------------------------------------------------
separating paper......
process carried out at separation unit ID: 1367612102
{ recyclable of type P dropped into box....}
Box has ID: 1130258687
--------------------------------------------------
separating paper......
process carried out at separation unit ID: 1367612102
{ recyclable of type P dropped into box....}
Box has ID: 1130258687
--------------------------------------------------
separating paper......
process carried out at separation unit ID: 1367612102
{ recyclable of type P dropped into box....}
Box has ID: 1130258687
--------------------------------------------------
separating paper......
process carried out at separation unit ID: 1367612102
{ recyclable of type P dropped into box....}
Box has ID: 1130258687
--------------------------------------------------
separating paper......
process carried out at separation unit ID: 1367612102
{ recyclable of type P dropped into box....}
Box has ID: 1130258687
--------------------------------------------------
separating paper......
process carried out at separation unit ID: 1367612102
{ recyclable of type P dropped into box....}
Box has ID: 1130258687
--------------------------------------------------
separating paper......
process carried out at separation unit ID: 1367612102
{ recyclable of type P dropped into box....}
Box has ID: 1130258687
--------------------------------------------------
separating paper......
process carried out at separation unit ID: 1367612102
{ recyclable of type P dropped into box....}
Box has ID: 1130258687
--------------------------------------------------
separating paper......
process carried out at separation unit ID: 1367612102
{ recyclable of type P dropped into box....}
Box has ID: 1130258687
--------------------------------------------------
separating paper......
process carried out at separation unit ID: 1367612102
{ recyclable of type P dropped into box....}
Box has ID: 1130258687
--------------------------------------------------
separating paper......
process carried out at separation unit ID: 1367612102
{ recyclable of type P dropped into box....}
Box has ID: 1130258687
--------------------------------------------------
separating paper......
process carried out at separation unit ID: 1367612102
{ recyclable of type P dropped into box....}
Box has ID: 1130258687
--------------------------------------------------
separating paper......
process carried out at separation unit ID: 1367612102
{ recyclable of type P dropped into box....}
Box has ID: 1130258687
--------------------------------------------------
separating paper......
process carried out at separation unit ID: 1367612102
{ recyclable of type P dropped into box....}
Box has ID: 1130258687
--------------------------------------------------
separating paper......
process carried out at separation unit ID: 1367612102
{ recyclable of type P dropped into box....}
Box has ID: 1130258687
--------------------------------------------------
separating paper......
process carried out at separation unit ID: 1367612102
{ recyclable of type P dropped into box....}
Box has ID: 1130258687
--------------------------------------------------
separating paper......
process carried out at separation unit ID: 1367612102
{ recyclable of type P dropped into box....}
Box has ID: 1130258687
--------------------------------------------------
separating paper......
process carried out at separation unit ID: 1367612102
{ recyclable of type P dropped into box....}
Box has ID: 1130258687
--------------------------------------------------
separating paper......
process carried out at separation unit ID: 1367612102
{ recyclable of type P dropped into box....}
Box has ID: 1130258687
--------------------------------------------------
separating paper......
process carried out at separation unit ID: 1367612102
{ recyclable of type P dropped into box....}
Box has ID: 1130258687
--------------------------------------------------
separating paper......
process carried out at separation unit ID: 1367612102
{ recyclable of type P dropped into box....}
Box has ID: 1130258687
--------------------------------------------------
separating paper......
process carried out at separation unit ID: 1367612102
{ recyclable of type P dropped into box....}
Box has ID: 1130258687
--------------------------------------------------
separating paper......
process carried out at separation unit ID: 1367612102
{ recyclable of type P dropped into box....}
Box has ID: 1130258687
--------------------------------------------------
separating paper......
process carried out at separation unit ID: 1367612102
{ recyclable of type P dropped into box....}
Box has ID: 1130258687
--------------------------------------------------
separating paper......
process carried out at separation unit ID: 1367612102
{ recyclable of type P dropped into box....}
Box has ID: 1130258687
--------------------------------------------------
separating paper......
process carried out at separation unit ID: 1367612102
{ recyclable of type P dropped into box....}
Box has ID: 1130258687
--------------------------------------------------
separating paper......
process carried out at separation unit ID: 1367612102
{ recyclable of type P dropped into box....}
Box has ID: 1130258687
--------------------------------------------------
separating paper......
process carried out at separation unit ID: 1367612102
{ recyclable of type P dropped into box....}
Box has ID: 1130258687
--------------------------------------------------
separating paper......
process carried out at separation unit ID: 1367612102
{ recyclable of type P dropped into box....}
Box has ID: 1130258687
--------------------------------------------------
separating paper......
process carried out at separation unit ID: 1367612102
{ recyclable of type P dropped into box....}
Box has ID: 1130258687
--------------------------------------------------
separating paper......
process carried out at separation unit ID: 1367612102
{ recyclable of type P dropped into box....}
Box has ID: 1130258687
--------------------------------------------------
separating paper......
process carried out at separation unit ID: 1367612102
{ recyclable of type P dropped into box....}
Box has ID: 1130258687
--------------------------------------------------
separating paper......
process carried out at separation unit ID: 1367612102
{ recyclable of type P dropped into box....}
Box has ID: 1130258687
--------------------------------------------------
separating paper......
process carried out at separation unit ID: 1367612102
{ recyclable of type P dropped into box....}
Box has ID: 1130258687
--------------------------------------------------
separating paper......
process carried out at separation unit ID: 1367612102
{ recyclable of type P dropped into box....}
Box has ID: 1130258687
--------------------------------------------------
separating paper......
process carried out at separation unit ID: 1367612102
{ recyclable of type P dropped into box....}
Box has ID: 1130258687
--------------------------------------------------
separating paper......
process carried out at separation unit ID: 1367612102
{ recyclable of type P dropped into box....}
Box has ID: 1130258687
--------------------------------------------------
separating paper......
process carried out at separation unit ID: 1367612102
{ recyclable of type P dropped into box....}
Box has ID: 1130258687
--------------------------------------------------
separating paper......
process carried out at separation unit ID: 1367612102
{ recyclable of type P dropped into box....}
Box has ID: 1130258687
--------------------------------------------------
separating paper......
process carried out at separation unit ID: 1367612102
{ recyclable of type P dropped into box....}
Box has ID: 1130258687
--------------------------------------------------
separating paper......
process carried out at separation unit ID: 1367612102
{ recyclable of type P dropped into box....}
Box has ID: 1130258687
--------------------------------------------------
separating paper......
process carried out at separation unit ID: 1367612102
{ recyclable of type P dropped into box....}
Box has ID: 1130258687
--------------------------------------------------
separating paper......
process carried out at separation unit ID: 1367612102
{ recyclable of type P dropped into box....}
Box has ID: 1130258687
--------------------------------------------------
separating paper......
process carried out at separation unit ID: 1367612102
{ recyclable of type P dropped into box....}
Box has ID: 1130258687
--------------------------------------------------
separating paper......
process carried out at separation unit ID: 1367612102
{ recyclable of type P dropped into box....}
Box has ID: 1130258687
--------------------------------------------------
separating paper......
process carried out at separation unit ID: 1367612102
{ recyclable of type P dropped into box....}
Box has ID: 1130258687
--------------------------------------------------
separating paper......
process carried out at separation unit ID: 1367612102
{ recyclable of type P dropped into box....}
Box has ID: 1130258687
--------------------------------------------------
separating paper......
process carried out at separation unit ID: 1367612102
{ recyclable of type P dropped into box....}
Box has ID: 1130258687
--------------------------------------------------
separating paper......
process carried out at separation unit ID: 1367612102
{ recyclable of type P dropped into box....}
Box has ID: 1130258687
--------------------------------------------------
separating paper......
process carried out at separation unit ID: 1367612102
{ recyclable of type P dropped into box....}
Box has ID: 1130258687
--------------------------------------------------
separating paper......
process carried out at separation unit ID: 1367612102
{ recyclable of type P dropped into box....}
Box has ID: 1130258687
--------------------------------------------------
separating paper......
process carried out at separation unit ID: 1367612102
{ recyclable of type P dropped into box....}
Box has ID: 1130258687
--------------------------------------------------
separating paper......
process carried out at separation unit ID: 1367612102
{ recyclable of type P dropped into box....}
Box has ID: 1130258687
--------------------------------------------------
separating paper......
process carried out at separation unit ID: 1367612102
{ recyclable of type P dropped into box....}
Box has ID: 1130258687
--------------------------------------------------
separating paper......
process carried out at separation unit ID: 1367612102
{ recyclable of type P dropped into box....}
Box has ID: 1130258687
--------------------------------------------------
separating paper......
process carried out at separation unit ID: 1367612102
{ recyclable of type P dropped into box....}
Box has ID: 1130258687
--------------------------------------------------
separating paper......
process carried out at separation unit ID: 1367612102
{ recyclable of type P dropped into box....}
Box has ID: 1130258687
--------------------------------------------------
separating paper......
process carried out at separation unit ID: 1367612102
{ recyclable of type P dropped into box....}
Box has ID: 1130258687
--------------------------------------------------
separating paper......
process carried out at separation unit ID: 1367612102
{ recyclable of type P dropped into box....}
Box has ID: 1130258687
--------------------------------------------------
separating paper......
process carried out at separation unit ID: 1367612102
{ recyclable of type P dropped into box....}
Box has ID: 1130258687
--------------------------------------------------
separating paper......
process carried out at separation unit ID: 1367612102
{ recyclable of type P dropped into box....}
Box has ID: 1130258687
--------------------------------------------------
separating paper......
process carried out at separation unit ID: 1367612102
{ recyclable of type P dropped into box....}
Box has ID: 1130258687
--------------------------------------------------
separating paper......
process carried out at separation unit ID: 1367612102
{ recyclable of type P dropped into box....}
Box has ID: 1130258687
--------------------------------------------------
separating paper......
process carried out at separation unit ID: 1367612102
{ recyclable of type P dropped into box....}
Box has ID: 1130258687
--------------------------------------------------
separating paper......
process carried out at separation unit ID: 1367612102
{ recyclable of type P dropped into box....}
Box has ID: 1130258687
--------------------------------------------------
separating paper......
process carried out at separation unit ID: 1367612102
{ recyclable of type P dropped into box....}
Box has ID: 1130258687
--------------------------------------------------
separating paper......
process carried out at separation unit ID: 1367612102
{ recyclable of type P dropped into box....}
Box has ID: 1130258687
--------------------------------------------------
separating paper......
process carried out at separation unit ID: 1367612102
{ recyclable of type P dropped into box....}
Box has ID: 1130258687
--------------------------------------------------
separating paper......
process carried out at separation unit ID: 1367612102
{ recyclable of type P dropped into box....}
Box has ID: 1130258687
--------------------------------------------------
separating paper......
process carried out at separation unit ID: 1367612102
{ recyclable of type P dropped into box....}
Box has ID: 1130258687
--------------------------------------------------
separating paper......
process carried out at separation unit ID: 1367612102
{ recyclable of type P dropped into box....}
Box has ID: 1130258687
--------------------------------------------------
separating paper......
process carried out at separation unit ID: 1367612102
{ recyclable of type P dropped into box....}
Box has ID: 1130258687
--------------------------------------------------
separating paper......
process carried out at separation unit ID: 1367612102
{ recyclable of type P dropped into box....}
Box has ID: 1130258687
--------------------------------------------------
separating paper......
process carried out at separation unit ID: 1367612102
{ recyclable of type P dropped into box....}
Box has ID: 1130258687
--------------------------------------------------
separating paper......
process carried out at separation unit ID: 1367612102
{ recyclable of type P dropped into box....}
Box has ID: 1130258687
--------------------------------------------------
separating paper......
process carried out at separation unit ID: 1367612102
{ recyclable of type P dropped into box....}
Box has ID: 1130258687
--------------------------------------------------
separating paper......
process carried out at separation unit ID: 1367612102
{ recyclable of type P dropped into box....}
Box has ID: 1130258687
--------------------------------------------------
separating paper......
process carried out at separation unit ID: 1367612102
{ recyclable of type P dropped into box....}
Box has ID: 1130258687
--------------------------------------------------
separating paper......
process carried out at separation unit ID: 1367612102
{ recyclable of type P dropped into box....}
Box has ID: 1130258687
--------------------------------------------------
separating paper......
process carried out at separation unit ID: 1367612102
{ recyclable of type P dropped into box....}
Box has ID: 1130258687
--------------------------------------------------
separating paper......
process carried out at separation unit ID: 1367612102
{ recyclable of type P dropped into box....}
Box has ID: 1130258687
--------------------------------------------------
separating paper......
process carried out at separation unit ID: 1367612102
{ recyclable of type P dropped into box....}
Box has ID: 1130258687
--------------------------------------------------
separating paper......
process carried out at separation unit ID: 1367612102
{ recyclable of type P dropped into box....}
Box has ID: 1130258687
--------------------------------------------------
separating paper......
process carried out at separation unit ID: 1367612102
{ recyclable of type P dropped into box....}
Box has ID: 1130258687
--------------------------------------------------
separating paper......
process carried out at separation unit ID: 1367612102
{ recyclable of type P dropped into box....}
Box has ID: 1130258687
--------------------------------------------------
separating paper......
process carried out at separation unit ID: 1367612102
{ recyclable of type P dropped into box....}
Box has ID: 1130258687
--------------------------------------------------
separating paper......
process carried out at separation unit ID: 1367612102
{ recyclable of type P dropped into box....}
Box has ID: 1130258687
--------------------------------------------------
separating paper......
process carried out at separation unit ID: 1367612102
{ recyclable of type P dropped into box....}
Box has ID: 1130258687
--------------------------------------------------
separating paper......
process carried out at separation unit ID: 1367612102
{ recyclable of type P dropped into box....}
Box has ID: 1130258687
--------------------------------------------------
separating paper......
process carried out at separation unit ID: 1367612102
{ recyclable of type P dropped into box....}
Box has ID: 1130258687
--------------------------------------------------
separating paper......
process carried out at separation unit ID: 1367612102
{ recyclable of type P dropped into box....}
Box has ID: 1130258687
--------------------------------------------------
separating paper......
process carried out at separation unit ID: 1367612102
{ recyclable of type P dropped into box....}
Box has ID: 1130258687
--------------------------------------------------
separating paper......
process carried out at separation unit ID: 1367612102
{ recyclable of type P dropped into box....}
Box has ID: 1130258687
--------------------------------------------------
separating paper......
process carried out at separation unit ID: 1367612102
{ recyclable of type P dropped into box....}
Box has ID: 1130258687
--------------------------------------------------
separating paper......
process carried out at separation unit ID: 1367612102
{ recyclable of type P dropped into box....}
Box has ID: 1130258687
--------------------------------------------------
separating paper......
process carried out at separation unit ID: 1367612102
{ recyclable of type P dropped into box....}
Box has ID: 1130258687
--------------------------------------------------
separating paper......
process carried out at separation unit ID: 1367612102
{ recyclable of type P dropped into box....}
Box has ID: 1130258687
--------------------------------------------------
separating paper......
process carried out at separation unit ID: 1367612102
{ recyclable of type P dropped into box....}
Box has ID: 1130258687
--------------------------------------------------
separating paper......
process carried out at separation unit ID: 1367612102
{ recyclable of type P dropped into box....}
Box has ID: 1130258687
--------------------------------------------------
separating paper......
process carried out at separation unit ID: 1367612102
{ recyclable of type P dropped into box....}
Box has ID: 1130258687
--------------------------------------------------
separating paper......
process carried out at separation unit ID: 1367612102
{ recyclable of type P dropped into box....}
Box has ID: 1130258687
--------------------------------------------------
separating paper......
process carried out at separation unit ID: 1367612102
{ recyclable of type P dropped into box....}
Box has ID: 1130258687
--------------------------------------------------
separating paper......
process carried out at separation unit ID: 1367612102
{ recyclable of type P dropped into box....}
Box has ID: 1130258687
--------------------------------------------------
separating paper......
process carried out at separation unit ID: 1367612102
{ recyclable of type P dropped into box....}
Box has ID: 1130258687
--------------------------------------------------
separating paper......
process carried out at separation unit ID: 1367612102
{ recyclable of type P dropped into box....}
Box has ID: 1130258687
--------------------------------------------------
separating paper......
process carried out at separation unit ID: 1367612102
{ recyclable of type P dropped into box....}
Box has ID: 1130258687
--------------------------------------------------
separating paper......
process carried out at separation unit ID: 1367612102
{ recyclable of type P dropped into box....}
Box has ID: 1130258687
--------------------------------------------------
separating paper......
process carried out at separation unit ID: 1367612102
{ recyclable of type P dropped into box....}
Box has ID: 1130258687
--------------------------------------------------
separating paper......
process carried out at separation unit ID: 1367612102
{ recyclable of type P dropped into box....}
Box has ID: 1130258687
--------------------------------------------------
separating paper......
process carried out at separation unit ID: 1367612102
{ recyclable of type P dropped into box....}
Box has ID: 1130258687
--------------------------------------------------
separating paper......
process carried out at separation unit ID: 1367612102
{ recyclable of type P dropped into box....}
Box has ID: 1130258687
--------------------------------------------------
separating paper......
process carried out at separation unit ID: 1367612102
{ recyclable of type P dropped into box....}
Box has ID: 1130258687
--------------------------------------------------
separating paper......
process carried out at separation unit ID: 1367612102
{ recyclable of type P dropped into box....}
Box has ID: 1130258687
--------------------------------------------------
separating paper......
process carried out at separation unit ID: 1367612102
{ recyclable of type P dropped into box....}
Box has ID: 1130258687
--------------------------------------------------
separating paper......
process carried out at separation unit ID: 1367612102
{ recyclable of type P dropped into box....}
Box has ID: 1130258687
--------------------------------------------------
separating paper......
process carried out at separation unit ID: 1367612102
{ recyclable of type P dropped into box....}
Box has ID: 1130258687
--------------------------------------------------
separating paper......
process carried out at separation unit ID: 1367612102
{ recyclable of type P dropped into box....}
Box has ID: 1130258687
--------------------------------------------------
separating paper......
process carried out at separation unit ID: 1367612102
{ recyclable of type P dropped into box....}
Box has ID: 1130258687
--------------------------------------------------
separating paper......
process carried out at separation unit ID: 1367612102
{ recyclable of type P dropped into box....}
Box has ID: 1130258687
--------------------------------------------------
separating paper......
process carried out at separation unit ID: 1367612102
{ recyclable of type P dropped into box....}
Box has ID: 1130258687
--------------------------------------------------
separating paper......
process carried out at separation unit ID: 1367612102
{ recyclable of type P dropped into box....}
Box has ID: 1130258687
--------------------------------------------------
separating paper......
process carried out at separation unit ID: 1367612102
{ recyclable of type P dropped into box....}
Box has ID: 1130258687
--------------------------------------------------
separating paper......
process carried out at separation unit ID: 1367612102
{ recyclable of type P dropped into box....}
Box has ID: 1130258687
--------------------------------------------------
separating paper......
process carried out at separation unit ID: 1367612102
{ recyclable of type P dropped into box....}
Box has ID: 1130258687
--------------------------------------------------
separating paper......
process carried out at separation unit ID: 1367612102
{ recyclable of type P dropped into box....}
Box has ID: 1130258687
--------------------------------------------------
separating paper......
process carried out at separation unit ID: 1367612102
{ recyclable of type P dropped into box....}
Box has ID: 1130258687
--------------------------------------------------
separating paper......
process carried out at separation unit ID: 1367612102
{ recyclable of type P dropped into box....}
Box has ID: 1130258687
--------------------------------------------------
separating paper......
process carried out at separation unit ID: 1367612102
{ recyclable of type P dropped into box....}
Box has ID: 1130258687
--------------------------------------------------
separating paper......
process carried out at separation unit ID: 1367612102
{ recyclable of type P dropped into box....}
Box has ID: 1130258687
--------------------------------------------------
separating paper......
process carried out at separation unit ID: 1367612102
{ recyclable of type P dropped into box....}
Box has ID: 1130258687
--------------------------------------------------
separating paper......
process carried out at separation unit ID: 1367612102
{ recyclable of type P dropped into box....}
Box has ID: 1130258687
--------------------------------------------------
separating paper......
process carried out at separation unit ID: 1367612102
{ recyclable of type P dropped into box....}
Box has ID: 1130258687
--------------------------------------------------
separating paper......
process carried out at separation unit ID: 1367612102
{ recyclable of type P dropped into box....}
Box has ID: 1130258687
--------------------------------------------------
separating paper......
process carried out at separation unit ID: 1367612102
{ recyclable of type P dropped into box....}
Box has ID: 1130258687
--------------------------------------------------
separating paper......
process carried out at separation unit ID: 1367612102
{ recyclable of type P dropped into box....}
Box has ID: 1130258687
--------------------------------------------------
separating paper......
process carried out at separation unit ID: 1367612102
{ recyclable of type P dropped into box....}
Box has ID: 1130258687
--------------------------------------------------
separating paper......
process carried out at separation unit ID: 1367612102
{ recyclable of type P dropped into box....}
Box has ID: 1130258687
--------------------------------------------------
separating paper......
process carried out at separation unit ID: 1367612102
{ recyclable of type P dropped into box....}
Box has ID: 1130258687
--------------------------------------------------
separating paper......
process carried out at separation unit ID: 1367612102
{ recyclable of type P dropped into box....}
Box has ID: 1130258687
--------------------------------------------------
separating paper......
process carried out at separation unit ID: 1367612102
{ recyclable of type P dropped into box....}
Box has ID: 1130258687
--------------------------------------------------
separating paper......
process carried out at separation unit ID: 1367612102
{ recyclable of type P dropped into box....}
Box has ID: 1130258687
--------------------------------------------------
separating paper......
process carried out at separation unit ID: 1367612102
{ recyclable of type P dropped into box....}
Box has ID: 1130258687
--------------------------------------------------
separating paper......
process carried out at separation unit ID: 1367612102
{ recyclable of type P dropped into box....}
Box has ID: 1130258687
--------------------------------------------------
separating paper......
process carried out at separation unit ID: 1367612102
{ recyclable of type P dropped into box....}
Box has ID: 1130258687
--------------------------------------------------
separating paper......
process carried out at separation unit ID: 1367612102
{ recyclable of type P dropped into box....}
Box has ID: 1130258687
--------------------------------------------------
separating paper......
process carried out at separation unit ID: 1367612102
{ recyclable of type P dropped into box....}
Box has ID: 1130258687
--------------------------------------------------
separating paper......
process carried out at separation unit ID: 1367612102
{ recyclable of type P dropped into box....}
Box has ID: 1130258687
--------------------------------------------------
separating paper......
process carried out at separation unit ID: 1367612102
{ recyclable of type P dropped into box....}
Box has ID: 1130258687
--------------------------------------------------
separating paper......
process carried out at separation unit ID: 1367612102
{ recyclable of type P dropped into box....}
Box has ID: 1130258687
--------------------------------------------------
separating paper......
process carried out at separation unit ID: 1367612102
{ recyclable of type P dropped into box....}
Box has ID: 1130258687
--------------------------------------------------
separating paper......
process carried out at separation unit ID: 1367612102
{ recyclable of type P dropped into box....}
Box has ID: 1130258687
--------------------------------------------------
separating paper......
process carried out at separation unit ID: 1367612102
{ recyclable of type P dropped into box....}
Box has ID: 1130258687
--------------------------------------------------
separating paper......
process carried out at separation unit ID: 1367612102
{ recyclable of type P dropped into box....}
Box has ID: 1130258687
--------------------------------------------------
separating paper......
process carried out at separation unit ID: 1367612102
{ recyclable of type P dropped into box....}
Box has ID: 1130258687
--------------------------------------------------
separating paper......
process carried out at separation unit ID: 1367612102
{ recyclable of type P dropped into box....}
Box has ID: 1130258687
--------------------------------------------------
separating paper......
process carried out at separation unit ID: 1367612102
{ recyclable of type P dropped into box....}
Box has ID: 1130258687
--------------------------------------------------
separating paper......
process carried out at separation unit ID: 1367612102
{ recyclable of type P dropped into box....}
Box has ID: 1130258687
--------------------------------------------------
separating paper......
process carried out at separation unit ID: 1367612102
{ recyclable of type P dropped into box....}
Box has ID: 1130258687
--------------------------------------------------
separating paper......
process carried out at separation unit ID: 1367612102
{ recyclable of type P dropped into box....}
Box has ID: 1130258687
--------------------------------------------------
separating paper......
process carried out at separation unit ID: 1367612102
{ recyclable of type P dropped into box....}
Box has ID: 1130258687
--------------------------------------------------
separating paper......
process carried out at separation unit ID: 1367612102
{ recyclable of type P dropped into box....}
Box has ID: 1130258687
--------------------------------------------------
separating paper......
process carried out at separation unit ID: 1367612102
{ recyclable of type P dropped into box....}
Box has ID: 1130258687
--------------------------------------------------
separating paper......
process carried out at separation unit ID: 1367612102
{ recyclable of type P dropped into box....}
Box has ID: 1130258687
--------------------------------------------------
separating paper......
process carried out at separation unit ID: 1367612102
{ recyclable of type P dropped into box....}
Box has ID: 1130258687
--------------------------------------------------
separating paper......
process carried out at separation unit ID: 1367612102
{ recyclable of type P dropped into box....}
Box has ID: 1130258687
--------------------------------------------------
separating paper......
process carried out at separation unit ID: 1367612102
{ recyclable of type P dropped into box....}
Box has ID: 1130258687
--------------------------------------------------
separating paper......
process carried out at separation unit ID: 1367612102
{ recyclable of type P dropped into box....}
Box has ID: 1130258687
--------------------------------------------------
separating paper......
process carried out at separation unit ID: 1367612102
{ recyclable of type P dropped into box....}
Box has ID: 1130258687
--------------------------------------------------
separating paper......
process carried out at separation unit ID: 1367612102
{ recyclable of type P dropped into box....}
Box has ID: 1130258687
--------------------------------------------------
separating paper......
process carried out at separation unit ID: 1367612102
{ recyclable of type P dropped into box....}
Box has ID: 1130258687
--------------------------------------------------
separating paper......
process carried out at separation unit ID: 1367612102
{ recyclable of type P dropped into box....}
Box has ID: 1130258687
--------------------------------------------------
separating paper......
process carried out at separation unit ID: 1367612102
{ recyclable of type P dropped into box....}
Box has ID: 1130258687
--------------------------------------------------
separating paper......
process carried out at separation unit ID: 1367612102
{ recyclable of type P dropped into box....}
Box has ID: 1130258687
--------------------------------------------------
separating paper......
process carried out at separation unit ID: 1367612102
{ recyclable of type P dropped into box....}
Box has ID: 1130258687
--------------------------------------------------
separating paper......
process carried out at separation unit ID: 1367612102
{ recyclable of type P dropped into box....}
Box has ID: 1130258687
--------------------------------------------------
separating paper......
process carried out at separation unit ID: 1367612102
{ recyclable of type P dropped into box....}
Box has ID: 1130258687
--------------------------------------------------
separating paper......
process carried out at separation unit ID: 1367612102
{ recyclable of type P dropped into box....}
Box has ID: 1130258687
--------------------------------------------------
separating paper......
process carried out at separation unit ID: 1367612102
{ recyclable of type P dropped into box....}
Box has ID: 1130258687
--------------------------------------------------
separating paper......
process carried out at separation unit ID: 1367612102
{ recyclable of type P dropped into box....}
Box has ID: 1130258687
--------------------------------------------------
separating paper......
process carried out at separation unit ID: 1367612102
{ recyclable of type P dropped into box....}
Box has ID: 1130258687
--------------------------------------------------
separating paper......
process carried out at separation unit ID: 1367612102
{ recyclable of type P dropped into box....}
Box has ID: 1130258687
--------------------------------------------------
separating paper......
process carried out at separation unit ID: 1367612102
{ recyclable of type P dropped into box....}
Box has ID: 1130258687
--------------------------------------------------
separating paper......
process carried out at separation unit ID: 1367612102
{ recyclable of type P dropped into box....}
Box has ID: 1130258687
--------------------------------------------------
separating paper......
process carried out at separation unit ID: 1367612102
{ recyclable of type P dropped into box....}
Box has ID: 1130258687
--------------------------------------------------
separating paper......
process carried out at separation unit ID: 1367612102
{ recyclable of type P dropped into box....}
Box has ID: 1130258687
--------------------------------------------------
separating paper......
process carried out at separation unit ID: 1367612102
{ recyclable of type P dropped into box....}
Box has ID: 1130258687
--------------------------------------------------
separating paper......
process carried out at separation unit ID: 1367612102
{ recyclable of type P dropped into box....}
Box has ID: 1130258687
--------------------------------------------------
separating paper......
process carried out at separation unit ID: 1367612102
{ recyclable of type P dropped into box....}
Box has ID: 1130258687
--------------------------------------------------
separating paper......
process carried out at separation unit ID: 1367612102
{ recyclable of type P dropped into box....}
Box has ID: 1130258687
--------------------------------------------------
separating paper......
process carried out at separation unit ID: 1367612102
{ recyclable of type P dropped into box....}
Box has ID: 1130258687
--------------------------------------------------
separating paper......
process carried out at separation unit ID: 1367612102
{ recyclable of type P dropped into box....}
Box has ID: 1130258687
--------------------------------------------------
separating paper......
process carried out at separation unit ID: 1367612102
{ recyclable of type P dropped into box....}
Box has ID: 1130258687
--------------------------------------------------
separating paper......
process carried out at separation unit ID: 1367612102
{ recyclable of type P dropped into box....}
Box has ID: 1130258687
--------------------------------------------------
separating paper......
process carried out at separation unit ID: 1367612102
{ recyclable of type P dropped into box....}
Box has ID: 1130258687
--------------------------------------------------
separating paper......
process carried out at separation unit ID: 1367612102
{ recyclable of type P dropped into box....}
Box has ID: 1130258687
--------------------------------------------------
separating paper......
process carried out at separation unit ID: 1367612102
{ recyclable of type P dropped into box....}
Box has ID: 1130258687
--------------------------------------------------
separating paper......
process carried out at separation unit ID: 1367612102
{ recyclable of type P dropped into box....}
Box has ID: 1130258687
--------------------------------------------------
separating paper......
process carried out at separation unit ID: 1367612102
{ recyclable of type P dropped into box....}
Box has ID: 1130258687
--------------------------------------------------
separating paper......
process carried out at separation unit ID: 1367612102
{ recyclable of type P dropped into box....}
Box has ID: 1130258687
--------------------------------------------------
separating paper......
process carried out at separation unit ID: 1367612102
{ recyclable of type P dropped into box....}
Box has ID: 1130258687
--------------------------------------------------
separating paper......
process carried out at separation unit ID: 1367612102
{ recyclable of type P dropped into box....}
Box has ID: 1130258687
--------------------------------------------------
separating paper......
process carried out at separation unit ID: 1367612102
{ recyclable of type P dropped into box....}
Box has ID: 1130258687
--------------------------------------------------
separating paper......
process carried out at separation unit ID: 1367612102
{ recyclable of type P dropped into box....}
Box has ID: 1130258687
--------------------------------------------------
separating paper......
process carried out at separation unit ID: 1367612102
{ recyclable of type P dropped into box....}
Box has ID: 1130258687
--------------------------------------------------
separating paper......
process carried out at separation unit ID: 1367612102
{ recyclable of type P dropped into box....}
Box has ID: 1130258687
--------------------------------------------------
separating paper......
process carried out at separation unit ID: 1367612102
{ recyclable of type P dropped into box....}
Box has ID: 1130258687
--------------------------------------------------
separating paper......
process carried out at separation unit ID: 1367612102
{ recyclable of type P dropped into box....}
Box has ID: 1130258687
--------------------------------------------------
separating paper......
process carried out at separation unit ID: 1367612102
{ recyclable of type P dropped into box....}
Box has ID: 1130258687
--------------------------------------------------
separating paper......
process carried out at separation unit ID: 1367612102
{ recyclable of type P dropped into box....}
Box has ID: 1130258687
--------------------------------------------------
separating paper......
process carried out at separation unit ID: 1367612102
{ recyclable of type P dropped into box....}
Box has ID: 1130258687
--------------------------------------------------
separating paper......
process carried out at separation unit ID: 1367612102
{ recyclable of type P dropped into box....}
Box has ID: 1130258687
--------------------------------------------------
separating paper......
process carried out at separation unit ID: 1367612102
{ recyclable of type P dropped into box....}
Box has ID: 1130258687
--------------------------------------------------
separating paper......
process carried out at separation unit ID: 1367612102
{ recyclable of type P dropped into box....}
Box has ID: 1130258687
--------------------------------------------------
separating paper......
process carried out at separation unit ID: 1367612102
{ recyclable of type P dropped into box....}
Box has ID: 1130258687
--------------------------------------------------
separating paper......
process carried out at separation unit ID: 1367612102
{ recyclable of type P dropped into box....}
Box has ID: 1130258687
--------------------------------------------------
separating paper......
process carried out at separation unit ID: 1367612102
{ recyclable of type P dropped into box....}
Box has ID: 1130258687
--------------------------------------------------
separating paper......
process carried out at separation unit ID: 1367612102
{ recyclable of type P dropped into box....}
Box has ID: 1130258687
--------------------------------------------------
separating paper......
process carried out at separation unit ID: 1367612102
{ recyclable of type P dropped into box....}
Box has ID: 1130258687
--------------------------------------------------
separating paper......
process carried out at separation unit ID: 1367612102
{ recyclable of type P dropped into box....}
Box has ID: 1130258687
--------------------------------------------------
separating paper......
process carried out at separation unit ID: 1367612102
{ recyclable of type P dropped into box....}
Box has ID: 1130258687
--------------------------------------------------
separating paper......
process carried out at separation unit ID: 1367612102
{ recyclable of type P dropped into box....}
Box has ID: 1130258687
--------------------------------------------------
separating paper......
process carried out at separation unit ID: 1367612102
{ recyclable of type P dropped into box....}
Box has ID: 1130258687
--------------------------------------------------
separating paper......
process carried out at separation unit ID: 1367612102
{ recyclable of type P dropped into box....}
Box has ID: 1130258687
--------------------------------------------------
separating paper......
process carried out at separation unit ID: 1367612102
{ recyclable of type P dropped into box....}
Box has ID: 1130258687
--------------------------------------------------
separating paper......
process carried out at separation unit ID: 1367612102
{ recyclable of type P dropped into box....}
Box has ID: 1130258687
--------------------------------------------------
separating paper......
process carried out at separation unit ID: 1367612102
{ recyclable of type P dropped into box....}
Box has ID: 1130258687
--------------------------------------------------
separating paper......
process carried out at separation unit ID: 1367612102
{ recyclable of type P dropped into box....}
Box has ID: 1130258687
--------------------------------------------------
separating paper......
process carried out at separation unit ID: 1367612102
{ recyclable of type P dropped into box....}
Box has ID: 1130258687
--------------------------------------------------
separating paper......
process carried out at separation unit ID: 1367612102
{ recyclable of type P dropped into box....}
Box has ID: 1130258687
--------------------------------------------------
separating paper......
process carried out at separation unit ID: 1367612102
{ recyclable of type P dropped into box....}
Box has ID: 1130258687
--------------------------------------------------
separating paper......
process carried out at separation unit ID: 1367612102
{ recyclable of type P dropped into box....}
Box has ID: 1130258687
--------------------------------------------------
separating paper......
process carried out at separation unit ID: 1367612102
{ recyclable of type P dropped into box....}
Box has ID: 1130258687
--------------------------------------------------
separating paper......
process carried out at separation unit ID: 1367612102
{ recyclable of type P dropped into box....}
Box has ID: 1130258687
--------------------------------------------------
separating paper......
process carried out at separation unit ID: 1367612102
{ recyclable of type P dropped into box....}
Box has ID: 1130258687
--------------------------------------------------
separating paper......
process carried out at separation unit ID: 1367612102
{ recyclable of type P dropped into box....}
Box has ID: 1130258687
--------------------------------------------------
separating paper......
process carried out at separation unit ID: 1367612102
{ recyclable of type P dropped into box....}
Box has ID: 1130258687
--------------------------------------------------
separating paper......
process carried out at separation unit ID: 1367612102
{ recyclable of type P dropped into box....}
Box has ID: 1130258687
--------------------------------------------------
separating paper......
process carried out at separation unit ID: 1367612102
{ recyclable of type P dropped into box....}
Box has ID: 1130258687
--------------------------------------------------
separating paper......
process carried out at separation unit ID: 1367612102
{ recyclable of type P dropped into box....}
Box has ID: 1130258687
--------------------------------------------------
separating paper......
process carried out at separation unit ID: 1367612102
{ recyclable of type P dropped into box....}
Box has ID: 1130258687
--------------------------------------------------
separating paper......
process carried out at separation unit ID: 1367612102
{ recyclable of type P dropped into box....}
Box has ID: 1130258687
--------------------------------------------------
separating paper......
process carried out at separation unit ID: 1367612102
{ recyclable of type P dropped into box....}
Box has ID: 1130258687
--------------------------------------------------
separating paper......
process carried out at separation unit ID: 1367612102
{ recyclable of type P dropped into box....}
Box has ID: 1130258687
--------------------------------------------------
separating paper......
process carried out at separation unit ID: 1367612102
{ recyclable of type P dropped into box....}
Box has ID: 1130258687
--------------------------------------------------
separating paper......
process carried out at separation unit ID: 1367612102
{ recyclable of type P dropped into box....}
Box has ID: 1130258687
--------------------------------------------------
separating paper......
process carried out at separation unit ID: 1367612102
{ recyclable of type P dropped into box....}
Box has ID: 1130258687
--------------------------------------------------
separating paper......
process carried out at separation unit ID: 1367612102
{ recyclable of type P dropped into box....}
Box has ID: 1130258687
--------------------------------------------------
separating paper......
process carried out at separation unit ID: 1367612102
{ recyclable of type P dropped into box....}
Box has ID: 1130258687
--------------------------------------------------
separating paper......
process carried out at separation unit ID: 1367612102
{ recyclable of type P dropped into box....}
Box has ID: 1130258687
--------------------------------------------------
separating paper......
process carried out at separation unit ID: 1367612102
{ recyclable of type P dropped into box....}
Box has ID: 1130258687
--------------------------------------------------
separating paper......
process carried out at separation unit ID: 1367612102
{ recyclable of type P dropped into box....}
Box has ID: 1130258687
--------------------------------------------------
separating paper......
process carried out at separation unit ID: 1367612102
{ recyclable of type P dropped into box....}
Box has ID: 1130258687
--------------------------------------------------
separating paper......
process carried out at separation unit ID: 1367612102
{ recyclable of type P dropped into box....}
Box has ID: 1130258687
--------------------------------------------------
separating paper......
process carried out at separation unit ID: 1367612102
{ recyclable of type P dropped into box....}
Box has ID: 1130258687
--------------------------------------------------
separating paper......
process carried out at separation unit ID: 1367612102
{ recyclable of type P dropped into box....}
Box has ID: 1130258687
--------------------------------------------------
separating paper......
process carried out at separation unit ID: 1367612102
{ recyclable of type P dropped into box....}
Box has ID: 1130258687
--------------------------------------------------
separating paper......
process carried out at separation unit ID: 1367612102
{ recyclable of type P dropped into box....}
Box has ID: 1130258687
--------------------------------------------------
separating paper......
process carried out at separation unit ID: 1367612102
{ recyclable of type P dropped into box....}
Box has ID: 1130258687
--------------------------------------------------
separating paper......
process carried out at separation unit ID: 1367612102
{ recyclable of type P dropped into box....}
Box has ID: 1130258687
--------------------------------------------------
separating paper......
process carried out at separation unit ID: 1367612102
{ recyclable of type P dropped into box....}
Box has ID: 1130258687
--------------------------------------------------
separating paper......
process carried out at separation unit ID: 1367612102
{ recyclable of type P dropped into box....}
Box has ID: 1130258687
--------------------------------------------------
separating paper......
process carried out at separation unit ID: 1367612102
{ recyclable of type P dropped into box....}
Box has ID: 1130258687
--------------------------------------------------
separating paper......
process carried out at separation unit ID: 1367612102
{ recyclable of type P dropped into box....}
Box has ID: 1130258687
--------------------------------------------------
separating paper......
process carried out at separation unit ID: 1367612102
{ recyclable of type P dropped into box....}
Box has ID: 1130258687
--------------------------------------------------
separating paper......
process carried out at separation unit ID: 1367612102
{ recyclable of type P dropped into box....}
Box has ID: 1130258687
--------------------------------------------------
separating paper......
process carried out at separation unit ID: 1367612102
{ recyclable of type P dropped into box....}
Box has ID: 1130258687
--------------------------------------------------
separating paper......
process carried out at separation unit ID: 1367612102
{ recyclable of type P dropped into box....}
Box has ID: 1130258687
--------------------------------------------------
separating paper......
process carried out at separation unit ID: 1367612102
{ recyclable of type P dropped into box....}
Box has ID: 1130258687
--------------------------------------------------
separating paper......
process carried out at separation unit ID: 1367612102
{ recyclable of type P dropped into box....}
Box has ID: 1130258687
--------------------------------------------------
separating paper......
process carried out at separation unit ID: 1367612102
{ recyclable of type P dropped into box....}
Box has ID: 1130258687
--------------------------------------------------
separating paper......
process carried out at separation unit ID: 1367612102
{ recyclable of type P dropped into box....}
Box has ID: 1130258687
--------------------------------------------------
separating paper......
process carried out at separation unit ID: 1367612102
{ recyclable of type P dropped into box....}
Box has ID: 1130258687
--------------------------------------------------
separating paper......
process carried out at separation unit ID: 1367612102
{ recyclable of type P dropped into box....}
Box has ID: 1130258687
--------------------------------------------------
separating paper......
process carried out at separation unit ID: 1367612102
{ recyclable of type P dropped into box....}
Box has ID: 1130258687
--------------------------------------------------
separating paper......
process carried out at separation unit ID: 1367612102
{ recyclable of type P dropped into box....}
Box has ID: 1130258687
--------------------------------------------------
separating paper......
process carried out at separation unit ID: 1367612102
{ recyclable of type P dropped into box....}
Box has ID: 1130258687
--------------------------------------------------
separating paper......
process carried out at separation unit ID: 1367612102
{ recyclable of type P dropped into box....}
Box has ID: 1130258687
--------------------------------------------------
separating paper......
process carried out at separation unit ID: 1367612102
{ recyclable of type P dropped into box....}
Box has ID: 1130258687
--------------------------------------------------
separating paper......
process carried out at separation unit ID: 1367612102
{ recyclable of type P dropped into box....}
Box has ID: 1130258687
--------------------------------------------------
separating paper......
process carried out at separation unit ID: 1367612102
{ recyclable of type P dropped into box....}
Box has ID: 1130258687
--------------------------------------------------
separating paper......
process carried out at separation unit ID: 1367612102
{ recyclable of type P dropped into box....}
Box has ID: 1130258687
--------------------------------------------------
separating paper......
process carried out at separation unit ID: 1367612102
{ recyclable of type P dropped into box....}
Box has ID: 1130258687
--------------------------------------------------
separating paper......
process carried out at separation unit ID: 1367612102
{ recyclable of type P dropped into box....}
Box has ID: 1130258687
--------------------------------------------------
separating paper......
process carried out at separation unit ID: 1367612102
{ recyclable of type P dropped into box....}
Box has ID: 1130258687
--------------------------------------------------
separating paper......
process carried out at separation unit ID: 1367612102
{ recyclable of type P dropped into box....}
Box has ID: 1130258687
--------------------------------------------------
separating paper......
process carried out at separation unit ID: 1367612102
{ recyclable of type P dropped into box....}
Box has ID: 1130258687
--------------------------------------------------
separating paper......
process carried out at separation unit ID: 1367612102
{ recyclable of type P dropped into box....}
Box has ID: 1130258687
--------------------------------------------------
separating paper......
process carried out at separation unit ID: 1367612102
{ recyclable of type P dropped into box....}
Box has ID: 1130258687
--------------------------------------------------
separating paper......
process carried out at separation unit ID: 1367612102
{ recyclable of type P dropped into box....}
Box has ID: 1130258687
--------------------------------------------------
separating paper......
process carried out at separation unit ID: 1367612102
{ recyclable of type P dropped into box....}
Box has ID: 1130258687
--------------------------------------------------
separating paper......
process carried out at separation unit ID: 1367612102
{ recyclable of type P dropped into box....}
Box has ID: 1130258687
--------------------------------------------------
separating paper......
process carried out at separation unit ID: 1367612102
{ recyclable of type P dropped into box....}
Box has ID: 1130258687
--------------------------------------------------
separating paper......
process carried out at separation unit ID: 1367612102
{ recyclable of type P dropped into box....}
Box has ID: 1130258687
--------------------------------------------------
separating paper......
process carried out at separation unit ID: 1367612102
{ recyclable of type P dropped into box....}
Box has ID: 1130258687
--------------------------------------------------
separating paper......
process carried out at separation unit ID: 1367612102
{ recyclable of type P dropped into box....}
Box has ID: 1130258687
--------------------------------------------------
separating paper......
process carried out at separation unit ID: 1367612102
{ recyclable of type P dropped into box....}
Box has ID: 1130258687
--------------------------------------------------
separating paper......
process carried out at separation unit ID: 1367612102
{ recyclable of type P dropped into box....}
Box has ID: 1130258687
--------------------------------------------------
separating paper......
process carried out at separation unit ID: 1367612102
{ recyclable of type P dropped into box....}
Box has ID: 1130258687
--------------------------------------------------
separating paper......
process carried out at separation unit ID: 1367612102
{ recyclable of type P dropped into box....}
Box has ID: 1130258687
--------------------------------------------------
separating paper......
process carried out at separation unit ID: 1367612102
{ recyclable of type P dropped into box....}
Box has ID: 1130258687
--------------------------------------------------
separating paper......
process carried out at separation unit ID: 1367612102
{ recyclable of type P dropped into box....}
Box has ID: 1130258687
--------------------------------------------------
separating paper......
process carried out at separation unit ID: 1367612102
{ recyclable of type P dropped into box....}
Box has ID: 1130258687
--------------------------------------------------
separating paper......
process carried out at separation unit ID: 1367612102
{ recyclable of type P dropped into box....}
Box has ID: 1130258687
--------------------------------------------------
separating paper......
process carried out at separation unit ID: 1367612102
{ recyclable of type P dropped into box....}
Box has ID: 1130258687
--------------------------------------------------
separating paper......
process carried out at separation unit ID: 1367612102
{ recyclable of type P dropped into box....}
Box has ID: 1130258687
--------------------------------------------------
separating paper......
process carried out at separation unit ID: 1367612102
{ recyclable of type P dropped into box....}
Box has ID: 1130258687
--------------------------------------------------
separating paper......
process carried out at separation unit ID: 1367612102
{ recyclable of type P dropped into box....}
Box has ID: 1130258687
--------------------------------------------------
separating paper......
process carried out at separation unit ID: 1367612102
{ recyclable of type P dropped into box....}
Box has ID: 1130258687
--------------------------------------------------
separating paper......
process carried out at separation unit ID: 1367612102
{ recyclable of type P dropped into box....}
Box has ID: 1130258687
--------------------------------------------------
separating paper......
process carried out at separation unit ID: 1367612102
{ recyclable of type P dropped into box....}
Box has ID: 1130258687
--------------------------------------------------
separating paper......
process carried out at separation unit ID: 1367612102
{ recyclable of type P dropped into box....}
Box has ID: 1130258687
--------------------------------------------------
separating paper......
process carried out at separation unit ID: 1367612102
{ recyclable of type P dropped into box....}
Box has ID: 1130258687
--------------------------------------------------
separating paper......
process carried out at separation unit ID: 1367612102
{ recyclable of type P dropped into box....}
Box has ID: 1130258687
--------------------------------------------------
separating paper......
process carried out at separation unit ID: 1367612102
{ recyclable of type P dropped into box....}
Box has ID: 1130258687
--------------------------------------------------
separating paper......
process carried out at separation unit ID: 1367612102
{ recyclable of type P dropped into box....}
Box has ID: 1130258687
--------------------------------------------------
separating paper......
process carried out at separation unit ID: 1367612102
{ recyclable of type P dropped into box....}
Box has ID: 1130258687
--------------------------------------------------
separating paper......
process carried out at separation unit ID: 1367612102
{ recyclable of type P dropped into box....}
Box has ID: 1130258687
--------------------------------------------------
separating paper......
process carried out at separation unit ID: 1367612102
{ recyclable of type P dropped into box....}
Box has ID: 1130258687
--------------------------------------------------
separating paper......
process carried out at separation unit ID: 1367612102
{ recyclable of type P dropped into box....}
Box has ID: 1130258687
--------------------------------------------------
separating paper......
process carried out at separation unit ID: 1367612102
{ recyclable of type P dropped into box....}
Box has ID: 1130258687
--------------------------------------------------
separating paper......
process carried out at separation unit ID: 1367612102
{ recyclable of type P dropped into box....}
Box has ID: 1130258687
--------------------------------------------------
separating paper......
process carried out at separation unit ID: 1367612102
{ recyclable of type P dropped into box....}
Box has ID: 1130258687
--------------------------------------------------
separating paper......
process carried out at separation unit ID: 1367612102
{ recyclable of type P dropped into box....}
Box has ID: 1130258687
--------------------------------------------------
separating paper......
process carried out at separation unit ID: 1367612102
{ recyclable of type P dropped into box....}
Box has ID: 1130258687
--------------------------------------------------
separating paper......
process carried out at separation unit ID: 1367612102
{ recyclable of type P dropped into box....}
Box has ID: 1130258687
--------------------------------------------------
separating paper......
process carried out at separation unit ID: 1367612102
{ recyclable of type P dropped into box....}
Box has ID: 1130258687
--------------------------------------------------
separating paper......
process carried out at separation unit ID: 1367612102
{ recyclable of type P dropped into box....}
Box has ID: 1130258687
--------------------------------------------------
separating paper......
process carried out at separation unit ID: 1367612102
{ recyclable of type P dropped into box....}
Box has ID: 1130258687
--------------------------------------------------
separating paper......
process carried out at separation unit ID: 1367612102
{ recyclable of type P dropped into box....}
Box has ID: 1130258687
--------------------------------------------------
separating paper......
process carried out at separation unit ID: 1367612102
{ recyclable of type P dropped into box....}
Box has ID: 1130258687
--------------------------------------------------
separating paper......
process carried out at separation unit ID: 1367612102
{ recyclable of type P dropped into box....}
Box has ID: 1130258687
--------------------------------------------------
separating paper......
process carried out at separation unit ID: 1367612102
{ recyclable of type P dropped into box....}
Box has ID: 1130258687
--------------------------------------------------
separating paper......
process carried out at separation unit ID: 1367612102
{ recyclable of type P dropped into box....}
Box has ID: 1130258687
--------------------------------------------------
separating paper......
process carried out at separation unit ID: 1367612102
{ recyclable of type P dropped into box....}
Box has ID: 1130258687
--------------------------------------------------
separating paper......
process carried out at separation unit ID: 1367612102
{ recyclable of type P dropped into box....}
Box has ID: 1130258687
--------------------------------------------------
separating paper......
process carried out at separation unit ID: 1367612102
{ recyclable of type P dropped into box....}
Box has ID: 1130258687
--------------------------------------------------
separating paper......
process carried out at separation unit ID: 1367612102
{ recyclable of type P dropped into box....}
Box has ID: 1130258687
--------------------------------------------------
separating paper......
process carried out at separation unit ID: 1367612102
{ recyclable of type P dropped into box....}
Box has ID: 1130258687
--------------------------------------------------
separating paper......
process carried out at separation unit ID: 1367612102
{ recyclable of type P dropped into box....}
Box has ID: 1130258687
--------------------------------------------------
separating paper......
process carried out at separation unit ID: 1367612102
{ recyclable of type P dropped into box....}
Box has ID: 1130258687
--------------------------------------------------
separating paper......
process carried out at separation unit ID: 1367612102
{ recyclable of type P dropped into box....}
Box has ID: 1130258687
--------------------------------------------------
separating paper......
process carried out at separation unit ID: 1367612102
{ recyclable of type P dropped into box....}
Box has ID: 1130258687
--------------------------------------------------
separating paper......
process carried out at separation unit ID: 1367612102
{ recyclable of type P dropped into box....}
Box has ID: 1130258687
--------------------------------------------------
separating paper......
process carried out at separation unit ID: 1367612102
{ recyclable of type P dropped into box....}
Box has ID: 1130258687
--------------------------------------------------
separating paper......
process carried out at separation unit ID: 1367612102
{ recyclable of type P dropped into box....}
Box has ID: 1130258687
--------------------------------------------------
separating paper......
process carried out at separation unit ID: 1367612102
{ recyclable of type P dropped into box....}
Box has ID: 1130258687
--------------------------------------------------
separating paper......
process carried out at separation unit ID: 1367612102
{ recyclable of type P dropped into box....}
Box has ID: 1130258687
--------------------------------------------------
separating paper......
process carried out at separation unit ID: 1367612102
{ recyclable of type P dropped into box....}
Box has ID: 1130258687
--------------------------------------------------
separating paper......
process carried out at separation unit ID: 1367612102
{ recyclable of type P dropped into box....}
Box has ID: 1130258687
--------------------------------------------------
separating paper......
process carried out at separation unit ID: 1367612102
{ recyclable of type P dropped into box....}
Box has ID: 1130258687
--------------------------------------------------
separating paper......
process carried out at separation unit ID: 1367612102
{ recyclable of type P dropped into box....}
Box has ID: 1130258687
--------------------------------------------------
separating paper......
process carried out at separation unit ID: 1367612102
{ recyclable of type P dropped into box....}
Box has ID: 1130258687
--------------------------------------------------
separating paper......
process carried out at separation unit ID: 1367612102
{ recyclable of type P dropped into box....}
Box has ID: 1130258687
--------------------------------------------------
separating paper......
process carried out at separation unit ID: 1367612102
{ recyclable of type P dropped into box....}
Box has ID: 1130258687
--------------------------------------------------
separating paper......
process carried out at separation unit ID: 1367612102
{ recyclable of type P dropped into box....}
Box has ID: 1130258687
--------------------------------------------------
separating paper......
process carried out at separation unit ID: 1367612102
{ recyclable of type P dropped into box....}
Box has ID: 1130258687
--------------------------------------------------
separating paper......
process carried out at separation unit ID: 1367612102
{ recyclable of type P dropped into box....}
Box has ID: 1130258687
--------------------------------------------------
separating paper......
process carried out at separation unit ID: 1367612102
{ recyclable of type P dropped into box....}
Box has ID: 1130258687
--------------------------------------------------
separating paper......
process carried out at separation unit ID: 1367612102
{ recyclable of type P dropped into box....}
Box has ID: 1130258687
--------------------------------------------------
separating paper......
process carried out at separation unit ID: 1367612102
{ recyclable of type P dropped into box....}
Box has ID: 1130258687
--------------------------------------------------
separating paper......
process carried out at separation unit ID: 1367612102
{ recyclable of type P dropped into box....}
Box has ID: 1130258687
--------------------------------------------------
separating paper......
process carried out at separation unit ID: 1367612102
{ recyclable of type P dropped into box....}
Box has ID: 1130258687
--------------------------------------------------
separating paper......
process carried out at separation unit ID: 1367612102
{ recyclable of type P dropped into box....}
Box has ID: 1130258687
--------------------------------------------------
separating paper......
process carried out at separation unit ID: 1367612102
{ recyclable of type P dropped into box....}
Box has ID: 1130258687
--------------------------------------------------
separating paper......
process carried out at separation unit ID: 1367612102
{ recyclable of type P dropped into box....}
Box has ID: 1130258687
--------------------------------------------------
separating paper......
process carried out at separation unit ID: 1367612102
{ recyclable of type P dropped into box....}
Box has ID: 1130258687
--------------------------------------------------
separating paper......
process carried out at separation unit ID: 1367612102
{ recyclable of type P dropped into box....}
Box has ID: 1130258687
--------------------------------------------------
separating paper......
process carried out at separation unit ID: 1367612102
{ recyclable of type P dropped into box....}
Box has ID: 1130258687
--------------------------------------------------
separating paper......
process carried out at separation unit ID: 1367612102
{ recyclable of type P dropped into box....}
Box has ID: 1130258687
--------------------------------------------------
separating paper......
process carried out at separation unit ID: 1367612102
{ recyclable of type P dropped into box....}
Box has ID: 1130258687
--------------------------------------------------
separating paper......
process carried out at separation unit ID: 1367612102
{ recyclable of type P dropped into box....}
Box has ID: 1130258687
--------------------------------------------------
separating paper......
process carried out at separation unit ID: 1367612102
{ recyclable of type P dropped into box....}
Box has ID: 1130258687
--------------------------------------------------
separating paper......
process carried out at separation unit ID: 1367612102
{ recyclable of type P dropped into box....}
Box has ID: 1130258687
--------------------------------------------------
separating paper......
process carried out at separation unit ID: 1367612102
{ recyclable of type P dropped into box....}
Box has ID: 1130258687
--------------------------------------------------
separating paper......
process carried out at separation unit ID: 1367612102
{ recyclable of type P dropped into box....}
Box has ID: 1130258687
--------------------------------------------------
separating paper......
process carried out at separation unit ID: 1367612102
{ recyclable of type P dropped into box....}
Box has ID: 1130258687
--------------------------------------------------
separating paper......
process carried out at separation unit ID: 1367612102
{ recyclable of type P dropped into box....}
Box has ID: 1130258687
--------------------------------------------------
separating paper......
process carried out at separation unit ID: 1367612102
{ recyclable of type P dropped into box....}
Box has ID: 1130258687
--------------------------------------------------
separating paper......
process carried out at separation unit ID: 1367612102
{ recyclable of type P dropped into box....}
Box has ID: 1130258687
--------------------------------------------------
separating paper......
process carried out at separation unit ID: 1367612102
{ recyclable of type P dropped into box....}
Box has ID: 1130258687
--------------------------------------------------
separating paper......
process carried out at separation unit ID: 1367612102
{ recyclable of type P dropped into box....}
Box has ID: 1130258687
--------------------------------------------------
separating paper......
process carried out at separation unit ID: 1367612102
{ recyclable of type P dropped into box....}
Box has ID: 1130258687
--------------------------------------------------
separating paper......
process carried out at separation unit ID: 1367612102
{ recyclable of type P dropped into box....}
Box has ID: 1130258687
--------------------------------------------------
separating paper......
process carried out at separation unit ID: 1367612102
{ recyclable of type P dropped into box....}
Box has ID: 1130258687
--------------------------------------------------
separating paper......
process carried out at separation unit ID: 1367612102
{ recyclable of type P dropped into box....}
Box has ID: 1130258687
--------------------------------------------------
separating paper......
process carried out at separation unit ID: 1367612102
{ recyclable of type P dropped into box....}
Box has ID: 1130258687
--------------------------------------------------
separating paper......
process carried out at separation unit ID: 1367612102
{ recyclable of type P dropped into box....}
Box has ID: 1130258687
--------------------------------------------------
separating paper......
process carried out at separation unit ID: 1367612102
{ recyclable of type P dropped into box....}
Box has ID: 1130258687
--------------------------------------------------
separating paper......
process carried out at separation unit ID: 1367612102
{ recyclable of type P dropped into box....}
Box has ID: 1130258687
--------------------------------------------------
separating paper......
process carried out at separation unit ID: 1367612102
{ recyclable of type P dropped into box....}
Box has ID: 1130258687
--------------------------------------------------
separating paper......
process carried out at separation unit ID: 1367612102
{ recyclable of type P dropped into box....}
Box has ID: 1130258687
--------------------------------------------------
separating paper......
process carried out at separation unit ID: 1367612102
{ recyclable of type P dropped into box....}
Box has ID: 1130258687
--------------------------------------------------
separating paper......
process carried out at separation unit ID: 1367612102
{ recyclable of type P dropped into box....}
Box has ID: 1130258687
--------------------------------------------------
separating paper......
process carried out at separation unit ID: 1367612102
{ recyclable of type P dropped into box....}
Box has ID: 1130258687
--------------------------------------------------
separating paper......
process carried out at separation unit ID: 1367612102
{ recyclable of type P dropped into box....}
Box has ID: 1130258687
--------------------------------------------------
separating paper......
process carried out at separation unit ID: 1367612102
{ recyclable of type P dropped into box....}
Box has ID: 1130258687
--------------------------------------------------
separating paper......
process carried out at separation unit ID: 1367612102
{ recyclable of type P dropped into box....}
Box has ID: 1130258687
--------------------------------------------------
separating paper......
process carried out at separation unit ID: 1367612102
{ recyclable of type P dropped into box....}
Box has ID: 1130258687
--------------------------------------------------
separating paper......
process carried out at separation unit ID: 1367612102
{ recyclable of type P dropped into box....}
Box has ID: 1130258687
--------------------------------------------------
separating paper......
process carried out at separation unit ID: 1367612102
{ recyclable of type P dropped into box....}
Box has ID: 1130258687
--------------------------------------------------
separating paper......
process carried out at separation unit ID: 1367612102
{ recyclable of type P dropped into box....}
Box has ID: 1130258687
--------------------------------------------------
separating paper......
process carried out at separation unit ID: 1367612102
{ recyclable of type P dropped into box....}
Box has ID: 1130258687
--------------------------------------------------
separating paper......
process carried out at separation unit ID: 1367612102
{ recyclable of type P dropped into box....}
Box has ID: 1130258687
--------------------------------------------------
separating paper......
process carried out at separation unit ID: 1367612102
{ recyclable of type P dropped into box....}
Box has ID: 1130258687
--------------------------------------------------
separating paper......
process carried out at separation unit ID: 1367612102
{ recyclable of type P dropped into box....}
Box has ID: 1130258687
--------------------------------------------------
separating paper......
process carried out at separation unit ID: 1367612102
{ recyclable of type P dropped into box....}
Box has ID: 1130258687
--------------------------------------------------
separating paper......
process carried out at separation unit ID: 1367612102
{ recyclable of type P dropped into box....}
Box has ID: 1130258687
--------------------------------------------------
separating paper......
process carried out at separation unit ID: 1367612102
{ recyclable of type P dropped into box....}
Box has ID: 1130258687
--------------------------------------------------
separating paper......
process carried out at separation unit ID: 1367612102
{ recyclable of type P dropped into box....}
Box has ID: 1130258687
--------------------------------------------------
separating paper......
process carried out at separation unit ID: 1367612102
{ recyclable of type P dropped into box....}
Box has ID: 1130258687
--------------------------------------------------
separating paper......
process carried out at separation unit ID: 1367612102
{ recyclable of type P dropped into box....}
Box has ID: 1130258687
--------------------------------------------------
separating paper......
process carried out at separation unit ID: 1367612102
{ recyclable of type P dropped into box....}
Box has ID: 1130258687
--------------------------------------------------
separating paper......
process carried out at separation unit ID: 1367612102
{ recyclable of type P dropped into box....}
Box has ID: 1130258687
--------------------------------------------------
separating paper......
process carried out at separation unit ID: 1367612102
{ recyclable of type P dropped into box....}
Box has ID: 1130258687
--------------------------------------------------
separating paper......
process carried out at separation unit ID: 1367612102
{ recyclable of type P dropped into box....}
Box has ID: 1130258687
--------------------------------------------------
separating paper......
process carried out at separation unit ID: 1367612102
{ recyclable of type P dropped into box....}
Box has ID: 1130258687
--------------------------------------------------
separating paper......
process carried out at separation unit ID: 1367612102
{ recyclable of type P dropped into box....}
Box has ID: 1130258687
--------------------------------------------------
separating paper......
process carried out at separation unit ID: 1367612102
{ recyclable of type P dropped into box....}
Box has ID: 1130258687
--------------------------------------------------
separating paper......
process carried out at separation unit ID: 1367612102
{ recyclable of type P dropped into box....}
Box has ID: 1130258687
--------------------------------------------------
separating paper......
process carried out at separation unit ID: 1367612102
{ recyclable of type P dropped into box....}
Box has ID: 1130258687
--------------------------------------------------
separating paper......
process carried out at separation unit ID: 1367612102
{ recyclable of type P dropped into box....}
Box has ID: 1130258687
--------------------------------------------------
separating paper......
process carried out at separation unit ID: 1367612102
{ recyclable of type P dropped into box....}
Box has ID: 1130258687
--------------------------------------------------
separating paper......
process carried out at separation unit ID: 1367612102
{ recyclable of type P dropped into box....}
Box has ID: 1130258687
--------------------------------------------------
separating paper......
process carried out at separation unit ID: 1367612102
{ recyclable of type P dropped into box....}
Box has ID: 1130258687
--------------------------------------------------
separating paper......
process carried out at separation unit ID: 1367612102
{ recyclable of type P dropped into box....}
Box has ID: 1130258687
--------------------------------------------------
separating paper......
process carried out at separation unit ID: 1367612102
{ recyclable of type P dropped into box....}
Box has ID: 1130258687
--------------------------------------------------
separating paper......
process carried out at separation unit ID: 1367612102
{ recyclable of type P dropped into box....}
Box has ID: 1130258687
--------------------------------------------------
separating paper......
process carried out at separation unit ID: 1367612102
{ recyclable of type P dropped into box....}
Box has ID: 1130258687
--------------------------------------------------
separating paper......
process carried out at separation unit ID: 1367612102
{ recyclable of type P dropped into box....}
Box has ID: 1130258687
--------------------------------------------------
separating paper......
process carried out at separation unit ID: 1367612102
{ recyclable of type P dropped into box....}
Box has ID: 1130258687
--------------------------------------------------
separating paper......
process carried out at separation unit ID: 1367612102
{ recyclable of type P dropped into box....}
Box has ID: 1130258687
--------------------------------------------------
separating paper......
process carried out at separation unit ID: 1367612102
{ recyclable of type P dropped into box....}
Box has ID: 1130258687
--------------------------------------------------
separating paper......
process carried out at separation unit ID: 1367612102
{ recyclable of type P dropped into box....}
Box has ID: 1130258687
--------------------------------------------------
separating paper......
process carried out at separation unit ID: 1367612102
{ recyclable of type P dropped into box....}
Box has ID: 1130258687
--------------------------------------------------
separating paper......
process carried out at separation unit ID: 1367612102
{ recyclable of type P dropped into box....}
Box has ID: 1130258687
--------------------------------------------------
separating paper......
process carried out at separation unit ID: 1367612102
{ recyclable of type P dropped into box....}
Box has ID: 1130258687
--------------------------------------------------
separating paper......
process carried out at separation unit ID: 1367612102
{ recyclable of type P dropped into box....}
Box has ID: 1130258687
--------------------------------------------------
separating paper......
process carried out at separation unit ID: 1367612102
{ recyclable of type P dropped into box....}
Box has ID: 1130258687
--------------------------------------------------
separating paper......
process carried out at separation unit ID: 1367612102
{ recyclable of type P dropped into box....}
Box has ID: 1130258687
--------------------------------------------------
separating paper......
process carried out at separation unit ID: 1367612102
{ recyclable of type P dropped into box....}
Box has ID: 1130258687
--------------------------------------------------
separating paper......
process carried out at separation unit ID: 1367612102
{ recyclable of type P dropped into box....}
Box has ID: 1130258687
--------------------------------------------------
separating paper......
process carried out at separation unit ID: 1367612102
{ recyclable of type P dropped into box....}
Box has ID: 1130258687
--------------------------------------------------
separating paper......
process carried out at separation unit ID: 1367612102
{ recyclable of type P dropped into box....}
Box has ID: 1130258687
--------------------------------------------------
separating paper......
process carried out at separation unit ID: 1367612102
{ recyclable of type P dropped into box....}
Box has ID: 1130258687
--------------------------------------------------
separating paper......
process carried out at separation unit ID: 1367612102
{ recyclable of type P dropped into box....}
Box has ID: 1130258687
--------------------------------------------------
separating paper......
process carried out at separation unit ID: 1367612102
{ recyclable of type P dropped into box....}
Box has ID: 1130258687
--------------------------------------------------
separating paper......
process carried out at separation unit ID: 1367612102
{ recyclable of type P dropped into box....}
Box has ID: 1130258687
--------------------------------------------------
separating paper......
process carried out at separation unit ID: 1367612102
{ recyclable of type P dropped into box....}
Box has ID: 1130258687
--------------------------------------------------
separating paper......
process carried out at separation unit ID: 1367612102
{ recyclable of type P dropped into box....}
Box has ID: 1130258687
--------------------------------------------------
separating paper......
process carried out at separation unit ID: 1367612102
{ recyclable of type P dropped into box....}
Box has ID: 1130258687
--------------------------------------------------
separating paper......
process carried out at separation unit ID: 1367612102
{ recyclable of type P dropped into box....}
Box has ID: 1130258687
--------------------------------------------------
separating paper......
process carried out at separation unit ID: 1367612102
{ recyclable of type P dropped into box....}
Box has ID: 1130258687
--------------------------------------------------
separating paper......
process carried out at separation unit ID: 1367612102
{ recyclable of type P dropped into box....}
Box has ID: 1130258687
--------------------------------------------------
separating paper......
process carried out at separation unit ID: 1367612102
{ recyclable of type P dropped into box....}
Box has ID: 1130258687
--------------------------------------------------
separating paper......
process carried out at separation unit ID: 1367612102
{ recyclable of type P dropped into box....}
Box has ID: 1130258687
--------------------------------------------------
separating paper......
process carried out at separation unit ID: 1367612102
{ recyclable of type P dropped into box....}
Box has ID: 1130258687
--------------------------------------------------
separating paper......
process carried out at separation unit ID: 1367612102
{ recyclable of type P dropped into box....}
Box has ID: 1130258687
--------------------------------------------------
separating paper......
process carried out at separation unit ID: 1367612102
{ recyclable of type P dropped into box....}
Box has ID: 1130258687
--------------------------------------------------
separating paper......
process carried out at separation unit ID: 1367612102
{ recyclable of type P dropped into box....}
Box has ID: 1130258687
--------------------------------------------------
separating paper......
process carried out at separation unit ID: 1367612102
{ recyclable of type P dropped into box....}
Box has ID: 1130258687
--------------------------------------------------
separating paper......
process carried out at separation unit ID: 1367612102
{ recyclable of type P dropped into box....}
Box has ID: 1130258687
--------------------------------------------------
separating paper......
process carried out at separation unit ID: 1367612102
{ recyclable of type P dropped into box....}
Box has ID: 1130258687
--------------------------------------------------
separating paper......
process carried out at separation unit ID: 1367612102
{ recyclable of type P dropped into box....}
Box has ID: 1130258687
--------------------------------------------------
separating paper......
process carried out at separation unit ID: 1367612102
{ recyclable of type P dropped into box....}
Box has ID: 1130258687
--------------------------------------------------
separating paper......
process carried out at separation unit ID: 1367612102
{ recyclable of type P dropped into box....}
Box has ID: 1130258687
--------------------------------------------------
separating paper......
process carried out at separation unit ID: 1367612102
{ recyclable of type P dropped into box....}
Box has ID: 1130258687
--------------------------------------------------
separating paper......
process carried out at separation unit ID: 1367612102
{ recyclable of type P dropped into box....}
Box has ID: 1130258687
--------------------------------------------------
separating paper......
process carried out at separation unit ID: 1367612102
{ recyclable of type P dropped into box....}
Box has ID: 1130258687
--------------------------------------------------
separating paper......
process carried out at separation unit ID: 1367612102
{ recyclable of type P dropped into box....}
Box has ID: 1130258687
--------------------------------------------------
separating paper......
process carried out at separation unit ID: 1367612102
{ recyclable of type P dropped into box....}
Box has ID: 1130258687
--------------------------------------------------
separating paper......
process carried out at separation unit ID: 1367612102
{ recyclable of type P dropped into box....}
Box has ID: 1130258687
--------------------------------------------------
separating paper......
process carried out at separation unit ID: 1367612102
{ recyclable of type P dropped into box....}
Box has ID: 1130258687
--------------------------------------------------
separating paper......
process carried out at separation unit ID: 1367612102
{ recyclable of type P dropped into box....}
Box has ID: 1130258687
--------------------------------------------------
separating paper......
process carried out at separation unit ID: 1367612102
{ recyclable of type P dropped into box....}
Box has ID: 1130258687
--------------------------------------------------
separating paper......
process carried out at separation unit ID: 1367612102
{ recyclable of type P dropped into box....}
Box has ID: 1130258687
--------------------------------------------------
separating paper......
process carried out at separation unit ID: 1367612102
{ recyclable of type P dropped into box....}
Box has ID: 1130258687
--------------------------------------------------
separating paper......
process carried out at separation unit ID: 1367612102
{ recyclable of type P dropped into box....}
Box has ID: 1130258687
--------------------------------------------------
separating paper......
process carried out at separation unit ID: 1367612102
{ recyclable of type P dropped into box....}
Box has ID: 1130258687
--------------------------------------------------
separating paper......
process carried out at separation unit ID: 1367612102
{ recyclable of type P dropped into box....}
Box has ID: 1130258687
--------------------------------------------------
separating paper......
process carried out at separation unit ID: 1367612102
{ recyclable of type P dropped into box....}
Box has ID: 1130258687
--------------------------------------------------
separating paper......
process carried out at separation unit ID: 1367612102
{ recyclable of type P dropped into box....}
Box has ID: 1130258687
--------------------------------------------------
separating paper......
process carried out at separation unit ID: 1367612102
{ recyclable of type P dropped into box....}
Box has ID: 1130258687
--------------------------------------------------
separating paper......
process carried out at separation unit ID: 1367612102
{ recyclable of type P dropped into box....}
Box has ID: 1130258687
--------------------------------------------------
separating paper......
process carried out at separation unit ID: 1367612102
{ recyclable of type P dropped into box....}
Box has ID: 1130258687
--------------------------------------------------
separating paper......
process carried out at separation unit ID: 1367612102
{ recyclable of type P dropped into box....}
Box has ID: 1130258687
--------------------------------------------------
separating paper......
process carried out at separation unit ID: 1367612102
{ recyclable of type P dropped into box....}
Box has ID: 1130258687
--------------------------------------------------
separating paper......
process carried out at separation unit ID: 1367612102
{ recyclable of type P dropped into box....}
Box has ID: 1130258687
--------------------------------------------------
separating paper......
process carried out at separation unit ID: 1367612102
{ recyclable of type P dropped into box....}
Box has ID: 1130258687
--------------------------------------------------
separating paper......
process carried out at separation unit ID: 1367612102
{ recyclable of type P dropped into box....}
Box has ID: 1130258687
--------------------------------------------------
separating paper......
process carried out at separation unit ID: 1367612102
{ recyclable of type P dropped into box....}
Box has ID: 1130258687
--------------------------------------------------
separating paper......
process carried out at separation unit ID: 1367612102
{ recyclable of type P dropped into box....}
Box has ID: 1130258687
--------------------------------------------------
separating paper......
process carried out at separation unit ID: 1367612102
{ recyclable of type P dropped into box....}
Box has ID: 1130258687
--------------------------------------------------
separating paper......
process carried out at separation unit ID: 1367612102
{ recyclable of type P dropped into box....}
Box has ID: 1130258687
--------------------------------------------------
separating paper......
process carried out at separation unit ID: 1367612102
{ recyclable of type P dropped into box....}
Box has ID: 1130258687
--------------------------------------------------
separating paper......
process carried out at separation unit ID: 1367612102
{ recyclable of type P dropped into box....}
Box has ID: 1130258687
--------------------------------------------------
separating paper......
process carried out at separation unit ID: 1367612102
{ recyclable of type P dropped into box....}
Box has ID: 1130258687
--------------------------------------------------
separating paper......
process carried out at separation unit ID: 1367612102
{ recyclable of type P dropped into box....}
Box has ID: 1130258687
--------------------------------------------------
separating paper......
process carried out at separation unit ID: 1367612102
{ recyclable of type P dropped into box....}
Box has ID: 1130258687
--------------------------------------------------
separating paper......
process carried out at separation unit ID: 1367612102
{ recyclable of type P dropped into box....}
Box has ID: 1130258687
--------------------------------------------------
separating paper......
process carried out at separation unit ID: 1367612102
{ recyclable of type P dropped into box....}
Box has ID: 1130258687
--------------------------------------------------
separating paper......
process carried out at separation unit ID: 1367612102
{ recyclable of type P dropped into box....}
Box has ID: 1130258687
--------------------------------------------------
separating paper......
process carried out at separation unit ID: 1367612102
{ recyclable of type P dropped into box....}
Box has ID: 1130258687
--------------------------------------------------
separating paper......
process carried out at separation unit ID: 1367612102
{ recyclable of type P dropped into box....}
Box has ID: 1130258687
--------------------------------------------------
separating paper......
process carried out at separation unit ID: 1367612102
{ recyclable of type P dropped into box....}
Box has ID: 1130258687
--------------------------------------------------
separating paper......
process carried out at separation unit ID: 1367612102
{ recyclable of type P dropped into box....}
Box has ID: 1130258687
--------------------------------------------------
separating paper......
process carried out at separation unit ID: 1367612102
{ recyclable of type P dropped into box....}
Box has ID: 1130258687
--------------------------------------------------
separating paper......
process carried out at separation unit ID: 1367612102
{ recyclable of type P dropped into box....}
Box has ID: 1130258687
--------------------------------------------------
separating paper......
process carried out at separation unit ID: 1367612102
{ recyclable of type P dropped into box....}
Box has ID: 1130258687
--------------------------------------------------
separating paper......
process carried out at separation unit ID: 1367612102
{ recyclable of type P dropped into box....}
Box has ID: 1130258687
--------------------------------------------------
separating paper......
process carried out at separation unit ID: 1367612102
{ recyclable of type P dropped into box....}
Box has ID: 1130258687
--------------------------------------------------
separating paper......
process carried out at separation unit ID: 1367612102
{ recyclable of type P dropped into box....}
Box has ID: 1130258687
--------------------------------------------------
separating paper......
process carried out at separation unit ID: 1367612102
{ recyclable of type P dropped into box....}
Box has ID: 1130258687
--------------------------------------------------
separating paper......
process carried out at separation unit ID: 1367612102
{ recyclable of type P dropped into box....}
Box has ID: 1130258687
--------------------------------------------------
separating paper......
process carried out at separation unit ID: 1367612102
{ recyclable of type P dropped into box....}
Box has ID: 1130258687
--------------------------------------------------
separating paper......
process carried out at separation unit ID: 1367612102
{ recyclable of type P dropped into box....}
Box has ID: 1130258687
--------------------------------------------------
separating paper......
process carried out at separation unit ID: 1367612102
{ recyclable of type P dropped into box....}
Box has ID: 1130258687
--------------------------------------------------
separating paper......
process carried out at separation unit ID: 1367612102
{ recyclable of type P dropped into box....}
Box has ID: 1130258687
--------------------------------------------------
separating paper......
process carried out at separation unit ID: 1367612102
{ recyclable of type P dropped into box....}
Box has ID: 1130258687
--------------------------------------------------
separating paper......
process carried out at separation unit ID: 1367612102
{ recyclable of type P dropped into box....}
Box has ID: 1130258687
--------------------------------------------------
separating paper......
process carried out at separation unit ID: 1367612102
{ recyclable of type P dropped into box....}
Box has ID: 1130258687
--------------------------------------------------
separating paper......
process carried out at separation unit ID: 1367612102
{ recyclable of type P dropped into box....}
Box has ID: 1130258687
--------------------------------------------------
separating paper......
process carried out at separation unit ID: 1367612102
{ recyclable of type P dropped into box....}
Box has ID: 1130258687
--------------------------------------------------
separating paper......
process carried out at separation unit ID: 1367612102
{ recyclable of type P dropped into box....}
Box has ID: 1130258687
--------------------------------------------------
separating paper......
process carried out at separation unit ID: 1367612102
{ recyclable of type P dropped into box....}
Box has ID: 1130258687
--------------------------------------------------
separating paper......
process carried out at separation unit ID: 1367612102
{ recyclable of type P dropped into box....}
Box has ID: 1130258687
--------------------------------------------------
separating paper......
process carried out at separation unit ID: 1367612102
{ recyclable of type P dropped into box....}
Box has ID: 1130258687
--------------------------------------------------
separating paper......
process carried out at separation unit ID: 1367612102
{ recyclable of type P dropped into box....}
Box has ID: 1130258687
--------------------------------------------------
separating paper......
process carried out at separation unit ID: 1367612102
{ recyclable of type P dropped into box....}
Box has ID: 1130258687
--------------------------------------------------
separating paper......
process carried out at separation unit ID: 1367612102
{ recyclable of type P dropped into box....}
Box has ID: 1130258687
--------------------------------------------------
separating paper......
process carried out at separation unit ID: 1367612102
{ recyclable of type P dropped into box....}
Box has ID: 1130258687
--------------------------------------------------
separating paper......
process carried out at separation unit ID: 1367612102
{ recyclable of type P dropped into box....}
Box has ID: 1130258687
--------------------------------------------------
separating paper......
process carried out at separation unit ID: 1367612102
{ recyclable of type P dropped into box....}
Box has ID: 1130258687
--------------------------------------------------
separating paper......
process carried out at separation unit ID: 1367612102
{ recyclable of type P dropped into box....}
Box has ID: 1130258687
--------------------------------------------------
separating paper......
process carried out at separation unit ID: 1367612102
{ recyclable of type P dropped into box....}
Box has ID: 1130258687
--------------------------------------------------
separating paper......
process carried out at separation unit ID: 1367612102
{ recyclable of type P dropped into box....}
Box has ID: 1130258687
--------------------------------------------------
separating paper......
process carried out at separation unit ID: 1367612102
{ recyclable of type P dropped into box....}
Box has ID: 1130258687
--------------------------------------------------
separating paper......
process carried out at separation unit ID: 1367612102
{ recyclable of type P dropped into box....}
Box has ID: 1130258687
--------------------------------------------------
separating paper......
process carried out at separation unit ID: 1367612102
{ recyclable of type P dropped into box....}
Box has ID: 1130258687
--------------------------------------------------
separating paper......
process carried out at separation unit ID: 1367612102
{ recyclable of type P dropped into box....}
Box has ID: 1130258687
--------------------------------------------------
separating paper......
process carried out at separation unit ID: 1367612102
{ recyclable of type P dropped into box....}
Box has ID: 1130258687
--------------------------------------------------
separating paper......
process carried out at separation unit ID: 1367612102
{ recyclable of type P dropped into box....}
Box has ID: 1130258687
--------------------------------------------------
separating paper......
process carried out at separation unit ID: 1367612102
{ recyclable of type P dropped into box....}
Box has ID: 1130258687
--------------------------------------------------
separating paper......
process carried out at separation unit ID: 1367612102
{ recyclable of type P dropped into box....}
Box has ID: 1130258687
--------------------------------------------------
separating paper......
process carried out at separation unit ID: 1367612102
{ recyclable of type P dropped into box....}
Box has ID: 1130258687
--------------------------------------------------
separating paper......
process carried out at separation unit ID: 1367612102
{ recyclable of type P dropped into box....}
Box has ID: 1130258687
--------------------------------------------------
separating paper......
process carried out at separation unit ID: 1367612102
{ recyclable of type P dropped into box....}
Box has ID: 1130258687
--------------------------------------------------
separating paper......
process carried out at separation unit ID: 1367612102
{ recyclable of type P dropped into box....}
Box has ID: 1130258687
--------------------------------------------------
separating paper......
process carried out at separation unit ID: 1367612102
{ recyclable of type P dropped into box....}
Box has ID: 1130258687
--------------------------------------------------
separating paper......
process carried out at separation unit ID: 1367612102
{ recyclable of type P dropped into box....}
Box has ID: 1130258687
--------------------------------------------------
separating paper......
process carried out at separation unit ID: 1367612102
{ recyclable of type P dropped into box....}
Box has ID: 1130258687
--------------------------------------------------
separating paper......
process carried out at separation unit ID: 1367612102
{ recyclable of type P dropped into box....}
Box has ID: 1130258687
--------------------------------------------------
separating paper......
process carried out at separation unit ID: 1367612102
{ recyclable of type P dropped into box....}
Box has ID: 1130258687
--------------------------------------------------
separating paper......
process carried out at separation unit ID: 1367612102
{ recyclable of type P dropped into box....}
Box has ID: 1130258687
--------------------------------------------------
separating paper......
process carried out at separation unit ID: 1367612102
{ recyclable of type P dropped into box....}
Box has ID: 1130258687
--------------------------------------------------
separating paper......
process carried out at separation unit ID: 1367612102
{ recyclable of type P dropped into box....}
Box has ID: 1130258687
--------------------------------------------------
separating paper......
process carried out at separation unit ID: 1367612102
{ recyclable of type P dropped into box....}
Box has ID: 1130258687
--------------------------------------------------
separating paper......
process carried out at separation unit ID: 1367612102
{ recyclable of type P dropped into box....}
Box has ID: 1130258687
--------------------------------------------------
separating paper......
process carried out at separation unit ID: 1367612102
{ recyclable of type P dropped into box....}
Box has ID: 1130258687
--------------------------------------------------
separating paper......
process carried out at separation unit ID: 1367612102
{ recyclable of type P dropped into box....}
Box has ID: 1130258687
--------------------------------------------------
separating paper......
process carried out at separation unit ID: 1367612102
{ recyclable of type P dropped into box....}
Box has ID: 1130258687
--------------------------------------------------
separating paper......
process carried out at separation unit ID: 1367612102
{ recyclable of type P dropped into box....}
Box has ID: 1130258687
--------------------------------------------------
separating paper......
process carried out at separation unit ID: 1367612102
{ recyclable of type P dropped into box....}
Box has ID: 1130258687
--------------------------------------------------
separating paper......
process carried out at separation unit ID: 1367612102
{ recyclable of type P dropped into box....}
Box has ID: 1130258687
--------------------------------------------------
separating paper......
process carried out at separation unit ID: 1367612102
{ recyclable of type P dropped into box....}
Box has ID: 1130258687
--------------------------------------------------
separating paper......
process carried out at separation unit ID: 1367612102
{ recyclable of type P dropped into box....}
Box has ID: 1130258687
--------------------------------------------------
separating paper......
process carried out at separation unit ID: 1367612102
{ recyclable of type P dropped into box....}
Box has ID: 1130258687
--------------------------------------------------
separating paper......
process carried out at separation unit ID: 1367612102
{ recyclable of type P dropped into box....}
Box has ID: 1130258687
--------------------------------------------------
separating paper......
process carried out at separation unit ID: 1367612102
{ recyclable of type P dropped into box....}
Box has ID: 1130258687
--------------------------------------------------
separating paper......
process carried out at separation unit ID: 1367612102
{ recyclable of type P dropped into box....}
Box has ID: 1130258687
--------------------------------------------------
separating paper......
process carried out at separation unit ID: 1367612102
{ recyclable of type P dropped into box....}
Box has ID: 1130258687
--------------------------------------------------
separating paper......
process carried out at separation unit ID: 1367612102
{ recyclable of type P dropped into box....}
Box has ID: 1130258687
--------------------------------------------------
separating paper......
process carried out at separation unit ID: 1367612102
{ recyclable of type P dropped into box....}
Box has ID: 1130258687
--------------------------------------------------
separating paper......
process carried out at separation unit ID: 1367612102
{ recyclable of type P dropped into box....}
Box has ID: 1130258687
--------------------------------------------------
separating paper......
process carried out at separation unit ID: 1367612102
{ recyclable of type P dropped into box....}
Box has ID: 1130258687
--------------------------------------------------
separating paper......
process carried out at separation unit ID: 1367612102
{ recyclable of type P dropped into box....}
Box has ID: 1130258687
--------------------------------------------------
separating paper......
process carried out at separation unit ID: 1367612102
{ recyclable of type P dropped into box....}
Box has ID: 1130258687
--------------------------------------------------
separating paper......
process carried out at separation unit ID: 1367612102
{ recyclable of type P dropped into box....}
Box has ID: 1130258687
--------------------------------------------------
separating paper......
process carried out at separation unit ID: 1367612102
{ recyclable of type P dropped into box....}
Box has ID: 1130258687
--------------------------------------------------
separating paper......
process carried out at separation unit ID: 1367612102
{ recyclable of type P dropped into box....}
Box has ID: 1130258687
--------------------------------------------------
separating paper......
process carried out at separation unit ID: 1367612102
{ recyclable of type P dropped into box....}
Box has ID: 1130258687
--------------------------------------------------
separating paper......
process carried out at separation unit ID: 1367612102
{ recyclable of type P dropped into box....}
Box has ID: 1130258687
--------------------------------------------------
separating paper......
process carried out at separation unit ID: 1367612102
{ recyclable of type P dropped into box....}
Box has ID: 1130258687
--------------------------------------------------
separating paper......
process carried out at separation unit ID: 1367612102
{ recyclable of type P dropped into box....}
Box has ID: 1130258687
--------------------------------------------------
separating paper......
process carried out at separation unit ID: 1367612102
{ recyclable of type P dropped into box....}
Box has ID: 1130258687
--------------------------------------------------
separating paper......
process carried out at separation unit ID: 1367612102
{ recyclable of type P dropped into box....}
Box has ID: 1130258687
--------------------------------------------------
separating paper......
process carried out at separation unit ID: 1367612102
{ recyclable of type P dropped into box....}
Box has ID: 1130258687
--------------------------------------------------
separating paper......
process carried out at separation unit ID: 1367612102
{ recyclable of type P dropped into box....}
Box has ID: 1130258687
--------------------------------------------------
separating paper......
process carried out at separation unit ID: 1367612102
{ recyclable of type P dropped into box....}
Box has ID: 1130258687
--------------------------------------------------
separating paper......
process carried out at separation unit ID: 1367612102
{ recyclable of type P dropped into box....}
Box has ID: 1130258687
--------------------------------------------------
separating paper......
process carried out at separation unit ID: 1367612102
{ recyclable of type P dropped into box....}
Box has ID: 1130258687
--------------------------------------------------
separating paper......
process carried out at separation unit ID: 1367612102
{ recyclable of type P dropped into box....}
Box has ID: 1130258687
--------------------------------------------------
separating paper......
process carried out at separation unit ID: 1367612102
{ recyclable of type P dropped into box....}
Box has ID: 1130258687
--------------------------------------------------
separating paper......
process carried out at separation unit ID: 1367612102
{ recyclable of type P dropped into box....}
Box has ID: 1130258687
--------------------------------------------------
separating paper......
process carried out at separation unit ID: 1367612102
{ recyclable of type P dropped into box....}
Box has ID: 1130258687
--------------------------------------------------
separating paper......
process carried out at separation unit ID: 1367612102
{ recyclable of type P dropped into box....}
Box has ID: 1130258687
--------------------------------------------------
separating paper......
process carried out at separation unit ID: 1367612102
{ recyclable of type P dropped into box....}
Box has ID: 1130258687
--------------------------------------------------
separating paper......
process carried out at separation unit ID: 1367612102
{ recyclable of type P dropped into box....}
Box has ID: 1130258687
--------------------------------------------------
separating paper......
process carried out at separation unit ID: 1367612102
{ recyclable of type P dropped into box....}
Box has ID: 1130258687
--------------------------------------------------
separating paper......
process carried out at separation unit ID: 1367612102
{ recyclable of type P dropped into box....}
Box has ID: 1130258687
--------------------------------------------------
separating paper......
process carried out at separation unit ID: 1367612102
{ recyclable of type P dropped into box....}
Box has ID: 1130258687
--------------------------------------------------
separating paper......
process carried out at separation unit ID: 1367612102
{ recyclable of type P dropped into box....}
Box has ID: 1130258687
--------------------------------------------------
separating paper......
process carried out at separation unit ID: 1367612102
{ recyclable of type P dropped into box....}
Box has ID: 1130258687
--------------------------------------------------
separating paper......
process carried out at separation unit ID: 1367612102
{ recyclable of type P dropped into box....}
Box has ID: 1130258687
--------------------------------------------------
separating paper......
process carried out at separation unit ID: 1367612102
{ recyclable of type P dropped into box....}
Box has ID: 1130258687
--------------------------------------------------
separating paper......
process carried out at separation unit ID: 1367612102
{ recyclable of type P dropped into box....}
Box has ID: 1130258687
--------------------------------------------------
separating paper......
process carried out at separation unit ID: 1367612102
{ recyclable of type P dropped into box....}
Box has ID: 1130258687
--------------------------------------------------
separating paper......
process carried out at separation unit ID: 1367612102
{ recyclable of type P dropped into box....}
Box has ID: 1130258687
--------------------------------------------------
separating paper......
process carried out at separation unit ID: 1367612102
{ recyclable of type P dropped into box....}
Box has ID: 1130258687
--------------------------------------------------
separating paper......
process carried out at separation unit ID: 1367612102
{ recyclable of type P dropped into box....}
Box has ID: 1130258687
--------------------------------------------------
separating paper......
process carried out at separation unit ID: 1367612102
{ recyclable of type P dropped into box....}
Box has ID: 1130258687
--------------------------------------------------
separating paper......
process carried out at separation unit ID: 1367612102
{ recyclable of type P dropped into box....}
Box has ID: 1130258687
--------------------------------------------------
separating paper......
process carried out at separation unit ID: 1367612102
{ recyclable of type P dropped into box....}
Box has ID: 1130258687
--------------------------------------------------
separating paper......
process carried out at separation unit ID: 1367612102
{ recyclable of type P dropped into box....}
Box has ID: 1130258687
--------------------------------------------------
separating paper......
process carried out at separation unit ID: 1367612102
{ recyclable of type P dropped into box....}
Box has ID: 1130258687
--------------------------------------------------
separating paper......
process carried out at separation unit ID: 1367612102
{ recyclable of type P dropped into box....}
Box has ID: 1130258687
--------------------------------------------------
separating paper......
process carried out at separation unit ID: 1367612102
{ recyclable of type P dropped into box....}
Box has ID: 1130258687
--------------------------------------------------
separating paper......
process carried out at separation unit ID: 1367612102
{ recyclable of type P dropped into box....}
Box has ID: 1130258687
--------------------------------------------------
separating paper......
process carried out at separation unit ID: 1367612102
{ recyclable of type P dropped into box....}
Box has ID: 1130258687
--------------------------------------------------
separating paper......
process carried out at separation unit ID: 1367612102
{ recyclable of type P dropped into box....}
Box has ID: 1130258687
--------------------------------------------------
separating paper......
process carried out at separation unit ID: 1367612102
{ recyclable of type P dropped into box....}
Box has ID: 1130258687
--------------------------------------------------
separating paper......
process carried out at separation unit ID: 1367612102
{ recyclable of type P dropped into box....}
Box has ID: 1130258687
--------------------------------------------------
separating paper......
process carried out at separation unit ID: 1367612102
{ recyclable of type P dropped into box....}
Box has ID: 1130258687
--------------------------------------------------
separating paper......
process carried out at separation unit ID: 1367612102
{ recyclable of type P dropped into box....}
Box has ID: 1130258687
--------------------------------------------------
separating paper......
process carried out at separation unit ID: 1367612102
{ recyclable of type P dropped into box....}
Box has ID: 1130258687
--------------------------------------------------
separating paper......
process carried out at separation unit ID: 1367612102
{ recyclable of type P dropped into box....}
Box has ID: 1130258687
--------------------------------------------------
separating paper......
process carried out at separation unit ID: 1367612102
{ recyclable of type P dropped into box....}
Box has ID: 1130258687
--------------------------------------------------
separating paper......
process carried out at separation unit ID: 1367612102
{ recyclable of type P dropped into box....}
Box has ID: 1130258687
--------------------------------------------------
separating paper......
process carried out at separation unit ID: 1367612102
{ recyclable of type P dropped into box....}
Box has ID: 1130258687
--------------------------------------------------
separating paper......
process carried out at separation unit ID: 1367612102
{ recyclable of type P dropped into box....}
Box has ID: 1130258687
--------------------------------------------------
separating paper......
process carried out at separation unit ID: 1367612102
{ recyclable of type P dropped into box....}
Box has ID: 1130258687
--------------------------------------------------
separating paper......
process carried out at separation unit ID: 1367612102
{ recyclable of type P dropped into box....}
Box has ID: 1130258687
--------------------------------------------------
separating paper......
process carried out at separation unit ID: 1367612102
{ recyclable of type P dropped into box....}
Box has ID: 1130258687
--------------------------------------------------
separating paper......
process carried out at separation unit ID: 1367612102
{ recyclable of type P dropped into box....}
Box has ID: 1130258687
--------------------------------------------------
separating paper......
process carried out at separation unit ID: 1367612102
{ recyclable of type P dropped into box....}
Box has ID: 1130258687
--------------------------------------------------
separating paper......
process carried out at separation unit ID: 1367612102
{ recyclable of type P dropped into box....}
Box has ID: 1130258687
--------------------------------------------------
separating paper......
process carried out at separation unit ID: 1367612102
{ recyclable of type P dropped into box....}
Box has ID: 1130258687
--------------------------------------------------
separating paper......
process carried out at separation unit ID: 1367612102
{ recyclable of type P dropped into box....}
Box has ID: 1130258687
--------------------------------------------------
separating paper......
process carried out at separation unit ID: 1367612102
{ recyclable of type P dropped into box....}
Box has ID: 1130258687
--------------------------------------------------
separating paper......
process carried out at separation unit ID: 1367612102
{ recyclable of type P dropped into box....}
Box has ID: 1130258687
--------------------------------------------------
separating paper......
process carried out at separation unit ID: 1367612102
{ recyclable of type P dropped into box....}
Box has ID: 1130258687
--------------------------------------------------
separating paper......
process carried out at separation unit ID: 1367612102
{ recyclable of type P dropped into box....}
Box has ID: 1130258687
--------------------------------------------------
separating paper......
process carried out at separation unit ID: 1367612102
{ recyclable of type P dropped into box....}
Box has ID: 1130258687
--------------------------------------------------
separating paper......
process carried out at separation unit ID: 1367612102
{ recyclable of type P dropped into box....}
Box has ID: 1130258687
--------------------------------------------------
separating paper......
process carried out at separation unit ID: 1367612102
{ recyclable of type P dropped into box....}
Box has ID: 1130258687
--------------------------------------------------
separating paper......
process carried out at separation unit ID: 1367612102
{ recyclable of type P dropped into box....}
Box has ID: 1130258687
--------------------------------------------------
separating paper......
process carried out at separation unit ID: 1367612102
{ recyclable of type P dropped into box....}
Box has ID: 1130258687
--------------------------------------------------
separating paper......
process carried out at separation unit ID: 1367612102
{ recyclable of type P dropped into box....}
Box has ID: 1130258687
--------------------------------------------------
separating paper......
process carried out at separation unit ID: 1367612102
{ recyclable of type P dropped into box....}
Box has ID: 1130258687
--------------------------------------------------
separating paper......
process carried out at separation unit ID: 1367612102
{ recyclable of type P dropped into box....}
Box has ID: 1130258687
--------------------------------------------------
separating paper......
process carried out at separation unit ID: 1367612102
{ recyclable of type P dropped into box....}
Box has ID: 1130258687
--------------------------------------------------
separating paper......
process carried out at separation unit ID: 1367612102
{ recyclable of type P dropped into box....}
Box has ID: 1130258687
--------------------------------------------------
separating paper......
process carried out at separation unit ID: 1367612102
{ recyclable of type P dropped into box....}
Box has ID: 1130258687
--------------------------------------------------
separating paper......
process carried out at separation unit ID: 1367612102
{ recyclable of type P dropped into box....}
Box has ID: 1130258687
--------------------------------------------------
separating paper......
process carried out at separation unit ID: 1367612102
{ recyclable of type P dropped into box....}
Box has ID: 1130258687
--------------------------------------------------
separating paper......
process carried out at separation unit ID: 1367612102
{ recyclable of type P dropped into box....}
Box has ID: 1130258687
--------------------------------------------------
separating paper......
process carried out at separation unit ID: 1367612102
{ recyclable of type P dropped into box....}
Box has ID: 1130258687
--------------------------------------------------
separating paper......
process carried out at separation unit ID: 1367612102
{ recyclable of type P dropped into box....}
Box has ID: 1130258687
--------------------------------------------------
separating paper......
process carried out at separation unit ID: 1367612102
{ recyclable of type P dropped into box....}
Box has ID: 1130258687
--------------------------------------------------
separating paper......
process carried out at separation unit ID: 1367612102
{ recyclable of type P dropped into box....}
Box has ID: 1130258687
--------------------------------------------------
separating paper......
process carried out at separation unit ID: 1367612102
{ recyclable of type P dropped into box....}
Box has ID: 1130258687
--------------------------------------------------
separating paper......
process carried out at separation unit ID: 1367612102
{ recyclable of type P dropped into box....}
Box has ID: 1130258687
--------------------------------------------------
separating paper......
process carried out at separation unit ID: 1367612102
{ recyclable of type P dropped into box....}
Box has ID: 1130258687
--------------------------------------------------
separating paper......
process carried out at separation unit ID: 1367612102
{ recyclable of type P dropped into box....}
Box has ID: 1130258687
--------------------------------------------------
separating paper......
process carried out at separation unit ID: 1367612102
{ recyclable of type P dropped into box....}
Box has ID: 1130258687
--------------------------------------------------
separating paper......
process carried out at separation unit ID: 1367612102
{ recyclable of type P dropped into box....}
Box has ID: 1130258687
--------------------------------------------------
separating paper......
process carried out at separation unit ID: 1367612102
{ recyclable of type P dropped into box....}
Box has ID: 1130258687
--------------------------------------------------
separating paper......
process carried out at separation unit ID: 1367612102
{ recyclable of type P dropped into box....}
Box has ID: 1130258687
--------------------------------------------------
separating paper......
process carried out at separation unit ID: 1367612102
{ recyclable of type P dropped into box....}
Box has ID: 1130258687
--------------------------------------------------
separating paper......
process carried out at separation unit ID: 1367612102
{ recyclable of type P dropped into box....}
Box has ID: 1130258687
--------------------------------------------------
separating paper......
process carried out at separation unit ID: 1367612102
{ recyclable of type P dropped into box....}
Box has ID: 1130258687
--------------------------------------------------
separating paper......
process carried out at separation unit ID: 1367612102
{ recyclable of type P dropped into box....}
Box has ID: 1130258687
--------------------------------------------------
separating paper......
process carried out at separation unit ID: 1367612102
{ recyclable of type P dropped into box....}
Box has ID: 1130258687
--------------------------------------------------
separating paper......
process carried out at separation unit ID: 1367612102
{ recyclable of type P dropped into box....}
Box has ID: 1130258687
--------------------------------------------------
separating paper......
process carried out at separation unit ID: 1367612102
{ recyclable of type P dropped into box....}
Box has ID: 1130258687
--------------------------------------------------
separating paper......
process carried out at separation unit ID: 1367612102
{ recyclable of type P dropped into box....}
Box has ID: 1130258687
--------------------------------------------------
separating paper......
process carried out at separation unit ID: 1367612102
{ recyclable of type P dropped into box....}
Box has ID: 1130258687
--------------------------------------------------
separating paper......
process carried out at separation unit ID: 1367612102
{ recyclable of type P dropped into box....}
Box has ID: 1130258687
--------------------------------------------------
separating paper......
process carried out at separation unit ID: 1367612102
{ recyclable of type P dropped into box....}
Box has ID: 1130258687
--------------------------------------------------
separating paper......
process carried out at separation unit ID: 1367612102
{ recyclable of type P dropped into box....}
Box has ID: 1130258687
--------------------------------------------------
separating paper......
process carried out at separation unit ID: 1367612102
{ recyclable of type P dropped into box....}
Box has ID: 1130258687
--------------------------------------------------
separating paper......
process carried out at separation unit ID: 1367612102
{ recyclable of type P dropped into box....}
Box has ID: 1130258687
--------------------------------------------------
separating paper......
process carried out at separation unit ID: 1367612102
{ recyclable of type P dropped into box....}
Box has ID: 1130258687
--------------------------------------------------
separating paper......
process carried out at separation unit ID: 1367612102
{ recyclable of type P dropped into box....}
Box has ID: 1130258687
--------------------------------------------------
separating paper......
process carried out at separation unit ID: 1367612102
{ recyclable of type P dropped into box....}
Box has ID: 1130258687
--------------------------------------------------
separating paper......
process carried out at separation unit ID: 1367612102
{ recyclable of type P dropped into box....}
Box has ID: 1130258687
--------------------------------------------------
separating paper......
process carried out at separation unit ID: 1367612102
{ recyclable of type P dropped into box....}
Box has ID: 1130258687
--------------------------------------------------
separating paper......
process carried out at separation unit ID: 1367612102
{ recyclable of type P dropped into box....}
Box has ID: 1130258687
--------------------------------------------------
separating paper......
process carried out at separation unit ID: 1367612102
{ recyclable of type P dropped into box....}
Box has ID: 1130258687
--------------------------------------------------
separating paper......
process carried out at separation unit ID: 1367612102
{ recyclable of type P dropped into box....}
Box has ID: 1130258687
--------------------------------------------------
separating paper......
process carried out at separation unit ID: 1367612102
{ recyclable of type P dropped into box....}
Box has ID: 1130258687
--------------------------------------------------
separating paper......
process carried out at separation unit ID: 1367612102
{ recyclable of type P dropped into box....}
Box has ID: 1130258687
--------------------------------------------------
separating paper......
process carried out at separation unit ID: 1367612102
{ recyclable of type P dropped into box....}
Box has ID: 1130258687
--------------------------------------------------
separating paper......
process carried out at separation unit ID: 1367612102
{ recyclable of type P dropped into box....}
Box has ID: 1130258687
--------------------------------------------------
separating paper......
process carried out at separation unit ID: 1367612102
{ recyclable of type P dropped into box....}
Box has ID: 1130258687
--------------------------------------------------
separating paper......
process carried out at separation unit ID: 1367612102
{ recyclable of type P dropped into box....}
Box has ID: 1130258687
--------------------------------------------------
separating paper......
process carried out at separation unit ID: 1367612102
{ recyclable of type P dropped into box....}
Box has ID: 1130258687
--------------------------------------------------
separating paper......
process carried out at separation unit ID: 1367612102
{ recyclable of type P dropped into box....}
Box has ID: 1130258687
--------------------------------------------------
separating paper......
process carried out at separation unit ID: 1367612102
{ recyclable of type P dropped into box....}
Box has ID: 1130258687
--------------------------------------------------
separating paper......
process carried out at separation unit ID: 1367612102
{ recyclable of type P dropped into box....}
Box has ID: 1130258687
--------------------------------------------------
separating paper......
process carried out at separation unit ID: 1367612102
{ recyclable of type P dropped into box....}
Box has ID: 1130258687
--------------------------------------------------
separating paper......
process carried out at separation unit ID: 1367612102
{ recyclable of type P dropped into box....}
Box has ID: 1130258687
--------------------------------------------------
separating paper......
process carried out at separation unit ID: 1367612102
{ recyclable of type P dropped into box....}
Box has ID: 1130258687
--------------------------------------------------
separating paper......
process carried out at separation unit ID: 1367612102
{ recyclable of type P dropped into box....}
Box has ID: 1130258687
--------------------------------------------------
separating paper......
process carried out at separation unit ID: 1367612102
{ recyclable of type P dropped into box....}
Box has ID: 1130258687
--------------------------------------------------
separating paper......
process carried out at separation unit ID: 1367612102
{ recyclable of type P dropped into box....}
Box has ID: 1130258687
--------------------------------------------------
separating paper......
process carried out at separation unit ID: 1367612102
{ recyclable of type P dropped into box....}
Box has ID: 1130258687
--------------------------------------------------
separating paper......
process carried out at separation unit ID: 1367612102
{ recyclable of type P dropped into box....}
Box has ID: 1130258687
--------------------------------------------------
separating paper......
process carried out at separation unit ID: 1367612102
{ recyclable of type P dropped into box....}
Box has ID: 1130258687
--------------------------------------------------
separating paper......
process carried out at separation unit ID: 1367612102
{ recyclable of type P dropped into box....}
Box has ID: 1130258687
--------------------------------------------------
separating paper......
process carried out at separation unit ID: 1367612102
{ recyclable of type P dropped into box....}
Box has ID: 1130258687
--------------------------------------------------
separating paper......
process carried out at separation unit ID: 1367612102
{ recyclable of type P dropped into box....}
Box has ID: 1130258687
--------------------------------------------------
separating paper......
process carried out at separation unit ID: 1367612102
{ recyclable of type P dropped into box....}
Box has ID: 1130258687
--------------------------------------------------
separating paper......
process carried out at separation unit ID: 1367612102
{ recyclable of type P dropped into box....}
Box has ID: 1130258687
--------------------------------------------------
separating paper......
process carried out at separation unit ID: 1367612102
{ recyclable of type P dropped into box....}
Box has ID: 1130258687
--------------------------------------------------
separating paper......
process carried out at separation unit ID: 1367612102
{ recyclable of type P dropped into box....}
Box has ID: 1130258687
--------------------------------------------------
separating paper......
process carried out at separation unit ID: 1367612102
{ recyclable of type P dropped into box....}
Box has ID: 1130258687
--------------------------------------------------
separating paper......
process carried out at separation unit ID: 1367612102
{ recyclable of type P dropped into box....}
Box has ID: 1130258687
--------------------------------------------------
separating paper......
process carried out at separation unit ID: 1367612102
{ recyclable of type P dropped into box....}
Box has ID: 1130258687
--------------------------------------------------
separating paper......
process carried out at separation unit ID: 1367612102
{ recyclable of type P dropped into box....}
Box has ID: 1130258687
--------------------------------------------------
separating paper......
process carried out at separation unit ID: 1367612102
{ recyclable of type P dropped into box....}
Box has ID: 1130258687
--------------------------------------------------
separating paper......
process carried out at separation unit ID: 1367612102
{ recyclable of type P dropped into box....}
Box has ID: 1130258687
--------------------------------------------------
separating paper......
process carried out at separation unit ID: 1367612102
{ recyclable of type P dropped into box....}
Box has ID: 1130258687
--------------------------------------------------
separating paper......
process carried out at separation unit ID: 1367612102
{ recyclable of type P dropped into box....}
Box has ID: 1130258687
--------------------------------------------------
separating paper......
process carried out at separation unit ID: 1367612102
{ recyclable of type P dropped into box....}
Box has ID: 1130258687
--------------------------------------------------
separating paper......
process carried out at separation unit ID: 1367612102
{ recyclable of type P dropped into box....}
Box has ID: 1130258687
--------------------------------------------------
separating paper......
process carried out at separation unit ID: 1367612102
{ recyclable of type P dropped into box....}
Box has ID: 1130258687
--------------------------------------------------
separating paper......
process carried out at separation unit ID: 1367612102
{ recyclable of type P dropped into box....}
Box has ID: 1130258687
--------------------------------------------------
separating paper......
process carried out at separation unit ID: 1367612102
{ recyclable of type P dropped into box....}
Box has ID: 1130258687
--------------------------------------------------
separating paper......
process carried out at separation unit ID: 1367612102
{ recyclable of type P dropped into box....}
Box has ID: 1130258687
--------------------------------------------------
separating paper......
process carried out at separation unit ID: 1367612102
{ recyclable of type P dropped into box....}
Box has ID: 1130258687
--------------------------------------------------
separating paper......
process carried out at separation unit ID: 1367612102
{ recyclable of type P dropped into box....}
Box has ID: 1130258687
--------------------------------------------------
separating paper......
process carried out at separation unit ID: 1367612102
{ recyclable of type P dropped into box....}
Box has ID: 1130258687
--------------------------------------------------
separating paper......
process carried out at separation unit ID: 1367612102
{ recyclable of type P dropped into box....}
Box has ID: 1130258687
--------------------------------------------------
separating paper......
process carried out at separation unit ID: 1367612102
{ recyclable of type P dropped into box....}
Box has ID: 1130258687
--------------------------------------------------
separating paper......
process carried out at separation unit ID: 1367612102
{ recyclable of type P dropped into box....}
Box has ID: 1130258687
--------------------------------------------------
separating paper......
process carried out at separation unit ID: 1367612102
{ recyclable of type P dropped into box....}
Box has ID: 1130258687
--------------------------------------------------
separating paper......
process carried out at separation unit ID: 1367612102
{ recyclable of type P dropped into box....}
Box has ID: 1130258687
--------------------------------------------------
separating paper......
process carried out at separation unit ID: 1367612102
{ recyclable of type P dropped into box....}
Box has ID: 1130258687
--------------------------------------------------
separating paper......
process carried out at separation unit ID: 1367612102
{ recyclable of type P dropped into box....}
Box has ID: 1130258687
--------------------------------------------------
separating paper......
process carried out at separation unit ID: 1367612102
{ recyclable of type P dropped into box....}
Box has ID: 1130258687
--------------------------------------------------
separating paper......
process carried out at separation unit ID: 1367612102
{ recyclable of type P dropped into box....}
Box has ID: 1130258687
--------------------------------------------------
separating paper......
process carried out at separation unit ID: 1367612102
{ recyclable of type P dropped into box....}
Box has ID: 1130258687
--------------------------------------------------
separating paper......
process carried out at separation unit ID: 1367612102
{ recyclable of type P dropped into box....}
Box has ID: 1130258687
--------------------------------------------------
separating paper......
process carried out at separation unit ID: 1367612102
{ recyclable of type P dropped into box....}
Box has ID: 1130258687
--------------------------------------------------
separating paper......
process carried out at separation unit ID: 1367612102
{ recyclable of type P dropped into box....}
Box has ID: 1130258687
--------------------------------------------------
separating paper......
process carried out at separation unit ID: 1367612102
{ recyclable of type P dropped into box....}
Box has ID: 1130258687
--------------------------------------------------
separating paper......
process carried out at separation unit ID: 1367612102
{ recyclable of type P dropped into box....}
Box has ID: 1130258687
--------------------------------------------------
separating paper......
process carried out at separation unit ID: 1367612102
{ recyclable of type P dropped into box....}
Box has ID: 1130258687
--------------------------------------------------
separating paper......
process carried out at separation unit ID: 1367612102
{ recyclable of type P dropped into box....}
Box has ID: 1130258687
--------------------------------------------------
separating paper......
process carried out at separation unit ID: 1367612102
{ recyclable of type P dropped into box....}
Box has ID: 1130258687
--------------------------------------------------
separating paper......
process carried out at separation unit ID: 1367612102
{ recyclable of type P dropped into box....}
Box has ID: 1130258687
--------------------------------------------------
separating paper......
process carried out at separation unit ID: 1367612102
{ recyclable of type P dropped into box....}
Box has ID: 1130258687
--------------------------------------------------
separating paper......
process carried out at separation unit ID: 1367612102
{ recyclable of type P dropped into box....}
Box has ID: 1130258687
--------------------------------------------------
separating paper......
process carried out at separation unit ID: 1367612102
{ recyclable of type P dropped into box....}
Box has ID: 1130258687
--------------------------------------------------
separating paper......
process carried out at separation unit ID: 1367612102
{ recyclable of type P dropped into box....}
Box has ID: 1130258687
--------------------------------------------------
separating paper......
process carried out at separation unit ID: 1367612102
{ recyclable of type P dropped into box....}
Box has ID: 1130258687
--------------------------------------------------
separating paper......
process carried out at separation unit ID: 1367612102
{ recyclable of type P dropped into box....}
Box has ID: 1130258687
--------------------------------------------------
separating paper......
process carried out at separation unit ID: 1367612102
{ recyclable of type P dropped into box....}
Box has ID: 1130258687
--------------------------------------------------
separating paper......
process carried out at separation unit ID: 1367612102
{ recyclable of type P dropped into box....}
Box has ID: 1130258687
--------------------------------------------------
separating paper......
process carried out at separation unit ID: 1367612102
{ recyclable of type P dropped into box....}
Box has ID: 1130258687
--------------------------------------------------
separating paper......
process carried out at separation unit ID: 1367612102
{ recyclable of type P dropped into box....}
Box has ID: 1130258687
--------------------------------------------------
separating paper......
process carried out at separation unit ID: 1367612102
{ recyclable of type P dropped into box....}
Box has ID: 1130258687
--------------------------------------------------
separating paper......
process carried out at separation unit ID: 1367612102
{ recyclable of type P dropped into box....}
Box has ID: 1130258687
--------------------------------------------------
separating paper......
process carried out at separation unit ID: 1367612102
{ recyclable of type P dropped into box....}
Box has ID: 1130258687
--------------------------------------------------
separating paper......
process carried out at separation unit ID: 1367612102
{ recyclable of type P dropped into box....}
Box has ID: 1130258687
--------------------------------------------------
separating paper......
process carried out at separation unit ID: 1367612102
{ recyclable of type P dropped into box....}
Box has ID: 1130258687
--------------------------------------------------
separating paper......
process carried out at separation unit ID: 1367612102
{ recyclable of type P dropped into box....}
Box has ID: 1130258687
--------------------------------------------------
separating paper......
process carried out at separation unit ID: 1367612102
{ recyclable of type P dropped into box....}
Box has ID: 1130258687
--------------------------------------------------
separating paper......
process carried out at separation unit ID: 1367612102
{ recyclable of type P dropped into box....}
Box has ID: 1130258687
--------------------------------------------------
separating paper......
process carried out at separation unit ID: 1367612102
{ recyclable of type P dropped into box....}
Box has ID: 1130258687
--------------------------------------------------
separating paper......
process carried out at separation unit ID: 1367612102
{ recyclable of type P dropped into box....}
Box has ID: 1130258687
--------------------------------------------------
separating paper......
process carried out at separation unit ID: 1367612102
{ recyclable of type P dropped into box....}
Box has ID: 1130258687
--------------------------------------------------
separating paper......
process carried out at separation unit ID: 1367612102
{ recyclable of type P dropped into box....}
Box has ID: 1130258687
--------------------------------------------------
separating paper......
process carried out at separation unit ID: 1367612102
{ recyclable of type P dropped into box....}
Box has ID: 1130258687
--------------------------------------------------
separating paper......
process carried out at separation unit ID: 1367612102
{ recyclable of type P dropped into box....}
Box has ID: 1130258687
--------------------------------------------------
separating paper......
process carried out at separation unit ID: 1367612102
{ recyclable of type P dropped into box....}
Box has ID: 1130258687
--------------------------------------------------
separating paper......
process carried out at separation unit ID: 1367612102
{ recyclable of type P dropped into box....}
Box has ID: 1130258687
--------------------------------------------------
separating paper......
process carried out at separation unit ID: 1367612102
{ recyclable of type P dropped into box....}
Box has ID: 1130258687
--------------------------------------------------
separating paper......
process carried out at separation unit ID: 1367612102
{ recyclable of type P dropped into box....}
Box has ID: 1130258687
--------------------------------------------------
separating paper......
process carried out at separation unit ID: 1367612102
{ recyclable of type P dropped into box....}
Box has ID: 1130258687
--------------------------------------------------
separating paper......
process carried out at separation unit ID: 1367612102
{ recyclable of type P dropped into box....}
Box has ID: 1130258687
--------------------------------------------------
separating paper......
process carried out at separation unit ID: 1367612102
{ recyclable of type P dropped into box....}
Box has ID: 1130258687
--------------------------------------------------
separating paper......
process carried out at separation unit ID: 1367612102
{ recyclable of type P dropped into box....}
Box has ID: 1130258687
--------------------------------------------------
separating paper......
process carried out at separation unit ID: 1367612102
{ recyclable of type P dropped into box....}
Box has ID: 1130258687
--------------------------------------------------
separating paper......
process carried out at separation unit ID: 1367612102
{ recyclable of type P dropped into box....}
Box has ID: 1130258687
--------------------------------------------------
separating paper......
process carried out at separation unit ID: 1367612102
{ recyclable of type P dropped into box....}
Box has ID: 1130258687
--------------------------------------------------
separating paper......
process carried out at separation unit ID: 1367612102
{ recyclable of type P dropped into box....}
Box has ID: 1130258687
--------------------------------------------------
separating paper......
process carried out at separation unit ID: 1367612102
{ recyclable of type P dropped into box....}
Box has ID: 1130258687
--------------------------------------------------
separating paper......
process carried out at separation unit ID: 1367612102
{ recyclable of type P dropped into box....}
Box has ID: 1130258687
--------------------------------------------------
separating paper......
process carried out at separation unit ID: 1367612102
{ recyclable of type P dropped into box....}
Box has ID: 1130258687
--------------------------------------------------
separating paper......
process carried out at separation unit ID: 1367612102
{ recyclable of type P dropped into box....}
Box has ID: 1130258687
--------------------------------------------------
separating paper......
process carried out at separation unit ID: 1367612102
{ recyclable of type P dropped into box....}
Box has ID: 1130258687
--------------------------------------------------
separating paper......
process carried out at separation unit ID: 1367612102
{ recyclable of type P dropped into box....}
Box has ID: 1130258687
--------------------------------------------------
separating paper......
process carried out at separation unit ID: 1367612102
{ recyclable of type P dropped into box....}
Box has ID: 1130258687
--------------------------------------------------
separating paper......
process carried out at separation unit ID: 1367612102
{ recyclable of type P dropped into box....}
Box has ID: 1130258687
--------------------------------------------------
separating paper......
process carried out at separation unit ID: 1367612102
{ recyclable of type P dropped into box....}
Box has ID: 1130258687
--------------------------------------------------
separating paper......
process carried out at separation unit ID: 1367612102
{ recyclable of type P dropped into box....}
Box has ID: 1130258687
--------------------------------------------------
separating paper......
process carried out at separation unit ID: 1367612102
{ recyclable of type P dropped into box....}
Box has ID: 1130258687
--------------------------------------------------
separating paper......
process carried out at separation unit ID: 1367612102
{ recyclable of type P dropped into box....}
Box has ID: 1130258687
--------------------------------------------------
separating paper......
process carried out at separation unit ID: 1367612102
{ recyclable of type P dropped into box....}
Box has ID: 1130258687
--------------------------------------------------
separating paper......
process carried out at separation unit ID: 1367612102
{ recyclable of type P dropped into box....}
Box has ID: 1130258687
--------------------------------------------------
separating paper......
process carried out at separation unit ID: 1367612102
{ recyclable of type P dropped into box....}
Box has ID: 1130258687
--------------------------------------------------
separating paper......
process carried out at separation unit ID: 1367612102
{ recyclable of type P dropped into box....}
Box has ID: 1130258687
--------------------------------------------------
separating paper......
process carried out at separation unit ID: 1367612102
{ recyclable of type P dropped into box....}
Box has ID: 1130258687
--------------------------------------------------
separating paper......
process carried out at separation unit ID: 1367612102
{ recyclable of type P dropped into box....}
Box has ID: 1130258687
--------------------------------------------------
separating paper......
process carried out at separation unit ID: 1367612102
{ recyclable of type P dropped into box....}
Box has ID: 1130258687
--------------------------------------------------
separating paper......
process carried out at separation unit ID: 1367612102
{ recyclable of type P dropped into box....}
Box has ID: 1130258687
--------------------------------------------------
separating paper......
process carried out at separation unit ID: 1367612102
{ recyclable of type P dropped into box....}
Box has ID: 1130258687
--------------------------------------------------
separating paper......
process carried out at separation unit ID: 1367612102
{ recyclable of type P dropped into box....}
Box has ID: 1130258687
--------------------------------------------------
separating paper......
process carried out at separation unit ID: 1367612102
{ recyclable of type P dropped into box....}
Box has ID: 1130258687
--------------------------------------------------
separating paper......
process carried out at separation unit ID: 1367612102
{ recyclable of type P dropped into box....}
Box has ID: 1130258687
--------------------------------------------------
separating paper......
process carried out at separation unit ID: 1367612102
{ recyclable of type P dropped into box....}
Box has ID: 1130258687
--------------------------------------------------
separating paper......
process carried out at separation unit ID: 1367612102
{ recyclable of type P dropped into box....}
Box has ID: 1130258687
--------------------------------------------------
separating paper......
process carried out at separation unit ID: 1367612102
{ recyclable of type P dropped into box....}
Box has ID: 1130258687
--------------------------------------------------
separating paper......
process carried out at separation unit ID: 1367612102
{ recyclable of type P dropped into box....}
Box has ID: 1130258687
--------------------------------------------------
separating paper......
process carried out at separation unit ID: 1367612102
{ recyclable of type P dropped into box....}
Box has ID: 1130258687
--------------------------------------------------
separating paper......
process carried out at separation unit ID: 1367612102
{ recyclable of type P dropped into box....}
Box has ID: 1130258687
--------------------------------------------------
separating paper......
process carried out at separation unit ID: 1367612102
{ recyclable of type P dropped into box....}
Box has ID: 1130258687
--------------------------------------------------
separating paper......
process carried out at separation unit ID: 1367612102
{ recyclable of type P dropped into box....}
Box has ID: 1130258687
--------------------------------------------------
separating paper......
process carried out at separation unit ID: 1367612102
{ recyclable of type P dropped into box....}
Box has ID: 1130258687
--------------------------------------------------
separating paper......
process carried out at separation unit ID: 1367612102
{ recyclable of type P dropped into box....}
Box has ID: 1130258687
--------------------------------------------------
separating paper......
process carried out at separation unit ID: 1367612102
{ recyclable of type P dropped into box....}
Box has ID: 1130258687
--------------------------------------------------
separating paper......
process carried out at separation unit ID: 1367612102
{ recyclable of type P dropped into box....}
Box has ID: 1130258687
--------------------------------------------------
separating paper......
process carried out at separation unit ID: 1367612102
{ recyclable of type P dropped into box....}
Box has ID: 1130258687
--------------------------------------------------
separating paper......
process carried out at separation unit ID: 1367612102
{ recyclable of type P dropped into box....}
Box has ID: 1130258687
--------------------------------------------------
separating paper......
process carried out at separation unit ID: 1367612102
{ recyclable of type P dropped into box....}
Box has ID: 1130258687
--------------------------------------------------
separating paper......
process carried out at separation unit ID: 1367612102
{ recyclable of type P dropped into box....}
Box has ID: 1130258687
--------------------------------------------------
separating paper......
process carried out at separation unit ID: 1367612102
{ recyclable of type P dropped into box....}
Box has ID: 1130258687
--------------------------------------------------
separating paper......
process carried out at separation unit ID: 1367612102
{ recyclable of type P dropped into box....}
Box has ID: 1130258687
--------------------------------------------------
separating paper......
process carried out at separation unit ID: 1367612102
{ recyclable of type P dropped into box....}
Box has ID: 1130258687
--------------------------------------------------
separating paper......
process carried out at separation unit ID: 1367612102
{ recyclable of type P dropped into box....}
Box has ID: 1130258687
--------------------------------------------------
separating paper......
process carried out at separation unit ID: 1367612102
{ recyclable of type P dropped into box....}
Box has ID: 1130258687
--------------------------------------------------
separating paper......
process carried out at separation unit ID: 1367612102
{ recyclable of type P dropped into box....}
Box has ID: 1130258687
--------------------------------------------------
separating paper......
process carried out at separation unit ID: 1367612102
{ recyclable of type P dropped into box....}
Box has ID: 1130258687
--------------------------------------------------
separating paper......
process carried out at separation unit ID: 1367612102
{ recyclable of type P dropped into box....}
Box has ID: 1130258687
--------------------------------------------------
separating paper......
process carried out at separation unit ID: 1367612102
{ recyclable of type P dropped into box....}
Box has ID: 1130258687
--------------------------------------------------
separating paper......
process carried out at separation unit ID: 1367612102
{ recyclable of type P dropped into box....}
Box has ID: 1130258687
--------------------------------------------------
separating paper......
process carried out at separation unit ID: 1367612102
{ recyclable of type P dropped into box....}
Box has ID: 1130258687
--------------------------------------------------
separating paper......
process carried out at separation unit ID: 1367612102
{ recyclable of type P dropped into box....}
Box has ID: 1130258687
--------------------------------------------------
separating paper......
process carried out at separation unit ID: 1367612102
{ recyclable of type P dropped into box....}
Box has ID: 1130258687
--------------------------------------------------
separating paper......
process carried out at separation unit ID: 1367612102
{ recyclable of type P dropped into box....}
Box has ID: 1130258687
--------------------------------------------------
separating paper......
process carried out at separation unit ID: 1367612102
{ recyclable of type P dropped into box....}
Box has ID: 1130258687
--------------------------------------------------
separating paper......
process carried out at separation unit ID: 1367612102
{ recyclable of type P dropped into box....}
Box has ID: 1130258687
--------------------------------------------------
separating paper......
process carried out at separation unit ID: 1367612102
{ recyclable of type P dropped into box....}
Box has ID: 1130258687
--------------------------------------------------
separating paper......
process carried out at separation unit ID: 1367612102
{ recyclable of type P dropped into box....}
Box has ID: 1130258687
--------------------------------------------------
separating paper......
process carried out at separation unit ID: 1367612102
{ recyclable of type P dropped into box....}
Box has ID: 1130258687
--------------------------------------------------
separating paper......
process carried out at separation unit ID: 1367612102
{ recyclable of type P dropped into box....}
Box has ID: 1130258687
--------------------------------------------------
separating paper......
process carried out at separation unit ID: 1367612102
{ recyclable of type P dropped into box....}
Box has ID: 1130258687
--------------------------------------------------
box hash: 1130258687
-----------------------------------------------------------------------------------
-----------------------------------------------------------------------------------
ALARM !!!!!!! BOX with ID 1130258687 is full.....
-----------------------------------------------------------------------------------
-----------------------------------------------------------------------------------
box capacity: 1000
worker replaced filled box with ID: 1130258687 , with a new box with ID: 2030294088 at process unit: 1367612102

separating paper......
process carried out at separation unit ID: 1367612102
{ recyclable of type P dropped into box....}
Box has ID: 2030294088
--------------------------------------------------
separating paper......
process carried out at separation unit ID: 1367612102
{ recyclable of type P dropped into box....}
Box has ID: 2030294088
--------------------------------------------------
separating paper......
process carried out at separation unit ID: 1367612102
{ recyclable of type P dropped into box....}
Box has ID: 2030294088
--------------------------------------------------
separating paper......
process carried out at separation unit ID: 1367612102
{ recyclable of type P dropped into box....}
Box has ID: 2030294088
--------------------------------------------------
separating paper......
process carried out at separation unit ID: 1367612102
{ recyclable of type P dropped into box....}
Box has ID: 2030294088
--------------------------------------------------
separating paper......
process carried out at separation unit ID: 1367612102
{ recyclable of type P dropped into box....}
Box has ID: 2030294088
--------------------------------------------------
separating paper......
process carried out at separation unit ID: 1367612102
{ recyclable of type P dropped into box....}
Box has ID: 2030294088
--------------------------------------------------
separating paper......
process carried out at separation unit ID: 1367612102
{ recyclable of type P dropped into box....}
Box has ID: 2030294088
--------------------------------------------------
separating paper......
process carried out at separation unit ID: 1367612102
{ recyclable of type P dropped into box....}
Box has ID: 2030294088
--------------------------------------------------
separating paper......
process carried out at separation unit ID: 1367612102
{ recyclable of type P dropped into box....}
Box has ID: 2030294088
--------------------------------------------------
separating paper......
process carried out at separation unit ID: 1367612102
{ recyclable of type P dropped into box....}
Box has ID: 2030294088
--------------------------------------------------
separating paper......
process carried out at separation unit ID: 1367612102
{ recyclable of type P dropped into box....}
Box has ID: 2030294088
--------------------------------------------------
separating paper......
process carried out at separation unit ID: 1367612102
{ recyclable of type P dropped into box....}
Box has ID: 2030294088
--------------------------------------------------
separating paper......
process carried out at separation unit ID: 1367612102
{ recyclable of type P dropped into box....}
Box has ID: 2030294088
--------------------------------------------------
separating paper......
process carried out at separation unit ID: 1367612102
{ recyclable of type P dropped into box....}
Box has ID: 2030294088
--------------------------------------------------
separating paper......
process carried out at separation unit ID: 1367612102
{ recyclable of type P dropped into box....}
Box has ID: 2030294088
--------------------------------------------------
separating paper......
process carried out at separation unit ID: 1367612102
{ recyclable of type P dropped into box....}
Box has ID: 2030294088
--------------------------------------------------
separating paper......
process carried out at separation unit ID: 1367612102
{ recyclable of type P dropped into box....}
Box has ID: 2030294088
--------------------------------------------------
separating paper......
process carried out at separation unit ID: 1367612102
{ recyclable of type P dropped into box....}
Box has ID: 2030294088
--------------------------------------------------
separating paper......
process carried out at separation unit ID: 1367612102
{ recyclable of type P dropped into box....}
Box has ID: 2030294088
--------------------------------------------------
separating paper......
process carried out at separation unit ID: 1367612102
{ recyclable of type P dropped into box....}
Box has ID: 2030294088
--------------------------------------------------
separating paper......
process carried out at separation unit ID: 1367612102
{ recyclable of type P dropped into box....}
Box has ID: 2030294088
--------------------------------------------------
separating paper......
process carried out at separation unit ID: 1367612102
{ recyclable of type P dropped into box....}
Box has ID: 2030294088
--------------------------------------------------
separating paper......
process carried out at separation unit ID: 1367612102
{ recyclable of type P dropped into box....}
Box has ID: 2030294088
--------------------------------------------------
separating paper......
process carried out at separation unit ID: 1367612102
{ recyclable of type P dropped into box....}
Box has ID: 2030294088
--------------------------------------------------
separating paper......
process carried out at separation unit ID: 1367612102
{ recyclable of type P dropped into box....}
Box has ID: 2030294088
--------------------------------------------------
separating paper......
process carried out at separation unit ID: 1367612102
{ recyclable of type P dropped into box....}
Box has ID: 2030294088
--------------------------------------------------
separating paper......
process carried out at separation unit ID: 1367612102
{ recyclable of type P dropped into box....}
Box has ID: 2030294088
--------------------------------------------------
separating paper......
process carried out at separation unit ID: 1367612102
{ recyclable of type P dropped into box....}
Box has ID: 2030294088
--------------------------------------------------
separating paper......
process carried out at separation unit ID: 1367612102
{ recyclable of type P dropped into box....}
Box has ID: 2030294088
--------------------------------------------------
separating paper......
process carried out at separation unit ID: 1367612102
{ recyclable of type P dropped into box....}
Box has ID: 2030294088
--------------------------------------------------
separating paper......
process carried out at separation unit ID: 1367612102
{ recyclable of type P dropped into box....}
Box has ID: 2030294088
--------------------------------------------------
separating paper......
process carried out at separation unit ID: 1367612102
{ recyclable of type P dropped into box....}
Box has ID: 2030294088
--------------------------------------------------
separating paper......
process carried out at separation unit ID: 1367612102
{ recyclable of type P dropped into box....}
Box has ID: 2030294088
--------------------------------------------------
separating paper......
process carried out at separation unit ID: 1367612102
{ recyclable of type P dropped into box....}
Box has ID: 2030294088
--------------------------------------------------
separating paper......
process carried out at separation unit ID: 1367612102
{ recyclable of type P dropped into box....}
Box has ID: 2030294088
--------------------------------------------------
separating paper......
process carried out at separation unit ID: 1367612102
{ recyclable of type P dropped into box....}
Box has ID: 2030294088
--------------------------------------------------
separating paper......
process carried out at separation unit ID: 1367612102
{ recyclable of type P dropped into box....}
Box has ID: 2030294088
--------------------------------------------------
separating paper......
process carried out at separation unit ID: 1367612102
{ recyclable of type P dropped into box....}
Box has ID: 2030294088
--------------------------------------------------
separating paper......
process carried out at separation unit ID: 1367612102
{ recyclable of type P dropped into box....}
Box has ID: 2030294088
--------------------------------------------------
separating paper......
process carried out at separation unit ID: 1367612102
{ recyclable of type P dropped into box....}
Box has ID: 2030294088
--------------------------------------------------
separating paper......
process carried out at separation unit ID: 1367612102
{ recyclable of type P dropped into box....}
Box has ID: 2030294088
--------------------------------------------------
separating paper......
process carried out at separation unit ID: 1367612102
{ recyclable of type P dropped into box....}
Box has ID: 2030294088
--------------------------------------------------
separating paper......
process carried out at separation unit ID: 1367612102
{ recyclable of type P dropped into box....}
Box has ID: 2030294088
--------------------------------------------------
separating paper......
process carried out at separation unit ID: 1367612102
{ recyclable of type P dropped into box....}
Box has ID: 2030294088
--------------------------------------------------
separating paper......
process carried out at separation unit ID: 1367612102
{ recyclable of type P dropped into box....}
Box has ID: 2030294088
--------------------------------------------------
separating paper......
process carried out at separation unit ID: 1367612102
{ recyclable of type P dropped into box....}
Box has ID: 2030294088
--------------------------------------------------
separating paper......
process carried out at separation unit ID: 1367612102
{ recyclable of type P dropped into box....}
Box has ID: 2030294088
--------------------------------------------------
separating paper......
process carried out at separation unit ID: 1367612102
{ recyclable of type P dropped into box....}
Box has ID: 2030294088
--------------------------------------------------
separating paper......
process carried out at separation unit ID: 1367612102
{ recyclable of type P dropped into box....}
Box has ID: 2030294088
--------------------------------------------------
separating paper......
process carried out at separation unit ID: 1367612102
{ recyclable of type P dropped into box....}
Box has ID: 2030294088
--------------------------------------------------
separating paper......
process carried out at separation unit ID: 1367612102
{ recyclable of type P dropped into box....}
Box has ID: 2030294088
--------------------------------------------------
separating paper......
process carried out at separation unit ID: 1367612102
{ recyclable of type P dropped into box....}
Box has ID: 2030294088
--------------------------------------------------
separating paper......
process carried out at separation unit ID: 1367612102
{ recyclable of type P dropped into box....}
Box has ID: 2030294088
--------------------------------------------------
separating paper......
process carried out at separation unit ID: 1367612102
{ recyclable of type P dropped into box....}
Box has ID: 2030294088
--------------------------------------------------
separating paper......
process carried out at separation unit ID: 1367612102
{ recyclable of type P dropped into box....}
Box has ID: 2030294088
--------------------------------------------------
separating paper......
process carried out at separation unit ID: 1367612102
{ recyclable of type P dropped into box....}
Box has ID: 2030294088
--------------------------------------------------
separating paper......
process carried out at separation unit ID: 1367612102
{ recyclable of type P dropped into box....}
Box has ID: 2030294088
--------------------------------------------------
separating paper......
process carried out at separation unit ID: 1367612102
{ recyclable of type P dropped into box....}
Box has ID: 2030294088
--------------------------------------------------
separating paper......
process carried out at separation unit ID: 1367612102
{ recyclable of type P dropped into box....}
Box has ID: 2030294088
--------------------------------------------------
separating paper......
process carried out at separation unit ID: 1367612102
{ recyclable of type P dropped into box....}
Box has ID: 2030294088
--------------------------------------------------
separating paper......
process carried out at separation unit ID: 1367612102
{ recyclable of type P dropped into box....}
Box has ID: 2030294088
--------------------------------------------------
separating paper......
process carried out at separation unit ID: 1367612102
{ recyclable of type P dropped into box....}
Box has ID: 2030294088
--------------------------------------------------
separating paper......
process carried out at separation unit ID: 1367612102
{ recyclable of type P dropped into box....}
Box has ID: 2030294088
--------------------------------------------------
separating paper......
process carried out at separation unit ID: 1367612102
{ recyclable of type P dropped into box....}
Box has ID: 2030294088
--------------------------------------------------
separating paper......
process carried out at separation unit ID: 1367612102
{ recyclable of type P dropped into box....}
Box has ID: 2030294088
--------------------------------------------------
separating paper......
process carried out at separation unit ID: 1367612102
{ recyclable of type P dropped into box....}
Box has ID: 2030294088
--------------------------------------------------
separating paper......
process carried out at separation unit ID: 1367612102
{ recyclable of type P dropped into box....}
Box has ID: 2030294088
--------------------------------------------------
separating paper......
process carried out at separation unit ID: 1367612102
{ recyclable of type P dropped into box....}
Box has ID: 2030294088
--------------------------------------------------
separating paper......
process carried out at separation unit ID: 1367612102
{ recyclable of type P dropped into box....}
Box has ID: 2030294088
--------------------------------------------------
separating paper......
process carried out at separation unit ID: 1367612102
{ recyclable of type P dropped into box....}
Box has ID: 2030294088
--------------------------------------------------
separating paper......
process carried out at separation unit ID: 1367612102
{ recyclable of type P dropped into box....}
Box has ID: 2030294088
--------------------------------------------------
separating paper......
process carried out at separation unit ID: 1367612102
{ recyclable of type P dropped into box....}
Box has ID: 2030294088
--------------------------------------------------
separating paper......
process carried out at separation unit ID: 1367612102
{ recyclable of type P dropped into box....}
Box has ID: 2030294088
--------------------------------------------------
separating paper......
process carried out at separation unit ID: 1367612102
{ recyclable of type P dropped into box....}
Box has ID: 2030294088
--------------------------------------------------
separating paper......
process carried out at separation unit ID: 1367612102
{ recyclable of type P dropped into box....}
Box has ID: 2030294088
--------------------------------------------------
separating paper......
process carried out at separation unit ID: 1367612102
{ recyclable of type P dropped into box....}
Box has ID: 2030294088
--------------------------------------------------
separating paper......
process carried out at separation unit ID: 1367612102
{ recyclable of type P dropped into box....}
Box has ID: 2030294088
--------------------------------------------------
separating paper......
process carried out at separation unit ID: 1367612102
{ recyclable of type P dropped into box....}
Box has ID: 2030294088
--------------------------------------------------
separating paper......
process carried out at separation unit ID: 1367612102
{ recyclable of type P dropped into box....}
Box has ID: 2030294088
--------------------------------------------------
separating paper......
process carried out at separation unit ID: 1367612102
{ recyclable of type P dropped into box....}
Box has ID: 2030294088
--------------------------------------------------
separating paper......
process carried out at separation unit ID: 1367612102
{ recyclable of type P dropped into box....}
Box has ID: 2030294088
--------------------------------------------------
separating paper......
process carried out at separation unit ID: 1367612102
{ recyclable of type P dropped into box....}
Box has ID: 2030294088
--------------------------------------------------
separating paper......
process carried out at separation unit ID: 1367612102
{ recyclable of type P dropped into box....}
Box has ID: 2030294088
--------------------------------------------------
separating paper......
process carried out at separation unit ID: 1367612102
{ recyclable of type P dropped into box....}
Box has ID: 2030294088
--------------------------------------------------
separating paper......
process carried out at separation unit ID: 1367612102
{ recyclable of type P dropped into box....}
Box has ID: 2030294088
--------------------------------------------------
separating paper......
process carried out at separation unit ID: 1367612102
{ recyclable of type P dropped into box....}
Box has ID: 2030294088
--------------------------------------------------
separating paper......
process carried out at separation unit ID: 1367612102
{ recyclable of type P dropped into box....}
Box has ID: 2030294088
--------------------------------------------------
separating paper......
process carried out at separation unit ID: 1367612102
{ recyclable of type P dropped into box....}
Box has ID: 2030294088
--------------------------------------------------
separating paper......
process carried out at separation unit ID: 1367612102
{ recyclable of type P dropped into box....}
Box has ID: 2030294088
--------------------------------------------------
separating paper......
process carried out at separation unit ID: 1367612102
{ recyclable of type P dropped into box....}
Box has ID: 2030294088
--------------------------------------------------
separating paper......
process carried out at separation unit ID: 1367612102
{ recyclable of type P dropped into box....}
Box has ID: 2030294088
--------------------------------------------------
separating paper......
process carried out at separation unit ID: 1367612102
{ recyclable of type P dropped into box....}
Box has ID: 2030294088
--------------------------------------------------
separating paper......
process carried out at separation unit ID: 1367612102
{ recyclable of type P dropped into box....}
Box has ID: 2030294088
--------------------------------------------------
separating paper......
process carried out at separation unit ID: 1367612102
{ recyclable of type P dropped into box....}
Box has ID: 2030294088
--------------------------------------------------
separating paper......
process carried out at separation unit ID: 1367612102
{ recyclable of type P dropped into box....}
Box has ID: 2030294088
--------------------------------------------------
separating paper......
process carried out at separation unit ID: 1367612102
{ recyclable of type P dropped into box....}
Box has ID: 2030294088
--------------------------------------------------
separating paper......
process carried out at separation unit ID: 1367612102
{ recyclable of type P dropped into box....}
Box has ID: 2030294088
--------------------------------------------------
separating paper......
process carried out at separation unit ID: 1367612102
{ recyclable of type P dropped into box....}
Box has ID: 2030294088
--------------------------------------------------
separating paper......
process carried out at separation unit ID: 1367612102
{ recyclable of type P dropped into box....}
Box has ID: 2030294088
--------------------------------------------------
separating paper......
process carried out at separation unit ID: 1367612102
{ recyclable of type P dropped into box....}
Box has ID: 2030294088
--------------------------------------------------
separating paper......
process carried out at separation unit ID: 1367612102
{ recyclable of type P dropped into box....}
Box has ID: 2030294088
--------------------------------------------------
separating paper......
process carried out at separation unit ID: 1367612102
{ recyclable of type P dropped into box....}
Box has ID: 2030294088
--------------------------------------------------
separating paper......
process carried out at separation unit ID: 1367612102
{ recyclable of type P dropped into box....}
Box has ID: 2030294088
--------------------------------------------------
separating paper......
process carried out at separation unit ID: 1367612102
{ recyclable of type P dropped into box....}
Box has ID: 2030294088
--------------------------------------------------
separating paper......
process carried out at separation unit ID: 1367612102
{ recyclable of type P dropped into box....}
Box has ID: 2030294088
--------------------------------------------------
separating paper......
process carried out at separation unit ID: 1367612102
{ recyclable of type P dropped into box....}
Box has ID: 2030294088
--------------------------------------------------
separating paper......
process carried out at separation unit ID: 1367612102
{ recyclable of type P dropped into box....}
Box has ID: 2030294088
--------------------------------------------------
separating paper......
process carried out at separation unit ID: 1367612102
{ recyclable of type P dropped into box....}
Box has ID: 2030294088
--------------------------------------------------
separating paper......
process carried out at separation unit ID: 1367612102
{ recyclable of type P dropped into box....}
Box has ID: 2030294088
--------------------------------------------------
separating paper......
process carried out at separation unit ID: 1367612102
{ recyclable of type P dropped into box....}
Box has ID: 2030294088
--------------------------------------------------
separating paper......
process carried out at separation unit ID: 1367612102
{ recyclable of type P dropped into box....}
Box has ID: 2030294088
--------------------------------------------------
separating paper......
process carried out at separation unit ID: 1367612102
{ recyclable of type P dropped into box....}
Box has ID: 2030294088
--------------------------------------------------
separating paper......
process carried out at separation unit ID: 1367612102
{ recyclable of type P dropped into box....}
Box has ID: 2030294088
--------------------------------------------------
separating paper......
process carried out at separation unit ID: 1367612102
{ recyclable of type P dropped into box....}
Box has ID: 2030294088
--------------------------------------------------
separating paper......
process carried out at separation unit ID: 1367612102
{ recyclable of type P dropped into box....}
Box has ID: 2030294088
--------------------------------------------------
separating paper......
process carried out at separation unit ID: 1367612102
{ recyclable of type P dropped into box....}
Box has ID: 2030294088
--------------------------------------------------
separating paper......
process carried out at separation unit ID: 1367612102
{ recyclable of type P dropped into box....}
Box has ID: 2030294088
--------------------------------------------------
separating paper......
process carried out at separation unit ID: 1367612102
{ recyclable of type P dropped into box....}
Box has ID: 2030294088
--------------------------------------------------
separating paper......
process carried out at separation unit ID: 1367612102
{ recyclable of type P dropped into box....}
Box has ID: 2030294088
--------------------------------------------------
separating paper......
process carried out at separation unit ID: 1367612102
{ recyclable of type P dropped into box....}
Box has ID: 2030294088
--------------------------------------------------
separating paper......
process carried out at separation unit ID: 1367612102
{ recyclable of type P dropped into box....}
Box has ID: 2030294088
--------------------------------------------------
separating paper......
process carried out at separation unit ID: 1367612102
{ recyclable of type P dropped into box....}
Box has ID: 2030294088
--------------------------------------------------
separating paper......
process carried out at separation unit ID: 1367612102
{ recyclable of type P dropped into box....}
Box has ID: 2030294088
--------------------------------------------------
separating paper......
process carried out at separation unit ID: 1367612102
{ recyclable of type P dropped into box....}
Box has ID: 2030294088
--------------------------------------------------
separating paper......
process carried out at separation unit ID: 1367612102
{ recyclable of type P dropped into box....}
Box has ID: 2030294088
--------------------------------------------------
separating paper......
process carried out at separation unit ID: 1367612102
{ recyclable of type P dropped into box....}
Box has ID: 2030294088
--------------------------------------------------
separating paper......
process carried out at separation unit ID: 1367612102
{ recyclable of type P dropped into box....}
Box has ID: 2030294088
--------------------------------------------------
separating paper......
process carried out at separation unit ID: 1367612102
{ recyclable of type P dropped into box....}
Box has ID: 2030294088
--------------------------------------------------
separating paper......
process carried out at separation unit ID: 1367612102
{ recyclable of type P dropped into box....}
Box has ID: 2030294088
--------------------------------------------------
separating paper......
process carried out at separation unit ID: 1367612102
{ recyclable of type P dropped into box....}
Box has ID: 2030294088
--------------------------------------------------
separating paper......
process carried out at separation unit ID: 1367612102
{ recyclable of type P dropped into box....}
Box has ID: 2030294088
--------------------------------------------------
separating paper......
process carried out at separation unit ID: 1367612102
{ recyclable of type P dropped into box....}
Box has ID: 2030294088
--------------------------------------------------
separating paper......
process carried out at separation unit ID: 1367612102
{ recyclable of type P dropped into box....}
Box has ID: 2030294088
--------------------------------------------------
separating paper......
process carried out at separation unit ID: 1367612102
{ recyclable of type P dropped into box....}
Box has ID: 2030294088
--------------------------------------------------
separating paper......
process carried out at separation unit ID: 1367612102
{ recyclable of type P dropped into box....}
Box has ID: 2030294088
--------------------------------------------------
separating paper......
process carried out at separation unit ID: 1367612102
{ recyclable of type P dropped into box....}
Box has ID: 2030294088
--------------------------------------------------
separating paper......
process carried out at separation unit ID: 1367612102
{ recyclable of type P dropped into box....}
Box has ID: 2030294088
--------------------------------------------------
separating paper......
process carried out at separation unit ID: 1367612102
{ recyclable of type P dropped into box....}
Box has ID: 2030294088
--------------------------------------------------
separating paper......
process carried out at separation unit ID: 1367612102
{ recyclable of type P dropped into box....}
Box has ID: 2030294088
--------------------------------------------------
separating paper......
process carried out at separation unit ID: 1367612102
{ recyclable of type P dropped into box....}
Box has ID: 2030294088
--------------------------------------------------
separating paper......
process carried out at separation unit ID: 1367612102
{ recyclable of type P dropped into box....}
Box has ID: 2030294088
--------------------------------------------------
separating paper......
process carried out at separation unit ID: 1367612102
{ recyclable of type P dropped into box....}
Box has ID: 2030294088
--------------------------------------------------
separating paper......
process carried out at separation unit ID: 1367612102
{ recyclable of type P dropped into box....}
Box has ID: 2030294088
--------------------------------------------------
separating paper......
process carried out at separation unit ID: 1367612102
{ recyclable of type P dropped into box....}
Box has ID: 2030294088
--------------------------------------------------
separating paper......
process carried out at separation unit ID: 1367612102
{ recyclable of type P dropped into box....}
Box has ID: 2030294088
--------------------------------------------------
separating paper......
process carried out at separation unit ID: 1367612102
{ recyclable of type P dropped into box....}
Box has ID: 2030294088
--------------------------------------------------
separating paper......
process carried out at separation unit ID: 1367612102
{ recyclable of type P dropped into box....}
Box has ID: 2030294088
--------------------------------------------------
separating paper......
process carried out at separation unit ID: 1367612102
{ recyclable of type P dropped into box....}
Box has ID: 2030294088
--------------------------------------------------
separating paper......
process carried out at separation unit ID: 1367612102
{ recyclable of type P dropped into box....}
Box has ID: 2030294088
--------------------------------------------------
separating paper......
process carried out at separation unit ID: 1367612102
{ recyclable of type P dropped into box....}
Box has ID: 2030294088
--------------------------------------------------
separating paper......
process carried out at separation unit ID: 1367612102
{ recyclable of type P dropped into box....}
Box has ID: 2030294088
--------------------------------------------------
separating paper......
process carried out at separation unit ID: 1367612102
{ recyclable of type P dropped into box....}
Box has ID: 2030294088
--------------------------------------------------
separating paper......
process carried out at separation unit ID: 1367612102
{ recyclable of type P dropped into box....}
Box has ID: 2030294088
--------------------------------------------------
separating paper......
process carried out at separation unit ID: 1367612102
{ recyclable of type P dropped into box....}
Box has ID: 2030294088
--------------------------------------------------
separating paper......
process carried out at separation unit ID: 1367612102
{ recyclable of type P dropped into box....}
Box has ID: 2030294088
--------------------------------------------------
separating paper......
process carried out at separation unit ID: 1367612102
{ recyclable of type P dropped into box....}
Box has ID: 2030294088
--------------------------------------------------
separating paper......
process carried out at separation unit ID: 1367612102
{ recyclable of type P dropped into box....}
Box has ID: 2030294088
--------------------------------------------------
separating paper......
process carried out at separation unit ID: 1367612102
{ recyclable of type P dropped into box....}
Box has ID: 2030294088
--------------------------------------------------
separating paper......
process carried out at separation unit ID: 1367612102
{ recyclable of type P dropped into box....}
Box has ID: 2030294088
--------------------------------------------------
separating paper......
process carried out at separation unit ID: 1367612102
{ recyclable of type P dropped into box....}
Box has ID: 2030294088
--------------------------------------------------
separating paper......
process carried out at separation unit ID: 1367612102
{ recyclable of type P dropped into box....}
Box has ID: 2030294088
--------------------------------------------------
separating paper......
process carried out at separation unit ID: 1367612102
{ recyclable of type P dropped into box....}
Box has ID: 2030294088
--------------------------------------------------
separating paper......
process carried out at separation unit ID: 1367612102
{ recyclable of type P dropped into box....}
Box has ID: 2030294088
--------------------------------------------------
separating paper......
process carried out at separation unit ID: 1367612102
{ recyclable of type P dropped into box....}
Box has ID: 2030294088
--------------------------------------------------
separating paper......
process carried out at separation unit ID: 1367612102
{ recyclable of type P dropped into box....}
Box has ID: 2030294088
--------------------------------------------------
separating paper......
process carried out at separation unit ID: 1367612102
{ recyclable of type P dropped into box....}
Box has ID: 2030294088
--------------------------------------------------
separating paper......
process carried out at separation unit ID: 1367612102
{ recyclable of type P dropped into box....}
Box has ID: 2030294088
--------------------------------------------------
separating paper......
process carried out at separation unit ID: 1367612102
{ recyclable of type P dropped into box....}
Box has ID: 2030294088
--------------------------------------------------
separating paper......
process carried out at separation unit ID: 1367612102
{ recyclable of type P dropped into box....}
Box has ID: 2030294088
--------------------------------------------------
separating paper......
process carried out at separation unit ID: 1367612102
{ recyclable of type P dropped into box....}
Box has ID: 2030294088
--------------------------------------------------
separating paper......
process carried out at separation unit ID: 1367612102
{ recyclable of type P dropped into box....}
Box has ID: 2030294088
--------------------------------------------------
separating paper......
process carried out at separation unit ID: 1367612102
{ recyclable of type P dropped into box....}
Box has ID: 2030294088
--------------------------------------------------
separating paper......
process carried out at separation unit ID: 1367612102
{ recyclable of type P dropped into box....}
Box has ID: 2030294088
--------------------------------------------------
separating paper......
process carried out at separation unit ID: 1367612102
{ recyclable of type P dropped into box....}
Box has ID: 2030294088
--------------------------------------------------
separating paper......
process carried out at separation unit ID: 1367612102
{ recyclable of type P dropped into box....}
Box has ID: 2030294088
--------------------------------------------------
separating paper......
process carried out at separation unit ID: 1367612102
{ recyclable of type P dropped into box....}
Box has ID: 2030294088
--------------------------------------------------
separating paper......
process carried out at separation unit ID: 1367612102
{ recyclable of type P dropped into box....}
Box has ID: 2030294088
--------------------------------------------------
separating paper......
process carried out at separation unit ID: 1367612102
{ recyclable of type P dropped into box....}
Box has ID: 2030294088
--------------------------------------------------
separating paper......
process carried out at separation unit ID: 1367612102
{ recyclable of type P dropped into box....}
Box has ID: 2030294088
--------------------------------------------------
separating paper......
process carried out at separation unit ID: 1367612102
{ recyclable of type P dropped into box....}
Box has ID: 2030294088
--------------------------------------------------
separating paper......
process carried out at separation unit ID: 1367612102
{ recyclable of type P dropped into box....}
Box has ID: 2030294088
--------------------------------------------------
separating paper......
process carried out at separation unit ID: 1367612102
{ recyclable of type P dropped into box....}
Box has ID: 2030294088
--------------------------------------------------
separating paper......
process carried out at separation unit ID: 1367612102
{ recyclable of type P dropped into box....}
Box has ID: 2030294088
--------------------------------------------------
separating paper......
process carried out at separation unit ID: 1367612102
{ recyclable of type P dropped into box....}
Box has ID: 2030294088
--------------------------------------------------
separating paper......
process carried out at separation unit ID: 1367612102
{ recyclable of type P dropped into box....}
Box has ID: 2030294088
--------------------------------------------------
separating paper......
process carried out at separation unit ID: 1367612102
{ recyclable of type P dropped into box....}
Box has ID: 2030294088
--------------------------------------------------
separating paper......
process carried out at separation unit ID: 1367612102
{ recyclable of type P dropped into box....}
Box has ID: 2030294088
--------------------------------------------------
separating paper......
process carried out at separation unit ID: 1367612102
{ recyclable of type P dropped into box....}
Box has ID: 2030294088
--------------------------------------------------
separating paper......
process carried out at separation unit ID: 1367612102
{ recyclable of type P dropped into box....}
Box has ID: 2030294088
--------------------------------------------------
separating paper......
process carried out at separation unit ID: 1367612102
{ recyclable of type P dropped into box....}
Box has ID: 2030294088
--------------------------------------------------
separating paper......
process carried out at separation unit ID: 1367612102
{ recyclable of type P dropped into box....}
Box has ID: 2030294088
--------------------------------------------------
separating paper......
process carried out at separation unit ID: 1367612102
{ recyclable of type P dropped into box....}
Box has ID: 2030294088
--------------------------------------------------
separating paper......
process carried out at separation unit ID: 1367612102
{ recyclable of type P dropped into box....}
Box has ID: 2030294088
--------------------------------------------------
separating paper......
process carried out at separation unit ID: 1367612102
{ recyclable of type P dropped into box....}
Box has ID: 2030294088
--------------------------------------------------
separating paper......
process carried out at separation unit ID: 1367612102
{ recyclable of type P dropped into box....}
Box has ID: 2030294088
--------------------------------------------------
separating paper......
process carried out at separation unit ID: 1367612102
{ recyclable of type P dropped into box....}
Box has ID: 2030294088
--------------------------------------------------
separating paper......
process carried out at separation unit ID: 1367612102
{ recyclable of type P dropped into box....}
Box has ID: 2030294088
--------------------------------------------------
separating paper......
process carried out at separation unit ID: 1367612102
{ recyclable of type P dropped into box....}
Box has ID: 2030294088
--------------------------------------------------
separating paper......
process carried out at separation unit ID: 1367612102
{ recyclable of type P dropped into box....}
Box has ID: 2030294088
--------------------------------------------------
separating paper......
process carried out at separation unit ID: 1367612102
{ recyclable of type P dropped into box....}
Box has ID: 2030294088
--------------------------------------------------
separating paper......
process carried out at separation unit ID: 1367612102
{ recyclable of type P dropped into box....}
Box has ID: 2030294088
--------------------------------------------------
separating paper......
process carried out at separation unit ID: 1367612102
{ recyclable of type P dropped into box....}
Box has ID: 2030294088
--------------------------------------------------
separating paper......
process carried out at separation unit ID: 1367612102
{ recyclable of type P dropped into box....}
Box has ID: 2030294088
--------------------------------------------------
separating paper......
process carried out at separation unit ID: 1367612102
{ recyclable of type P dropped into box....}
Box has ID: 2030294088
--------------------------------------------------
separating paper......
process carried out at separation unit ID: 1367612102
{ recyclable of type P dropped into box....}
Box has ID: 2030294088
--------------------------------------------------
separating paper......
process carried out at separation unit ID: 1367612102
{ recyclable of type P dropped into box....}
Box has ID: 2030294088
--------------------------------------------------
separating paper......
process carried out at separation unit ID: 1367612102
{ recyclable of type P dropped into box....}
Box has ID: 2030294088
--------------------------------------------------
separating paper......
process carried out at separation unit ID: 1367612102
{ recyclable of type P dropped into box....}
Box has ID: 2030294088
--------------------------------------------------
separating paper......
process carried out at separation unit ID: 1367612102
{ recyclable of type P dropped into box....}
Box has ID: 2030294088
--------------------------------------------------
separating paper......
process carried out at separation unit ID: 1367612102
{ recyclable of type P dropped into box....}
Box has ID: 2030294088
--------------------------------------------------
separating paper......
process carried out at separation unit ID: 1367612102
{ recyclable of type P dropped into box....}
Box has ID: 2030294088
--------------------------------------------------
separating paper......
process carried out at separation unit ID: 1367612102
{ recyclable of type P dropped into box....}
Box has ID: 2030294088
--------------------------------------------------
separating paper......
process carried out at separation unit ID: 1367612102
{ recyclable of type P dropped into box....}
Box has ID: 2030294088
--------------------------------------------------
separating paper......
process carried out at separation unit ID: 1367612102
{ recyclable of type P dropped into box....}
Box has ID: 2030294088
--------------------------------------------------
separating paper......
process carried out at separation unit ID: 1367612102
{ recyclable of type P dropped into box....}
Box has ID: 2030294088
--------------------------------------------------
separating paper......
process carried out at separation unit ID: 1367612102
{ recyclable of type P dropped into box....}
Box has ID: 2030294088
--------------------------------------------------
separating paper......
process carried out at separation unit ID: 1367612102
{ recyclable of type P dropped into box....}
Box has ID: 2030294088
--------------------------------------------------
separating paper......
process carried out at separation unit ID: 1367612102
{ recyclable of type P dropped into box....}
Box has ID: 2030294088
--------------------------------------------------
separating paper......
process carried out at separation unit ID: 1367612102
{ recyclable of type P dropped into box....}
Box has ID: 2030294088
--------------------------------------------------
separating paper......
process carried out at separation unit ID: 1367612102
{ recyclable of type P dropped into box....}
Box has ID: 2030294088
--------------------------------------------------
separating paper......
process carried out at separation unit ID: 1367612102
{ recyclable of type P dropped into box....}
Box has ID: 2030294088
--------------------------------------------------
separating paper......
process carried out at separation unit ID: 1367612102
{ recyclable of type P dropped into box....}
Box has ID: 2030294088
--------------------------------------------------
separating paper......
process carried out at separation unit ID: 1367612102
{ recyclable of type P dropped into box....}
Box has ID: 2030294088
--------------------------------------------------
separating paper......
process carried out at separation unit ID: 1367612102
{ recyclable of type P dropped into box....}
Box has ID: 2030294088
--------------------------------------------------
separating paper......
process carried out at separation unit ID: 1367612102
{ recyclable of type P dropped into box....}
Box has ID: 2030294088
--------------------------------------------------
separating paper......
process carried out at separation unit ID: 1367612102
{ recyclable of type P dropped into box....}
Box has ID: 2030294088
--------------------------------------------------
separating paper......
process carried out at separation unit ID: 1367612102
{ recyclable of type P dropped into box....}
Box has ID: 2030294088
--------------------------------------------------
separating paper......
process carried out at separation unit ID: 1367612102
{ recyclable of type P dropped into box....}
Box has ID: 2030294088
--------------------------------------------------
separating paper......
process carried out at separation unit ID: 1367612102
{ recyclable of type P dropped into box....}
Box has ID: 2030294088
--------------------------------------------------
separating paper......
process carried out at separation unit ID: 1367612102
{ recyclable of type P dropped into box....}
Box has ID: 2030294088
--------------------------------------------------
separating paper......
process carried out at separation unit ID: 1367612102
{ recyclable of type P dropped into box....}
Box has ID: 2030294088
--------------------------------------------------
separating paper......
process carried out at separation unit ID: 1367612102
{ recyclable of type P dropped into box....}
Box has ID: 2030294088
--------------------------------------------------
separating paper......
process carried out at separation unit ID: 1367612102
{ recyclable of type P dropped into box....}
Box has ID: 2030294088
--------------------------------------------------
separating paper......
process carried out at separation unit ID: 1367612102
{ recyclable of type P dropped into box....}
Box has ID: 2030294088
--------------------------------------------------
separating paper......
process carried out at separation unit ID: 1367612102
{ recyclable of type P dropped into box....}
Box has ID: 2030294088
--------------------------------------------------
separating paper......
process carried out at separation unit ID: 1367612102
{ recyclable of type P dropped into box....}
Box has ID: 2030294088
--------------------------------------------------
separating paper......
process carried out at separation unit ID: 1367612102
{ recyclable of type P dropped into box....}
Box has ID: 2030294088
--------------------------------------------------
separating paper......
process carried out at separation unit ID: 1367612102
{ recyclable of type P dropped into box....}
Box has ID: 2030294088
--------------------------------------------------
separating paper......
process carried out at separation unit ID: 1367612102
{ recyclable of type P dropped into box....}
Box has ID: 2030294088
--------------------------------------------------
separating paper......
process carried out at separation unit ID: 1367612102
{ recyclable of type P dropped into box....}
Box has ID: 2030294088
--------------------------------------------------
separating paper......
process carried out at separation unit ID: 1367612102
{ recyclable of type P dropped into box....}
Box has ID: 2030294088
--------------------------------------------------
separating paper......
process carried out at separation unit ID: 1367612102
{ recyclable of type P dropped into box....}
Box has ID: 2030294088
--------------------------------------------------
separating paper......
process carried out at separation unit ID: 1367612102
{ recyclable of type P dropped into box....}
Box has ID: 2030294088
--------------------------------------------------
separating paper......
process carried out at separation unit ID: 1367612102
{ recyclable of type P dropped into box....}
Box has ID: 2030294088
--------------------------------------------------
separating paper......
process carried out at separation unit ID: 1367612102
{ recyclable of type P dropped into box....}
Box has ID: 2030294088
--------------------------------------------------
separating paper......
process carried out at separation unit ID: 1367612102
{ recyclable of type P dropped into box....}
Box has ID: 2030294088
--------------------------------------------------
separating paper......
process carried out at separation unit ID: 1367612102
{ recyclable of type P dropped into box....}
Box has ID: 2030294088
--------------------------------------------------
separating paper......
process carried out at separation unit ID: 1367612102
{ recyclable of type P dropped into box....}
Box has ID: 2030294088
--------------------------------------------------
separating paper......
process carried out at separation unit ID: 1367612102
{ recyclable of type P dropped into box....}
Box has ID: 2030294088
--------------------------------------------------
separating paper......
process carried out at separation unit ID: 1367612102
{ recyclable of type P dropped into box....}
Box has ID: 2030294088
--------------------------------------------------
separating paper......
process carried out at separation unit ID: 1367612102
{ recyclable of type P dropped into box....}
Box has ID: 2030294088
--------------------------------------------------
separating paper......
process carried out at separation unit ID: 1367612102
{ recyclable of type P dropped into box....}
Box has ID: 2030294088
--------------------------------------------------
separating paper......
process carried out at separation unit ID: 1367612102
{ recyclable of type P dropped into box....}
Box has ID: 2030294088
--------------------------------------------------
separating paper......
process carried out at separation unit ID: 1367612102
{ recyclable of type P dropped into box....}
Box has ID: 2030294088
--------------------------------------------------
separating paper......
process carried out at separation unit ID: 1367612102
{ recyclable of type P dropped into box....}
Box has ID: 2030294088
--------------------------------------------------
separating paper......
process carried out at separation unit ID: 1367612102
{ recyclable of type P dropped into box....}
Box has ID: 2030294088
--------------------------------------------------
separating paper......
process carried out at separation unit ID: 1367612102
{ recyclable of type P dropped into box....}
Box has ID: 2030294088
--------------------------------------------------
separating paper......
process carried out at separation unit ID: 1367612102
{ recyclable of type P dropped into box....}
Box has ID: 2030294088
--------------------------------------------------
separating paper......
process carried out at separation unit ID: 1367612102
{ recyclable of type P dropped into box....}
Box has ID: 2030294088
--------------------------------------------------
separating paper......
process carried out at separation unit ID: 1367612102
{ recyclable of type P dropped into box....}
Box has ID: 2030294088
--------------------------------------------------
separating paper......
process carried out at separation unit ID: 1367612102
{ recyclable of type P dropped into box....}
Box has ID: 2030294088
--------------------------------------------------
separating paper......
process carried out at separation unit ID: 1367612102
{ recyclable of type P dropped into box....}
Box has ID: 2030294088
--------------------------------------------------
separating paper......
process carried out at separation unit ID: 1367612102
{ recyclable of type P dropped into box....}
Box has ID: 2030294088
--------------------------------------------------
separating paper......
process carried out at separation unit ID: 1367612102
{ recyclable of type P dropped into box....}
Box has ID: 2030294088
--------------------------------------------------
separating paper......
process carried out at separation unit ID: 1367612102
{ recyclable of type P dropped into box....}
Box has ID: 2030294088
--------------------------------------------------
separating paper......
process carried out at separation unit ID: 1367612102
{ recyclable of type P dropped into box....}
Box has ID: 2030294088
--------------------------------------------------
separating paper......
process carried out at separation unit ID: 1367612102
{ recyclable of type P dropped into box....}
Box has ID: 2030294088
--------------------------------------------------
separating paper......
process carried out at separation unit ID: 1367612102
{ recyclable of type P dropped into box....}
Box has ID: 2030294088
--------------------------------------------------
separating paper......
process carried out at separation unit ID: 1367612102
{ recyclable of type P dropped into box....}
Box has ID: 2030294088
--------------------------------------------------
separating paper......
process carried out at separation unit ID: 1367612102
{ recyclable of type P dropped into box....}
Box has ID: 2030294088
--------------------------------------------------
separating paper......
process carried out at separation unit ID: 1367612102
{ recyclable of type P dropped into box....}
Box has ID: 2030294088
--------------------------------------------------
separating paper......
process carried out at separation unit ID: 1367612102
{ recyclable of type P dropped into box....}
Box has ID: 2030294088
--------------------------------------------------
separating paper......
process carried out at separation unit ID: 1367612102
{ recyclable of type P dropped into box....}
Box has ID: 2030294088
--------------------------------------------------
separating paper......
process carried out at separation unit ID: 1367612102
{ recyclable of type P dropped into box....}
Box has ID: 2030294088
--------------------------------------------------
separating paper......
process carried out at separation unit ID: 1367612102
{ recyclable of type P dropped into box....}
Box has ID: 2030294088
--------------------------------------------------
separating paper......
process carried out at separation unit ID: 1367612102
{ recyclable of type P dropped into box....}
Box has ID: 2030294088
--------------------------------------------------
separating paper......
process carried out at separation unit ID: 1367612102
{ recyclable of type P dropped into box....}
Box has ID: 2030294088
--------------------------------------------------
separating paper......
process carried out at separation unit ID: 1367612102
{ recyclable of type P dropped into box....}
Box has ID: 2030294088
--------------------------------------------------
separating paper......
process carried out at separation unit ID: 1367612102
{ recyclable of type P dropped into box....}
Box has ID: 2030294088
--------------------------------------------------
separating paper......
process carried out at separation unit ID: 1367612102
{ recyclable of type P dropped into box....}
Box has ID: 2030294088
--------------------------------------------------
separating paper......
process carried out at separation unit ID: 1367612102
{ recyclable of type P dropped into box....}
Box has ID: 2030294088
--------------------------------------------------
separating paper......
process carried out at separation unit ID: 1367612102
{ recyclable of type P dropped into box....}
Box has ID: 2030294088
--------------------------------------------------
separating paper......
process carried out at separation unit ID: 1367612102
{ recyclable of type P dropped into box....}
Box has ID: 2030294088
--------------------------------------------------
separating paper......
process carried out at separation unit ID: 1367612102
{ recyclable of type P dropped into box....}
Box has ID: 2030294088
--------------------------------------------------
separating paper......
process carried out at separation unit ID: 1367612102
{ recyclable of type P dropped into box....}
Box has ID: 2030294088
--------------------------------------------------
separating paper......
process carried out at separation unit ID: 1367612102
{ recyclable of type P dropped into box....}
Box has ID: 2030294088
--------------------------------------------------
separating paper......
process carried out at separation unit ID: 1367612102
{ recyclable of type P dropped into box....}
Box has ID: 2030294088
--------------------------------------------------
separating paper......
process carried out at separation unit ID: 1367612102
{ recyclable of type P dropped into box....}
Box has ID: 2030294088
--------------------------------------------------
separating paper......
process carried out at separation unit ID: 1367612102
{ recyclable of type P dropped into box....}
Box has ID: 2030294088
--------------------------------------------------
separating paper......
process carried out at separation unit ID: 1367612102
{ recyclable of type P dropped into box....}
Box has ID: 2030294088
--------------------------------------------------
separating paper......
process carried out at separation unit ID: 1367612102
{ recyclable of type P dropped into box....}
Box has ID: 2030294088
--------------------------------------------------
separating paper......
process carried out at separation unit ID: 1367612102
{ recyclable of type P dropped into box....}
Box has ID: 2030294088
--------------------------------------------------
separating paper......
process carried out at separation unit ID: 1367612102
{ recyclable of type P dropped into box....}
Box has ID: 2030294088
--------------------------------------------------
separating paper......
process carried out at separation unit ID: 1367612102
{ recyclable of type P dropped into box....}
Box has ID: 2030294088
--------------------------------------------------
separating paper......
process carried out at separation unit ID: 1367612102
{ recyclable of type P dropped into box....}
Box has ID: 2030294088
--------------------------------------------------
separating paper......
process carried out at separation unit ID: 1367612102
{ recyclable of type P dropped into box....}
Box has ID: 2030294088
--------------------------------------------------
separating paper......
process carried out at separation unit ID: 1367612102
{ recyclable of type P dropped into box....}
Box has ID: 2030294088
--------------------------------------------------
separating paper......
process carried out at separation unit ID: 1367612102
{ recyclable of type P dropped into box....}
Box has ID: 2030294088
--------------------------------------------------
separating paper......
process carried out at separation unit ID: 1367612102
{ recyclable of type P dropped into box....}
Box has ID: 2030294088
--------------------------------------------------
separating paper......
process carried out at separation unit ID: 1367612102
{ recyclable of type P dropped into box....}
Box has ID: 2030294088
--------------------------------------------------
separating paper......
process carried out at separation unit ID: 1367612102
{ recyclable of type P dropped into box....}
Box has ID: 2030294088
--------------------------------------------------
separating paper......
process carried out at separation unit ID: 1367612102
{ recyclable of type P dropped into box....}
Box has ID: 2030294088
--------------------------------------------------
separating paper......
process carried out at separation unit ID: 1367612102
{ recyclable of type P dropped into box....}
Box has ID: 2030294088
--------------------------------------------------
separating paper......
process carried out at separation unit ID: 1367612102
{ recyclable of type P dropped into box....}
Box has ID: 2030294088
--------------------------------------------------
separating paper......
process carried out at separation unit ID: 1367612102
{ recyclable of type P dropped into box....}
Box has ID: 2030294088
--------------------------------------------------
separating paper......
process carried out at separation unit ID: 1367612102
{ recyclable of type P dropped into box....}
Box has ID: 2030294088
--------------------------------------------------
separating paper......
process carried out at separation unit ID: 1367612102
{ recyclable of type P dropped into box....}
Box has ID: 2030294088
--------------------------------------------------
separating paper......
process carried out at separation unit ID: 1367612102
{ recyclable of type P dropped into box....}
Box has ID: 2030294088
--------------------------------------------------
separating paper......
process carried out at separation unit ID: 1367612102
{ recyclable of type P dropped into box....}
Box has ID: 2030294088
--------------------------------------------------
separating paper......
process carried out at separation unit ID: 1367612102
{ recyclable of type P dropped into box....}
Box has ID: 2030294088
--------------------------------------------------
separating paper......
process carried out at separation unit ID: 1367612102
{ recyclable of type P dropped into box....}
Box has ID: 2030294088
--------------------------------------------------
separating paper......
process carried out at separation unit ID: 1367612102
{ recyclable of type P dropped into box....}
Box has ID: 2030294088
--------------------------------------------------
separating paper......
process carried out at separation unit ID: 1367612102
{ recyclable of type P dropped into box....}
Box has ID: 2030294088
--------------------------------------------------
separating paper......
process carried out at separation unit ID: 1367612102
{ recyclable of type P dropped into box....}
Box has ID: 2030294088
--------------------------------------------------
separating paper......
process carried out at separation unit ID: 1367612102
{ recyclable of type P dropped into box....}
Box has ID: 2030294088
--------------------------------------------------
separating paper......
process carried out at separation unit ID: 1367612102
{ recyclable of type P dropped into box....}
Box has ID: 2030294088
--------------------------------------------------
separating paper......
process carried out at separation unit ID: 1367612102
{ recyclable of type P dropped into box....}
Box has ID: 2030294088
--------------------------------------------------
separating paper......
process carried out at separation unit ID: 1367612102
{ recyclable of type P dropped into box....}
Box has ID: 2030294088
--------------------------------------------------
separating paper......
process carried out at separation unit ID: 1367612102
{ recyclable of type P dropped into box....}
Box has ID: 2030294088
--------------------------------------------------
separating paper......
process carried out at separation unit ID: 1367612102
{ recyclable of type P dropped into box....}
Box has ID: 2030294088
--------------------------------------------------
separating paper......
process carried out at separation unit ID: 1367612102
{ recyclable of type P dropped into box....}
Box has ID: 2030294088
--------------------------------------------------
separating paper......
process carried out at separation unit ID: 1367612102
{ recyclable of type P dropped into box....}
Box has ID: 2030294088
--------------------------------------------------
separating paper......
process carried out at separation unit ID: 1367612102
{ recyclable of type P dropped into box....}
Box has ID: 2030294088
--------------------------------------------------
separating paper......
process carried out at separation unit ID: 1367612102
{ recyclable of type P dropped into box....}
Box has ID: 2030294088
--------------------------------------------------
separating paper......
process carried out at separation unit ID: 1367612102
{ recyclable of type P dropped into box....}
Box has ID: 2030294088
--------------------------------------------------
separating paper......
process carried out at separation unit ID: 1367612102
{ recyclable of type P dropped into box....}
Box has ID: 2030294088
--------------------------------------------------
separating paper......
process carried out at separation unit ID: 1367612102
{ recyclable of type P dropped into box....}
Box has ID: 2030294088
--------------------------------------------------
separating paper......
process carried out at separation unit ID: 1367612102
{ recyclable of type P dropped into box....}
Box has ID: 2030294088
--------------------------------------------------
separating paper......
process carried out at separation unit ID: 1367612102
{ recyclable of type P dropped into box....}
Box has ID: 2030294088
--------------------------------------------------
separating paper......
process carried out at separation unit ID: 1367612102
{ recyclable of type P dropped into box....}
Box has ID: 2030294088
--------------------------------------------------
separating paper......
process carried out at separation unit ID: 1367612102
{ recyclable of type P dropped into box....}
Box has ID: 2030294088
--------------------------------------------------
separating paper......
process carried out at separation unit ID: 1367612102
{ recyclable of type P dropped into box....}
Box has ID: 2030294088
--------------------------------------------------
separating paper......
process carried out at separation unit ID: 1367612102
{ recyclable of type P dropped into box....}
Box has ID: 2030294088
--------------------------------------------------
separating paper......
process carried out at separation unit ID: 1367612102
{ recyclable of type P dropped into box....}
Box has ID: 2030294088
--------------------------------------------------
separating paper......
process carried out at separation unit ID: 1367612102
{ recyclable of type P dropped into box....}
Box has ID: 2030294088
--------------------------------------------------
separating paper......
process carried out at separation unit ID: 1367612102
{ recyclable of type P dropped into box....}
Box has ID: 2030294088
--------------------------------------------------
separating paper......
process carried out at separation unit ID: 1367612102
{ recyclable of type P dropped into box....}
Box has ID: 2030294088
--------------------------------------------------
separating paper......
process carried out at separation unit ID: 1367612102
{ recyclable of type P dropped into box....}
Box has ID: 2030294088
--------------------------------------------------
separating paper......
process carried out at separation unit ID: 1367612102
{ recyclable of type P dropped into box....}
Box has ID: 2030294088
--------------------------------------------------
separating paper......
process carried out at separation unit ID: 1367612102
{ recyclable of type P dropped into box....}
Box has ID: 2030294088
--------------------------------------------------
separating paper......
process carried out at separation unit ID: 1367612102
{ recyclable of type P dropped into box....}
Box has ID: 2030294088
--------------------------------------------------
separating paper......
process carried out at separation unit ID: 1367612102
{ recyclable of type P dropped into box....}
Box has ID: 2030294088
--------------------------------------------------
separating paper......
process carried out at separation unit ID: 1367612102
{ recyclable of type P dropped into box....}
Box has ID: 2030294088
--------------------------------------------------
separating paper......
process carried out at separation unit ID: 1367612102
{ recyclable of type P dropped into box....}
Box has ID: 2030294088
--------------------------------------------------
separating paper......
process carried out at separation unit ID: 1367612102
{ recyclable of type P dropped into box....}
Box has ID: 2030294088
--------------------------------------------------
separating paper......
process carried out at separation unit ID: 1367612102
{ recyclable of type P dropped into box....}
Box has ID: 2030294088
--------------------------------------------------
separating paper......
process carried out at separation unit ID: 1367612102
{ recyclable of type P dropped into box....}
Box has ID: 2030294088
--------------------------------------------------
separating paper......
process carried out at separation unit ID: 1367612102
{ recyclable of type P dropped into box....}
Box has ID: 2030294088
--------------------------------------------------
separating paper......
process carried out at separation unit ID: 1367612102
{ recyclable of type P dropped into box....}
Box has ID: 2030294088
--------------------------------------------------
separating paper......
process carried out at separation unit ID: 1367612102
{ recyclable of type P dropped into box....}
Box has ID: 2030294088
--------------------------------------------------
separating paper......
process carried out at separation unit ID: 1367612102
{ recyclable of type P dropped into box....}
Box has ID: 2030294088
--------------------------------------------------
separating paper......
process carried out at separation unit ID: 1367612102
{ recyclable of type P dropped into box....}
Box has ID: 2030294088
--------------------------------------------------
separating paper......
process carried out at separation unit ID: 1367612102
{ recyclable of type P dropped into box....}
Box has ID: 2030294088
--------------------------------------------------
separating paper......
process carried out at separation unit ID: 1367612102
{ recyclable of type P dropped into box....}
Box has ID: 2030294088
--------------------------------------------------
separating paper......
process carried out at separation unit ID: 1367612102
{ recyclable of type P dropped into box....}
Box has ID: 2030294088
--------------------------------------------------
separating paper......
process carried out at separation unit ID: 1367612102
{ recyclable of type P dropped into box....}
Box has ID: 2030294088
--------------------------------------------------
separating paper......
process carried out at separation unit ID: 1367612102
{ recyclable of type P dropped into box....}
Box has ID: 2030294088
--------------------------------------------------
separating paper......
process carried out at separation unit ID: 1367612102
{ recyclable of type P dropped into box....}
Box has ID: 2030294088
--------------------------------------------------
separating paper......
process carried out at separation unit ID: 1367612102
{ recyclable of type P dropped into box....}
Box has ID: 2030294088
--------------------------------------------------
separating paper......
process carried out at separation unit ID: 1367612102
{ recyclable of type P dropped into box....}
Box has ID: 2030294088
--------------------------------------------------
separating paper......
process carried out at separation unit ID: 1367612102
{ recyclable of type P dropped into box....}
Box has ID: 2030294088
--------------------------------------------------
separating paper......
process carried out at separation unit ID: 1367612102
{ recyclable of type P dropped into box....}
Box has ID: 2030294088
--------------------------------------------------
separating paper......
process carried out at separation unit ID: 1367612102
{ recyclable of type P dropped into box....}
Box has ID: 2030294088
--------------------------------------------------
separating paper......
process carried out at separation unit ID: 1367612102
{ recyclable of type P dropped into box....}
Box has ID: 2030294088
--------------------------------------------------
separating paper......
process carried out at separation unit ID: 1367612102
{ recyclable of type P dropped into box....}
Box has ID: 2030294088
--------------------------------------------------
separating paper......
process carried out at separation unit ID: 1367612102
{ recyclable of type P dropped into box....}
Box has ID: 2030294088
--------------------------------------------------
separating paper......
process carried out at separation unit ID: 1367612102
{ recyclable of type P dropped into box....}
Box has ID: 2030294088
--------------------------------------------------
separating paper......
process carried out at separation unit ID: 1367612102
{ recyclable of type P dropped into box....}
Box has ID: 2030294088
--------------------------------------------------
separating paper......
process carried out at separation unit ID: 1367612102
{ recyclable of type P dropped into box....}
Box has ID: 2030294088
--------------------------------------------------
separating paper......
process carried out at separation unit ID: 1367612102
{ recyclable of type P dropped into box....}
Box has ID: 2030294088
--------------------------------------------------
separating paper......
process carried out at separation unit ID: 1367612102
{ recyclable of type P dropped into box....}
Box has ID: 2030294088
--------------------------------------------------
separating paper......
process carried out at separation unit ID: 1367612102
{ recyclable of type P dropped into box....}
Box has ID: 2030294088
--------------------------------------------------
separating paper......
process carried out at separation unit ID: 1367612102
{ recyclable of type P dropped into box....}
Box has ID: 2030294088
--------------------------------------------------
separating paper......
process carried out at separation unit ID: 1367612102
{ recyclable of type P dropped into box....}
Box has ID: 2030294088
--------------------------------------------------
separating paper......
process carried out at separation unit ID: 1367612102
{ recyclable of type P dropped into box....}
Box has ID: 2030294088
--------------------------------------------------
separating paper......
process carried out at separation unit ID: 1367612102
{ recyclable of type P dropped into box....}
Box has ID: 2030294088
--------------------------------------------------
separating paper......
process carried out at separation unit ID: 1367612102
{ recyclable of type P dropped into box....}
Box has ID: 2030294088
--------------------------------------------------
separating paper......
process carried out at separation unit ID: 1367612102
{ recyclable of type P dropped into box....}
Box has ID: 2030294088
--------------------------------------------------
separating paper......
process carried out at separation unit ID: 1367612102
{ recyclable of type P dropped into box....}
Box has ID: 2030294088
--------------------------------------------------
separating paper......
process carried out at separation unit ID: 1367612102
{ recyclable of type P dropped into box....}
Box has ID: 2030294088
--------------------------------------------------
separating paper......
process carried out at separation unit ID: 1367612102
{ recyclable of type P dropped into box....}
Box has ID: 2030294088
--------------------------------------------------
separating paper......
process carried out at separation unit ID: 1367612102
{ recyclable of type P dropped into box....}
Box has ID: 2030294088
--------------------------------------------------
separating paper......
process carried out at separation unit ID: 1367612102
{ recyclable of type P dropped into box....}
Box has ID: 2030294088
--------------------------------------------------
separating paper......
process carried out at separation unit ID: 1367612102
{ recyclable of type P dropped into box....}
Box has ID: 2030294088
--------------------------------------------------
separating paper......
process carried out at separation unit ID: 1367612102
{ recyclable of type P dropped into box....}
Box has ID: 2030294088
--------------------------------------------------
separating paper......
process carried out at separation unit ID: 1367612102
{ recyclable of type P dropped into box....}
Box has ID: 2030294088
--------------------------------------------------
separating paper......
process carried out at separation unit ID: 1367612102
{ recyclable of type P dropped into box....}
Box has ID: 2030294088
--------------------------------------------------
separating paper......
process carried out at separation unit ID: 1367612102
{ recyclable of type P dropped into box....}
Box has ID: 2030294088
--------------------------------------------------
separating paper......
process carried out at separation unit ID: 1367612102
{ recyclable of type P dropped into box....}
Box has ID: 2030294088
--------------------------------------------------
separating paper......
process carried out at separation unit ID: 1367612102
{ recyclable of type P dropped into box....}
Box has ID: 2030294088
--------------------------------------------------
separating paper......
process carried out at separation unit ID: 1367612102
{ recyclable of type P dropped into box....}
Box has ID: 2030294088
--------------------------------------------------
separating paper......
process carried out at separation unit ID: 1367612102
{ recyclable of type P dropped into box....}
Box has ID: 2030294088
--------------------------------------------------
separating paper......
process carried out at separation unit ID: 1367612102
{ recyclable of type P dropped into box....}
Box has ID: 2030294088
--------------------------------------------------
separating paper......
process carried out at separation unit ID: 1367612102
{ recyclable of type P dropped into box....}
Box has ID: 2030294088
--------------------------------------------------
separating paper......
process carried out at separation unit ID: 1367612102
{ recyclable of type P dropped into box....}
Box has ID: 2030294088
--------------------------------------------------
separating paper......
process carried out at separation unit ID: 1367612102
{ recyclable of type P dropped into box....}
Box has ID: 2030294088
--------------------------------------------------
separating paper......
process carried out at separation unit ID: 1367612102
{ recyclable of type P dropped into box....}
Box has ID: 2030294088
--------------------------------------------------
separating paper......
process carried out at separation unit ID: 1367612102
{ recyclable of type P dropped into box....}
Box has ID: 2030294088
--------------------------------------------------
separating paper......
process carried out at separation unit ID: 1367612102
{ recyclable of type P dropped into box....}
Box has ID: 2030294088
--------------------------------------------------
separating paper......
process carried out at separation unit ID: 1367612102
{ recyclable of type P dropped into box....}
Box has ID: 2030294088
--------------------------------------------------
separating paper......
process carried out at separation unit ID: 1367612102
{ recyclable of type P dropped into box....}
Box has ID: 2030294088
--------------------------------------------------
separating paper......
process carried out at separation unit ID: 1367612102
{ recyclable of type P dropped into box....}
Box has ID: 2030294088
--------------------------------------------------
separating paper......
process carried out at separation unit ID: 1367612102
{ recyclable of type P dropped into box....}
Box has ID: 2030294088
--------------------------------------------------
separating paper......
process carried out at separation unit ID: 1367612102
{ recyclable of type P dropped into box....}
Box has ID: 2030294088
--------------------------------------------------
separating paper......
process carried out at separation unit ID: 1367612102
{ recyclable of type P dropped into box....}
Box has ID: 2030294088
--------------------------------------------------
separating paper......
process carried out at separation unit ID: 1367612102
{ recyclable of type P dropped into box....}
Box has ID: 2030294088
--------------------------------------------------
separating paper......
process carried out at separation unit ID: 1367612102
{ recyclable of type P dropped into box....}
Box has ID: 2030294088
--------------------------------------------------
separating paper......
process carried out at separation unit ID: 1367612102
{ recyclable of type P dropped into box....}
Box has ID: 2030294088
--------------------------------------------------
separating paper......
process carried out at separation unit ID: 1367612102
{ recyclable of type P dropped into box....}
Box has ID: 2030294088
--------------------------------------------------
separating paper......
process carried out at separation unit ID: 1367612102
{ recyclable of type P dropped into box....}
Box has ID: 2030294088
--------------------------------------------------
separating paper......
process carried out at separation unit ID: 1367612102
{ recyclable of type P dropped into box....}
Box has ID: 2030294088
--------------------------------------------------
separating paper......
process carried out at separation unit ID: 1367612102
{ recyclable of type P dropped into box....}
Box has ID: 2030294088
--------------------------------------------------
separating paper......
process carried out at separation unit ID: 1367612102
{ recyclable of type P dropped into box....}
Box has ID: 2030294088
--------------------------------------------------
separating paper......
process carried out at separation unit ID: 1367612102
{ recyclable of type P dropped into box....}
Box has ID: 2030294088
--------------------------------------------------
separating paper......
process carried out at separation unit ID: 1367612102
{ recyclable of type P dropped into box....}
Box has ID: 2030294088
--------------------------------------------------
separating paper......
process carried out at separation unit ID: 1367612102
{ recyclable of type P dropped into box....}
Box has ID: 2030294088
--------------------------------------------------
separating paper......
process carried out at separation unit ID: 1367612102
{ recyclable of type P dropped into box....}
Box has ID: 2030294088
--------------------------------------------------
separating paper......
process carried out at separation unit ID: 1367612102
{ recyclable of type P dropped into box....}
Box has ID: 2030294088
--------------------------------------------------
separating paper......
process carried out at separation unit ID: 1367612102
{ recyclable of type P dropped into box....}
Box has ID: 2030294088
--------------------------------------------------
separating paper......
process carried out at separation unit ID: 1367612102
{ recyclable of type P dropped into box....}
Box has ID: 2030294088
--------------------------------------------------
separating paper......
process carried out at separation unit ID: 1367612102
{ recyclable of type P dropped into box....}
Box has ID: 2030294088
--------------------------------------------------
separating paper......
process carried out at separation unit ID: 1367612102
{ recyclable of type P dropped into box....}
Box has ID: 2030294088
--------------------------------------------------
separating paper......
process carried out at separation unit ID: 1367612102
{ recyclable of type P dropped into box....}
Box has ID: 2030294088
--------------------------------------------------
separating paper......
process carried out at separation unit ID: 1367612102
{ recyclable of type P dropped into box....}
Box has ID: 2030294088
--------------------------------------------------
separating paper......
process carried out at separation unit ID: 1367612102
{ recyclable of type P dropped into box....}
Box has ID: 2030294088
--------------------------------------------------
separating paper......
process carried out at separation unit ID: 1367612102
{ recyclable of type P dropped into box....}
Box has ID: 2030294088
--------------------------------------------------
separating paper......
process carried out at separation unit ID: 1367612102
{ recyclable of type P dropped into box....}
Box has ID: 2030294088
--------------------------------------------------
separating paper......
process carried out at separation unit ID: 1367612102
{ recyclable of type P dropped into box....}
Box has ID: 2030294088
--------------------------------------------------
separating paper......
process carried out at separation unit ID: 1367612102
{ recyclable of type P dropped into box....}
Box has ID: 2030294088
--------------------------------------------------
separating paper......
process carried out at separation unit ID: 1367612102
{ recyclable of type P dropped into box....}
Box has ID: 2030294088
--------------------------------------------------
separating paper......
process carried out at separation unit ID: 1367612102
{ recyclable of type P dropped into box....}
Box has ID: 2030294088
--------------------------------------------------
separating paper......
process carried out at separation unit ID: 1367612102
{ recyclable of type P dropped into box....}
Box has ID: 2030294088
--------------------------------------------------
separating paper......
process carried out at separation unit ID: 1367612102
{ recyclable of type P dropped into box....}
Box has ID: 2030294088
--------------------------------------------------
separating paper......
process carried out at separation unit ID: 1367612102
{ recyclable of type P dropped into box....}
Box has ID: 2030294088
--------------------------------------------------
separating paper......
process carried out at separation unit ID: 1367612102
{ recyclable of type P dropped into box....}
Box has ID: 2030294088
--------------------------------------------------
separating paper......
process carried out at separation unit ID: 1367612102
{ recyclable of type P dropped into box....}
Box has ID: 2030294088
--------------------------------------------------
separating paper......
process carried out at separation unit ID: 1367612102
{ recyclable of type P dropped into box....}
Box has ID: 2030294088
--------------------------------------------------
separating paper......
process carried out at separation unit ID: 1367612102
{ recyclable of type P dropped into box....}
Box has ID: 2030294088
--------------------------------------------------
separating paper......
process carried out at separation unit ID: 1367612102
{ recyclable of type P dropped into box....}
Box has ID: 2030294088
--------------------------------------------------
separating paper......
process carried out at separation unit ID: 1367612102
{ recyclable of type P dropped into box....}
Box has ID: 2030294088
--------------------------------------------------
separating paper......
process carried out at separation unit ID: 1367612102
{ recyclable of type P dropped into box....}
Box has ID: 2030294088
--------------------------------------------------
separating paper......
process carried out at separation unit ID: 1367612102
{ recyclable of type P dropped into box....}
Box has ID: 2030294088
--------------------------------------------------
separating paper......
process carried out at separation unit ID: 1367612102
{ recyclable of type P dropped into box....}
Box has ID: 2030294088
--------------------------------------------------
separating paper......
process carried out at separation unit ID: 1367612102
{ recyclable of type P dropped into box....}
Box has ID: 2030294088
--------------------------------------------------
separating paper......
process carried out at separation unit ID: 1367612102
{ recyclable of type P dropped into box....}
Box has ID: 2030294088
--------------------------------------------------
separating paper......
process carried out at separation unit ID: 1367612102
{ recyclable of type P dropped into box....}
Box has ID: 2030294088
--------------------------------------------------
separating paper......
process carried out at separation unit ID: 1367612102
{ recyclable of type P dropped into box....}
Box has ID: 2030294088
--------------------------------------------------
separating paper......
process carried out at separation unit ID: 1367612102
{ recyclable of type P dropped into box....}
Box has ID: 2030294088
--------------------------------------------------
separating paper......
process carried out at separation unit ID: 1367612102
{ recyclable of type P dropped into box....}
Box has ID: 2030294088
--------------------------------------------------
separating paper......
process carried out at separation unit ID: 1367612102
{ recyclable of type P dropped into box....}
Box has ID: 2030294088
--------------------------------------------------
separating paper......
process carried out at separation unit ID: 1367612102
{ recyclable of type P dropped into box....}
Box has ID: 2030294088
--------------------------------------------------
separating paper......
process carried out at separation unit ID: 1367612102
{ recyclable of type P dropped into box....}
Box has ID: 2030294088
--------------------------------------------------
separating paper......
process carried out at separation unit ID: 1367612102
{ recyclable of type P dropped into box....}
Box has ID: 2030294088
--------------------------------------------------
separating paper......
process carried out at separation unit ID: 1367612102
{ recyclable of type P dropped into box....}
Box has ID: 2030294088
--------------------------------------------------
separating paper......
process carried out at separation unit ID: 1367612102
{ recyclable of type P dropped into box....}
Box has ID: 2030294088
--------------------------------------------------
separating paper......
process carried out at separation unit ID: 1367612102
{ recyclable of type P dropped into box....}
Box has ID: 2030294088
--------------------------------------------------
separating paper......
process carried out at separation unit ID: 1367612102
{ recyclable of type P dropped into box....}
Box has ID: 2030294088
--------------------------------------------------
separating paper......
process carried out at separation unit ID: 1367612102
{ recyclable of type P dropped into box....}
Box has ID: 2030294088
--------------------------------------------------
separating paper......
process carried out at separation unit ID: 1367612102
{ recyclable of type P dropped into box....}
Box has ID: 2030294088
--------------------------------------------------
separating paper......
process carried out at separation unit ID: 1367612102
{ recyclable of type P dropped into box....}
Box has ID: 2030294088
--------------------------------------------------
separating paper......
process carried out at separation unit ID: 1367612102
{ recyclable of type P dropped into box....}
Box has ID: 2030294088
--------------------------------------------------
separating paper......
process carried out at separation unit ID: 1367612102
{ recyclable of type P dropped into box....}
Box has ID: 2030294088
--------------------------------------------------
separating paper......
process carried out at separation unit ID: 1367612102
{ recyclable of type P dropped into box....}
Box has ID: 2030294088
--------------------------------------------------
separating paper......
process carried out at separation unit ID: 1367612102
{ recyclable of type P dropped into box....}
Box has ID: 2030294088
--------------------------------------------------
separating paper......
process carried out at separation unit ID: 1367612102
{ recyclable of type P dropped into box....}
Box has ID: 2030294088
--------------------------------------------------
separating paper......
process carried out at separation unit ID: 1367612102
{ recyclable of type P dropped into box....}
Box has ID: 2030294088
--------------------------------------------------
separating paper......
process carried out at separation unit ID: 1367612102
{ recyclable of type P dropped into box....}
Box has ID: 2030294088
--------------------------------------------------
separating paper......
process carried out at separation unit ID: 1367612102
{ recyclable of type P dropped into box....}
Box has ID: 2030294088
--------------------------------------------------
separating paper......
process carried out at separation unit ID: 1367612102
{ recyclable of type P dropped into box....}
Box has ID: 2030294088
--------------------------------------------------
separating paper......
process carried out at separation unit ID: 1367612102
{ recyclable of type P dropped into box....}
Box has ID: 2030294088
--------------------------------------------------
separating paper......
process carried out at separation unit ID: 1367612102
{ recyclable of type P dropped into box....}
Box has ID: 2030294088
--------------------------------------------------
separating paper......
process carried out at separation unit ID: 1367612102
{ recyclable of type P dropped into box....}
Box has ID: 2030294088
--------------------------------------------------
separating paper......
process carried out at separation unit ID: 1367612102
{ recyclable of type P dropped into box....}
Box has ID: 2030294088
--------------------------------------------------
separating paper......
process carried out at separation unit ID: 1367612102
{ recyclable of type P dropped into box....}
Box has ID: 2030294088
--------------------------------------------------
separating paper......
process carried out at separation unit ID: 1367612102
{ recyclable of type P dropped into box....}
Box has ID: 2030294088
--------------------------------------------------
separating paper......
process carried out at separation unit ID: 1367612102
{ recyclable of type P dropped into box....}
Box has ID: 2030294088
--------------------------------------------------
separating paper......
process carried out at separation unit ID: 1367612102
{ recyclable of type P dropped into box....}
Box has ID: 2030294088
--------------------------------------------------
separating paper......
process carried out at separation unit ID: 1367612102
{ recyclable of type P dropped into box....}
Box has ID: 2030294088
--------------------------------------------------
separating paper......
process carried out at separation unit ID: 1367612102
{ recyclable of type P dropped into box....}
Box has ID: 2030294088
--------------------------------------------------
separating paper......
process carried out at separation unit ID: 1367612102
{ recyclable of type P dropped into box....}
Box has ID: 2030294088
--------------------------------------------------
separating paper......
process carried out at separation unit ID: 1367612102
{ recyclable of type P dropped into box....}
Box has ID: 2030294088
--------------------------------------------------
separating paper......
process carried out at separation unit ID: 1367612102
{ recyclable of type P dropped into box....}
Box has ID: 2030294088
--------------------------------------------------
separating paper......
process carried out at separation unit ID: 1367612102
{ recyclable of type P dropped into box....}
Box has ID: 2030294088
--------------------------------------------------
separating paper......
process carried out at separation unit ID: 1367612102
{ recyclable of type P dropped into box....}
Box has ID: 2030294088
--------------------------------------------------
separating paper......
process carried out at separation unit ID: 1367612102
{ recyclable of type P dropped into box....}
Box has ID: 2030294088
--------------------------------------------------
separating paper......
process carried out at separation unit ID: 1367612102
{ recyclable of type P dropped into box....}
Box has ID: 2030294088
--------------------------------------------------
separating paper......
process carried out at separation unit ID: 1367612102
{ recyclable of type P dropped into box....}
Box has ID: 2030294088
--------------------------------------------------
separating paper......
process carried out at separation unit ID: 1367612102
{ recyclable of type P dropped into box....}
Box has ID: 2030294088
--------------------------------------------------
separating paper......
process carried out at separation unit ID: 1367612102
{ recyclable of type P dropped into box....}
Box has ID: 2030294088
--------------------------------------------------
separating paper......
process carried out at separation unit ID: 1367612102
{ recyclable of type P dropped into box....}
Box has ID: 2030294088
--------------------------------------------------
separating paper......
process carried out at separation unit ID: 1367612102
{ recyclable of type P dropped into box....}
Box has ID: 2030294088
--------------------------------------------------
separating paper......
process carried out at separation unit ID: 1367612102
{ recyclable of type P dropped into box....}
Box has ID: 2030294088
--------------------------------------------------
separating paper......
process carried out at separation unit ID: 1367612102
{ recyclable of type P dropped into box....}
Box has ID: 2030294088
--------------------------------------------------
separating paper......
process carried out at separation unit ID: 1367612102
{ recyclable of type P dropped into box....}
Box has ID: 2030294088
--------------------------------------------------
separating paper......
process carried out at separation unit ID: 1367612102
{ recyclable of type P dropped into box....}
Box has ID: 2030294088
--------------------------------------------------
separating paper......
process carried out at separation unit ID: 1367612102
{ recyclable of type P dropped into box....}
Box has ID: 2030294088
--------------------------------------------------
separating paper......
process carried out at separation unit ID: 1367612102
{ recyclable of type P dropped into box....}
Box has ID: 2030294088
--------------------------------------------------
separating paper......
process carried out at separation unit ID: 1367612102
{ recyclable of type P dropped into box....}
Box has ID: 2030294088
--------------------------------------------------
separating paper......
process carried out at separation unit ID: 1367612102
{ recyclable of type P dropped into box....}
Box has ID: 2030294088
--------------------------------------------------
separating paper......
process carried out at separation unit ID: 1367612102
{ recyclable of type P dropped into box....}
Box has ID: 2030294088
--------------------------------------------------
separating paper......
process carried out at separation unit ID: 1367612102
{ recyclable of type P dropped into box....}
Box has ID: 2030294088
--------------------------------------------------
separating paper......
process carried out at separation unit ID: 1367612102
{ recyclable of type P dropped into box....}
Box has ID: 2030294088
--------------------------------------------------
separating paper......
process carried out at separation unit ID: 1367612102
{ recyclable of type P dropped into box....}
Box has ID: 2030294088
--------------------------------------------------
separating paper......
process carried out at separation unit ID: 1367612102
{ recyclable of type P dropped into box....}
Box has ID: 2030294088
--------------------------------------------------
separating paper......
process carried out at separation unit ID: 1367612102
{ recyclable of type P dropped into box....}
Box has ID: 2030294088
--------------------------------------------------
separating paper......
process carried out at separation unit ID: 1367612102
{ recyclable of type P dropped into box....}
Box has ID: 2030294088
--------------------------------------------------
separating paper......
process carried out at separation unit ID: 1367612102
{ recyclable of type P dropped into box....}
Box has ID: 2030294088
--------------------------------------------------
separating paper......
process carried out at separation unit ID: 1367612102
{ recyclable of type P dropped into box....}
Box has ID: 2030294088
--------------------------------------------------
separating paper......
process carried out at separation unit ID: 1367612102
{ recyclable of type P dropped into box....}
Box has ID: 2030294088
--------------------------------------------------
separating paper......
process carried out at separation unit ID: 1367612102
{ recyclable of type P dropped into box....}
Box has ID: 2030294088
--------------------------------------------------
separating paper......
process carried out at separation unit ID: 1367612102
{ recyclable of type P dropped into box....}
Box has ID: 2030294088
--------------------------------------------------
separating paper......
process carried out at separation unit ID: 1367612102
{ recyclable of type P dropped into box....}
Box has ID: 2030294088
--------------------------------------------------
separating paper......
process carried out at separation unit ID: 1367612102
{ recyclable of type P dropped into box....}
Box has ID: 2030294088
--------------------------------------------------
separating paper......
process carried out at separation unit ID: 1367612102
{ recyclable of type P dropped into box....}
Box has ID: 2030294088
--------------------------------------------------
separating paper......
process carried out at separation unit ID: 1367612102
{ recyclable of type P dropped into box....}
Box has ID: 2030294088
--------------------------------------------------
separating paper......
process carried out at separation unit ID: 1367612102
{ recyclable of type P dropped into box....}
Box has ID: 2030294088
--------------------------------------------------
separating paper......
process carried out at separation unit ID: 1367612102
{ recyclable of type P dropped into box....}
Box has ID: 2030294088
--------------------------------------------------
separating paper......
process carried out at separation unit ID: 1367612102
{ recyclable of type P dropped into box....}
Box has ID: 2030294088
--------------------------------------------------
separating paper......
process carried out at separation unit ID: 1367612102
{ recyclable of type P dropped into box....}
Box has ID: 2030294088
--------------------------------------------------
separating paper......
process carried out at separation unit ID: 1367612102
{ recyclable of type P dropped into box....}
Box has ID: 2030294088
--------------------------------------------------
separating paper......
process carried out at separation unit ID: 1367612102
{ recyclable of type P dropped into box....}
Box has ID: 2030294088
--------------------------------------------------
separating paper......
process carried out at separation unit ID: 1367612102
{ recyclable of type P dropped into box....}
Box has ID: 2030294088
--------------------------------------------------
separating paper......
process carried out at separation unit ID: 1367612102
{ recyclable of type P dropped into box....}
Box has ID: 2030294088
--------------------------------------------------
separating paper......
process carried out at separation unit ID: 1367612102
{ recyclable of type P dropped into box....}
Box has ID: 2030294088
--------------------------------------------------
separating paper......
process carried out at separation unit ID: 1367612102
{ recyclable of type P dropped into box....}
Box has ID: 2030294088
--------------------------------------------------
separating paper......
process carried out at separation unit ID: 1367612102
{ recyclable of type P dropped into box....}
Box has ID: 2030294088
--------------------------------------------------
separating paper......
process carried out at separation unit ID: 1367612102
{ recyclable of type P dropped into box....}
Box has ID: 2030294088
--------------------------------------------------
separating paper......
process carried out at separation unit ID: 1367612102
{ recyclable of type P dropped into box....}
Box has ID: 2030294088
--------------------------------------------------
separating paper......
process carried out at separation unit ID: 1367612102
{ recyclable of type P dropped into box....}
Box has ID: 2030294088
--------------------------------------------------
separating paper......
process carried out at separation unit ID: 1367612102
{ recyclable of type P dropped into box....}
Box has ID: 2030294088
--------------------------------------------------
separating paper......
process carried out at separation unit ID: 1367612102
{ recyclable of type P dropped into box....}
Box has ID: 2030294088
--------------------------------------------------
separating paper......
process carried out at separation unit ID: 1367612102
{ recyclable of type P dropped into box....}
Box has ID: 2030294088
--------------------------------------------------
separating paper......
process carried out at separation unit ID: 1367612102
{ recyclable of type P dropped into box....}
Box has ID: 2030294088
--------------------------------------------------
separating paper......
process carried out at separation unit ID: 1367612102
{ recyclable of type P dropped into box....}
Box has ID: 2030294088
--------------------------------------------------
separating paper......
process carried out at separation unit ID: 1367612102
{ recyclable of type P dropped into box....}
Box has ID: 2030294088
--------------------------------------------------
separating paper......
process carried out at separation unit ID: 1367612102
{ recyclable of type P dropped into box....}
Box has ID: 2030294088
--------------------------------------------------
separating paper......
process carried out at separation unit ID: 1367612102
{ recyclable of type P dropped into box....}
Box has ID: 2030294088
--------------------------------------------------
separating paper......
process carried out at separation unit ID: 1367612102
{ recyclable of type P dropped into box....}
Box has ID: 2030294088
--------------------------------------------------
separating paper......
process carried out at separation unit ID: 1367612102
{ recyclable of type P dropped into box....}
Box has ID: 2030294088
--------------------------------------------------
separating paper......
process carried out at separation unit ID: 1367612102
{ recyclable of type P dropped into box....}
Box has ID: 2030294088
--------------------------------------------------
separating paper......
process carried out at separation unit ID: 1367612102
{ recyclable of type P dropped into box....}
Box has ID: 2030294088
--------------------------------------------------
separating paper......
process carried out at separation unit ID: 1367612102
{ recyclable of type P dropped into box....}
Box has ID: 2030294088
--------------------------------------------------
separating paper......
process carried out at separation unit ID: 1367612102
{ recyclable of type P dropped into box....}
Box has ID: 2030294088
--------------------------------------------------
separating paper......
process carried out at separation unit ID: 1367612102
{ recyclable of type P dropped into box....}
Box has ID: 2030294088
--------------------------------------------------
separating paper......
process carried out at separation unit ID: 1367612102
{ recyclable of type P dropped into box....}
Box has ID: 2030294088
--------------------------------------------------
separating paper......
process carried out at separation unit ID: 1367612102
{ recyclable of type P dropped into box....}
Box has ID: 2030294088
--------------------------------------------------
separating paper......
process carried out at separation unit ID: 1367612102
{ recyclable of type P dropped into box....}
Box has ID: 2030294088
--------------------------------------------------
separating paper......
process carried out at separation unit ID: 1367612102
{ recyclable of type P dropped into box....}
Box has ID: 2030294088
--------------------------------------------------
separating paper......
process carried out at separation unit ID: 1367612102
{ recyclable of type P dropped into box....}
Box has ID: 2030294088
--------------------------------------------------
separating paper......
process carried out at separation unit ID: 1367612102
{ recyclable of type P dropped into box....}
Box has ID: 2030294088
--------------------------------------------------
separating paper......
process carried out at separation unit ID: 1367612102
{ recyclable of type P dropped into box....}
Box has ID: 2030294088
--------------------------------------------------
separating paper......
process carried out at separation unit ID: 1367612102
{ recyclable of type P dropped into box....}
Box has ID: 2030294088
--------------------------------------------------
separating paper......
process carried out at separation unit ID: 1367612102
{ recyclable of type P dropped into box....}
Box has ID: 2030294088
--------------------------------------------------
separating paper......
process carried out at separation unit ID: 1367612102
{ recyclable of type P dropped into box....}
Box has ID: 2030294088
--------------------------------------------------
separating paper......
process carried out at separation unit ID: 1367612102
{ recyclable of type P dropped into box....}
Box has ID: 2030294088
--------------------------------------------------
separating paper......
process carried out at separation unit ID: 1367612102
{ recyclable of type P dropped into box....}
Box has ID: 2030294088
--------------------------------------------------
separating paper......
process carried out at separation unit ID: 1367612102
{ recyclable of type P dropped into box....}
Box has ID: 2030294088
--------------------------------------------------
separating paper......
process carried out at separation unit ID: 1367612102
{ recyclable of type P dropped into box....}
Box has ID: 2030294088
--------------------------------------------------
separating paper......
process carried out at separation unit ID: 1367612102
{ recyclable of type P dropped into box....}
Box has ID: 2030294088
--------------------------------------------------
separating paper......
process carried out at separation unit ID: 1367612102
{ recyclable of type P dropped into box....}
Box has ID: 2030294088
--------------------------------------------------
separating paper......
process carried out at separation unit ID: 1367612102
{ recyclable of type P dropped into box....}
Box has ID: 2030294088
--------------------------------------------------
separating paper......
process carried out at separation unit ID: 1367612102
{ recyclable of type P dropped into box....}
Box has ID: 2030294088
--------------------------------------------------
separating paper......
process carried out at separation unit ID: 1367612102
{ recyclable of type P dropped into box....}
Box has ID: 2030294088
--------------------------------------------------
separating paper......
process carried out at separation unit ID: 1367612102
{ recyclable of type P dropped into box....}
Box has ID: 2030294088
--------------------------------------------------
separating paper......
process carried out at separation unit ID: 1367612102
{ recyclable of type P dropped into box....}
Box has ID: 2030294088
--------------------------------------------------
separating paper......
process carried out at separation unit ID: 1367612102
{ recyclable of type P dropped into box....}
Box has ID: 2030294088
--------------------------------------------------
separating paper......
process carried out at separation unit ID: 1367612102
{ recyclable of type P dropped into box....}
Box has ID: 2030294088
--------------------------------------------------
separating paper......
process carried out at separation unit ID: 1367612102
{ recyclable of type P dropped into box....}
Box has ID: 2030294088
--------------------------------------------------
separating paper......
process carried out at separation unit ID: 1367612102
{ recyclable of type P dropped into box....}
Box has ID: 2030294088
--------------------------------------------------
separating paper......
process carried out at separation unit ID: 1367612102
{ recyclable of type P dropped into box....}
Box has ID: 2030294088
--------------------------------------------------
separating paper......
process carried out at separation unit ID: 1367612102
{ recyclable of type P dropped into box....}
Box has ID: 2030294088
--------------------------------------------------
separating paper......
process carried out at separation unit ID: 1367612102
{ recyclable of type P dropped into box....}
Box has ID: 2030294088
--------------------------------------------------
separating paper......
process carried out at separation unit ID: 1367612102
{ recyclable of type P dropped into box....}
Box has ID: 2030294088
--------------------------------------------------
separating paper......
process carried out at separation unit ID: 1367612102
{ recyclable of type P dropped into box....}
Box has ID: 2030294088
--------------------------------------------------
separating paper......
process carried out at separation unit ID: 1367612102
{ recyclable of type P dropped into box....}
Box has ID: 2030294088
--------------------------------------------------
separating paper......
process carried out at separation unit ID: 1367612102
{ recyclable of type P dropped into box....}
Box has ID: 2030294088
--------------------------------------------------
separating paper......
process carried out at separation unit ID: 1367612102
{ recyclable of type P dropped into box....}
Box has ID: 2030294088
--------------------------------------------------
separating paper......
process carried out at separation unit ID: 1367612102
{ recyclable of type P dropped into box....}
Box has ID: 2030294088
--------------------------------------------------
separating paper......
process carried out at separation unit ID: 1367612102
{ recyclable of type P dropped into box....}
Box has ID: 2030294088
--------------------------------------------------
separating paper......
process carried out at separation unit ID: 1367612102
{ recyclable of type P dropped into box....}
Box has ID: 2030294088
--------------------------------------------------
separating paper......
process carried out at separation unit ID: 1367612102
{ recyclable of type P dropped into box....}
Box has ID: 2030294088
--------------------------------------------------
separating paper......
process carried out at separation unit ID: 1367612102
{ recyclable of type P dropped into box....}
Box has ID: 2030294088
--------------------------------------------------
separating paper......
process carried out at separation unit ID: 1367612102
{ recyclable of type P dropped into box....}
Box has ID: 2030294088
--------------------------------------------------
separating paper......
process carried out at separation unit ID: 1367612102
{ recyclable of type P dropped into box....}
Box has ID: 2030294088
--------------------------------------------------
separating paper......
process carried out at separation unit ID: 1367612102
{ recyclable of type P dropped into box....}
Box has ID: 2030294088
--------------------------------------------------
separating paper......
process carried out at separation unit ID: 1367612102
{ recyclable of type P dropped into box....}
Box has ID: 2030294088
--------------------------------------------------
separating paper......
process carried out at separation unit ID: 1367612102
{ recyclable of type P dropped into box....}
Box has ID: 2030294088
--------------------------------------------------
separating paper......
process carried out at separation unit ID: 1367612102
{ recyclable of type P dropped into box....}
Box has ID: 2030294088
--------------------------------------------------
separating paper......
process carried out at separation unit ID: 1367612102
{ recyclable of type P dropped into box....}
Box has ID: 2030294088
--------------------------------------------------
separating paper......
process carried out at separation unit ID: 1367612102
{ recyclable of type P dropped into box....}
Box has ID: 2030294088
--------------------------------------------------
separating paper......
process carried out at separation unit ID: 1367612102
{ recyclable of type P dropped into box....}
Box has ID: 2030294088
--------------------------------------------------
separating paper......
process carried out at separation unit ID: 1367612102
{ recyclable of type P dropped into box....}
Box has ID: 2030294088
--------------------------------------------------
separating paper......
process carried out at separation unit ID: 1367612102
{ recyclable of type P dropped into box....}
Box has ID: 2030294088
--------------------------------------------------
separating paper......
process carried out at separation unit ID: 1367612102
{ recyclable of type P dropped into box....}
Box has ID: 2030294088
--------------------------------------------------
separating paper......
process carried out at separation unit ID: 1367612102
{ recyclable of type P dropped into box....}
Box has ID: 2030294088
--------------------------------------------------
separating paper......
process carried out at separation unit ID: 1367612102
{ recyclable of type P dropped into box....}
Box has ID: 2030294088
--------------------------------------------------
separating paper......
process carried out at separation unit ID: 1367612102
{ recyclable of type P dropped into box....}
Box has ID: 2030294088
--------------------------------------------------
separating paper......
process carried out at separation unit ID: 1367612102
{ recyclable of type P dropped into box....}
Box has ID: 2030294088
--------------------------------------------------
separating paper......
process carried out at separation unit ID: 1367612102
{ recyclable of type P dropped into box....}
Box has ID: 2030294088
--------------------------------------------------
separating paper......
process carried out at separation unit ID: 1367612102
{ recyclable of type P dropped into box....}
Box has ID: 2030294088
--------------------------------------------------
separating paper......
process carried out at separation unit ID: 1367612102
{ recyclable of type P dropped into box....}
Box has ID: 2030294088
--------------------------------------------------
separating paper......
process carried out at separation unit ID: 1367612102
{ recyclable of type P dropped into box....}
Box has ID: 2030294088
--------------------------------------------------
separating paper......
process carried out at separation unit ID: 1367612102
{ recyclable of type P dropped into box....}
Box has ID: 2030294088
--------------------------------------------------
separating paper......
process carried out at separation unit ID: 1367612102
{ recyclable of type P dropped into box....}
Box has ID: 2030294088
--------------------------------------------------
separating paper......
process carried out at separation unit ID: 1367612102
{ recyclable of type P dropped into box....}
Box has ID: 2030294088
--------------------------------------------------
separating paper......
process carried out at separation unit ID: 1367612102
{ recyclable of type P dropped into box....}
Box has ID: 2030294088
--------------------------------------------------
separating paper......
process carried out at separation unit ID: 1367612102
{ recyclable of type P dropped into box....}
Box has ID: 2030294088
--------------------------------------------------
separating paper......
process carried out at separation unit ID: 1367612102
{ recyclable of type P dropped into box....}
Box has ID: 2030294088
--------------------------------------------------
separating paper......
process carried out at separation unit ID: 1367612102
{ recyclable of type P dropped into box....}
Box has ID: 2030294088
--------------------------------------------------
separating paper......
process carried out at separation unit ID: 1367612102
{ recyclable of type P dropped into box....}
Box has ID: 2030294088
--------------------------------------------------
separating paper......
process carried out at separation unit ID: 1367612102
{ recyclable of type P dropped into box....}
Box has ID: 2030294088
--------------------------------------------------
separating paper......
process carried out at separation unit ID: 1367612102
{ recyclable of type P dropped into box....}
Box has ID: 2030294088
--------------------------------------------------
separating paper......
process carried out at separation unit ID: 1367612102
{ recyclable of type P dropped into box....}
Box has ID: 2030294088
--------------------------------------------------
separating paper......
process carried out at separation unit ID: 1367612102
{ recyclable of type P dropped into box....}
Box has ID: 2030294088
--------------------------------------------------
separating paper......
process carried out at separation unit ID: 1367612102
{ recyclable of type P dropped into box....}
Box has ID: 2030294088
--------------------------------------------------
separating paper......
process carried out at separation unit ID: 1367612102
{ recyclable of type P dropped into box....}
Box has ID: 2030294088
--------------------------------------------------
separating paper......
process carried out at separation unit ID: 1367612102
{ recyclable of type P dropped into box....}
Box has ID: 2030294088
--------------------------------------------------
separating paper......
process carried out at separation unit ID: 1367612102
{ recyclable of type P dropped into box....}
Box has ID: 2030294088
--------------------------------------------------
separating paper......
process carried out at separation unit ID: 1367612102
{ recyclable of type P dropped into box....}
Box has ID: 2030294088
--------------------------------------------------
separating paper......
process carried out at separation unit ID: 1367612102
{ recyclable of type P dropped into box....}
Box has ID: 2030294088
--------------------------------------------------
separating paper......
process carried out at separation unit ID: 1367612102
{ recyclable of type P dropped into box....}
Box has ID: 2030294088
--------------------------------------------------
separating paper......
process carried out at separation unit ID: 1367612102
{ recyclable of type P dropped into box....}
Box has ID: 2030294088
--------------------------------------------------
separating paper......
process carried out at separation unit ID: 1367612102
{ recyclable of type P dropped into box....}
Box has ID: 2030294088
--------------------------------------------------
separating paper......
process carried out at separation unit ID: 1367612102
{ recyclable of type P dropped into box....}
Box has ID: 2030294088
--------------------------------------------------
separating paper......
process carried out at separation unit ID: 1367612102
{ recyclable of type P dropped into box....}
Box has ID: 2030294088
--------------------------------------------------
separating paper......
process carried out at separation unit ID: 1367612102
{ recyclable of type P dropped into box....}
Box has ID: 2030294088
--------------------------------------------------
separating paper......
process carried out at separation unit ID: 1367612102
{ recyclable of type P dropped into box....}
Box has ID: 2030294088
--------------------------------------------------
separating paper......
process carried out at separation unit ID: 1367612102
{ recyclable of type P dropped into box....}
Box has ID: 2030294088
--------------------------------------------------
separating paper......
process carried out at separation unit ID: 1367612102
{ recyclable of type P dropped into box....}
Box has ID: 2030294088
--------------------------------------------------
separating paper......
process carried out at separation unit ID: 1367612102
{ recyclable of type P dropped into box....}
Box has ID: 2030294088
--------------------------------------------------
separating paper......
process carried out at separation unit ID: 1367612102
{ recyclable of type P dropped into box....}
Box has ID: 2030294088
--------------------------------------------------
separating paper......
process carried out at separation unit ID: 1367612102
{ recyclable of type P dropped into box....}
Box has ID: 2030294088
--------------------------------------------------
separating paper......
process carried out at separation unit ID: 1367612102
{ recyclable of type P dropped into box....}
Box has ID: 2030294088
--------------------------------------------------
separating paper......
process carried out at separation unit ID: 1367612102
{ recyclable of type P dropped into box....}
Box has ID: 2030294088
--------------------------------------------------
separating paper......
process carried out at separation unit ID: 1367612102
{ recyclable of type P dropped into box....}
Box has ID: 2030294088
--------------------------------------------------
separating paper......
process carried out at separation unit ID: 1367612102
{ recyclable of type P dropped into box....}
Box has ID: 2030294088
--------------------------------------------------
separating paper......
process carried out at separation unit ID: 1367612102
{ recyclable of type P dropped into box....}
Box has ID: 2030294088
--------------------------------------------------
separating paper......
process carried out at separation unit ID: 1367612102
{ recyclable of type P dropped into box....}
Box has ID: 2030294088
--------------------------------------------------
separating paper......
process carried out at separation unit ID: 1367612102
{ recyclable of type P dropped into box....}
Box has ID: 2030294088
--------------------------------------------------
separating paper......
process carried out at separation unit ID: 1367612102
{ recyclable of type P dropped into box....}
Box has ID: 2030294088
--------------------------------------------------
separating paper......
process carried out at separation unit ID: 1367612102
{ recyclable of type P dropped into box....}
Box has ID: 2030294088
--------------------------------------------------
separating paper......
process carried out at separation unit ID: 1367612102
{ recyclable of type P dropped into box....}
Box has ID: 2030294088
--------------------------------------------------
separating paper......
process carried out at separation unit ID: 1367612102
{ recyclable of type P dropped into box....}
Box has ID: 2030294088
--------------------------------------------------
separating paper......
process carried out at separation unit ID: 1367612102
{ recyclable of type P dropped into box....}
Box has ID: 2030294088
--------------------------------------------------
separating paper......
process carried out at separation unit ID: 1367612102
{ recyclable of type P dropped into box....}
Box has ID: 2030294088
--------------------------------------------------
separating paper......
process carried out at separation unit ID: 1367612102
{ recyclable of type P dropped into box....}
Box has ID: 2030294088
--------------------------------------------------
separating paper......
process carried out at separation unit ID: 1367612102
{ recyclable of type P dropped into box....}
Box has ID: 2030294088
--------------------------------------------------
separating paper......
process carried out at separation unit ID: 1367612102
{ recyclable of type P dropped into box....}
Box has ID: 2030294088
--------------------------------------------------
separating paper......
process carried out at separation unit ID: 1367612102
{ recyclable of type P dropped into box....}
Box has ID: 2030294088
--------------------------------------------------
separating paper......
process carried out at separation unit ID: 1367612102
{ recyclable of type P dropped into box....}
Box has ID: 2030294088
--------------------------------------------------
separating paper......
process carried out at separation unit ID: 1367612102
{ recyclable of type P dropped into box....}
Box has ID: 2030294088
--------------------------------------------------
separating paper......
process carried out at separation unit ID: 1367612102
{ recyclable of type P dropped into box....}
Box has ID: 2030294088
--------------------------------------------------
separating paper......
process carried out at separation unit ID: 1367612102
{ recyclable of type P dropped into box....}
Box has ID: 2030294088
--------------------------------------------------
separating paper......
process carried out at separation unit ID: 1367612102
{ recyclable of type P dropped into box....}
Box has ID: 2030294088
--------------------------------------------------
separating paper......
process carried out at separation unit ID: 1367612102
{ recyclable of type P dropped into box....}
Box has ID: 2030294088
--------------------------------------------------
separating paper......
process carried out at separation unit ID: 1367612102
{ recyclable of type P dropped into box....}
Box has ID: 2030294088
--------------------------------------------------
separating paper......
process carried out at separation unit ID: 1367612102
{ recyclable of type P dropped into box....}
Box has ID: 2030294088
--------------------------------------------------
separating paper......
process carried out at separation unit ID: 1367612102
{ recyclable of type P dropped into box....}
Box has ID: 2030294088
--------------------------------------------------
separating paper......
process carried out at separation unit ID: 1367612102
{ recyclable of type P dropped into box....}
Box has ID: 2030294088
--------------------------------------------------
separating paper......
process carried out at separation unit ID: 1367612102
{ recyclable of type P dropped into box....}
Box has ID: 2030294088
--------------------------------------------------
separating paper......
process carried out at separation unit ID: 1367612102
{ recyclable of type P dropped into box....}
Box has ID: 2030294088
--------------------------------------------------
separating paper......
process carried out at separation unit ID: 1367612102
{ recyclable of type P dropped into box....}
Box has ID: 2030294088
--------------------------------------------------
separating paper......
process carried out at separation unit ID: 1367612102
{ recyclable of type P dropped into box....}
Box has ID: 2030294088
--------------------------------------------------
separating paper......
process carried out at separation unit ID: 1367612102
{ recyclable of type P dropped into box....}
Box has ID: 2030294088
--------------------------------------------------
separating paper......
process carried out at separation unit ID: 1367612102
{ recyclable of type P dropped into box....}
Box has ID: 2030294088
--------------------------------------------------
separating paper......
process carried out at separation unit ID: 1367612102
{ recyclable of type P dropped into box....}
Box has ID: 2030294088
--------------------------------------------------
separating paper......
process carried out at separation unit ID: 1367612102
{ recyclable of type P dropped into box....}
Box has ID: 2030294088
--------------------------------------------------
separating paper......
process carried out at separation unit ID: 1367612102
{ recyclable of type P dropped into box....}
Box has ID: 2030294088
--------------------------------------------------
separating paper......
process carried out at separation unit ID: 1367612102
{ recyclable of type P dropped into box....}
Box has ID: 2030294088
--------------------------------------------------
separating paper......
process carried out at separation unit ID: 1367612102
{ recyclable of type P dropped into box....}
Box has ID: 2030294088
--------------------------------------------------
separating paper......
process carried out at separation unit ID: 1367612102
{ recyclable of type P dropped into box....}
Box has ID: 2030294088
--------------------------------------------------
separating paper......
process carried out at separation unit ID: 1367612102
{ recyclable of type P dropped into box....}
Box has ID: 2030294088
--------------------------------------------------
separating paper......
process carried out at separation unit ID: 1367612102
{ recyclable of type P dropped into box....}
Box has ID: 2030294088
--------------------------------------------------
separating paper......
process carried out at separation unit ID: 1367612102
{ recyclable of type P dropped into box....}
Box has ID: 2030294088
--------------------------------------------------
separating paper......
process carried out at separation unit ID: 1367612102
{ recyclable of type P dropped into box....}
Box has ID: 2030294088
--------------------------------------------------
separating paper......
process carried out at separation unit ID: 1367612102
{ recyclable of type P dropped into box....}
Box has ID: 2030294088
--------------------------------------------------
separating paper......
process carried out at separation unit ID: 1367612102
{ recyclable of type P dropped into box....}
Box has ID: 2030294088
--------------------------------------------------
separating paper......
process carried out at separation unit ID: 1367612102
{ recyclable of type P dropped into box....}
Box has ID: 2030294088
--------------------------------------------------
separating paper......
process carried out at separation unit ID: 1367612102
{ recyclable of type P dropped into box....}
Box has ID: 2030294088
--------------------------------------------------
separating paper......
process carried out at separation unit ID: 1367612102
{ recyclable of type P dropped into box....}
Box has ID: 2030294088
--------------------------------------------------
separating paper......
process carried out at separation unit ID: 1367612102
{ recyclable of type P dropped into box....}
Box has ID: 2030294088
--------------------------------------------------
separating paper......
process carried out at separation unit ID: 1367612102
{ recyclable of type P dropped into box....}
Box has ID: 2030294088
--------------------------------------------------
separating paper......
process carried out at separation unit ID: 1367612102
{ recyclable of type P dropped into box....}
Box has ID: 2030294088
--------------------------------------------------
separating paper......
process carried out at separation unit ID: 1367612102
{ recyclable of type P dropped into box....}
Box has ID: 2030294088
--------------------------------------------------
separating paper......
process carried out at separation unit ID: 1367612102
{ recyclable of type P dropped into box....}
Box has ID: 2030294088
--------------------------------------------------
separating paper......
process carried out at separation unit ID: 1367612102
{ recyclable of type P dropped into box....}
Box has ID: 2030294088
--------------------------------------------------
separating paper......
process carried out at separation unit ID: 1367612102
{ recyclable of type P dropped into box....}
Box has ID: 2030294088
--------------------------------------------------
separating paper......
process carried out at separation unit ID: 1367612102
{ recyclable of type P dropped into box....}
Box has ID: 2030294088
--------------------------------------------------
separating paper......
process carried out at separation unit ID: 1367612102
{ recyclable of type P dropped into box....}
Box has ID: 2030294088
--------------------------------------------------
separating paper......
process carried out at separation unit ID: 1367612102
{ recyclable of type P dropped into box....}
Box has ID: 2030294088
--------------------------------------------------
separating paper......
process carried out at separation unit ID: 1367612102
{ recyclable of type P dropped into box....}
Box has ID: 2030294088
--------------------------------------------------
separating paper......
process carried out at separation unit ID: 1367612102
{ recyclable of type P dropped into box....}
Box has ID: 2030294088
--------------------------------------------------
separating paper......
process carried out at separation unit ID: 1367612102
{ recyclable of type P dropped into box....}
Box has ID: 2030294088
--------------------------------------------------
separating paper......
process carried out at separation unit ID: 1367612102
{ recyclable of type P dropped into box....}
Box has ID: 2030294088
--------------------------------------------------
separating paper......
process carried out at separation unit ID: 1367612102
{ recyclable of type P dropped into box....}
Box has ID: 2030294088
--------------------------------------------------
separating paper......
process carried out at separation unit ID: 1367612102
{ recyclable of type P dropped into box....}
Box has ID: 2030294088
--------------------------------------------------
separating paper......
process carried out at separation unit ID: 1367612102
{ recyclable of type P dropped into box....}
Box has ID: 2030294088
--------------------------------------------------
separating paper......
process carried out at separation unit ID: 1367612102
{ recyclable of type P dropped into box....}
Box has ID: 2030294088
--------------------------------------------------
separating paper......
process carried out at separation unit ID: 1367612102
{ recyclable of type P dropped into box....}
Box has ID: 2030294088
--------------------------------------------------
separating paper......
process carried out at separation unit ID: 1367612102
{ recyclable of type P dropped into box....}
Box has ID: 2030294088
--------------------------------------------------
separating paper......
process carried out at separation unit ID: 1367612102
{ recyclable of type P dropped into box....}
Box has ID: 2030294088
--------------------------------------------------
separating paper......
process carried out at separation unit ID: 1367612102
{ recyclable of type P dropped into box....}
Box has ID: 2030294088
--------------------------------------------------
separating paper......
process carried out at separation unit ID: 1367612102
{ recyclable of type P dropped into box....}
Box has ID: 2030294088
--------------------------------------------------
separating paper......
process carried out at separation unit ID: 1367612102
{ recyclable of type P dropped into box....}
Box has ID: 2030294088
--------------------------------------------------
separating paper......
process carried out at separation unit ID: 1367612102
{ recyclable of type P dropped into box....}
Box has ID: 2030294088
--------------------------------------------------
separating paper......
process carried out at separation unit ID: 1367612102
{ recyclable of type P dropped into box....}
Box has ID: 2030294088
--------------------------------------------------
separating paper......
process carried out at separation unit ID: 1367612102
{ recyclable of type P dropped into box....}
Box has ID: 2030294088
--------------------------------------------------
separating paper......
process carried out at separation unit ID: 1367612102
{ recyclable of type P dropped into box....}
Box has ID: 2030294088
--------------------------------------------------
separating paper......
process carried out at separation unit ID: 1367612102
{ recyclable of type P dropped into box....}
Box has ID: 2030294088
--------------------------------------------------
separating paper......
process carried out at separation unit ID: 1367612102
{ recyclable of type P dropped into box....}
Box has ID: 2030294088
--------------------------------------------------
separating paper......
process carried out at separation unit ID: 1367612102
{ recyclable of type P dropped into box....}
Box has ID: 2030294088
--------------------------------------------------
separating paper......
process carried out at separation unit ID: 1367612102
{ recyclable of type P dropped into box....}
Box has ID: 2030294088
--------------------------------------------------
separating paper......
process carried out at separation unit ID: 1367612102
{ recyclable of type P dropped into box....}
Box has ID: 2030294088
--------------------------------------------------
separating paper......
process carried out at separation unit ID: 1367612102
{ recyclable of type P dropped into box....}
Box has ID: 2030294088
--------------------------------------------------
separating paper......
process carried out at separation unit ID: 1367612102
{ recyclable of type P dropped into box....}
Box has ID: 2030294088
--------------------------------------------------
separating paper......
process carried out at separation unit ID: 1367612102
{ recyclable of type P dropped into box....}
Box has ID: 2030294088
--------------------------------------------------
separating paper......
process carried out at separation unit ID: 1367612102
{ recyclable of type P dropped into box....}
Box has ID: 2030294088
--------------------------------------------------
separating paper......
process carried out at separation unit ID: 1367612102
{ recyclable of type P dropped into box....}
Box has ID: 2030294088
--------------------------------------------------
separating paper......
process carried out at separation unit ID: 1367612102
{ recyclable of type P dropped into box....}
Box has ID: 2030294088
--------------------------------------------------
separating paper......
process carried out at separation unit ID: 1367612102
{ recyclable of type P dropped into box....}
Box has ID: 2030294088
--------------------------------------------------
separating paper......
process carried out at separation unit ID: 1367612102
{ recyclable of type P dropped into box....}
Box has ID: 2030294088
--------------------------------------------------
separating paper......
process carried out at separation unit ID: 1367612102
{ recyclable of type P dropped into box....}
Box has ID: 2030294088
--------------------------------------------------
separating paper......
process carried out at separation unit ID: 1367612102
{ recyclable of type P dropped into box....}
Box has ID: 2030294088
--------------------------------------------------
separating paper......
process carried out at separation unit ID: 1367612102
{ recyclable of type P dropped into box....}
Box has ID: 2030294088
--------------------------------------------------
separating paper......
process carried out at separation unit ID: 1367612102
{ recyclable of type P dropped into box....}
Box has ID: 2030294088
--------------------------------------------------
separating paper......
process carried out at separation unit ID: 1367612102
{ recyclable of type P dropped into box....}
Box has ID: 2030294088
--------------------------------------------------
separating paper......
process carried out at separation unit ID: 1367612102
{ recyclable of type P dropped into box....}
Box has ID: 2030294088
--------------------------------------------------
separating paper......
process carried out at separation unit ID: 1367612102
{ recyclable of type P dropped into box....}
Box has ID: 2030294088
--------------------------------------------------
separating paper......
process carried out at separation unit ID: 1367612102
{ recyclable of type P dropped into box....}
Box has ID: 2030294088
--------------------------------------------------
separating paper......
process carried out at separation unit ID: 1367612102
{ recyclable of type P dropped into box....}
Box has ID: 2030294088
--------------------------------------------------
separating paper......
process carried out at separation unit ID: 1367612102
{ recyclable of type P dropped into box....}
Box has ID: 2030294088
--------------------------------------------------
separating paper......
process carried out at separation unit ID: 1367612102
{ recyclable of type P dropped into box....}
Box has ID: 2030294088
--------------------------------------------------
separating paper......
process carried out at separation unit ID: 1367612102
{ recyclable of type P dropped into box....}
Box has ID: 2030294088
--------------------------------------------------
separating paper......
process carried out at separation unit ID: 1367612102
{ recyclable of type P dropped into box....}
Box has ID: 2030294088
--------------------------------------------------
separating paper......
process carried out at separation unit ID: 1367612102
{ recyclable of type P dropped into box....}
Box has ID: 2030294088
--------------------------------------------------
separating paper......
process carried out at separation unit ID: 1367612102
{ recyclable of type P dropped into box....}
Box has ID: 2030294088
--------------------------------------------------
separating paper......
process carried out at separation unit ID: 1367612102
{ recyclable of type P dropped into box....}
Box has ID: 2030294088
--------------------------------------------------
separating paper......
process carried out at separation unit ID: 1367612102
{ recyclable of type P dropped into box....}
Box has ID: 2030294088
--------------------------------------------------
separating paper......
process carried out at separation unit ID: 1367612102
{ recyclable of type P dropped into box....}
Box has ID: 2030294088
--------------------------------------------------
separating paper......
process carried out at separation unit ID: 1367612102
{ recyclable of type P dropped into box....}
Box has ID: 2030294088
--------------------------------------------------
separating paper......
process carried out at separation unit ID: 1367612102
{ recyclable of type P dropped into box....}
Box has ID: 2030294088
--------------------------------------------------
separating paper......
process carried out at separation unit ID: 1367612102
{ recyclable of type P dropped into box....}
Box has ID: 2030294088
--------------------------------------------------
separating paper......
process carried out at separation unit ID: 1367612102
{ recyclable of type P dropped into box....}
Box has ID: 2030294088
--------------------------------------------------
separating paper......
process carried out at separation unit ID: 1367612102
{ recyclable of type P dropped into box....}
Box has ID: 2030294088
--------------------------------------------------
separating paper......
process carried out at separation unit ID: 1367612102
{ recyclable of type P dropped into box....}
Box has ID: 2030294088
--------------------------------------------------
separating paper......
process carried out at separation unit ID: 1367612102
{ recyclable of type P dropped into box....}
Box has ID: 2030294088
--------------------------------------------------
separating paper......
process carried out at separation unit ID: 1367612102
{ recyclable of type P dropped into box....}
Box has ID: 2030294088
--------------------------------------------------
separating paper......
process carried out at separation unit ID: 1367612102
{ recyclable of type P dropped into box....}
Box has ID: 2030294088
--------------------------------------------------
separating paper......
process carried out at separation unit ID: 1367612102
{ recyclable of type P dropped into box....}
Box has ID: 2030294088
--------------------------------------------------
separating paper......
process carried out at separation unit ID: 1367612102
{ recyclable of type P dropped into box....}
Box has ID: 2030294088
--------------------------------------------------
separating paper......
process carried out at separation unit ID: 1367612102
{ recyclable of type P dropped into box....}
Box has ID: 2030294088
--------------------------------------------------
separating paper......
process carried out at separation unit ID: 1367612102
{ recyclable of type P dropped into box....}
Box has ID: 2030294088
--------------------------------------------------
separating paper......
process carried out at separation unit ID: 1367612102
{ recyclable of type P dropped into box....}
Box has ID: 2030294088
--------------------------------------------------
separating paper......
process carried out at separation unit ID: 1367612102
{ recyclable of type P dropped into box....}
Box has ID: 2030294088
--------------------------------------------------
separating paper......
process carried out at separation unit ID: 1367612102
{ recyclable of type P dropped into box....}
Box has ID: 2030294088
--------------------------------------------------
separating paper......
process carried out at separation unit ID: 1367612102
{ recyclable of type P dropped into box....}
Box has ID: 2030294088
--------------------------------------------------
separating paper......
process carried out at separation unit ID: 1367612102
{ recyclable of type P dropped into box....}
Box has ID: 2030294088
--------------------------------------------------
separating paper......
process carried out at separation unit ID: 1367612102
{ recyclable of type P dropped into box....}
Box has ID: 2030294088
--------------------------------------------------
separating paper......
process carried out at separation unit ID: 1367612102
{ recyclable of type P dropped into box....}
Box has ID: 2030294088
--------------------------------------------------
separating paper......
process carried out at separation unit ID: 1367612102
{ recyclable of type P dropped into box....}
Box has ID: 2030294088
--------------------------------------------------
separating paper......
process carried out at separation unit ID: 1367612102
{ recyclable of type P dropped into box....}
Box has ID: 2030294088
--------------------------------------------------
separating paper......
process carried out at separation unit ID: 1367612102
{ recyclable of type P dropped into box....}
Box has ID: 2030294088
--------------------------------------------------
separating paper......
process carried out at separation unit ID: 1367612102
{ recyclable of type P dropped into box....}
Box has ID: 2030294088
--------------------------------------------------
separating paper......
process carried out at separation unit ID: 1367612102
{ recyclable of type P dropped into box....}
Box has ID: 2030294088
--------------------------------------------------
separating paper......
process carried out at separation unit ID: 1367612102
{ recyclable of type P dropped into box....}
Box has ID: 2030294088
--------------------------------------------------
separating paper......
process carried out at separation unit ID: 1367612102
{ recyclable of type P dropped into box....}
Box has ID: 2030294088
--------------------------------------------------
separating paper......
process carried out at separation unit ID: 1367612102
{ recyclable of type P dropped into box....}
Box has ID: 2030294088
--------------------------------------------------
separating paper......
process carried out at separation unit ID: 1367612102
{ recyclable of type P dropped into box....}
Box has ID: 2030294088
--------------------------------------------------
separating paper......
process carried out at separation unit ID: 1367612102
{ recyclable of type P dropped into box....}
Box has ID: 2030294088
--------------------------------------------------
separating paper......
process carried out at separation unit ID: 1367612102
{ recyclable of type P dropped into box....}
Box has ID: 2030294088
--------------------------------------------------
separating paper......
process carried out at separation unit ID: 1367612102
{ recyclable of type P dropped into box....}
Box has ID: 2030294088
--------------------------------------------------
separating paper......
process carried out at separation unit ID: 1367612102
{ recyclable of type P dropped into box....}
Box has ID: 2030294088
--------------------------------------------------
separating paper......
process carried out at separation unit ID: 1367612102
{ recyclable of type P dropped into box....}
Box has ID: 2030294088
--------------------------------------------------
separating paper......
process carried out at separation unit ID: 1367612102
{ recyclable of type P dropped into box....}
Box has ID: 2030294088
--------------------------------------------------
separating paper......
process carried out at separation unit ID: 1367612102
{ recyclable of type P dropped into box....}
Box has ID: 2030294088
--------------------------------------------------
separating paper......
process carried out at separation unit ID: 1367612102
{ recyclable of type P dropped into box....}
Box has ID: 2030294088
--------------------------------------------------
separating paper......
process carried out at separation unit ID: 1367612102
{ recyclable of type P dropped into box....}
Box has ID: 2030294088
--------------------------------------------------
separating paper......
process carried out at separation unit ID: 1367612102
{ recyclable of type P dropped into box....}
Box has ID: 2030294088
--------------------------------------------------
separating paper......
process carried out at separation unit ID: 1367612102
{ recyclable of type P dropped into box....}
Box has ID: 2030294088
--------------------------------------------------
separating paper......
process carried out at separation unit ID: 1367612102
{ recyclable of type P dropped into box....}
Box has ID: 2030294088
--------------------------------------------------
separating paper......
process carried out at separation unit ID: 1367612102
{ recyclable of type P dropped into box....}
Box has ID: 2030294088
--------------------------------------------------
separating paper......
process carried out at separation unit ID: 1367612102
{ recyclable of type P dropped into box....}
Box has ID: 2030294088
--------------------------------------------------
separating paper......
process carried out at separation unit ID: 1367612102
{ recyclable of type P dropped into box....}
Box has ID: 2030294088
--------------------------------------------------
separating paper......
process carried out at separation unit ID: 1367612102
{ recyclable of type P dropped into box....}
Box has ID: 2030294088
--------------------------------------------------
separating paper......
process carried out at separation unit ID: 1367612102
{ recyclable of type P dropped into box....}
Box has ID: 2030294088
--------------------------------------------------
separating paper......
process carried out at separation unit ID: 1367612102
{ recyclable of type P dropped into box....}
Box has ID: 2030294088
--------------------------------------------------
separating paper......
process carried out at separation unit ID: 1367612102
{ recyclable of type P dropped into box....}
Box has ID: 2030294088
--------------------------------------------------
separating paper......
process carried out at separation unit ID: 1367612102
{ recyclable of type P dropped into box....}
Box has ID: 2030294088
--------------------------------------------------
separating paper......
process carried out at separation unit ID: 1367612102
{ recyclable of type P dropped into box....}
Box has ID: 2030294088
--------------------------------------------------
separating paper......
process carried out at separation unit ID: 1367612102
{ recyclable of type P dropped into box....}
Box has ID: 2030294088
--------------------------------------------------
separating paper......
process carried out at separation unit ID: 1367612102
{ recyclable of type P dropped into box....}
Box has ID: 2030294088
--------------------------------------------------
separating paper......
process carried out at separation unit ID: 1367612102
{ recyclable of type P dropped into box....}
Box has ID: 2030294088
--------------------------------------------------
separating paper......
process carried out at separation unit ID: 1367612102
{ recyclable of type P dropped into box....}
Box has ID: 2030294088
--------------------------------------------------
separating paper......
process carried out at separation unit ID: 1367612102
{ recyclable of type P dropped into box....}
Box has ID: 2030294088
--------------------------------------------------
separating paper......
process carried out at separation unit ID: 1367612102
{ recyclable of type P dropped into box....}
Box has ID: 2030294088
--------------------------------------------------
separating paper......
process carried out at separation unit ID: 1367612102
{ recyclable of type P dropped into box....}
Box has ID: 2030294088
--------------------------------------------------
separating paper......
process carried out at separation unit ID: 1367612102
{ recyclable of type P dropped into box....}
Box has ID: 2030294088
--------------------------------------------------
separating paper......
process carried out at separation unit ID: 1367612102
{ recyclable of type P dropped into box....}
Box has ID: 2030294088
--------------------------------------------------
separating paper......
process carried out at separation unit ID: 1367612102
{ recyclable of type P dropped into box....}
Box has ID: 2030294088
--------------------------------------------------
separating paper......
process carried out at separation unit ID: 1367612102
{ recyclable of type P dropped into box....}
Box has ID: 2030294088
--------------------------------------------------
separating paper......
process carried out at separation unit ID: 1367612102
{ recyclable of type P dropped into box....}
Box has ID: 2030294088
--------------------------------------------------
separating paper......
process carried out at separation unit ID: 1367612102
{ recyclable of type P dropped into box....}
Box has ID: 2030294088
--------------------------------------------------
separating paper......
process carried out at separation unit ID: 1367612102
{ recyclable of type P dropped into box....}
Box has ID: 2030294088
--------------------------------------------------
separating paper......
process carried out at separation unit ID: 1367612102
{ recyclable of type P dropped into box....}
Box has ID: 2030294088
--------------------------------------------------
separating paper......
process carried out at separation unit ID: 1367612102
{ recyclable of type P dropped into box....}
Box has ID: 2030294088
--------------------------------------------------
separating paper......
process carried out at separation unit ID: 1367612102
{ recyclable of type P dropped into box....}
Box has ID: 2030294088
--------------------------------------------------
separating paper......
process carried out at separation unit ID: 1367612102
{ recyclable of type P dropped into box....}
Box has ID: 2030294088
--------------------------------------------------
separating paper......
process carried out at separation unit ID: 1367612102
{ recyclable of type P dropped into box....}
Box has ID: 2030294088
--------------------------------------------------
separating paper......
process carried out at separation unit ID: 1367612102
{ recyclable of type P dropped into box....}
Box has ID: 2030294088
--------------------------------------------------
separating paper......
process carried out at separation unit ID: 1367612102
{ recyclable of type P dropped into box....}
Box has ID: 2030294088
--------------------------------------------------
separating paper......
process carried out at separation unit ID: 1367612102
{ recyclable of type P dropped into box....}
Box has ID: 2030294088
--------------------------------------------------
separating paper......
process carried out at separation unit ID: 1367612102
{ recyclable of type P dropped into box....}
Box has ID: 2030294088
--------------------------------------------------
separating paper......
process carried out at separation unit ID: 1367612102
{ recyclable of type P dropped into box....}
Box has ID: 2030294088
--------------------------------------------------
separating paper......
process carried out at separation unit ID: 1367612102
{ recyclable of type P dropped into box....}
Box has ID: 2030294088
--------------------------------------------------
separating paper......
process carried out at separation unit ID: 1367612102
{ recyclable of type P dropped into box....}
Box has ID: 2030294088
--------------------------------------------------
separating paper......
process carried out at separation unit ID: 1367612102
{ recyclable of type P dropped into box....}
Box has ID: 2030294088
--------------------------------------------------
separating paper......
process carried out at separation unit ID: 1367612102
{ recyclable of type P dropped into box....}
Box has ID: 2030294088
--------------------------------------------------
separating paper......
process carried out at separation unit ID: 1367612102
{ recyclable of type P dropped into box....}
Box has ID: 2030294088
--------------------------------------------------
separating paper......
process carried out at separation unit ID: 1367612102
{ recyclable of type P dropped into box....}
Box has ID: 2030294088
--------------------------------------------------
separating paper......
process carried out at separation unit ID: 1367612102
{ recyclable of type P dropped into box....}
Box has ID: 2030294088
--------------------------------------------------
separating paper......
process carried out at separation unit ID: 1367612102
{ recyclable of type P dropped into box....}
Box has ID: 2030294088
--------------------------------------------------
separating paper......
process carried out at separation unit ID: 1367612102
{ recyclable of type P dropped into box....}
Box has ID: 2030294088
--------------------------------------------------
separating paper......
process carried out at separation unit ID: 1367612102
{ recyclable of type P dropped into box....}
Box has ID: 2030294088
--------------------------------------------------
separating paper......
process carried out at separation unit ID: 1367612102
{ recyclable of type P dropped into box....}
Box has ID: 2030294088
--------------------------------------------------
separating paper......
process carried out at separation unit ID: 1367612102
{ recyclable of type P dropped into box....}
Box has ID: 2030294088
--------------------------------------------------
separating paper......
process carried out at separation unit ID: 1367612102
{ recyclable of type P dropped into box....}
Box has ID: 2030294088
--------------------------------------------------
separating paper......
process carried out at separation unit ID: 1367612102
{ recyclable of type P dropped into box....}
Box has ID: 2030294088
--------------------------------------------------
separating paper......
process carried out at separation unit ID: 1367612102
{ recyclable of type P dropped into box....}
Box has ID: 2030294088
--------------------------------------------------
separating paper......
process carried out at separation unit ID: 1367612102
{ recyclable of type P dropped into box....}
Box has ID: 2030294088
--------------------------------------------------
separating paper......
process carried out at separation unit ID: 1367612102
{ recyclable of type P dropped into box....}
Box has ID: 2030294088
--------------------------------------------------
separating paper......
process carried out at separation unit ID: 1367612102
{ recyclable of type P dropped into box....}
Box has ID: 2030294088
--------------------------------------------------
separating paper......
process carried out at separation unit ID: 1367612102
{ recyclable of type P dropped into box....}
Box has ID: 2030294088
--------------------------------------------------
separating paper......
process carried out at separation unit ID: 1367612102
{ recyclable of type P dropped into box....}
Box has ID: 2030294088
--------------------------------------------------
separating paper......
process carried out at separation unit ID: 1367612102
{ recyclable of type P dropped into box....}
Box has ID: 2030294088
--------------------------------------------------
separating paper......
process carried out at separation unit ID: 1367612102
{ recyclable of type P dropped into box....}
Box has ID: 2030294088
--------------------------------------------------
separating paper......
process carried out at separation unit ID: 1367612102
{ recyclable of type P dropped into box....}
Box has ID: 2030294088
--------------------------------------------------
separating paper......
process carried out at separation unit ID: 1367612102
{ recyclable of type P dropped into box....}
Box has ID: 2030294088
--------------------------------------------------
separating paper......
process carried out at separation unit ID: 1367612102
{ recyclable of type P dropped into box....}
Box has ID: 2030294088
--------------------------------------------------
separating paper......
process carried out at separation unit ID: 1367612102
{ recyclable of type P dropped into box....}
Box has ID: 2030294088
--------------------------------------------------
separating paper......
process carried out at separation unit ID: 1367612102
{ recyclable of type P dropped into box....}
Box has ID: 2030294088
--------------------------------------------------
separating paper......
process carried out at separation unit ID: 1367612102
{ recyclable of type P dropped into box....}
Box has ID: 2030294088
--------------------------------------------------
separating paper......
process carried out at separation unit ID: 1367612102
{ recyclable of type P dropped into box....}
Box has ID: 2030294088
--------------------------------------------------
separating paper......
process carried out at separation unit ID: 1367612102
{ recyclable of type P dropped into box....}
Box has ID: 2030294088
--------------------------------------------------
separating paper......
process carried out at separation unit ID: 1367612102
{ recyclable of type P dropped into box....}
Box has ID: 2030294088
--------------------------------------------------
separating paper......
process carried out at separation unit ID: 1367612102
{ recyclable of type P dropped into box....}
Box has ID: 2030294088
--------------------------------------------------
separating paper......
process carried out at separation unit ID: 1367612102
{ recyclable of type P dropped into box....}
Box has ID: 2030294088
--------------------------------------------------
separating paper......
process carried out at separation unit ID: 1367612102
{ recyclable of type P dropped into box....}
Box has ID: 2030294088
--------------------------------------------------
separating paper......
process carried out at separation unit ID: 1367612102
{ recyclable of type P dropped into box....}
Box has ID: 2030294088
--------------------------------------------------
separating paper......
process carried out at separation unit ID: 1367612102
{ recyclable of type P dropped into box....}
Box has ID: 2030294088
--------------------------------------------------
separating paper......
process carried out at separation unit ID: 1367612102
{ recyclable of type P dropped into box....}
Box has ID: 2030294088
--------------------------------------------------
separating paper......
process carried out at separation unit ID: 1367612102
{ recyclable of type P dropped into box....}
Box has ID: 2030294088
--------------------------------------------------
separating paper......
process carried out at separation unit ID: 1367612102
{ recyclable of type P dropped into box....}
Box has ID: 2030294088
--------------------------------------------------
separating paper......
process carried out at separation unit ID: 1367612102
{ recyclable of type P dropped into box....}
Box has ID: 2030294088
--------------------------------------------------
separating paper......
process carried out at separation unit ID: 1367612102
{ recyclable of type P dropped into box....}
Box has ID: 2030294088
--------------------------------------------------
separating paper......
process carried out at separation unit ID: 1367612102
{ recyclable of type P dropped into box....}
Box has ID: 2030294088
--------------------------------------------------
separating paper......
process carried out at separation unit ID: 1367612102
{ recyclable of type P dropped into box....}
Box has ID: 2030294088
--------------------------------------------------
separating paper......
process carried out at separation unit ID: 1367612102
{ recyclable of type P dropped into box....}
Box has ID: 2030294088
--------------------------------------------------
separating paper......
process carried out at separation unit ID: 1367612102
{ recyclable of type P dropped into box....}
Box has ID: 2030294088
--------------------------------------------------
separating paper......
process carried out at separation unit ID: 1367612102
{ recyclable of type P dropped into box....}
Box has ID: 2030294088
--------------------------------------------------
separating paper......
process carried out at separation unit ID: 1367612102
{ recyclable of type P dropped into box....}
Box has ID: 2030294088
--------------------------------------------------
separating paper......
process carried out at separation unit ID: 1367612102
{ recyclable of type P dropped into box....}
Box has ID: 2030294088
--------------------------------------------------
separating paper......
process carried out at separation unit ID: 1367612102
{ recyclable of type P dropped into box....}
Box has ID: 2030294088
--------------------------------------------------
separating paper......
process carried out at separation unit ID: 1367612102
{ recyclable of type P dropped into box....}
Box has ID: 2030294088
--------------------------------------------------
separating paper......
process carried out at separation unit ID: 1367612102
{ recyclable of type P dropped into box....}
Box has ID: 2030294088
--------------------------------------------------
separating paper......
process carried out at separation unit ID: 1367612102
{ recyclable of type P dropped into box....}
Box has ID: 2030294088
--------------------------------------------------
separating paper......
process carried out at separation unit ID: 1367612102
{ recyclable of type P dropped into box....}
Box has ID: 2030294088
--------------------------------------------------
separating paper......
process carried out at separation unit ID: 1367612102
{ recyclable of type P dropped into box....}
Box has ID: 2030294088
--------------------------------------------------
separating paper......
process carried out at separation unit ID: 1367612102
{ recyclable of type P dropped into box....}
Box has ID: 2030294088
--------------------------------------------------
separating paper......
process carried out at separation unit ID: 1367612102
{ recyclable of type P dropped into box....}
Box has ID: 2030294088
--------------------------------------------------
separating paper......
process carried out at separation unit ID: 1367612102
{ recyclable of type P dropped into box....}
Box has ID: 2030294088
--------------------------------------------------
separating paper......
process carried out at separation unit ID: 1367612102
{ recyclable of type P dropped into box....}
Box has ID: 2030294088
--------------------------------------------------
separating paper......
process carried out at separation unit ID: 1367612102
{ recyclable of type P dropped into box....}
Box has ID: 2030294088
--------------------------------------------------
separating paper......
process carried out at separation unit ID: 1367612102
{ recyclable of type P dropped into box....}
Box has ID: 2030294088
--------------------------------------------------
separating paper......
process carried out at separation unit ID: 1367612102
{ recyclable of type P dropped into box....}
Box has ID: 2030294088
--------------------------------------------------
separating paper......
process carried out at separation unit ID: 1367612102
{ recyclable of type P dropped into box....}
Box has ID: 2030294088
--------------------------------------------------
separating paper......
process carried out at separation unit ID: 1367612102
{ recyclable of type P dropped into box....}
Box has ID: 2030294088
--------------------------------------------------
separating paper......
process carried out at separation unit ID: 1367612102
{ recyclable of type P dropped into box....}
Box has ID: 2030294088
--------------------------------------------------
separating paper......
process carried out at separation unit ID: 1367612102
{ recyclable of type P dropped into box....}
Box has ID: 2030294088
--------------------------------------------------
separating paper......
process carried out at separation unit ID: 1367612102
{ recyclable of type P dropped into box....}
Box has ID: 2030294088
--------------------------------------------------
separating paper......
process carried out at separation unit ID: 1367612102
{ recyclable of type P dropped into box....}
Box has ID: 2030294088
--------------------------------------------------
separating paper......
process carried out at separation unit ID: 1367612102
{ recyclable of type P dropped into box....}
Box has ID: 2030294088
--------------------------------------------------
separating paper......
process carried out at separation unit ID: 1367612102
{ recyclable of type P dropped into box....}
Box has ID: 2030294088
--------------------------------------------------
separating paper......
process carried out at separation unit ID: 1367612102
{ recyclable of type P dropped into box....}
Box has ID: 2030294088
--------------------------------------------------
separating paper......
process carried out at separation unit ID: 1367612102
{ recyclable of type P dropped into box....}
Box has ID: 2030294088
--------------------------------------------------
separating paper......
process carried out at separation unit ID: 1367612102
{ recyclable of type P dropped into box....}
Box has ID: 2030294088
--------------------------------------------------
separating paper......
process carried out at separation unit ID: 1367612102
{ recyclable of type P dropped into box....}
Box has ID: 2030294088
--------------------------------------------------
separating paper......
process carried out at separation unit ID: 1367612102
{ recyclable of type P dropped into box....}
Box has ID: 2030294088
--------------------------------------------------
separating paper......
process carried out at separation unit ID: 1367612102
{ recyclable of type P dropped into box....}
Box has ID: 2030294088
--------------------------------------------------
separating paper......
process carried out at separation unit ID: 1367612102
{ recyclable of type P dropped into box....}
Box has ID: 2030294088
--------------------------------------------------
separating paper......
process carried out at separation unit ID: 1367612102
{ recyclable of type P dropped into box....}
Box has ID: 2030294088
--------------------------------------------------
separating paper......
process carried out at separation unit ID: 1367612102
{ recyclable of type P dropped into box....}
Box has ID: 2030294088
--------------------------------------------------
separating paper......
process carried out at separation unit ID: 1367612102
{ recyclable of type P dropped into box....}
Box has ID: 2030294088
--------------------------------------------------
separating paper......
process carried out at separation unit ID: 1367612102
{ recyclable of type P dropped into box....}
Box has ID: 2030294088
--------------------------------------------------
separating paper......
process carried out at separation unit ID: 1367612102
{ recyclable of type P dropped into box....}
Box has ID: 2030294088
--------------------------------------------------
separating paper......
process carried out at separation unit ID: 1367612102
{ recyclable of type P dropped into box....}
Box has ID: 2030294088
--------------------------------------------------
separating paper......
process carried out at separation unit ID: 1367612102
{ recyclable of type P dropped into box....}
Box has ID: 2030294088
--------------------------------------------------
separating paper......
process carried out at separation unit ID: 1367612102
{ recyclable of type P dropped into box....}
Box has ID: 2030294088
--------------------------------------------------
separating paper......
process carried out at separation unit ID: 1367612102
{ recyclable of type P dropped into box....}
Box has ID: 2030294088
--------------------------------------------------
separating paper......
process carried out at separation unit ID: 1367612102
{ recyclable of type P dropped into box....}
Box has ID: 2030294088
--------------------------------------------------
separating paper......
process carried out at separation unit ID: 1367612102
{ recyclable of type P dropped into box....}
Box has ID: 2030294088
--------------------------------------------------
separating paper......
process carried out at separation unit ID: 1367612102
{ recyclable of type P dropped into box....}
Box has ID: 2030294088
--------------------------------------------------
separating paper......
process carried out at separation unit ID: 1367612102
{ recyclable of type P dropped into box....}
Box has ID: 2030294088
--------------------------------------------------
separating paper......
process carried out at separation unit ID: 1367612102
{ recyclable of type P dropped into box....}
Box has ID: 2030294088
--------------------------------------------------
separating paper......
process carried out at separation unit ID: 1367612102
{ recyclable of type P dropped into box....}
Box has ID: 2030294088
--------------------------------------------------
separating paper......
process carried out at separation unit ID: 1367612102
{ recyclable of type P dropped into box....}
Box has ID: 2030294088
--------------------------------------------------
separating paper......
process carried out at separation unit ID: 1367612102
{ recyclable of type P dropped into box....}
Box has ID: 2030294088
--------------------------------------------------
separating paper......
process carried out at separation unit ID: 1367612102
{ recyclable of type P dropped into box....}
Box has ID: 2030294088
--------------------------------------------------
separating paper......
process carried out at separation unit ID: 1367612102
{ recyclable of type P dropped into box....}
Box has ID: 2030294088
--------------------------------------------------
separating paper......
process carried out at separation unit ID: 1367612102
{ recyclable of type P dropped into box....}
Box has ID: 2030294088
--------------------------------------------------
separating paper......
process carried out at separation unit ID: 1367612102
{ recyclable of type P dropped into box....}
Box has ID: 2030294088
--------------------------------------------------
separating paper......
process carried out at separation unit ID: 1367612102
{ recyclable of type P dropped into box....}
Box has ID: 2030294088
--------------------------------------------------
separating paper......
process carried out at separation unit ID: 1367612102
{ recyclable of type P dropped into box....}
Box has ID: 2030294088
--------------------------------------------------
separating paper......
process carried out at separation unit ID: 1367612102
{ recyclable of type P dropped into box....}
Box has ID: 2030294088
--------------------------------------------------
separating paper......
process carried out at separation unit ID: 1367612102
{ recyclable of type P dropped into box....}
Box has ID: 2030294088
--------------------------------------------------
separating paper......
process carried out at separation unit ID: 1367612102
{ recyclable of type P dropped into box....}
Box has ID: 2030294088
--------------------------------------------------
separating paper......
process carried out at separation unit ID: 1367612102
{ recyclable of type P dropped into box....}
Box has ID: 2030294088
--------------------------------------------------
separating paper......
process carried out at separation unit ID: 1367612102
{ recyclable of type P dropped into box....}
Box has ID: 2030294088
--------------------------------------------------
separating paper......
process carried out at separation unit ID: 1367612102
{ recyclable of type P dropped into box....}
Box has ID: 2030294088
--------------------------------------------------
separating paper......
process carried out at separation unit ID: 1367612102
{ recyclable of type P dropped into box....}
Box has ID: 2030294088
--------------------------------------------------
separating paper......
process carried out at separation unit ID: 1367612102
{ recyclable of type P dropped into box....}
Box has ID: 2030294088
--------------------------------------------------
separating paper......
process carried out at separation unit ID: 1367612102
{ recyclable of type P dropped into box....}
Box has ID: 2030294088
--------------------------------------------------
separating paper......
process carried out at separation unit ID: 1367612102
{ recyclable of type P dropped into box....}
Box has ID: 2030294088
--------------------------------------------------
separating paper......
process carried out at separation unit ID: 1367612102
{ recyclable of type P dropped into box....}
Box has ID: 2030294088
--------------------------------------------------
separating paper......
process carried out at separation unit ID: 1367612102
{ recyclable of type P dropped into box....}
Box has ID: 2030294088
--------------------------------------------------
separating paper......
process carried out at separation unit ID: 1367612102
{ recyclable of type P dropped into box....}
Box has ID: 2030294088
--------------------------------------------------
separating paper......
process carried out at separation unit ID: 1367612102
{ recyclable of type P dropped into box....}
Box has ID: 2030294088
--------------------------------------------------
separating paper......
process carried out at separation unit ID: 1367612102
{ recyclable of type P dropped into box....}
Box has ID: 2030294088
--------------------------------------------------
separating paper......
process carried out at separation unit ID: 1367612102
{ recyclable of type P dropped into box....}
Box has ID: 2030294088
--------------------------------------------------
separating paper......
process carried out at separation unit ID: 1367612102
{ recyclable of type P dropped into box....}
Box has ID: 2030294088
--------------------------------------------------
separating paper......
process carried out at separation unit ID: 1367612102
{ recyclable of type P dropped into box....}
Box has ID: 2030294088
--------------------------------------------------
separating paper......
process carried out at separation unit ID: 1367612102
{ recyclable of type P dropped into box....}
Box has ID: 2030294088
--------------------------------------------------
separating paper......
process carried out at separation unit ID: 1367612102
{ recyclable of type P dropped into box....}
Box has ID: 2030294088
--------------------------------------------------
separating paper......
process carried out at separation unit ID: 1367612102
{ recyclable of type P dropped into box....}
Box has ID: 2030294088
--------------------------------------------------
separating paper......
process carried out at separation unit ID: 1367612102
{ recyclable of type P dropped into box....}
Box has ID: 2030294088
--------------------------------------------------
separating paper......
process carried out at separation unit ID: 1367612102
{ recyclable of type P dropped into box....}
Box has ID: 2030294088
--------------------------------------------------
separating paper......
process carried out at separation unit ID: 1367612102
{ recyclable of type P dropped into box....}
Box has ID: 2030294088
--------------------------------------------------
separating paper......
process carried out at separation unit ID: 1367612102
{ recyclable of type P dropped into box....}
Box has ID: 2030294088
--------------------------------------------------
separating paper......
process carried out at separation unit ID: 1367612102
{ recyclable of type P dropped into box....}
Box has ID: 2030294088
--------------------------------------------------
separating paper......
process carried out at separation unit ID: 1367612102
{ recyclable of type P dropped into box....}
Box has ID: 2030294088
--------------------------------------------------
separating paper......
process carried out at separation unit ID: 1367612102
{ recyclable of type P dropped into box....}
Box has ID: 2030294088
--------------------------------------------------
separating paper......
process carried out at separation unit ID: 1367612102
{ recyclable of type P dropped into box....}
Box has ID: 2030294088
--------------------------------------------------
separating paper......
process carried out at separation unit ID: 1367612102
{ recyclable of type P dropped into box....}
Box has ID: 2030294088
--------------------------------------------------
separating paper......
process carried out at separation unit ID: 1367612102
{ recyclable of type P dropped into box....}
Box has ID: 2030294088
--------------------------------------------------
separating paper......
process carried out at separation unit ID: 1367612102
{ recyclable of type P dropped into box....}
Box has ID: 2030294088
--------------------------------------------------
separating paper......
process carried out at separation unit ID: 1367612102
{ recyclable of type P dropped into box....}
Box has ID: 2030294088
--------------------------------------------------
separating paper......
process carried out at separation unit ID: 1367612102
{ recyclable of type P dropped into box....}
Box has ID: 2030294088
--------------------------------------------------
separating paper......
process carried out at separation unit ID: 1367612102
{ recyclable of type P dropped into box....}
Box has ID: 2030294088
--------------------------------------------------
separating paper......
process carried out at separation unit ID: 1367612102
{ recyclable of type P dropped into box....}
Box has ID: 2030294088
--------------------------------------------------
separating paper......
process carried out at separation unit ID: 1367612102
{ recyclable of type P dropped into box....}
Box has ID: 2030294088
--------------------------------------------------
separating paper......
process carried out at separation unit ID: 1367612102
{ recyclable of type P dropped into box....}
Box has ID: 2030294088
--------------------------------------------------
separating paper......
process carried out at separation unit ID: 1367612102
{ recyclable of type P dropped into box....}
Box has ID: 2030294088
--------------------------------------------------
separating paper......
process carried out at separation unit ID: 1367612102
{ recyclable of type P dropped into box....}
Box has ID: 2030294088
--------------------------------------------------
separating paper......
process carried out at separation unit ID: 1367612102
{ recyclable of type P dropped into box....}
Box has ID: 2030294088
--------------------------------------------------
separating paper......
process carried out at separation unit ID: 1367612102
{ recyclable of type P dropped into box....}
Box has ID: 2030294088
--------------------------------------------------
separating paper......
process carried out at separation unit ID: 1367612102
{ recyclable of type P dropped into box....}
Box has ID: 2030294088
--------------------------------------------------
separating paper......
process carried out at separation unit ID: 1367612102
{ recyclable of type P dropped into box....}
Box has ID: 2030294088
--------------------------------------------------
separating paper......
process carried out at separation unit ID: 1367612102
{ recyclable of type P dropped into box....}
Box has ID: 2030294088
--------------------------------------------------
separating paper......
process carried out at separation unit ID: 1367612102
{ recyclable of type P dropped into box....}
Box has ID: 2030294088
--------------------------------------------------
separating paper......
process carried out at separation unit ID: 1367612102
{ recyclable of type P dropped into box....}
Box has ID: 2030294088
--------------------------------------------------
separating paper......
process carried out at separation unit ID: 1367612102
{ recyclable of type P dropped into box....}
Box has ID: 2030294088
--------------------------------------------------
separating paper......
process carried out at separation unit ID: 1367612102
{ recyclable of type P dropped into box....}
Box has ID: 2030294088
--------------------------------------------------
separating paper......
process carried out at separation unit ID: 1367612102
{ recyclable of type P dropped into box....}
Box has ID: 2030294088
--------------------------------------------------
separating paper......
process carried out at separation unit ID: 1367612102
{ recyclable of type P dropped into box....}
Box has ID: 2030294088
--------------------------------------------------
separating paper......
process carried out at separation unit ID: 1367612102
{ recyclable of type P dropped into box....}
Box has ID: 2030294088
--------------------------------------------------
separating paper......
process carried out at separation unit ID: 1367612102
{ recyclable of type P dropped into box....}
Box has ID: 2030294088
--------------------------------------------------
separating paper......
process carried out at separation unit ID: 1367612102
{ recyclable of type P dropped into box....}
Box has ID: 2030294088
--------------------------------------------------
separating paper......
process carried out at separation unit ID: 1367612102
{ recyclable of type P dropped into box....}
Box has ID: 2030294088
--------------------------------------------------
separating paper......
process carried out at separation unit ID: 1367612102
{ recyclable of type P dropped into box....}
Box has ID: 2030294088
--------------------------------------------------
separating paper......
process carried out at separation unit ID: 1367612102
{ recyclable of type P dropped into box....}
Box has ID: 2030294088
--------------------------------------------------
separating paper......
process carried out at separation unit ID: 1367612102
{ recyclable of type P dropped into box....}
Box has ID: 2030294088
--------------------------------------------------
separating paper......
process carried out at separation unit ID: 1367612102
{ recyclable of type P dropped into box....}
Box has ID: 2030294088
--------------------------------------------------
separating paper......
process carried out at separation unit ID: 1367612102
{ recyclable of type P dropped into box....}
Box has ID: 2030294088
--------------------------------------------------
separating paper......
process carried out at separation unit ID: 1367612102
{ recyclable of type P dropped into box....}
Box has ID: 2030294088
--------------------------------------------------
separating paper......
process carried out at separation unit ID: 1367612102
{ recyclable of type P dropped into box....}
Box has ID: 2030294088
--------------------------------------------------
separating paper......
process carried out at separation unit ID: 1367612102
{ recyclable of type P dropped into box....}
Box has ID: 2030294088
--------------------------------------------------
separating paper......
process carried out at separation unit ID: 1367612102
{ recyclable of type P dropped into box....}
Box has ID: 2030294088
--------------------------------------------------
separating paper......
process carried out at separation unit ID: 1367612102
{ recyclable of type P dropped into box....}
Box has ID: 2030294088
--------------------------------------------------
separating paper......
process carried out at separation unit ID: 1367612102
{ recyclable of type P dropped into box....}
Box has ID: 2030294088
--------------------------------------------------
separating paper......
process carried out at separation unit ID: 1367612102
{ recyclable of type P dropped into box....}
Box has ID: 2030294088
--------------------------------------------------
separating paper......
process carried out at separation unit ID: 1367612102
{ recyclable of type P dropped into box....}
Box has ID: 2030294088
--------------------------------------------------
separating paper......
process carried out at separation unit ID: 1367612102
{ recyclable of type P dropped into box....}
Box has ID: 2030294088
--------------------------------------------------
separating paper......
process carried out at separation unit ID: 1367612102
{ recyclable of type P dropped into box....}
Box has ID: 2030294088
--------------------------------------------------
separating paper......
process carried out at separation unit ID: 1367612102
{ recyclable of type P dropped into box....}
Box has ID: 2030294088
--------------------------------------------------
separating paper......
process carried out at separation unit ID: 1367612102
{ recyclable of type P dropped into box....}
Box has ID: 2030294088
--------------------------------------------------
separating paper......
process carried out at separation unit ID: 1367612102
{ recyclable of type P dropped into box....}
Box has ID: 2030294088
--------------------------------------------------
separating paper......
process carried out at separation unit ID: 1367612102
{ recyclable of type P dropped into box....}
Box has ID: 2030294088
--------------------------------------------------
separating paper......
process carried out at separation unit ID: 1367612102
{ recyclable of type P dropped into box....}
Box has ID: 2030294088
--------------------------------------------------
separating paper......
process carried out at separation unit ID: 1367612102
{ recyclable of type P dropped into box....}
Box has ID: 2030294088
--------------------------------------------------
separating paper......
process carried out at separation unit ID: 1367612102
{ recyclable of type P dropped into box....}
Box has ID: 2030294088
--------------------------------------------------
separating paper......
process carried out at separation unit ID: 1367612102
{ recyclable of type P dropped into box....}
Box has ID: 2030294088
--------------------------------------------------
separating paper......
process carried out at separation unit ID: 1367612102
{ recyclable of type P dropped into box....}
Box has ID: 2030294088
--------------------------------------------------
separating paper......
process carried out at separation unit ID: 1367612102
{ recyclable of type P dropped into box....}
Box has ID: 2030294088
--------------------------------------------------
separating paper......
process carried out at separation unit ID: 1367612102
{ recyclable of type P dropped into box....}
Box has ID: 2030294088
--------------------------------------------------
separating paper......
process carried out at separation unit ID: 1367612102
{ recyclable of type P dropped into box....}
Box has ID: 2030294088
--------------------------------------------------
separating paper......
process carried out at separation unit ID: 1367612102
{ recyclable of type P dropped into box....}
Box has ID: 2030294088
--------------------------------------------------
separating paper......
process carried out at separation unit ID: 1367612102
{ recyclable of type P dropped into box....}
Box has ID: 2030294088
--------------------------------------------------
separating paper......
process carried out at separation unit ID: 1367612102
{ recyclable of type P dropped into box....}
Box has ID: 2030294088
--------------------------------------------------
separating paper......
process carried out at separation unit ID: 1367612102
{ recyclable of type P dropped into box....}
Box has ID: 2030294088
--------------------------------------------------
separating paper......
process carried out at separation unit ID: 1367612102
{ recyclable of type P dropped into box....}
Box has ID: 2030294088
--------------------------------------------------
box hash: 2030294088
-----------------------------------------------------------------------------------
-----------------------------------------------------------------------------------
ALARM !!!!!!! BOX with ID 2030294088 is full.....
-----------------------------------------------------------------------------------
-----------------------------------------------------------------------------------
box capacity: 1000
worker replaced filled box with ID: 2030294088 , with a new box with ID: 70165127 at process unit: 1367612102

separating paper......
process carried out at separation unit ID: 1367612102
{ recyclable of type P dropped into box....}
Box has ID: 70165127
--------------------------------------------------
separating paper......
process carried out at separation unit ID: 1493142905
{ recyclable of type P dropped into box....}
Box has ID: 233309087
--------------------------------------------------
separating paper......
process carried out at separation unit ID: 1493142905
{ recyclable of type P dropped into box....}
Box has ID: 233309087
--------------------------------------------------
separating paper......
process carried out at separation unit ID: 1493142905
{ recyclable of type P dropped into box....}
Box has ID: 233309087
--------------------------------------------------
separating paper......
process carried out at separation unit ID: 1493142905
{ recyclable of type P dropped into box....}
Box has ID: 233309087
--------------------------------------------------
separating paper......
process carried out at separation unit ID: 1493142905
{ recyclable of type P dropped into box....}
Box has ID: 233309087
--------------------------------------------------
separating paper......
process carried out at separation unit ID: 1493142905
{ recyclable of type P dropped into box....}
Box has ID: 233309087
--------------------------------------------------
separating paper......
process carried out at separation unit ID: 1493142905
{ recyclable of type P dropped into box....}
Box has ID: 233309087
--------------------------------------------------
separating paper......
process carried out at separation unit ID: 1493142905
{ recyclable of type P dropped into box....}
Box has ID: 233309087
--------------------------------------------------
separating paper......
process carried out at separation unit ID: 1493142905
{ recyclable of type P dropped into box....}
Box has ID: 233309087
--------------------------------------------------
separating paper......
process carried out at separation unit ID: 1493142905
{ recyclable of type P dropped into box....}
Box has ID: 233309087
--------------------------------------------------
separating paper......
process carried out at separation unit ID: 1493142905
{ recyclable of type P dropped into box....}
Box has ID: 233309087
--------------------------------------------------
separating paper......
process carried out at separation unit ID: 1493142905
{ recyclable of type P dropped into box....}
Box has ID: 233309087
--------------------------------------------------
separating paper......
process carried out at separation unit ID: 1493142905
{ recyclable of type P dropped into box....}
Box has ID: 233309087
--------------------------------------------------
separating paper......
process carried out at separation unit ID: 1493142905
{ recyclable of type P dropped into box....}
Box has ID: 233309087
--------------------------------------------------
separating paper......
process carried out at separation unit ID: 1493142905
{ recyclable of type P dropped into box....}
Box has ID: 233309087
--------------------------------------------------
separating paper......
process carried out at separation unit ID: 1493142905
{ recyclable of type P dropped into box....}
Box has ID: 233309087
--------------------------------------------------
separating paper......
process carried out at separation unit ID: 1493142905
{ recyclable of type P dropped into box....}
Box has ID: 233309087
--------------------------------------------------
separating paper......
process carried out at separation unit ID: 1493142905
{ recyclable of type P dropped into box....}
Box has ID: 233309087
--------------------------------------------------
separating paper......
process carried out at separation unit ID: 1493142905
{ recyclable of type P dropped into box....}
Box has ID: 233309087
--------------------------------------------------
separating paper......
process carried out at separation unit ID: 1493142905
{ recyclable of type P dropped into box....}
Box has ID: 233309087
--------------------------------------------------
separating paper......
process carried out at separation unit ID: 1493142905
{ recyclable of type P dropped into box....}
Box has ID: 233309087
--------------------------------------------------
separating paper......
process carried out at separation unit ID: 1493142905
{ recyclable of type P dropped into box....}
Box has ID: 233309087
--------------------------------------------------
separating paper......
process carried out at separation unit ID: 1493142905
{ recyclable of type P dropped into box....}
Box has ID: 233309087
--------------------------------------------------
separating paper......
process carried out at separation unit ID: 1493142905
{ recyclable of type P dropped into box....}
Box has ID: 233309087
--------------------------------------------------
separating paper......
process carried out at separation unit ID: 1493142905
{ recyclable of type P dropped into box....}
Box has ID: 233309087
--------------------------------------------------
separating paper......
process carried out at separation unit ID: 1493142905
{ recyclable of type P dropped into box....}
Box has ID: 233309087
--------------------------------------------------
separating paper......
process carried out at separation unit ID: 1493142905
{ recyclable of type P dropped into box....}
Box has ID: 233309087
--------------------------------------------------
separating paper......
process carried out at separation unit ID: 1493142905
{ recyclable of type P dropped into box....}
Box has ID: 233309087
--------------------------------------------------
separating paper......
process carried out at separation unit ID: 1493142905
{ recyclable of type P dropped into box....}
Box has ID: 233309087
--------------------------------------------------
separating paper......
process carried out at separation unit ID: 1493142905
{ recyclable of type P dropped into box....}
Box has ID: 233309087
--------------------------------------------------
separating paper......
process carried out at separation unit ID: 1493142905
{ recyclable of type P dropped into box....}
Box has ID: 233309087
--------------------------------------------------
separating paper......
process carried out at separation unit ID: 1493142905
{ recyclable of type P dropped into box....}
Box has ID: 233309087
--------------------------------------------------
separating paper......
process carried out at separation unit ID: 1493142905
{ recyclable of type P dropped into box....}
Box has ID: 233309087
--------------------------------------------------
separating paper......
process carried out at separation unit ID: 1493142905
{ recyclable of type P dropped into box....}
Box has ID: 233309087
--------------------------------------------------
separating paper......
process carried out at separation unit ID: 1493142905
{ recyclable of type P dropped into box....}
Box has ID: 233309087
--------------------------------------------------
separating paper......
process carried out at separation unit ID: 1493142905
{ recyclable of type P dropped into box....}
Box has ID: 233309087
--------------------------------------------------
separating paper......
process carried out at separation unit ID: 1493142905
{ recyclable of type P dropped into box....}
Box has ID: 233309087
--------------------------------------------------
separating paper......
process carried out at separation unit ID: 1493142905
{ recyclable of type P dropped into box....}
Box has ID: 233309087
--------------------------------------------------
separating paper......
process carried out at separation unit ID: 1493142905
{ recyclable of type P dropped into box....}
Box has ID: 233309087
--------------------------------------------------
separating paper......
process carried out at separation unit ID: 1493142905
{ recyclable of type P dropped into box....}
Box has ID: 233309087
--------------------------------------------------
separating paper......
process carried out at separation unit ID: 1493142905
{ recyclable of type P dropped into box....}
Box has ID: 233309087
--------------------------------------------------
separating paper......
process carried out at separation unit ID: 1493142905
{ recyclable of type P dropped into box....}
Box has ID: 233309087
--------------------------------------------------
separating paper......
process carried out at separation unit ID: 1493142905
{ recyclable of type P dropped into box....}
Box has ID: 233309087
--------------------------------------------------
separating paper......
process carried out at separation unit ID: 1493142905
{ recyclable of type P dropped into box....}
Box has ID: 233309087
--------------------------------------------------
separating paper......
process carried out at separation unit ID: 1493142905
{ recyclable of type P dropped into box....}
Box has ID: 233309087
--------------------------------------------------
separating paper......
process carried out at separation unit ID: 1493142905
{ recyclable of type P dropped into box....}
Box has ID: 233309087
--------------------------------------------------
separating paper......
process carried out at separation unit ID: 1493142905
{ recyclable of type P dropped into box....}
Box has ID: 233309087
--------------------------------------------------
separating paper......
process carried out at separation unit ID: 1493142905
{ recyclable of type P dropped into box....}
Box has ID: 233309087
--------------------------------------------------
separating paper......
process carried out at separation unit ID: 1493142905
{ recyclable of type P dropped into box....}
Box has ID: 233309087
--------------------------------------------------
separating paper......
process carried out at separation unit ID: 1493142905
{ recyclable of type P dropped into box....}
Box has ID: 233309087
--------------------------------------------------
separating paper......
process carried out at separation unit ID: 1493142905
{ recyclable of type P dropped into box....}
Box has ID: 233309087
--------------------------------------------------
separating paper......
process carried out at separation unit ID: 1493142905
{ recyclable of type P dropped into box....}
Box has ID: 233309087
--------------------------------------------------
separating paper......
process carried out at separation unit ID: 1493142905
{ recyclable of type P dropped into box....}
Box has ID: 233309087
--------------------------------------------------
separating paper......
process carried out at separation unit ID: 1493142905
{ recyclable of type P dropped into box....}
Box has ID: 233309087
--------------------------------------------------
separating paper......
process carried out at separation unit ID: 1493142905
{ recyclable of type P dropped into box....}
Box has ID: 233309087
--------------------------------------------------
separating paper......
process carried out at separation unit ID: 1493142905
{ recyclable of type P dropped into box....}
Box has ID: 233309087
--------------------------------------------------
separating paper......
process carried out at separation unit ID: 1493142905
{ recyclable of type P dropped into box....}
Box has ID: 233309087
--------------------------------------------------
separating paper......
process carried out at separation unit ID: 1493142905
{ recyclable of type P dropped into box....}
Box has ID: 233309087
--------------------------------------------------
separating paper......
process carried out at separation unit ID: 1493142905
{ recyclable of type P dropped into box....}
Box has ID: 233309087
--------------------------------------------------
separating paper......
process carried out at separation unit ID: 1493142905
{ recyclable of type P dropped into box....}
Box has ID: 233309087
--------------------------------------------------
separating paper......
process carried out at separation unit ID: 1493142905
{ recyclable of type P dropped into box....}
Box has ID: 233309087
--------------------------------------------------
separating paper......
process carried out at separation unit ID: 1493142905
{ recyclable of type P dropped into box....}
Box has ID: 233309087
--------------------------------------------------
separating paper......
process carried out at separation unit ID: 1493142905
{ recyclable of type P dropped into box....}
Box has ID: 233309087
--------------------------------------------------
separating paper......
process carried out at separation unit ID: 1493142905
{ recyclable of type P dropped into box....}
Box has ID: 233309087
--------------------------------------------------
separating paper......
process carried out at separation unit ID: 1493142905
{ recyclable of type P dropped into box....}
Box has ID: 233309087
--------------------------------------------------
separating paper......
process carried out at separation unit ID: 1493142905
{ recyclable of type P dropped into box....}
Box has ID: 233309087
--------------------------------------------------
separating paper......
process carried out at separation unit ID: 1493142905
{ recyclable of type P dropped into box....}
Box has ID: 233309087
--------------------------------------------------
separating paper......
process carried out at separation unit ID: 1493142905
{ recyclable of type P dropped into box....}
Box has ID: 233309087
--------------------------------------------------
separating paper......
process carried out at separation unit ID: 1493142905
{ recyclable of type P dropped into box....}
Box has ID: 233309087
--------------------------------------------------
separating paper......
process carried out at separation unit ID: 1493142905
{ recyclable of type P dropped into box....}
Box has ID: 233309087
--------------------------------------------------
separating paper......
process carried out at separation unit ID: 1493142905
{ recyclable of type P dropped into box....}
Box has ID: 233309087
--------------------------------------------------
separating paper......
process carried out at separation unit ID: 1493142905
{ recyclable of type P dropped into box....}
Box has ID: 233309087
--------------------------------------------------
separating paper......
process carried out at separation unit ID: 1493142905
{ recyclable of type P dropped into box....}
Box has ID: 233309087
--------------------------------------------------
separating paper......
process carried out at separation unit ID: 1493142905
{ recyclable of type P dropped into box....}
Box has ID: 233309087
--------------------------------------------------
separating paper......
process carried out at separation unit ID: 1493142905
{ recyclable of type P dropped into box....}
Box has ID: 233309087
--------------------------------------------------
separating paper......
process carried out at separation unit ID: 1493142905
{ recyclable of type P dropped into box....}
Box has ID: 233309087
--------------------------------------------------
separating paper......
process carried out at separation unit ID: 1493142905
{ recyclable of type P dropped into box....}
Box has ID: 233309087
--------------------------------------------------
separating paper......
process carried out at separation unit ID: 1493142905
{ recyclable of type P dropped into box....}
Box has ID: 233309087
--------------------------------------------------
separating paper......
process carried out at separation unit ID: 1493142905
{ recyclable of type P dropped into box....}
Box has ID: 233309087
--------------------------------------------------
separating paper......
process carried out at separation unit ID: 1493142905
{ recyclable of type P dropped into box....}
Box has ID: 233309087
--------------------------------------------------
separating paper......
process carried out at separation unit ID: 1493142905
{ recyclable of type P dropped into box....}
Box has ID: 233309087
--------------------------------------------------
separating paper......
process carried out at separation unit ID: 1493142905
{ recyclable of type P dropped into box....}
Box has ID: 233309087
--------------------------------------------------
separating paper......
process carried out at separation unit ID: 1493142905
{ recyclable of type P dropped into box....}
Box has ID: 233309087
--------------------------------------------------
separating paper......
process carried out at separation unit ID: 1493142905
{ recyclable of type P dropped into box....}
Box has ID: 233309087
--------------------------------------------------
separating paper......
process carried out at separation unit ID: 1493142905
{ recyclable of type P dropped into box....}
Box has ID: 233309087
--------------------------------------------------
separating paper......
process carried out at separation unit ID: 1493142905
{ recyclable of type P dropped into box....}
Box has ID: 233309087
--------------------------------------------------
separating paper......
process carried out at separation unit ID: 1493142905
{ recyclable of type P dropped into box....}
Box has ID: 233309087
--------------------------------------------------
separating paper......
process carried out at separation unit ID: 1493142905
{ recyclable of type P dropped into box....}
Box has ID: 233309087
--------------------------------------------------
separating paper......
process carried out at separation unit ID: 1493142905
{ recyclable of type P dropped into box....}
Box has ID: 233309087
--------------------------------------------------
separating paper......
process carried out at separation unit ID: 1493142905
{ recyclable of type P dropped into box....}
Box has ID: 233309087
--------------------------------------------------
separating paper......
process carried out at separation unit ID: 1493142905
{ recyclable of type P dropped into box....}
Box has ID: 233309087
--------------------------------------------------
separating paper......
process carried out at separation unit ID: 1493142905
{ recyclable of type P dropped into box....}
Box has ID: 233309087
--------------------------------------------------
separating paper......
process carried out at separation unit ID: 1493142905
{ recyclable of type P dropped into box....}
Box has ID: 233309087
--------------------------------------------------
separating paper......
process carried out at separation unit ID: 1493142905
{ recyclable of type P dropped into box....}
Box has ID: 233309087
--------------------------------------------------
separating paper......
process carried out at separation unit ID: 1493142905
{ recyclable of type P dropped into box....}
Box has ID: 233309087
--------------------------------------------------
separating paper......
process carried out at separation unit ID: 1493142905
{ recyclable of type P dropped into box....}
Box has ID: 233309087
--------------------------------------------------
separating paper......
process carried out at separation unit ID: 1493142905
{ recyclable of type P dropped into box....}
Box has ID: 233309087
--------------------------------------------------
separating paper......
process carried out at separation unit ID: 1493142905
{ recyclable of type P dropped into box....}
Box has ID: 233309087
--------------------------------------------------
separating paper......
process carried out at separation unit ID: 1493142905
{ recyclable of type P dropped into box....}
Box has ID: 233309087
--------------------------------------------------
separating paper......
process carried out at separation unit ID: 1493142905
{ recyclable of type P dropped into box....}
Box has ID: 233309087
--------------------------------------------------
separating paper......
process carried out at separation unit ID: 1493142905
{ recyclable of type P dropped into box....}
Box has ID: 233309087
--------------------------------------------------
separating paper......
process carried out at separation unit ID: 1493142905
{ recyclable of type P dropped into box....}
Box has ID: 233309087
--------------------------------------------------
separating paper......
process carried out at separation unit ID: 1493142905
{ recyclable of type P dropped into box....}
Box has ID: 233309087
--------------------------------------------------
separating paper......
process carried out at separation unit ID: 1493142905
{ recyclable of type P dropped into box....}
Box has ID: 233309087
--------------------------------------------------
separating paper......
process carried out at separation unit ID: 1493142905
{ recyclable of type P dropped into box....}
Box has ID: 233309087
--------------------------------------------------
separating paper......
process carried out at separation unit ID: 1493142905
{ recyclable of type P dropped into box....}
Box has ID: 233309087
--------------------------------------------------
separating paper......
process carried out at separation unit ID: 1493142905
{ recyclable of type P dropped into box....}
Box has ID: 233309087
--------------------------------------------------
separating paper......
process carried out at separation unit ID: 1493142905
{ recyclable of type P dropped into box....}
Box has ID: 233309087
--------------------------------------------------
separating paper......
process carried out at separation unit ID: 1493142905
{ recyclable of type P dropped into box....}
Box has ID: 233309087
--------------------------------------------------
separating paper......
process carried out at separation unit ID: 1493142905
{ recyclable of type P dropped into box....}
Box has ID: 233309087
--------------------------------------------------
separating paper......
process carried out at separation unit ID: 1493142905
{ recyclable of type P dropped into box....}
Box has ID: 233309087
--------------------------------------------------
separating paper......
process carried out at separation unit ID: 1493142905
{ recyclable of type P dropped into box....}
Box has ID: 233309087
--------------------------------------------------
separating paper......
process carried out at separation unit ID: 1493142905
{ recyclable of type P dropped into box....}
Box has ID: 233309087
--------------------------------------------------
separating paper......
process carried out at separation unit ID: 1493142905
{ recyclable of type P dropped into box....}
Box has ID: 233309087
--------------------------------------------------
separating paper......
process carried out at separation unit ID: 1493142905
{ recyclable of type P dropped into box....}
Box has ID: 233309087
--------------------------------------------------
separating paper......
process carried out at separation unit ID: 1493142905
{ recyclable of type P dropped into box....}
Box has ID: 233309087
--------------------------------------------------
separating paper......
process carried out at separation unit ID: 1493142905
{ recyclable of type P dropped into box....}
Box has ID: 233309087
--------------------------------------------------
separating paper......
process carried out at separation unit ID: 1493142905
{ recyclable of type P dropped into box....}
Box has ID: 233309087
--------------------------------------------------
separating paper......
process carried out at separation unit ID: 1493142905
{ recyclable of type P dropped into box....}
Box has ID: 233309087
--------------------------------------------------
separating paper......
process carried out at separation unit ID: 1493142905
{ recyclable of type P dropped into box....}
Box has ID: 233309087
--------------------------------------------------
separating paper......
process carried out at separation unit ID: 1493142905
{ recyclable of type P dropped into box....}
Box has ID: 233309087
--------------------------------------------------
separating paper......
process carried out at separation unit ID: 1493142905
{ recyclable of type P dropped into box....}
Box has ID: 233309087
--------------------------------------------------
separating paper......
process carried out at separation unit ID: 1493142905
{ recyclable of type P dropped into box....}
Box has ID: 233309087
--------------------------------------------------
separating paper......
process carried out at separation unit ID: 1493142905
{ recyclable of type P dropped into box....}
Box has ID: 233309087
--------------------------------------------------
separating paper......
process carried out at separation unit ID: 1493142905
{ recyclable of type P dropped into box....}
Box has ID: 233309087
--------------------------------------------------
separating paper......
process carried out at separation unit ID: 1493142905
{ recyclable of type P dropped into box....}
Box has ID: 233309087
--------------------------------------------------
separating paper......
process carried out at separation unit ID: 1493142905
{ recyclable of type P dropped into box....}
Box has ID: 233309087
--------------------------------------------------
separating paper......
process carried out at separation unit ID: 1493142905
{ recyclable of type P dropped into box....}
Box has ID: 233309087
--------------------------------------------------
separating paper......
process carried out at separation unit ID: 1493142905
{ recyclable of type P dropped into box....}
Box has ID: 233309087
--------------------------------------------------
separating paper......
process carried out at separation unit ID: 1493142905
{ recyclable of type P dropped into box....}
Box has ID: 233309087
--------------------------------------------------
separating paper......
process carried out at separation unit ID: 1493142905
{ recyclable of type P dropped into box....}
Box has ID: 233309087
--------------------------------------------------
separating paper......
process carried out at separation unit ID: 1493142905
{ recyclable of type P dropped into box....}
Box has ID: 233309087
--------------------------------------------------
separating paper......
process carried out at separation unit ID: 1493142905
{ recyclable of type P dropped into box....}
Box has ID: 233309087
--------------------------------------------------
separating paper......
process carried out at separation unit ID: 1493142905
{ recyclable of type P dropped into box....}
Box has ID: 233309087
--------------------------------------------------
separating paper......
process carried out at separation unit ID: 1493142905
{ recyclable of type P dropped into box....}
Box has ID: 233309087
--------------------------------------------------
separating paper......
process carried out at separation unit ID: 1493142905
{ recyclable of type P dropped into box....}
Box has ID: 233309087
--------------------------------------------------
separating paper......
process carried out at separation unit ID: 1493142905
{ recyclable of type P dropped into box....}
Box has ID: 233309087
--------------------------------------------------
separating paper......
process carried out at separation unit ID: 1493142905
{ recyclable of type P dropped into box....}
Box has ID: 233309087
--------------------------------------------------
separating paper......
process carried out at separation unit ID: 1493142905
{ recyclable of type P dropped into box....}
Box has ID: 233309087
--------------------------------------------------
separating paper......
process carried out at separation unit ID: 1493142905
{ recyclable of type P dropped into box....}
Box has ID: 233309087
--------------------------------------------------
separating paper......
process carried out at separation unit ID: 1493142905
{ recyclable of type P dropped into box....}
Box has ID: 233309087
--------------------------------------------------
separating paper......
process carried out at separation unit ID: 1493142905
{ recyclable of type P dropped into box....}
Box has ID: 233309087
--------------------------------------------------
separating paper......
process carried out at separation unit ID: 1493142905
{ recyclable of type P dropped into box....}
Box has ID: 233309087
--------------------------------------------------
separating paper......
process carried out at separation unit ID: 1493142905
{ recyclable of type P dropped into box....}
Box has ID: 233309087
--------------------------------------------------
separating paper......
process carried out at separation unit ID: 1493142905
{ recyclable of type P dropped into box....}
Box has ID: 233309087
--------------------------------------------------
separating paper......
process carried out at separation unit ID: 1493142905
{ recyclable of type P dropped into box....}
Box has ID: 233309087
--------------------------------------------------
separating paper......
process carried out at separation unit ID: 1493142905
{ recyclable of type P dropped into box....}
Box has ID: 233309087
--------------------------------------------------
separating paper......
process carried out at separation unit ID: 1493142905
{ recyclable of type P dropped into box....}
Box has ID: 233309087
--------------------------------------------------
separating paper......
process carried out at separation unit ID: 1493142905
{ recyclable of type P dropped into box....}
Box has ID: 233309087
--------------------------------------------------
separating paper......
process carried out at separation unit ID: 1493142905
{ recyclable of type P dropped into box....}
Box has ID: 233309087
--------------------------------------------------
separating paper......
process carried out at separation unit ID: 1493142905
{ recyclable of type P dropped into box....}
Box has ID: 233309087
--------------------------------------------------
separating paper......
process carried out at separation unit ID: 1493142905
{ recyclable of type P dropped into box....}
Box has ID: 233309087
--------------------------------------------------
separating paper......
process carried out at separation unit ID: 1493142905
{ recyclable of type P dropped into box....}
Box has ID: 233309087
--------------------------------------------------
separating paper......
process carried out at separation unit ID: 1493142905
{ recyclable of type P dropped into box....}
Box has ID: 233309087
--------------------------------------------------
separating paper......
process carried out at separation unit ID: 1493142905
{ recyclable of type P dropped into box....}
Box has ID: 233309087
--------------------------------------------------
separating paper......
process carried out at separation unit ID: 1493142905
{ recyclable of type P dropped into box....}
Box has ID: 233309087
--------------------------------------------------
separating paper......
process carried out at separation unit ID: 1493142905
{ recyclable of type P dropped into box....}
Box has ID: 233309087
--------------------------------------------------
separating paper......
process carried out at separation unit ID: 1493142905
{ recyclable of type P dropped into box....}
Box has ID: 233309087
--------------------------------------------------
separating paper......
process carried out at separation unit ID: 1493142905
{ recyclable of type P dropped into box....}
Box has ID: 233309087
--------------------------------------------------
separating paper......
process carried out at separation unit ID: 1493142905
{ recyclable of type P dropped into box....}
Box has ID: 233309087
--------------------------------------------------
separating paper......
process carried out at separation unit ID: 1493142905
{ recyclable of type P dropped into box....}
Box has ID: 233309087
--------------------------------------------------
separating paper......
process carried out at separation unit ID: 1493142905
{ recyclable of type P dropped into box....}
Box has ID: 233309087
--------------------------------------------------
separating paper......
process carried out at separation unit ID: 1493142905
{ recyclable of type P dropped into box....}
Box has ID: 233309087
--------------------------------------------------
separating paper......
process carried out at separation unit ID: 1493142905
{ recyclable of type P dropped into box....}
Box has ID: 233309087
--------------------------------------------------
separating paper......
process carried out at separation unit ID: 1493142905
{ recyclable of type P dropped into box....}
Box has ID: 233309087
--------------------------------------------------
separating paper......
process carried out at separation unit ID: 1493142905
{ recyclable of type P dropped into box....}
Box has ID: 233309087
--------------------------------------------------
separating paper......
process carried out at separation unit ID: 1493142905
{ recyclable of type P dropped into box....}
Box has ID: 233309087
--------------------------------------------------
separating paper......
process carried out at separation unit ID: 1493142905
{ recyclable of type P dropped into box....}
Box has ID: 233309087
--------------------------------------------------
separating paper......
process carried out at separation unit ID: 1493142905
{ recyclable of type P dropped into box....}
Box has ID: 233309087
--------------------------------------------------
separating paper......
process carried out at separation unit ID: 1493142905
{ recyclable of type P dropped into box....}
Box has ID: 233309087
--------------------------------------------------
separating paper......
process carried out at separation unit ID: 1493142905
{ recyclable of type P dropped into box....}
Box has ID: 233309087
--------------------------------------------------
separating paper......
process carried out at separation unit ID: 1493142905
{ recyclable of type P dropped into box....}
Box has ID: 233309087
--------------------------------------------------
separating paper......
process carried out at separation unit ID: 1493142905
{ recyclable of type P dropped into box....}
Box has ID: 233309087
--------------------------------------------------
separating paper......
process carried out at separation unit ID: 1493142905
{ recyclable of type P dropped into box....}
Box has ID: 233309087
--------------------------------------------------
separating paper......
process carried out at separation unit ID: 1493142905
{ recyclable of type P dropped into box....}
Box has ID: 233309087
--------------------------------------------------
separating paper......
process carried out at separation unit ID: 1493142905
{ recyclable of type P dropped into box....}
Box has ID: 233309087
--------------------------------------------------
separating paper......
process carried out at separation unit ID: 1493142905
{ recyclable of type P dropped into box....}
Box has ID: 233309087
--------------------------------------------------
separating paper......
process carried out at separation unit ID: 1493142905
{ recyclable of type P dropped into box....}
Box has ID: 233309087
--------------------------------------------------
separating paper......
process carried out at separation unit ID: 1493142905
{ recyclable of type P dropped into box....}
Box has ID: 233309087
--------------------------------------------------
separating paper......
process carried out at separation unit ID: 1493142905
{ recyclable of type P dropped into box....}
Box has ID: 233309087
--------------------------------------------------
separating paper......
process carried out at separation unit ID: 1493142905
{ recyclable of type P dropped into box....}
Box has ID: 233309087
--------------------------------------------------
separating paper......
process carried out at separation unit ID: 1493142905
{ recyclable of type P dropped into box....}
Box has ID: 233309087
--------------------------------------------------
separating paper......
process carried out at separation unit ID: 1493142905
{ recyclable of type P dropped into box....}
Box has ID: 233309087
--------------------------------------------------
separating paper......
process carried out at separation unit ID: 1493142905
{ recyclable of type P dropped into box....}
Box has ID: 233309087
--------------------------------------------------
separating paper......
process carried out at separation unit ID: 1493142905
{ recyclable of type P dropped into box....}
Box has ID: 233309087
--------------------------------------------------
separating paper......
process carried out at separation unit ID: 1493142905
{ recyclable of type P dropped into box....}
Box has ID: 233309087
--------------------------------------------------
separating paper......
process carried out at separation unit ID: 1493142905
{ recyclable of type P dropped into box....}
Box has ID: 233309087
--------------------------------------------------
separating paper......
process carried out at separation unit ID: 1493142905
{ recyclable of type P dropped into box....}
Box has ID: 233309087
--------------------------------------------------
separating paper......
process carried out at separation unit ID: 1493142905
{ recyclable of type P dropped into box....}
Box has ID: 233309087
--------------------------------------------------
separating paper......
process carried out at separation unit ID: 1493142905
{ recyclable of type P dropped into box....}
Box has ID: 233309087
--------------------------------------------------
separating paper......
process carried out at separation unit ID: 1493142905
{ recyclable of type P dropped into box....}
Box has ID: 233309087
--------------------------------------------------
separating paper......
process carried out at separation unit ID: 1493142905
{ recyclable of type P dropped into box....}
Box has ID: 233309087
--------------------------------------------------
separating paper......
process carried out at separation unit ID: 1493142905
{ recyclable of type P dropped into box....}
Box has ID: 233309087
--------------------------------------------------
separating paper......
process carried out at separation unit ID: 1493142905
{ recyclable of type P dropped into box....}
Box has ID: 233309087
--------------------------------------------------
separating paper......
process carried out at separation unit ID: 1493142905
{ recyclable of type P dropped into box....}
Box has ID: 233309087
--------------------------------------------------
separating paper......
process carried out at separation unit ID: 1493142905
{ recyclable of type P dropped into box....}
Box has ID: 233309087
--------------------------------------------------
separating paper......
process carried out at separation unit ID: 1493142905
{ recyclable of type P dropped into box....}
Box has ID: 233309087
--------------------------------------------------
separating paper......
process carried out at separation unit ID: 1493142905
{ recyclable of type P dropped into box....}
Box has ID: 233309087
--------------------------------------------------
separating paper......
process carried out at separation unit ID: 1493142905
{ recyclable of type P dropped into box....}
Box has ID: 233309087
--------------------------------------------------
separating paper......
process carried out at separation unit ID: 1493142905
{ recyclable of type P dropped into box....}
Box has ID: 233309087
--------------------------------------------------
separating paper......
process carried out at separation unit ID: 1493142905
{ recyclable of type P dropped into box....}
Box has ID: 233309087
--------------------------------------------------
separating paper......
process carried out at separation unit ID: 1493142905
{ recyclable of type P dropped into box....}
Box has ID: 233309087
--------------------------------------------------
separating paper......
process carried out at separation unit ID: 1493142905
{ recyclable of type P dropped into box....}
Box has ID: 233309087
--------------------------------------------------
separating paper......
process carried out at separation unit ID: 1493142905
{ recyclable of type P dropped into box....}
Box has ID: 233309087
--------------------------------------------------
separating paper......
process carried out at separation unit ID: 1493142905
{ recyclable of type P dropped into box....}
Box has ID: 233309087
--------------------------------------------------
separating paper......
process carried out at separation unit ID: 1493142905
{ recyclable of type P dropped into box....}
Box has ID: 233309087
--------------------------------------------------
separating paper......
process carried out at separation unit ID: 1493142905
{ recyclable of type P dropped into box....}
Box has ID: 233309087
--------------------------------------------------
separating paper......
process carried out at separation unit ID: 1493142905
{ recyclable of type P dropped into box....}
Box has ID: 233309087
--------------------------------------------------
separating paper......
process carried out at separation unit ID: 1493142905
{ recyclable of type P dropped into box....}
Box has ID: 233309087
--------------------------------------------------
separating paper......
process carried out at separation unit ID: 1493142905
{ recyclable of type P dropped into box....}
Box has ID: 233309087
--------------------------------------------------
separating paper......
process carried out at separation unit ID: 1493142905
{ recyclable of type P dropped into box....}
Box has ID: 233309087
--------------------------------------------------
separating paper......
process carried out at separation unit ID: 1493142905
{ recyclable of type P dropped into box....}
Box has ID: 233309087
--------------------------------------------------
separating paper......
process carried out at separation unit ID: 1493142905
{ recyclable of type P dropped into box....}
Box has ID: 233309087
--------------------------------------------------
separating paper......
process carried out at separation unit ID: 1493142905
{ recyclable of type P dropped into box....}
Box has ID: 233309087
--------------------------------------------------
separating paper......
process carried out at separation unit ID: 1493142905
{ recyclable of type P dropped into box....}
Box has ID: 233309087
--------------------------------------------------
separating paper......
process carried out at separation unit ID: 1493142905
{ recyclable of type P dropped into box....}
Box has ID: 233309087
--------------------------------------------------
separating paper......
process carried out at separation unit ID: 1493142905
{ recyclable of type P dropped into box....}
Box has ID: 233309087
--------------------------------------------------
separating paper......
process carried out at separation unit ID: 1493142905
{ recyclable of type P dropped into box....}
Box has ID: 233309087
--------------------------------------------------
separating paper......
process carried out at separation unit ID: 1493142905
{ recyclable of type P dropped into box....}
Box has ID: 233309087
--------------------------------------------------
separating paper......
process carried out at separation unit ID: 1493142905
{ recyclable of type P dropped into box....}
Box has ID: 233309087
--------------------------------------------------
separating paper......
process carried out at separation unit ID: 1493142905
{ recyclable of type P dropped into box....}
Box has ID: 233309087
--------------------------------------------------
separating paper......
process carried out at separation unit ID: 1493142905
{ recyclable of type P dropped into box....}
Box has ID: 233309087
--------------------------------------------------
separating paper......
process carried out at separation unit ID: 1493142905
{ recyclable of type P dropped into box....}
Box has ID: 233309087
--------------------------------------------------
separating paper......
process carried out at separation unit ID: 1493142905
{ recyclable of type P dropped into box....}
Box has ID: 233309087
--------------------------------------------------
separating paper......
process carried out at separation unit ID: 1493142905
{ recyclable of type P dropped into box....}
Box has ID: 233309087
--------------------------------------------------
separating paper......
process carried out at separation unit ID: 1493142905
{ recyclable of type P dropped into box....}
Box has ID: 233309087
--------------------------------------------------
separating paper......
process carried out at separation unit ID: 1493142905
{ recyclable of type P dropped into box....}
Box has ID: 233309087
--------------------------------------------------
separating paper......
process carried out at separation unit ID: 1493142905
{ recyclable of type P dropped into box....}
Box has ID: 233309087
--------------------------------------------------
separating paper......
process carried out at separation unit ID: 1493142905
{ recyclable of type P dropped into box....}
Box has ID: 233309087
--------------------------------------------------
separating paper......
process carried out at separation unit ID: 1493142905
{ recyclable of type P dropped into box....}
Box has ID: 233309087
--------------------------------------------------
separating paper......
process carried out at separation unit ID: 1493142905
{ recyclable of type P dropped into box....}
Box has ID: 233309087
--------------------------------------------------
separating paper......
process carried out at separation unit ID: 1493142905
{ recyclable of type P dropped into box....}
Box has ID: 233309087
--------------------------------------------------
separating paper......
process carried out at separation unit ID: 1493142905
{ recyclable of type P dropped into box....}
Box has ID: 233309087
--------------------------------------------------
separating paper......
process carried out at separation unit ID: 1493142905
{ recyclable of type P dropped into box....}
Box has ID: 233309087
--------------------------------------------------
separating paper......
process carried out at separation unit ID: 1493142905
{ recyclable of type P dropped into box....}
Box has ID: 233309087
--------------------------------------------------
separating paper......
process carried out at separation unit ID: 1493142905
{ recyclable of type P dropped into box....}
Box has ID: 233309087
--------------------------------------------------
separating paper......
process carried out at separation unit ID: 1493142905
{ recyclable of type P dropped into box....}
Box has ID: 233309087
--------------------------------------------------
separating paper......
process carried out at separation unit ID: 1493142905
{ recyclable of type P dropped into box....}
Box has ID: 233309087
--------------------------------------------------
separating paper......
process carried out at separation unit ID: 1493142905
{ recyclable of type P dropped into box....}
Box has ID: 233309087
--------------------------------------------------
separating paper......
process carried out at separation unit ID: 1493142905
{ recyclable of type P dropped into box....}
Box has ID: 233309087
--------------------------------------------------
separating paper......
process carried out at separation unit ID: 1493142905
{ recyclable of type P dropped into box....}
Box has ID: 233309087
--------------------------------------------------
separating paper......
process carried out at separation unit ID: 1493142905
{ recyclable of type P dropped into box....}
Box has ID: 233309087
--------------------------------------------------
separating paper......
process carried out at separation unit ID: 1493142905
{ recyclable of type P dropped into box....}
Box has ID: 233309087
--------------------------------------------------
separating paper......
process carried out at separation unit ID: 1493142905
{ recyclable of type P dropped into box....}
Box has ID: 233309087
--------------------------------------------------
separating paper......
process carried out at separation unit ID: 1493142905
{ recyclable of type P dropped into box....}
Box has ID: 233309087
--------------------------------------------------
separating paper......
process carried out at separation unit ID: 1493142905
{ recyclable of type P dropped into box....}
Box has ID: 233309087
--------------------------------------------------
separating paper......
process carried out at separation unit ID: 1493142905
{ recyclable of type P dropped into box....}
Box has ID: 233309087
--------------------------------------------------
separating paper......
process carried out at separation unit ID: 1493142905
{ recyclable of type P dropped into box....}
Box has ID: 233309087
--------------------------------------------------
separating paper......
process carried out at separation unit ID: 1493142905
{ recyclable of type P dropped into box....}
Box has ID: 233309087
--------------------------------------------------
separating paper......
process carried out at separation unit ID: 1493142905
{ recyclable of type P dropped into box....}
Box has ID: 233309087
--------------------------------------------------
separating paper......
process carried out at separation unit ID: 1493142905
{ recyclable of type P dropped into box....}
Box has ID: 233309087
--------------------------------------------------
separating paper......
process carried out at separation unit ID: 1493142905
{ recyclable of type P dropped into box....}
Box has ID: 233309087
--------------------------------------------------
separating paper......
process carried out at separation unit ID: 1493142905
{ recyclable of type P dropped into box....}
Box has ID: 233309087
--------------------------------------------------
separating paper......
process carried out at separation unit ID: 1493142905
{ recyclable of type P dropped into box....}
Box has ID: 233309087
--------------------------------------------------
separating paper......
process carried out at separation unit ID: 1493142905
{ recyclable of type P dropped into box....}
Box has ID: 233309087
--------------------------------------------------
separating paper......
process carried out at separation unit ID: 1493142905
{ recyclable of type P dropped into box....}
Box has ID: 233309087
--------------------------------------------------
separating paper......
process carried out at separation unit ID: 1493142905
{ recyclable of type P dropped into box....}
Box has ID: 233309087
--------------------------------------------------
separating paper......
process carried out at separation unit ID: 1493142905
{ recyclable of type P dropped into box....}
Box has ID: 233309087
--------------------------------------------------
separating paper......
process carried out at separation unit ID: 1493142905
{ recyclable of type P dropped into box....}
Box has ID: 233309087
--------------------------------------------------
separating paper......
process carried out at separation unit ID: 1493142905
{ recyclable of type P dropped into box....}
Box has ID: 233309087
--------------------------------------------------
separating paper......
process carried out at separation unit ID: 1493142905
{ recyclable of type P dropped into box....}
Box has ID: 233309087
--------------------------------------------------
separating paper......
process carried out at separation unit ID: 1493142905
{ recyclable of type P dropped into box....}
Box has ID: 233309087
--------------------------------------------------
separating paper......
process carried out at separation unit ID: 1493142905
{ recyclable of type P dropped into box....}
Box has ID: 233309087
--------------------------------------------------
separating paper......
process carried out at separation unit ID: 1493142905
{ recyclable of type P dropped into box....}
Box has ID: 233309087
--------------------------------------------------
separating paper......
process carried out at separation unit ID: 1493142905
{ recyclable of type P dropped into box....}
Box has ID: 233309087
--------------------------------------------------
separating paper......
process carried out at separation unit ID: 1493142905
{ recyclable of type P dropped into box....}
Box has ID: 233309087
--------------------------------------------------
separating paper......
process carried out at separation unit ID: 1493142905
{ recyclable of type P dropped into box....}
Box has ID: 233309087
--------------------------------------------------
separating paper......
process carried out at separation unit ID: 1493142905
{ recyclable of type P dropped into box....}
Box has ID: 233309087
--------------------------------------------------
separating paper......
process carried out at separation unit ID: 1493142905
{ recyclable of type P dropped into box....}
Box has ID: 233309087
--------------------------------------------------
separating paper......
process carried out at separation unit ID: 1493142905
{ recyclable of type P dropped into box....}
Box has ID: 233309087
--------------------------------------------------
separating paper......
process carried out at separation unit ID: 1493142905
{ recyclable of type P dropped into box....}
Box has ID: 233309087
--------------------------------------------------
separating paper......
process carried out at separation unit ID: 1493142905
{ recyclable of type P dropped into box....}
Box has ID: 233309087
--------------------------------------------------
separating paper......
process carried out at separation unit ID: 1493142905
{ recyclable of type P dropped into box....}
Box has ID: 233309087
--------------------------------------------------
separating paper......
process carried out at separation unit ID: 1493142905
{ recyclable of type P dropped into box....}
Box has ID: 233309087
--------------------------------------------------
separating paper......
process carried out at separation unit ID: 1493142905
{ recyclable of type P dropped into box....}
Box has ID: 233309087
--------------------------------------------------
separating paper......
process carried out at separation unit ID: 1493142905
{ recyclable of type P dropped into box....}
Box has ID: 233309087
--------------------------------------------------
separating paper......
process carried out at separation unit ID: 1493142905
{ recyclable of type P dropped into box....}
Box has ID: 233309087
--------------------------------------------------
separating paper......
process carried out at separation unit ID: 1493142905
{ recyclable of type P dropped into box....}
Box has ID: 233309087
--------------------------------------------------
separating paper......
process carried out at separation unit ID: 1493142905
{ recyclable of type P dropped into box....}
Box has ID: 233309087
--------------------------------------------------
separating paper......
process carried out at separation unit ID: 1493142905
{ recyclable of type P dropped into box....}
Box has ID: 233309087
--------------------------------------------------
separating paper......
process carried out at separation unit ID: 1493142905
{ recyclable of type P dropped into box....}
Box has ID: 233309087
--------------------------------------------------
separating paper......
process carried out at separation unit ID: 1493142905
{ recyclable of type P dropped into box....}
Box has ID: 233309087
--------------------------------------------------
separating paper......
process carried out at separation unit ID: 1493142905
{ recyclable of type P dropped into box....}
Box has ID: 233309087
--------------------------------------------------
separating paper......
process carried out at separation unit ID: 1493142905
{ recyclable of type P dropped into box....}
Box has ID: 233309087
--------------------------------------------------
separating paper......
process carried out at separation unit ID: 1493142905
{ recyclable of type P dropped into box....}
Box has ID: 233309087
--------------------------------------------------
separating paper......
process carried out at separation unit ID: 1493142905
{ recyclable of type P dropped into box....}
Box has ID: 233309087
--------------------------------------------------
separating paper......
process carried out at separation unit ID: 1493142905
{ recyclable of type P dropped into box....}
Box has ID: 233309087
--------------------------------------------------
separating paper......
process carried out at separation unit ID: 1493142905
{ recyclable of type P dropped into box....}
Box has ID: 233309087
--------------------------------------------------
separating paper......
process carried out at separation unit ID: 1493142905
{ recyclable of type P dropped into box....}
Box has ID: 233309087
--------------------------------------------------
separating paper......
process carried out at separation unit ID: 1493142905
{ recyclable of type P dropped into box....}
Box has ID: 233309087
--------------------------------------------------
separating paper......
process carried out at separation unit ID: 1493142905
{ recyclable of type P dropped into box....}
Box has ID: 233309087
--------------------------------------------------
separating paper......
process carried out at separation unit ID: 1493142905
{ recyclable of type P dropped into box....}
Box has ID: 233309087
--------------------------------------------------
separating paper......
process carried out at separation unit ID: 1493142905
{ recyclable of type P dropped into box....}
Box has ID: 233309087
--------------------------------------------------
separating paper......
process carried out at separation unit ID: 1493142905
{ recyclable of type P dropped into box....}
Box has ID: 233309087
--------------------------------------------------
separating paper......
process carried out at separation unit ID: 1493142905
{ recyclable of type P dropped into box....}
Box has ID: 233309087
--------------------------------------------------
separating paper......
process carried out at separation unit ID: 1493142905
{ recyclable of type P dropped into box....}
Box has ID: 233309087
--------------------------------------------------
separating paper......
process carried out at separation unit ID: 1493142905
{ recyclable of type P dropped into box....}
Box has ID: 233309087
--------------------------------------------------
separating paper......
process carried out at separation unit ID: 1493142905
{ recyclable of type P dropped into box....}
Box has ID: 233309087
--------------------------------------------------
separating paper......
process carried out at separation unit ID: 1493142905
{ recyclable of type P dropped into box....}
Box has ID: 233309087
--------------------------------------------------
separating paper......
process carried out at separation unit ID: 1493142905
{ recyclable of type P dropped into box....}
Box has ID: 233309087
--------------------------------------------------
separating paper......
process carried out at separation unit ID: 1493142905
{ recyclable of type P dropped into box....}
Box has ID: 233309087
--------------------------------------------------
separating paper......
process carried out at separation unit ID: 1493142905
{ recyclable of type P dropped into box....}
Box has ID: 233309087
--------------------------------------------------
separating paper......
process carried out at separation unit ID: 1493142905
{ recyclable of type P dropped into box....}
Box has ID: 233309087
--------------------------------------------------
separating paper......
process carried out at separation unit ID: 1493142905
{ recyclable of type P dropped into box....}
Box has ID: 233309087
--------------------------------------------------
separating paper......
process carried out at separation unit ID: 1493142905
{ recyclable of type P dropped into box....}
Box has ID: 233309087
--------------------------------------------------
separating paper......
process carried out at separation unit ID: 1493142905
{ recyclable of type P dropped into box....}
Box has ID: 233309087
--------------------------------------------------
separating paper......
process carried out at separation unit ID: 1493142905
{ recyclable of type P dropped into box....}
Box has ID: 233309087
--------------------------------------------------
separating paper......
process carried out at separation unit ID: 1493142905
{ recyclable of type P dropped into box....}
Box has ID: 233309087
--------------------------------------------------
separating paper......
process carried out at separation unit ID: 1493142905
{ recyclable of type P dropped into box....}
Box has ID: 233309087
--------------------------------------------------
separating paper......
process carried out at separation unit ID: 1493142905
{ recyclable of type P dropped into box....}
Box has ID: 233309087
--------------------------------------------------
separating paper......
process carried out at separation unit ID: 1493142905
{ recyclable of type P dropped into box....}
Box has ID: 233309087
--------------------------------------------------
separating paper......
process carried out at separation unit ID: 1493142905
{ recyclable of type P dropped into box....}
Box has ID: 233309087
--------------------------------------------------
separating paper......
process carried out at separation unit ID: 1493142905
{ recyclable of type P dropped into box....}
Box has ID: 233309087
--------------------------------------------------
separating paper......
process carried out at separation unit ID: 1493142905
{ recyclable of type P dropped into box....}
Box has ID: 233309087
--------------------------------------------------
separating paper......
process carried out at separation unit ID: 1493142905
{ recyclable of type P dropped into box....}
Box has ID: 233309087
--------------------------------------------------
separating paper......
process carried out at separation unit ID: 1493142905
{ recyclable of type P dropped into box....}
Box has ID: 233309087
--------------------------------------------------
separating paper......
process carried out at separation unit ID: 1493142905
{ recyclable of type P dropped into box....}
Box has ID: 233309087
--------------------------------------------------
separating paper......
process carried out at separation unit ID: 1493142905
{ recyclable of type P dropped into box....}
Box has ID: 233309087
--------------------------------------------------
separating paper......
process carried out at separation unit ID: 1493142905
{ recyclable of type P dropped into box....}
Box has ID: 233309087
--------------------------------------------------
separating paper......
process carried out at separation unit ID: 1493142905
{ recyclable of type P dropped into box....}
Box has ID: 233309087
--------------------------------------------------
separating paper......
process carried out at separation unit ID: 1493142905
{ recyclable of type P dropped into box....}
Box has ID: 233309087
--------------------------------------------------
separating paper......
process carried out at separation unit ID: 1493142905
{ recyclable of type P dropped into box....}
Box has ID: 233309087
--------------------------------------------------
separating paper......
process carried out at separation unit ID: 1493142905
{ recyclable of type P dropped into box....}
Box has ID: 233309087
--------------------------------------------------
separating paper......
process carried out at separation unit ID: 1493142905
{ recyclable of type P dropped into box....}
Box has ID: 233309087
--------------------------------------------------
separating paper......
process carried out at separation unit ID: 1493142905
{ recyclable of type P dropped into box....}
Box has ID: 233309087
--------------------------------------------------
separating paper......
process carried out at separation unit ID: 1493142905
{ recyclable of type P dropped into box....}
Box has ID: 233309087
--------------------------------------------------
separating paper......
process carried out at separation unit ID: 1493142905
{ recyclable of type P dropped into box....}
Box has ID: 233309087
--------------------------------------------------
separating paper......
process carried out at separation unit ID: 1493142905
{ recyclable of type P dropped into box....}
Box has ID: 233309087
--------------------------------------------------
separating paper......
process carried out at separation unit ID: 1493142905
{ recyclable of type P dropped into box....}
Box has ID: 233309087
--------------------------------------------------
separating paper......
process carried out at separation unit ID: 1493142905
{ recyclable of type P dropped into box....}
Box has ID: 233309087
--------------------------------------------------
separating paper......
process carried out at separation unit ID: 1493142905
{ recyclable of type P dropped into box....}
Box has ID: 233309087
--------------------------------------------------
separating paper......
process carried out at separation unit ID: 1493142905
{ recyclable of type P dropped into box....}
Box has ID: 233309087
--------------------------------------------------
separating paper......
process carried out at separation unit ID: 1493142905
{ recyclable of type P dropped into box....}
Box has ID: 233309087
--------------------------------------------------
separating paper......
process carried out at separation unit ID: 1493142905
{ recyclable of type P dropped into box....}
Box has ID: 233309087
--------------------------------------------------
separating paper......
process carried out at separation unit ID: 1493142905
{ recyclable of type P dropped into box....}
Box has ID: 233309087
--------------------------------------------------
separating paper......
process carried out at separation unit ID: 1493142905
{ recyclable of type P dropped into box....}
Box has ID: 233309087
--------------------------------------------------
separating paper......
process carried out at separation unit ID: 1493142905
{ recyclable of type P dropped into box....}
Box has ID: 233309087
--------------------------------------------------
separating paper......
process carried out at separation unit ID: 1493142905
{ recyclable of type P dropped into box....}
Box has ID: 233309087
--------------------------------------------------
separating paper......
process carried out at separation unit ID: 1493142905
{ recyclable of type P dropped into box....}
Box has ID: 233309087
--------------------------------------------------
separating paper......
process carried out at separation unit ID: 1493142905
{ recyclable of type P dropped into box....}
Box has ID: 233309087
--------------------------------------------------
separating paper......
process carried out at separation unit ID: 1493142905
{ recyclable of type P dropped into box....}
Box has ID: 233309087
--------------------------------------------------
separating paper......
process carried out at separation unit ID: 1493142905
{ recyclable of type P dropped into box....}
Box has ID: 233309087
--------------------------------------------------
separating paper......
process carried out at separation unit ID: 1493142905
{ recyclable of type P dropped into box....}
Box has ID: 233309087
--------------------------------------------------
separating paper......
process carried out at separation unit ID: 1493142905
{ recyclable of type P dropped into box....}
Box has ID: 233309087
--------------------------------------------------
separating paper......
process carried out at separation unit ID: 1493142905
{ recyclable of type P dropped into box....}
Box has ID: 233309087
--------------------------------------------------
separating paper......
process carried out at separation unit ID: 1493142905
{ recyclable of type P dropped into box....}
Box has ID: 233309087
--------------------------------------------------
separating paper......
process carried out at separation unit ID: 1493142905
{ recyclable of type P dropped into box....}
Box has ID: 233309087
--------------------------------------------------
separating paper......
process carried out at separation unit ID: 1493142905
{ recyclable of type P dropped into box....}
Box has ID: 233309087
--------------------------------------------------
separating paper......
process carried out at separation unit ID: 1493142905
{ recyclable of type P dropped into box....}
Box has ID: 233309087
--------------------------------------------------
separating paper......
process carried out at separation unit ID: 1493142905
{ recyclable of type P dropped into box....}
Box has ID: 233309087
--------------------------------------------------
separating paper......
process carried out at separation unit ID: 1493142905
{ recyclable of type P dropped into box....}
Box has ID: 233309087
--------------------------------------------------
separating paper......
process carried out at separation unit ID: 1493142905
{ recyclable of type P dropped into box....}
Box has ID: 233309087
--------------------------------------------------
separating paper......
process carried out at separation unit ID: 1493142905
{ recyclable of type P dropped into box....}
Box has ID: 233309087
--------------------------------------------------
separating paper......
process carried out at separation unit ID: 1493142905
{ recyclable of type P dropped into box....}
Box has ID: 233309087
--------------------------------------------------
separating paper......
process carried out at separation unit ID: 1493142905
{ recyclable of type P dropped into box....}
Box has ID: 233309087
--------------------------------------------------
separating paper......
process carried out at separation unit ID: 1493142905
{ recyclable of type P dropped into box....}
Box has ID: 233309087
--------------------------------------------------
separating paper......
process carried out at separation unit ID: 1493142905
{ recyclable of type P dropped into box....}
Box has ID: 233309087
--------------------------------------------------
separating paper......
process carried out at separation unit ID: 1493142905
{ recyclable of type P dropped into box....}
Box has ID: 233309087
--------------------------------------------------
separating paper......
process carried out at separation unit ID: 1493142905
{ recyclable of type P dropped into box....}
Box has ID: 233309087
--------------------------------------------------
separating paper......
process carried out at separation unit ID: 1493142905
{ recyclable of type P dropped into box....}
Box has ID: 233309087
--------------------------------------------------
separating paper......
process carried out at separation unit ID: 1493142905
{ recyclable of type P dropped into box....}
Box has ID: 233309087
--------------------------------------------------
separating paper......
process carried out at separation unit ID: 1493142905
{ recyclable of type P dropped into box....}
Box has ID: 233309087
--------------------------------------------------
separating paper......
process carried out at separation unit ID: 1493142905
{ recyclable of type P dropped into box....}
Box has ID: 233309087
--------------------------------------------------
separating paper......
process carried out at separation unit ID: 1493142905
{ recyclable of type P dropped into box....}
Box has ID: 233309087
--------------------------------------------------
separating paper......
process carried out at separation unit ID: 1493142905
{ recyclable of type P dropped into box....}
Box has ID: 233309087
--------------------------------------------------
separating paper......
process carried out at separation unit ID: 1493142905
{ recyclable of type P dropped into box....}
Box has ID: 233309087
--------------------------------------------------
separating paper......
process carried out at separation unit ID: 1493142905
{ recyclable of type P dropped into box....}
Box has ID: 233309087
--------------------------------------------------
separating paper......
process carried out at separation unit ID: 1493142905
{ recyclable of type P dropped into box....}
Box has ID: 233309087
--------------------------------------------------
separating paper......
process carried out at separation unit ID: 1493142905
{ recyclable of type P dropped into box....}
Box has ID: 233309087
--------------------------------------------------
separating paper......
process carried out at separation unit ID: 1493142905
{ recyclable of type P dropped into box....}
Box has ID: 233309087
--------------------------------------------------
separating paper......
process carried out at separation unit ID: 1493142905
{ recyclable of type P dropped into box....}
Box has ID: 233309087
--------------------------------------------------
separating paper......
process carried out at separation unit ID: 1493142905
{ recyclable of type P dropped into box....}
Box has ID: 233309087
--------------------------------------------------
separating paper......
process carried out at separation unit ID: 1493142905
{ recyclable of type P dropped into box....}
Box has ID: 233309087
--------------------------------------------------
separating paper......
process carried out at separation unit ID: 1493142905
{ recyclable of type P dropped into box....}
Box has ID: 233309087
--------------------------------------------------
separating paper......
process carried out at separation unit ID: 1493142905
{ recyclable of type P dropped into box....}
Box has ID: 233309087
--------------------------------------------------
separating paper......
process carried out at separation unit ID: 1493142905
{ recyclable of type P dropped into box....}
Box has ID: 233309087
--------------------------------------------------
separating paper......
process carried out at separation unit ID: 1493142905
{ recyclable of type P dropped into box....}
Box has ID: 233309087
--------------------------------------------------
separating paper......
process carried out at separation unit ID: 1493142905
{ recyclable of type P dropped into box....}
Box has ID: 233309087
--------------------------------------------------
separating paper......
process carried out at separation unit ID: 1493142905
{ recyclable of type P dropped into box....}
Box has ID: 233309087
--------------------------------------------------
separating paper......
process carried out at separation unit ID: 1493142905
{ recyclable of type P dropped into box....}
Box has ID: 233309087
--------------------------------------------------
separating paper......
process carried out at separation unit ID: 1493142905
{ recyclable of type P dropped into box....}
Box has ID: 233309087
--------------------------------------------------
separating paper......
process carried out at separation unit ID: 1493142905
{ recyclable of type P dropped into box....}
Box has ID: 233309087
--------------------------------------------------
separating paper......
process carried out at separation unit ID: 1493142905
{ recyclable of type P dropped into box....}
Box has ID: 233309087
--------------------------------------------------
separating paper......
process carried out at separation unit ID: 1493142905
{ recyclable of type P dropped into box....}
Box has ID: 233309087
--------------------------------------------------
separating paper......
process carried out at separation unit ID: 1493142905
{ recyclable of type P dropped into box....}
Box has ID: 233309087
--------------------------------------------------
separating paper......
process carried out at separation unit ID: 1493142905
{ recyclable of type P dropped into box....}
Box has ID: 233309087
--------------------------------------------------
separating paper......
process carried out at separation unit ID: 1493142905
{ recyclable of type P dropped into box....}
Box has ID: 233309087
--------------------------------------------------
separating paper......
process carried out at separation unit ID: 1493142905
{ recyclable of type P dropped into box....}
Box has ID: 233309087
--------------------------------------------------
separating paper......
process carried out at separation unit ID: 1493142905
{ recyclable of type P dropped into box....}
Box has ID: 233309087
--------------------------------------------------
separating paper......
process carried out at separation unit ID: 1493142905
{ recyclable of type P dropped into box....}
Box has ID: 233309087
--------------------------------------------------
separating paper......
process carried out at separation unit ID: 1493142905
{ recyclable of type P dropped into box....}
Box has ID: 233309087
--------------------------------------------------
separating paper......
process carried out at separation unit ID: 1493142905
{ recyclable of type P dropped into box....}
Box has ID: 233309087
--------------------------------------------------
separating paper......
process carried out at separation unit ID: 1493142905
{ recyclable of type P dropped into box....}
Box has ID: 233309087
--------------------------------------------------
separating paper......
process carried out at separation unit ID: 1493142905
{ recyclable of type P dropped into box....}
Box has ID: 233309087
--------------------------------------------------
separating paper......
process carried out at separation unit ID: 1493142905
{ recyclable of type P dropped into box....}
Box has ID: 233309087
--------------------------------------------------
separating paper......
process carried out at separation unit ID: 1493142905
{ recyclable of type P dropped into box....}
Box has ID: 233309087
--------------------------------------------------
separating paper......
process carried out at separation unit ID: 1493142905
{ recyclable of type P dropped into box....}
Box has ID: 233309087
--------------------------------------------------
separating paper......
process carried out at separation unit ID: 1493142905
{ recyclable of type P dropped into box....}
Box has ID: 233309087
--------------------------------------------------
separating paper......
process carried out at separation unit ID: 1493142905
{ recyclable of type P dropped into box....}
Box has ID: 233309087
--------------------------------------------------
separating paper......
process carried out at separation unit ID: 1493142905
{ recyclable of type P dropped into box....}
Box has ID: 233309087
--------------------------------------------------
separating paper......
process carried out at separation unit ID: 1493142905
{ recyclable of type P dropped into box....}
Box has ID: 233309087
--------------------------------------------------
separating paper......
process carried out at separation unit ID: 1493142905
{ recyclable of type P dropped into box....}
Box has ID: 233309087
--------------------------------------------------
separating paper......
process carried out at separation unit ID: 1493142905
{ recyclable of type P dropped into box....}
Box has ID: 233309087
--------------------------------------------------
separating paper......
process carried out at separation unit ID: 1493142905
{ recyclable of type P dropped into box....}
Box has ID: 233309087
--------------------------------------------------
separating paper......
process carried out at separation unit ID: 1493142905
{ recyclable of type P dropped into box....}
Box has ID: 233309087
--------------------------------------------------
separating paper......
process carried out at separation unit ID: 1493142905
{ recyclable of type P dropped into box....}
Box has ID: 233309087
--------------------------------------------------
separating paper......
process carried out at separation unit ID: 1493142905
{ recyclable of type P dropped into box....}
Box has ID: 233309087
--------------------------------------------------
separating paper......
process carried out at separation unit ID: 1493142905
{ recyclable of type P dropped into box....}
Box has ID: 233309087
--------------------------------------------------
separating paper......
process carried out at separation unit ID: 1493142905
{ recyclable of type P dropped into box....}
Box has ID: 233309087
--------------------------------------------------
separating paper......
process carried out at separation unit ID: 1493142905
{ recyclable of type P dropped into box....}
Box has ID: 233309087
--------------------------------------------------
separating paper......
process carried out at separation unit ID: 1493142905
{ recyclable of type P dropped into box....}
Box has ID: 233309087
--------------------------------------------------
separating paper......
process carried out at separation unit ID: 1493142905
{ recyclable of type P dropped into box....}
Box has ID: 233309087
--------------------------------------------------
separating paper......
process carried out at separation unit ID: 1493142905
{ recyclable of type P dropped into box....}
Box has ID: 233309087
--------------------------------------------------
separating paper......
process carried out at separation unit ID: 1493142905
{ recyclable of type P dropped into box....}
Box has ID: 233309087
--------------------------------------------------
separating paper......
process carried out at separation unit ID: 1493142905
{ recyclable of type P dropped into box....}
Box has ID: 233309087
--------------------------------------------------
separating paper......
process carried out at separation unit ID: 1493142905
{ recyclable of type P dropped into box....}
Box has ID: 233309087
--------------------------------------------------
separating paper......
process carried out at separation unit ID: 1493142905
{ recyclable of type P dropped into box....}
Box has ID: 233309087
--------------------------------------------------
separating paper......
process carried out at separation unit ID: 1493142905
{ recyclable of type P dropped into box....}
Box has ID: 233309087
--------------------------------------------------
separating paper......
process carried out at separation unit ID: 1493142905
{ recyclable of type P dropped into box....}
Box has ID: 233309087
--------------------------------------------------
separating paper......
process carried out at separation unit ID: 1493142905
{ recyclable of type P dropped into box....}
Box has ID: 233309087
--------------------------------------------------
separating paper......
process carried out at separation unit ID: 1493142905
{ recyclable of type P dropped into box....}
Box has ID: 233309087
--------------------------------------------------
separating paper......
process carried out at separation unit ID: 1493142905
{ recyclable of type P dropped into box....}
Box has ID: 233309087
--------------------------------------------------
separating paper......
process carried out at separation unit ID: 1493142905
{ recyclable of type P dropped into box....}
Box has ID: 233309087
--------------------------------------------------
separating paper......
process carried out at separation unit ID: 1493142905
{ recyclable of type P dropped into box....}
Box has ID: 233309087
--------------------------------------------------
separating paper......
process carried out at separation unit ID: 1493142905
{ recyclable of type P dropped into box....}
Box has ID: 233309087
--------------------------------------------------
separating paper......
process carried out at separation unit ID: 1493142905
{ recyclable of type P dropped into box....}
Box has ID: 233309087
--------------------------------------------------
separating paper......
process carried out at separation unit ID: 1493142905
{ recyclable of type P dropped into box....}
Box has ID: 233309087
--------------------------------------------------
separating paper......
process carried out at separation unit ID: 1493142905
{ recyclable of type P dropped into box....}
Box has ID: 233309087
--------------------------------------------------
separating paper......
process carried out at separation unit ID: 1493142905
{ recyclable of type P dropped into box....}
Box has ID: 233309087
--------------------------------------------------
separating paper......
process carried out at separation unit ID: 1493142905
{ recyclable of type P dropped into box....}
Box has ID: 233309087
--------------------------------------------------
separating paper......
process carried out at separation unit ID: 1493142905
{ recyclable of type P dropped into box....}
Box has ID: 233309087
--------------------------------------------------
separating paper......
process carried out at separation unit ID: 1493142905
{ recyclable of type P dropped into box....}
Box has ID: 233309087
--------------------------------------------------
separating paper......
process carried out at separation unit ID: 1493142905
{ recyclable of type P dropped into box....}
Box has ID: 233309087
--------------------------------------------------
separating paper......
process carried out at separation unit ID: 1493142905
{ recyclable of type P dropped into box....}
Box has ID: 233309087
--------------------------------------------------
separating paper......
process carried out at separation unit ID: 1493142905
{ recyclable of type P dropped into box....}
Box has ID: 233309087
--------------------------------------------------
separating paper......
process carried out at separation unit ID: 1493142905
{ recyclable of type P dropped into box....}
Box has ID: 233309087
--------------------------------------------------
separating paper......
process carried out at separation unit ID: 1493142905
{ recyclable of type P dropped into box....}
Box has ID: 233309087
--------------------------------------------------
separating paper......
process carried out at separation unit ID: 1493142905
{ recyclable of type P dropped into box....}
Box has ID: 233309087
--------------------------------------------------
separating paper......
process carried out at separation unit ID: 1493142905
{ recyclable of type P dropped into box....}
Box has ID: 233309087
--------------------------------------------------
separating paper......
process carried out at separation unit ID: 1493142905
{ recyclable of type P dropped into box....}
Box has ID: 233309087
--------------------------------------------------
separating paper......
process carried out at separation unit ID: 1493142905
{ recyclable of type P dropped into box....}
Box has ID: 233309087
--------------------------------------------------
separating paper......
process carried out at separation unit ID: 1493142905
{ recyclable of type P dropped into box....}
Box has ID: 233309087
--------------------------------------------------
separating paper......
process carried out at separation unit ID: 1493142905
{ recyclable of type P dropped into box....}
Box has ID: 233309087
--------------------------------------------------
separating paper......
process carried out at separation unit ID: 1493142905
{ recyclable of type P dropped into box....}
Box has ID: 233309087
--------------------------------------------------
separating paper......
process carried out at separation unit ID: 1493142905
{ recyclable of type P dropped into box....}
Box has ID: 233309087
--------------------------------------------------
separating paper......
process carried out at separation unit ID: 1493142905
{ recyclable of type P dropped into box....}
Box has ID: 233309087
--------------------------------------------------
separating paper......
process carried out at separation unit ID: 1493142905
{ recyclable of type P dropped into box....}
Box has ID: 233309087
--------------------------------------------------
separating paper......
process carried out at separation unit ID: 1493142905
{ recyclable of type P dropped into box....}
Box has ID: 233309087
--------------------------------------------------
separating paper......
process carried out at separation unit ID: 1493142905
{ recyclable of type P dropped into box....}
Box has ID: 233309087
--------------------------------------------------
separating paper......
process carried out at separation unit ID: 1493142905
{ recyclable of type P dropped into box....}
Box has ID: 233309087
--------------------------------------------------
separating paper......
process carried out at separation unit ID: 1493142905
{ recyclable of type P dropped into box....}
Box has ID: 233309087
--------------------------------------------------
separating paper......
process carried out at separation unit ID: 1493142905
{ recyclable of type P dropped into box....}
Box has ID: 233309087
--------------------------------------------------
separating paper......
process carried out at separation unit ID: 1493142905
{ recyclable of type P dropped into box....}
Box has ID: 233309087
--------------------------------------------------
separating paper......
process carried out at separation unit ID: 1493142905
{ recyclable of type P dropped into box....}
Box has ID: 233309087
--------------------------------------------------
separating paper......
process carried out at separation unit ID: 1493142905
{ recyclable of type P dropped into box....}
Box has ID: 233309087
--------------------------------------------------
separating paper......
process carried out at separation unit ID: 1493142905
{ recyclable of type P dropped into box....}
Box has ID: 233309087
--------------------------------------------------
separating paper......
process carried out at separation unit ID: 1493142905
{ recyclable of type P dropped into box....}
Box has ID: 233309087
--------------------------------------------------
separating paper......
process carried out at separation unit ID: 1493142905
{ recyclable of type P dropped into box....}
Box has ID: 233309087
--------------------------------------------------
separating paper......
process carried out at separation unit ID: 1493142905
{ recyclable of type P dropped into box....}
Box has ID: 233309087
--------------------------------------------------
separating paper......
process carried out at separation unit ID: 1493142905
{ recyclable of type P dropped into box....}
Box has ID: 233309087
--------------------------------------------------
separating paper......
process carried out at separation unit ID: 1493142905
{ recyclable of type P dropped into box....}
Box has ID: 233309087
--------------------------------------------------
separating paper......
process carried out at separation unit ID: 1493142905
{ recyclable of type P dropped into box....}
Box has ID: 233309087
--------------------------------------------------
separating paper......
process carried out at separation unit ID: 1493142905
{ recyclable of type P dropped into box....}
Box has ID: 233309087
--------------------------------------------------
separating paper......
process carried out at separation unit ID: 1493142905
{ recyclable of type P dropped into box....}
Box has ID: 233309087
--------------------------------------------------
separating paper......
process carried out at separation unit ID: 1493142905
{ recyclable of type P dropped into box....}
Box has ID: 233309087
--------------------------------------------------
separating paper......
process carried out at separation unit ID: 1493142905
{ recyclable of type P dropped into box....}
Box has ID: 233309087
--------------------------------------------------
separating paper......
process carried out at separation unit ID: 1493142905
{ recyclable of type P dropped into box....}
Box has ID: 233309087
--------------------------------------------------
separating paper......
process carried out at separation unit ID: 1493142905
{ recyclable of type P dropped into box....}
Box has ID: 233309087
--------------------------------------------------
separating paper......
process carried out at separation unit ID: 1493142905
{ recyclable of type P dropped into box....}
Box has ID: 233309087
--------------------------------------------------
separating paper......
process carried out at separation unit ID: 1493142905
{ recyclable of type P dropped into box....}
Box has ID: 233309087
--------------------------------------------------
separating paper......
process carried out at separation unit ID: 1493142905
{ recyclable of type P dropped into box....}
Box has ID: 233309087
--------------------------------------------------
separating paper......
process carried out at separation unit ID: 1493142905
{ recyclable of type P dropped into box....}
Box has ID: 233309087
--------------------------------------------------
separating paper......
process carried out at separation unit ID: 1493142905
{ recyclable of type P dropped into box....}
Box has ID: 233309087
--------------------------------------------------
separating paper......
process carried out at separation unit ID: 1493142905
{ recyclable of type P dropped into box....}
Box has ID: 233309087
--------------------------------------------------
separating paper......
process carried out at separation unit ID: 1493142905
{ recyclable of type P dropped into box....}
Box has ID: 233309087
--------------------------------------------------
separating paper......
process carried out at separation unit ID: 1493142905
{ recyclable of type P dropped into box....}
Box has ID: 233309087
--------------------------------------------------
separating paper......
process carried out at separation unit ID: 1493142905
{ recyclable of type P dropped into box....}
Box has ID: 233309087
--------------------------------------------------
separating paper......
process carried out at separation unit ID: 1493142905
{ recyclable of type P dropped into box....}
Box has ID: 233309087
--------------------------------------------------
separating paper......
process carried out at separation unit ID: 1493142905
{ recyclable of type P dropped into box....}
Box has ID: 233309087
--------------------------------------------------
separating paper......
process carried out at separation unit ID: 1493142905
{ recyclable of type P dropped into box....}
Box has ID: 233309087
--------------------------------------------------
separating paper......
process carried out at separation unit ID: 1493142905
{ recyclable of type P dropped into box....}
Box has ID: 233309087
--------------------------------------------------
separating paper......
process carried out at separation unit ID: 1493142905
{ recyclable of type P dropped into box....}
Box has ID: 233309087
--------------------------------------------------
separating paper......
process carried out at separation unit ID: 1493142905
{ recyclable of type P dropped into box....}
Box has ID: 233309087
--------------------------------------------------
separating paper......
process carried out at separation unit ID: 1493142905
{ recyclable of type P dropped into box....}
Box has ID: 233309087
--------------------------------------------------
separating paper......
process carried out at separation unit ID: 1493142905
{ recyclable of type P dropped into box....}
Box has ID: 233309087
--------------------------------------------------
separating paper......
process carried out at separation unit ID: 1493142905
{ recyclable of type P dropped into box....}
Box has ID: 233309087
--------------------------------------------------
separating paper......
process carried out at separation unit ID: 1493142905
{ recyclable of type P dropped into box....}
Box has ID: 233309087
--------------------------------------------------
separating paper......
process carried out at separation unit ID: 1493142905
{ recyclable of type P dropped into box....}
Box has ID: 233309087
--------------------------------------------------
separating paper......
process carried out at separation unit ID: 1493142905
{ recyclable of type P dropped into box....}
Box has ID: 233309087
--------------------------------------------------
separating paper......
process carried out at separation unit ID: 1493142905
{ recyclable of type P dropped into box....}
Box has ID: 233309087
--------------------------------------------------
separating paper......
process carried out at separation unit ID: 1493142905
{ recyclable of type P dropped into box....}
Box has ID: 233309087
--------------------------------------------------
separating paper......
process carried out at separation unit ID: 1493142905
{ recyclable of type P dropped into box....}
Box has ID: 233309087
--------------------------------------------------
separating paper......
process carried out at separation unit ID: 1493142905
{ recyclable of type P dropped into box....}
Box has ID: 233309087
--------------------------------------------------
separating paper......
process carried out at separation unit ID: 1493142905
{ recyclable of type P dropped into box....}
Box has ID: 233309087
--------------------------------------------------
separating paper......
process carried out at separation unit ID: 1493142905
{ recyclable of type P dropped into box....}
Box has ID: 233309087
--------------------------------------------------
separating paper......
process carried out at separation unit ID: 1493142905
{ recyclable of type P dropped into box....}
Box has ID: 233309087
--------------------------------------------------
separating paper......
process carried out at separation unit ID: 1493142905
{ recyclable of type P dropped into box....}
Box has ID: 233309087
--------------------------------------------------
separating paper......
process carried out at separation unit ID: 1493142905
{ recyclable of type P dropped into box....}
Box has ID: 233309087
--------------------------------------------------
separating paper......
process carried out at separation unit ID: 1493142905
{ recyclable of type P dropped into box....}
Box has ID: 233309087
--------------------------------------------------
separating paper......
process carried out at separation unit ID: 1493142905
{ recyclable of type P dropped into box....}
Box has ID: 233309087
--------------------------------------------------
]]></system-out>
  <system-err><![CDATA[┌───────────────────────────────────────────────────────────────────────────────────┐
│ Share your Cucumber Report with your team at https://reports.cucumber.io          │
│ Activate publishing with one of the following:                                    │
│                                                                                   │
│ src/test/resources/cucumber.properties:          cucumber.publish.enabled=true    │
│ src/test/resources/junit-platform.properties:    cucumber.publish.enabled=true    │
│ Environment variable:                            CUCUMBER_PUBLISH_ENABLED=true    │
│ JUnit:                                           @CucumberOptions(publish = true) │
│                                                                                   │
│ More information at https://cucumber.io/docs/cucumber/environment-variables/      │
│                                                                                   │
│ Disable this message with one of the following:                                   │
│                                                                                   │
│ src/test/resources/cucumber.properties:          cucumber.publish.quiet=true      │
│ src/test/resources/junit-platform.properties:    cucumber.publish.quiet=true      │
└───────────────────────────────────────────────────────────────────────────────────┘
]]></system-err>
</testsuite>
