<?xml version="1.0" encoding="UTF-8"?>
<testsuite name="recyclingFactory.TestApplication" tests="5" skipped="0" failures="0" errors="0" timestamp="2023-11-11T11:53:39" hostname="Vickys-MacBook-Pro.local" time="0.605">
  <properties/>
  <testcase name="Installation of process in recycling factory" classname="recyclingFactory.TestApplication" time="0.029"/>
  <testcase name="Installation of sensors in each box" classname="recyclingFactory.TestApplication" time="0.002"/>
  <testcase name="Paper filled boxes in factory" classname="recyclingFactory.TestApplication" time="0.069"/>
  <testcase name="testing sensor alarms" classname="recyclingFactory.TestApplication" time="0.493"/>
  <testcase name="Recyclables of specific type are separated by the process responsible for it" classname="recyclingFactory.TestApplication" time="0.008"/>
  <system-out><![CDATA[separating paper......
process carried out at separation unit ID: 1509713998
{ recyclable of type P dropped into box....}
Box has ID: 105751207
--------------------------------------------------
separating paper......
process carried out at separation unit ID: 1509713998
{ recyclable of type P dropped into box....}
Box has ID: 105751207
--------------------------------------------------
separating paper......
process carried out at separation unit ID: 1509713998
{ recyclable of type P dropped into box....}
Box has ID: 105751207
--------------------------------------------------
separating paper......
process carried out at separation unit ID: 1509713998
{ recyclable of type P dropped into box....}
Box has ID: 105751207
--------------------------------------------------
separating paper......
process carried out at separation unit ID: 1509713998
{ recyclable of type P dropped into box....}
Box has ID: 105751207
--------------------------------------------------
separating paper......
process carried out at separation unit ID: 1509713998
{ recyclable of type P dropped into box....}
Box has ID: 105751207
--------------------------------------------------
separating paper......
process carried out at separation unit ID: 1509713998
{ recyclable of type P dropped into box....}
Box has ID: 105751207
--------------------------------------------------
separating paper......
process carried out at separation unit ID: 1509713998
{ recyclable of type P dropped into box....}
Box has ID: 105751207
--------------------------------------------------
separating paper......
process carried out at separation unit ID: 1509713998
{ recyclable of type P dropped into box....}
Box has ID: 105751207
--------------------------------------------------
separating paper......
process carried out at separation unit ID: 1509713998
{ recyclable of type P dropped into box....}
Box has ID: 105751207
--------------------------------------------------
separating paper......
process carried out at separation unit ID: 1509713998
{ recyclable of type P dropped into box....}
Box has ID: 105751207
--------------------------------------------------
separating paper......
process carried out at separation unit ID: 1509713998
{ recyclable of type P dropped into box....}
Box has ID: 105751207
--------------------------------------------------
separating paper......
process carried out at separation unit ID: 1509713998
{ recyclable of type P dropped into box....}
Box has ID: 105751207
--------------------------------------------------
separating paper......
process carried out at separation unit ID: 1509713998
{ recyclable of type P dropped into box....}
Box has ID: 105751207
--------------------------------------------------
separating paper......
process carried out at separation unit ID: 1509713998
{ recyclable of type P dropped into box....}
Box has ID: 105751207
--------------------------------------------------
separating paper......
process carried out at separation unit ID: 1509713998
{ recyclable of type P dropped into box....}
Box has ID: 105751207
--------------------------------------------------
separating paper......
process carried out at separation unit ID: 1509713998
{ recyclable of type P dropped into box....}
Box has ID: 105751207
--------------------------------------------------
separating paper......
process carried out at separation unit ID: 1509713998
{ recyclable of type P dropped into box....}
Box has ID: 105751207
--------------------------------------------------
separating paper......
process carried out at separation unit ID: 1509713998
{ recyclable of type P dropped into box....}
Box has ID: 105751207
--------------------------------------------------
separating paper......
process carried out at separation unit ID: 1509713998
{ recyclable of type P dropped into box....}
Box has ID: 105751207
--------------------------------------------------
separating paper......
process carried out at separation unit ID: 1509713998
{ recyclable of type P dropped into box....}
Box has ID: 105751207
--------------------------------------------------
separating paper......
process carried out at separation unit ID: 1509713998
{ recyclable of type P dropped into box....}
Box has ID: 105751207
--------------------------------------------------
separating paper......
process carried out at separation unit ID: 1509713998
{ recyclable of type P dropped into box....}
Box has ID: 105751207
--------------------------------------------------
separating paper......
process carried out at separation unit ID: 1509713998
{ recyclable of type P dropped into box....}
Box has ID: 105751207
--------------------------------------------------
separating paper......
process carried out at separation unit ID: 1509713998
{ recyclable of type P dropped into box....}
Box has ID: 105751207
--------------------------------------------------
separating paper......
process carried out at separation unit ID: 1509713998
{ recyclable of type P dropped into box....}
Box has ID: 105751207
--------------------------------------------------
separating paper......
process carried out at separation unit ID: 1509713998
{ recyclable of type P dropped into box....}
Box has ID: 105751207
--------------------------------------------------
separating paper......
process carried out at separation unit ID: 1509713998
{ recyclable of type P dropped into box....}
Box has ID: 105751207
--------------------------------------------------
separating paper......
process carried out at separation unit ID: 1509713998
{ recyclable of type P dropped into box....}
Box has ID: 105751207
--------------------------------------------------
separating paper......
process carried out at separation unit ID: 1509713998
{ recyclable of type P dropped into box....}
Box has ID: 105751207
--------------------------------------------------
separating paper......
process carried out at separation unit ID: 1509713998
{ recyclable of type P dropped into box....}
Box has ID: 105751207
--------------------------------------------------
separating paper......
process carried out at separation unit ID: 1509713998
{ recyclable of type P dropped into box....}
Box has ID: 105751207
--------------------------------------------------
separating paper......
process carried out at separation unit ID: 1509713998
{ recyclable of type P dropped into box....}
Box has ID: 105751207
--------------------------------------------------
separating paper......
process carried out at separation unit ID: 1509713998
{ recyclable of type P dropped into box....}
Box has ID: 105751207
--------------------------------------------------
separating paper......
process carried out at separation unit ID: 1509713998
{ recyclable of type P dropped into box....}
Box has ID: 105751207
--------------------------------------------------
separating paper......
process carried out at separation unit ID: 1509713998
{ recyclable of type P dropped into box....}
Box has ID: 105751207
--------------------------------------------------
separating paper......
process carried out at separation unit ID: 1509713998
{ recyclable of type P dropped into box....}
Box has ID: 105751207
--------------------------------------------------
separating paper......
process carried out at separation unit ID: 1509713998
{ recyclable of type P dropped into box....}
Box has ID: 105751207
--------------------------------------------------
separating paper......
process carried out at separation unit ID: 1509713998
{ recyclable of type P dropped into box....}
Box has ID: 105751207
--------------------------------------------------
separating paper......
process carried out at separation unit ID: 1509713998
{ recyclable of type P dropped into box....}
Box has ID: 105751207
--------------------------------------------------
separating paper......
process carried out at separation unit ID: 1509713998
{ recyclable of type P dropped into box....}
Box has ID: 105751207
--------------------------------------------------
separating paper......
process carried out at separation unit ID: 1509713998
{ recyclable of type P dropped into box....}
Box has ID: 105751207
--------------------------------------------------
separating paper......
process carried out at separation unit ID: 1509713998
{ recyclable of type P dropped into box....}
Box has ID: 105751207
--------------------------------------------------
separating paper......
process carried out at separation unit ID: 1509713998
{ recyclable of type P dropped into box....}
Box has ID: 105751207
--------------------------------------------------
separating paper......
process carried out at separation unit ID: 1509713998
{ recyclable of type P dropped into box....}
Box has ID: 105751207
--------------------------------------------------
separating paper......
process carried out at separation unit ID: 1509713998
{ recyclable of type P dropped into box....}
Box has ID: 105751207
--------------------------------------------------
separating paper......
process carried out at separation unit ID: 1509713998
{ recyclable of type P dropped into box....}
Box has ID: 105751207
--------------------------------------------------
separating paper......
process carried out at separation unit ID: 1509713998
{ recyclable of type P dropped into box....}
Box has ID: 105751207
--------------------------------------------------
separating paper......
process carried out at separation unit ID: 1509713998
{ recyclable of type P dropped into box....}
Box has ID: 105751207
--------------------------------------------------
separating paper......
process carried out at separation unit ID: 1509713998
{ recyclable of type P dropped into box....}
Box has ID: 105751207
--------------------------------------------------
separating paper......
process carried out at separation unit ID: 1509713998
{ recyclable of type P dropped into box....}
Box has ID: 105751207
--------------------------------------------------
separating paper......
process carried out at separation unit ID: 1509713998
{ recyclable of type P dropped into box....}
Box has ID: 105751207
--------------------------------------------------
separating paper......
process carried out at separation unit ID: 1509713998
{ recyclable of type P dropped into box....}
Box has ID: 105751207
--------------------------------------------------
separating paper......
process carried out at separation unit ID: 1509713998
{ recyclable of type P dropped into box....}
Box has ID: 105751207
--------------------------------------------------
separating paper......
process carried out at separation unit ID: 1509713998
{ recyclable of type P dropped into box....}
Box has ID: 105751207
--------------------------------------------------
separating paper......
process carried out at separation unit ID: 1509713998
{ recyclable of type P dropped into box....}
Box has ID: 105751207
--------------------------------------------------
separating paper......
process carried out at separation unit ID: 1509713998
{ recyclable of type P dropped into box....}
Box has ID: 105751207
--------------------------------------------------
separating paper......
process carried out at separation unit ID: 1509713998
{ recyclable of type P dropped into box....}
Box has ID: 105751207
--------------------------------------------------
separating paper......
process carried out at separation unit ID: 1509713998
{ recyclable of type P dropped into box....}
Box has ID: 105751207
--------------------------------------------------
separating paper......
process carried out at separation unit ID: 1509713998
{ recyclable of type P dropped into box....}
Box has ID: 105751207
--------------------------------------------------
separating paper......
process carried out at separation unit ID: 1509713998
{ recyclable of type P dropped into box....}
Box has ID: 105751207
--------------------------------------------------
separating paper......
process carried out at separation unit ID: 1509713998
{ recyclable of type P dropped into box....}
Box has ID: 105751207
--------------------------------------------------
separating paper......
process carried out at separation unit ID: 1509713998
{ recyclable of type P dropped into box....}
Box has ID: 105751207
--------------------------------------------------
separating paper......
process carried out at separation unit ID: 1509713998
{ recyclable of type P dropped into box....}
Box has ID: 105751207
--------------------------------------------------
separating paper......
process carried out at separation unit ID: 1509713998
{ recyclable of type P dropped into box....}
Box has ID: 105751207
--------------------------------------------------
separating paper......
process carried out at separation unit ID: 1509713998
{ recyclable of type P dropped into box....}
Box has ID: 105751207
--------------------------------------------------
separating paper......
process carried out at separation unit ID: 1509713998
{ recyclable of type P dropped into box....}
Box has ID: 105751207
--------------------------------------------------
separating paper......
process carried out at separation unit ID: 1509713998
{ recyclable of type P dropped into box....}
Box has ID: 105751207
--------------------------------------------------
separating paper......
process carried out at separation unit ID: 1509713998
{ recyclable of type P dropped into box....}
Box has ID: 105751207
--------------------------------------------------
separating paper......
process carried out at separation unit ID: 1509713998
{ recyclable of type P dropped into box....}
Box has ID: 105751207
--------------------------------------------------
separating paper......
process carried out at separation unit ID: 1509713998
{ recyclable of type P dropped into box....}
Box has ID: 105751207
--------------------------------------------------
separating paper......
process carried out at separation unit ID: 1509713998
{ recyclable of type P dropped into box....}
Box has ID: 105751207
--------------------------------------------------
separating paper......
process carried out at separation unit ID: 1509713998
{ recyclable of type P dropped into box....}
Box has ID: 105751207
--------------------------------------------------
separating paper......
process carried out at separation unit ID: 1509713998
{ recyclable of type P dropped into box....}
Box has ID: 105751207
--------------------------------------------------
separating paper......
process carried out at separation unit ID: 1509713998
{ recyclable of type P dropped into box....}
Box has ID: 105751207
--------------------------------------------------
separating paper......
process carried out at separation unit ID: 1509713998
{ recyclable of type P dropped into box....}
Box has ID: 105751207
--------------------------------------------------
separating paper......
process carried out at separation unit ID: 1509713998
{ recyclable of type P dropped into box....}
Box has ID: 105751207
--------------------------------------------------
separating paper......
process carried out at separation unit ID: 1509713998
{ recyclable of type P dropped into box....}
Box has ID: 105751207
--------------------------------------------------
separating paper......
process carried out at separation unit ID: 1509713998
{ recyclable of type P dropped into box....}
Box has ID: 105751207
--------------------------------------------------
separating paper......
process carried out at separation unit ID: 1509713998
{ recyclable of type P dropped into box....}
Box has ID: 105751207
--------------------------------------------------
separating paper......
process carried out at separation unit ID: 1509713998
{ recyclable of type P dropped into box....}
Box has ID: 105751207
--------------------------------------------------
separating paper......
process carried out at separation unit ID: 1509713998
{ recyclable of type P dropped into box....}
Box has ID: 105751207
--------------------------------------------------
separating paper......
process carried out at separation unit ID: 1509713998
{ recyclable of type P dropped into box....}
Box has ID: 105751207
--------------------------------------------------
separating paper......
process carried out at separation unit ID: 1509713998
{ recyclable of type P dropped into box....}
Box has ID: 105751207
--------------------------------------------------
separating paper......
process carried out at separation unit ID: 1509713998
{ recyclable of type P dropped into box....}
Box has ID: 105751207
--------------------------------------------------
separating paper......
process carried out at separation unit ID: 1509713998
{ recyclable of type P dropped into box....}
Box has ID: 105751207
--------------------------------------------------
separating paper......
process carried out at separation unit ID: 1509713998
{ recyclable of type P dropped into box....}
Box has ID: 105751207
--------------------------------------------------
separating paper......
process carried out at separation unit ID: 1509713998
{ recyclable of type P dropped into box....}
Box has ID: 105751207
--------------------------------------------------
separating paper......
process carried out at separation unit ID: 1509713998
{ recyclable of type P dropped into box....}
Box has ID: 105751207
--------------------------------------------------
separating paper......
process carried out at separation unit ID: 1509713998
{ recyclable of type P dropped into box....}
Box has ID: 105751207
--------------------------------------------------
separating paper......
process carried out at separation unit ID: 1509713998
{ recyclable of type P dropped into box....}
Box has ID: 105751207
--------------------------------------------------
separating paper......
process carried out at separation unit ID: 1509713998
{ recyclable of type P dropped into box....}
Box has ID: 105751207
--------------------------------------------------
separating paper......
process carried out at separation unit ID: 1509713998
{ recyclable of type P dropped into box....}
Box has ID: 105751207
--------------------------------------------------
separating paper......
process carried out at separation unit ID: 1509713998
{ recyclable of type P dropped into box....}
Box has ID: 105751207
--------------------------------------------------
separating paper......
process carried out at separation unit ID: 1509713998
{ recyclable of type P dropped into box....}
Box has ID: 105751207
--------------------------------------------------
separating paper......
process carried out at separation unit ID: 1509713998
{ recyclable of type P dropped into box....}
Box has ID: 105751207
--------------------------------------------------
separating paper......
process carried out at separation unit ID: 1509713998
{ recyclable of type P dropped into box....}
Box has ID: 105751207
--------------------------------------------------
separating paper......
process carried out at separation unit ID: 1509713998
{ recyclable of type P dropped into box....}
Box has ID: 105751207
--------------------------------------------------
separating paper......
process carried out at separation unit ID: 1509713998
{ recyclable of type P dropped into box....}
Box has ID: 105751207
--------------------------------------------------
separating paper......
process carried out at separation unit ID: 1509713998
{ recyclable of type P dropped into box....}
Box has ID: 105751207
--------------------------------------------------
separating paper......
process carried out at separation unit ID: 1509713998
{ recyclable of type P dropped into box....}
Box has ID: 105751207
--------------------------------------------------
separating paper......
process carried out at separation unit ID: 1509713998
{ recyclable of type P dropped into box....}
Box has ID: 105751207
--------------------------------------------------
separating paper......
process carried out at separation unit ID: 1509713998
{ recyclable of type P dropped into box....}
Box has ID: 105751207
--------------------------------------------------
separating paper......
process carried out at separation unit ID: 1509713998
{ recyclable of type P dropped into box....}
Box has ID: 105751207
--------------------------------------------------
separating paper......
process carried out at separation unit ID: 1509713998
{ recyclable of type P dropped into box....}
Box has ID: 105751207
--------------------------------------------------
separating paper......
process carried out at separation unit ID: 1509713998
{ recyclable of type P dropped into box....}
Box has ID: 105751207
--------------------------------------------------
separating paper......
process carried out at separation unit ID: 1509713998
{ recyclable of type P dropped into box....}
Box has ID: 105751207
--------------------------------------------------
separating paper......
process carried out at separation unit ID: 1509713998
{ recyclable of type P dropped into box....}
Box has ID: 105751207
--------------------------------------------------
separating paper......
process carried out at separation unit ID: 1509713998
{ recyclable of type P dropped into box....}
Box has ID: 105751207
--------------------------------------------------
separating paper......
process carried out at separation unit ID: 1509713998
{ recyclable of type P dropped into box....}
Box has ID: 105751207
--------------------------------------------------
separating paper......
process carried out at separation unit ID: 1509713998
{ recyclable of type P dropped into box....}
Box has ID: 105751207
--------------------------------------------------
separating paper......
process carried out at separation unit ID: 1509713998
{ recyclable of type P dropped into box....}
Box has ID: 105751207
--------------------------------------------------
separating paper......
process carried out at separation unit ID: 1509713998
{ recyclable of type P dropped into box....}
Box has ID: 105751207
--------------------------------------------------
separating paper......
process carried out at separation unit ID: 1509713998
{ recyclable of type P dropped into box....}
Box has ID: 105751207
--------------------------------------------------
separating paper......
process carried out at separation unit ID: 1509713998
{ recyclable of type P dropped into box....}
Box has ID: 105751207
--------------------------------------------------
separating paper......
process carried out at separation unit ID: 1509713998
{ recyclable of type P dropped into box....}
Box has ID: 105751207
--------------------------------------------------
separating paper......
process carried out at separation unit ID: 1509713998
{ recyclable of type P dropped into box....}
Box has ID: 105751207
--------------------------------------------------
separating paper......
process carried out at separation unit ID: 1509713998
{ recyclable of type P dropped into box....}
Box has ID: 105751207
--------------------------------------------------
separating paper......
process carried out at separation unit ID: 1509713998
{ recyclable of type P dropped into box....}
Box has ID: 105751207
--------------------------------------------------
separating paper......
process carried out at separation unit ID: 1509713998
{ recyclable of type P dropped into box....}
Box has ID: 105751207
--------------------------------------------------
separating paper......
process carried out at separation unit ID: 1509713998
{ recyclable of type P dropped into box....}
Box has ID: 105751207
--------------------------------------------------
separating paper......
process carried out at separation unit ID: 1509713998
{ recyclable of type P dropped into box....}
Box has ID: 105751207
--------------------------------------------------
separating paper......
process carried out at separation unit ID: 1509713998
{ recyclable of type P dropped into box....}
Box has ID: 105751207
--------------------------------------------------
separating paper......
process carried out at separation unit ID: 1509713998
{ recyclable of type P dropped into box....}
Box has ID: 105751207
--------------------------------------------------
separating paper......
process carried out at separation unit ID: 1509713998
{ recyclable of type P dropped into box....}
Box has ID: 105751207
--------------------------------------------------
separating paper......
process carried out at separation unit ID: 1509713998
{ recyclable of type P dropped into box....}
Box has ID: 105751207
--------------------------------------------------
separating paper......
process carried out at separation unit ID: 1509713998
{ recyclable of type P dropped into box....}
Box has ID: 105751207
--------------------------------------------------
separating paper......
process carried out at separation unit ID: 1509713998
{ recyclable of type P dropped into box....}
Box has ID: 105751207
--------------------------------------------------
separating paper......
process carried out at separation unit ID: 1509713998
{ recyclable of type P dropped into box....}
Box has ID: 105751207
--------------------------------------------------
separating paper......
process carried out at separation unit ID: 1509713998
{ recyclable of type P dropped into box....}
Box has ID: 105751207
--------------------------------------------------
separating paper......
process carried out at separation unit ID: 1509713998
{ recyclable of type P dropped into box....}
Box has ID: 105751207
--------------------------------------------------
separating paper......
process carried out at separation unit ID: 1509713998
{ recyclable of type P dropped into box....}
Box has ID: 105751207
--------------------------------------------------
separating paper......
process carried out at separation unit ID: 1509713998
{ recyclable of type P dropped into box....}
Box has ID: 105751207
--------------------------------------------------
separating paper......
process carried out at separation unit ID: 1509713998
{ recyclable of type P dropped into box....}
Box has ID: 105751207
--------------------------------------------------
separating paper......
process carried out at separation unit ID: 1509713998
{ recyclable of type P dropped into box....}
Box has ID: 105751207
--------------------------------------------------
separating paper......
process carried out at separation unit ID: 1509713998
{ recyclable of type P dropped into box....}
Box has ID: 105751207
--------------------------------------------------
separating paper......
process carried out at separation unit ID: 1509713998
{ recyclable of type P dropped into box....}
Box has ID: 105751207
--------------------------------------------------
separating paper......
process carried out at separation unit ID: 1509713998
{ recyclable of type P dropped into box....}
Box has ID: 105751207
--------------------------------------------------
separating paper......
process carried out at separation unit ID: 1509713998
{ recyclable of type P dropped into box....}
Box has ID: 105751207
--------------------------------------------------
separating paper......
process carried out at separation unit ID: 1509713998
{ recyclable of type P dropped into box....}
Box has ID: 105751207
--------------------------------------------------
separating paper......
process carried out at separation unit ID: 1509713998
{ recyclable of type P dropped into box....}
Box has ID: 105751207
--------------------------------------------------
separating paper......
process carried out at separation unit ID: 1509713998
{ recyclable of type P dropped into box....}
Box has ID: 105751207
--------------------------------------------------
separating paper......
process carried out at separation unit ID: 1509713998
{ recyclable of type P dropped into box....}
Box has ID: 105751207
--------------------------------------------------
separating paper......
process carried out at separation unit ID: 1509713998
{ recyclable of type P dropped into box....}
Box has ID: 105751207
--------------------------------------------------
separating paper......
process carried out at separation unit ID: 1509713998
{ recyclable of type P dropped into box....}
Box has ID: 105751207
--------------------------------------------------
separating paper......
process carried out at separation unit ID: 1509713998
{ recyclable of type P dropped into box....}
Box has ID: 105751207
--------------------------------------------------
separating paper......
process carried out at separation unit ID: 1509713998
{ recyclable of type P dropped into box....}
Box has ID: 105751207
--------------------------------------------------
separating paper......
process carried out at separation unit ID: 1509713998
{ recyclable of type P dropped into box....}
Box has ID: 105751207
--------------------------------------------------
separating paper......
process carried out at separation unit ID: 1509713998
{ recyclable of type P dropped into box....}
Box has ID: 105751207
--------------------------------------------------
separating paper......
process carried out at separation unit ID: 1509713998
{ recyclable of type P dropped into box....}
Box has ID: 105751207
--------------------------------------------------
separating paper......
process carried out at separation unit ID: 1509713998
{ recyclable of type P dropped into box....}
Box has ID: 105751207
--------------------------------------------------
separating paper......
process carried out at separation unit ID: 1509713998
{ recyclable of type P dropped into box....}
Box has ID: 105751207
--------------------------------------------------
separating paper......
process carried out at separation unit ID: 1509713998
{ recyclable of type P dropped into box....}
Box has ID: 105751207
--------------------------------------------------
separating paper......
process carried out at separation unit ID: 1509713998
{ recyclable of type P dropped into box....}
Box has ID: 105751207
--------------------------------------------------
separating paper......
process carried out at separation unit ID: 1509713998
{ recyclable of type P dropped into box....}
Box has ID: 105751207
--------------------------------------------------
separating paper......
process carried out at separation unit ID: 1509713998
{ recyclable of type P dropped into box....}
Box has ID: 105751207
--------------------------------------------------
separating paper......
process carried out at separation unit ID: 1509713998
{ recyclable of type P dropped into box....}
Box has ID: 105751207
--------------------------------------------------
separating paper......
process carried out at separation unit ID: 1509713998
{ recyclable of type P dropped into box....}
Box has ID: 105751207
--------------------------------------------------
separating paper......
process carried out at separation unit ID: 1509713998
{ recyclable of type P dropped into box....}
Box has ID: 105751207
--------------------------------------------------
separating paper......
process carried out at separation unit ID: 1509713998
{ recyclable of type P dropped into box....}
Box has ID: 105751207
--------------------------------------------------
separating paper......
process carried out at separation unit ID: 1509713998
{ recyclable of type P dropped into box....}
Box has ID: 105751207
--------------------------------------------------
separating paper......
process carried out at separation unit ID: 1509713998
{ recyclable of type P dropped into box....}
Box has ID: 105751207
--------------------------------------------------
separating paper......
process carried out at separation unit ID: 1509713998
{ recyclable of type P dropped into box....}
Box has ID: 105751207
--------------------------------------------------
separating paper......
process carried out at separation unit ID: 1509713998
{ recyclable of type P dropped into box....}
Box has ID: 105751207
--------------------------------------------------
separating paper......
process carried out at separation unit ID: 1509713998
{ recyclable of type P dropped into box....}
Box has ID: 105751207
--------------------------------------------------
separating paper......
process carried out at separation unit ID: 1509713998
{ recyclable of type P dropped into box....}
Box has ID: 105751207
--------------------------------------------------
separating paper......
process carried out at separation unit ID: 1509713998
{ recyclable of type P dropped into box....}
Box has ID: 105751207
--------------------------------------------------
separating paper......
process carried out at separation unit ID: 1509713998
{ recyclable of type P dropped into box....}
Box has ID: 105751207
--------------------------------------------------
separating paper......
process carried out at separation unit ID: 1509713998
{ recyclable of type P dropped into box....}
Box has ID: 105751207
--------------------------------------------------
separating paper......
process carried out at separation unit ID: 1509713998
{ recyclable of type P dropped into box....}
Box has ID: 105751207
--------------------------------------------------
separating paper......
process carried out at separation unit ID: 1509713998
{ recyclable of type P dropped into box....}
Box has ID: 105751207
--------------------------------------------------
separating paper......
process carried out at separation unit ID: 1509713998
{ recyclable of type P dropped into box....}
Box has ID: 105751207
--------------------------------------------------
separating paper......
process carried out at separation unit ID: 1509713998
{ recyclable of type P dropped into box....}
Box has ID: 105751207
--------------------------------------------------
separating paper......
process carried out at separation unit ID: 1509713998
{ recyclable of type P dropped into box....}
Box has ID: 105751207
--------------------------------------------------
separating paper......
process carried out at separation unit ID: 1509713998
{ recyclable of type P dropped into box....}
Box has ID: 105751207
--------------------------------------------------
separating paper......
process carried out at separation unit ID: 1509713998
{ recyclable of type P dropped into box....}
Box has ID: 105751207
--------------------------------------------------
separating paper......
process carried out at separation unit ID: 1509713998
{ recyclable of type P dropped into box....}
Box has ID: 105751207
--------------------------------------------------
separating paper......
process carried out at separation unit ID: 1509713998
{ recyclable of type P dropped into box....}
Box has ID: 105751207
--------------------------------------------------
separating paper......
process carried out at separation unit ID: 1509713998
{ recyclable of type P dropped into box....}
Box has ID: 105751207
--------------------------------------------------
separating paper......
process carried out at separation unit ID: 1509713998
{ recyclable of type P dropped into box....}
Box has ID: 105751207
--------------------------------------------------
separating paper......
process carried out at separation unit ID: 1509713998
{ recyclable of type P dropped into box....}
Box has ID: 105751207
--------------------------------------------------
separating paper......
process carried out at separation unit ID: 1509713998
{ recyclable of type P dropped into box....}
Box has ID: 105751207
--------------------------------------------------
separating paper......
process carried out at separation unit ID: 1509713998
{ recyclable of type P dropped into box....}
Box has ID: 105751207
--------------------------------------------------
separating paper......
process carried out at separation unit ID: 1509713998
{ recyclable of type P dropped into box....}
Box has ID: 105751207
--------------------------------------------------
separating paper......
process carried out at separation unit ID: 1509713998
{ recyclable of type P dropped into box....}
Box has ID: 105751207
--------------------------------------------------
separating paper......
process carried out at separation unit ID: 1509713998
{ recyclable of type P dropped into box....}
Box has ID: 105751207
--------------------------------------------------
separating paper......
process carried out at separation unit ID: 1509713998
{ recyclable of type P dropped into box....}
Box has ID: 105751207
--------------------------------------------------
separating paper......
process carried out at separation unit ID: 1509713998
{ recyclable of type P dropped into box....}
Box has ID: 105751207
--------------------------------------------------
separating paper......
process carried out at separation unit ID: 1509713998
{ recyclable of type P dropped into box....}
Box has ID: 105751207
--------------------------------------------------
separating paper......
process carried out at separation unit ID: 1509713998
{ recyclable of type P dropped into box....}
Box has ID: 105751207
--------------------------------------------------
separating paper......
process carried out at separation unit ID: 1509713998
{ recyclable of type P dropped into box....}
Box has ID: 105751207
--------------------------------------------------
separating paper......
process carried out at separation unit ID: 1509713998
{ recyclable of type P dropped into box....}
Box has ID: 105751207
--------------------------------------------------
separating paper......
process carried out at separation unit ID: 1509713998
{ recyclable of type P dropped into box....}
Box has ID: 105751207
--------------------------------------------------
separating paper......
process carried out at separation unit ID: 1509713998
{ recyclable of type P dropped into box....}
Box has ID: 105751207
--------------------------------------------------
separating paper......
process carried out at separation unit ID: 1509713998
{ recyclable of type P dropped into box....}
Box has ID: 105751207
--------------------------------------------------
separating paper......
process carried out at separation unit ID: 1509713998
{ recyclable of type P dropped into box....}
Box has ID: 105751207
--------------------------------------------------
separating paper......
process carried out at separation unit ID: 1509713998
{ recyclable of type P dropped into box....}
Box has ID: 105751207
--------------------------------------------------
separating paper......
process carried out at separation unit ID: 1509713998
{ recyclable of type P dropped into box....}
Box has ID: 105751207
--------------------------------------------------
separating paper......
process carried out at separation unit ID: 1509713998
{ recyclable of type P dropped into box....}
Box has ID: 105751207
--------------------------------------------------
separating paper......
process carried out at separation unit ID: 1509713998
{ recyclable of type P dropped into box....}
Box has ID: 105751207
--------------------------------------------------
separating paper......
process carried out at separation unit ID: 1509713998
{ recyclable of type P dropped into box....}
Box has ID: 105751207
--------------------------------------------------
separating paper......
process carried out at separation unit ID: 1509713998
{ recyclable of type P dropped into box....}
Box has ID: 105751207
--------------------------------------------------
separating paper......
process carried out at separation unit ID: 1509713998
{ recyclable of type P dropped into box....}
Box has ID: 105751207
--------------------------------------------------
separating paper......
process carried out at separation unit ID: 1509713998
{ recyclable of type P dropped into box....}
Box has ID: 105751207
--------------------------------------------------
separating paper......
process carried out at separation unit ID: 1509713998
{ recyclable of type P dropped into box....}
Box has ID: 105751207
--------------------------------------------------
separating paper......
process carried out at separation unit ID: 1509713998
{ recyclable of type P dropped into box....}
Box has ID: 105751207
--------------------------------------------------
separating paper......
process carried out at separation unit ID: 1509713998
{ recyclable of type P dropped into box....}
Box has ID: 105751207
--------------------------------------------------
separating paper......
process carried out at separation unit ID: 1509713998
{ recyclable of type P dropped into box....}
Box has ID: 105751207
--------------------------------------------------
separating paper......
process carried out at separation unit ID: 1509713998
{ recyclable of type P dropped into box....}
Box has ID: 105751207
--------------------------------------------------
separating paper......
process carried out at separation unit ID: 1509713998
{ recyclable of type P dropped into box....}
Box has ID: 105751207
--------------------------------------------------
separating paper......
process carried out at separation unit ID: 1509713998
{ recyclable of type P dropped into box....}
Box has ID: 105751207
--------------------------------------------------
separating paper......
process carried out at separation unit ID: 1509713998
{ recyclable of type P dropped into box....}
Box has ID: 105751207
--------------------------------------------------
separating paper......
process carried out at separation unit ID: 1509713998
{ recyclable of type P dropped into box....}
Box has ID: 105751207
--------------------------------------------------
separating paper......
process carried out at separation unit ID: 1509713998
{ recyclable of type P dropped into box....}
Box has ID: 105751207
--------------------------------------------------
separating paper......
process carried out at separation unit ID: 1509713998
{ recyclable of type P dropped into box....}
Box has ID: 105751207
--------------------------------------------------
separating paper......
process carried out at separation unit ID: 1509713998
{ recyclable of type P dropped into box....}
Box has ID: 105751207
--------------------------------------------------
separating paper......
process carried out at separation unit ID: 1509713998
{ recyclable of type P dropped into box....}
Box has ID: 105751207
--------------------------------------------------
separating paper......
process carried out at separation unit ID: 1509713998
{ recyclable of type P dropped into box....}
Box has ID: 105751207
--------------------------------------------------
separating paper......
process carried out at separation unit ID: 1509713998
{ recyclable of type P dropped into box....}
Box has ID: 105751207
--------------------------------------------------
separating paper......
process carried out at separation unit ID: 1509713998
{ recyclable of type P dropped into box....}
Box has ID: 105751207
--------------------------------------------------
separating paper......
process carried out at separation unit ID: 1509713998
{ recyclable of type P dropped into box....}
Box has ID: 105751207
--------------------------------------------------
separating paper......
process carried out at separation unit ID: 1509713998
{ recyclable of type P dropped into box....}
Box has ID: 105751207
--------------------------------------------------
separating paper......
process carried out at separation unit ID: 1509713998
{ recyclable of type P dropped into box....}
Box has ID: 105751207
--------------------------------------------------
separating paper......
process carried out at separation unit ID: 1509713998
{ recyclable of type P dropped into box....}
Box has ID: 105751207
--------------------------------------------------
separating paper......
process carried out at separation unit ID: 1509713998
{ recyclable of type P dropped into box....}
Box has ID: 105751207
--------------------------------------------------
separating paper......
process carried out at separation unit ID: 1509713998
{ recyclable of type P dropped into box....}
Box has ID: 105751207
--------------------------------------------------
separating paper......
process carried out at separation unit ID: 1509713998
{ recyclable of type P dropped into box....}
Box has ID: 105751207
--------------------------------------------------
separating paper......
process carried out at separation unit ID: 1509713998
{ recyclable of type P dropped into box....}
Box has ID: 105751207
--------------------------------------------------
separating paper......
process carried out at separation unit ID: 1509713998
{ recyclable of type P dropped into box....}
Box has ID: 105751207
--------------------------------------------------
separating paper......
process carried out at separation unit ID: 1509713998
{ recyclable of type P dropped into box....}
Box has ID: 105751207
--------------------------------------------------
separating paper......
process carried out at separation unit ID: 1509713998
{ recyclable of type P dropped into box....}
Box has ID: 105751207
--------------------------------------------------
separating paper......
process carried out at separation unit ID: 1509713998
{ recyclable of type P dropped into box....}
Box has ID: 105751207
--------------------------------------------------
separating paper......
process carried out at separation unit ID: 1509713998
{ recyclable of type P dropped into box....}
Box has ID: 105751207
--------------------------------------------------
separating paper......
process carried out at separation unit ID: 1509713998
{ recyclable of type P dropped into box....}
Box has ID: 105751207
--------------------------------------------------
separating paper......
process carried out at separation unit ID: 1509713998
{ recyclable of type P dropped into box....}
Box has ID: 105751207
--------------------------------------------------
separating paper......
process carried out at separation unit ID: 1509713998
{ recyclable of type P dropped into box....}
Box has ID: 105751207
--------------------------------------------------
separating paper......
process carried out at separation unit ID: 1509713998
{ recyclable of type P dropped into box....}
Box has ID: 105751207
--------------------------------------------------
separating paper......
process carried out at separation unit ID: 1509713998
{ recyclable of type P dropped into box....}
Box has ID: 105751207
--------------------------------------------------
separating paper......
process carried out at separation unit ID: 1509713998
{ recyclable of type P dropped into box....}
Box has ID: 105751207
--------------------------------------------------
separating paper......
process carried out at separation unit ID: 1509713998
{ recyclable of type P dropped into box....}
Box has ID: 105751207
--------------------------------------------------
separating paper......
process carried out at separation unit ID: 1509713998
{ recyclable of type P dropped into box....}
Box has ID: 105751207
--------------------------------------------------
separating paper......
process carried out at separation unit ID: 1509713998
{ recyclable of type P dropped into box....}
Box has ID: 105751207
--------------------------------------------------
separating paper......
process carried out at separation unit ID: 1509713998
{ recyclable of type P dropped into box....}
Box has ID: 105751207
--------------------------------------------------
separating paper......
process carried out at separation unit ID: 1509713998
{ recyclable of type P dropped into box....}
Box has ID: 105751207
--------------------------------------------------
separating paper......
process carried out at separation unit ID: 1509713998
{ recyclable of type P dropped into box....}
Box has ID: 105751207
--------------------------------------------------
separating paper......
process carried out at separation unit ID: 1509713998
{ recyclable of type P dropped into box....}
Box has ID: 105751207
--------------------------------------------------
separating paper......
process carried out at separation unit ID: 1509713998
{ recyclable of type P dropped into box....}
Box has ID: 105751207
--------------------------------------------------
separating paper......
process carried out at separation unit ID: 1509713998
{ recyclable of type P dropped into box....}
Box has ID: 105751207
--------------------------------------------------
separating paper......
process carried out at separation unit ID: 1509713998
{ recyclable of type P dropped into box....}
Box has ID: 105751207
--------------------------------------------------
separating paper......
process carried out at separation unit ID: 1509713998
{ recyclable of type P dropped into box....}
Box has ID: 105751207
--------------------------------------------------
separating paper......
process carried out at separation unit ID: 1509713998
{ recyclable of type P dropped into box....}
Box has ID: 105751207
--------------------------------------------------
separating paper......
process carried out at separation unit ID: 1509713998
{ recyclable of type P dropped into box....}
Box has ID: 105751207
--------------------------------------------------
separating paper......
process carried out at separation unit ID: 1509713998
{ recyclable of type P dropped into box....}
Box has ID: 105751207
--------------------------------------------------
separating paper......
process carried out at separation unit ID: 1509713998
{ recyclable of type P dropped into box....}
Box has ID: 105751207
--------------------------------------------------
separating paper......
process carried out at separation unit ID: 1509713998
{ recyclable of type P dropped into box....}
Box has ID: 105751207
--------------------------------------------------
separating paper......
process carried out at separation unit ID: 1509713998
{ recyclable of type P dropped into box....}
Box has ID: 105751207
--------------------------------------------------
separating paper......
process carried out at separation unit ID: 1509713998
{ recyclable of type P dropped into box....}
Box has ID: 105751207
--------------------------------------------------
separating paper......
process carried out at separation unit ID: 1509713998
{ recyclable of type P dropped into box....}
Box has ID: 105751207
--------------------------------------------------
separating paper......
process carried out at separation unit ID: 1509713998
{ recyclable of type P dropped into box....}
Box has ID: 105751207
--------------------------------------------------
separating paper......
process carried out at separation unit ID: 1509713998
{ recyclable of type P dropped into box....}
Box has ID: 105751207
--------------------------------------------------
separating paper......
process carried out at separation unit ID: 1509713998
{ recyclable of type P dropped into box....}
Box has ID: 105751207
--------------------------------------------------
separating paper......
process carried out at separation unit ID: 1509713998
{ recyclable of type P dropped into box....}
Box has ID: 105751207
--------------------------------------------------
separating paper......
process carried out at separation unit ID: 1509713998
{ recyclable of type P dropped into box....}
Box has ID: 105751207
--------------------------------------------------
separating paper......
process carried out at separation unit ID: 1509713998
{ recyclable of type P dropped into box....}
Box has ID: 105751207
--------------------------------------------------
separating paper......
process carried out at separation unit ID: 1509713998
{ recyclable of type P dropped into box....}
Box has ID: 105751207
--------------------------------------------------
separating paper......
process carried out at separation unit ID: 1509713998
{ recyclable of type P dropped into box....}
Box has ID: 105751207
--------------------------------------------------
separating paper......
process carried out at separation unit ID: 1509713998
{ recyclable of type P dropped into box....}
Box has ID: 105751207
--------------------------------------------------
separating paper......
process carried out at separation unit ID: 1509713998
{ recyclable of type P dropped into box....}
Box has ID: 105751207
--------------------------------------------------
separating paper......
process carried out at separation unit ID: 1509713998
{ recyclable of type P dropped into box....}
Box has ID: 105751207
--------------------------------------------------
separating paper......
process carried out at separation unit ID: 1509713998
{ recyclable of type P dropped into box....}
Box has ID: 105751207
--------------------------------------------------
separating paper......
process carried out at separation unit ID: 1509713998
{ recyclable of type P dropped into box....}
Box has ID: 105751207
--------------------------------------------------
separating paper......
process carried out at separation unit ID: 1509713998
{ recyclable of type P dropped into box....}
Box has ID: 105751207
--------------------------------------------------
separating paper......
process carried out at separation unit ID: 1509713998
{ recyclable of type P dropped into box....}
Box has ID: 105751207
--------------------------------------------------
separating paper......
process carried out at separation unit ID: 1509713998
{ recyclable of type P dropped into box....}
Box has ID: 105751207
--------------------------------------------------
separating paper......
process carried out at separation unit ID: 1509713998
{ recyclable of type P dropped into box....}
Box has ID: 105751207
--------------------------------------------------
separating paper......
process carried out at separation unit ID: 1509713998
{ recyclable of type P dropped into box....}
Box has ID: 105751207
--------------------------------------------------
separating paper......
process carried out at separation unit ID: 1509713998
{ recyclable of type P dropped into box....}
Box has ID: 105751207
--------------------------------------------------
separating paper......
process carried out at separation unit ID: 1509713998
{ recyclable of type P dropped into box....}
Box has ID: 105751207
--------------------------------------------------
separating paper......
process carried out at separation unit ID: 1509713998
{ recyclable of type P dropped into box....}
Box has ID: 105751207
--------------------------------------------------
separating paper......
process carried out at separation unit ID: 1509713998
{ recyclable of type P dropped into box....}
Box has ID: 105751207
--------------------------------------------------
separating paper......
process carried out at separation unit ID: 1509713998
{ recyclable of type P dropped into box....}
Box has ID: 105751207
--------------------------------------------------
separating paper......
process carried out at separation unit ID: 1509713998
{ recyclable of type P dropped into box....}
Box has ID: 105751207
--------------------------------------------------
separating paper......
process carried out at separation unit ID: 1509713998
{ recyclable of type P dropped into box....}
Box has ID: 105751207
--------------------------------------------------
separating paper......
process carried out at separation unit ID: 1509713998
{ recyclable of type P dropped into box....}
Box has ID: 105751207
--------------------------------------------------
separating paper......
process carried out at separation unit ID: 1509713998
{ recyclable of type P dropped into box....}
Box has ID: 105751207
--------------------------------------------------
separating paper......
process carried out at separation unit ID: 1509713998
{ recyclable of type P dropped into box....}
Box has ID: 105751207
--------------------------------------------------
separating paper......
process carried out at separation unit ID: 1509713998
{ recyclable of type P dropped into box....}
Box has ID: 105751207
--------------------------------------------------
separating paper......
process carried out at separation unit ID: 1509713998
{ recyclable of type P dropped into box....}
Box has ID: 105751207
--------------------------------------------------
separating paper......
process carried out at separation unit ID: 1509713998
{ recyclable of type P dropped into box....}
Box has ID: 105751207
--------------------------------------------------
separating paper......
process carried out at separation unit ID: 1509713998
{ recyclable of type P dropped into box....}
Box has ID: 105751207
--------------------------------------------------
separating paper......
process carried out at separation unit ID: 1509713998
{ recyclable of type P dropped into box....}
Box has ID: 105751207
--------------------------------------------------
separating paper......
process carried out at separation unit ID: 1509713998
{ recyclable of type P dropped into box....}
Box has ID: 105751207
--------------------------------------------------
separating paper......
process carried out at separation unit ID: 1509713998
{ recyclable of type P dropped into box....}
Box has ID: 105751207
--------------------------------------------------
separating paper......
process carried out at separation unit ID: 1509713998
{ recyclable of type P dropped into box....}
Box has ID: 105751207
--------------------------------------------------
separating paper......
process carried out at separation unit ID: 1509713998
{ recyclable of type P dropped into box....}
Box has ID: 105751207
--------------------------------------------------
separating paper......
process carried out at separation unit ID: 1509713998
{ recyclable of type P dropped into box....}
Box has ID: 105751207
--------------------------------------------------
separating paper......
process carried out at separation unit ID: 1509713998
{ recyclable of type P dropped into box....}
Box has ID: 105751207
--------------------------------------------------
separating paper......
process carried out at separation unit ID: 1509713998
{ recyclable of type P dropped into box....}
Box has ID: 105751207
--------------------------------------------------
separating paper......
process carried out at separation unit ID: 1509713998
{ recyclable of type P dropped into box....}
Box has ID: 105751207
--------------------------------------------------
separating paper......
process carried out at separation unit ID: 1509713998
{ recyclable of type P dropped into box....}
Box has ID: 105751207
--------------------------------------------------
separating paper......
process carried out at separation unit ID: 1509713998
{ recyclable of type P dropped into box....}
Box has ID: 105751207
--------------------------------------------------
separating paper......
process carried out at separation unit ID: 1509713998
{ recyclable of type P dropped into box....}
Box has ID: 105751207
--------------------------------------------------
separating paper......
process carried out at separation unit ID: 1509713998
{ recyclable of type P dropped into box....}
Box has ID: 105751207
--------------------------------------------------
separating paper......
process carried out at separation unit ID: 1509713998
{ recyclable of type P dropped into box....}
Box has ID: 105751207
--------------------------------------------------
separating paper......
process carried out at separation unit ID: 1509713998
{ recyclable of type P dropped into box....}
Box has ID: 105751207
--------------------------------------------------
separating paper......
process carried out at separation unit ID: 1509713998
{ recyclable of type P dropped into box....}
Box has ID: 105751207
--------------------------------------------------
separating paper......
process carried out at separation unit ID: 1509713998
{ recyclable of type P dropped into box....}
Box has ID: 105751207
--------------------------------------------------
separating paper......
process carried out at separation unit ID: 1509713998
{ recyclable of type P dropped into box....}
Box has ID: 105751207
--------------------------------------------------
separating paper......
process carried out at separation unit ID: 1509713998
{ recyclable of type P dropped into box....}
Box has ID: 105751207
--------------------------------------------------
separating paper......
process carried out at separation unit ID: 1509713998
{ recyclable of type P dropped into box....}
Box has ID: 105751207
--------------------------------------------------
separating paper......
process carried out at separation unit ID: 1509713998
{ recyclable of type P dropped into box....}
Box has ID: 105751207
--------------------------------------------------
separating paper......
process carried out at separation unit ID: 1509713998
{ recyclable of type P dropped into box....}
Box has ID: 105751207
--------------------------------------------------
separating paper......
process carried out at separation unit ID: 1509713998
{ recyclable of type P dropped into box....}
Box has ID: 105751207
--------------------------------------------------
separating paper......
process carried out at separation unit ID: 1509713998
{ recyclable of type P dropped into box....}
Box has ID: 105751207
--------------------------------------------------
separating paper......
process carried out at separation unit ID: 1509713998
{ recyclable of type P dropped into box....}
Box has ID: 105751207
--------------------------------------------------
separating paper......
process carried out at separation unit ID: 1509713998
{ recyclable of type P dropped into box....}
Box has ID: 105751207
--------------------------------------------------
separating paper......
process carried out at separation unit ID: 1509713998
{ recyclable of type P dropped into box....}
Box has ID: 105751207
--------------------------------------------------
separating paper......
process carried out at separation unit ID: 1509713998
{ recyclable of type P dropped into box....}
Box has ID: 105751207
--------------------------------------------------
separating paper......
process carried out at separation unit ID: 1509713998
{ recyclable of type P dropped into box....}
Box has ID: 105751207
--------------------------------------------------
separating paper......
process carried out at separation unit ID: 1509713998
{ recyclable of type P dropped into box....}
Box has ID: 105751207
--------------------------------------------------
separating paper......
process carried out at separation unit ID: 1509713998
{ recyclable of type P dropped into box....}
Box has ID: 105751207
--------------------------------------------------
separating paper......
process carried out at separation unit ID: 1509713998
{ recyclable of type P dropped into box....}
Box has ID: 105751207
--------------------------------------------------
separating paper......
process carried out at separation unit ID: 1509713998
{ recyclable of type P dropped into box....}
Box has ID: 105751207
--------------------------------------------------
separating paper......
process carried out at separation unit ID: 1509713998
{ recyclable of type P dropped into box....}
Box has ID: 105751207
--------------------------------------------------
separating paper......
process carried out at separation unit ID: 1509713998
{ recyclable of type P dropped into box....}
Box has ID: 105751207
--------------------------------------------------
separating paper......
process carried out at separation unit ID: 1509713998
{ recyclable of type P dropped into box....}
Box has ID: 105751207
--------------------------------------------------
separating paper......
process carried out at separation unit ID: 1509713998
{ recyclable of type P dropped into box....}
Box has ID: 105751207
--------------------------------------------------
separating paper......
process carried out at separation unit ID: 1509713998
{ recyclable of type P dropped into box....}
Box has ID: 105751207
--------------------------------------------------
separating paper......
process carried out at separation unit ID: 1509713998
{ recyclable of type P dropped into box....}
Box has ID: 105751207
--------------------------------------------------
separating paper......
process carried out at separation unit ID: 1509713998
{ recyclable of type P dropped into box....}
Box has ID: 105751207
--------------------------------------------------
separating paper......
process carried out at separation unit ID: 1509713998
{ recyclable of type P dropped into box....}
Box has ID: 105751207
--------------------------------------------------
separating paper......
process carried out at separation unit ID: 1509713998
{ recyclable of type P dropped into box....}
Box has ID: 105751207
--------------------------------------------------
separating paper......
process carried out at separation unit ID: 1509713998
{ recyclable of type P dropped into box....}
Box has ID: 105751207
--------------------------------------------------
separating paper......
process carried out at separation unit ID: 1509713998
{ recyclable of type P dropped into box....}
Box has ID: 105751207
--------------------------------------------------
separating paper......
process carried out at separation unit ID: 1509713998
{ recyclable of type P dropped into box....}
Box has ID: 105751207
--------------------------------------------------
separating paper......
process carried out at separation unit ID: 1509713998
{ recyclable of type P dropped into box....}
Box has ID: 105751207
--------------------------------------------------
separating paper......
process carried out at separation unit ID: 1509713998
{ recyclable of type P dropped into box....}
Box has ID: 105751207
--------------------------------------------------
separating paper......
process carried out at separation unit ID: 1509713998
{ recyclable of type P dropped into box....}
Box has ID: 105751207
--------------------------------------------------
separating paper......
process carried out at separation unit ID: 1509713998
{ recyclable of type P dropped into box....}
Box has ID: 105751207
--------------------------------------------------
separating paper......
process carried out at separation unit ID: 1509713998
{ recyclable of type P dropped into box....}
Box has ID: 105751207
--------------------------------------------------
separating paper......
process carried out at separation unit ID: 1509713998
{ recyclable of type P dropped into box....}
Box has ID: 105751207
--------------------------------------------------
separating paper......
process carried out at separation unit ID: 1509713998
{ recyclable of type P dropped into box....}
Box has ID: 105751207
--------------------------------------------------
separating paper......
process carried out at separation unit ID: 1509713998
{ recyclable of type P dropped into box....}
Box has ID: 105751207
--------------------------------------------------
separating paper......
process carried out at separation unit ID: 1509713998
{ recyclable of type P dropped into box....}
Box has ID: 105751207
--------------------------------------------------
separating paper......
process carried out at separation unit ID: 1509713998
{ recyclable of type P dropped into box....}
Box has ID: 105751207
--------------------------------------------------
separating paper......
process carried out at separation unit ID: 1509713998
{ recyclable of type P dropped into box....}
Box has ID: 105751207
--------------------------------------------------
separating paper......
process carried out at separation unit ID: 1509713998
{ recyclable of type P dropped into box....}
Box has ID: 105751207
--------------------------------------------------
separating paper......
process carried out at separation unit ID: 1509713998
{ recyclable of type P dropped into box....}
Box has ID: 105751207
--------------------------------------------------
separating paper......
process carried out at separation unit ID: 1509713998
{ recyclable of type P dropped into box....}
Box has ID: 105751207
--------------------------------------------------
separating paper......
process carried out at separation unit ID: 1509713998
{ recyclable of type P dropped into box....}
Box has ID: 105751207
--------------------------------------------------
separating paper......
process carried out at separation unit ID: 1509713998
{ recyclable of type P dropped into box....}
Box has ID: 105751207
--------------------------------------------------
separating paper......
process carried out at separation unit ID: 1509713998
{ recyclable of type P dropped into box....}
Box has ID: 105751207
--------------------------------------------------
separating paper......
process carried out at separation unit ID: 1509713998
{ recyclable of type P dropped into box....}
Box has ID: 105751207
--------------------------------------------------
separating paper......
process carried out at separation unit ID: 1509713998
{ recyclable of type P dropped into box....}
Box has ID: 105751207
--------------------------------------------------
separating paper......
process carried out at separation unit ID: 1509713998
{ recyclable of type P dropped into box....}
Box has ID: 105751207
--------------------------------------------------
separating paper......
process carried out at separation unit ID: 1509713998
{ recyclable of type P dropped into box....}
Box has ID: 105751207
--------------------------------------------------
separating paper......
process carried out at separation unit ID: 1509713998
{ recyclable of type P dropped into box....}
Box has ID: 105751207
--------------------------------------------------
separating paper......
process carried out at separation unit ID: 1509713998
{ recyclable of type P dropped into box....}
Box has ID: 105751207
--------------------------------------------------
separating paper......
process carried out at separation unit ID: 1509713998
{ recyclable of type P dropped into box....}
Box has ID: 105751207
--------------------------------------------------
separating paper......
process carried out at separation unit ID: 1509713998
{ recyclable of type P dropped into box....}
Box has ID: 105751207
--------------------------------------------------
separating paper......
process carried out at separation unit ID: 1509713998
{ recyclable of type P dropped into box....}
Box has ID: 105751207
--------------------------------------------------
separating paper......
process carried out at separation unit ID: 1509713998
{ recyclable of type P dropped into box....}
Box has ID: 105751207
--------------------------------------------------
separating paper......
process carried out at separation unit ID: 1509713998
{ recyclable of type P dropped into box....}
Box has ID: 105751207
--------------------------------------------------
separating paper......
process carried out at separation unit ID: 1509713998
{ recyclable of type P dropped into box....}
Box has ID: 105751207
--------------------------------------------------
separating paper......
process carried out at separation unit ID: 1509713998
{ recyclable of type P dropped into box....}
Box has ID: 105751207
--------------------------------------------------
separating paper......
process carried out at separation unit ID: 1509713998
{ recyclable of type P dropped into box....}
Box has ID: 105751207
--------------------------------------------------
separating paper......
process carried out at separation unit ID: 1509713998
{ recyclable of type P dropped into box....}
Box has ID: 105751207
--------------------------------------------------
separating paper......
process carried out at separation unit ID: 1509713998
{ recyclable of type P dropped into box....}
Box has ID: 105751207
--------------------------------------------------
separating paper......
process carried out at separation unit ID: 1509713998
{ recyclable of type P dropped into box....}
Box has ID: 105751207
--------------------------------------------------
separating paper......
process carried out at separation unit ID: 1509713998
{ recyclable of type P dropped into box....}
Box has ID: 105751207
--------------------------------------------------
separating paper......
process carried out at separation unit ID: 1509713998
{ recyclable of type P dropped into box....}
Box has ID: 105751207
--------------------------------------------------
separating paper......
process carried out at separation unit ID: 1509713998
{ recyclable of type P dropped into box....}
Box has ID: 105751207
--------------------------------------------------
separating paper......
process carried out at separation unit ID: 1509713998
{ recyclable of type P dropped into box....}
Box has ID: 105751207
--------------------------------------------------
separating paper......
process carried out at separation unit ID: 1509713998
{ recyclable of type P dropped into box....}
Box has ID: 105751207
--------------------------------------------------
separating paper......
process carried out at separation unit ID: 1509713998
{ recyclable of type P dropped into box....}
Box has ID: 105751207
--------------------------------------------------
separating paper......
process carried out at separation unit ID: 1509713998
{ recyclable of type P dropped into box....}
Box has ID: 105751207
--------------------------------------------------
separating paper......
process carried out at separation unit ID: 1509713998
{ recyclable of type P dropped into box....}
Box has ID: 105751207
--------------------------------------------------
separating paper......
process carried out at separation unit ID: 1509713998
{ recyclable of type P dropped into box....}
Box has ID: 105751207
--------------------------------------------------
separating paper......
process carried out at separation unit ID: 1509713998
{ recyclable of type P dropped into box....}
Box has ID: 105751207
--------------------------------------------------
separating paper......
process carried out at separation unit ID: 1509713998
{ recyclable of type P dropped into box....}
Box has ID: 105751207
--------------------------------------------------
separating paper......
process carried out at separation unit ID: 1509713998
{ recyclable of type P dropped into box....}
Box has ID: 105751207
--------------------------------------------------
separating paper......
process carried out at separation unit ID: 1509713998
{ recyclable of type P dropped into box....}
Box has ID: 105751207
--------------------------------------------------
separating paper......
process carried out at separation unit ID: 1509713998
{ recyclable of type P dropped into box....}
Box has ID: 105751207
--------------------------------------------------
separating paper......
process carried out at separation unit ID: 1509713998
{ recyclable of type P dropped into box....}
Box has ID: 105751207
--------------------------------------------------
separating paper......
process carried out at separation unit ID: 1509713998
{ recyclable of type P dropped into box....}
Box has ID: 105751207
--------------------------------------------------
separating paper......
process carried out at separation unit ID: 1509713998
{ recyclable of type P dropped into box....}
Box has ID: 105751207
--------------------------------------------------
separating paper......
process carried out at separation unit ID: 1509713998
{ recyclable of type P dropped into box....}
Box has ID: 105751207
--------------------------------------------------
separating paper......
process carried out at separation unit ID: 1509713998
{ recyclable of type P dropped into box....}
Box has ID: 105751207
--------------------------------------------------
separating paper......
process carried out at separation unit ID: 1509713998
{ recyclable of type P dropped into box....}
Box has ID: 105751207
--------------------------------------------------
separating paper......
process carried out at separation unit ID: 1509713998
{ recyclable of type P dropped into box....}
Box has ID: 105751207
--------------------------------------------------
separating paper......
process carried out at separation unit ID: 1509713998
{ recyclable of type P dropped into box....}
Box has ID: 105751207
--------------------------------------------------
separating paper......
process carried out at separation unit ID: 1509713998
{ recyclable of type P dropped into box....}
Box has ID: 105751207
--------------------------------------------------
separating paper......
process carried out at separation unit ID: 1509713998
{ recyclable of type P dropped into box....}
Box has ID: 105751207
--------------------------------------------------
separating paper......
process carried out at separation unit ID: 1509713998
{ recyclable of type P dropped into box....}
Box has ID: 105751207
--------------------------------------------------
separating paper......
process carried out at separation unit ID: 1509713998
{ recyclable of type P dropped into box....}
Box has ID: 105751207
--------------------------------------------------
separating paper......
process carried out at separation unit ID: 1509713998
{ recyclable of type P dropped into box....}
Box has ID: 105751207
--------------------------------------------------
separating paper......
process carried out at separation unit ID: 1509713998
{ recyclable of type P dropped into box....}
Box has ID: 105751207
--------------------------------------------------
separating paper......
process carried out at separation unit ID: 1509713998
{ recyclable of type P dropped into box....}
Box has ID: 105751207
--------------------------------------------------
separating paper......
process carried out at separation unit ID: 1509713998
{ recyclable of type P dropped into box....}
Box has ID: 105751207
--------------------------------------------------
separating paper......
process carried out at separation unit ID: 1509713998
{ recyclable of type P dropped into box....}
Box has ID: 105751207
--------------------------------------------------
separating paper......
process carried out at separation unit ID: 1509713998
{ recyclable of type P dropped into box....}
Box has ID: 105751207
--------------------------------------------------
separating paper......
process carried out at separation unit ID: 1509713998
{ recyclable of type P dropped into box....}
Box has ID: 105751207
--------------------------------------------------
separating paper......
process carried out at separation unit ID: 1509713998
{ recyclable of type P dropped into box....}
Box has ID: 105751207
--------------------------------------------------
separating paper......
process carried out at separation unit ID: 1509713998
{ recyclable of type P dropped into box....}
Box has ID: 105751207
--------------------------------------------------
separating paper......
process carried out at separation unit ID: 1509713998
{ recyclable of type P dropped into box....}
Box has ID: 105751207
--------------------------------------------------
separating paper......
process carried out at separation unit ID: 1509713998
{ recyclable of type P dropped into box....}
Box has ID: 105751207
--------------------------------------------------
separating paper......
process carried out at separation unit ID: 1509713998
{ recyclable of type P dropped into box....}
Box has ID: 105751207
--------------------------------------------------
separating paper......
process carried out at separation unit ID: 1509713998
{ recyclable of type P dropped into box....}
Box has ID: 105751207
--------------------------------------------------
separating paper......
process carried out at separation unit ID: 1509713998
{ recyclable of type P dropped into box....}
Box has ID: 105751207
--------------------------------------------------
separating paper......
process carried out at separation unit ID: 1509713998
{ recyclable of type P dropped into box....}
Box has ID: 105751207
--------------------------------------------------
separating paper......
process carried out at separation unit ID: 1509713998
{ recyclable of type P dropped into box....}
Box has ID: 105751207
--------------------------------------------------
separating paper......
process carried out at separation unit ID: 1509713998
{ recyclable of type P dropped into box....}
Box has ID: 105751207
--------------------------------------------------
separating paper......
process carried out at separation unit ID: 1509713998
{ recyclable of type P dropped into box....}
Box has ID: 105751207
--------------------------------------------------
separating paper......
process carried out at separation unit ID: 1509713998
{ recyclable of type P dropped into box....}
Box has ID: 105751207
--------------------------------------------------
separating paper......
process carried out at separation unit ID: 1509713998
{ recyclable of type P dropped into box....}
Box has ID: 105751207
--------------------------------------------------
separating paper......
process carried out at separation unit ID: 1509713998
{ recyclable of type P dropped into box....}
Box has ID: 105751207
--------------------------------------------------
separating paper......
process carried out at separation unit ID: 1509713998
{ recyclable of type P dropped into box....}
Box has ID: 105751207
--------------------------------------------------
separating paper......
process carried out at separation unit ID: 1509713998
{ recyclable of type P dropped into box....}
Box has ID: 105751207
--------------------------------------------------
separating paper......
process carried out at separation unit ID: 1509713998
{ recyclable of type P dropped into box....}
Box has ID: 105751207
--------------------------------------------------
separating paper......
process carried out at separation unit ID: 1509713998
{ recyclable of type P dropped into box....}
Box has ID: 105751207
--------------------------------------------------
separating paper......
process carried out at separation unit ID: 1509713998
{ recyclable of type P dropped into box....}
Box has ID: 105751207
--------------------------------------------------
separating paper......
process carried out at separation unit ID: 1509713998
{ recyclable of type P dropped into box....}
Box has ID: 105751207
--------------------------------------------------
separating paper......
process carried out at separation unit ID: 1509713998
{ recyclable of type P dropped into box....}
Box has ID: 105751207
--------------------------------------------------
separating paper......
process carried out at separation unit ID: 1509713998
{ recyclable of type P dropped into box....}
Box has ID: 105751207
--------------------------------------------------
separating paper......
process carried out at separation unit ID: 1509713998
{ recyclable of type P dropped into box....}
Box has ID: 105751207
--------------------------------------------------
separating paper......
process carried out at separation unit ID: 1509713998
{ recyclable of type P dropped into box....}
Box has ID: 105751207
--------------------------------------------------
separating paper......
process carried out at separation unit ID: 1509713998
{ recyclable of type P dropped into box....}
Box has ID: 105751207
--------------------------------------------------
separating paper......
process carried out at separation unit ID: 1509713998
{ recyclable of type P dropped into box....}
Box has ID: 105751207
--------------------------------------------------
separating paper......
process carried out at separation unit ID: 1509713998
{ recyclable of type P dropped into box....}
Box has ID: 105751207
--------------------------------------------------
separating paper......
process carried out at separation unit ID: 1509713998
{ recyclable of type P dropped into box....}
Box has ID: 105751207
--------------------------------------------------
separating paper......
process carried out at separation unit ID: 1509713998
{ recyclable of type P dropped into box....}
Box has ID: 105751207
--------------------------------------------------
separating paper......
process carried out at separation unit ID: 1509713998
{ recyclable of type P dropped into box....}
Box has ID: 105751207
--------------------------------------------------
separating paper......
process carried out at separation unit ID: 1509713998
{ recyclable of type P dropped into box....}
Box has ID: 105751207
--------------------------------------------------
separating paper......
process carried out at separation unit ID: 1509713998
{ recyclable of type P dropped into box....}
Box has ID: 105751207
--------------------------------------------------
separating paper......
process carried out at separation unit ID: 1509713998
{ recyclable of type P dropped into box....}
Box has ID: 105751207
--------------------------------------------------
separating paper......
process carried out at separation unit ID: 1509713998
{ recyclable of type P dropped into box....}
Box has ID: 105751207
--------------------------------------------------
separating paper......
process carried out at separation unit ID: 1509713998
{ recyclable of type P dropped into box....}
Box has ID: 105751207
--------------------------------------------------
separating paper......
process carried out at separation unit ID: 1509713998
{ recyclable of type P dropped into box....}
Box has ID: 105751207
--------------------------------------------------
separating paper......
process carried out at separation unit ID: 1509713998
{ recyclable of type P dropped into box....}
Box has ID: 105751207
--------------------------------------------------
separating paper......
process carried out at separation unit ID: 1509713998
{ recyclable of type P dropped into box....}
Box has ID: 105751207
--------------------------------------------------
separating paper......
process carried out at separation unit ID: 1509713998
{ recyclable of type P dropped into box....}
Box has ID: 105751207
--------------------------------------------------
separating paper......
process carried out at separation unit ID: 1509713998
{ recyclable of type P dropped into box....}
Box has ID: 105751207
--------------------------------------------------
separating paper......
process carried out at separation unit ID: 1509713998
{ recyclable of type P dropped into box....}
Box has ID: 105751207
--------------------------------------------------
separating paper......
process carried out at separation unit ID: 1509713998
{ recyclable of type P dropped into box....}
Box has ID: 105751207
--------------------------------------------------
separating paper......
process carried out at separation unit ID: 1509713998
{ recyclable of type P dropped into box....}
Box has ID: 105751207
--------------------------------------------------
separating paper......
process carried out at separation unit ID: 1509713998
{ recyclable of type P dropped into box....}
Box has ID: 105751207
--------------------------------------------------
separating paper......
process carried out at separation unit ID: 1509713998
{ recyclable of type P dropped into box....}
Box has ID: 105751207
--------------------------------------------------
separating paper......
process carried out at separation unit ID: 1509713998
{ recyclable of type P dropped into box....}
Box has ID: 105751207
--------------------------------------------------
separating paper......
process carried out at separation unit ID: 1509713998
{ recyclable of type P dropped into box....}
Box has ID: 105751207
--------------------------------------------------
separating paper......
process carried out at separation unit ID: 1509713998
{ recyclable of type P dropped into box....}
Box has ID: 105751207
--------------------------------------------------
separating paper......
process carried out at separation unit ID: 1509713998
{ recyclable of type P dropped into box....}
Box has ID: 105751207
--------------------------------------------------
separating paper......
process carried out at separation unit ID: 1509713998
{ recyclable of type P dropped into box....}
Box has ID: 105751207
--------------------------------------------------
separating paper......
process carried out at separation unit ID: 1509713998
{ recyclable of type P dropped into box....}
Box has ID: 105751207
--------------------------------------------------
separating paper......
process carried out at separation unit ID: 1509713998
{ recyclable of type P dropped into box....}
Box has ID: 105751207
--------------------------------------------------
separating paper......
process carried out at separation unit ID: 1509713998
{ recyclable of type P dropped into box....}
Box has ID: 105751207
--------------------------------------------------
separating paper......
process carried out at separation unit ID: 1509713998
{ recyclable of type P dropped into box....}
Box has ID: 105751207
--------------------------------------------------
separating paper......
process carried out at separation unit ID: 1509713998
{ recyclable of type P dropped into box....}
Box has ID: 105751207
--------------------------------------------------
separating paper......
process carried out at separation unit ID: 1509713998
{ recyclable of type P dropped into box....}
Box has ID: 105751207
--------------------------------------------------
separating paper......
process carried out at separation unit ID: 1509713998
{ recyclable of type P dropped into box....}
Box has ID: 105751207
--------------------------------------------------
separating paper......
process carried out at separation unit ID: 1509713998
{ recyclable of type P dropped into box....}
Box has ID: 105751207
--------------------------------------------------
separating paper......
process carried out at separation unit ID: 1509713998
{ recyclable of type P dropped into box....}
Box has ID: 105751207
--------------------------------------------------
separating paper......
process carried out at separation unit ID: 1509713998
{ recyclable of type P dropped into box....}
Box has ID: 105751207
--------------------------------------------------
separating paper......
process carried out at separation unit ID: 1509713998
{ recyclable of type P dropped into box....}
Box has ID: 105751207
--------------------------------------------------
separating paper......
process carried out at separation unit ID: 1509713998
{ recyclable of type P dropped into box....}
Box has ID: 105751207
--------------------------------------------------
separating paper......
process carried out at separation unit ID: 1509713998
{ recyclable of type P dropped into box....}
Box has ID: 105751207
--------------------------------------------------
separating paper......
process carried out at separation unit ID: 1509713998
{ recyclable of type P dropped into box....}
Box has ID: 105751207
--------------------------------------------------
separating paper......
process carried out at separation unit ID: 1509713998
{ recyclable of type P dropped into box....}
Box has ID: 105751207
--------------------------------------------------
separating paper......
process carried out at separation unit ID: 1509713998
{ recyclable of type P dropped into box....}
Box has ID: 105751207
--------------------------------------------------
separating paper......
process carried out at separation unit ID: 1509713998
{ recyclable of type P dropped into box....}
Box has ID: 105751207
--------------------------------------------------
separating paper......
process carried out at separation unit ID: 1509713998
{ recyclable of type P dropped into box....}
Box has ID: 105751207
--------------------------------------------------
separating paper......
process carried out at separation unit ID: 1509713998
{ recyclable of type P dropped into box....}
Box has ID: 105751207
--------------------------------------------------
separating paper......
process carried out at separation unit ID: 1509713998
{ recyclable of type P dropped into box....}
Box has ID: 105751207
--------------------------------------------------
separating paper......
process carried out at separation unit ID: 1509713998
{ recyclable of type P dropped into box....}
Box has ID: 105751207
--------------------------------------------------
separating paper......
process carried out at separation unit ID: 1509713998
{ recyclable of type P dropped into box....}
Box has ID: 105751207
--------------------------------------------------
separating paper......
process carried out at separation unit ID: 1509713998
{ recyclable of type P dropped into box....}
Box has ID: 105751207
--------------------------------------------------
separating paper......
process carried out at separation unit ID: 1509713998
{ recyclable of type P dropped into box....}
Box has ID: 105751207
--------------------------------------------------
separating paper......
process carried out at separation unit ID: 1509713998
{ recyclable of type P dropped into box....}
Box has ID: 105751207
--------------------------------------------------
separating paper......
process carried out at separation unit ID: 1509713998
{ recyclable of type P dropped into box....}
Box has ID: 105751207
--------------------------------------------------
separating paper......
process carried out at separation unit ID: 1509713998
{ recyclable of type P dropped into box....}
Box has ID: 105751207
--------------------------------------------------
separating paper......
process carried out at separation unit ID: 1509713998
{ recyclable of type P dropped into box....}
Box has ID: 105751207
--------------------------------------------------
separating paper......
process carried out at separation unit ID: 1509713998
{ recyclable of type P dropped into box....}
Box has ID: 105751207
--------------------------------------------------
separating paper......
process carried out at separation unit ID: 1509713998
{ recyclable of type P dropped into box....}
Box has ID: 105751207
--------------------------------------------------
separating paper......
process carried out at separation unit ID: 1509713998
{ recyclable of type P dropped into box....}
Box has ID: 105751207
--------------------------------------------------
separating paper......
process carried out at separation unit ID: 1509713998
{ recyclable of type P dropped into box....}
Box has ID: 105751207
--------------------------------------------------
separating paper......
process carried out at separation unit ID: 1509713998
{ recyclable of type P dropped into box....}
Box has ID: 105751207
--------------------------------------------------
separating paper......
process carried out at separation unit ID: 1509713998
{ recyclable of type P dropped into box....}
Box has ID: 105751207
--------------------------------------------------
separating paper......
process carried out at separation unit ID: 1509713998
{ recyclable of type P dropped into box....}
Box has ID: 105751207
--------------------------------------------------
separating paper......
process carried out at separation unit ID: 1509713998
{ recyclable of type P dropped into box....}
Box has ID: 105751207
--------------------------------------------------
separating paper......
process carried out at separation unit ID: 1509713998
{ recyclable of type P dropped into box....}
Box has ID: 105751207
--------------------------------------------------
separating paper......
process carried out at separation unit ID: 1509713998
{ recyclable of type P dropped into box....}
Box has ID: 105751207
--------------------------------------------------
separating paper......
process carried out at separation unit ID: 1509713998
{ recyclable of type P dropped into box....}
Box has ID: 105751207
--------------------------------------------------
separating paper......
process carried out at separation unit ID: 1509713998
{ recyclable of type P dropped into box....}
Box has ID: 105751207
--------------------------------------------------
separating paper......
process carried out at separation unit ID: 1509713998
{ recyclable of type P dropped into box....}
Box has ID: 105751207
--------------------------------------------------
separating paper......
process carried out at separation unit ID: 1509713998
{ recyclable of type P dropped into box....}
Box has ID: 105751207
--------------------------------------------------
separating paper......
process carried out at separation unit ID: 1509713998
{ recyclable of type P dropped into box....}
Box has ID: 105751207
--------------------------------------------------
separating paper......
process carried out at separation unit ID: 1509713998
{ recyclable of type P dropped into box....}
Box has ID: 105751207
--------------------------------------------------
separating paper......
process carried out at separation unit ID: 1509713998
{ recyclable of type P dropped into box....}
Box has ID: 105751207
--------------------------------------------------
separating paper......
process carried out at separation unit ID: 1509713998
{ recyclable of type P dropped into box....}
Box has ID: 105751207
--------------------------------------------------
separating paper......
process carried out at separation unit ID: 1509713998
{ recyclable of type P dropped into box....}
Box has ID: 105751207
--------------------------------------------------
separating paper......
process carried out at separation unit ID: 1509713998
{ recyclable of type P dropped into box....}
Box has ID: 105751207
--------------------------------------------------
separating paper......
process carried out at separation unit ID: 1509713998
{ recyclable of type P dropped into box....}
Box has ID: 105751207
--------------------------------------------------
separating paper......
process carried out at separation unit ID: 1509713998
{ recyclable of type P dropped into box....}
Box has ID: 105751207
--------------------------------------------------
separating paper......
process carried out at separation unit ID: 1509713998
{ recyclable of type P dropped into box....}
Box has ID: 105751207
--------------------------------------------------
separating paper......
process carried out at separation unit ID: 1509713998
{ recyclable of type P dropped into box....}
Box has ID: 105751207
--------------------------------------------------
separating paper......
process carried out at separation unit ID: 1509713998
{ recyclable of type P dropped into box....}
Box has ID: 105751207
--------------------------------------------------
separating paper......
process carried out at separation unit ID: 1509713998
{ recyclable of type P dropped into box....}
Box has ID: 105751207
--------------------------------------------------
separating paper......
process carried out at separation unit ID: 1509713998
{ recyclable of type P dropped into box....}
Box has ID: 105751207
--------------------------------------------------
separating paper......
process carried out at separation unit ID: 1509713998
{ recyclable of type P dropped into box....}
Box has ID: 105751207
--------------------------------------------------
separating paper......
process carried out at separation unit ID: 1509713998
{ recyclable of type P dropped into box....}
Box has ID: 105751207
--------------------------------------------------
separating paper......
process carried out at separation unit ID: 1509713998
{ recyclable of type P dropped into box....}
Box has ID: 105751207
--------------------------------------------------
separating paper......
process carried out at separation unit ID: 1509713998
{ recyclable of type P dropped into box....}
Box has ID: 105751207
--------------------------------------------------
separating paper......
process carried out at separation unit ID: 1509713998
{ recyclable of type P dropped into box....}
Box has ID: 105751207
--------------------------------------------------
separating paper......
process carried out at separation unit ID: 1509713998
{ recyclable of type P dropped into box....}
Box has ID: 105751207
--------------------------------------------------
separating paper......
process carried out at separation unit ID: 1509713998
{ recyclable of type P dropped into box....}
Box has ID: 105751207
--------------------------------------------------
separating paper......
process carried out at separation unit ID: 1509713998
{ recyclable of type P dropped into box....}
Box has ID: 105751207
--------------------------------------------------
separating paper......
process carried out at separation unit ID: 1509713998
{ recyclable of type P dropped into box....}
Box has ID: 105751207
--------------------------------------------------
separating paper......
process carried out at separation unit ID: 1509713998
{ recyclable of type P dropped into box....}
Box has ID: 105751207
--------------------------------------------------
separating paper......
process carried out at separation unit ID: 1509713998
{ recyclable of type P dropped into box....}
Box has ID: 105751207
--------------------------------------------------
separating paper......
process carried out at separation unit ID: 1509713998
{ recyclable of type P dropped into box....}
Box has ID: 105751207
--------------------------------------------------
separating paper......
process carried out at separation unit ID: 1509713998
{ recyclable of type P dropped into box....}
Box has ID: 105751207
--------------------------------------------------
separating paper......
process carried out at separation unit ID: 1509713998
{ recyclable of type P dropped into box....}
Box has ID: 105751207
--------------------------------------------------
separating paper......
process carried out at separation unit ID: 1509713998
{ recyclable of type P dropped into box....}
Box has ID: 105751207
--------------------------------------------------
separating paper......
process carried out at separation unit ID: 1509713998
{ recyclable of type P dropped into box....}
Box has ID: 105751207
--------------------------------------------------
separating paper......
process carried out at separation unit ID: 1509713998
{ recyclable of type P dropped into box....}
Box has ID: 105751207
--------------------------------------------------
separating paper......
process carried out at separation unit ID: 1509713998
{ recyclable of type P dropped into box....}
Box has ID: 105751207
--------------------------------------------------
separating paper......
process carried out at separation unit ID: 1509713998
{ recyclable of type P dropped into box....}
Box has ID: 105751207
--------------------------------------------------
separating paper......
process carried out at separation unit ID: 1509713998
{ recyclable of type P dropped into box....}
Box has ID: 105751207
--------------------------------------------------
separating paper......
process carried out at separation unit ID: 1509713998
{ recyclable of type P dropped into box....}
Box has ID: 105751207
--------------------------------------------------
separating paper......
process carried out at separation unit ID: 1509713998
{ recyclable of type P dropped into box....}
Box has ID: 105751207
--------------------------------------------------
separating paper......
process carried out at separation unit ID: 1509713998
{ recyclable of type P dropped into box....}
Box has ID: 105751207
--------------------------------------------------
separating paper......
process carried out at separation unit ID: 1509713998
{ recyclable of type P dropped into box....}
Box has ID: 105751207
--------------------------------------------------
separating paper......
process carried out at separation unit ID: 1509713998
{ recyclable of type P dropped into box....}
Box has ID: 105751207
--------------------------------------------------
separating paper......
process carried out at separation unit ID: 1509713998
{ recyclable of type P dropped into box....}
Box has ID: 105751207
--------------------------------------------------
separating paper......
process carried out at separation unit ID: 1509713998
{ recyclable of type P dropped into box....}
Box has ID: 105751207
--------------------------------------------------
separating paper......
process carried out at separation unit ID: 1509713998
{ recyclable of type P dropped into box....}
Box has ID: 105751207
--------------------------------------------------
separating paper......
process carried out at separation unit ID: 1509713998
{ recyclable of type P dropped into box....}
Box has ID: 105751207
--------------------------------------------------
separating paper......
process carried out at separation unit ID: 1509713998
{ recyclable of type P dropped into box....}
Box has ID: 105751207
--------------------------------------------------
separating paper......
process carried out at separation unit ID: 1509713998
{ recyclable of type P dropped into box....}
Box has ID: 105751207
--------------------------------------------------
separating paper......
process carried out at separation unit ID: 1509713998
{ recyclable of type P dropped into box....}
Box has ID: 105751207
--------------------------------------------------
separating paper......
process carried out at separation unit ID: 1509713998
{ recyclable of type P dropped into box....}
Box has ID: 105751207
--------------------------------------------------
separating paper......
process carried out at separation unit ID: 1509713998
{ recyclable of type P dropped into box....}
Box has ID: 105751207
--------------------------------------------------
separating paper......
process carried out at separation unit ID: 1509713998
{ recyclable of type P dropped into box....}
Box has ID: 105751207
--------------------------------------------------
separating paper......
process carried out at separation unit ID: 1509713998
{ recyclable of type P dropped into box....}
Box has ID: 105751207
--------------------------------------------------
separating paper......
process carried out at separation unit ID: 1509713998
{ recyclable of type P dropped into box....}
Box has ID: 105751207
--------------------------------------------------
separating paper......
process carried out at separation unit ID: 1509713998
{ recyclable of type P dropped into box....}
Box has ID: 105751207
--------------------------------------------------
separating paper......
process carried out at separation unit ID: 1509713998
{ recyclable of type P dropped into box....}
Box has ID: 105751207
--------------------------------------------------
separating paper......
process carried out at separation unit ID: 1509713998
{ recyclable of type P dropped into box....}
Box has ID: 105751207
--------------------------------------------------
separating paper......
process carried out at separation unit ID: 1509713998
{ recyclable of type P dropped into box....}
Box has ID: 105751207
--------------------------------------------------
separating paper......
process carried out at separation unit ID: 1509713998
{ recyclable of type P dropped into box....}
Box has ID: 105751207
--------------------------------------------------
separating paper......
process carried out at separation unit ID: 1509713998
{ recyclable of type P dropped into box....}
Box has ID: 105751207
--------------------------------------------------
separating paper......
process carried out at separation unit ID: 1509713998
{ recyclable of type P dropped into box....}
Box has ID: 105751207
--------------------------------------------------
separating paper......
process carried out at separation unit ID: 1509713998
{ recyclable of type P dropped into box....}
Box has ID: 105751207
--------------------------------------------------
separating paper......
process carried out at separation unit ID: 1509713998
{ recyclable of type P dropped into box....}
Box has ID: 105751207
--------------------------------------------------
separating paper......
process carried out at separation unit ID: 1509713998
{ recyclable of type P dropped into box....}
Box has ID: 105751207
--------------------------------------------------
separating paper......
process carried out at separation unit ID: 1509713998
{ recyclable of type P dropped into box....}
Box has ID: 105751207
--------------------------------------------------
separating paper......
process carried out at separation unit ID: 1509713998
{ recyclable of type P dropped into box....}
Box has ID: 105751207
--------------------------------------------------
separating paper......
process carried out at separation unit ID: 1509713998
{ recyclable of type P dropped into box....}
Box has ID: 105751207
--------------------------------------------------
separating paper......
process carried out at separation unit ID: 1509713998
{ recyclable of type P dropped into box....}
Box has ID: 105751207
--------------------------------------------------
separating paper......
process carried out at separation unit ID: 1509713998
{ recyclable of type P dropped into box....}
Box has ID: 105751207
--------------------------------------------------
separating paper......
process carried out at separation unit ID: 1509713998
{ recyclable of type P dropped into box....}
Box has ID: 105751207
--------------------------------------------------
separating paper......
process carried out at separation unit ID: 1509713998
{ recyclable of type P dropped into box....}
Box has ID: 105751207
--------------------------------------------------
separating paper......
process carried out at separation unit ID: 1509713998
{ recyclable of type P dropped into box....}
Box has ID: 105751207
--------------------------------------------------
separating paper......
process carried out at separation unit ID: 1509713998
{ recyclable of type P dropped into box....}
Box has ID: 105751207
--------------------------------------------------
separating paper......
process carried out at separation unit ID: 1509713998
{ recyclable of type P dropped into box....}
Box has ID: 105751207
--------------------------------------------------
separating paper......
process carried out at separation unit ID: 1509713998
{ recyclable of type P dropped into box....}
Box has ID: 105751207
--------------------------------------------------
separating paper......
process carried out at separation unit ID: 1509713998
{ recyclable of type P dropped into box....}
Box has ID: 105751207
--------------------------------------------------
separating paper......
process carried out at separation unit ID: 1509713998
{ recyclable of type P dropped into box....}
Box has ID: 105751207
--------------------------------------------------
separating paper......
process carried out at separation unit ID: 1509713998
{ recyclable of type P dropped into box....}
Box has ID: 105751207
--------------------------------------------------
separating paper......
process carried out at separation unit ID: 1509713998
{ recyclable of type P dropped into box....}
Box has ID: 105751207
--------------------------------------------------
separating paper......
process carried out at separation unit ID: 1509713998
{ recyclable of type P dropped into box....}
Box has ID: 105751207
--------------------------------------------------
separating paper......
process carried out at separation unit ID: 1509713998
{ recyclable of type P dropped into box....}
Box has ID: 105751207
--------------------------------------------------
separating paper......
process carried out at separation unit ID: 1509713998
{ recyclable of type P dropped into box....}
Box has ID: 105751207
--------------------------------------------------
separating paper......
process carried out at separation unit ID: 1509713998
{ recyclable of type P dropped into box....}
Box has ID: 105751207
--------------------------------------------------
separating paper......
process carried out at separation unit ID: 1509713998
{ recyclable of type P dropped into box....}
Box has ID: 105751207
--------------------------------------------------
separating paper......
process carried out at separation unit ID: 1509713998
{ recyclable of type P dropped into box....}
Box has ID: 105751207
--------------------------------------------------
separating paper......
process carried out at separation unit ID: 1509713998
{ recyclable of type P dropped into box....}
Box has ID: 105751207
--------------------------------------------------
separating paper......
process carried out at separation unit ID: 1509713998
{ recyclable of type P dropped into box....}
Box has ID: 105751207
--------------------------------------------------
separating paper......
process carried out at separation unit ID: 1509713998
{ recyclable of type P dropped into box....}
Box has ID: 105751207
--------------------------------------------------
separating paper......
process carried out at separation unit ID: 1509713998
{ recyclable of type P dropped into box....}
Box has ID: 105751207
--------------------------------------------------
separating paper......
process carried out at separation unit ID: 1509713998
{ recyclable of type P dropped into box....}
Box has ID: 105751207
--------------------------------------------------
separating paper......
process carried out at separation unit ID: 1509713998
{ recyclable of type P dropped into box....}
Box has ID: 105751207
--------------------------------------------------
separating paper......
process carried out at separation unit ID: 1509713998
{ recyclable of type P dropped into box....}
Box has ID: 105751207
--------------------------------------------------
separating paper......
process carried out at separation unit ID: 1509713998
{ recyclable of type P dropped into box....}
Box has ID: 105751207
--------------------------------------------------
separating paper......
process carried out at separation unit ID: 1509713998
{ recyclable of type P dropped into box....}
Box has ID: 105751207
--------------------------------------------------
separating paper......
process carried out at separation unit ID: 1509713998
{ recyclable of type P dropped into box....}
Box has ID: 105751207
--------------------------------------------------
separating paper......
process carried out at separation unit ID: 1509713998
{ recyclable of type P dropped into box....}
Box has ID: 105751207
--------------------------------------------------
separating paper......
process carried out at separation unit ID: 1509713998
{ recyclable of type P dropped into box....}
Box has ID: 105751207
--------------------------------------------------
separating paper......
process carried out at separation unit ID: 1509713998
{ recyclable of type P dropped into box....}
Box has ID: 105751207
--------------------------------------------------
separating paper......
process carried out at separation unit ID: 1509713998
{ recyclable of type P dropped into box....}
Box has ID: 105751207
--------------------------------------------------
separating paper......
process carried out at separation unit ID: 1509713998
{ recyclable of type P dropped into box....}
Box has ID: 105751207
--------------------------------------------------
separating paper......
process carried out at separation unit ID: 1509713998
{ recyclable of type P dropped into box....}
Box has ID: 105751207
--------------------------------------------------
separating paper......
process carried out at separation unit ID: 1509713998
{ recyclable of type P dropped into box....}
Box has ID: 105751207
--------------------------------------------------
separating paper......
process carried out at separation unit ID: 1509713998
{ recyclable of type P dropped into box....}
Box has ID: 105751207
--------------------------------------------------
separating paper......
process carried out at separation unit ID: 1509713998
{ recyclable of type P dropped into box....}
Box has ID: 105751207
--------------------------------------------------
separating paper......
process carried out at separation unit ID: 1509713998
{ recyclable of type P dropped into box....}
Box has ID: 105751207
--------------------------------------------------
separating paper......
process carried out at separation unit ID: 1509713998
{ recyclable of type P dropped into box....}
Box has ID: 105751207
--------------------------------------------------
separating paper......
process carried out at separation unit ID: 1509713998
{ recyclable of type P dropped into box....}
Box has ID: 105751207
--------------------------------------------------
separating paper......
process carried out at separation unit ID: 1509713998
{ recyclable of type P dropped into box....}
Box has ID: 105751207
--------------------------------------------------
separating paper......
process carried out at separation unit ID: 1509713998
{ recyclable of type P dropped into box....}
Box has ID: 105751207
--------------------------------------------------
separating paper......
process carried out at separation unit ID: 1509713998
{ recyclable of type P dropped into box....}
Box has ID: 105751207
--------------------------------------------------
separating paper......
process carried out at separation unit ID: 1509713998
{ recyclable of type P dropped into box....}
Box has ID: 105751207
--------------------------------------------------
separating paper......
process carried out at separation unit ID: 1509713998
{ recyclable of type P dropped into box....}
Box has ID: 105751207
--------------------------------------------------
separating paper......
process carried out at separation unit ID: 1509713998
{ recyclable of type P dropped into box....}
Box has ID: 105751207
--------------------------------------------------
separating paper......
process carried out at separation unit ID: 1509713998
{ recyclable of type P dropped into box....}
Box has ID: 105751207
--------------------------------------------------
separating paper......
process carried out at separation unit ID: 1509713998
{ recyclable of type P dropped into box....}
Box has ID: 105751207
--------------------------------------------------
separating paper......
process carried out at separation unit ID: 1509713998
{ recyclable of type P dropped into box....}
Box has ID: 105751207
--------------------------------------------------
separating paper......
process carried out at separation unit ID: 1509713998
{ recyclable of type P dropped into box....}
Box has ID: 105751207
--------------------------------------------------
separating paper......
process carried out at separation unit ID: 1509713998
{ recyclable of type P dropped into box....}
Box has ID: 105751207
--------------------------------------------------
separating paper......
process carried out at separation unit ID: 1509713998
{ recyclable of type P dropped into box....}
Box has ID: 105751207
--------------------------------------------------
separating paper......
process carried out at separation unit ID: 1509713998
{ recyclable of type P dropped into box....}
Box has ID: 105751207
--------------------------------------------------
separating paper......
process carried out at separation unit ID: 1509713998
{ recyclable of type P dropped into box....}
Box has ID: 105751207
--------------------------------------------------
separating paper......
process carried out at separation unit ID: 1509713998
{ recyclable of type P dropped into box....}
Box has ID: 105751207
--------------------------------------------------
separating paper......
process carried out at separation unit ID: 1509713998
{ recyclable of type P dropped into box....}
Box has ID: 105751207
--------------------------------------------------
separating paper......
process carried out at separation unit ID: 1509713998
{ recyclable of type P dropped into box....}
Box has ID: 105751207
--------------------------------------------------
separating paper......
process carried out at separation unit ID: 1509713998
{ recyclable of type P dropped into box....}
Box has ID: 105751207
--------------------------------------------------
separating paper......
process carried out at separation unit ID: 1509713998
{ recyclable of type P dropped into box....}
Box has ID: 105751207
--------------------------------------------------
separating paper......
process carried out at separation unit ID: 1509713998
{ recyclable of type P dropped into box....}
Box has ID: 105751207
--------------------------------------------------
separating paper......
process carried out at separation unit ID: 1509713998
{ recyclable of type P dropped into box....}
Box has ID: 105751207
--------------------------------------------------
separating paper......
process carried out at separation unit ID: 1509713998
{ recyclable of type P dropped into box....}
Box has ID: 105751207
--------------------------------------------------
separating paper......
process carried out at separation unit ID: 1509713998
{ recyclable of type P dropped into box....}
Box has ID: 105751207
--------------------------------------------------
separating paper......
process carried out at separation unit ID: 1509713998
{ recyclable of type P dropped into box....}
Box has ID: 105751207
--------------------------------------------------
separating paper......
process carried out at separation unit ID: 1509713998
{ recyclable of type P dropped into box....}
Box has ID: 105751207
--------------------------------------------------
separating paper......
process carried out at separation unit ID: 1509713998
{ recyclable of type P dropped into box....}
Box has ID: 105751207
--------------------------------------------------
separating paper......
process carried out at separation unit ID: 1509713998
{ recyclable of type P dropped into box....}
Box has ID: 105751207
--------------------------------------------------
separating paper......
process carried out at separation unit ID: 1509713998
{ recyclable of type P dropped into box....}
Box has ID: 105751207
--------------------------------------------------
separating paper......
process carried out at separation unit ID: 1509713998
{ recyclable of type P dropped into box....}
Box has ID: 105751207
--------------------------------------------------
separating paper......
process carried out at separation unit ID: 1509713998
{ recyclable of type P dropped into box....}
Box has ID: 105751207
--------------------------------------------------
separating paper......
process carried out at separation unit ID: 1509713998
{ recyclable of type P dropped into box....}
Box has ID: 105751207
--------------------------------------------------
separating paper......
process carried out at separation unit ID: 1509713998
{ recyclable of type P dropped into box....}
Box has ID: 105751207
--------------------------------------------------
separating paper......
process carried out at separation unit ID: 1509713998
{ recyclable of type P dropped into box....}
Box has ID: 105751207
--------------------------------------------------
separating paper......
process carried out at separation unit ID: 1509713998
{ recyclable of type P dropped into box....}
Box has ID: 105751207
--------------------------------------------------
separating paper......
process carried out at separation unit ID: 1509713998
{ recyclable of type P dropped into box....}
Box has ID: 105751207
--------------------------------------------------
separating paper......
process carried out at separation unit ID: 1509713998
{ recyclable of type P dropped into box....}
Box has ID: 105751207
--------------------------------------------------
separating paper......
process carried out at separation unit ID: 1509713998
{ recyclable of type P dropped into box....}
Box has ID: 105751207
--------------------------------------------------
separating paper......
process carried out at separation unit ID: 1509713998
{ recyclable of type P dropped into box....}
Box has ID: 105751207
--------------------------------------------------
separating paper......
process carried out at separation unit ID: 1509713998
{ recyclable of type P dropped into box....}
Box has ID: 105751207
--------------------------------------------------
separating paper......
process carried out at separation unit ID: 1509713998
{ recyclable of type P dropped into box....}
Box has ID: 105751207
--------------------------------------------------
separating paper......
process carried out at separation unit ID: 1509713998
{ recyclable of type P dropped into box....}
Box has ID: 105751207
--------------------------------------------------
separating paper......
process carried out at separation unit ID: 1509713998
{ recyclable of type P dropped into box....}
Box has ID: 105751207
--------------------------------------------------
separating paper......
process carried out at separation unit ID: 1509713998
{ recyclable of type P dropped into box....}
Box has ID: 105751207
--------------------------------------------------
separating paper......
process carried out at separation unit ID: 1509713998
{ recyclable of type P dropped into box....}
Box has ID: 105751207
--------------------------------------------------
separating paper......
process carried out at separation unit ID: 1509713998
{ recyclable of type P dropped into box....}
Box has ID: 105751207
--------------------------------------------------
separating paper......
process carried out at separation unit ID: 1509713998
{ recyclable of type P dropped into box....}
Box has ID: 105751207
--------------------------------------------------
separating paper......
process carried out at separation unit ID: 1509713998
{ recyclable of type P dropped into box....}
Box has ID: 105751207
--------------------------------------------------
separating paper......
process carried out at separation unit ID: 1509713998
{ recyclable of type P dropped into box....}
Box has ID: 105751207
--------------------------------------------------
separating paper......
process carried out at separation unit ID: 1509713998
{ recyclable of type P dropped into box....}
Box has ID: 105751207
--------------------------------------------------
separating paper......
process carried out at separation unit ID: 1509713998
{ recyclable of type P dropped into box....}
Box has ID: 105751207
--------------------------------------------------
separating paper......
process carried out at separation unit ID: 1509713998
{ recyclable of type P dropped into box....}
Box has ID: 105751207
--------------------------------------------------
separating paper......
process carried out at separation unit ID: 1509713998
{ recyclable of type P dropped into box....}
Box has ID: 105751207
--------------------------------------------------
separating paper......
process carried out at separation unit ID: 1509713998
{ recyclable of type P dropped into box....}
Box has ID: 105751207
--------------------------------------------------
separating paper......
process carried out at separation unit ID: 1509713998
{ recyclable of type P dropped into box....}
Box has ID: 105751207
--------------------------------------------------
separating paper......
process carried out at separation unit ID: 1509713998
{ recyclable of type P dropped into box....}
Box has ID: 105751207
--------------------------------------------------
separating paper......
process carried out at separation unit ID: 1509713998
{ recyclable of type P dropped into box....}
Box has ID: 105751207
--------------------------------------------------
separating paper......
process carried out at separation unit ID: 1509713998
{ recyclable of type P dropped into box....}
Box has ID: 105751207
--------------------------------------------------
separating paper......
process carried out at separation unit ID: 1509713998
{ recyclable of type P dropped into box....}
Box has ID: 105751207
--------------------------------------------------
separating paper......
process carried out at separation unit ID: 1509713998
{ recyclable of type P dropped into box....}
Box has ID: 105751207
--------------------------------------------------
separating paper......
process carried out at separation unit ID: 1509713998
{ recyclable of type P dropped into box....}
Box has ID: 105751207
--------------------------------------------------
separating paper......
process carried out at separation unit ID: 1509713998
{ recyclable of type P dropped into box....}
Box has ID: 105751207
--------------------------------------------------
separating paper......
process carried out at separation unit ID: 1509713998
{ recyclable of type P dropped into box....}
Box has ID: 105751207
--------------------------------------------------
separating paper......
process carried out at separation unit ID: 1509713998
{ recyclable of type P dropped into box....}
Box has ID: 105751207
--------------------------------------------------
separating paper......
process carried out at separation unit ID: 1509713998
{ recyclable of type P dropped into box....}
Box has ID: 105751207
--------------------------------------------------
separating paper......
process carried out at separation unit ID: 1509713998
{ recyclable of type P dropped into box....}
Box has ID: 105751207
--------------------------------------------------
separating paper......
process carried out at separation unit ID: 1509713998
{ recyclable of type P dropped into box....}
Box has ID: 105751207
--------------------------------------------------
separating paper......
process carried out at separation unit ID: 1509713998
{ recyclable of type P dropped into box....}
Box has ID: 105751207
--------------------------------------------------
separating paper......
process carried out at separation unit ID: 1509713998
{ recyclable of type P dropped into box....}
Box has ID: 105751207
--------------------------------------------------
separating paper......
process carried out at separation unit ID: 1509713998
{ recyclable of type P dropped into box....}
Box has ID: 105751207
--------------------------------------------------
separating paper......
process carried out at separation unit ID: 1509713998
{ recyclable of type P dropped into box....}
Box has ID: 105751207
--------------------------------------------------
separating paper......
process carried out at separation unit ID: 1509713998
{ recyclable of type P dropped into box....}
Box has ID: 105751207
--------------------------------------------------
separating paper......
process carried out at separation unit ID: 1509713998
{ recyclable of type P dropped into box....}
Box has ID: 105751207
--------------------------------------------------
separating paper......
process carried out at separation unit ID: 1509713998
{ recyclable of type P dropped into box....}
Box has ID: 105751207
--------------------------------------------------
separating paper......
process carried out at separation unit ID: 1509713998
{ recyclable of type P dropped into box....}
Box has ID: 105751207
--------------------------------------------------
separating paper......
process carried out at separation unit ID: 1509713998
{ recyclable of type P dropped into box....}
Box has ID: 105751207
--------------------------------------------------
separating paper......
process carried out at separation unit ID: 1509713998
{ recyclable of type P dropped into box....}
Box has ID: 105751207
--------------------------------------------------
separating paper......
process carried out at separation unit ID: 1509713998
{ recyclable of type P dropped into box....}
Box has ID: 105751207
--------------------------------------------------
separating paper......
process carried out at separation unit ID: 1509713998
{ recyclable of type P dropped into box....}
Box has ID: 105751207
--------------------------------------------------
separating paper......
process carried out at separation unit ID: 1509713998
{ recyclable of type P dropped into box....}
Box has ID: 105751207
--------------------------------------------------
separating paper......
process carried out at separation unit ID: 1509713998
{ recyclable of type P dropped into box....}
Box has ID: 105751207
--------------------------------------------------
separating paper......
process carried out at separation unit ID: 1509713998
{ recyclable of type P dropped into box....}
Box has ID: 105751207
--------------------------------------------------
separating paper......
process carried out at separation unit ID: 1509713998
{ recyclable of type P dropped into box....}
Box has ID: 105751207
--------------------------------------------------
separating paper......
process carried out at separation unit ID: 1509713998
{ recyclable of type P dropped into box....}
Box has ID: 105751207
--------------------------------------------------
separating paper......
process carried out at separation unit ID: 1509713998
{ recyclable of type P dropped into box....}
Box has ID: 105751207
--------------------------------------------------
separating paper......
process carried out at separation unit ID: 1509713998
{ recyclable of type P dropped into box....}
Box has ID: 105751207
--------------------------------------------------
separating paper......
process carried out at separation unit ID: 1509713998
{ recyclable of type P dropped into box....}
Box has ID: 105751207
--------------------------------------------------
separating paper......
process carried out at separation unit ID: 1509713998
{ recyclable of type P dropped into box....}
Box has ID: 105751207
--------------------------------------------------
separating paper......
process carried out at separation unit ID: 1509713998
{ recyclable of type P dropped into box....}
Box has ID: 105751207
--------------------------------------------------
separating paper......
process carried out at separation unit ID: 1509713998
{ recyclable of type P dropped into box....}
Box has ID: 105751207
--------------------------------------------------
separating paper......
process carried out at separation unit ID: 1509713998
{ recyclable of type P dropped into box....}
Box has ID: 105751207
--------------------------------------------------
separating paper......
process carried out at separation unit ID: 1509713998
{ recyclable of type P dropped into box....}
Box has ID: 105751207
--------------------------------------------------
separating paper......
process carried out at separation unit ID: 1509713998
{ recyclable of type P dropped into box....}
Box has ID: 105751207
--------------------------------------------------
separating paper......
process carried out at separation unit ID: 1509713998
{ recyclable of type P dropped into box....}
Box has ID: 105751207
--------------------------------------------------
separating paper......
process carried out at separation unit ID: 1509713998
{ recyclable of type P dropped into box....}
Box has ID: 105751207
--------------------------------------------------
separating paper......
process carried out at separation unit ID: 1509713998
{ recyclable of type P dropped into box....}
Box has ID: 105751207
--------------------------------------------------
separating paper......
process carried out at separation unit ID: 1509713998
{ recyclable of type P dropped into box....}
Box has ID: 105751207
--------------------------------------------------
separating paper......
process carried out at separation unit ID: 1509713998
{ recyclable of type P dropped into box....}
Box has ID: 105751207
--------------------------------------------------
separating paper......
process carried out at separation unit ID: 1509713998
{ recyclable of type P dropped into box....}
Box has ID: 105751207
--------------------------------------------------
separating paper......
process carried out at separation unit ID: 1509713998
{ recyclable of type P dropped into box....}
Box has ID: 105751207
--------------------------------------------------
separating paper......
process carried out at separation unit ID: 1509713998
{ recyclable of type P dropped into box....}
Box has ID: 105751207
--------------------------------------------------
separating paper......
process carried out at separation unit ID: 1509713998
{ recyclable of type P dropped into box....}
Box has ID: 105751207
--------------------------------------------------
separating paper......
process carried out at separation unit ID: 1509713998
{ recyclable of type P dropped into box....}
Box has ID: 105751207
--------------------------------------------------
separating paper......
process carried out at separation unit ID: 1509713998
{ recyclable of type P dropped into box....}
Box has ID: 105751207
--------------------------------------------------
separating paper......
process carried out at separation unit ID: 1509713998
{ recyclable of type P dropped into box....}
Box has ID: 105751207
--------------------------------------------------
separating paper......
process carried out at separation unit ID: 1509713998
{ recyclable of type P dropped into box....}
Box has ID: 105751207
--------------------------------------------------
separating paper......
process carried out at separation unit ID: 1509713998
{ recyclable of type P dropped into box....}
Box has ID: 105751207
--------------------------------------------------
separating paper......
process carried out at separation unit ID: 1509713998
{ recyclable of type P dropped into box....}
Box has ID: 105751207
--------------------------------------------------
separating paper......
process carried out at separation unit ID: 1509713998
{ recyclable of type P dropped into box....}
Box has ID: 105751207
--------------------------------------------------
separating paper......
process carried out at separation unit ID: 1509713998
{ recyclable of type P dropped into box....}
Box has ID: 105751207
--------------------------------------------------
separating paper......
process carried out at separation unit ID: 1509713998
{ recyclable of type P dropped into box....}
Box has ID: 105751207
--------------------------------------------------
separating paper......
process carried out at separation unit ID: 1509713998
{ recyclable of type P dropped into box....}
Box has ID: 105751207
--------------------------------------------------
separating paper......
process carried out at separation unit ID: 1509713998
{ recyclable of type P dropped into box....}
Box has ID: 105751207
--------------------------------------------------
separating paper......
process carried out at separation unit ID: 1509713998
{ recyclable of type P dropped into box....}
Box has ID: 105751207
--------------------------------------------------
separating paper......
process carried out at separation unit ID: 1509713998
{ recyclable of type P dropped into box....}
Box has ID: 105751207
--------------------------------------------------
separating paper......
process carried out at separation unit ID: 1509713998
{ recyclable of type P dropped into box....}
Box has ID: 105751207
--------------------------------------------------
separating paper......
process carried out at separation unit ID: 1509713998
{ recyclable of type P dropped into box....}
Box has ID: 105751207
--------------------------------------------------
separating paper......
process carried out at separation unit ID: 1509713998
{ recyclable of type P dropped into box....}
Box has ID: 105751207
--------------------------------------------------
separating paper......
process carried out at separation unit ID: 1509713998
{ recyclable of type P dropped into box....}
Box has ID: 105751207
--------------------------------------------------
separating paper......
process carried out at separation unit ID: 1509713998
{ recyclable of type P dropped into box....}
Box has ID: 105751207
--------------------------------------------------
separating paper......
process carried out at separation unit ID: 1509713998
{ recyclable of type P dropped into box....}
Box has ID: 105751207
--------------------------------------------------
separating paper......
process carried out at separation unit ID: 1509713998
{ recyclable of type P dropped into box....}
Box has ID: 105751207
--------------------------------------------------
separating paper......
process carried out at separation unit ID: 1509713998
{ recyclable of type P dropped into box....}
Box has ID: 105751207
--------------------------------------------------
separating paper......
process carried out at separation unit ID: 1509713998
{ recyclable of type P dropped into box....}
Box has ID: 105751207
--------------------------------------------------
separating paper......
process carried out at separation unit ID: 1509713998
{ recyclable of type P dropped into box....}
Box has ID: 105751207
--------------------------------------------------
separating paper......
process carried out at separation unit ID: 1509713998
{ recyclable of type P dropped into box....}
Box has ID: 105751207
--------------------------------------------------
separating paper......
process carried out at separation unit ID: 1509713998
{ recyclable of type P dropped into box....}
Box has ID: 105751207
--------------------------------------------------
separating paper......
process carried out at separation unit ID: 1509713998
{ recyclable of type P dropped into box....}
Box has ID: 105751207
--------------------------------------------------
separating paper......
process carried out at separation unit ID: 1509713998
{ recyclable of type P dropped into box....}
Box has ID: 105751207
--------------------------------------------------
separating paper......
process carried out at separation unit ID: 1509713998
{ recyclable of type P dropped into box....}
Box has ID: 105751207
--------------------------------------------------
separating paper......
process carried out at separation unit ID: 1509713998
{ recyclable of type P dropped into box....}
Box has ID: 105751207
--------------------------------------------------
separating paper......
process carried out at separation unit ID: 1509713998
{ recyclable of type P dropped into box....}
Box has ID: 105751207
--------------------------------------------------
separating paper......
process carried out at separation unit ID: 1509713998
{ recyclable of type P dropped into box....}
Box has ID: 105751207
--------------------------------------------------
separating paper......
process carried out at separation unit ID: 1509713998
{ recyclable of type P dropped into box....}
Box has ID: 105751207
--------------------------------------------------
separating paper......
process carried out at separation unit ID: 1509713998
{ recyclable of type P dropped into box....}
Box has ID: 105751207
--------------------------------------------------
separating paper......
process carried out at separation unit ID: 1509713998
{ recyclable of type P dropped into box....}
Box has ID: 105751207
--------------------------------------------------
separating paper......
process carried out at separation unit ID: 1509713998
{ recyclable of type P dropped into box....}
Box has ID: 105751207
--------------------------------------------------
separating paper......
process carried out at separation unit ID: 1509713998
{ recyclable of type P dropped into box....}
Box has ID: 105751207
--------------------------------------------------
separating paper......
process carried out at separation unit ID: 1509713998
{ recyclable of type P dropped into box....}
Box has ID: 105751207
--------------------------------------------------
separating paper......
process carried out at separation unit ID: 1509713998
{ recyclable of type P dropped into box....}
Box has ID: 105751207
--------------------------------------------------
separating paper......
process carried out at separation unit ID: 1509713998
{ recyclable of type P dropped into box....}
Box has ID: 105751207
--------------------------------------------------
separating paper......
process carried out at separation unit ID: 1509713998
{ recyclable of type P dropped into box....}
Box has ID: 105751207
--------------------------------------------------
separating paper......
process carried out at separation unit ID: 1509713998
{ recyclable of type P dropped into box....}
Box has ID: 105751207
--------------------------------------------------
separating paper......
process carried out at separation unit ID: 1509713998
{ recyclable of type P dropped into box....}
Box has ID: 105751207
--------------------------------------------------
separating paper......
process carried out at separation unit ID: 1509713998
{ recyclable of type P dropped into box....}
Box has ID: 105751207
--------------------------------------------------
separating paper......
process carried out at separation unit ID: 1509713998
{ recyclable of type P dropped into box....}
Box has ID: 105751207
--------------------------------------------------
separating paper......
process carried out at separation unit ID: 1509713998
{ recyclable of type P dropped into box....}
Box has ID: 105751207
--------------------------------------------------
separating paper......
process carried out at separation unit ID: 1509713998
{ recyclable of type P dropped into box....}
Box has ID: 105751207
--------------------------------------------------
separating paper......
process carried out at separation unit ID: 1509713998
{ recyclable of type P dropped into box....}
Box has ID: 105751207
--------------------------------------------------
separating paper......
process carried out at separation unit ID: 1509713998
{ recyclable of type P dropped into box....}
Box has ID: 105751207
--------------------------------------------------
separating paper......
process carried out at separation unit ID: 1509713998
{ recyclable of type P dropped into box....}
Box has ID: 105751207
--------------------------------------------------
separating paper......
process carried out at separation unit ID: 1509713998
{ recyclable of type P dropped into box....}
Box has ID: 105751207
--------------------------------------------------
separating paper......
process carried out at separation unit ID: 1509713998
{ recyclable of type P dropped into box....}
Box has ID: 105751207
--------------------------------------------------
separating paper......
process carried out at separation unit ID: 1509713998
{ recyclable of type P dropped into box....}
Box has ID: 105751207
--------------------------------------------------
separating paper......
process carried out at separation unit ID: 1509713998
{ recyclable of type P dropped into box....}
Box has ID: 105751207
--------------------------------------------------
separating paper......
process carried out at separation unit ID: 1509713998
{ recyclable of type P dropped into box....}
Box has ID: 105751207
--------------------------------------------------
separating paper......
process carried out at separation unit ID: 1509713998
{ recyclable of type P dropped into box....}
Box has ID: 105751207
--------------------------------------------------
separating paper......
process carried out at separation unit ID: 1509713998
{ recyclable of type P dropped into box....}
Box has ID: 105751207
--------------------------------------------------
separating paper......
process carried out at separation unit ID: 1509713998
{ recyclable of type P dropped into box....}
Box has ID: 105751207
--------------------------------------------------
separating paper......
process carried out at separation unit ID: 1509713998
{ recyclable of type P dropped into box....}
Box has ID: 105751207
--------------------------------------------------
separating paper......
process carried out at separation unit ID: 1509713998
{ recyclable of type P dropped into box....}
Box has ID: 105751207
--------------------------------------------------
separating paper......
process carried out at separation unit ID: 1509713998
{ recyclable of type P dropped into box....}
Box has ID: 105751207
--------------------------------------------------
separating paper......
process carried out at separation unit ID: 1509713998
{ recyclable of type P dropped into box....}
Box has ID: 105751207
--------------------------------------------------
separating paper......
process carried out at separation unit ID: 1509713998
{ recyclable of type P dropped into box....}
Box has ID: 105751207
--------------------------------------------------
separating paper......
process carried out at separation unit ID: 1509713998
{ recyclable of type P dropped into box....}
Box has ID: 105751207
--------------------------------------------------
separating paper......
process carried out at separation unit ID: 1509713998
{ recyclable of type P dropped into box....}
Box has ID: 105751207
--------------------------------------------------
separating paper......
process carried out at separation unit ID: 1509713998
{ recyclable of type P dropped into box....}
Box has ID: 105751207
--------------------------------------------------
separating paper......
process carried out at separation unit ID: 1509713998
{ recyclable of type P dropped into box....}
Box has ID: 105751207
--------------------------------------------------
separating paper......
process carried out at separation unit ID: 1509713998
{ recyclable of type P dropped into box....}
Box has ID: 105751207
--------------------------------------------------
separating paper......
process carried out at separation unit ID: 1509713998
{ recyclable of type P dropped into box....}
Box has ID: 105751207
--------------------------------------------------
separating paper......
process carried out at separation unit ID: 1509713998
{ recyclable of type P dropped into box....}
Box has ID: 105751207
--------------------------------------------------
separating paper......
process carried out at separation unit ID: 1509713998
{ recyclable of type P dropped into box....}
Box has ID: 105751207
--------------------------------------------------
separating paper......
process carried out at separation unit ID: 1509713998
{ recyclable of type P dropped into box....}
Box has ID: 105751207
--------------------------------------------------
separating paper......
process carried out at separation unit ID: 1509713998
{ recyclable of type P dropped into box....}
Box has ID: 105751207
--------------------------------------------------
separating paper......
process carried out at separation unit ID: 1509713998
{ recyclable of type P dropped into box....}
Box has ID: 105751207
--------------------------------------------------
separating paper......
process carried out at separation unit ID: 1509713998
{ recyclable of type P dropped into box....}
Box has ID: 105751207
--------------------------------------------------
separating paper......
process carried out at separation unit ID: 1509713998
{ recyclable of type P dropped into box....}
Box has ID: 105751207
--------------------------------------------------
separating paper......
process carried out at separation unit ID: 1509713998
{ recyclable of type P dropped into box....}
Box has ID: 105751207
--------------------------------------------------
separating paper......
process carried out at separation unit ID: 1509713998
{ recyclable of type P dropped into box....}
Box has ID: 105751207
--------------------------------------------------
separating paper......
process carried out at separation unit ID: 1509713998
{ recyclable of type P dropped into box....}
Box has ID: 105751207
--------------------------------------------------
separating paper......
process carried out at separation unit ID: 1509713998
{ recyclable of type P dropped into box....}
Box has ID: 105751207
--------------------------------------------------
separating paper......
process carried out at separation unit ID: 1509713998
{ recyclable of type P dropped into box....}
Box has ID: 105751207
--------------------------------------------------
separating paper......
process carried out at separation unit ID: 1509713998
{ recyclable of type P dropped into box....}
Box has ID: 105751207
--------------------------------------------------
separating paper......
process carried out at separation unit ID: 1509713998
{ recyclable of type P dropped into box....}
Box has ID: 105751207
--------------------------------------------------
separating paper......
process carried out at separation unit ID: 1509713998
{ recyclable of type P dropped into box....}
Box has ID: 105751207
--------------------------------------------------
separating paper......
process carried out at separation unit ID: 1509713998
{ recyclable of type P dropped into box....}
Box has ID: 105751207
--------------------------------------------------
separating paper......
process carried out at separation unit ID: 1509713998
{ recyclable of type P dropped into box....}
Box has ID: 105751207
--------------------------------------------------
separating paper......
process carried out at separation unit ID: 1509713998
{ recyclable of type P dropped into box....}
Box has ID: 105751207
--------------------------------------------------
separating paper......
process carried out at separation unit ID: 1509713998
{ recyclable of type P dropped into box....}
Box has ID: 105751207
--------------------------------------------------
separating paper......
process carried out at separation unit ID: 1509713998
{ recyclable of type P dropped into box....}
Box has ID: 105751207
--------------------------------------------------
separating paper......
process carried out at separation unit ID: 1509713998
{ recyclable of type P dropped into box....}
Box has ID: 105751207
--------------------------------------------------
separating paper......
process carried out at separation unit ID: 1509713998
{ recyclable of type P dropped into box....}
Box has ID: 105751207
--------------------------------------------------
separating paper......
process carried out at separation unit ID: 1509713998
{ recyclable of type P dropped into box....}
Box has ID: 105751207
--------------------------------------------------
separating paper......
process carried out at separation unit ID: 1509713998
{ recyclable of type P dropped into box....}
Box has ID: 105751207
--------------------------------------------------
separating paper......
process carried out at separation unit ID: 1509713998
{ recyclable of type P dropped into box....}
Box has ID: 105751207
--------------------------------------------------
separating paper......
process carried out at separation unit ID: 1509713998
{ recyclable of type P dropped into box....}
Box has ID: 105751207
--------------------------------------------------
separating paper......
process carried out at separation unit ID: 1509713998
{ recyclable of type P dropped into box....}
Box has ID: 105751207
--------------------------------------------------
separating paper......
process carried out at separation unit ID: 1509713998
{ recyclable of type P dropped into box....}
Box has ID: 105751207
--------------------------------------------------
separating paper......
process carried out at separation unit ID: 1509713998
{ recyclable of type P dropped into box....}
Box has ID: 105751207
--------------------------------------------------
separating paper......
process carried out at separation unit ID: 1509713998
{ recyclable of type P dropped into box....}
Box has ID: 105751207
--------------------------------------------------
separating paper......
process carried out at separation unit ID: 1509713998
{ recyclable of type P dropped into box....}
Box has ID: 105751207
--------------------------------------------------
separating paper......
process carried out at separation unit ID: 1509713998
{ recyclable of type P dropped into box....}
Box has ID: 105751207
--------------------------------------------------
separating paper......
process carried out at separation unit ID: 1509713998
{ recyclable of type P dropped into box....}
Box has ID: 105751207
--------------------------------------------------
separating paper......
process carried out at separation unit ID: 1509713998
{ recyclable of type P dropped into box....}
Box has ID: 105751207
--------------------------------------------------
separating paper......
process carried out at separation unit ID: 1509713998
{ recyclable of type P dropped into box....}
Box has ID: 105751207
--------------------------------------------------
separating paper......
process carried out at separation unit ID: 1509713998
{ recyclable of type P dropped into box....}
Box has ID: 105751207
--------------------------------------------------
separating paper......
process carried out at separation unit ID: 1509713998
{ recyclable of type P dropped into box....}
Box has ID: 105751207
--------------------------------------------------
separating paper......
process carried out at separation unit ID: 1509713998
{ recyclable of type P dropped into box....}
Box has ID: 105751207
--------------------------------------------------
separating paper......
process carried out at separation unit ID: 1509713998
{ recyclable of type P dropped into box....}
Box has ID: 105751207
--------------------------------------------------
separating paper......
process carried out at separation unit ID: 1509713998
{ recyclable of type P dropped into box....}
Box has ID: 105751207
--------------------------------------------------
separating paper......
process carried out at separation unit ID: 1509713998
{ recyclable of type P dropped into box....}
Box has ID: 105751207
--------------------------------------------------
separating paper......
process carried out at separation unit ID: 1509713998
{ recyclable of type P dropped into box....}
Box has ID: 105751207
--------------------------------------------------
separating paper......
process carried out at separation unit ID: 1509713998
{ recyclable of type P dropped into box....}
Box has ID: 105751207
--------------------------------------------------
separating paper......
process carried out at separation unit ID: 1509713998
{ recyclable of type P dropped into box....}
Box has ID: 105751207
--------------------------------------------------
separating paper......
process carried out at separation unit ID: 1509713998
{ recyclable of type P dropped into box....}
Box has ID: 105751207
--------------------------------------------------
separating paper......
process carried out at separation unit ID: 1509713998
{ recyclable of type P dropped into box....}
Box has ID: 105751207
--------------------------------------------------
separating paper......
process carried out at separation unit ID: 1509713998
{ recyclable of type P dropped into box....}
Box has ID: 105751207
--------------------------------------------------
separating paper......
process carried out at separation unit ID: 1509713998
{ recyclable of type P dropped into box....}
Box has ID: 105751207
--------------------------------------------------
separating paper......
process carried out at separation unit ID: 1509713998
{ recyclable of type P dropped into box....}
Box has ID: 105751207
--------------------------------------------------
separating paper......
process carried out at separation unit ID: 1509713998
{ recyclable of type P dropped into box....}
Box has ID: 105751207
--------------------------------------------------
separating paper......
process carried out at separation unit ID: 1509713998
{ recyclable of type P dropped into box....}
Box has ID: 105751207
--------------------------------------------------
separating paper......
process carried out at separation unit ID: 1509713998
{ recyclable of type P dropped into box....}
Box has ID: 105751207
--------------------------------------------------
separating paper......
process carried out at separation unit ID: 1509713998
{ recyclable of type P dropped into box....}
Box has ID: 105751207
--------------------------------------------------
separating paper......
process carried out at separation unit ID: 1509713998
{ recyclable of type P dropped into box....}
Box has ID: 105751207
--------------------------------------------------
separating paper......
process carried out at separation unit ID: 1509713998
{ recyclable of type P dropped into box....}
Box has ID: 105751207
--------------------------------------------------
separating paper......
process carried out at separation unit ID: 1509713998
{ recyclable of type P dropped into box....}
Box has ID: 105751207
--------------------------------------------------
separating paper......
process carried out at separation unit ID: 1509713998
{ recyclable of type P dropped into box....}
Box has ID: 105751207
--------------------------------------------------
separating paper......
process carried out at separation unit ID: 1509713998
{ recyclable of type P dropped into box....}
Box has ID: 105751207
--------------------------------------------------
separating paper......
process carried out at separation unit ID: 1509713998
{ recyclable of type P dropped into box....}
Box has ID: 105751207
--------------------------------------------------
separating paper......
process carried out at separation unit ID: 1509713998
{ recyclable of type P dropped into box....}
Box has ID: 105751207
--------------------------------------------------
separating paper......
process carried out at separation unit ID: 1509713998
{ recyclable of type P dropped into box....}
Box has ID: 105751207
--------------------------------------------------
separating paper......
process carried out at separation unit ID: 1509713998
{ recyclable of type P dropped into box....}
Box has ID: 105751207
--------------------------------------------------
separating paper......
process carried out at separation unit ID: 1509713998
{ recyclable of type P dropped into box....}
Box has ID: 105751207
--------------------------------------------------
separating paper......
process carried out at separation unit ID: 1509713998
{ recyclable of type P dropped into box....}
Box has ID: 105751207
--------------------------------------------------
separating paper......
process carried out at separation unit ID: 1509713998
{ recyclable of type P dropped into box....}
Box has ID: 105751207
--------------------------------------------------
separating paper......
process carried out at separation unit ID: 1509713998
{ recyclable of type P dropped into box....}
Box has ID: 105751207
--------------------------------------------------
separating paper......
process carried out at separation unit ID: 1509713998
{ recyclable of type P dropped into box....}
Box has ID: 105751207
--------------------------------------------------
separating paper......
process carried out at separation unit ID: 1509713998
{ recyclable of type P dropped into box....}
Box has ID: 105751207
--------------------------------------------------
separating paper......
process carried out at separation unit ID: 1509713998
{ recyclable of type P dropped into box....}
Box has ID: 105751207
--------------------------------------------------
separating paper......
process carried out at separation unit ID: 1509713998
{ recyclable of type P dropped into box....}
Box has ID: 105751207
--------------------------------------------------
separating paper......
process carried out at separation unit ID: 1509713998
{ recyclable of type P dropped into box....}
Box has ID: 105751207
--------------------------------------------------
separating paper......
process carried out at separation unit ID: 1509713998
{ recyclable of type P dropped into box....}
Box has ID: 105751207
--------------------------------------------------
separating paper......
process carried out at separation unit ID: 1509713998
{ recyclable of type P dropped into box....}
Box has ID: 105751207
--------------------------------------------------
separating paper......
process carried out at separation unit ID: 1509713998
{ recyclable of type P dropped into box....}
Box has ID: 105751207
--------------------------------------------------
separating paper......
process carried out at separation unit ID: 1509713998
{ recyclable of type P dropped into box....}
Box has ID: 105751207
--------------------------------------------------
separating paper......
process carried out at separation unit ID: 1509713998
{ recyclable of type P dropped into box....}
Box has ID: 105751207
--------------------------------------------------
separating paper......
process carried out at separation unit ID: 1509713998
{ recyclable of type P dropped into box....}
Box has ID: 105751207
--------------------------------------------------
separating paper......
process carried out at separation unit ID: 1509713998
{ recyclable of type P dropped into box....}
Box has ID: 105751207
--------------------------------------------------
separating paper......
process carried out at separation unit ID: 1509713998
{ recyclable of type P dropped into box....}
Box has ID: 105751207
--------------------------------------------------
separating paper......
process carried out at separation unit ID: 1509713998
{ recyclable of type P dropped into box....}
Box has ID: 105751207
--------------------------------------------------
separating paper......
process carried out at separation unit ID: 1509713998
{ recyclable of type P dropped into box....}
Box has ID: 105751207
--------------------------------------------------
separating paper......
process carried out at separation unit ID: 1509713998
{ recyclable of type P dropped into box....}
Box has ID: 105751207
--------------------------------------------------
separating paper......
process carried out at separation unit ID: 1509713998
{ recyclable of type P dropped into box....}
Box has ID: 105751207
--------------------------------------------------
separating paper......
process carried out at separation unit ID: 1509713998
{ recyclable of type P dropped into box....}
Box has ID: 105751207
--------------------------------------------------
separating paper......
process carried out at separation unit ID: 1509713998
{ recyclable of type P dropped into box....}
Box has ID: 105751207
--------------------------------------------------
separating paper......
process carried out at separation unit ID: 1509713998
{ recyclable of type P dropped into box....}
Box has ID: 105751207
--------------------------------------------------
separating paper......
process carried out at separation unit ID: 1509713998
{ recyclable of type P dropped into box....}
Box has ID: 105751207
--------------------------------------------------
separating paper......
process carried out at separation unit ID: 1509713998
{ recyclable of type P dropped into box....}
Box has ID: 105751207
--------------------------------------------------
separating paper......
process carried out at separation unit ID: 1509713998
{ recyclable of type P dropped into box....}
Box has ID: 105751207
--------------------------------------------------
separating paper......
process carried out at separation unit ID: 1509713998
{ recyclable of type P dropped into box....}
Box has ID: 105751207
--------------------------------------------------
separating paper......
process carried out at separation unit ID: 1509713998
{ recyclable of type P dropped into box....}
Box has ID: 105751207
--------------------------------------------------
separating paper......
process carried out at separation unit ID: 1509713998
{ recyclable of type P dropped into box....}
Box has ID: 105751207
--------------------------------------------------
separating paper......
process carried out at separation unit ID: 1509713998
{ recyclable of type P dropped into box....}
Box has ID: 105751207
--------------------------------------------------
separating paper......
process carried out at separation unit ID: 1509713998
{ recyclable of type P dropped into box....}
Box has ID: 105751207
--------------------------------------------------
separating paper......
process carried out at separation unit ID: 1509713998
{ recyclable of type P dropped into box....}
Box has ID: 105751207
--------------------------------------------------
separating paper......
process carried out at separation unit ID: 1509713998
{ recyclable of type P dropped into box....}
Box has ID: 105751207
--------------------------------------------------
separating paper......
process carried out at separation unit ID: 1509713998
{ recyclable of type P dropped into box....}
Box has ID: 105751207
--------------------------------------------------
separating paper......
process carried out at separation unit ID: 1509713998
{ recyclable of type P dropped into box....}
Box has ID: 105751207
--------------------------------------------------
separating paper......
process carried out at separation unit ID: 1509713998
{ recyclable of type P dropped into box....}
Box has ID: 105751207
--------------------------------------------------
separating paper......
process carried out at separation unit ID: 1509713998
{ recyclable of type P dropped into box....}
Box has ID: 105751207
--------------------------------------------------
separating paper......
process carried out at separation unit ID: 1509713998
{ recyclable of type P dropped into box....}
Box has ID: 105751207
--------------------------------------------------
separating paper......
process carried out at separation unit ID: 1509713998
{ recyclable of type P dropped into box....}
Box has ID: 105751207
--------------------------------------------------
separating paper......
process carried out at separation unit ID: 1509713998
{ recyclable of type P dropped into box....}
Box has ID: 105751207
--------------------------------------------------
separating paper......
process carried out at separation unit ID: 1509713998
{ recyclable of type P dropped into box....}
Box has ID: 105751207
--------------------------------------------------
separating paper......
process carried out at separation unit ID: 1509713998
{ recyclable of type P dropped into box....}
Box has ID: 105751207
--------------------------------------------------
separating paper......
process carried out at separation unit ID: 1509713998
{ recyclable of type P dropped into box....}
Box has ID: 105751207
--------------------------------------------------
separating paper......
process carried out at separation unit ID: 1509713998
{ recyclable of type P dropped into box....}
Box has ID: 105751207
--------------------------------------------------
separating paper......
process carried out at separation unit ID: 1509713998
{ recyclable of type P dropped into box....}
Box has ID: 105751207
--------------------------------------------------
separating paper......
process carried out at separation unit ID: 1509713998
{ recyclable of type P dropped into box....}
Box has ID: 105751207
--------------------------------------------------
separating paper......
process carried out at separation unit ID: 1509713998
{ recyclable of type P dropped into box....}
Box has ID: 105751207
--------------------------------------------------
separating paper......
process carried out at separation unit ID: 1509713998
{ recyclable of type P dropped into box....}
Box has ID: 105751207
--------------------------------------------------
separating paper......
process carried out at separation unit ID: 1509713998
{ recyclable of type P dropped into box....}
Box has ID: 105751207
--------------------------------------------------
separating paper......
process carried out at separation unit ID: 1509713998
{ recyclable of type P dropped into box....}
Box has ID: 105751207
--------------------------------------------------
separating paper......
process carried out at separation unit ID: 1509713998
{ recyclable of type P dropped into box....}
Box has ID: 105751207
--------------------------------------------------
separating paper......
process carried out at separation unit ID: 1509713998
{ recyclable of type P dropped into box....}
Box has ID: 105751207
--------------------------------------------------
separating paper......
process carried out at separation unit ID: 1509713998
{ recyclable of type P dropped into box....}
Box has ID: 105751207
--------------------------------------------------
separating paper......
process carried out at separation unit ID: 1509713998
{ recyclable of type P dropped into box....}
Box has ID: 105751207
--------------------------------------------------
separating paper......
process carried out at separation unit ID: 1509713998
{ recyclable of type P dropped into box....}
Box has ID: 105751207
--------------------------------------------------
separating paper......
process carried out at separation unit ID: 1509713998
{ recyclable of type P dropped into box....}
Box has ID: 105751207
--------------------------------------------------
separating paper......
process carried out at separation unit ID: 1509713998
{ recyclable of type P dropped into box....}
Box has ID: 105751207
--------------------------------------------------
separating paper......
process carried out at separation unit ID: 1509713998
{ recyclable of type P dropped into box....}
Box has ID: 105751207
--------------------------------------------------
separating paper......
process carried out at separation unit ID: 1509713998
{ recyclable of type P dropped into box....}
Box has ID: 105751207
--------------------------------------------------
separating paper......
process carried out at separation unit ID: 1509713998
{ recyclable of type P dropped into box....}
Box has ID: 105751207
--------------------------------------------------
separating paper......
process carried out at separation unit ID: 1509713998
{ recyclable of type P dropped into box....}
Box has ID: 105751207
--------------------------------------------------
separating paper......
process carried out at separation unit ID: 1509713998
{ recyclable of type P dropped into box....}
Box has ID: 105751207
--------------------------------------------------
separating paper......
process carried out at separation unit ID: 1509713998
{ recyclable of type P dropped into box....}
Box has ID: 105751207
--------------------------------------------------
separating paper......
process carried out at separation unit ID: 1509713998
{ recyclable of type P dropped into box....}
Box has ID: 105751207
--------------------------------------------------
separating paper......
process carried out at separation unit ID: 1509713998
{ recyclable of type P dropped into box....}
Box has ID: 105751207
--------------------------------------------------
separating paper......
process carried out at separation unit ID: 1509713998
{ recyclable of type P dropped into box....}
Box has ID: 105751207
--------------------------------------------------
separating paper......
process carried out at separation unit ID: 1509713998
{ recyclable of type P dropped into box....}
Box has ID: 105751207
--------------------------------------------------
separating paper......
process carried out at separation unit ID: 1509713998
{ recyclable of type P dropped into box....}
Box has ID: 105751207
--------------------------------------------------
separating paper......
process carried out at separation unit ID: 1509713998
{ recyclable of type P dropped into box....}
Box has ID: 105751207
--------------------------------------------------
separating paper......
process carried out at separation unit ID: 1509713998
{ recyclable of type P dropped into box....}
Box has ID: 105751207
--------------------------------------------------
separating paper......
process carried out at separation unit ID: 1509713998
{ recyclable of type P dropped into box....}
Box has ID: 105751207
--------------------------------------------------
separating paper......
process carried out at separation unit ID: 1509713998
{ recyclable of type P dropped into box....}
Box has ID: 105751207
--------------------------------------------------
separating paper......
process carried out at separation unit ID: 1509713998
{ recyclable of type P dropped into box....}
Box has ID: 105751207
--------------------------------------------------
separating paper......
process carried out at separation unit ID: 1509713998
{ recyclable of type P dropped into box....}
Box has ID: 105751207
--------------------------------------------------
separating paper......
process carried out at separation unit ID: 1509713998
{ recyclable of type P dropped into box....}
Box has ID: 105751207
--------------------------------------------------
separating paper......
process carried out at separation unit ID: 1509713998
{ recyclable of type P dropped into box....}
Box has ID: 105751207
--------------------------------------------------
separating paper......
process carried out at separation unit ID: 1509713998
{ recyclable of type P dropped into box....}
Box has ID: 105751207
--------------------------------------------------
separating paper......
process carried out at separation unit ID: 1509713998
{ recyclable of type P dropped into box....}
Box has ID: 105751207
--------------------------------------------------
separating paper......
process carried out at separation unit ID: 1509713998
{ recyclable of type P dropped into box....}
Box has ID: 105751207
--------------------------------------------------
separating paper......
process carried out at separation unit ID: 1509713998
{ recyclable of type P dropped into box....}
Box has ID: 105751207
--------------------------------------------------
separating paper......
process carried out at separation unit ID: 1509713998
{ recyclable of type P dropped into box....}
Box has ID: 105751207
--------------------------------------------------
separating paper......
process carried out at separation unit ID: 1509713998
{ recyclable of type P dropped into box....}
Box has ID: 105751207
--------------------------------------------------
separating paper......
process carried out at separation unit ID: 1509713998
{ recyclable of type P dropped into box....}
Box has ID: 105751207
--------------------------------------------------
separating paper......
process carried out at separation unit ID: 1509713998
{ recyclable of type P dropped into box....}
Box has ID: 105751207
--------------------------------------------------
separating paper......
process carried out at separation unit ID: 1509713998
{ recyclable of type P dropped into box....}
Box has ID: 105751207
--------------------------------------------------
separating paper......
process carried out at separation unit ID: 1509713998
{ recyclable of type P dropped into box....}
Box has ID: 105751207
--------------------------------------------------
separating paper......
process carried out at separation unit ID: 1509713998
{ recyclable of type P dropped into box....}
Box has ID: 105751207
--------------------------------------------------
separating paper......
process carried out at separation unit ID: 1509713998
{ recyclable of type P dropped into box....}
Box has ID: 105751207
--------------------------------------------------
separating paper......
process carried out at separation unit ID: 1509713998
{ recyclable of type P dropped into box....}
Box has ID: 105751207
--------------------------------------------------
separating paper......
process carried out at separation unit ID: 1509713998
{ recyclable of type P dropped into box....}
Box has ID: 105751207
--------------------------------------------------
separating paper......
process carried out at separation unit ID: 1509713998
{ recyclable of type P dropped into box....}
Box has ID: 105751207
--------------------------------------------------
separating paper......
process carried out at separation unit ID: 1509713998
{ recyclable of type P dropped into box....}
Box has ID: 105751207
--------------------------------------------------
separating paper......
process carried out at separation unit ID: 1509713998
{ recyclable of type P dropped into box....}
Box has ID: 105751207
--------------------------------------------------
separating paper......
process carried out at separation unit ID: 1509713998
{ recyclable of type P dropped into box....}
Box has ID: 105751207
--------------------------------------------------
separating paper......
process carried out at separation unit ID: 1509713998
{ recyclable of type P dropped into box....}
Box has ID: 105751207
--------------------------------------------------
separating paper......
process carried out at separation unit ID: 1509713998
{ recyclable of type P dropped into box....}
Box has ID: 105751207
--------------------------------------------------
separating paper......
process carried out at separation unit ID: 1509713998
{ recyclable of type P dropped into box....}
Box has ID: 105751207
--------------------------------------------------
separating paper......
process carried out at separation unit ID: 1509713998
{ recyclable of type P dropped into box....}
Box has ID: 105751207
--------------------------------------------------
separating paper......
process carried out at separation unit ID: 1509713998
{ recyclable of type P dropped into box....}
Box has ID: 105751207
--------------------------------------------------
separating paper......
process carried out at separation unit ID: 1509713998
{ recyclable of type P dropped into box....}
Box has ID: 105751207
--------------------------------------------------
separating paper......
process carried out at separation unit ID: 1509713998
{ recyclable of type P dropped into box....}
Box has ID: 105751207
--------------------------------------------------
separating paper......
process carried out at separation unit ID: 1509713998
{ recyclable of type P dropped into box....}
Box has ID: 105751207
--------------------------------------------------
separating paper......
process carried out at separation unit ID: 1509713998
{ recyclable of type P dropped into box....}
Box has ID: 105751207
--------------------------------------------------
separating paper......
process carried out at separation unit ID: 1509713998
{ recyclable of type P dropped into box....}
Box has ID: 105751207
--------------------------------------------------
separating paper......
process carried out at separation unit ID: 1509713998
{ recyclable of type P dropped into box....}
Box has ID: 105751207
--------------------------------------------------
separating paper......
process carried out at separation unit ID: 1509713998
{ recyclable of type P dropped into box....}
Box has ID: 105751207
--------------------------------------------------
separating paper......
process carried out at separation unit ID: 1509713998
{ recyclable of type P dropped into box....}
Box has ID: 105751207
--------------------------------------------------
separating paper......
process carried out at separation unit ID: 1509713998
{ recyclable of type P dropped into box....}
Box has ID: 105751207
--------------------------------------------------
separating paper......
process carried out at separation unit ID: 1509713998
{ recyclable of type P dropped into box....}
Box has ID: 105751207
--------------------------------------------------
separating paper......
process carried out at separation unit ID: 1509713998
{ recyclable of type P dropped into box....}
Box has ID: 105751207
--------------------------------------------------
separating paper......
process carried out at separation unit ID: 1509713998
{ recyclable of type P dropped into box....}
Box has ID: 105751207
--------------------------------------------------
separating paper......
process carried out at separation unit ID: 1509713998
{ recyclable of type P dropped into box....}
Box has ID: 105751207
--------------------------------------------------
separating paper......
process carried out at separation unit ID: 1509713998
{ recyclable of type P dropped into box....}
Box has ID: 105751207
--------------------------------------------------
separating paper......
process carried out at separation unit ID: 1509713998
{ recyclable of type P dropped into box....}
Box has ID: 105751207
--------------------------------------------------
separating paper......
process carried out at separation unit ID: 1509713998
{ recyclable of type P dropped into box....}
Box has ID: 105751207
--------------------------------------------------
separating paper......
process carried out at separation unit ID: 1509713998
{ recyclable of type P dropped into box....}
Box has ID: 105751207
--------------------------------------------------
separating paper......
process carried out at separation unit ID: 1509713998
{ recyclable of type P dropped into box....}
Box has ID: 105751207
--------------------------------------------------
separating paper......
process carried out at separation unit ID: 1509713998
{ recyclable of type P dropped into box....}
Box has ID: 105751207
--------------------------------------------------
separating paper......
process carried out at separation unit ID: 1509713998
{ recyclable of type P dropped into box....}
Box has ID: 105751207
--------------------------------------------------
separating paper......
process carried out at separation unit ID: 1509713998
{ recyclable of type P dropped into box....}
Box has ID: 105751207
--------------------------------------------------
separating paper......
process carried out at separation unit ID: 1509713998
{ recyclable of type P dropped into box....}
Box has ID: 105751207
--------------------------------------------------
separating paper......
process carried out at separation unit ID: 1509713998
{ recyclable of type P dropped into box....}
Box has ID: 105751207
--------------------------------------------------
separating paper......
process carried out at separation unit ID: 1509713998
{ recyclable of type P dropped into box....}
Box has ID: 105751207
--------------------------------------------------
separating paper......
process carried out at separation unit ID: 1509713998
{ recyclable of type P dropped into box....}
Box has ID: 105751207
--------------------------------------------------
separating paper......
process carried out at separation unit ID: 1509713998
{ recyclable of type P dropped into box....}
Box has ID: 105751207
--------------------------------------------------
separating paper......
process carried out at separation unit ID: 1509713998
{ recyclable of type P dropped into box....}
Box has ID: 105751207
--------------------------------------------------
separating paper......
process carried out at separation unit ID: 1509713998
{ recyclable of type P dropped into box....}
Box has ID: 105751207
--------------------------------------------------
separating paper......
process carried out at separation unit ID: 1509713998
{ recyclable of type P dropped into box....}
Box has ID: 105751207
--------------------------------------------------
separating paper......
process carried out at separation unit ID: 1509713998
{ recyclable of type P dropped into box....}
Box has ID: 105751207
--------------------------------------------------
separating paper......
process carried out at separation unit ID: 1509713998
{ recyclable of type P dropped into box....}
Box has ID: 105751207
--------------------------------------------------
separating paper......
process carried out at separation unit ID: 1509713998
{ recyclable of type P dropped into box....}
Box has ID: 105751207
--------------------------------------------------
separating paper......
process carried out at separation unit ID: 1509713998
{ recyclable of type P dropped into box....}
Box has ID: 105751207
--------------------------------------------------
separating paper......
process carried out at separation unit ID: 1509713998
{ recyclable of type P dropped into box....}
Box has ID: 105751207
--------------------------------------------------
separating paper......
process carried out at separation unit ID: 1509713998
{ recyclable of type P dropped into box....}
Box has ID: 105751207
--------------------------------------------------
separating paper......
process carried out at separation unit ID: 1509713998
{ recyclable of type P dropped into box....}
Box has ID: 105751207
--------------------------------------------------
separating paper......
process carried out at separation unit ID: 1509713998
{ recyclable of type P dropped into box....}
Box has ID: 105751207
--------------------------------------------------
separating paper......
process carried out at separation unit ID: 1509713998
{ recyclable of type P dropped into box....}
Box has ID: 105751207
--------------------------------------------------
separating paper......
process carried out at separation unit ID: 1509713998
{ recyclable of type P dropped into box....}
Box has ID: 105751207
--------------------------------------------------
separating paper......
process carried out at separation unit ID: 1509713998
{ recyclable of type P dropped into box....}
Box has ID: 105751207
--------------------------------------------------
separating paper......
process carried out at separation unit ID: 1509713998
{ recyclable of type P dropped into box....}
Box has ID: 105751207
--------------------------------------------------
separating paper......
process carried out at separation unit ID: 1509713998
{ recyclable of type P dropped into box....}
Box has ID: 105751207
--------------------------------------------------
separating paper......
process carried out at separation unit ID: 1509713998
{ recyclable of type P dropped into box....}
Box has ID: 105751207
--------------------------------------------------
separating paper......
process carried out at separation unit ID: 1509713998
{ recyclable of type P dropped into box....}
Box has ID: 105751207
--------------------------------------------------
separating paper......
process carried out at separation unit ID: 1509713998
{ recyclable of type P dropped into box....}
Box has ID: 105751207
--------------------------------------------------
separating paper......
process carried out at separation unit ID: 1509713998
{ recyclable of type P dropped into box....}
Box has ID: 105751207
--------------------------------------------------
separating paper......
process carried out at separation unit ID: 1509713998
{ recyclable of type P dropped into box....}
Box has ID: 105751207
--------------------------------------------------
separating paper......
process carried out at separation unit ID: 1509713998
{ recyclable of type P dropped into box....}
Box has ID: 105751207
--------------------------------------------------
separating paper......
process carried out at separation unit ID: 1509713998
{ recyclable of type P dropped into box....}
Box has ID: 105751207
--------------------------------------------------
separating paper......
process carried out at separation unit ID: 1509713998
{ recyclable of type P dropped into box....}
Box has ID: 105751207
--------------------------------------------------
separating paper......
process carried out at separation unit ID: 1509713998
{ recyclable of type P dropped into box....}
Box has ID: 105751207
--------------------------------------------------
separating paper......
process carried out at separation unit ID: 1509713998
{ recyclable of type P dropped into box....}
Box has ID: 105751207
--------------------------------------------------
separating paper......
process carried out at separation unit ID: 1509713998
{ recyclable of type P dropped into box....}
Box has ID: 105751207
--------------------------------------------------
separating paper......
process carried out at separation unit ID: 1509713998
{ recyclable of type P dropped into box....}
Box has ID: 105751207
--------------------------------------------------
separating paper......
process carried out at separation unit ID: 1509713998
{ recyclable of type P dropped into box....}
Box has ID: 105751207
--------------------------------------------------
separating paper......
process carried out at separation unit ID: 1509713998
{ recyclable of type P dropped into box....}
Box has ID: 105751207
--------------------------------------------------
separating paper......
process carried out at separation unit ID: 1509713998
{ recyclable of type P dropped into box....}
Box has ID: 105751207
--------------------------------------------------
separating paper......
process carried out at separation unit ID: 1509713998
{ recyclable of type P dropped into box....}
Box has ID: 105751207
--------------------------------------------------
separating paper......
process carried out at separation unit ID: 1509713998
{ recyclable of type P dropped into box....}
Box has ID: 105751207
--------------------------------------------------
separating paper......
process carried out at separation unit ID: 1509713998
{ recyclable of type P dropped into box....}
Box has ID: 105751207
--------------------------------------------------
separating paper......
process carried out at separation unit ID: 1509713998
{ recyclable of type P dropped into box....}
Box has ID: 105751207
--------------------------------------------------
separating paper......
process carried out at separation unit ID: 1509713998
{ recyclable of type P dropped into box....}
Box has ID: 105751207
--------------------------------------------------
separating paper......
process carried out at separation unit ID: 1509713998
{ recyclable of type P dropped into box....}
Box has ID: 105751207
--------------------------------------------------
separating paper......
process carried out at separation unit ID: 1509713998
{ recyclable of type P dropped into box....}
Box has ID: 105751207
--------------------------------------------------
separating paper......
process carried out at separation unit ID: 1509713998
{ recyclable of type P dropped into box....}
Box has ID: 105751207
--------------------------------------------------
separating paper......
process carried out at separation unit ID: 1509713998
{ recyclable of type P dropped into box....}
Box has ID: 105751207
--------------------------------------------------
separating paper......
process carried out at separation unit ID: 1509713998
{ recyclable of type P dropped into box....}
Box has ID: 105751207
--------------------------------------------------
separating paper......
process carried out at separation unit ID: 1509713998
{ recyclable of type P dropped into box....}
Box has ID: 105751207
--------------------------------------------------
separating paper......
process carried out at separation unit ID: 1509713998
{ recyclable of type P dropped into box....}
Box has ID: 105751207
--------------------------------------------------
separating paper......
process carried out at separation unit ID: 1509713998
{ recyclable of type P dropped into box....}
Box has ID: 105751207
--------------------------------------------------
separating paper......
process carried out at separation unit ID: 1509713998
{ recyclable of type P dropped into box....}
Box has ID: 105751207
--------------------------------------------------
separating paper......
process carried out at separation unit ID: 1509713998
{ recyclable of type P dropped into box....}
Box has ID: 105751207
--------------------------------------------------
-----------------------------------------------------------------------------------
-----------------------------------------------------------------------------------
ALARM !!!!!!! BOX with ID 105751207 is full.....
-----------------------------------------------------------------------------------
-----------------------------------------------------------------------------------
box capacity: 1000
worker replaced filled box with ID: 105751207 , with a new box with ID: 619929778 at process unit: 1509713998

separating paper......
process carried out at separation unit ID: 1509713998
{ recyclable of type P dropped into box....}
Box has ID: 619929778
--------------------------------------------------
separating paper......
process carried out at separation unit ID: 1509713998
{ recyclable of type P dropped into box....}
Box has ID: 619929778
--------------------------------------------------
separating paper......
process carried out at separation unit ID: 1509713998
{ recyclable of type P dropped into box....}
Box has ID: 619929778
--------------------------------------------------
separating paper......
process carried out at separation unit ID: 1509713998
{ recyclable of type P dropped into box....}
Box has ID: 619929778
--------------------------------------------------
separating paper......
process carried out at separation unit ID: 1509713998
{ recyclable of type P dropped into box....}
Box has ID: 619929778
--------------------------------------------------
separating paper......
process carried out at separation unit ID: 1509713998
{ recyclable of type P dropped into box....}
Box has ID: 619929778
--------------------------------------------------
separating paper......
process carried out at separation unit ID: 1509713998
{ recyclable of type P dropped into box....}
Box has ID: 619929778
--------------------------------------------------
separating paper......
process carried out at separation unit ID: 1509713998
{ recyclable of type P dropped into box....}
Box has ID: 619929778
--------------------------------------------------
separating paper......
process carried out at separation unit ID: 1509713998
{ recyclable of type P dropped into box....}
Box has ID: 619929778
--------------------------------------------------
separating paper......
process carried out at separation unit ID: 1509713998
{ recyclable of type P dropped into box....}
Box has ID: 619929778
--------------------------------------------------
separating paper......
process carried out at separation unit ID: 1509713998
{ recyclable of type P dropped into box....}
Box has ID: 619929778
--------------------------------------------------
separating paper......
process carried out at separation unit ID: 1509713998
{ recyclable of type P dropped into box....}
Box has ID: 619929778
--------------------------------------------------
separating paper......
process carried out at separation unit ID: 1509713998
{ recyclable of type P dropped into box....}
Box has ID: 619929778
--------------------------------------------------
separating paper......
process carried out at separation unit ID: 1509713998
{ recyclable of type P dropped into box....}
Box has ID: 619929778
--------------------------------------------------
separating paper......
process carried out at separation unit ID: 1509713998
{ recyclable of type P dropped into box....}
Box has ID: 619929778
--------------------------------------------------
separating paper......
process carried out at separation unit ID: 1509713998
{ recyclable of type P dropped into box....}
Box has ID: 619929778
--------------------------------------------------
separating paper......
process carried out at separation unit ID: 1509713998
{ recyclable of type P dropped into box....}
Box has ID: 619929778
--------------------------------------------------
separating paper......
process carried out at separation unit ID: 1509713998
{ recyclable of type P dropped into box....}
Box has ID: 619929778
--------------------------------------------------
separating paper......
process carried out at separation unit ID: 1509713998
{ recyclable of type P dropped into box....}
Box has ID: 619929778
--------------------------------------------------
separating paper......
process carried out at separation unit ID: 1509713998
{ recyclable of type P dropped into box....}
Box has ID: 619929778
--------------------------------------------------
separating paper......
process carried out at separation unit ID: 1509713998
{ recyclable of type P dropped into box....}
Box has ID: 619929778
--------------------------------------------------
separating paper......
process carried out at separation unit ID: 1509713998
{ recyclable of type P dropped into box....}
Box has ID: 619929778
--------------------------------------------------
separating paper......
process carried out at separation unit ID: 1509713998
{ recyclable of type P dropped into box....}
Box has ID: 619929778
--------------------------------------------------
separating paper......
process carried out at separation unit ID: 1509713998
{ recyclable of type P dropped into box....}
Box has ID: 619929778
--------------------------------------------------
separating paper......
process carried out at separation unit ID: 1509713998
{ recyclable of type P dropped into box....}
Box has ID: 619929778
--------------------------------------------------
separating paper......
process carried out at separation unit ID: 1509713998
{ recyclable of type P dropped into box....}
Box has ID: 619929778
--------------------------------------------------
separating paper......
process carried out at separation unit ID: 1509713998
{ recyclable of type P dropped into box....}
Box has ID: 619929778
--------------------------------------------------
separating paper......
process carried out at separation unit ID: 1509713998
{ recyclable of type P dropped into box....}
Box has ID: 619929778
--------------------------------------------------
separating paper......
process carried out at separation unit ID: 1509713998
{ recyclable of type P dropped into box....}
Box has ID: 619929778
--------------------------------------------------
separating paper......
process carried out at separation unit ID: 1509713998
{ recyclable of type P dropped into box....}
Box has ID: 619929778
--------------------------------------------------
separating paper......
process carried out at separation unit ID: 1509713998
{ recyclable of type P dropped into box....}
Box has ID: 619929778
--------------------------------------------------
separating paper......
process carried out at separation unit ID: 1509713998
{ recyclable of type P dropped into box....}
Box has ID: 619929778
--------------------------------------------------
separating paper......
process carried out at separation unit ID: 1509713998
{ recyclable of type P dropped into box....}
Box has ID: 619929778
--------------------------------------------------
separating paper......
process carried out at separation unit ID: 1509713998
{ recyclable of type P dropped into box....}
Box has ID: 619929778
--------------------------------------------------
separating paper......
process carried out at separation unit ID: 1509713998
{ recyclable of type P dropped into box....}
Box has ID: 619929778
--------------------------------------------------
separating paper......
process carried out at separation unit ID: 1509713998
{ recyclable of type P dropped into box....}
Box has ID: 619929778
--------------------------------------------------
separating paper......
process carried out at separation unit ID: 1509713998
{ recyclable of type P dropped into box....}
Box has ID: 619929778
--------------------------------------------------
separating paper......
process carried out at separation unit ID: 1509713998
{ recyclable of type P dropped into box....}
Box has ID: 619929778
--------------------------------------------------
separating paper......
process carried out at separation unit ID: 1509713998
{ recyclable of type P dropped into box....}
Box has ID: 619929778
--------------------------------------------------
separating paper......
process carried out at separation unit ID: 1509713998
{ recyclable of type P dropped into box....}
Box has ID: 619929778
--------------------------------------------------
separating paper......
process carried out at separation unit ID: 1509713998
{ recyclable of type P dropped into box....}
Box has ID: 619929778
--------------------------------------------------
separating paper......
process carried out at separation unit ID: 1509713998
{ recyclable of type P dropped into box....}
Box has ID: 619929778
--------------------------------------------------
separating paper......
process carried out at separation unit ID: 1509713998
{ recyclable of type P dropped into box....}
Box has ID: 619929778
--------------------------------------------------
separating paper......
process carried out at separation unit ID: 1509713998
{ recyclable of type P dropped into box....}
Box has ID: 619929778
--------------------------------------------------
separating paper......
process carried out at separation unit ID: 1509713998
{ recyclable of type P dropped into box....}
Box has ID: 619929778
--------------------------------------------------
separating paper......
process carried out at separation unit ID: 1509713998
{ recyclable of type P dropped into box....}
Box has ID: 619929778
--------------------------------------------------
separating paper......
process carried out at separation unit ID: 1509713998
{ recyclable of type P dropped into box....}
Box has ID: 619929778
--------------------------------------------------
separating paper......
process carried out at separation unit ID: 1509713998
{ recyclable of type P dropped into box....}
Box has ID: 619929778
--------------------------------------------------
separating paper......
process carried out at separation unit ID: 1509713998
{ recyclable of type P dropped into box....}
Box has ID: 619929778
--------------------------------------------------
separating paper......
process carried out at separation unit ID: 1509713998
{ recyclable of type P dropped into box....}
Box has ID: 619929778
--------------------------------------------------
separating paper......
process carried out at separation unit ID: 1509713998
{ recyclable of type P dropped into box....}
Box has ID: 619929778
--------------------------------------------------
separating paper......
process carried out at separation unit ID: 1509713998
{ recyclable of type P dropped into box....}
Box has ID: 619929778
--------------------------------------------------
separating paper......
process carried out at separation unit ID: 1509713998
{ recyclable of type P dropped into box....}
Box has ID: 619929778
--------------------------------------------------
separating paper......
process carried out at separation unit ID: 1509713998
{ recyclable of type P dropped into box....}
Box has ID: 619929778
--------------------------------------------------
separating paper......
process carried out at separation unit ID: 1509713998
{ recyclable of type P dropped into box....}
Box has ID: 619929778
--------------------------------------------------
separating paper......
process carried out at separation unit ID: 1509713998
{ recyclable of type P dropped into box....}
Box has ID: 619929778
--------------------------------------------------
separating paper......
process carried out at separation unit ID: 1509713998
{ recyclable of type P dropped into box....}
Box has ID: 619929778
--------------------------------------------------
separating paper......
process carried out at separation unit ID: 1509713998
{ recyclable of type P dropped into box....}
Box has ID: 619929778
--------------------------------------------------
separating paper......
process carried out at separation unit ID: 1509713998
{ recyclable of type P dropped into box....}
Box has ID: 619929778
--------------------------------------------------
separating paper......
process carried out at separation unit ID: 1509713998
{ recyclable of type P dropped into box....}
Box has ID: 619929778
--------------------------------------------------
separating paper......
process carried out at separation unit ID: 1509713998
{ recyclable of type P dropped into box....}
Box has ID: 619929778
--------------------------------------------------
separating paper......
process carried out at separation unit ID: 1509713998
{ recyclable of type P dropped into box....}
Box has ID: 619929778
--------------------------------------------------
separating paper......
process carried out at separation unit ID: 1509713998
{ recyclable of type P dropped into box....}
Box has ID: 619929778
--------------------------------------------------
separating paper......
process carried out at separation unit ID: 1509713998
{ recyclable of type P dropped into box....}
Box has ID: 619929778
--------------------------------------------------
separating paper......
process carried out at separation unit ID: 1509713998
{ recyclable of type P dropped into box....}
Box has ID: 619929778
--------------------------------------------------
separating paper......
process carried out at separation unit ID: 1509713998
{ recyclable of type P dropped into box....}
Box has ID: 619929778
--------------------------------------------------
separating paper......
process carried out at separation unit ID: 1509713998
{ recyclable of type P dropped into box....}
Box has ID: 619929778
--------------------------------------------------
separating paper......
process carried out at separation unit ID: 1509713998
{ recyclable of type P dropped into box....}
Box has ID: 619929778
--------------------------------------------------
separating paper......
process carried out at separation unit ID: 1509713998
{ recyclable of type P dropped into box....}
Box has ID: 619929778
--------------------------------------------------
separating paper......
process carried out at separation unit ID: 1509713998
{ recyclable of type P dropped into box....}
Box has ID: 619929778
--------------------------------------------------
separating paper......
process carried out at separation unit ID: 1509713998
{ recyclable of type P dropped into box....}
Box has ID: 619929778
--------------------------------------------------
separating paper......
process carried out at separation unit ID: 1509713998
{ recyclable of type P dropped into box....}
Box has ID: 619929778
--------------------------------------------------
separating paper......
process carried out at separation unit ID: 1509713998
{ recyclable of type P dropped into box....}
Box has ID: 619929778
--------------------------------------------------
separating paper......
process carried out at separation unit ID: 1509713998
{ recyclable of type P dropped into box....}
Box has ID: 619929778
--------------------------------------------------
separating paper......
process carried out at separation unit ID: 1509713998
{ recyclable of type P dropped into box....}
Box has ID: 619929778
--------------------------------------------------
separating paper......
process carried out at separation unit ID: 1509713998
{ recyclable of type P dropped into box....}
Box has ID: 619929778
--------------------------------------------------
separating paper......
process carried out at separation unit ID: 1509713998
{ recyclable of type P dropped into box....}
Box has ID: 619929778
--------------------------------------------------
separating paper......
process carried out at separation unit ID: 1509713998
{ recyclable of type P dropped into box....}
Box has ID: 619929778
--------------------------------------------------
separating paper......
process carried out at separation unit ID: 1509713998
{ recyclable of type P dropped into box....}
Box has ID: 619929778
--------------------------------------------------
separating paper......
process carried out at separation unit ID: 1509713998
{ recyclable of type P dropped into box....}
Box has ID: 619929778
--------------------------------------------------
separating paper......
process carried out at separation unit ID: 1509713998
{ recyclable of type P dropped into box....}
Box has ID: 619929778
--------------------------------------------------
separating paper......
process carried out at separation unit ID: 1509713998
{ recyclable of type P dropped into box....}
Box has ID: 619929778
--------------------------------------------------
separating paper......
process carried out at separation unit ID: 1509713998
{ recyclable of type P dropped into box....}
Box has ID: 619929778
--------------------------------------------------
separating paper......
process carried out at separation unit ID: 1509713998
{ recyclable of type P dropped into box....}
Box has ID: 619929778
--------------------------------------------------
separating paper......
process carried out at separation unit ID: 1509713998
{ recyclable of type P dropped into box....}
Box has ID: 619929778
--------------------------------------------------
separating paper......
process carried out at separation unit ID: 1509713998
{ recyclable of type P dropped into box....}
Box has ID: 619929778
--------------------------------------------------
separating paper......
process carried out at separation unit ID: 1509713998
{ recyclable of type P dropped into box....}
Box has ID: 619929778
--------------------------------------------------
separating paper......
process carried out at separation unit ID: 1509713998
{ recyclable of type P dropped into box....}
Box has ID: 619929778
--------------------------------------------------
separating paper......
process carried out at separation unit ID: 1509713998
{ recyclable of type P dropped into box....}
Box has ID: 619929778
--------------------------------------------------
separating paper......
process carried out at separation unit ID: 1509713998
{ recyclable of type P dropped into box....}
Box has ID: 619929778
--------------------------------------------------
separating paper......
process carried out at separation unit ID: 1509713998
{ recyclable of type P dropped into box....}
Box has ID: 619929778
--------------------------------------------------
separating paper......
process carried out at separation unit ID: 1509713998
{ recyclable of type P dropped into box....}
Box has ID: 619929778
--------------------------------------------------
separating paper......
process carried out at separation unit ID: 1509713998
{ recyclable of type P dropped into box....}
Box has ID: 619929778
--------------------------------------------------
separating paper......
process carried out at separation unit ID: 1509713998
{ recyclable of type P dropped into box....}
Box has ID: 619929778
--------------------------------------------------
separating paper......
process carried out at separation unit ID: 1509713998
{ recyclable of type P dropped into box....}
Box has ID: 619929778
--------------------------------------------------
separating paper......
process carried out at separation unit ID: 1509713998
{ recyclable of type P dropped into box....}
Box has ID: 619929778
--------------------------------------------------
separating paper......
process carried out at separation unit ID: 1509713998
{ recyclable of type P dropped into box....}
Box has ID: 619929778
--------------------------------------------------
separating paper......
process carried out at separation unit ID: 1509713998
{ recyclable of type P dropped into box....}
Box has ID: 619929778
--------------------------------------------------
separating paper......
process carried out at separation unit ID: 1509713998
{ recyclable of type P dropped into box....}
Box has ID: 619929778
--------------------------------------------------
separating paper......
process carried out at separation unit ID: 1509713998
{ recyclable of type P dropped into box....}
Box has ID: 619929778
--------------------------------------------------
separating paper......
process carried out at separation unit ID: 1509713998
{ recyclable of type P dropped into box....}
Box has ID: 619929778
--------------------------------------------------
separating paper......
process carried out at separation unit ID: 1509713998
{ recyclable of type P dropped into box....}
Box has ID: 619929778
--------------------------------------------------
separating paper......
process carried out at separation unit ID: 1509713998
{ recyclable of type P dropped into box....}
Box has ID: 619929778
--------------------------------------------------
separating paper......
process carried out at separation unit ID: 1509713998
{ recyclable of type P dropped into box....}
Box has ID: 619929778
--------------------------------------------------
separating paper......
process carried out at separation unit ID: 1509713998
{ recyclable of type P dropped into box....}
Box has ID: 619929778
--------------------------------------------------
separating paper......
process carried out at separation unit ID: 1509713998
{ recyclable of type P dropped into box....}
Box has ID: 619929778
--------------------------------------------------
separating paper......
process carried out at separation unit ID: 1509713998
{ recyclable of type P dropped into box....}
Box has ID: 619929778
--------------------------------------------------
separating paper......
process carried out at separation unit ID: 1509713998
{ recyclable of type P dropped into box....}
Box has ID: 619929778
--------------------------------------------------
separating paper......
process carried out at separation unit ID: 1509713998
{ recyclable of type P dropped into box....}
Box has ID: 619929778
--------------------------------------------------
separating paper......
process carried out at separation unit ID: 1509713998
{ recyclable of type P dropped into box....}
Box has ID: 619929778
--------------------------------------------------
separating paper......
process carried out at separation unit ID: 1509713998
{ recyclable of type P dropped into box....}
Box has ID: 619929778
--------------------------------------------------
separating paper......
process carried out at separation unit ID: 1509713998
{ recyclable of type P dropped into box....}
Box has ID: 619929778
--------------------------------------------------
separating paper......
process carried out at separation unit ID: 1509713998
{ recyclable of type P dropped into box....}
Box has ID: 619929778
--------------------------------------------------
separating paper......
process carried out at separation unit ID: 1509713998
{ recyclable of type P dropped into box....}
Box has ID: 619929778
--------------------------------------------------
separating paper......
process carried out at separation unit ID: 1509713998
{ recyclable of type P dropped into box....}
Box has ID: 619929778
--------------------------------------------------
separating paper......
process carried out at separation unit ID: 1509713998
{ recyclable of type P dropped into box....}
Box has ID: 619929778
--------------------------------------------------
separating paper......
process carried out at separation unit ID: 1509713998
{ recyclable of type P dropped into box....}
Box has ID: 619929778
--------------------------------------------------
separating paper......
process carried out at separation unit ID: 1509713998
{ recyclable of type P dropped into box....}
Box has ID: 619929778
--------------------------------------------------
separating paper......
process carried out at separation unit ID: 1509713998
{ recyclable of type P dropped into box....}
Box has ID: 619929778
--------------------------------------------------
separating paper......
process carried out at separation unit ID: 1509713998
{ recyclable of type P dropped into box....}
Box has ID: 619929778
--------------------------------------------------
separating paper......
process carried out at separation unit ID: 1509713998
{ recyclable of type P dropped into box....}
Box has ID: 619929778
--------------------------------------------------
separating paper......
process carried out at separation unit ID: 1509713998
{ recyclable of type P dropped into box....}
Box has ID: 619929778
--------------------------------------------------
separating paper......
process carried out at separation unit ID: 1509713998
{ recyclable of type P dropped into box....}
Box has ID: 619929778
--------------------------------------------------
separating paper......
process carried out at separation unit ID: 1509713998
{ recyclable of type P dropped into box....}
Box has ID: 619929778
--------------------------------------------------
separating paper......
process carried out at separation unit ID: 1509713998
{ recyclable of type P dropped into box....}
Box has ID: 619929778
--------------------------------------------------
separating paper......
process carried out at separation unit ID: 1509713998
{ recyclable of type P dropped into box....}
Box has ID: 619929778
--------------------------------------------------
separating paper......
process carried out at separation unit ID: 1509713998
{ recyclable of type P dropped into box....}
Box has ID: 619929778
--------------------------------------------------
separating paper......
process carried out at separation unit ID: 1509713998
{ recyclable of type P dropped into box....}
Box has ID: 619929778
--------------------------------------------------
separating paper......
process carried out at separation unit ID: 1509713998
{ recyclable of type P dropped into box....}
Box has ID: 619929778
--------------------------------------------------
separating paper......
process carried out at separation unit ID: 1509713998
{ recyclable of type P dropped into box....}
Box has ID: 619929778
--------------------------------------------------
separating paper......
process carried out at separation unit ID: 1509713998
{ recyclable of type P dropped into box....}
Box has ID: 619929778
--------------------------------------------------
separating paper......
process carried out at separation unit ID: 1509713998
{ recyclable of type P dropped into box....}
Box has ID: 619929778
--------------------------------------------------
separating paper......
process carried out at separation unit ID: 1509713998
{ recyclable of type P dropped into box....}
Box has ID: 619929778
--------------------------------------------------
separating paper......
process carried out at separation unit ID: 1509713998
{ recyclable of type P dropped into box....}
Box has ID: 619929778
--------------------------------------------------
separating paper......
process carried out at separation unit ID: 1509713998
{ recyclable of type P dropped into box....}
Box has ID: 619929778
--------------------------------------------------
separating paper......
process carried out at separation unit ID: 1509713998
{ recyclable of type P dropped into box....}
Box has ID: 619929778
--------------------------------------------------
separating paper......
process carried out at separation unit ID: 1509713998
{ recyclable of type P dropped into box....}
Box has ID: 619929778
--------------------------------------------------
separating paper......
process carried out at separation unit ID: 1509713998
{ recyclable of type P dropped into box....}
Box has ID: 619929778
--------------------------------------------------
separating paper......
process carried out at separation unit ID: 1509713998
{ recyclable of type P dropped into box....}
Box has ID: 619929778
--------------------------------------------------
separating paper......
process carried out at separation unit ID: 1509713998
{ recyclable of type P dropped into box....}
Box has ID: 619929778
--------------------------------------------------
separating paper......
process carried out at separation unit ID: 1509713998
{ recyclable of type P dropped into box....}
Box has ID: 619929778
--------------------------------------------------
separating paper......
process carried out at separation unit ID: 1509713998
{ recyclable of type P dropped into box....}
Box has ID: 619929778
--------------------------------------------------
separating paper......
process carried out at separation unit ID: 1509713998
{ recyclable of type P dropped into box....}
Box has ID: 619929778
--------------------------------------------------
separating paper......
process carried out at separation unit ID: 1509713998
{ recyclable of type P dropped into box....}
Box has ID: 619929778
--------------------------------------------------
separating paper......
process carried out at separation unit ID: 1509713998
{ recyclable of type P dropped into box....}
Box has ID: 619929778
--------------------------------------------------
separating paper......
process carried out at separation unit ID: 1509713998
{ recyclable of type P dropped into box....}
Box has ID: 619929778
--------------------------------------------------
separating paper......
process carried out at separation unit ID: 1509713998
{ recyclable of type P dropped into box....}
Box has ID: 619929778
--------------------------------------------------
separating paper......
process carried out at separation unit ID: 1509713998
{ recyclable of type P dropped into box....}
Box has ID: 619929778
--------------------------------------------------
separating paper......
process carried out at separation unit ID: 1509713998
{ recyclable of type P dropped into box....}
Box has ID: 619929778
--------------------------------------------------
separating paper......
process carried out at separation unit ID: 1509713998
{ recyclable of type P dropped into box....}
Box has ID: 619929778
--------------------------------------------------
separating paper......
process carried out at separation unit ID: 1509713998
{ recyclable of type P dropped into box....}
Box has ID: 619929778
--------------------------------------------------
separating paper......
process carried out at separation unit ID: 1509713998
{ recyclable of type P dropped into box....}
Box has ID: 619929778
--------------------------------------------------
separating paper......
process carried out at separation unit ID: 1509713998
{ recyclable of type P dropped into box....}
Box has ID: 619929778
--------------------------------------------------
separating paper......
process carried out at separation unit ID: 1509713998
{ recyclable of type P dropped into box....}
Box has ID: 619929778
--------------------------------------------------
separating paper......
process carried out at separation unit ID: 1509713998
{ recyclable of type P dropped into box....}
Box has ID: 619929778
--------------------------------------------------
separating paper......
process carried out at separation unit ID: 1509713998
{ recyclable of type P dropped into box....}
Box has ID: 619929778
--------------------------------------------------
separating paper......
process carried out at separation unit ID: 1509713998
{ recyclable of type P dropped into box....}
Box has ID: 619929778
--------------------------------------------------
separating paper......
process carried out at separation unit ID: 1509713998
{ recyclable of type P dropped into box....}
Box has ID: 619929778
--------------------------------------------------
separating paper......
process carried out at separation unit ID: 1509713998
{ recyclable of type P dropped into box....}
Box has ID: 619929778
--------------------------------------------------
separating paper......
process carried out at separation unit ID: 1509713998
{ recyclable of type P dropped into box....}
Box has ID: 619929778
--------------------------------------------------
separating paper......
process carried out at separation unit ID: 1509713998
{ recyclable of type P dropped into box....}
Box has ID: 619929778
--------------------------------------------------
separating paper......
process carried out at separation unit ID: 1509713998
{ recyclable of type P dropped into box....}
Box has ID: 619929778
--------------------------------------------------
separating paper......
process carried out at separation unit ID: 1509713998
{ recyclable of type P dropped into box....}
Box has ID: 619929778
--------------------------------------------------
separating paper......
process carried out at separation unit ID: 1509713998
{ recyclable of type P dropped into box....}
Box has ID: 619929778
--------------------------------------------------
separating paper......
process carried out at separation unit ID: 1509713998
{ recyclable of type P dropped into box....}
Box has ID: 619929778
--------------------------------------------------
separating paper......
process carried out at separation unit ID: 1509713998
{ recyclable of type P dropped into box....}
Box has ID: 619929778
--------------------------------------------------
separating paper......
process carried out at separation unit ID: 1509713998
{ recyclable of type P dropped into box....}
Box has ID: 619929778
--------------------------------------------------
separating paper......
process carried out at separation unit ID: 1509713998
{ recyclable of type P dropped into box....}
Box has ID: 619929778
--------------------------------------------------
separating paper......
process carried out at separation unit ID: 1509713998
{ recyclable of type P dropped into box....}
Box has ID: 619929778
--------------------------------------------------
separating paper......
process carried out at separation unit ID: 1509713998
{ recyclable of type P dropped into box....}
Box has ID: 619929778
--------------------------------------------------
separating paper......
process carried out at separation unit ID: 1509713998
{ recyclable of type P dropped into box....}
Box has ID: 619929778
--------------------------------------------------
separating paper......
process carried out at separation unit ID: 1509713998
{ recyclable of type P dropped into box....}
Box has ID: 619929778
--------------------------------------------------
separating paper......
process carried out at separation unit ID: 1509713998
{ recyclable of type P dropped into box....}
Box has ID: 619929778
--------------------------------------------------
separating paper......
process carried out at separation unit ID: 1509713998
{ recyclable of type P dropped into box....}
Box has ID: 619929778
--------------------------------------------------
separating paper......
process carried out at separation unit ID: 1509713998
{ recyclable of type P dropped into box....}
Box has ID: 619929778
--------------------------------------------------
separating paper......
process carried out at separation unit ID: 1509713998
{ recyclable of type P dropped into box....}
Box has ID: 619929778
--------------------------------------------------
separating paper......
process carried out at separation unit ID: 1509713998
{ recyclable of type P dropped into box....}
Box has ID: 619929778
--------------------------------------------------
separating paper......
process carried out at separation unit ID: 1509713998
{ recyclable of type P dropped into box....}
Box has ID: 619929778
--------------------------------------------------
separating paper......
process carried out at separation unit ID: 1509713998
{ recyclable of type P dropped into box....}
Box has ID: 619929778
--------------------------------------------------
separating paper......
process carried out at separation unit ID: 1509713998
{ recyclable of type P dropped into box....}
Box has ID: 619929778
--------------------------------------------------
separating paper......
process carried out at separation unit ID: 1509713998
{ recyclable of type P dropped into box....}
Box has ID: 619929778
--------------------------------------------------
separating paper......
process carried out at separation unit ID: 1509713998
{ recyclable of type P dropped into box....}
Box has ID: 619929778
--------------------------------------------------
separating paper......
process carried out at separation unit ID: 1509713998
{ recyclable of type P dropped into box....}
Box has ID: 619929778
--------------------------------------------------
separating paper......
process carried out at separation unit ID: 1509713998
{ recyclable of type P dropped into box....}
Box has ID: 619929778
--------------------------------------------------
separating paper......
process carried out at separation unit ID: 1509713998
{ recyclable of type P dropped into box....}
Box has ID: 619929778
--------------------------------------------------
separating paper......
process carried out at separation unit ID: 1509713998
{ recyclable of type P dropped into box....}
Box has ID: 619929778
--------------------------------------------------
separating paper......
process carried out at separation unit ID: 1509713998
{ recyclable of type P dropped into box....}
Box has ID: 619929778
--------------------------------------------------
separating paper......
process carried out at separation unit ID: 1509713998
{ recyclable of type P dropped into box....}
Box has ID: 619929778
--------------------------------------------------
separating paper......
process carried out at separation unit ID: 1509713998
{ recyclable of type P dropped into box....}
Box has ID: 619929778
--------------------------------------------------
separating paper......
process carried out at separation unit ID: 1509713998
{ recyclable of type P dropped into box....}
Box has ID: 619929778
--------------------------------------------------
separating paper......
process carried out at separation unit ID: 1509713998
{ recyclable of type P dropped into box....}
Box has ID: 619929778
--------------------------------------------------
separating paper......
process carried out at separation unit ID: 1509713998
{ recyclable of type P dropped into box....}
Box has ID: 619929778
--------------------------------------------------
separating paper......
process carried out at separation unit ID: 1509713998
{ recyclable of type P dropped into box....}
Box has ID: 619929778
--------------------------------------------------
separating paper......
process carried out at separation unit ID: 1509713998
{ recyclable of type P dropped into box....}
Box has ID: 619929778
--------------------------------------------------
separating paper......
process carried out at separation unit ID: 1509713998
{ recyclable of type P dropped into box....}
Box has ID: 619929778
--------------------------------------------------
separating paper......
process carried out at separation unit ID: 1509713998
{ recyclable of type P dropped into box....}
Box has ID: 619929778
--------------------------------------------------
separating paper......
process carried out at separation unit ID: 1509713998
{ recyclable of type P dropped into box....}
Box has ID: 619929778
--------------------------------------------------
separating paper......
process carried out at separation unit ID: 1509713998
{ recyclable of type P dropped into box....}
Box has ID: 619929778
--------------------------------------------------
separating paper......
process carried out at separation unit ID: 1509713998
{ recyclable of type P dropped into box....}
Box has ID: 619929778
--------------------------------------------------
separating paper......
process carried out at separation unit ID: 1509713998
{ recyclable of type P dropped into box....}
Box has ID: 619929778
--------------------------------------------------
separating paper......
process carried out at separation unit ID: 1509713998
{ recyclable of type P dropped into box....}
Box has ID: 619929778
--------------------------------------------------
separating paper......
process carried out at separation unit ID: 1509713998
{ recyclable of type P dropped into box....}
Box has ID: 619929778
--------------------------------------------------
separating paper......
process carried out at separation unit ID: 1509713998
{ recyclable of type P dropped into box....}
Box has ID: 619929778
--------------------------------------------------
separating paper......
process carried out at separation unit ID: 1509713998
{ recyclable of type P dropped into box....}
Box has ID: 619929778
--------------------------------------------------
separating paper......
process carried out at separation unit ID: 1509713998
{ recyclable of type P dropped into box....}
Box has ID: 619929778
--------------------------------------------------
separating paper......
process carried out at separation unit ID: 1509713998
{ recyclable of type P dropped into box....}
Box has ID: 619929778
--------------------------------------------------
separating paper......
process carried out at separation unit ID: 1509713998
{ recyclable of type P dropped into box....}
Box has ID: 619929778
--------------------------------------------------
separating paper......
process carried out at separation unit ID: 1509713998
{ recyclable of type P dropped into box....}
Box has ID: 619929778
--------------------------------------------------
separating paper......
process carried out at separation unit ID: 1509713998
{ recyclable of type P dropped into box....}
Box has ID: 619929778
--------------------------------------------------
separating paper......
process carried out at separation unit ID: 1509713998
{ recyclable of type P dropped into box....}
Box has ID: 619929778
--------------------------------------------------
separating paper......
process carried out at separation unit ID: 1509713998
{ recyclable of type P dropped into box....}
Box has ID: 619929778
--------------------------------------------------
separating paper......
process carried out at separation unit ID: 1509713998
{ recyclable of type P dropped into box....}
Box has ID: 619929778
--------------------------------------------------
separating paper......
process carried out at separation unit ID: 1509713998
{ recyclable of type P dropped into box....}
Box has ID: 619929778
--------------------------------------------------
separating paper......
process carried out at separation unit ID: 1509713998
{ recyclable of type P dropped into box....}
Box has ID: 619929778
--------------------------------------------------
separating paper......
process carried out at separation unit ID: 1509713998
{ recyclable of type P dropped into box....}
Box has ID: 619929778
--------------------------------------------------
separating paper......
process carried out at separation unit ID: 1509713998
{ recyclable of type P dropped into box....}
Box has ID: 619929778
--------------------------------------------------
separating paper......
process carried out at separation unit ID: 1509713998
{ recyclable of type P dropped into box....}
Box has ID: 619929778
--------------------------------------------------
separating paper......
process carried out at separation unit ID: 1509713998
{ recyclable of type P dropped into box....}
Box has ID: 619929778
--------------------------------------------------
separating paper......
process carried out at separation unit ID: 1509713998
{ recyclable of type P dropped into box....}
Box has ID: 619929778
--------------------------------------------------
separating paper......
process carried out at separation unit ID: 1509713998
{ recyclable of type P dropped into box....}
Box has ID: 619929778
--------------------------------------------------
separating paper......
process carried out at separation unit ID: 1509713998
{ recyclable of type P dropped into box....}
Box has ID: 619929778
--------------------------------------------------
separating paper......
process carried out at separation unit ID: 1509713998
{ recyclable of type P dropped into box....}
Box has ID: 619929778
--------------------------------------------------
separating paper......
process carried out at separation unit ID: 1509713998
{ recyclable of type P dropped into box....}
Box has ID: 619929778
--------------------------------------------------
separating paper......
process carried out at separation unit ID: 1509713998
{ recyclable of type P dropped into box....}
Box has ID: 619929778
--------------------------------------------------
separating paper......
process carried out at separation unit ID: 1509713998
{ recyclable of type P dropped into box....}
Box has ID: 619929778
--------------------------------------------------
separating paper......
process carried out at separation unit ID: 1509713998
{ recyclable of type P dropped into box....}
Box has ID: 619929778
--------------------------------------------------
separating paper......
process carried out at separation unit ID: 1509713998
{ recyclable of type P dropped into box....}
Box has ID: 619929778
--------------------------------------------------
separating paper......
process carried out at separation unit ID: 1509713998
{ recyclable of type P dropped into box....}
Box has ID: 619929778
--------------------------------------------------
separating paper......
process carried out at separation unit ID: 1509713998
{ recyclable of type P dropped into box....}
Box has ID: 619929778
--------------------------------------------------
separating paper......
process carried out at separation unit ID: 1509713998
{ recyclable of type P dropped into box....}
Box has ID: 619929778
--------------------------------------------------
separating paper......
process carried out at separation unit ID: 1509713998
{ recyclable of type P dropped into box....}
Box has ID: 619929778
--------------------------------------------------
separating paper......
process carried out at separation unit ID: 1509713998
{ recyclable of type P dropped into box....}
Box has ID: 619929778
--------------------------------------------------
separating paper......
process carried out at separation unit ID: 1509713998
{ recyclable of type P dropped into box....}
Box has ID: 619929778
--------------------------------------------------
separating paper......
process carried out at separation unit ID: 1509713998
{ recyclable of type P dropped into box....}
Box has ID: 619929778
--------------------------------------------------
separating paper......
process carried out at separation unit ID: 1509713998
{ recyclable of type P dropped into box....}
Box has ID: 619929778
--------------------------------------------------
separating paper......
process carried out at separation unit ID: 1509713998
{ recyclable of type P dropped into box....}
Box has ID: 619929778
--------------------------------------------------
separating paper......
process carried out at separation unit ID: 1509713998
{ recyclable of type P dropped into box....}
Box has ID: 619929778
--------------------------------------------------
separating paper......
process carried out at separation unit ID: 1509713998
{ recyclable of type P dropped into box....}
Box has ID: 619929778
--------------------------------------------------
separating paper......
process carried out at separation unit ID: 1509713998
{ recyclable of type P dropped into box....}
Box has ID: 619929778
--------------------------------------------------
separating paper......
process carried out at separation unit ID: 1509713998
{ recyclable of type P dropped into box....}
Box has ID: 619929778
--------------------------------------------------
separating paper......
process carried out at separation unit ID: 1509713998
{ recyclable of type P dropped into box....}
Box has ID: 619929778
--------------------------------------------------
separating paper......
process carried out at separation unit ID: 1509713998
{ recyclable of type P dropped into box....}
Box has ID: 619929778
--------------------------------------------------
separating paper......
process carried out at separation unit ID: 1509713998
{ recyclable of type P dropped into box....}
Box has ID: 619929778
--------------------------------------------------
separating paper......
process carried out at separation unit ID: 1509713998
{ recyclable of type P dropped into box....}
Box has ID: 619929778
--------------------------------------------------
separating paper......
process carried out at separation unit ID: 1509713998
{ recyclable of type P dropped into box....}
Box has ID: 619929778
--------------------------------------------------
separating paper......
process carried out at separation unit ID: 1509713998
{ recyclable of type P dropped into box....}
Box has ID: 619929778
--------------------------------------------------
separating paper......
process carried out at separation unit ID: 1509713998
{ recyclable of type P dropped into box....}
Box has ID: 619929778
--------------------------------------------------
separating paper......
process carried out at separation unit ID: 1509713998
{ recyclable of type P dropped into box....}
Box has ID: 619929778
--------------------------------------------------
separating paper......
process carried out at separation unit ID: 1509713998
{ recyclable of type P dropped into box....}
Box has ID: 619929778
--------------------------------------------------
separating paper......
process carried out at separation unit ID: 1509713998
{ recyclable of type P dropped into box....}
Box has ID: 619929778
--------------------------------------------------
separating paper......
process carried out at separation unit ID: 1509713998
{ recyclable of type P dropped into box....}
Box has ID: 619929778
--------------------------------------------------
separating paper......
process carried out at separation unit ID: 1509713998
{ recyclable of type P dropped into box....}
Box has ID: 619929778
--------------------------------------------------
separating paper......
process carried out at separation unit ID: 1509713998
{ recyclable of type P dropped into box....}
Box has ID: 619929778
--------------------------------------------------
separating paper......
process carried out at separation unit ID: 1509713998
{ recyclable of type P dropped into box....}
Box has ID: 619929778
--------------------------------------------------
separating paper......
process carried out at separation unit ID: 1509713998
{ recyclable of type P dropped into box....}
Box has ID: 619929778
--------------------------------------------------
separating paper......
process carried out at separation unit ID: 1509713998
{ recyclable of type P dropped into box....}
Box has ID: 619929778
--------------------------------------------------
separating paper......
process carried out at separation unit ID: 1509713998
{ recyclable of type P dropped into box....}
Box has ID: 619929778
--------------------------------------------------
separating paper......
process carried out at separation unit ID: 1509713998
{ recyclable of type P dropped into box....}
Box has ID: 619929778
--------------------------------------------------
separating paper......
process carried out at separation unit ID: 1509713998
{ recyclable of type P dropped into box....}
Box has ID: 619929778
--------------------------------------------------
separating paper......
process carried out at separation unit ID: 1509713998
{ recyclable of type P dropped into box....}
Box has ID: 619929778
--------------------------------------------------
separating paper......
process carried out at separation unit ID: 1509713998
{ recyclable of type P dropped into box....}
Box has ID: 619929778
--------------------------------------------------
separating paper......
process carried out at separation unit ID: 1509713998
{ recyclable of type P dropped into box....}
Box has ID: 619929778
--------------------------------------------------
separating paper......
process carried out at separation unit ID: 1509713998
{ recyclable of type P dropped into box....}
Box has ID: 619929778
--------------------------------------------------
separating paper......
process carried out at separation unit ID: 1509713998
{ recyclable of type P dropped into box....}
Box has ID: 619929778
--------------------------------------------------
separating paper......
process carried out at separation unit ID: 1509713998
{ recyclable of type P dropped into box....}
Box has ID: 619929778
--------------------------------------------------
separating paper......
process carried out at separation unit ID: 1509713998
{ recyclable of type P dropped into box....}
Box has ID: 619929778
--------------------------------------------------
separating paper......
process carried out at separation unit ID: 1509713998
{ recyclable of type P dropped into box....}
Box has ID: 619929778
--------------------------------------------------
separating paper......
process carried out at separation unit ID: 1509713998
{ recyclable of type P dropped into box....}
Box has ID: 619929778
--------------------------------------------------
separating paper......
process carried out at separation unit ID: 1509713998
{ recyclable of type P dropped into box....}
Box has ID: 619929778
--------------------------------------------------
separating paper......
process carried out at separation unit ID: 1509713998
{ recyclable of type P dropped into box....}
Box has ID: 619929778
--------------------------------------------------
separating paper......
process carried out at separation unit ID: 1509713998
{ recyclable of type P dropped into box....}
Box has ID: 619929778
--------------------------------------------------
separating paper......
process carried out at separation unit ID: 1509713998
{ recyclable of type P dropped into box....}
Box has ID: 619929778
--------------------------------------------------
separating paper......
process carried out at separation unit ID: 1509713998
{ recyclable of type P dropped into box....}
Box has ID: 619929778
--------------------------------------------------
separating paper......
process carried out at separation unit ID: 1509713998
{ recyclable of type P dropped into box....}
Box has ID: 619929778
--------------------------------------------------
separating paper......
process carried out at separation unit ID: 1509713998
{ recyclable of type P dropped into box....}
Box has ID: 619929778
--------------------------------------------------
separating paper......
process carried out at separation unit ID: 1509713998
{ recyclable of type P dropped into box....}
Box has ID: 619929778
--------------------------------------------------
separating paper......
process carried out at separation unit ID: 1509713998
{ recyclable of type P dropped into box....}
Box has ID: 619929778
--------------------------------------------------
separating paper......
process carried out at separation unit ID: 1509713998
{ recyclable of type P dropped into box....}
Box has ID: 619929778
--------------------------------------------------
separating paper......
process carried out at separation unit ID: 1509713998
{ recyclable of type P dropped into box....}
Box has ID: 619929778
--------------------------------------------------
separating paper......
process carried out at separation unit ID: 1509713998
{ recyclable of type P dropped into box....}
Box has ID: 619929778
--------------------------------------------------
separating paper......
process carried out at separation unit ID: 1509713998
{ recyclable of type P dropped into box....}
Box has ID: 619929778
--------------------------------------------------
separating paper......
process carried out at separation unit ID: 1509713998
{ recyclable of type P dropped into box....}
Box has ID: 619929778
--------------------------------------------------
separating paper......
process carried out at separation unit ID: 1509713998
{ recyclable of type P dropped into box....}
Box has ID: 619929778
--------------------------------------------------
separating paper......
process carried out at separation unit ID: 1509713998
{ recyclable of type P dropped into box....}
Box has ID: 619929778
--------------------------------------------------
separating paper......
process carried out at separation unit ID: 1509713998
{ recyclable of type P dropped into box....}
Box has ID: 619929778
--------------------------------------------------
separating paper......
process carried out at separation unit ID: 1509713998
{ recyclable of type P dropped into box....}
Box has ID: 619929778
--------------------------------------------------
separating paper......
process carried out at separation unit ID: 1509713998
{ recyclable of type P dropped into box....}
Box has ID: 619929778
--------------------------------------------------
separating paper......
process carried out at separation unit ID: 1509713998
{ recyclable of type P dropped into box....}
Box has ID: 619929778
--------------------------------------------------
separating paper......
process carried out at separation unit ID: 1509713998
{ recyclable of type P dropped into box....}
Box has ID: 619929778
--------------------------------------------------
separating paper......
process carried out at separation unit ID: 1509713998
{ recyclable of type P dropped into box....}
Box has ID: 619929778
--------------------------------------------------
separating paper......
process carried out at separation unit ID: 1509713998
{ recyclable of type P dropped into box....}
Box has ID: 619929778
--------------------------------------------------
separating paper......
process carried out at separation unit ID: 1509713998
{ recyclable of type P dropped into box....}
Box has ID: 619929778
--------------------------------------------------
separating paper......
process carried out at separation unit ID: 1509713998
{ recyclable of type P dropped into box....}
Box has ID: 619929778
--------------------------------------------------
separating paper......
process carried out at separation unit ID: 1509713998
{ recyclable of type P dropped into box....}
Box has ID: 619929778
--------------------------------------------------
separating paper......
process carried out at separation unit ID: 1509713998
{ recyclable of type P dropped into box....}
Box has ID: 619929778
--------------------------------------------------
separating paper......
process carried out at separation unit ID: 1509713998
{ recyclable of type P dropped into box....}
Box has ID: 619929778
--------------------------------------------------
separating paper......
process carried out at separation unit ID: 1509713998
{ recyclable of type P dropped into box....}
Box has ID: 619929778
--------------------------------------------------
separating paper......
process carried out at separation unit ID: 1509713998
{ recyclable of type P dropped into box....}
Box has ID: 619929778
--------------------------------------------------
separating paper......
process carried out at separation unit ID: 1509713998
{ recyclable of type P dropped into box....}
Box has ID: 619929778
--------------------------------------------------
separating paper......
process carried out at separation unit ID: 1509713998
{ recyclable of type P dropped into box....}
Box has ID: 619929778
--------------------------------------------------
separating paper......
process carried out at separation unit ID: 1509713998
{ recyclable of type P dropped into box....}
Box has ID: 619929778
--------------------------------------------------
separating paper......
process carried out at separation unit ID: 1509713998
{ recyclable of type P dropped into box....}
Box has ID: 619929778
--------------------------------------------------
separating paper......
process carried out at separation unit ID: 1509713998
{ recyclable of type P dropped into box....}
Box has ID: 619929778
--------------------------------------------------
separating paper......
process carried out at separation unit ID: 1509713998
{ recyclable of type P dropped into box....}
Box has ID: 619929778
--------------------------------------------------
separating paper......
process carried out at separation unit ID: 1509713998
{ recyclable of type P dropped into box....}
Box has ID: 619929778
--------------------------------------------------
separating paper......
process carried out at separation unit ID: 1509713998
{ recyclable of type P dropped into box....}
Box has ID: 619929778
--------------------------------------------------
separating paper......
process carried out at separation unit ID: 1509713998
{ recyclable of type P dropped into box....}
Box has ID: 619929778
--------------------------------------------------
separating paper......
process carried out at separation unit ID: 1509713998
{ recyclable of type P dropped into box....}
Box has ID: 619929778
--------------------------------------------------
separating paper......
process carried out at separation unit ID: 1509713998
{ recyclable of type P dropped into box....}
Box has ID: 619929778
--------------------------------------------------
separating paper......
process carried out at separation unit ID: 1509713998
{ recyclable of type P dropped into box....}
Box has ID: 619929778
--------------------------------------------------
separating paper......
process carried out at separation unit ID: 1509713998
{ recyclable of type P dropped into box....}
Box has ID: 619929778
--------------------------------------------------
separating paper......
process carried out at separation unit ID: 1509713998
{ recyclable of type P dropped into box....}
Box has ID: 619929778
--------------------------------------------------
separating paper......
process carried out at separation unit ID: 1509713998
{ recyclable of type P dropped into box....}
Box has ID: 619929778
--------------------------------------------------
separating paper......
process carried out at separation unit ID: 1509713998
{ recyclable of type P dropped into box....}
Box has ID: 619929778
--------------------------------------------------
separating paper......
process carried out at separation unit ID: 1509713998
{ recyclable of type P dropped into box....}
Box has ID: 619929778
--------------------------------------------------
separating paper......
process carried out at separation unit ID: 1509713998
{ recyclable of type P dropped into box....}
Box has ID: 619929778
--------------------------------------------------
separating paper......
process carried out at separation unit ID: 1509713998
{ recyclable of type P dropped into box....}
Box has ID: 619929778
--------------------------------------------------
separating paper......
process carried out at separation unit ID: 1509713998
{ recyclable of type P dropped into box....}
Box has ID: 619929778
--------------------------------------------------
separating paper......
process carried out at separation unit ID: 1509713998
{ recyclable of type P dropped into box....}
Box has ID: 619929778
--------------------------------------------------
separating paper......
process carried out at separation unit ID: 1509713998
{ recyclable of type P dropped into box....}
Box has ID: 619929778
--------------------------------------------------
separating paper......
process carried out at separation unit ID: 1509713998
{ recyclable of type P dropped into box....}
Box has ID: 619929778
--------------------------------------------------
separating paper......
process carried out at separation unit ID: 1509713998
{ recyclable of type P dropped into box....}
Box has ID: 619929778
--------------------------------------------------
separating paper......
process carried out at separation unit ID: 1509713998
{ recyclable of type P dropped into box....}
Box has ID: 619929778
--------------------------------------------------
separating paper......
process carried out at separation unit ID: 1509713998
{ recyclable of type P dropped into box....}
Box has ID: 619929778
--------------------------------------------------
separating paper......
process carried out at separation unit ID: 1509713998
{ recyclable of type P dropped into box....}
Box has ID: 619929778
--------------------------------------------------
separating paper......
process carried out at separation unit ID: 1509713998
{ recyclable of type P dropped into box....}
Box has ID: 619929778
--------------------------------------------------
separating paper......
process carried out at separation unit ID: 1509713998
{ recyclable of type P dropped into box....}
Box has ID: 619929778
--------------------------------------------------
separating paper......
process carried out at separation unit ID: 1509713998
{ recyclable of type P dropped into box....}
Box has ID: 619929778
--------------------------------------------------
separating paper......
process carried out at separation unit ID: 1509713998
{ recyclable of type P dropped into box....}
Box has ID: 619929778
--------------------------------------------------
separating paper......
process carried out at separation unit ID: 1509713998
{ recyclable of type P dropped into box....}
Box has ID: 619929778
--------------------------------------------------
separating paper......
process carried out at separation unit ID: 1509713998
{ recyclable of type P dropped into box....}
Box has ID: 619929778
--------------------------------------------------
separating paper......
process carried out at separation unit ID: 1509713998
{ recyclable of type P dropped into box....}
Box has ID: 619929778
--------------------------------------------------
separating paper......
process carried out at separation unit ID: 1509713998
{ recyclable of type P dropped into box....}
Box has ID: 619929778
--------------------------------------------------
separating paper......
process carried out at separation unit ID: 1509713998
{ recyclable of type P dropped into box....}
Box has ID: 619929778
--------------------------------------------------
separating paper......
process carried out at separation unit ID: 1509713998
{ recyclable of type P dropped into box....}
Box has ID: 619929778
--------------------------------------------------
separating paper......
process carried out at separation unit ID: 1509713998
{ recyclable of type P dropped into box....}
Box has ID: 619929778
--------------------------------------------------
separating paper......
process carried out at separation unit ID: 1509713998
{ recyclable of type P dropped into box....}
Box has ID: 619929778
--------------------------------------------------
separating paper......
process carried out at separation unit ID: 1509713998
{ recyclable of type P dropped into box....}
Box has ID: 619929778
--------------------------------------------------
separating paper......
process carried out at separation unit ID: 1509713998
{ recyclable of type P dropped into box....}
Box has ID: 619929778
--------------------------------------------------
separating paper......
process carried out at separation unit ID: 1509713998
{ recyclable of type P dropped into box....}
Box has ID: 619929778
--------------------------------------------------
separating paper......
process carried out at separation unit ID: 1509713998
{ recyclable of type P dropped into box....}
Box has ID: 619929778
--------------------------------------------------
separating paper......
process carried out at separation unit ID: 1509713998
{ recyclable of type P dropped into box....}
Box has ID: 619929778
--------------------------------------------------
separating paper......
process carried out at separation unit ID: 1509713998
{ recyclable of type P dropped into box....}
Box has ID: 619929778
--------------------------------------------------
separating paper......
process carried out at separation unit ID: 1509713998
{ recyclable of type P dropped into box....}
Box has ID: 619929778
--------------------------------------------------
separating paper......
process carried out at separation unit ID: 1509713998
{ recyclable of type P dropped into box....}
Box has ID: 619929778
--------------------------------------------------
separating paper......
process carried out at separation unit ID: 1509713998
{ recyclable of type P dropped into box....}
Box has ID: 619929778
--------------------------------------------------
separating paper......
process carried out at separation unit ID: 1509713998
{ recyclable of type P dropped into box....}
Box has ID: 619929778
--------------------------------------------------
separating paper......
process carried out at separation unit ID: 1509713998
{ recyclable of type P dropped into box....}
Box has ID: 619929778
--------------------------------------------------
separating paper......
process carried out at separation unit ID: 1509713998
{ recyclable of type P dropped into box....}
Box has ID: 619929778
--------------------------------------------------
separating paper......
process carried out at separation unit ID: 1509713998
{ recyclable of type P dropped into box....}
Box has ID: 619929778
--------------------------------------------------
separating paper......
process carried out at separation unit ID: 1509713998
{ recyclable of type P dropped into box....}
Box has ID: 619929778
--------------------------------------------------
separating paper......
process carried out at separation unit ID: 1509713998
{ recyclable of type P dropped into box....}
Box has ID: 619929778
--------------------------------------------------
separating paper......
process carried out at separation unit ID: 1509713998
{ recyclable of type P dropped into box....}
Box has ID: 619929778
--------------------------------------------------
separating paper......
process carried out at separation unit ID: 1509713998
{ recyclable of type P dropped into box....}
Box has ID: 619929778
--------------------------------------------------
separating paper......
process carried out at separation unit ID: 1509713998
{ recyclable of type P dropped into box....}
Box has ID: 619929778
--------------------------------------------------
separating paper......
process carried out at separation unit ID: 1509713998
{ recyclable of type P dropped into box....}
Box has ID: 619929778
--------------------------------------------------
separating paper......
process carried out at separation unit ID: 1509713998
{ recyclable of type P dropped into box....}
Box has ID: 619929778
--------------------------------------------------
separating paper......
process carried out at separation unit ID: 1509713998
{ recyclable of type P dropped into box....}
Box has ID: 619929778
--------------------------------------------------
separating paper......
process carried out at separation unit ID: 1509713998
{ recyclable of type P dropped into box....}
Box has ID: 619929778
--------------------------------------------------
separating paper......
process carried out at separation unit ID: 1509713998
{ recyclable of type P dropped into box....}
Box has ID: 619929778
--------------------------------------------------
separating paper......
process carried out at separation unit ID: 1509713998
{ recyclable of type P dropped into box....}
Box has ID: 619929778
--------------------------------------------------
separating paper......
process carried out at separation unit ID: 1509713998
{ recyclable of type P dropped into box....}
Box has ID: 619929778
--------------------------------------------------
separating paper......
process carried out at separation unit ID: 1509713998
{ recyclable of type P dropped into box....}
Box has ID: 619929778
--------------------------------------------------
separating paper......
process carried out at separation unit ID: 1509713998
{ recyclable of type P dropped into box....}
Box has ID: 619929778
--------------------------------------------------
separating paper......
process carried out at separation unit ID: 1509713998
{ recyclable of type P dropped into box....}
Box has ID: 619929778
--------------------------------------------------
separating paper......
process carried out at separation unit ID: 1509713998
{ recyclable of type P dropped into box....}
Box has ID: 619929778
--------------------------------------------------
separating paper......
process carried out at separation unit ID: 1509713998
{ recyclable of type P dropped into box....}
Box has ID: 619929778
--------------------------------------------------
separating paper......
process carried out at separation unit ID: 1509713998
{ recyclable of type P dropped into box....}
Box has ID: 619929778
--------------------------------------------------
separating paper......
process carried out at separation unit ID: 1509713998
{ recyclable of type P dropped into box....}
Box has ID: 619929778
--------------------------------------------------
separating paper......
process carried out at separation unit ID: 1509713998
{ recyclable of type P dropped into box....}
Box has ID: 619929778
--------------------------------------------------
separating paper......
process carried out at separation unit ID: 1509713998
{ recyclable of type P dropped into box....}
Box has ID: 619929778
--------------------------------------------------
separating paper......
process carried out at separation unit ID: 1509713998
{ recyclable of type P dropped into box....}
Box has ID: 619929778
--------------------------------------------------
separating paper......
process carried out at separation unit ID: 1509713998
{ recyclable of type P dropped into box....}
Box has ID: 619929778
--------------------------------------------------
separating paper......
process carried out at separation unit ID: 1509713998
{ recyclable of type P dropped into box....}
Box has ID: 619929778
--------------------------------------------------
separating paper......
process carried out at separation unit ID: 1509713998
{ recyclable of type P dropped into box....}
Box has ID: 619929778
--------------------------------------------------
separating paper......
process carried out at separation unit ID: 1509713998
{ recyclable of type P dropped into box....}
Box has ID: 619929778
--------------------------------------------------
separating paper......
process carried out at separation unit ID: 1509713998
{ recyclable of type P dropped into box....}
Box has ID: 619929778
--------------------------------------------------
separating paper......
process carried out at separation unit ID: 1509713998
{ recyclable of type P dropped into box....}
Box has ID: 619929778
--------------------------------------------------
separating paper......
process carried out at separation unit ID: 1509713998
{ recyclable of type P dropped into box....}
Box has ID: 619929778
--------------------------------------------------
separating paper......
process carried out at separation unit ID: 1509713998
{ recyclable of type P dropped into box....}
Box has ID: 619929778
--------------------------------------------------
separating paper......
process carried out at separation unit ID: 1509713998
{ recyclable of type P dropped into box....}
Box has ID: 619929778
--------------------------------------------------
separating paper......
process carried out at separation unit ID: 1509713998
{ recyclable of type P dropped into box....}
Box has ID: 619929778
--------------------------------------------------
separating paper......
process carried out at separation unit ID: 1509713998
{ recyclable of type P dropped into box....}
Box has ID: 619929778
--------------------------------------------------
separating paper......
process carried out at separation unit ID: 1509713998
{ recyclable of type P dropped into box....}
Box has ID: 619929778
--------------------------------------------------
separating paper......
process carried out at separation unit ID: 1509713998
{ recyclable of type P dropped into box....}
Box has ID: 619929778
--------------------------------------------------
separating paper......
process carried out at separation unit ID: 1509713998
{ recyclable of type P dropped into box....}
Box has ID: 619929778
--------------------------------------------------
separating paper......
process carried out at separation unit ID: 1509713998
{ recyclable of type P dropped into box....}
Box has ID: 619929778
--------------------------------------------------
separating paper......
process carried out at separation unit ID: 1509713998
{ recyclable of type P dropped into box....}
Box has ID: 619929778
--------------------------------------------------
separating paper......
process carried out at separation unit ID: 1509713998
{ recyclable of type P dropped into box....}
Box has ID: 619929778
--------------------------------------------------
separating paper......
process carried out at separation unit ID: 1509713998
{ recyclable of type P dropped into box....}
Box has ID: 619929778
--------------------------------------------------
separating paper......
process carried out at separation unit ID: 1509713998
{ recyclable of type P dropped into box....}
Box has ID: 619929778
--------------------------------------------------
separating paper......
process carried out at separation unit ID: 1509713998
{ recyclable of type P dropped into box....}
Box has ID: 619929778
--------------------------------------------------
separating paper......
process carried out at separation unit ID: 1509713998
{ recyclable of type P dropped into box....}
Box has ID: 619929778
--------------------------------------------------
separating paper......
process carried out at separation unit ID: 1509713998
{ recyclable of type P dropped into box....}
Box has ID: 619929778
--------------------------------------------------
separating paper......
process carried out at separation unit ID: 1509713998
{ recyclable of type P dropped into box....}
Box has ID: 619929778
--------------------------------------------------
separating paper......
process carried out at separation unit ID: 1509713998
{ recyclable of type P dropped into box....}
Box has ID: 619929778
--------------------------------------------------
separating paper......
process carried out at separation unit ID: 1509713998
{ recyclable of type P dropped into box....}
Box has ID: 619929778
--------------------------------------------------
separating paper......
process carried out at separation unit ID: 1509713998
{ recyclable of type P dropped into box....}
Box has ID: 619929778
--------------------------------------------------
separating paper......
process carried out at separation unit ID: 1509713998
{ recyclable of type P dropped into box....}
Box has ID: 619929778
--------------------------------------------------
separating paper......
process carried out at separation unit ID: 1509713998
{ recyclable of type P dropped into box....}
Box has ID: 619929778
--------------------------------------------------
separating paper......
process carried out at separation unit ID: 1509713998
{ recyclable of type P dropped into box....}
Box has ID: 619929778
--------------------------------------------------
separating paper......
process carried out at separation unit ID: 1509713998
{ recyclable of type P dropped into box....}
Box has ID: 619929778
--------------------------------------------------
separating paper......
process carried out at separation unit ID: 1509713998
{ recyclable of type P dropped into box....}
Box has ID: 619929778
--------------------------------------------------
separating paper......
process carried out at separation unit ID: 1509713998
{ recyclable of type P dropped into box....}
Box has ID: 619929778
--------------------------------------------------
separating paper......
process carried out at separation unit ID: 1509713998
{ recyclable of type P dropped into box....}
Box has ID: 619929778
--------------------------------------------------
separating paper......
process carried out at separation unit ID: 1509713998
{ recyclable of type P dropped into box....}
Box has ID: 619929778
--------------------------------------------------
separating paper......
process carried out at separation unit ID: 1509713998
{ recyclable of type P dropped into box....}
Box has ID: 619929778
--------------------------------------------------
separating paper......
process carried out at separation unit ID: 1509713998
{ recyclable of type P dropped into box....}
Box has ID: 619929778
--------------------------------------------------
separating paper......
process carried out at separation unit ID: 1509713998
{ recyclable of type P dropped into box....}
Box has ID: 619929778
--------------------------------------------------
separating paper......
process carried out at separation unit ID: 1509713998
{ recyclable of type P dropped into box....}
Box has ID: 619929778
--------------------------------------------------
separating paper......
process carried out at separation unit ID: 1509713998
{ recyclable of type P dropped into box....}
Box has ID: 619929778
--------------------------------------------------
separating paper......
process carried out at separation unit ID: 1509713998
{ recyclable of type P dropped into box....}
Box has ID: 619929778
--------------------------------------------------
separating paper......
process carried out at separation unit ID: 1509713998
{ recyclable of type P dropped into box....}
Box has ID: 619929778
--------------------------------------------------
separating paper......
process carried out at separation unit ID: 1509713998
{ recyclable of type P dropped into box....}
Box has ID: 619929778
--------------------------------------------------
separating paper......
process carried out at separation unit ID: 1509713998
{ recyclable of type P dropped into box....}
Box has ID: 619929778
--------------------------------------------------
separating paper......
process carried out at separation unit ID: 1509713998
{ recyclable of type P dropped into box....}
Box has ID: 619929778
--------------------------------------------------
separating paper......
process carried out at separation unit ID: 1509713998
{ recyclable of type P dropped into box....}
Box has ID: 619929778
--------------------------------------------------
separating paper......
process carried out at separation unit ID: 1509713998
{ recyclable of type P dropped into box....}
Box has ID: 619929778
--------------------------------------------------
separating paper......
process carried out at separation unit ID: 1509713998
{ recyclable of type P dropped into box....}
Box has ID: 619929778
--------------------------------------------------
separating paper......
process carried out at separation unit ID: 1509713998
{ recyclable of type P dropped into box....}
Box has ID: 619929778
--------------------------------------------------
separating paper......
process carried out at separation unit ID: 1509713998
{ recyclable of type P dropped into box....}
Box has ID: 619929778
--------------------------------------------------
separating paper......
process carried out at separation unit ID: 1509713998
{ recyclable of type P dropped into box....}
Box has ID: 619929778
--------------------------------------------------
separating paper......
process carried out at separation unit ID: 1509713998
{ recyclable of type P dropped into box....}
Box has ID: 619929778
--------------------------------------------------
separating paper......
process carried out at separation unit ID: 1509713998
{ recyclable of type P dropped into box....}
Box has ID: 619929778
--------------------------------------------------
separating paper......
process carried out at separation unit ID: 1509713998
{ recyclable of type P dropped into box....}
Box has ID: 619929778
--------------------------------------------------
separating paper......
process carried out at separation unit ID: 1509713998
{ recyclable of type P dropped into box....}
Box has ID: 619929778
--------------------------------------------------
separating paper......
process carried out at separation unit ID: 1509713998
{ recyclable of type P dropped into box....}
Box has ID: 619929778
--------------------------------------------------
separating paper......
process carried out at separation unit ID: 1509713998
{ recyclable of type P dropped into box....}
Box has ID: 619929778
--------------------------------------------------
separating paper......
process carried out at separation unit ID: 1509713998
{ recyclable of type P dropped into box....}
Box has ID: 619929778
--------------------------------------------------
separating paper......
process carried out at separation unit ID: 1509713998
{ recyclable of type P dropped into box....}
Box has ID: 619929778
--------------------------------------------------
separating paper......
process carried out at separation unit ID: 1509713998
{ recyclable of type P dropped into box....}
Box has ID: 619929778
--------------------------------------------------
separating paper......
process carried out at separation unit ID: 1509713998
{ recyclable of type P dropped into box....}
Box has ID: 619929778
--------------------------------------------------
separating paper......
process carried out at separation unit ID: 1509713998
{ recyclable of type P dropped into box....}
Box has ID: 619929778
--------------------------------------------------
separating paper......
process carried out at separation unit ID: 1509713998
{ recyclable of type P dropped into box....}
Box has ID: 619929778
--------------------------------------------------
separating paper......
process carried out at separation unit ID: 1509713998
{ recyclable of type P dropped into box....}
Box has ID: 619929778
--------------------------------------------------
separating paper......
process carried out at separation unit ID: 1509713998
{ recyclable of type P dropped into box....}
Box has ID: 619929778
--------------------------------------------------
separating paper......
process carried out at separation unit ID: 1509713998
{ recyclable of type P dropped into box....}
Box has ID: 619929778
--------------------------------------------------
separating paper......
process carried out at separation unit ID: 1509713998
{ recyclable of type P dropped into box....}
Box has ID: 619929778
--------------------------------------------------
separating paper......
process carried out at separation unit ID: 1509713998
{ recyclable of type P dropped into box....}
Box has ID: 619929778
--------------------------------------------------
separating paper......
process carried out at separation unit ID: 1509713998
{ recyclable of type P dropped into box....}
Box has ID: 619929778
--------------------------------------------------
separating paper......
process carried out at separation unit ID: 1509713998
{ recyclable of type P dropped into box....}
Box has ID: 619929778
--------------------------------------------------
separating paper......
process carried out at separation unit ID: 1509713998
{ recyclable of type P dropped into box....}
Box has ID: 619929778
--------------------------------------------------
separating paper......
process carried out at separation unit ID: 1509713998
{ recyclable of type P dropped into box....}
Box has ID: 619929778
--------------------------------------------------
separating paper......
process carried out at separation unit ID: 1509713998
{ recyclable of type P dropped into box....}
Box has ID: 619929778
--------------------------------------------------
separating paper......
process carried out at separation unit ID: 1509713998
{ recyclable of type P dropped into box....}
Box has ID: 619929778
--------------------------------------------------
separating paper......
process carried out at separation unit ID: 1509713998
{ recyclable of type P dropped into box....}
Box has ID: 619929778
--------------------------------------------------
separating paper......
process carried out at separation unit ID: 1509713998
{ recyclable of type P dropped into box....}
Box has ID: 619929778
--------------------------------------------------
separating paper......
process carried out at separation unit ID: 1509713998
{ recyclable of type P dropped into box....}
Box has ID: 619929778
--------------------------------------------------
separating paper......
process carried out at separation unit ID: 1509713998
{ recyclable of type P dropped into box....}
Box has ID: 619929778
--------------------------------------------------
separating paper......
process carried out at separation unit ID: 1509713998
{ recyclable of type P dropped into box....}
Box has ID: 619929778
--------------------------------------------------
separating paper......
process carried out at separation unit ID: 1509713998
{ recyclable of type P dropped into box....}
Box has ID: 619929778
--------------------------------------------------
separating paper......
process carried out at separation unit ID: 1509713998
{ recyclable of type P dropped into box....}
Box has ID: 619929778
--------------------------------------------------
separating paper......
process carried out at separation unit ID: 1509713998
{ recyclable of type P dropped into box....}
Box has ID: 619929778
--------------------------------------------------
separating paper......
process carried out at separation unit ID: 1509713998
{ recyclable of type P dropped into box....}
Box has ID: 619929778
--------------------------------------------------
separating paper......
process carried out at separation unit ID: 1509713998
{ recyclable of type P dropped into box....}
Box has ID: 619929778
--------------------------------------------------
separating paper......
process carried out at separation unit ID: 1509713998
{ recyclable of type P dropped into box....}
Box has ID: 619929778
--------------------------------------------------
separating paper......
process carried out at separation unit ID: 1509713998
{ recyclable of type P dropped into box....}
Box has ID: 619929778
--------------------------------------------------
separating paper......
process carried out at separation unit ID: 1509713998
{ recyclable of type P dropped into box....}
Box has ID: 619929778
--------------------------------------------------
separating paper......
process carried out at separation unit ID: 1509713998
{ recyclable of type P dropped into box....}
Box has ID: 619929778
--------------------------------------------------
separating paper......
process carried out at separation unit ID: 1509713998
{ recyclable of type P dropped into box....}
Box has ID: 619929778
--------------------------------------------------
separating paper......
process carried out at separation unit ID: 1509713998
{ recyclable of type P dropped into box....}
Box has ID: 619929778
--------------------------------------------------
separating paper......
process carried out at separation unit ID: 1509713998
{ recyclable of type P dropped into box....}
Box has ID: 619929778
--------------------------------------------------
separating paper......
process carried out at separation unit ID: 1509713998
{ recyclable of type P dropped into box....}
Box has ID: 619929778
--------------------------------------------------
separating paper......
process carried out at separation unit ID: 1509713998
{ recyclable of type P dropped into box....}
Box has ID: 619929778
--------------------------------------------------
separating paper......
process carried out at separation unit ID: 1509713998
{ recyclable of type P dropped into box....}
Box has ID: 619929778
--------------------------------------------------
separating paper......
process carried out at separation unit ID: 1509713998
{ recyclable of type P dropped into box....}
Box has ID: 619929778
--------------------------------------------------
separating paper......
process carried out at separation unit ID: 1509713998
{ recyclable of type P dropped into box....}
Box has ID: 619929778
--------------------------------------------------
separating paper......
process carried out at separation unit ID: 1509713998
{ recyclable of type P dropped into box....}
Box has ID: 619929778
--------------------------------------------------
separating paper......
process carried out at separation unit ID: 1509713998
{ recyclable of type P dropped into box....}
Box has ID: 619929778
--------------------------------------------------
separating paper......
process carried out at separation unit ID: 1509713998
{ recyclable of type P dropped into box....}
Box has ID: 619929778
--------------------------------------------------
separating paper......
process carried out at separation unit ID: 1509713998
{ recyclable of type P dropped into box....}
Box has ID: 619929778
--------------------------------------------------
separating paper......
process carried out at separation unit ID: 1509713998
{ recyclable of type P dropped into box....}
Box has ID: 619929778
--------------------------------------------------
separating paper......
process carried out at separation unit ID: 1509713998
{ recyclable of type P dropped into box....}
Box has ID: 619929778
--------------------------------------------------
separating paper......
process carried out at separation unit ID: 1509713998
{ recyclable of type P dropped into box....}
Box has ID: 619929778
--------------------------------------------------
separating paper......
process carried out at separation unit ID: 1509713998
{ recyclable of type P dropped into box....}
Box has ID: 619929778
--------------------------------------------------
separating paper......
process carried out at separation unit ID: 1509713998
{ recyclable of type P dropped into box....}
Box has ID: 619929778
--------------------------------------------------
separating paper......
process carried out at separation unit ID: 1509713998
{ recyclable of type P dropped into box....}
Box has ID: 619929778
--------------------------------------------------
separating paper......
process carried out at separation unit ID: 1509713998
{ recyclable of type P dropped into box....}
Box has ID: 619929778
--------------------------------------------------
separating paper......
process carried out at separation unit ID: 1509713998
{ recyclable of type P dropped into box....}
Box has ID: 619929778
--------------------------------------------------
separating paper......
process carried out at separation unit ID: 1509713998
{ recyclable of type P dropped into box....}
Box has ID: 619929778
--------------------------------------------------
separating paper......
process carried out at separation unit ID: 1509713998
{ recyclable of type P dropped into box....}
Box has ID: 619929778
--------------------------------------------------
separating paper......
process carried out at separation unit ID: 1509713998
{ recyclable of type P dropped into box....}
Box has ID: 619929778
--------------------------------------------------
separating paper......
process carried out at separation unit ID: 1509713998
{ recyclable of type P dropped into box....}
Box has ID: 619929778
--------------------------------------------------
separating paper......
process carried out at separation unit ID: 1509713998
{ recyclable of type P dropped into box....}
Box has ID: 619929778
--------------------------------------------------
separating paper......
process carried out at separation unit ID: 1509713998
{ recyclable of type P dropped into box....}
Box has ID: 619929778
--------------------------------------------------
separating paper......
process carried out at separation unit ID: 1509713998
{ recyclable of type P dropped into box....}
Box has ID: 619929778
--------------------------------------------------
separating paper......
process carried out at separation unit ID: 1509713998
{ recyclable of type P dropped into box....}
Box has ID: 619929778
--------------------------------------------------
separating paper......
process carried out at separation unit ID: 1509713998
{ recyclable of type P dropped into box....}
Box has ID: 619929778
--------------------------------------------------
separating paper......
process carried out at separation unit ID: 1509713998
{ recyclable of type P dropped into box....}
Box has ID: 619929778
--------------------------------------------------
separating paper......
process carried out at separation unit ID: 1509713998
{ recyclable of type P dropped into box....}
Box has ID: 619929778
--------------------------------------------------
separating paper......
process carried out at separation unit ID: 1509713998
{ recyclable of type P dropped into box....}
Box has ID: 619929778
--------------------------------------------------
separating paper......
process carried out at separation unit ID: 1509713998
{ recyclable of type P dropped into box....}
Box has ID: 619929778
--------------------------------------------------
separating paper......
process carried out at separation unit ID: 1509713998
{ recyclable of type P dropped into box....}
Box has ID: 619929778
--------------------------------------------------
separating paper......
process carried out at separation unit ID: 1509713998
{ recyclable of type P dropped into box....}
Box has ID: 619929778
--------------------------------------------------
separating paper......
process carried out at separation unit ID: 1509713998
{ recyclable of type P dropped into box....}
Box has ID: 619929778
--------------------------------------------------
separating paper......
process carried out at separation unit ID: 1509713998
{ recyclable of type P dropped into box....}
Box has ID: 619929778
--------------------------------------------------
separating paper......
process carried out at separation unit ID: 1509713998
{ recyclable of type P dropped into box....}
Box has ID: 619929778
--------------------------------------------------
separating paper......
process carried out at separation unit ID: 1509713998
{ recyclable of type P dropped into box....}
Box has ID: 619929778
--------------------------------------------------
separating paper......
process carried out at separation unit ID: 1509713998
{ recyclable of type P dropped into box....}
Box has ID: 619929778
--------------------------------------------------
separating paper......
process carried out at separation unit ID: 1509713998
{ recyclable of type P dropped into box....}
Box has ID: 619929778
--------------------------------------------------
separating paper......
process carried out at separation unit ID: 1509713998
{ recyclable of type P dropped into box....}
Box has ID: 619929778
--------------------------------------------------
separating paper......
process carried out at separation unit ID: 1509713998
{ recyclable of type P dropped into box....}
Box has ID: 619929778
--------------------------------------------------
separating paper......
process carried out at separation unit ID: 1509713998
{ recyclable of type P dropped into box....}
Box has ID: 619929778
--------------------------------------------------
separating paper......
process carried out at separation unit ID: 1509713998
{ recyclable of type P dropped into box....}
Box has ID: 619929778
--------------------------------------------------
separating paper......
process carried out at separation unit ID: 1509713998
{ recyclable of type P dropped into box....}
Box has ID: 619929778
--------------------------------------------------
separating paper......
process carried out at separation unit ID: 1509713998
{ recyclable of type P dropped into box....}
Box has ID: 619929778
--------------------------------------------------
separating paper......
process carried out at separation unit ID: 1509713998
{ recyclable of type P dropped into box....}
Box has ID: 619929778
--------------------------------------------------
separating paper......
process carried out at separation unit ID: 1509713998
{ recyclable of type P dropped into box....}
Box has ID: 619929778
--------------------------------------------------
separating paper......
process carried out at separation unit ID: 1509713998
{ recyclable of type P dropped into box....}
Box has ID: 619929778
--------------------------------------------------
separating paper......
process carried out at separation unit ID: 1509713998
{ recyclable of type P dropped into box....}
Box has ID: 619929778
--------------------------------------------------
separating paper......
process carried out at separation unit ID: 1509713998
{ recyclable of type P dropped into box....}
Box has ID: 619929778
--------------------------------------------------
separating paper......
process carried out at separation unit ID: 1509713998
{ recyclable of type P dropped into box....}
Box has ID: 619929778
--------------------------------------------------
separating paper......
process carried out at separation unit ID: 1509713998
{ recyclable of type P dropped into box....}
Box has ID: 619929778
--------------------------------------------------
separating paper......
process carried out at separation unit ID: 1509713998
{ recyclable of type P dropped into box....}
Box has ID: 619929778
--------------------------------------------------
separating paper......
process carried out at separation unit ID: 1509713998
{ recyclable of type P dropped into box....}
Box has ID: 619929778
--------------------------------------------------
separating paper......
process carried out at separation unit ID: 1509713998
{ recyclable of type P dropped into box....}
Box has ID: 619929778
--------------------------------------------------
separating paper......
process carried out at separation unit ID: 1509713998
{ recyclable of type P dropped into box....}
Box has ID: 619929778
--------------------------------------------------
separating paper......
process carried out at separation unit ID: 1509713998
{ recyclable of type P dropped into box....}
Box has ID: 619929778
--------------------------------------------------
separating paper......
process carried out at separation unit ID: 1509713998
{ recyclable of type P dropped into box....}
Box has ID: 619929778
--------------------------------------------------
separating paper......
process carried out at separation unit ID: 1509713998
{ recyclable of type P dropped into box....}
Box has ID: 619929778
--------------------------------------------------
separating paper......
process carried out at separation unit ID: 1509713998
{ recyclable of type P dropped into box....}
Box has ID: 619929778
--------------------------------------------------
separating paper......
process carried out at separation unit ID: 1509713998
{ recyclable of type P dropped into box....}
Box has ID: 619929778
--------------------------------------------------
separating paper......
process carried out at separation unit ID: 1509713998
{ recyclable of type P dropped into box....}
Box has ID: 619929778
--------------------------------------------------
separating paper......
process carried out at separation unit ID: 1509713998
{ recyclable of type P dropped into box....}
Box has ID: 619929778
--------------------------------------------------
separating paper......
process carried out at separation unit ID: 1509713998
{ recyclable of type P dropped into box....}
Box has ID: 619929778
--------------------------------------------------
separating paper......
process carried out at separation unit ID: 1509713998
{ recyclable of type P dropped into box....}
Box has ID: 619929778
--------------------------------------------------
separating paper......
process carried out at separation unit ID: 1509713998
{ recyclable of type P dropped into box....}
Box has ID: 619929778
--------------------------------------------------
separating paper......
process carried out at separation unit ID: 1509713998
{ recyclable of type P dropped into box....}
Box has ID: 619929778
--------------------------------------------------
separating paper......
process carried out at separation unit ID: 1509713998
{ recyclable of type P dropped into box....}
Box has ID: 619929778
--------------------------------------------------
separating paper......
process carried out at separation unit ID: 1509713998
{ recyclable of type P dropped into box....}
Box has ID: 619929778
--------------------------------------------------
separating paper......
process carried out at separation unit ID: 1509713998
{ recyclable of type P dropped into box....}
Box has ID: 619929778
--------------------------------------------------
separating paper......
process carried out at separation unit ID: 1509713998
{ recyclable of type P dropped into box....}
Box has ID: 619929778
--------------------------------------------------
separating paper......
process carried out at separation unit ID: 1509713998
{ recyclable of type P dropped into box....}
Box has ID: 619929778
--------------------------------------------------
separating paper......
process carried out at separation unit ID: 1509713998
{ recyclable of type P dropped into box....}
Box has ID: 619929778
--------------------------------------------------
separating paper......
process carried out at separation unit ID: 1509713998
{ recyclable of type P dropped into box....}
Box has ID: 619929778
--------------------------------------------------
separating paper......
process carried out at separation unit ID: 1509713998
{ recyclable of type P dropped into box....}
Box has ID: 619929778
--------------------------------------------------
separating paper......
process carried out at separation unit ID: 1509713998
{ recyclable of type P dropped into box....}
Box has ID: 619929778
--------------------------------------------------
separating paper......
process carried out at separation unit ID: 1509713998
{ recyclable of type P dropped into box....}
Box has ID: 619929778
--------------------------------------------------
separating paper......
process carried out at separation unit ID: 1509713998
{ recyclable of type P dropped into box....}
Box has ID: 619929778
--------------------------------------------------
separating paper......
process carried out at separation unit ID: 1509713998
{ recyclable of type P dropped into box....}
Box has ID: 619929778
--------------------------------------------------
separating paper......
process carried out at separation unit ID: 1509713998
{ recyclable of type P dropped into box....}
Box has ID: 619929778
--------------------------------------------------
separating paper......
process carried out at separation unit ID: 1509713998
{ recyclable of type P dropped into box....}
Box has ID: 619929778
--------------------------------------------------
separating paper......
process carried out at separation unit ID: 1509713998
{ recyclable of type P dropped into box....}
Box has ID: 619929778
--------------------------------------------------
separating paper......
process carried out at separation unit ID: 1509713998
{ recyclable of type P dropped into box....}
Box has ID: 619929778
--------------------------------------------------
separating paper......
process carried out at separation unit ID: 1509713998
{ recyclable of type P dropped into box....}
Box has ID: 619929778
--------------------------------------------------
separating paper......
process carried out at separation unit ID: 1509713998
{ recyclable of type P dropped into box....}
Box has ID: 619929778
--------------------------------------------------
separating paper......
process carried out at separation unit ID: 1509713998
{ recyclable of type P dropped into box....}
Box has ID: 619929778
--------------------------------------------------
separating paper......
process carried out at separation unit ID: 1509713998
{ recyclable of type P dropped into box....}
Box has ID: 619929778
--------------------------------------------------
separating paper......
process carried out at separation unit ID: 1509713998
{ recyclable of type P dropped into box....}
Box has ID: 619929778
--------------------------------------------------
separating paper......
process carried out at separation unit ID: 1509713998
{ recyclable of type P dropped into box....}
Box has ID: 619929778
--------------------------------------------------
separating paper......
process carried out at separation unit ID: 1509713998
{ recyclable of type P dropped into box....}
Box has ID: 619929778
--------------------------------------------------
separating paper......
process carried out at separation unit ID: 1509713998
{ recyclable of type P dropped into box....}
Box has ID: 619929778
--------------------------------------------------
separating paper......
process carried out at separation unit ID: 1509713998
{ recyclable of type P dropped into box....}
Box has ID: 619929778
--------------------------------------------------
separating paper......
process carried out at separation unit ID: 1509713998
{ recyclable of type P dropped into box....}
Box has ID: 619929778
--------------------------------------------------
separating paper......
process carried out at separation unit ID: 1509713998
{ recyclable of type P dropped into box....}
Box has ID: 619929778
--------------------------------------------------
separating paper......
process carried out at separation unit ID: 1509713998
{ recyclable of type P dropped into box....}
Box has ID: 619929778
--------------------------------------------------
separating paper......
process carried out at separation unit ID: 1509713998
{ recyclable of type P dropped into box....}
Box has ID: 619929778
--------------------------------------------------
separating paper......
process carried out at separation unit ID: 1509713998
{ recyclable of type P dropped into box....}
Box has ID: 619929778
--------------------------------------------------
separating paper......
process carried out at separation unit ID: 1509713998
{ recyclable of type P dropped into box....}
Box has ID: 619929778
--------------------------------------------------
separating paper......
process carried out at separation unit ID: 1509713998
{ recyclable of type P dropped into box....}
Box has ID: 619929778
--------------------------------------------------
separating paper......
process carried out at separation unit ID: 1509713998
{ recyclable of type P dropped into box....}
Box has ID: 619929778
--------------------------------------------------
separating paper......
process carried out at separation unit ID: 1509713998
{ recyclable of type P dropped into box....}
Box has ID: 619929778
--------------------------------------------------
separating paper......
process carried out at separation unit ID: 1509713998
{ recyclable of type P dropped into box....}
Box has ID: 619929778
--------------------------------------------------
separating paper......
process carried out at separation unit ID: 1509713998
{ recyclable of type P dropped into box....}
Box has ID: 619929778
--------------------------------------------------
separating paper......
process carried out at separation unit ID: 1509713998
{ recyclable of type P dropped into box....}
Box has ID: 619929778
--------------------------------------------------
separating paper......
process carried out at separation unit ID: 1509713998
{ recyclable of type P dropped into box....}
Box has ID: 619929778
--------------------------------------------------
separating paper......
process carried out at separation unit ID: 1509713998
{ recyclable of type P dropped into box....}
Box has ID: 619929778
--------------------------------------------------
separating paper......
process carried out at separation unit ID: 1509713998
{ recyclable of type P dropped into box....}
Box has ID: 619929778
--------------------------------------------------
separating paper......
process carried out at separation unit ID: 1509713998
{ recyclable of type P dropped into box....}
Box has ID: 619929778
--------------------------------------------------
separating paper......
process carried out at separation unit ID: 1509713998
{ recyclable of type P dropped into box....}
Box has ID: 619929778
--------------------------------------------------
separating paper......
process carried out at separation unit ID: 1509713998
{ recyclable of type P dropped into box....}
Box has ID: 619929778
--------------------------------------------------
separating paper......
process carried out at separation unit ID: 1509713998
{ recyclable of type P dropped into box....}
Box has ID: 619929778
--------------------------------------------------
separating paper......
process carried out at separation unit ID: 1509713998
{ recyclable of type P dropped into box....}
Box has ID: 619929778
--------------------------------------------------
separating paper......
process carried out at separation unit ID: 1509713998
{ recyclable of type P dropped into box....}
Box has ID: 619929778
--------------------------------------------------
separating paper......
process carried out at separation unit ID: 1509713998
{ recyclable of type P dropped into box....}
Box has ID: 619929778
--------------------------------------------------
separating paper......
process carried out at separation unit ID: 1509713998
{ recyclable of type P dropped into box....}
Box has ID: 619929778
--------------------------------------------------
separating paper......
process carried out at separation unit ID: 1509713998
{ recyclable of type P dropped into box....}
Box has ID: 619929778
--------------------------------------------------
separating paper......
process carried out at separation unit ID: 1509713998
{ recyclable of type P dropped into box....}
Box has ID: 619929778
--------------------------------------------------
separating paper......
process carried out at separation unit ID: 1509713998
{ recyclable of type P dropped into box....}
Box has ID: 619929778
--------------------------------------------------
separating paper......
process carried out at separation unit ID: 1509713998
{ recyclable of type P dropped into box....}
Box has ID: 619929778
--------------------------------------------------
separating paper......
process carried out at separation unit ID: 1509713998
{ recyclable of type P dropped into box....}
Box has ID: 619929778
--------------------------------------------------
separating paper......
process carried out at separation unit ID: 1509713998
{ recyclable of type P dropped into box....}
Box has ID: 619929778
--------------------------------------------------
separating paper......
process carried out at separation unit ID: 1509713998
{ recyclable of type P dropped into box....}
Box has ID: 619929778
--------------------------------------------------
separating paper......
process carried out at separation unit ID: 1509713998
{ recyclable of type P dropped into box....}
Box has ID: 619929778
--------------------------------------------------
separating paper......
process carried out at separation unit ID: 1509713998
{ recyclable of type P dropped into box....}
Box has ID: 619929778
--------------------------------------------------
separating paper......
process carried out at separation unit ID: 1509713998
{ recyclable of type P dropped into box....}
Box has ID: 619929778
--------------------------------------------------
separating paper......
process carried out at separation unit ID: 1509713998
{ recyclable of type P dropped into box....}
Box has ID: 619929778
--------------------------------------------------
separating paper......
process carried out at separation unit ID: 1509713998
{ recyclable of type P dropped into box....}
Box has ID: 619929778
--------------------------------------------------
separating paper......
process carried out at separation unit ID: 1509713998
{ recyclable of type P dropped into box....}
Box has ID: 619929778
--------------------------------------------------
separating paper......
process carried out at separation unit ID: 1509713998
{ recyclable of type P dropped into box....}
Box has ID: 619929778
--------------------------------------------------
separating paper......
process carried out at separation unit ID: 1509713998
{ recyclable of type P dropped into box....}
Box has ID: 619929778
--------------------------------------------------
separating paper......
process carried out at separation unit ID: 1509713998
{ recyclable of type P dropped into box....}
Box has ID: 619929778
--------------------------------------------------
separating paper......
process carried out at separation unit ID: 1509713998
{ recyclable of type P dropped into box....}
Box has ID: 619929778
--------------------------------------------------
separating paper......
process carried out at separation unit ID: 1509713998
{ recyclable of type P dropped into box....}
Box has ID: 619929778
--------------------------------------------------
separating paper......
process carried out at separation unit ID: 1509713998
{ recyclable of type P dropped into box....}
Box has ID: 619929778
--------------------------------------------------
separating paper......
process carried out at separation unit ID: 1509713998
{ recyclable of type P dropped into box....}
Box has ID: 619929778
--------------------------------------------------
separating paper......
process carried out at separation unit ID: 1509713998
{ recyclable of type P dropped into box....}
Box has ID: 619929778
--------------------------------------------------
separating paper......
process carried out at separation unit ID: 1509713998
{ recyclable of type P dropped into box....}
Box has ID: 619929778
--------------------------------------------------
separating paper......
process carried out at separation unit ID: 1509713998
{ recyclable of type P dropped into box....}
Box has ID: 619929778
--------------------------------------------------
separating paper......
process carried out at separation unit ID: 1509713998
{ recyclable of type P dropped into box....}
Box has ID: 619929778
--------------------------------------------------
separating paper......
process carried out at separation unit ID: 1509713998
{ recyclable of type P dropped into box....}
Box has ID: 619929778
--------------------------------------------------
separating paper......
process carried out at separation unit ID: 1509713998
{ recyclable of type P dropped into box....}
Box has ID: 619929778
--------------------------------------------------
separating paper......
process carried out at separation unit ID: 1509713998
{ recyclable of type P dropped into box....}
Box has ID: 619929778
--------------------------------------------------
separating paper......
process carried out at separation unit ID: 1509713998
{ recyclable of type P dropped into box....}
Box has ID: 619929778
--------------------------------------------------
separating paper......
process carried out at separation unit ID: 1509713998
{ recyclable of type P dropped into box....}
Box has ID: 619929778
--------------------------------------------------
separating paper......
process carried out at separation unit ID: 1509713998
{ recyclable of type P dropped into box....}
Box has ID: 619929778
--------------------------------------------------
separating paper......
process carried out at separation unit ID: 1509713998
{ recyclable of type P dropped into box....}
Box has ID: 619929778
--------------------------------------------------
separating paper......
process carried out at separation unit ID: 1509713998
{ recyclable of type P dropped into box....}
Box has ID: 619929778
--------------------------------------------------
separating paper......
process carried out at separation unit ID: 1509713998
{ recyclable of type P dropped into box....}
Box has ID: 619929778
--------------------------------------------------
separating paper......
process carried out at separation unit ID: 1509713998
{ recyclable of type P dropped into box....}
Box has ID: 619929778
--------------------------------------------------
separating paper......
process carried out at separation unit ID: 1509713998
{ recyclable of type P dropped into box....}
Box has ID: 619929778
--------------------------------------------------
separating paper......
process carried out at separation unit ID: 1509713998
{ recyclable of type P dropped into box....}
Box has ID: 619929778
--------------------------------------------------
separating paper......
process carried out at separation unit ID: 1509713998
{ recyclable of type P dropped into box....}
Box has ID: 619929778
--------------------------------------------------
separating paper......
process carried out at separation unit ID: 1509713998
{ recyclable of type P dropped into box....}
Box has ID: 619929778
--------------------------------------------------
separating paper......
process carried out at separation unit ID: 1509713998
{ recyclable of type P dropped into box....}
Box has ID: 619929778
--------------------------------------------------
separating paper......
process carried out at separation unit ID: 1509713998
{ recyclable of type P dropped into box....}
Box has ID: 619929778
--------------------------------------------------
separating paper......
process carried out at separation unit ID: 1509713998
{ recyclable of type P dropped into box....}
Box has ID: 619929778
--------------------------------------------------
separating paper......
process carried out at separation unit ID: 1509713998
{ recyclable of type P dropped into box....}
Box has ID: 619929778
--------------------------------------------------
separating paper......
process carried out at separation unit ID: 1509713998
{ recyclable of type P dropped into box....}
Box has ID: 619929778
--------------------------------------------------
separating paper......
process carried out at separation unit ID: 1509713998
{ recyclable of type P dropped into box....}
Box has ID: 619929778
--------------------------------------------------
separating paper......
process carried out at separation unit ID: 1509713998
{ recyclable of type P dropped into box....}
Box has ID: 619929778
--------------------------------------------------
separating paper......
process carried out at separation unit ID: 1509713998
{ recyclable of type P dropped into box....}
Box has ID: 619929778
--------------------------------------------------
separating paper......
process carried out at separation unit ID: 1509713998
{ recyclable of type P dropped into box....}
Box has ID: 619929778
--------------------------------------------------
separating paper......
process carried out at separation unit ID: 1509713998
{ recyclable of type P dropped into box....}
Box has ID: 619929778
--------------------------------------------------
separating paper......
process carried out at separation unit ID: 1509713998
{ recyclable of type P dropped into box....}
Box has ID: 619929778
--------------------------------------------------
separating paper......
process carried out at separation unit ID: 1509713998
{ recyclable of type P dropped into box....}
Box has ID: 619929778
--------------------------------------------------
separating paper......
process carried out at separation unit ID: 1509713998
{ recyclable of type P dropped into box....}
Box has ID: 619929778
--------------------------------------------------
separating paper......
process carried out at separation unit ID: 1509713998
{ recyclable of type P dropped into box....}
Box has ID: 619929778
--------------------------------------------------
separating paper......
process carried out at separation unit ID: 1509713998
{ recyclable of type P dropped into box....}
Box has ID: 619929778
--------------------------------------------------
separating paper......
process carried out at separation unit ID: 1509713998
{ recyclable of type P dropped into box....}
Box has ID: 619929778
--------------------------------------------------
separating paper......
process carried out at separation unit ID: 1509713998
{ recyclable of type P dropped into box....}
Box has ID: 619929778
--------------------------------------------------
separating paper......
process carried out at separation unit ID: 1509713998
{ recyclable of type P dropped into box....}
Box has ID: 619929778
--------------------------------------------------
separating paper......
process carried out at separation unit ID: 1509713998
{ recyclable of type P dropped into box....}
Box has ID: 619929778
--------------------------------------------------
separating paper......
process carried out at separation unit ID: 1509713998
{ recyclable of type P dropped into box....}
Box has ID: 619929778
--------------------------------------------------
separating paper......
process carried out at separation unit ID: 1509713998
{ recyclable of type P dropped into box....}
Box has ID: 619929778
--------------------------------------------------
separating paper......
process carried out at separation unit ID: 1509713998
{ recyclable of type P dropped into box....}
Box has ID: 619929778
--------------------------------------------------
separating paper......
process carried out at separation unit ID: 1509713998
{ recyclable of type P dropped into box....}
Box has ID: 619929778
--------------------------------------------------
separating paper......
process carried out at separation unit ID: 1509713998
{ recyclable of type P dropped into box....}
Box has ID: 619929778
--------------------------------------------------
separating paper......
process carried out at separation unit ID: 1509713998
{ recyclable of type P dropped into box....}
Box has ID: 619929778
--------------------------------------------------
separating paper......
process carried out at separation unit ID: 1509713998
{ recyclable of type P dropped into box....}
Box has ID: 619929778
--------------------------------------------------
separating paper......
process carried out at separation unit ID: 1509713998
{ recyclable of type P dropped into box....}
Box has ID: 619929778
--------------------------------------------------
separating paper......
process carried out at separation unit ID: 1509713998
{ recyclable of type P dropped into box....}
Box has ID: 619929778
--------------------------------------------------
separating paper......
process carried out at separation unit ID: 1509713998
{ recyclable of type P dropped into box....}
Box has ID: 619929778
--------------------------------------------------
separating paper......
process carried out at separation unit ID: 1509713998
{ recyclable of type P dropped into box....}
Box has ID: 619929778
--------------------------------------------------
separating paper......
process carried out at separation unit ID: 1509713998
{ recyclable of type P dropped into box....}
Box has ID: 619929778
--------------------------------------------------
separating paper......
process carried out at separation unit ID: 1509713998
{ recyclable of type P dropped into box....}
Box has ID: 619929778
--------------------------------------------------
separating paper......
process carried out at separation unit ID: 1509713998
{ recyclable of type P dropped into box....}
Box has ID: 619929778
--------------------------------------------------
separating paper......
process carried out at separation unit ID: 1509713998
{ recyclable of type P dropped into box....}
Box has ID: 619929778
--------------------------------------------------
separating paper......
process carried out at separation unit ID: 1509713998
{ recyclable of type P dropped into box....}
Box has ID: 619929778
--------------------------------------------------
separating paper......
process carried out at separation unit ID: 1509713998
{ recyclable of type P dropped into box....}
Box has ID: 619929778
--------------------------------------------------
separating paper......
process carried out at separation unit ID: 1509713998
{ recyclable of type P dropped into box....}
Box has ID: 619929778
--------------------------------------------------
separating paper......
process carried out at separation unit ID: 1509713998
{ recyclable of type P dropped into box....}
Box has ID: 619929778
--------------------------------------------------
separating paper......
process carried out at separation unit ID: 1509713998
{ recyclable of type P dropped into box....}
Box has ID: 619929778
--------------------------------------------------
separating paper......
process carried out at separation unit ID: 1509713998
{ recyclable of type P dropped into box....}
Box has ID: 619929778
--------------------------------------------------
separating paper......
process carried out at separation unit ID: 1509713998
{ recyclable of type P dropped into box....}
Box has ID: 619929778
--------------------------------------------------
separating paper......
process carried out at separation unit ID: 1509713998
{ recyclable of type P dropped into box....}
Box has ID: 619929778
--------------------------------------------------
separating paper......
process carried out at separation unit ID: 1509713998
{ recyclable of type P dropped into box....}
Box has ID: 619929778
--------------------------------------------------
separating paper......
process carried out at separation unit ID: 1509713998
{ recyclable of type P dropped into box....}
Box has ID: 619929778
--------------------------------------------------
separating paper......
process carried out at separation unit ID: 1509713998
{ recyclable of type P dropped into box....}
Box has ID: 619929778
--------------------------------------------------
separating paper......
process carried out at separation unit ID: 1509713998
{ recyclable of type P dropped into box....}
Box has ID: 619929778
--------------------------------------------------
separating paper......
process carried out at separation unit ID: 1509713998
{ recyclable of type P dropped into box....}
Box has ID: 619929778
--------------------------------------------------
separating paper......
process carried out at separation unit ID: 1509713998
{ recyclable of type P dropped into box....}
Box has ID: 619929778
--------------------------------------------------
separating paper......
process carried out at separation unit ID: 1509713998
{ recyclable of type P dropped into box....}
Box has ID: 619929778
--------------------------------------------------
separating paper......
process carried out at separation unit ID: 1509713998
{ recyclable of type P dropped into box....}
Box has ID: 619929778
--------------------------------------------------
separating paper......
process carried out at separation unit ID: 1509713998
{ recyclable of type P dropped into box....}
Box has ID: 619929778
--------------------------------------------------
separating paper......
process carried out at separation unit ID: 1509713998
{ recyclable of type P dropped into box....}
Box has ID: 619929778
--------------------------------------------------
separating paper......
process carried out at separation unit ID: 1509713998
{ recyclable of type P dropped into box....}
Box has ID: 619929778
--------------------------------------------------
separating paper......
process carried out at separation unit ID: 1509713998
{ recyclable of type P dropped into box....}
Box has ID: 619929778
--------------------------------------------------
separating paper......
process carried out at separation unit ID: 1509713998
{ recyclable of type P dropped into box....}
Box has ID: 619929778
--------------------------------------------------
separating paper......
process carried out at separation unit ID: 1509713998
{ recyclable of type P dropped into box....}
Box has ID: 619929778
--------------------------------------------------
separating paper......
process carried out at separation unit ID: 1509713998
{ recyclable of type P dropped into box....}
Box has ID: 619929778
--------------------------------------------------
separating paper......
process carried out at separation unit ID: 1509713998
{ recyclable of type P dropped into box....}
Box has ID: 619929778
--------------------------------------------------
separating paper......
process carried out at separation unit ID: 1509713998
{ recyclable of type P dropped into box....}
Box has ID: 619929778
--------------------------------------------------
separating paper......
process carried out at separation unit ID: 1509713998
{ recyclable of type P dropped into box....}
Box has ID: 619929778
--------------------------------------------------
separating paper......
process carried out at separation unit ID: 1509713998
{ recyclable of type P dropped into box....}
Box has ID: 619929778
--------------------------------------------------
separating paper......
process carried out at separation unit ID: 1509713998
{ recyclable of type P dropped into box....}
Box has ID: 619929778
--------------------------------------------------
separating paper......
process carried out at separation unit ID: 1509713998
{ recyclable of type P dropped into box....}
Box has ID: 619929778
--------------------------------------------------
separating paper......
process carried out at separation unit ID: 1509713998
{ recyclable of type P dropped into box....}
Box has ID: 619929778
--------------------------------------------------
separating paper......
process carried out at separation unit ID: 1509713998
{ recyclable of type P dropped into box....}
Box has ID: 619929778
--------------------------------------------------
separating paper......
process carried out at separation unit ID: 1509713998
{ recyclable of type P dropped into box....}
Box has ID: 619929778
--------------------------------------------------
separating paper......
process carried out at separation unit ID: 1509713998
{ recyclable of type P dropped into box....}
Box has ID: 619929778
--------------------------------------------------
separating paper......
process carried out at separation unit ID: 1509713998
{ recyclable of type P dropped into box....}
Box has ID: 619929778
--------------------------------------------------
separating paper......
process carried out at separation unit ID: 1509713998
{ recyclable of type P dropped into box....}
Box has ID: 619929778
--------------------------------------------------
separating paper......
process carried out at separation unit ID: 1509713998
{ recyclable of type P dropped into box....}
Box has ID: 619929778
--------------------------------------------------
separating paper......
process carried out at separation unit ID: 1509713998
{ recyclable of type P dropped into box....}
Box has ID: 619929778
--------------------------------------------------
separating paper......
process carried out at separation unit ID: 1509713998
{ recyclable of type P dropped into box....}
Box has ID: 619929778
--------------------------------------------------
separating paper......
process carried out at separation unit ID: 1509713998
{ recyclable of type P dropped into box....}
Box has ID: 619929778
--------------------------------------------------
separating paper......
process carried out at separation unit ID: 1509713998
{ recyclable of type P dropped into box....}
Box has ID: 619929778
--------------------------------------------------
separating paper......
process carried out at separation unit ID: 1509713998
{ recyclable of type P dropped into box....}
Box has ID: 619929778
--------------------------------------------------
separating paper......
process carried out at separation unit ID: 1509713998
{ recyclable of type P dropped into box....}
Box has ID: 619929778
--------------------------------------------------
separating paper......
process carried out at separation unit ID: 1509713998
{ recyclable of type P dropped into box....}
Box has ID: 619929778
--------------------------------------------------
separating paper......
process carried out at separation unit ID: 1509713998
{ recyclable of type P dropped into box....}
Box has ID: 619929778
--------------------------------------------------
separating paper......
process carried out at separation unit ID: 1509713998
{ recyclable of type P dropped into box....}
Box has ID: 619929778
--------------------------------------------------
separating paper......
process carried out at separation unit ID: 1509713998
{ recyclable of type P dropped into box....}
Box has ID: 619929778
--------------------------------------------------
separating paper......
process carried out at separation unit ID: 1509713998
{ recyclable of type P dropped into box....}
Box has ID: 619929778
--------------------------------------------------
separating paper......
process carried out at separation unit ID: 1509713998
{ recyclable of type P dropped into box....}
Box has ID: 619929778
--------------------------------------------------
separating paper......
process carried out at separation unit ID: 1509713998
{ recyclable of type P dropped into box....}
Box has ID: 619929778
--------------------------------------------------
separating paper......
process carried out at separation unit ID: 1509713998
{ recyclable of type P dropped into box....}
Box has ID: 619929778
--------------------------------------------------
separating paper......
process carried out at separation unit ID: 1509713998
{ recyclable of type P dropped into box....}
Box has ID: 619929778
--------------------------------------------------
separating paper......
process carried out at separation unit ID: 1509713998
{ recyclable of type P dropped into box....}
Box has ID: 619929778
--------------------------------------------------
separating paper......
process carried out at separation unit ID: 1509713998
{ recyclable of type P dropped into box....}
Box has ID: 619929778
--------------------------------------------------
separating paper......
process carried out at separation unit ID: 1509713998
{ recyclable of type P dropped into box....}
Box has ID: 619929778
--------------------------------------------------
separating paper......
process carried out at separation unit ID: 1509713998
{ recyclable of type P dropped into box....}
Box has ID: 619929778
--------------------------------------------------
separating paper......
process carried out at separation unit ID: 1509713998
{ recyclable of type P dropped into box....}
Box has ID: 619929778
--------------------------------------------------
separating paper......
process carried out at separation unit ID: 1509713998
{ recyclable of type P dropped into box....}
Box has ID: 619929778
--------------------------------------------------
separating paper......
process carried out at separation unit ID: 1509713998
{ recyclable of type P dropped into box....}
Box has ID: 619929778
--------------------------------------------------
separating paper......
process carried out at separation unit ID: 1509713998
{ recyclable of type P dropped into box....}
Box has ID: 619929778
--------------------------------------------------
separating paper......
process carried out at separation unit ID: 1509713998
{ recyclable of type P dropped into box....}
Box has ID: 619929778
--------------------------------------------------
separating paper......
process carried out at separation unit ID: 1509713998
{ recyclable of type P dropped into box....}
Box has ID: 619929778
--------------------------------------------------
separating paper......
process carried out at separation unit ID: 1509713998
{ recyclable of type P dropped into box....}
Box has ID: 619929778
--------------------------------------------------
separating paper......
process carried out at separation unit ID: 1509713998
{ recyclable of type P dropped into box....}
Box has ID: 619929778
--------------------------------------------------
separating paper......
process carried out at separation unit ID: 1509713998
{ recyclable of type P dropped into box....}
Box has ID: 619929778
--------------------------------------------------
separating paper......
process carried out at separation unit ID: 1509713998
{ recyclable of type P dropped into box....}
Box has ID: 619929778
--------------------------------------------------
separating paper......
process carried out at separation unit ID: 1509713998
{ recyclable of type P dropped into box....}
Box has ID: 619929778
--------------------------------------------------
separating paper......
process carried out at separation unit ID: 1509713998
{ recyclable of type P dropped into box....}
Box has ID: 619929778
--------------------------------------------------
separating paper......
process carried out at separation unit ID: 1509713998
{ recyclable of type P dropped into box....}
Box has ID: 619929778
--------------------------------------------------
separating paper......
process carried out at separation unit ID: 1509713998
{ recyclable of type P dropped into box....}
Box has ID: 619929778
--------------------------------------------------
separating paper......
process carried out at separation unit ID: 1509713998
{ recyclable of type P dropped into box....}
Box has ID: 619929778
--------------------------------------------------
separating paper......
process carried out at separation unit ID: 1509713998
{ recyclable of type P dropped into box....}
Box has ID: 619929778
--------------------------------------------------
separating paper......
process carried out at separation unit ID: 1509713998
{ recyclable of type P dropped into box....}
Box has ID: 619929778
--------------------------------------------------
separating paper......
process carried out at separation unit ID: 1509713998
{ recyclable of type P dropped into box....}
Box has ID: 619929778
--------------------------------------------------
separating paper......
process carried out at separation unit ID: 1509713998
{ recyclable of type P dropped into box....}
Box has ID: 619929778
--------------------------------------------------
separating paper......
process carried out at separation unit ID: 1509713998
{ recyclable of type P dropped into box....}
Box has ID: 619929778
--------------------------------------------------
separating paper......
process carried out at separation unit ID: 1509713998
{ recyclable of type P dropped into box....}
Box has ID: 619929778
--------------------------------------------------
separating paper......
process carried out at separation unit ID: 1509713998
{ recyclable of type P dropped into box....}
Box has ID: 619929778
--------------------------------------------------
separating paper......
process carried out at separation unit ID: 1509713998
{ recyclable of type P dropped into box....}
Box has ID: 619929778
--------------------------------------------------
separating paper......
process carried out at separation unit ID: 1509713998
{ recyclable of type P dropped into box....}
Box has ID: 619929778
--------------------------------------------------
separating paper......
process carried out at separation unit ID: 1509713998
{ recyclable of type P dropped into box....}
Box has ID: 619929778
--------------------------------------------------
separating paper......
process carried out at separation unit ID: 1509713998
{ recyclable of type P dropped into box....}
Box has ID: 619929778
--------------------------------------------------
separating paper......
process carried out at separation unit ID: 1509713998
{ recyclable of type P dropped into box....}
Box has ID: 619929778
--------------------------------------------------
separating paper......
process carried out at separation unit ID: 1509713998
{ recyclable of type P dropped into box....}
Box has ID: 619929778
--------------------------------------------------
separating paper......
process carried out at separation unit ID: 1509713998
{ recyclable of type P dropped into box....}
Box has ID: 619929778
--------------------------------------------------
separating paper......
process carried out at separation unit ID: 1509713998
{ recyclable of type P dropped into box....}
Box has ID: 619929778
--------------------------------------------------
separating paper......
process carried out at separation unit ID: 1509713998
{ recyclable of type P dropped into box....}
Box has ID: 619929778
--------------------------------------------------
separating paper......
process carried out at separation unit ID: 1509713998
{ recyclable of type P dropped into box....}
Box has ID: 619929778
--------------------------------------------------
separating paper......
process carried out at separation unit ID: 1509713998
{ recyclable of type P dropped into box....}
Box has ID: 619929778
--------------------------------------------------
separating paper......
process carried out at separation unit ID: 1509713998
{ recyclable of type P dropped into box....}
Box has ID: 619929778
--------------------------------------------------
separating paper......
process carried out at separation unit ID: 1509713998
{ recyclable of type P dropped into box....}
Box has ID: 619929778
--------------------------------------------------
separating paper......
process carried out at separation unit ID: 1509713998
{ recyclable of type P dropped into box....}
Box has ID: 619929778
--------------------------------------------------
separating paper......
process carried out at separation unit ID: 1509713998
{ recyclable of type P dropped into box....}
Box has ID: 619929778
--------------------------------------------------
separating paper......
process carried out at separation unit ID: 1509713998
{ recyclable of type P dropped into box....}
Box has ID: 619929778
--------------------------------------------------
separating paper......
process carried out at separation unit ID: 1509713998
{ recyclable of type P dropped into box....}
Box has ID: 619929778
--------------------------------------------------
separating paper......
process carried out at separation unit ID: 1509713998
{ recyclable of type P dropped into box....}
Box has ID: 619929778
--------------------------------------------------
separating paper......
process carried out at separation unit ID: 1509713998
{ recyclable of type P dropped into box....}
Box has ID: 619929778
--------------------------------------------------
separating paper......
process carried out at separation unit ID: 1509713998
{ recyclable of type P dropped into box....}
Box has ID: 619929778
--------------------------------------------------
separating paper......
process carried out at separation unit ID: 1509713998
{ recyclable of type P dropped into box....}
Box has ID: 619929778
--------------------------------------------------
separating paper......
process carried out at separation unit ID: 1509713998
{ recyclable of type P dropped into box....}
Box has ID: 619929778
--------------------------------------------------
separating paper......
process carried out at separation unit ID: 1509713998
{ recyclable of type P dropped into box....}
Box has ID: 619929778
--------------------------------------------------
separating paper......
process carried out at separation unit ID: 1509713998
{ recyclable of type P dropped into box....}
Box has ID: 619929778
--------------------------------------------------
separating paper......
process carried out at separation unit ID: 1509713998
{ recyclable of type P dropped into box....}
Box has ID: 619929778
--------------------------------------------------
separating paper......
process carried out at separation unit ID: 1509713998
{ recyclable of type P dropped into box....}
Box has ID: 619929778
--------------------------------------------------
separating paper......
process carried out at separation unit ID: 1509713998
{ recyclable of type P dropped into box....}
Box has ID: 619929778
--------------------------------------------------
separating paper......
process carried out at separation unit ID: 1509713998
{ recyclable of type P dropped into box....}
Box has ID: 619929778
--------------------------------------------------
separating paper......
process carried out at separation unit ID: 1509713998
{ recyclable of type P dropped into box....}
Box has ID: 619929778
--------------------------------------------------
separating paper......
process carried out at separation unit ID: 1509713998
{ recyclable of type P dropped into box....}
Box has ID: 619929778
--------------------------------------------------
separating paper......
process carried out at separation unit ID: 1509713998
{ recyclable of type P dropped into box....}
Box has ID: 619929778
--------------------------------------------------
separating paper......
process carried out at separation unit ID: 1509713998
{ recyclable of type P dropped into box....}
Box has ID: 619929778
--------------------------------------------------
separating paper......
process carried out at separation unit ID: 1509713998
{ recyclable of type P dropped into box....}
Box has ID: 619929778
--------------------------------------------------
separating paper......
process carried out at separation unit ID: 1509713998
{ recyclable of type P dropped into box....}
Box has ID: 619929778
--------------------------------------------------
separating paper......
process carried out at separation unit ID: 1509713998
{ recyclable of type P dropped into box....}
Box has ID: 619929778
--------------------------------------------------
separating paper......
process carried out at separation unit ID: 1509713998
{ recyclable of type P dropped into box....}
Box has ID: 619929778
--------------------------------------------------
separating paper......
process carried out at separation unit ID: 1509713998
{ recyclable of type P dropped into box....}
Box has ID: 619929778
--------------------------------------------------
separating paper......
process carried out at separation unit ID: 1509713998
{ recyclable of type P dropped into box....}
Box has ID: 619929778
--------------------------------------------------
separating paper......
process carried out at separation unit ID: 1509713998
{ recyclable of type P dropped into box....}
Box has ID: 619929778
--------------------------------------------------
separating paper......
process carried out at separation unit ID: 1509713998
{ recyclable of type P dropped into box....}
Box has ID: 619929778
--------------------------------------------------
separating paper......
process carried out at separation unit ID: 1509713998
{ recyclable of type P dropped into box....}
Box has ID: 619929778
--------------------------------------------------
separating paper......
process carried out at separation unit ID: 1509713998
{ recyclable of type P dropped into box....}
Box has ID: 619929778
--------------------------------------------------
separating paper......
process carried out at separation unit ID: 1509713998
{ recyclable of type P dropped into box....}
Box has ID: 619929778
--------------------------------------------------
separating paper......
process carried out at separation unit ID: 1509713998
{ recyclable of type P dropped into box....}
Box has ID: 619929778
--------------------------------------------------
separating paper......
process carried out at separation unit ID: 1509713998
{ recyclable of type P dropped into box....}
Box has ID: 619929778
--------------------------------------------------
separating paper......
process carried out at separation unit ID: 1509713998
{ recyclable of type P dropped into box....}
Box has ID: 619929778
--------------------------------------------------
separating paper......
process carried out at separation unit ID: 1509713998
{ recyclable of type P dropped into box....}
Box has ID: 619929778
--------------------------------------------------
separating paper......
process carried out at separation unit ID: 1509713998
{ recyclable of type P dropped into box....}
Box has ID: 619929778
--------------------------------------------------
separating paper......
process carried out at separation unit ID: 1509713998
{ recyclable of type P dropped into box....}
Box has ID: 619929778
--------------------------------------------------
separating paper......
process carried out at separation unit ID: 1509713998
{ recyclable of type P dropped into box....}
Box has ID: 619929778
--------------------------------------------------
separating paper......
process carried out at separation unit ID: 1509713998
{ recyclable of type P dropped into box....}
Box has ID: 619929778
--------------------------------------------------
separating paper......
process carried out at separation unit ID: 1509713998
{ recyclable of type P dropped into box....}
Box has ID: 619929778
--------------------------------------------------
separating paper......
process carried out at separation unit ID: 1509713998
{ recyclable of type P dropped into box....}
Box has ID: 619929778
--------------------------------------------------
separating paper......
process carried out at separation unit ID: 1509713998
{ recyclable of type P dropped into box....}
Box has ID: 619929778
--------------------------------------------------
separating paper......
process carried out at separation unit ID: 1509713998
{ recyclable of type P dropped into box....}
Box has ID: 619929778
--------------------------------------------------
separating paper......
process carried out at separation unit ID: 1509713998
{ recyclable of type P dropped into box....}
Box has ID: 619929778
--------------------------------------------------
separating paper......
process carried out at separation unit ID: 1509713998
{ recyclable of type P dropped into box....}
Box has ID: 619929778
--------------------------------------------------
separating paper......
process carried out at separation unit ID: 1509713998
{ recyclable of type P dropped into box....}
Box has ID: 619929778
--------------------------------------------------
separating paper......
process carried out at separation unit ID: 1509713998
{ recyclable of type P dropped into box....}
Box has ID: 619929778
--------------------------------------------------
separating paper......
process carried out at separation unit ID: 1509713998
{ recyclable of type P dropped into box....}
Box has ID: 619929778
--------------------------------------------------
separating paper......
process carried out at separation unit ID: 1509713998
{ recyclable of type P dropped into box....}
Box has ID: 619929778
--------------------------------------------------
separating paper......
process carried out at separation unit ID: 1509713998
{ recyclable of type P dropped into box....}
Box has ID: 619929778
--------------------------------------------------
separating paper......
process carried out at separation unit ID: 1509713998
{ recyclable of type P dropped into box....}
Box has ID: 619929778
--------------------------------------------------
separating paper......
process carried out at separation unit ID: 1509713998
{ recyclable of type P dropped into box....}
Box has ID: 619929778
--------------------------------------------------
separating paper......
process carried out at separation unit ID: 1509713998
{ recyclable of type P dropped into box....}
Box has ID: 619929778
--------------------------------------------------
separating paper......
process carried out at separation unit ID: 1509713998
{ recyclable of type P dropped into box....}
Box has ID: 619929778
--------------------------------------------------
separating paper......
process carried out at separation unit ID: 1509713998
{ recyclable of type P dropped into box....}
Box has ID: 619929778
--------------------------------------------------
separating paper......
process carried out at separation unit ID: 1509713998
{ recyclable of type P dropped into box....}
Box has ID: 619929778
--------------------------------------------------
separating paper......
process carried out at separation unit ID: 1509713998
{ recyclable of type P dropped into box....}
Box has ID: 619929778
--------------------------------------------------
separating paper......
process carried out at separation unit ID: 1509713998
{ recyclable of type P dropped into box....}
Box has ID: 619929778
--------------------------------------------------
separating paper......
process carried out at separation unit ID: 1509713998
{ recyclable of type P dropped into box....}
Box has ID: 619929778
--------------------------------------------------
separating paper......
process carried out at separation unit ID: 1509713998
{ recyclable of type P dropped into box....}
Box has ID: 619929778
--------------------------------------------------
separating paper......
process carried out at separation unit ID: 1509713998
{ recyclable of type P dropped into box....}
Box has ID: 619929778
--------------------------------------------------
separating paper......
process carried out at separation unit ID: 1509713998
{ recyclable of type P dropped into box....}
Box has ID: 619929778
--------------------------------------------------
separating paper......
process carried out at separation unit ID: 1509713998
{ recyclable of type P dropped into box....}
Box has ID: 619929778
--------------------------------------------------
separating paper......
process carried out at separation unit ID: 1509713998
{ recyclable of type P dropped into box....}
Box has ID: 619929778
--------------------------------------------------
separating paper......
process carried out at separation unit ID: 1509713998
{ recyclable of type P dropped into box....}
Box has ID: 619929778
--------------------------------------------------
separating paper......
process carried out at separation unit ID: 1509713998
{ recyclable of type P dropped into box....}
Box has ID: 619929778
--------------------------------------------------
separating paper......
process carried out at separation unit ID: 1509713998
{ recyclable of type P dropped into box....}
Box has ID: 619929778
--------------------------------------------------
separating paper......
process carried out at separation unit ID: 1509713998
{ recyclable of type P dropped into box....}
Box has ID: 619929778
--------------------------------------------------
separating paper......
process carried out at separation unit ID: 1509713998
{ recyclable of type P dropped into box....}
Box has ID: 619929778
--------------------------------------------------
separating paper......
process carried out at separation unit ID: 1509713998
{ recyclable of type P dropped into box....}
Box has ID: 619929778
--------------------------------------------------
separating paper......
process carried out at separation unit ID: 1509713998
{ recyclable of type P dropped into box....}
Box has ID: 619929778
--------------------------------------------------
separating paper......
process carried out at separation unit ID: 1509713998
{ recyclable of type P dropped into box....}
Box has ID: 619929778
--------------------------------------------------
separating paper......
process carried out at separation unit ID: 1509713998
{ recyclable of type P dropped into box....}
Box has ID: 619929778
--------------------------------------------------
separating paper......
process carried out at separation unit ID: 1509713998
{ recyclable of type P dropped into box....}
Box has ID: 619929778
--------------------------------------------------
separating paper......
process carried out at separation unit ID: 1509713998
{ recyclable of type P dropped into box....}
Box has ID: 619929778
--------------------------------------------------
separating paper......
process carried out at separation unit ID: 1509713998
{ recyclable of type P dropped into box....}
Box has ID: 619929778
--------------------------------------------------
separating paper......
process carried out at separation unit ID: 1509713998
{ recyclable of type P dropped into box....}
Box has ID: 619929778
--------------------------------------------------
separating paper......
process carried out at separation unit ID: 1509713998
{ recyclable of type P dropped into box....}
Box has ID: 619929778
--------------------------------------------------
separating paper......
process carried out at separation unit ID: 1509713998
{ recyclable of type P dropped into box....}
Box has ID: 619929778
--------------------------------------------------
separating paper......
process carried out at separation unit ID: 1509713998
{ recyclable of type P dropped into box....}
Box has ID: 619929778
--------------------------------------------------
separating paper......
process carried out at separation unit ID: 1509713998
{ recyclable of type P dropped into box....}
Box has ID: 619929778
--------------------------------------------------
separating paper......
process carried out at separation unit ID: 1509713998
{ recyclable of type P dropped into box....}
Box has ID: 619929778
--------------------------------------------------
separating paper......
process carried out at separation unit ID: 1509713998
{ recyclable of type P dropped into box....}
Box has ID: 619929778
--------------------------------------------------
separating paper......
process carried out at separation unit ID: 1509713998
{ recyclable of type P dropped into box....}
Box has ID: 619929778
--------------------------------------------------
separating paper......
process carried out at separation unit ID: 1509713998
{ recyclable of type P dropped into box....}
Box has ID: 619929778
--------------------------------------------------
separating paper......
process carried out at separation unit ID: 1509713998
{ recyclable of type P dropped into box....}
Box has ID: 619929778
--------------------------------------------------
separating paper......
process carried out at separation unit ID: 1509713998
{ recyclable of type P dropped into box....}
Box has ID: 619929778
--------------------------------------------------
separating paper......
process carried out at separation unit ID: 1509713998
{ recyclable of type P dropped into box....}
Box has ID: 619929778
--------------------------------------------------
separating paper......
process carried out at separation unit ID: 1509713998
{ recyclable of type P dropped into box....}
Box has ID: 619929778
--------------------------------------------------
separating paper......
process carried out at separation unit ID: 1509713998
{ recyclable of type P dropped into box....}
Box has ID: 619929778
--------------------------------------------------
separating paper......
process carried out at separation unit ID: 1509713998
{ recyclable of type P dropped into box....}
Box has ID: 619929778
--------------------------------------------------
separating paper......
process carried out at separation unit ID: 1509713998
{ recyclable of type P dropped into box....}
Box has ID: 619929778
--------------------------------------------------
separating paper......
process carried out at separation unit ID: 1509713998
{ recyclable of type P dropped into box....}
Box has ID: 619929778
--------------------------------------------------
separating paper......
process carried out at separation unit ID: 1509713998
{ recyclable of type P dropped into box....}
Box has ID: 619929778
--------------------------------------------------
separating paper......
process carried out at separation unit ID: 1509713998
{ recyclable of type P dropped into box....}
Box has ID: 619929778
--------------------------------------------------
separating paper......
process carried out at separation unit ID: 1509713998
{ recyclable of type P dropped into box....}
Box has ID: 619929778
--------------------------------------------------
separating paper......
process carried out at separation unit ID: 1509713998
{ recyclable of type P dropped into box....}
Box has ID: 619929778
--------------------------------------------------
separating paper......
process carried out at separation unit ID: 1509713998
{ recyclable of type P dropped into box....}
Box has ID: 619929778
--------------------------------------------------
separating paper......
process carried out at separation unit ID: 1509713998
{ recyclable of type P dropped into box....}
Box has ID: 619929778
--------------------------------------------------
separating paper......
process carried out at separation unit ID: 1509713998
{ recyclable of type P dropped into box....}
Box has ID: 619929778
--------------------------------------------------
separating paper......
process carried out at separation unit ID: 1509713998
{ recyclable of type P dropped into box....}
Box has ID: 619929778
--------------------------------------------------
separating paper......
process carried out at separation unit ID: 1509713998
{ recyclable of type P dropped into box....}
Box has ID: 619929778
--------------------------------------------------
separating paper......
process carried out at separation unit ID: 1509713998
{ recyclable of type P dropped into box....}
Box has ID: 619929778
--------------------------------------------------
separating paper......
process carried out at separation unit ID: 1509713998
{ recyclable of type P dropped into box....}
Box has ID: 619929778
--------------------------------------------------
separating paper......
process carried out at separation unit ID: 1509713998
{ recyclable of type P dropped into box....}
Box has ID: 619929778
--------------------------------------------------
separating paper......
process carried out at separation unit ID: 1509713998
{ recyclable of type P dropped into box....}
Box has ID: 619929778
--------------------------------------------------
separating paper......
process carried out at separation unit ID: 1509713998
{ recyclable of type P dropped into box....}
Box has ID: 619929778
--------------------------------------------------
separating paper......
process carried out at separation unit ID: 1509713998
{ recyclable of type P dropped into box....}
Box has ID: 619929778
--------------------------------------------------
separating paper......
process carried out at separation unit ID: 1509713998
{ recyclable of type P dropped into box....}
Box has ID: 619929778
--------------------------------------------------
separating paper......
process carried out at separation unit ID: 1509713998
{ recyclable of type P dropped into box....}
Box has ID: 619929778
--------------------------------------------------
separating paper......
process carried out at separation unit ID: 1509713998
{ recyclable of type P dropped into box....}
Box has ID: 619929778
--------------------------------------------------
separating paper......
process carried out at separation unit ID: 1509713998
{ recyclable of type P dropped into box....}
Box has ID: 619929778
--------------------------------------------------
separating paper......
process carried out at separation unit ID: 1509713998
{ recyclable of type P dropped into box....}
Box has ID: 619929778
--------------------------------------------------
separating paper......
process carried out at separation unit ID: 1509713998
{ recyclable of type P dropped into box....}
Box has ID: 619929778
--------------------------------------------------
separating paper......
process carried out at separation unit ID: 1509713998
{ recyclable of type P dropped into box....}
Box has ID: 619929778
--------------------------------------------------
separating paper......
process carried out at separation unit ID: 1509713998
{ recyclable of type P dropped into box....}
Box has ID: 619929778
--------------------------------------------------
separating paper......
process carried out at separation unit ID: 1509713998
{ recyclable of type P dropped into box....}
Box has ID: 619929778
--------------------------------------------------
separating paper......
process carried out at separation unit ID: 1509713998
{ recyclable of type P dropped into box....}
Box has ID: 619929778
--------------------------------------------------
separating paper......
process carried out at separation unit ID: 1509713998
{ recyclable of type P dropped into box....}
Box has ID: 619929778
--------------------------------------------------
separating paper......
process carried out at separation unit ID: 1509713998
{ recyclable of type P dropped into box....}
Box has ID: 619929778
--------------------------------------------------
separating paper......
process carried out at separation unit ID: 1509713998
{ recyclable of type P dropped into box....}
Box has ID: 619929778
--------------------------------------------------
separating paper......
process carried out at separation unit ID: 1509713998
{ recyclable of type P dropped into box....}
Box has ID: 619929778
--------------------------------------------------
separating paper......
process carried out at separation unit ID: 1509713998
{ recyclable of type P dropped into box....}
Box has ID: 619929778
--------------------------------------------------
separating paper......
process carried out at separation unit ID: 1509713998
{ recyclable of type P dropped into box....}
Box has ID: 619929778
--------------------------------------------------
separating paper......
process carried out at separation unit ID: 1509713998
{ recyclable of type P dropped into box....}
Box has ID: 619929778
--------------------------------------------------
separating paper......
process carried out at separation unit ID: 1509713998
{ recyclable of type P dropped into box....}
Box has ID: 619929778
--------------------------------------------------
separating paper......
process carried out at separation unit ID: 1509713998
{ recyclable of type P dropped into box....}
Box has ID: 619929778
--------------------------------------------------
separating paper......
process carried out at separation unit ID: 1509713998
{ recyclable of type P dropped into box....}
Box has ID: 619929778
--------------------------------------------------
separating paper......
process carried out at separation unit ID: 1509713998
{ recyclable of type P dropped into box....}
Box has ID: 619929778
--------------------------------------------------
separating paper......
process carried out at separation unit ID: 1509713998
{ recyclable of type P dropped into box....}
Box has ID: 619929778
--------------------------------------------------
separating paper......
process carried out at separation unit ID: 1509713998
{ recyclable of type P dropped into box....}
Box has ID: 619929778
--------------------------------------------------
separating paper......
process carried out at separation unit ID: 1509713998
{ recyclable of type P dropped into box....}
Box has ID: 619929778
--------------------------------------------------
separating paper......
process carried out at separation unit ID: 1509713998
{ recyclable of type P dropped into box....}
Box has ID: 619929778
--------------------------------------------------
separating paper......
process carried out at separation unit ID: 1509713998
{ recyclable of type P dropped into box....}
Box has ID: 619929778
--------------------------------------------------
separating paper......
process carried out at separation unit ID: 1509713998
{ recyclable of type P dropped into box....}
Box has ID: 619929778
--------------------------------------------------
separating paper......
process carried out at separation unit ID: 1509713998
{ recyclable of type P dropped into box....}
Box has ID: 619929778
--------------------------------------------------
separating paper......
process carried out at separation unit ID: 1509713998
{ recyclable of type P dropped into box....}
Box has ID: 619929778
--------------------------------------------------
separating paper......
process carried out at separation unit ID: 1509713998
{ recyclable of type P dropped into box....}
Box has ID: 619929778
--------------------------------------------------
separating paper......
process carried out at separation unit ID: 1509713998
{ recyclable of type P dropped into box....}
Box has ID: 619929778
--------------------------------------------------
separating paper......
process carried out at separation unit ID: 1509713998
{ recyclable of type P dropped into box....}
Box has ID: 619929778
--------------------------------------------------
separating paper......
process carried out at separation unit ID: 1509713998
{ recyclable of type P dropped into box....}
Box has ID: 619929778
--------------------------------------------------
separating paper......
process carried out at separation unit ID: 1509713998
{ recyclable of type P dropped into box....}
Box has ID: 619929778
--------------------------------------------------
separating paper......
process carried out at separation unit ID: 1509713998
{ recyclable of type P dropped into box....}
Box has ID: 619929778
--------------------------------------------------
separating paper......
process carried out at separation unit ID: 1509713998
{ recyclable of type P dropped into box....}
Box has ID: 619929778
--------------------------------------------------
separating paper......
process carried out at separation unit ID: 1509713998
{ recyclable of type P dropped into box....}
Box has ID: 619929778
--------------------------------------------------
separating paper......
process carried out at separation unit ID: 1509713998
{ recyclable of type P dropped into box....}
Box has ID: 619929778
--------------------------------------------------
separating paper......
process carried out at separation unit ID: 1509713998
{ recyclable of type P dropped into box....}
Box has ID: 619929778
--------------------------------------------------
separating paper......
process carried out at separation unit ID: 1509713998
{ recyclable of type P dropped into box....}
Box has ID: 619929778
--------------------------------------------------
separating paper......
process carried out at separation unit ID: 1509713998
{ recyclable of type P dropped into box....}
Box has ID: 619929778
--------------------------------------------------
separating paper......
process carried out at separation unit ID: 1509713998
{ recyclable of type P dropped into box....}
Box has ID: 619929778
--------------------------------------------------
separating paper......
process carried out at separation unit ID: 1509713998
{ recyclable of type P dropped into box....}
Box has ID: 619929778
--------------------------------------------------
separating paper......
process carried out at separation unit ID: 1509713998
{ recyclable of type P dropped into box....}
Box has ID: 619929778
--------------------------------------------------
separating paper......
process carried out at separation unit ID: 1509713998
{ recyclable of type P dropped into box....}
Box has ID: 619929778
--------------------------------------------------
separating paper......
process carried out at separation unit ID: 1509713998
{ recyclable of type P dropped into box....}
Box has ID: 619929778
--------------------------------------------------
separating paper......
process carried out at separation unit ID: 1509713998
{ recyclable of type P dropped into box....}
Box has ID: 619929778
--------------------------------------------------
separating paper......
process carried out at separation unit ID: 1509713998
{ recyclable of type P dropped into box....}
Box has ID: 619929778
--------------------------------------------------
separating paper......
process carried out at separation unit ID: 1509713998
{ recyclable of type P dropped into box....}
Box has ID: 619929778
--------------------------------------------------
separating paper......
process carried out at separation unit ID: 1509713998
{ recyclable of type P dropped into box....}
Box has ID: 619929778
--------------------------------------------------
separating paper......
process carried out at separation unit ID: 1509713998
{ recyclable of type P dropped into box....}
Box has ID: 619929778
--------------------------------------------------
separating paper......
process carried out at separation unit ID: 1509713998
{ recyclable of type P dropped into box....}
Box has ID: 619929778
--------------------------------------------------
separating paper......
process carried out at separation unit ID: 1509713998
{ recyclable of type P dropped into box....}
Box has ID: 619929778
--------------------------------------------------
separating paper......
process carried out at separation unit ID: 1509713998
{ recyclable of type P dropped into box....}
Box has ID: 619929778
--------------------------------------------------
separating paper......
process carried out at separation unit ID: 1509713998
{ recyclable of type P dropped into box....}
Box has ID: 619929778
--------------------------------------------------
separating paper......
process carried out at separation unit ID: 1509713998
{ recyclable of type P dropped into box....}
Box has ID: 619929778
--------------------------------------------------
separating paper......
process carried out at separation unit ID: 1509713998
{ recyclable of type P dropped into box....}
Box has ID: 619929778
--------------------------------------------------
separating paper......
process carried out at separation unit ID: 1509713998
{ recyclable of type P dropped into box....}
Box has ID: 619929778
--------------------------------------------------
separating paper......
process carried out at separation unit ID: 1509713998
{ recyclable of type P dropped into box....}
Box has ID: 619929778
--------------------------------------------------
separating paper......
process carried out at separation unit ID: 1509713998
{ recyclable of type P dropped into box....}
Box has ID: 619929778
--------------------------------------------------
separating paper......
process carried out at separation unit ID: 1509713998
{ recyclable of type P dropped into box....}
Box has ID: 619929778
--------------------------------------------------
separating paper......
process carried out at separation unit ID: 1509713998
{ recyclable of type P dropped into box....}
Box has ID: 619929778
--------------------------------------------------
separating paper......
process carried out at separation unit ID: 1509713998
{ recyclable of type P dropped into box....}
Box has ID: 619929778
--------------------------------------------------
separating paper......
process carried out at separation unit ID: 1509713998
{ recyclable of type P dropped into box....}
Box has ID: 619929778
--------------------------------------------------
separating paper......
process carried out at separation unit ID: 1509713998
{ recyclable of type P dropped into box....}
Box has ID: 619929778
--------------------------------------------------
separating paper......
process carried out at separation unit ID: 1509713998
{ recyclable of type P dropped into box....}
Box has ID: 619929778
--------------------------------------------------
separating paper......
process carried out at separation unit ID: 1509713998
{ recyclable of type P dropped into box....}
Box has ID: 619929778
--------------------------------------------------
separating paper......
process carried out at separation unit ID: 1509713998
{ recyclable of type P dropped into box....}
Box has ID: 619929778
--------------------------------------------------
separating paper......
process carried out at separation unit ID: 1509713998
{ recyclable of type P dropped into box....}
Box has ID: 619929778
--------------------------------------------------
separating paper......
process carried out at separation unit ID: 1509713998
{ recyclable of type P dropped into box....}
Box has ID: 619929778
--------------------------------------------------
separating paper......
process carried out at separation unit ID: 1509713998
{ recyclable of type P dropped into box....}
Box has ID: 619929778
--------------------------------------------------
separating paper......
process carried out at separation unit ID: 1509713998
{ recyclable of type P dropped into box....}
Box has ID: 619929778
--------------------------------------------------
separating paper......
process carried out at separation unit ID: 1509713998
{ recyclable of type P dropped into box....}
Box has ID: 619929778
--------------------------------------------------
separating paper......
process carried out at separation unit ID: 1509713998
{ recyclable of type P dropped into box....}
Box has ID: 619929778
--------------------------------------------------
separating paper......
process carried out at separation unit ID: 1509713998
{ recyclable of type P dropped into box....}
Box has ID: 619929778
--------------------------------------------------
separating paper......
process carried out at separation unit ID: 1509713998
{ recyclable of type P dropped into box....}
Box has ID: 619929778
--------------------------------------------------
separating paper......
process carried out at separation unit ID: 1509713998
{ recyclable of type P dropped into box....}
Box has ID: 619929778
--------------------------------------------------
separating paper......
process carried out at separation unit ID: 1509713998
{ recyclable of type P dropped into box....}
Box has ID: 619929778
--------------------------------------------------
separating paper......
process carried out at separation unit ID: 1509713998
{ recyclable of type P dropped into box....}
Box has ID: 619929778
--------------------------------------------------
separating paper......
process carried out at separation unit ID: 1509713998
{ recyclable of type P dropped into box....}
Box has ID: 619929778
--------------------------------------------------
separating paper......
process carried out at separation unit ID: 1509713998
{ recyclable of type P dropped into box....}
Box has ID: 619929778
--------------------------------------------------
separating paper......
process carried out at separation unit ID: 1509713998
{ recyclable of type P dropped into box....}
Box has ID: 619929778
--------------------------------------------------
separating paper......
process carried out at separation unit ID: 1509713998
{ recyclable of type P dropped into box....}
Box has ID: 619929778
--------------------------------------------------
separating paper......
process carried out at separation unit ID: 1509713998
{ recyclable of type P dropped into box....}
Box has ID: 619929778
--------------------------------------------------
separating paper......
process carried out at separation unit ID: 1509713998
{ recyclable of type P dropped into box....}
Box has ID: 619929778
--------------------------------------------------
separating paper......
process carried out at separation unit ID: 1509713998
{ recyclable of type P dropped into box....}
Box has ID: 619929778
--------------------------------------------------
separating paper......
process carried out at separation unit ID: 1509713998
{ recyclable of type P dropped into box....}
Box has ID: 619929778
--------------------------------------------------
separating paper......
process carried out at separation unit ID: 1509713998
{ recyclable of type P dropped into box....}
Box has ID: 619929778
--------------------------------------------------
separating paper......
process carried out at separation unit ID: 1509713998
{ recyclable of type P dropped into box....}
Box has ID: 619929778
--------------------------------------------------
separating paper......
process carried out at separation unit ID: 1509713998
{ recyclable of type P dropped into box....}
Box has ID: 619929778
--------------------------------------------------
separating paper......
process carried out at separation unit ID: 1509713998
{ recyclable of type P dropped into box....}
Box has ID: 619929778
--------------------------------------------------
separating paper......
process carried out at separation unit ID: 1509713998
{ recyclable of type P dropped into box....}
Box has ID: 619929778
--------------------------------------------------
separating paper......
process carried out at separation unit ID: 1509713998
{ recyclable of type P dropped into box....}
Box has ID: 619929778
--------------------------------------------------
separating paper......
process carried out at separation unit ID: 1509713998
{ recyclable of type P dropped into box....}
Box has ID: 619929778
--------------------------------------------------
separating paper......
process carried out at separation unit ID: 1509713998
{ recyclable of type P dropped into box....}
Box has ID: 619929778
--------------------------------------------------
separating paper......
process carried out at separation unit ID: 1509713998
{ recyclable of type P dropped into box....}
Box has ID: 619929778
--------------------------------------------------
separating paper......
process carried out at separation unit ID: 1509713998
{ recyclable of type P dropped into box....}
Box has ID: 619929778
--------------------------------------------------
separating paper......
process carried out at separation unit ID: 1509713998
{ recyclable of type P dropped into box....}
Box has ID: 619929778
--------------------------------------------------
separating paper......
process carried out at separation unit ID: 1509713998
{ recyclable of type P dropped into box....}
Box has ID: 619929778
--------------------------------------------------
separating paper......
process carried out at separation unit ID: 1509713998
{ recyclable of type P dropped into box....}
Box has ID: 619929778
--------------------------------------------------
separating paper......
process carried out at separation unit ID: 1509713998
{ recyclable of type P dropped into box....}
Box has ID: 619929778
--------------------------------------------------
separating paper......
process carried out at separation unit ID: 1509713998
{ recyclable of type P dropped into box....}
Box has ID: 619929778
--------------------------------------------------
separating paper......
process carried out at separation unit ID: 1509713998
{ recyclable of type P dropped into box....}
Box has ID: 619929778
--------------------------------------------------
separating paper......
process carried out at separation unit ID: 1509713998
{ recyclable of type P dropped into box....}
Box has ID: 619929778
--------------------------------------------------
separating paper......
process carried out at separation unit ID: 1509713998
{ recyclable of type P dropped into box....}
Box has ID: 619929778
--------------------------------------------------
separating paper......
process carried out at separation unit ID: 1509713998
{ recyclable of type P dropped into box....}
Box has ID: 619929778
--------------------------------------------------
separating paper......
process carried out at separation unit ID: 1509713998
{ recyclable of type P dropped into box....}
Box has ID: 619929778
--------------------------------------------------
separating paper......
process carried out at separation unit ID: 1509713998
{ recyclable of type P dropped into box....}
Box has ID: 619929778
--------------------------------------------------
separating paper......
process carried out at separation unit ID: 1509713998
{ recyclable of type P dropped into box....}
Box has ID: 619929778
--------------------------------------------------
separating paper......
process carried out at separation unit ID: 1509713998
{ recyclable of type P dropped into box....}
Box has ID: 619929778
--------------------------------------------------
separating paper......
process carried out at separation unit ID: 1509713998
{ recyclable of type P dropped into box....}
Box has ID: 619929778
--------------------------------------------------
separating paper......
process carried out at separation unit ID: 1509713998
{ recyclable of type P dropped into box....}
Box has ID: 619929778
--------------------------------------------------
separating paper......
process carried out at separation unit ID: 1509713998
{ recyclable of type P dropped into box....}
Box has ID: 619929778
--------------------------------------------------
separating paper......
process carried out at separation unit ID: 1509713998
{ recyclable of type P dropped into box....}
Box has ID: 619929778
--------------------------------------------------
separating paper......
process carried out at separation unit ID: 1509713998
{ recyclable of type P dropped into box....}
Box has ID: 619929778
--------------------------------------------------
separating paper......
process carried out at separation unit ID: 1509713998
{ recyclable of type P dropped into box....}
Box has ID: 619929778
--------------------------------------------------
separating paper......
process carried out at separation unit ID: 1509713998
{ recyclable of type P dropped into box....}
Box has ID: 619929778
--------------------------------------------------
separating paper......
process carried out at separation unit ID: 1509713998
{ recyclable of type P dropped into box....}
Box has ID: 619929778
--------------------------------------------------
separating paper......
process carried out at separation unit ID: 1509713998
{ recyclable of type P dropped into box....}
Box has ID: 619929778
--------------------------------------------------
separating paper......
process carried out at separation unit ID: 1509713998
{ recyclable of type P dropped into box....}
Box has ID: 619929778
--------------------------------------------------
separating paper......
process carried out at separation unit ID: 1509713998
{ recyclable of type P dropped into box....}
Box has ID: 619929778
--------------------------------------------------
separating paper......
process carried out at separation unit ID: 1509713998
{ recyclable of type P dropped into box....}
Box has ID: 619929778
--------------------------------------------------
separating paper......
process carried out at separation unit ID: 1509713998
{ recyclable of type P dropped into box....}
Box has ID: 619929778
--------------------------------------------------
separating paper......
process carried out at separation unit ID: 1509713998
{ recyclable of type P dropped into box....}
Box has ID: 619929778
--------------------------------------------------
separating paper......
process carried out at separation unit ID: 1509713998
{ recyclable of type P dropped into box....}
Box has ID: 619929778
--------------------------------------------------
separating paper......
process carried out at separation unit ID: 1509713998
{ recyclable of type P dropped into box....}
Box has ID: 619929778
--------------------------------------------------
separating paper......
process carried out at separation unit ID: 1509713998
{ recyclable of type P dropped into box....}
Box has ID: 619929778
--------------------------------------------------
separating paper......
process carried out at separation unit ID: 1509713998
{ recyclable of type P dropped into box....}
Box has ID: 619929778
--------------------------------------------------
separating paper......
process carried out at separation unit ID: 1509713998
{ recyclable of type P dropped into box....}
Box has ID: 619929778
--------------------------------------------------
separating paper......
process carried out at separation unit ID: 1509713998
{ recyclable of type P dropped into box....}
Box has ID: 619929778
--------------------------------------------------
separating paper......
process carried out at separation unit ID: 1509713998
{ recyclable of type P dropped into box....}
Box has ID: 619929778
--------------------------------------------------
separating paper......
process carried out at separation unit ID: 1509713998
{ recyclable of type P dropped into box....}
Box has ID: 619929778
--------------------------------------------------
separating paper......
process carried out at separation unit ID: 1509713998
{ recyclable of type P dropped into box....}
Box has ID: 619929778
--------------------------------------------------
separating paper......
process carried out at separation unit ID: 1509713998
{ recyclable of type P dropped into box....}
Box has ID: 619929778
--------------------------------------------------
separating paper......
process carried out at separation unit ID: 1509713998
{ recyclable of type P dropped into box....}
Box has ID: 619929778
--------------------------------------------------
separating paper......
process carried out at separation unit ID: 1509713998
{ recyclable of type P dropped into box....}
Box has ID: 619929778
--------------------------------------------------
separating paper......
process carried out at separation unit ID: 1509713998
{ recyclable of type P dropped into box....}
Box has ID: 619929778
--------------------------------------------------
separating paper......
process carried out at separation unit ID: 1509713998
{ recyclable of type P dropped into box....}
Box has ID: 619929778
--------------------------------------------------
separating paper......
process carried out at separation unit ID: 1509713998
{ recyclable of type P dropped into box....}
Box has ID: 619929778
--------------------------------------------------
separating paper......
process carried out at separation unit ID: 1509713998
{ recyclable of type P dropped into box....}
Box has ID: 619929778
--------------------------------------------------
separating paper......
process carried out at separation unit ID: 1509713998
{ recyclable of type P dropped into box....}
Box has ID: 619929778
--------------------------------------------------
separating paper......
process carried out at separation unit ID: 1509713998
{ recyclable of type P dropped into box....}
Box has ID: 619929778
--------------------------------------------------
separating paper......
process carried out at separation unit ID: 1509713998
{ recyclable of type P dropped into box....}
Box has ID: 619929778
--------------------------------------------------
separating paper......
process carried out at separation unit ID: 1509713998
{ recyclable of type P dropped into box....}
Box has ID: 619929778
--------------------------------------------------
separating paper......
process carried out at separation unit ID: 1509713998
{ recyclable of type P dropped into box....}
Box has ID: 619929778
--------------------------------------------------
separating paper......
process carried out at separation unit ID: 1509713998
{ recyclable of type P dropped into box....}
Box has ID: 619929778
--------------------------------------------------
separating paper......
process carried out at separation unit ID: 1509713998
{ recyclable of type P dropped into box....}
Box has ID: 619929778
--------------------------------------------------
separating paper......
process carried out at separation unit ID: 1509713998
{ recyclable of type P dropped into box....}
Box has ID: 619929778
--------------------------------------------------
separating paper......
process carried out at separation unit ID: 1509713998
{ recyclable of type P dropped into box....}
Box has ID: 619929778
--------------------------------------------------
separating paper......
process carried out at separation unit ID: 1509713998
{ recyclable of type P dropped into box....}
Box has ID: 619929778
--------------------------------------------------
separating paper......
process carried out at separation unit ID: 1509713998
{ recyclable of type P dropped into box....}
Box has ID: 619929778
--------------------------------------------------
separating paper......
process carried out at separation unit ID: 1509713998
{ recyclable of type P dropped into box....}
Box has ID: 619929778
--------------------------------------------------
separating paper......
process carried out at separation unit ID: 1509713998
{ recyclable of type P dropped into box....}
Box has ID: 619929778
--------------------------------------------------
separating paper......
process carried out at separation unit ID: 1509713998
{ recyclable of type P dropped into box....}
Box has ID: 619929778
--------------------------------------------------
separating paper......
process carried out at separation unit ID: 1509713998
{ recyclable of type P dropped into box....}
Box has ID: 619929778
--------------------------------------------------
-----------------------------------------------------------------------------------
-----------------------------------------------------------------------------------
ALARM !!!!!!! BOX with ID 619929778 is full.....
-----------------------------------------------------------------------------------
-----------------------------------------------------------------------------------
box capacity: 1000
worker replaced filled box with ID: 619929778 , with a new box with ID: 515520300 at process unit: 1509713998

separating paper......
process carried out at separation unit ID: 1509713998
{ recyclable of type P dropped into box....}
Box has ID: 515520300
--------------------------------------------------
separating paper......
process carried out at separation unit ID: 1509713998
{ recyclable of type P dropped into box....}
Box has ID: 515520300
--------------------------------------------------
separating paper......
process carried out at separation unit ID: 1509713998
{ recyclable of type P dropped into box....}
Box has ID: 515520300
--------------------------------------------------
separating paper......
process carried out at separation unit ID: 1509713998
{ recyclable of type P dropped into box....}
Box has ID: 515520300
--------------------------------------------------
separating paper......
process carried out at separation unit ID: 1509713998
{ recyclable of type P dropped into box....}
Box has ID: 515520300
--------------------------------------------------
separating paper......
process carried out at separation unit ID: 1509713998
{ recyclable of type P dropped into box....}
Box has ID: 515520300
--------------------------------------------------
separating paper......
process carried out at separation unit ID: 1509713998
{ recyclable of type P dropped into box....}
Box has ID: 515520300
--------------------------------------------------
separating paper......
process carried out at separation unit ID: 1509713998
{ recyclable of type P dropped into box....}
Box has ID: 515520300
--------------------------------------------------
separating paper......
process carried out at separation unit ID: 1509713998
{ recyclable of type P dropped into box....}
Box has ID: 515520300
--------------------------------------------------
separating paper......
process carried out at separation unit ID: 1509713998
{ recyclable of type P dropped into box....}
Box has ID: 515520300
--------------------------------------------------
separating paper......
process carried out at separation unit ID: 1509713998
{ recyclable of type P dropped into box....}
Box has ID: 515520300
--------------------------------------------------
separating paper......
process carried out at separation unit ID: 1509713998
{ recyclable of type P dropped into box....}
Box has ID: 515520300
--------------------------------------------------
separating paper......
process carried out at separation unit ID: 1509713998
{ recyclable of type P dropped into box....}
Box has ID: 515520300
--------------------------------------------------
separating paper......
process carried out at separation unit ID: 1509713998
{ recyclable of type P dropped into box....}
Box has ID: 515520300
--------------------------------------------------
separating paper......
process carried out at separation unit ID: 1509713998
{ recyclable of type P dropped into box....}
Box has ID: 515520300
--------------------------------------------------
separating paper......
process carried out at separation unit ID: 1509713998
{ recyclable of type P dropped into box....}
Box has ID: 515520300
--------------------------------------------------
separating paper......
process carried out at separation unit ID: 1509713998
{ recyclable of type P dropped into box....}
Box has ID: 515520300
--------------------------------------------------
separating paper......
process carried out at separation unit ID: 1509713998
{ recyclable of type P dropped into box....}
Box has ID: 515520300
--------------------------------------------------
separating paper......
process carried out at separation unit ID: 1509713998
{ recyclable of type P dropped into box....}
Box has ID: 515520300
--------------------------------------------------
separating paper......
process carried out at separation unit ID: 1509713998
{ recyclable of type P dropped into box....}
Box has ID: 515520300
--------------------------------------------------
separating paper......
process carried out at separation unit ID: 1509713998
{ recyclable of type P dropped into box....}
Box has ID: 515520300
--------------------------------------------------
separating paper......
process carried out at separation unit ID: 1509713998
{ recyclable of type P dropped into box....}
Box has ID: 515520300
--------------------------------------------------
separating paper......
process carried out at separation unit ID: 1509713998
{ recyclable of type P dropped into box....}
Box has ID: 515520300
--------------------------------------------------
separating paper......
process carried out at separation unit ID: 1509713998
{ recyclable of type P dropped into box....}
Box has ID: 515520300
--------------------------------------------------
separating paper......
process carried out at separation unit ID: 1509713998
{ recyclable of type P dropped into box....}
Box has ID: 515520300
--------------------------------------------------
separating paper......
process carried out at separation unit ID: 1509713998
{ recyclable of type P dropped into box....}
Box has ID: 515520300
--------------------------------------------------
separating paper......
process carried out at separation unit ID: 1509713998
{ recyclable of type P dropped into box....}
Box has ID: 515520300
--------------------------------------------------
separating paper......
process carried out at separation unit ID: 1509713998
{ recyclable of type P dropped into box....}
Box has ID: 515520300
--------------------------------------------------
separating paper......
process carried out at separation unit ID: 1509713998
{ recyclable of type P dropped into box....}
Box has ID: 515520300
--------------------------------------------------
separating paper......
process carried out at separation unit ID: 1509713998
{ recyclable of type P dropped into box....}
Box has ID: 515520300
--------------------------------------------------
separating paper......
process carried out at separation unit ID: 1509713998
{ recyclable of type P dropped into box....}
Box has ID: 515520300
--------------------------------------------------
separating paper......
process carried out at separation unit ID: 1509713998
{ recyclable of type P dropped into box....}
Box has ID: 515520300
--------------------------------------------------
separating paper......
process carried out at separation unit ID: 1509713998
{ recyclable of type P dropped into box....}
Box has ID: 515520300
--------------------------------------------------
separating paper......
process carried out at separation unit ID: 1509713998
{ recyclable of type P dropped into box....}
Box has ID: 515520300
--------------------------------------------------
separating paper......
process carried out at separation unit ID: 1509713998
{ recyclable of type P dropped into box....}
Box has ID: 515520300
--------------------------------------------------
separating paper......
process carried out at separation unit ID: 1509713998
{ recyclable of type P dropped into box....}
Box has ID: 515520300
--------------------------------------------------
separating paper......
process carried out at separation unit ID: 1509713998
{ recyclable of type P dropped into box....}
Box has ID: 515520300
--------------------------------------------------
separating paper......
process carried out at separation unit ID: 1509713998
{ recyclable of type P dropped into box....}
Box has ID: 515520300
--------------------------------------------------
separating paper......
process carried out at separation unit ID: 1509713998
{ recyclable of type P dropped into box....}
Box has ID: 515520300
--------------------------------------------------
separating paper......
process carried out at separation unit ID: 1509713998
{ recyclable of type P dropped into box....}
Box has ID: 515520300
--------------------------------------------------
separating paper......
process carried out at separation unit ID: 1509713998
{ recyclable of type P dropped into box....}
Box has ID: 515520300
--------------------------------------------------
separating paper......
process carried out at separation unit ID: 1509713998
{ recyclable of type P dropped into box....}
Box has ID: 515520300
--------------------------------------------------
separating paper......
process carried out at separation unit ID: 1509713998
{ recyclable of type P dropped into box....}
Box has ID: 515520300
--------------------------------------------------
separating paper......
process carried out at separation unit ID: 1509713998
{ recyclable of type P dropped into box....}
Box has ID: 515520300
--------------------------------------------------
separating paper......
process carried out at separation unit ID: 1509713998
{ recyclable of type P dropped into box....}
Box has ID: 515520300
--------------------------------------------------
separating paper......
process carried out at separation unit ID: 1509713998
{ recyclable of type P dropped into box....}
Box has ID: 515520300
--------------------------------------------------
separating paper......
process carried out at separation unit ID: 1509713998
{ recyclable of type P dropped into box....}
Box has ID: 515520300
--------------------------------------------------
separating paper......
process carried out at separation unit ID: 1509713998
{ recyclable of type P dropped into box....}
Box has ID: 515520300
--------------------------------------------------
separating paper......
process carried out at separation unit ID: 1509713998
{ recyclable of type P dropped into box....}
Box has ID: 515520300
--------------------------------------------------
separating paper......
process carried out at separation unit ID: 1509713998
{ recyclable of type P dropped into box....}
Box has ID: 515520300
--------------------------------------------------
separating paper......
process carried out at separation unit ID: 1509713998
{ recyclable of type P dropped into box....}
Box has ID: 515520300
--------------------------------------------------
separating paper......
process carried out at separation unit ID: 1509713998
{ recyclable of type P dropped into box....}
Box has ID: 515520300
--------------------------------------------------
separating paper......
process carried out at separation unit ID: 1509713998
{ recyclable of type P dropped into box....}
Box has ID: 515520300
--------------------------------------------------
separating paper......
process carried out at separation unit ID: 1509713998
{ recyclable of type P dropped into box....}
Box has ID: 515520300
--------------------------------------------------
separating paper......
process carried out at separation unit ID: 1509713998
{ recyclable of type P dropped into box....}
Box has ID: 515520300
--------------------------------------------------
separating paper......
process carried out at separation unit ID: 1509713998
{ recyclable of type P dropped into box....}
Box has ID: 515520300
--------------------------------------------------
separating paper......
process carried out at separation unit ID: 1509713998
{ recyclable of type P dropped into box....}
Box has ID: 515520300
--------------------------------------------------
separating paper......
process carried out at separation unit ID: 1509713998
{ recyclable of type P dropped into box....}
Box has ID: 515520300
--------------------------------------------------
separating paper......
process carried out at separation unit ID: 1509713998
{ recyclable of type P dropped into box....}
Box has ID: 515520300
--------------------------------------------------
separating paper......
process carried out at separation unit ID: 1509713998
{ recyclable of type P dropped into box....}
Box has ID: 515520300
--------------------------------------------------
separating paper......
process carried out at separation unit ID: 1509713998
{ recyclable of type P dropped into box....}
Box has ID: 515520300
--------------------------------------------------
separating paper......
process carried out at separation unit ID: 1509713998
{ recyclable of type P dropped into box....}
Box has ID: 515520300
--------------------------------------------------
separating paper......
process carried out at separation unit ID: 1509713998
{ recyclable of type P dropped into box....}
Box has ID: 515520300
--------------------------------------------------
separating paper......
process carried out at separation unit ID: 1509713998
{ recyclable of type P dropped into box....}
Box has ID: 515520300
--------------------------------------------------
separating paper......
process carried out at separation unit ID: 1509713998
{ recyclable of type P dropped into box....}
Box has ID: 515520300
--------------------------------------------------
separating paper......
process carried out at separation unit ID: 1509713998
{ recyclable of type P dropped into box....}
Box has ID: 515520300
--------------------------------------------------
separating paper......
process carried out at separation unit ID: 1509713998
{ recyclable of type P dropped into box....}
Box has ID: 515520300
--------------------------------------------------
separating paper......
process carried out at separation unit ID: 1509713998
{ recyclable of type P dropped into box....}
Box has ID: 515520300
--------------------------------------------------
separating paper......
process carried out at separation unit ID: 1509713998
{ recyclable of type P dropped into box....}
Box has ID: 515520300
--------------------------------------------------
separating paper......
process carried out at separation unit ID: 1509713998
{ recyclable of type P dropped into box....}
Box has ID: 515520300
--------------------------------------------------
separating paper......
process carried out at separation unit ID: 1509713998
{ recyclable of type P dropped into box....}
Box has ID: 515520300
--------------------------------------------------
separating paper......
process carried out at separation unit ID: 1509713998
{ recyclable of type P dropped into box....}
Box has ID: 515520300
--------------------------------------------------
separating paper......
process carried out at separation unit ID: 1509713998
{ recyclable of type P dropped into box....}
Box has ID: 515520300
--------------------------------------------------
separating paper......
process carried out at separation unit ID: 1509713998
{ recyclable of type P dropped into box....}
Box has ID: 515520300
--------------------------------------------------
separating paper......
process carried out at separation unit ID: 1509713998
{ recyclable of type P dropped into box....}
Box has ID: 515520300
--------------------------------------------------
separating paper......
process carried out at separation unit ID: 1509713998
{ recyclable of type P dropped into box....}
Box has ID: 515520300
--------------------------------------------------
separating paper......
process carried out at separation unit ID: 1509713998
{ recyclable of type P dropped into box....}
Box has ID: 515520300
--------------------------------------------------
separating paper......
process carried out at separation unit ID: 1509713998
{ recyclable of type P dropped into box....}
Box has ID: 515520300
--------------------------------------------------
separating paper......
process carried out at separation unit ID: 1509713998
{ recyclable of type P dropped into box....}
Box has ID: 515520300
--------------------------------------------------
separating paper......
process carried out at separation unit ID: 1509713998
{ recyclable of type P dropped into box....}
Box has ID: 515520300
--------------------------------------------------
separating paper......
process carried out at separation unit ID: 1509713998
{ recyclable of type P dropped into box....}
Box has ID: 515520300
--------------------------------------------------
separating paper......
process carried out at separation unit ID: 1509713998
{ recyclable of type P dropped into box....}
Box has ID: 515520300
--------------------------------------------------
separating paper......
process carried out at separation unit ID: 1509713998
{ recyclable of type P dropped into box....}
Box has ID: 515520300
--------------------------------------------------
separating paper......
process carried out at separation unit ID: 1509713998
{ recyclable of type P dropped into box....}
Box has ID: 515520300
--------------------------------------------------
separating paper......
process carried out at separation unit ID: 1509713998
{ recyclable of type P dropped into box....}
Box has ID: 515520300
--------------------------------------------------
separating paper......
process carried out at separation unit ID: 1509713998
{ recyclable of type P dropped into box....}
Box has ID: 515520300
--------------------------------------------------
separating paper......
process carried out at separation unit ID: 1509713998
{ recyclable of type P dropped into box....}
Box has ID: 515520300
--------------------------------------------------
separating paper......
process carried out at separation unit ID: 1509713998
{ recyclable of type P dropped into box....}
Box has ID: 515520300
--------------------------------------------------
separating paper......
process carried out at separation unit ID: 1509713998
{ recyclable of type P dropped into box....}
Box has ID: 515520300
--------------------------------------------------
separating paper......
process carried out at separation unit ID: 1509713998
{ recyclable of type P dropped into box....}
Box has ID: 515520300
--------------------------------------------------
separating paper......
process carried out at separation unit ID: 1509713998
{ recyclable of type P dropped into box....}
Box has ID: 515520300
--------------------------------------------------
separating paper......
process carried out at separation unit ID: 1509713998
{ recyclable of type P dropped into box....}
Box has ID: 515520300
--------------------------------------------------
separating paper......
process carried out at separation unit ID: 1509713998
{ recyclable of type P dropped into box....}
Box has ID: 515520300
--------------------------------------------------
separating paper......
process carried out at separation unit ID: 1509713998
{ recyclable of type P dropped into box....}
Box has ID: 515520300
--------------------------------------------------
separating paper......
process carried out at separation unit ID: 1509713998
{ recyclable of type P dropped into box....}
Box has ID: 515520300
--------------------------------------------------
separating paper......
process carried out at separation unit ID: 1509713998
{ recyclable of type P dropped into box....}
Box has ID: 515520300
--------------------------------------------------
separating paper......
process carried out at separation unit ID: 1509713998
{ recyclable of type P dropped into box....}
Box has ID: 515520300
--------------------------------------------------
separating paper......
process carried out at separation unit ID: 1509713998
{ recyclable of type P dropped into box....}
Box has ID: 515520300
--------------------------------------------------
separating paper......
process carried out at separation unit ID: 1509713998
{ recyclable of type P dropped into box....}
Box has ID: 515520300
--------------------------------------------------
separating paper......
process carried out at separation unit ID: 1509713998
{ recyclable of type P dropped into box....}
Box has ID: 515520300
--------------------------------------------------
separating paper......
process carried out at separation unit ID: 1509713998
{ recyclable of type P dropped into box....}
Box has ID: 515520300
--------------------------------------------------
separating paper......
process carried out at separation unit ID: 1509713998
{ recyclable of type P dropped into box....}
Box has ID: 515520300
--------------------------------------------------
separating paper......
process carried out at separation unit ID: 1509713998
{ recyclable of type P dropped into box....}
Box has ID: 515520300
--------------------------------------------------
separating paper......
process carried out at separation unit ID: 1509713998
{ recyclable of type P dropped into box....}
Box has ID: 515520300
--------------------------------------------------
separating paper......
process carried out at separation unit ID: 1509713998
{ recyclable of type P dropped into box....}
Box has ID: 515520300
--------------------------------------------------
separating paper......
process carried out at separation unit ID: 1509713998
{ recyclable of type P dropped into box....}
Box has ID: 515520300
--------------------------------------------------
separating paper......
process carried out at separation unit ID: 1509713998
{ recyclable of type P dropped into box....}
Box has ID: 515520300
--------------------------------------------------
separating paper......
process carried out at separation unit ID: 1509713998
{ recyclable of type P dropped into box....}
Box has ID: 515520300
--------------------------------------------------
separating paper......
process carried out at separation unit ID: 1509713998
{ recyclable of type P dropped into box....}
Box has ID: 515520300
--------------------------------------------------
separating paper......
process carried out at separation unit ID: 1509713998
{ recyclable of type P dropped into box....}
Box has ID: 515520300
--------------------------------------------------
separating paper......
process carried out at separation unit ID: 1509713998
{ recyclable of type P dropped into box....}
Box has ID: 515520300
--------------------------------------------------
separating paper......
process carried out at separation unit ID: 1509713998
{ recyclable of type P dropped into box....}
Box has ID: 515520300
--------------------------------------------------
separating paper......
process carried out at separation unit ID: 1509713998
{ recyclable of type P dropped into box....}
Box has ID: 515520300
--------------------------------------------------
separating paper......
process carried out at separation unit ID: 1509713998
{ recyclable of type P dropped into box....}
Box has ID: 515520300
--------------------------------------------------
separating paper......
process carried out at separation unit ID: 1509713998
{ recyclable of type P dropped into box....}
Box has ID: 515520300
--------------------------------------------------
separating paper......
process carried out at separation unit ID: 1509713998
{ recyclable of type P dropped into box....}
Box has ID: 515520300
--------------------------------------------------
separating paper......
process carried out at separation unit ID: 1509713998
{ recyclable of type P dropped into box....}
Box has ID: 515520300
--------------------------------------------------
separating paper......
process carried out at separation unit ID: 1509713998
{ recyclable of type P dropped into box....}
Box has ID: 515520300
--------------------------------------------------
separating paper......
process carried out at separation unit ID: 1509713998
{ recyclable of type P dropped into box....}
Box has ID: 515520300
--------------------------------------------------
separating paper......
process carried out at separation unit ID: 1509713998
{ recyclable of type P dropped into box....}
Box has ID: 515520300
--------------------------------------------------
separating paper......
process carried out at separation unit ID: 1509713998
{ recyclable of type P dropped into box....}
Box has ID: 515520300
--------------------------------------------------
separating paper......
process carried out at separation unit ID: 1509713998
{ recyclable of type P dropped into box....}
Box has ID: 515520300
--------------------------------------------------
separating paper......
process carried out at separation unit ID: 1509713998
{ recyclable of type P dropped into box....}
Box has ID: 515520300
--------------------------------------------------
separating paper......
process carried out at separation unit ID: 1509713998
{ recyclable of type P dropped into box....}
Box has ID: 515520300
--------------------------------------------------
separating paper......
process carried out at separation unit ID: 1509713998
{ recyclable of type P dropped into box....}
Box has ID: 515520300
--------------------------------------------------
separating paper......
process carried out at separation unit ID: 1509713998
{ recyclable of type P dropped into box....}
Box has ID: 515520300
--------------------------------------------------
separating paper......
process carried out at separation unit ID: 1509713998
{ recyclable of type P dropped into box....}
Box has ID: 515520300
--------------------------------------------------
separating paper......
process carried out at separation unit ID: 1509713998
{ recyclable of type P dropped into box....}
Box has ID: 515520300
--------------------------------------------------
separating paper......
process carried out at separation unit ID: 1509713998
{ recyclable of type P dropped into box....}
Box has ID: 515520300
--------------------------------------------------
separating paper......
process carried out at separation unit ID: 1509713998
{ recyclable of type P dropped into box....}
Box has ID: 515520300
--------------------------------------------------
separating paper......
process carried out at separation unit ID: 1509713998
{ recyclable of type P dropped into box....}
Box has ID: 515520300
--------------------------------------------------
separating paper......
process carried out at separation unit ID: 1509713998
{ recyclable of type P dropped into box....}
Box has ID: 515520300
--------------------------------------------------
separating paper......
process carried out at separation unit ID: 1509713998
{ recyclable of type P dropped into box....}
Box has ID: 515520300
--------------------------------------------------
separating paper......
process carried out at separation unit ID: 1509713998
{ recyclable of type P dropped into box....}
Box has ID: 515520300
--------------------------------------------------
separating paper......
process carried out at separation unit ID: 1509713998
{ recyclable of type P dropped into box....}
Box has ID: 515520300
--------------------------------------------------
separating paper......
process carried out at separation unit ID: 1509713998
{ recyclable of type P dropped into box....}
Box has ID: 515520300
--------------------------------------------------
separating paper......
process carried out at separation unit ID: 1509713998
{ recyclable of type P dropped into box....}
Box has ID: 515520300
--------------------------------------------------
separating paper......
process carried out at separation unit ID: 1509713998
{ recyclable of type P dropped into box....}
Box has ID: 515520300
--------------------------------------------------
separating paper......
process carried out at separation unit ID: 1509713998
{ recyclable of type P dropped into box....}
Box has ID: 515520300
--------------------------------------------------
separating paper......
process carried out at separation unit ID: 1509713998
{ recyclable of type P dropped into box....}
Box has ID: 515520300
--------------------------------------------------
separating paper......
process carried out at separation unit ID: 1509713998
{ recyclable of type P dropped into box....}
Box has ID: 515520300
--------------------------------------------------
separating paper......
process carried out at separation unit ID: 1509713998
{ recyclable of type P dropped into box....}
Box has ID: 515520300
--------------------------------------------------
separating paper......
process carried out at separation unit ID: 1509713998
{ recyclable of type P dropped into box....}
Box has ID: 515520300
--------------------------------------------------
separating paper......
process carried out at separation unit ID: 1509713998
{ recyclable of type P dropped into box....}
Box has ID: 515520300
--------------------------------------------------
separating paper......
process carried out at separation unit ID: 1509713998
{ recyclable of type P dropped into box....}
Box has ID: 515520300
--------------------------------------------------
separating paper......
process carried out at separation unit ID: 1509713998
{ recyclable of type P dropped into box....}
Box has ID: 515520300
--------------------------------------------------
separating paper......
process carried out at separation unit ID: 1509713998
{ recyclable of type P dropped into box....}
Box has ID: 515520300
--------------------------------------------------
separating paper......
process carried out at separation unit ID: 1509713998
{ recyclable of type P dropped into box....}
Box has ID: 515520300
--------------------------------------------------
separating paper......
process carried out at separation unit ID: 1509713998
{ recyclable of type P dropped into box....}
Box has ID: 515520300
--------------------------------------------------
separating paper......
process carried out at separation unit ID: 1509713998
{ recyclable of type P dropped into box....}
Box has ID: 515520300
--------------------------------------------------
separating paper......
process carried out at separation unit ID: 1509713998
{ recyclable of type P dropped into box....}
Box has ID: 515520300
--------------------------------------------------
separating paper......
process carried out at separation unit ID: 1509713998
{ recyclable of type P dropped into box....}
Box has ID: 515520300
--------------------------------------------------
separating paper......
process carried out at separation unit ID: 1509713998
{ recyclable of type P dropped into box....}
Box has ID: 515520300
--------------------------------------------------
separating paper......
process carried out at separation unit ID: 1509713998
{ recyclable of type P dropped into box....}
Box has ID: 515520300
--------------------------------------------------
separating paper......
process carried out at separation unit ID: 1509713998
{ recyclable of type P dropped into box....}
Box has ID: 515520300
--------------------------------------------------
separating paper......
process carried out at separation unit ID: 1509713998
{ recyclable of type P dropped into box....}
Box has ID: 515520300
--------------------------------------------------
separating paper......
process carried out at separation unit ID: 1509713998
{ recyclable of type P dropped into box....}
Box has ID: 515520300
--------------------------------------------------
separating paper......
process carried out at separation unit ID: 1509713998
{ recyclable of type P dropped into box....}
Box has ID: 515520300
--------------------------------------------------
separating paper......
process carried out at separation unit ID: 1509713998
{ recyclable of type P dropped into box....}
Box has ID: 515520300
--------------------------------------------------
separating paper......
process carried out at separation unit ID: 1509713998
{ recyclable of type P dropped into box....}
Box has ID: 515520300
--------------------------------------------------
separating paper......
process carried out at separation unit ID: 1509713998
{ recyclable of type P dropped into box....}
Box has ID: 515520300
--------------------------------------------------
separating paper......
process carried out at separation unit ID: 1509713998
{ recyclable of type P dropped into box....}
Box has ID: 515520300
--------------------------------------------------
separating paper......
process carried out at separation unit ID: 1509713998
{ recyclable of type P dropped into box....}
Box has ID: 515520300
--------------------------------------------------
separating paper......
process carried out at separation unit ID: 1509713998
{ recyclable of type P dropped into box....}
Box has ID: 515520300
--------------------------------------------------
separating paper......
process carried out at separation unit ID: 1509713998
{ recyclable of type P dropped into box....}
Box has ID: 515520300
--------------------------------------------------
separating paper......
process carried out at separation unit ID: 1509713998
{ recyclable of type P dropped into box....}
Box has ID: 515520300
--------------------------------------------------
separating paper......
process carried out at separation unit ID: 1509713998
{ recyclable of type P dropped into box....}
Box has ID: 515520300
--------------------------------------------------
separating paper......
process carried out at separation unit ID: 1509713998
{ recyclable of type P dropped into box....}
Box has ID: 515520300
--------------------------------------------------
separating paper......
process carried out at separation unit ID: 1509713998
{ recyclable of type P dropped into box....}
Box has ID: 515520300
--------------------------------------------------
separating paper......
process carried out at separation unit ID: 1509713998
{ recyclable of type P dropped into box....}
Box has ID: 515520300
--------------------------------------------------
separating paper......
process carried out at separation unit ID: 1509713998
{ recyclable of type P dropped into box....}
Box has ID: 515520300
--------------------------------------------------
separating paper......
process carried out at separation unit ID: 1509713998
{ recyclable of type P dropped into box....}
Box has ID: 515520300
--------------------------------------------------
separating paper......
process carried out at separation unit ID: 1509713998
{ recyclable of type P dropped into box....}
Box has ID: 515520300
--------------------------------------------------
separating paper......
process carried out at separation unit ID: 1509713998
{ recyclable of type P dropped into box....}
Box has ID: 515520300
--------------------------------------------------
separating paper......
process carried out at separation unit ID: 1509713998
{ recyclable of type P dropped into box....}
Box has ID: 515520300
--------------------------------------------------
separating paper......
process carried out at separation unit ID: 1509713998
{ recyclable of type P dropped into box....}
Box has ID: 515520300
--------------------------------------------------
separating paper......
process carried out at separation unit ID: 1509713998
{ recyclable of type P dropped into box....}
Box has ID: 515520300
--------------------------------------------------
separating paper......
process carried out at separation unit ID: 1509713998
{ recyclable of type P dropped into box....}
Box has ID: 515520300
--------------------------------------------------
separating paper......
process carried out at separation unit ID: 1509713998
{ recyclable of type P dropped into box....}
Box has ID: 515520300
--------------------------------------------------
separating paper......
process carried out at separation unit ID: 1509713998
{ recyclable of type P dropped into box....}
Box has ID: 515520300
--------------------------------------------------
separating paper......
process carried out at separation unit ID: 1509713998
{ recyclable of type P dropped into box....}
Box has ID: 515520300
--------------------------------------------------
separating paper......
process carried out at separation unit ID: 1509713998
{ recyclable of type P dropped into box....}
Box has ID: 515520300
--------------------------------------------------
separating paper......
process carried out at separation unit ID: 1509713998
{ recyclable of type P dropped into box....}
Box has ID: 515520300
--------------------------------------------------
separating paper......
process carried out at separation unit ID: 1509713998
{ recyclable of type P dropped into box....}
Box has ID: 515520300
--------------------------------------------------
separating paper......
process carried out at separation unit ID: 1509713998
{ recyclable of type P dropped into box....}
Box has ID: 515520300
--------------------------------------------------
separating paper......
process carried out at separation unit ID: 1509713998
{ recyclable of type P dropped into box....}
Box has ID: 515520300
--------------------------------------------------
separating paper......
process carried out at separation unit ID: 1509713998
{ recyclable of type P dropped into box....}
Box has ID: 515520300
--------------------------------------------------
separating paper......
process carried out at separation unit ID: 1509713998
{ recyclable of type P dropped into box....}
Box has ID: 515520300
--------------------------------------------------
separating paper......
process carried out at separation unit ID: 1509713998
{ recyclable of type P dropped into box....}
Box has ID: 515520300
--------------------------------------------------
separating paper......
process carried out at separation unit ID: 1509713998
{ recyclable of type P dropped into box....}
Box has ID: 515520300
--------------------------------------------------
separating paper......
process carried out at separation unit ID: 1509713998
{ recyclable of type P dropped into box....}
Box has ID: 515520300
--------------------------------------------------
separating paper......
process carried out at separation unit ID: 1509713998
{ recyclable of type P dropped into box....}
Box has ID: 515520300
--------------------------------------------------
separating paper......
process carried out at separation unit ID: 1509713998
{ recyclable of type P dropped into box....}
Box has ID: 515520300
--------------------------------------------------
separating paper......
process carried out at separation unit ID: 1509713998
{ recyclable of type P dropped into box....}
Box has ID: 515520300
--------------------------------------------------
separating paper......
process carried out at separation unit ID: 1509713998
{ recyclable of type P dropped into box....}
Box has ID: 515520300
--------------------------------------------------
separating paper......
process carried out at separation unit ID: 1509713998
{ recyclable of type P dropped into box....}
Box has ID: 515520300
--------------------------------------------------
separating paper......
process carried out at separation unit ID: 1509713998
{ recyclable of type P dropped into box....}
Box has ID: 515520300
--------------------------------------------------
separating paper......
process carried out at separation unit ID: 1509713998
{ recyclable of type P dropped into box....}
Box has ID: 515520300
--------------------------------------------------
separating paper......
process carried out at separation unit ID: 1509713998
{ recyclable of type P dropped into box....}
Box has ID: 515520300
--------------------------------------------------
separating paper......
process carried out at separation unit ID: 1509713998
{ recyclable of type P dropped into box....}
Box has ID: 515520300
--------------------------------------------------
separating paper......
process carried out at separation unit ID: 1509713998
{ recyclable of type P dropped into box....}
Box has ID: 515520300
--------------------------------------------------
separating paper......
process carried out at separation unit ID: 1509713998
{ recyclable of type P dropped into box....}
Box has ID: 515520300
--------------------------------------------------
separating paper......
process carried out at separation unit ID: 1509713998
{ recyclable of type P dropped into box....}
Box has ID: 515520300
--------------------------------------------------
separating paper......
process carried out at separation unit ID: 1509713998
{ recyclable of type P dropped into box....}
Box has ID: 515520300
--------------------------------------------------
separating paper......
process carried out at separation unit ID: 1509713998
{ recyclable of type P dropped into box....}
Box has ID: 515520300
--------------------------------------------------
separating paper......
process carried out at separation unit ID: 1509713998
{ recyclable of type P dropped into box....}
Box has ID: 515520300
--------------------------------------------------
separating paper......
process carried out at separation unit ID: 1509713998
{ recyclable of type P dropped into box....}
Box has ID: 515520300
--------------------------------------------------
separating paper......
process carried out at separation unit ID: 1509713998
{ recyclable of type P dropped into box....}
Box has ID: 515520300
--------------------------------------------------
separating paper......
process carried out at separation unit ID: 1509713998
{ recyclable of type P dropped into box....}
Box has ID: 515520300
--------------------------------------------------
separating paper......
process carried out at separation unit ID: 1509713998
{ recyclable of type P dropped into box....}
Box has ID: 515520300
--------------------------------------------------
separating paper......
process carried out at separation unit ID: 1509713998
{ recyclable of type P dropped into box....}
Box has ID: 515520300
--------------------------------------------------
separating paper......
process carried out at separation unit ID: 1509713998
{ recyclable of type P dropped into box....}
Box has ID: 515520300
--------------------------------------------------
separating paper......
process carried out at separation unit ID: 1509713998
{ recyclable of type P dropped into box....}
Box has ID: 515520300
--------------------------------------------------
separating paper......
process carried out at separation unit ID: 1509713998
{ recyclable of type P dropped into box....}
Box has ID: 515520300
--------------------------------------------------
separating paper......
process carried out at separation unit ID: 1509713998
{ recyclable of type P dropped into box....}
Box has ID: 515520300
--------------------------------------------------
separating paper......
process carried out at separation unit ID: 1509713998
{ recyclable of type P dropped into box....}
Box has ID: 515520300
--------------------------------------------------
separating paper......
process carried out at separation unit ID: 1509713998
{ recyclable of type P dropped into box....}
Box has ID: 515520300
--------------------------------------------------
separating paper......
process carried out at separation unit ID: 1509713998
{ recyclable of type P dropped into box....}
Box has ID: 515520300
--------------------------------------------------
separating paper......
process carried out at separation unit ID: 1509713998
{ recyclable of type P dropped into box....}
Box has ID: 515520300
--------------------------------------------------
separating paper......
process carried out at separation unit ID: 1509713998
{ recyclable of type P dropped into box....}
Box has ID: 515520300
--------------------------------------------------
separating paper......
process carried out at separation unit ID: 1509713998
{ recyclable of type P dropped into box....}
Box has ID: 515520300
--------------------------------------------------
separating paper......
process carried out at separation unit ID: 1509713998
{ recyclable of type P dropped into box....}
Box has ID: 515520300
--------------------------------------------------
separating paper......
process carried out at separation unit ID: 1509713998
{ recyclable of type P dropped into box....}
Box has ID: 515520300
--------------------------------------------------
separating paper......
process carried out at separation unit ID: 1509713998
{ recyclable of type P dropped into box....}
Box has ID: 515520300
--------------------------------------------------
separating paper......
process carried out at separation unit ID: 1509713998
{ recyclable of type P dropped into box....}
Box has ID: 515520300
--------------------------------------------------
separating paper......
process carried out at separation unit ID: 1509713998
{ recyclable of type P dropped into box....}
Box has ID: 515520300
--------------------------------------------------
separating paper......
process carried out at separation unit ID: 1509713998
{ recyclable of type P dropped into box....}
Box has ID: 515520300
--------------------------------------------------
separating paper......
process carried out at separation unit ID: 1509713998
{ recyclable of type P dropped into box....}
Box has ID: 515520300
--------------------------------------------------
separating paper......
process carried out at separation unit ID: 1509713998
{ recyclable of type P dropped into box....}
Box has ID: 515520300
--------------------------------------------------
separating paper......
process carried out at separation unit ID: 1509713998
{ recyclable of type P dropped into box....}
Box has ID: 515520300
--------------------------------------------------
separating paper......
process carried out at separation unit ID: 1509713998
{ recyclable of type P dropped into box....}
Box has ID: 515520300
--------------------------------------------------
separating paper......
process carried out at separation unit ID: 1509713998
{ recyclable of type P dropped into box....}
Box has ID: 515520300
--------------------------------------------------
separating paper......
process carried out at separation unit ID: 1509713998
{ recyclable of type P dropped into box....}
Box has ID: 515520300
--------------------------------------------------
separating paper......
process carried out at separation unit ID: 1509713998
{ recyclable of type P dropped into box....}
Box has ID: 515520300
--------------------------------------------------
separating paper......
process carried out at separation unit ID: 1509713998
{ recyclable of type P dropped into box....}
Box has ID: 515520300
--------------------------------------------------
separating paper......
process carried out at separation unit ID: 1509713998
{ recyclable of type P dropped into box....}
Box has ID: 515520300
--------------------------------------------------
separating paper......
process carried out at separation unit ID: 1509713998
{ recyclable of type P dropped into box....}
Box has ID: 515520300
--------------------------------------------------
separating paper......
process carried out at separation unit ID: 1509713998
{ recyclable of type P dropped into box....}
Box has ID: 515520300
--------------------------------------------------
separating paper......
process carried out at separation unit ID: 1509713998
{ recyclable of type P dropped into box....}
Box has ID: 515520300
--------------------------------------------------
separating paper......
process carried out at separation unit ID: 1509713998
{ recyclable of type P dropped into box....}
Box has ID: 515520300
--------------------------------------------------
separating paper......
process carried out at separation unit ID: 1509713998
{ recyclable of type P dropped into box....}
Box has ID: 515520300
--------------------------------------------------
separating paper......
process carried out at separation unit ID: 1509713998
{ recyclable of type P dropped into box....}
Box has ID: 515520300
--------------------------------------------------
separating paper......
process carried out at separation unit ID: 1509713998
{ recyclable of type P dropped into box....}
Box has ID: 515520300
--------------------------------------------------
separating paper......
process carried out at separation unit ID: 1509713998
{ recyclable of type P dropped into box....}
Box has ID: 515520300
--------------------------------------------------
separating paper......
process carried out at separation unit ID: 1509713998
{ recyclable of type P dropped into box....}
Box has ID: 515520300
--------------------------------------------------
separating paper......
process carried out at separation unit ID: 1509713998
{ recyclable of type P dropped into box....}
Box has ID: 515520300
--------------------------------------------------
separating paper......
process carried out at separation unit ID: 1509713998
{ recyclable of type P dropped into box....}
Box has ID: 515520300
--------------------------------------------------
separating paper......
process carried out at separation unit ID: 1509713998
{ recyclable of type P dropped into box....}
Box has ID: 515520300
--------------------------------------------------
separating paper......
process carried out at separation unit ID: 1509713998
{ recyclable of type P dropped into box....}
Box has ID: 515520300
--------------------------------------------------
separating paper......
process carried out at separation unit ID: 1509713998
{ recyclable of type P dropped into box....}
Box has ID: 515520300
--------------------------------------------------
separating paper......
process carried out at separation unit ID: 1509713998
{ recyclable of type P dropped into box....}
Box has ID: 515520300
--------------------------------------------------
separating paper......
process carried out at separation unit ID: 1509713998
{ recyclable of type P dropped into box....}
Box has ID: 515520300
--------------------------------------------------
separating paper......
process carried out at separation unit ID: 1509713998
{ recyclable of type P dropped into box....}
Box has ID: 515520300
--------------------------------------------------
separating paper......
process carried out at separation unit ID: 1509713998
{ recyclable of type P dropped into box....}
Box has ID: 515520300
--------------------------------------------------
separating paper......
process carried out at separation unit ID: 1509713998
{ recyclable of type P dropped into box....}
Box has ID: 515520300
--------------------------------------------------
separating paper......
process carried out at separation unit ID: 1509713998
{ recyclable of type P dropped into box....}
Box has ID: 515520300
--------------------------------------------------
separating paper......
process carried out at separation unit ID: 1509713998
{ recyclable of type P dropped into box....}
Box has ID: 515520300
--------------------------------------------------
separating paper......
process carried out at separation unit ID: 1509713998
{ recyclable of type P dropped into box....}
Box has ID: 515520300
--------------------------------------------------
separating paper......
process carried out at separation unit ID: 1509713998
{ recyclable of type P dropped into box....}
Box has ID: 515520300
--------------------------------------------------
separating paper......
process carried out at separation unit ID: 1509713998
{ recyclable of type P dropped into box....}
Box has ID: 515520300
--------------------------------------------------
separating paper......
process carried out at separation unit ID: 1509713998
{ recyclable of type P dropped into box....}
Box has ID: 515520300
--------------------------------------------------
separating paper......
process carried out at separation unit ID: 1509713998
{ recyclable of type P dropped into box....}
Box has ID: 515520300
--------------------------------------------------
separating paper......
process carried out at separation unit ID: 1509713998
{ recyclable of type P dropped into box....}
Box has ID: 515520300
--------------------------------------------------
separating paper......
process carried out at separation unit ID: 1509713998
{ recyclable of type P dropped into box....}
Box has ID: 515520300
--------------------------------------------------
separating paper......
process carried out at separation unit ID: 1509713998
{ recyclable of type P dropped into box....}
Box has ID: 515520300
--------------------------------------------------
separating paper......
process carried out at separation unit ID: 1509713998
{ recyclable of type P dropped into box....}
Box has ID: 515520300
--------------------------------------------------
separating paper......
process carried out at separation unit ID: 1509713998
{ recyclable of type P dropped into box....}
Box has ID: 515520300
--------------------------------------------------
separating paper......
process carried out at separation unit ID: 1509713998
{ recyclable of type P dropped into box....}
Box has ID: 515520300
--------------------------------------------------
separating paper......
process carried out at separation unit ID: 1509713998
{ recyclable of type P dropped into box....}
Box has ID: 515520300
--------------------------------------------------
separating paper......
process carried out at separation unit ID: 1509713998
{ recyclable of type P dropped into box....}
Box has ID: 515520300
--------------------------------------------------
separating paper......
process carried out at separation unit ID: 1509713998
{ recyclable of type P dropped into box....}
Box has ID: 515520300
--------------------------------------------------
separating paper......
process carried out at separation unit ID: 1509713998
{ recyclable of type P dropped into box....}
Box has ID: 515520300
--------------------------------------------------
separating paper......
process carried out at separation unit ID: 1509713998
{ recyclable of type P dropped into box....}
Box has ID: 515520300
--------------------------------------------------
separating paper......
process carried out at separation unit ID: 1509713998
{ recyclable of type P dropped into box....}
Box has ID: 515520300
--------------------------------------------------
separating paper......
process carried out at separation unit ID: 1509713998
{ recyclable of type P dropped into box....}
Box has ID: 515520300
--------------------------------------------------
separating paper......
process carried out at separation unit ID: 1509713998
{ recyclable of type P dropped into box....}
Box has ID: 515520300
--------------------------------------------------
separating paper......
process carried out at separation unit ID: 1509713998
{ recyclable of type P dropped into box....}
Box has ID: 515520300
--------------------------------------------------
separating paper......
process carried out at separation unit ID: 1509713998
{ recyclable of type P dropped into box....}
Box has ID: 515520300
--------------------------------------------------
separating paper......
process carried out at separation unit ID: 1509713998
{ recyclable of type P dropped into box....}
Box has ID: 515520300
--------------------------------------------------
separating paper......
process carried out at separation unit ID: 1509713998
{ recyclable of type P dropped into box....}
Box has ID: 515520300
--------------------------------------------------
separating paper......
process carried out at separation unit ID: 1509713998
{ recyclable of type P dropped into box....}
Box has ID: 515520300
--------------------------------------------------
separating paper......
process carried out at separation unit ID: 1509713998
{ recyclable of type P dropped into box....}
Box has ID: 515520300
--------------------------------------------------
separating paper......
process carried out at separation unit ID: 1509713998
{ recyclable of type P dropped into box....}
Box has ID: 515520300
--------------------------------------------------
separating paper......
process carried out at separation unit ID: 1509713998
{ recyclable of type P dropped into box....}
Box has ID: 515520300
--------------------------------------------------
separating paper......
process carried out at separation unit ID: 1509713998
{ recyclable of type P dropped into box....}
Box has ID: 515520300
--------------------------------------------------
separating paper......
process carried out at separation unit ID: 1509713998
{ recyclable of type P dropped into box....}
Box has ID: 515520300
--------------------------------------------------
separating paper......
process carried out at separation unit ID: 1509713998
{ recyclable of type P dropped into box....}
Box has ID: 515520300
--------------------------------------------------
separating paper......
process carried out at separation unit ID: 1509713998
{ recyclable of type P dropped into box....}
Box has ID: 515520300
--------------------------------------------------
separating paper......
process carried out at separation unit ID: 1509713998
{ recyclable of type P dropped into box....}
Box has ID: 515520300
--------------------------------------------------
separating paper......
process carried out at separation unit ID: 1509713998
{ recyclable of type P dropped into box....}
Box has ID: 515520300
--------------------------------------------------
separating paper......
process carried out at separation unit ID: 1509713998
{ recyclable of type P dropped into box....}
Box has ID: 515520300
--------------------------------------------------
separating paper......
process carried out at separation unit ID: 1509713998
{ recyclable of type P dropped into box....}
Box has ID: 515520300
--------------------------------------------------
separating paper......
process carried out at separation unit ID: 1509713998
{ recyclable of type P dropped into box....}
Box has ID: 515520300
--------------------------------------------------
separating paper......
process carried out at separation unit ID: 1509713998
{ recyclable of type P dropped into box....}
Box has ID: 515520300
--------------------------------------------------
separating paper......
process carried out at separation unit ID: 1509713998
{ recyclable of type P dropped into box....}
Box has ID: 515520300
--------------------------------------------------
separating paper......
process carried out at separation unit ID: 1509713998
{ recyclable of type P dropped into box....}
Box has ID: 515520300
--------------------------------------------------
separating paper......
process carried out at separation unit ID: 1509713998
{ recyclable of type P dropped into box....}
Box has ID: 515520300
--------------------------------------------------
separating paper......
process carried out at separation unit ID: 1509713998
{ recyclable of type P dropped into box....}
Box has ID: 515520300
--------------------------------------------------
separating paper......
process carried out at separation unit ID: 1509713998
{ recyclable of type P dropped into box....}
Box has ID: 515520300
--------------------------------------------------
separating paper......
process carried out at separation unit ID: 1509713998
{ recyclable of type P dropped into box....}
Box has ID: 515520300
--------------------------------------------------
separating paper......
process carried out at separation unit ID: 1509713998
{ recyclable of type P dropped into box....}
Box has ID: 515520300
--------------------------------------------------
separating paper......
process carried out at separation unit ID: 1509713998
{ recyclable of type P dropped into box....}
Box has ID: 515520300
--------------------------------------------------
separating paper......
process carried out at separation unit ID: 1509713998
{ recyclable of type P dropped into box....}
Box has ID: 515520300
--------------------------------------------------
separating paper......
process carried out at separation unit ID: 1509713998
{ recyclable of type P dropped into box....}
Box has ID: 515520300
--------------------------------------------------
separating paper......
process carried out at separation unit ID: 1509713998
{ recyclable of type P dropped into box....}
Box has ID: 515520300
--------------------------------------------------
separating paper......
process carried out at separation unit ID: 1509713998
{ recyclable of type P dropped into box....}
Box has ID: 515520300
--------------------------------------------------
separating paper......
process carried out at separation unit ID: 1509713998
{ recyclable of type P dropped into box....}
Box has ID: 515520300
--------------------------------------------------
separating paper......
process carried out at separation unit ID: 1509713998
{ recyclable of type P dropped into box....}
Box has ID: 515520300
--------------------------------------------------
separating paper......
process carried out at separation unit ID: 1509713998
{ recyclable of type P dropped into box....}
Box has ID: 515520300
--------------------------------------------------
separating paper......
process carried out at separation unit ID: 1509713998
{ recyclable of type P dropped into box....}
Box has ID: 515520300
--------------------------------------------------
separating paper......
process carried out at separation unit ID: 1509713998
{ recyclable of type P dropped into box....}
Box has ID: 515520300
--------------------------------------------------
separating paper......
process carried out at separation unit ID: 1509713998
{ recyclable of type P dropped into box....}
Box has ID: 515520300
--------------------------------------------------
separating paper......
process carried out at separation unit ID: 1509713998
{ recyclable of type P dropped into box....}
Box has ID: 515520300
--------------------------------------------------
separating paper......
process carried out at separation unit ID: 1509713998
{ recyclable of type P dropped into box....}
Box has ID: 515520300
--------------------------------------------------
separating paper......
process carried out at separation unit ID: 1509713998
{ recyclable of type P dropped into box....}
Box has ID: 515520300
--------------------------------------------------
separating paper......
process carried out at separation unit ID: 1509713998
{ recyclable of type P dropped into box....}
Box has ID: 515520300
--------------------------------------------------
separating paper......
process carried out at separation unit ID: 1509713998
{ recyclable of type P dropped into box....}
Box has ID: 515520300
--------------------------------------------------
separating paper......
process carried out at separation unit ID: 1509713998
{ recyclable of type P dropped into box....}
Box has ID: 515520300
--------------------------------------------------
separating paper......
process carried out at separation unit ID: 1509713998
{ recyclable of type P dropped into box....}
Box has ID: 515520300
--------------------------------------------------
separating paper......
process carried out at separation unit ID: 1509713998
{ recyclable of type P dropped into box....}
Box has ID: 515520300
--------------------------------------------------
separating paper......
process carried out at separation unit ID: 1509713998
{ recyclable of type P dropped into box....}
Box has ID: 515520300
--------------------------------------------------
separating paper......
process carried out at separation unit ID: 1509713998
{ recyclable of type P dropped into box....}
Box has ID: 515520300
--------------------------------------------------
separating paper......
process carried out at separation unit ID: 1509713998
{ recyclable of type P dropped into box....}
Box has ID: 515520300
--------------------------------------------------
separating paper......
process carried out at separation unit ID: 1509713998
{ recyclable of type P dropped into box....}
Box has ID: 515520300
--------------------------------------------------
separating paper......
process carried out at separation unit ID: 1509713998
{ recyclable of type P dropped into box....}
Box has ID: 515520300
--------------------------------------------------
separating paper......
process carried out at separation unit ID: 1509713998
{ recyclable of type P dropped into box....}
Box has ID: 515520300
--------------------------------------------------
separating paper......
process carried out at separation unit ID: 1509713998
{ recyclable of type P dropped into box....}
Box has ID: 515520300
--------------------------------------------------
separating paper......
process carried out at separation unit ID: 1509713998
{ recyclable of type P dropped into box....}
Box has ID: 515520300
--------------------------------------------------
separating paper......
process carried out at separation unit ID: 1509713998
{ recyclable of type P dropped into box....}
Box has ID: 515520300
--------------------------------------------------
separating paper......
process carried out at separation unit ID: 1509713998
{ recyclable of type P dropped into box....}
Box has ID: 515520300
--------------------------------------------------
separating paper......
process carried out at separation unit ID: 1509713998
{ recyclable of type P dropped into box....}
Box has ID: 515520300
--------------------------------------------------
separating paper......
process carried out at separation unit ID: 1509713998
{ recyclable of type P dropped into box....}
Box has ID: 515520300
--------------------------------------------------
separating paper......
process carried out at separation unit ID: 1509713998
{ recyclable of type P dropped into box....}
Box has ID: 515520300
--------------------------------------------------
separating paper......
process carried out at separation unit ID: 1509713998
{ recyclable of type P dropped into box....}
Box has ID: 515520300
--------------------------------------------------
separating paper......
process carried out at separation unit ID: 1509713998
{ recyclable of type P dropped into box....}
Box has ID: 515520300
--------------------------------------------------
separating paper......
process carried out at separation unit ID: 1509713998
{ recyclable of type P dropped into box....}
Box has ID: 515520300
--------------------------------------------------
separating paper......
process carried out at separation unit ID: 1509713998
{ recyclable of type P dropped into box....}
Box has ID: 515520300
--------------------------------------------------
separating paper......
process carried out at separation unit ID: 1509713998
{ recyclable of type P dropped into box....}
Box has ID: 515520300
--------------------------------------------------
separating paper......
process carried out at separation unit ID: 1509713998
{ recyclable of type P dropped into box....}
Box has ID: 515520300
--------------------------------------------------
separating paper......
process carried out at separation unit ID: 1509713998
{ recyclable of type P dropped into box....}
Box has ID: 515520300
--------------------------------------------------
separating paper......
process carried out at separation unit ID: 1509713998
{ recyclable of type P dropped into box....}
Box has ID: 515520300
--------------------------------------------------
separating paper......
process carried out at separation unit ID: 1509713998
{ recyclable of type P dropped into box....}
Box has ID: 515520300
--------------------------------------------------
separating paper......
process carried out at separation unit ID: 1509713998
{ recyclable of type P dropped into box....}
Box has ID: 515520300
--------------------------------------------------
separating paper......
process carried out at separation unit ID: 1509713998
{ recyclable of type P dropped into box....}
Box has ID: 515520300
--------------------------------------------------
separating paper......
process carried out at separation unit ID: 1509713998
{ recyclable of type P dropped into box....}
Box has ID: 515520300
--------------------------------------------------
separating paper......
process carried out at separation unit ID: 1509713998
{ recyclable of type P dropped into box....}
Box has ID: 515520300
--------------------------------------------------
separating paper......
process carried out at separation unit ID: 1509713998
{ recyclable of type P dropped into box....}
Box has ID: 515520300
--------------------------------------------------
separating paper......
process carried out at separation unit ID: 1509713998
{ recyclable of type P dropped into box....}
Box has ID: 515520300
--------------------------------------------------
separating paper......
process carried out at separation unit ID: 1509713998
{ recyclable of type P dropped into box....}
Box has ID: 515520300
--------------------------------------------------
separating paper......
process carried out at separation unit ID: 1509713998
{ recyclable of type P dropped into box....}
Box has ID: 515520300
--------------------------------------------------
separating paper......
process carried out at separation unit ID: 1509713998
{ recyclable of type P dropped into box....}
Box has ID: 515520300
--------------------------------------------------
separating paper......
process carried out at separation unit ID: 1509713998
{ recyclable of type P dropped into box....}
Box has ID: 515520300
--------------------------------------------------
separating paper......
process carried out at separation unit ID: 1509713998
{ recyclable of type P dropped into box....}
Box has ID: 515520300
--------------------------------------------------
separating paper......
process carried out at separation unit ID: 1509713998
{ recyclable of type P dropped into box....}
Box has ID: 515520300
--------------------------------------------------
separating paper......
process carried out at separation unit ID: 1509713998
{ recyclable of type P dropped into box....}
Box has ID: 515520300
--------------------------------------------------
separating paper......
process carried out at separation unit ID: 1509713998
{ recyclable of type P dropped into box....}
Box has ID: 515520300
--------------------------------------------------
separating paper......
process carried out at separation unit ID: 1509713998
{ recyclable of type P dropped into box....}
Box has ID: 515520300
--------------------------------------------------
separating paper......
process carried out at separation unit ID: 1509713998
{ recyclable of type P dropped into box....}
Box has ID: 515520300
--------------------------------------------------
separating paper......
process carried out at separation unit ID: 1509713998
{ recyclable of type P dropped into box....}
Box has ID: 515520300
--------------------------------------------------
separating paper......
process carried out at separation unit ID: 1509713998
{ recyclable of type P dropped into box....}
Box has ID: 515520300
--------------------------------------------------
separating paper......
process carried out at separation unit ID: 1509713998
{ recyclable of type P dropped into box....}
Box has ID: 515520300
--------------------------------------------------
separating paper......
process carried out at separation unit ID: 1509713998
{ recyclable of type P dropped into box....}
Box has ID: 515520300
--------------------------------------------------
separating paper......
process carried out at separation unit ID: 1509713998
{ recyclable of type P dropped into box....}
Box has ID: 515520300
--------------------------------------------------
separating paper......
process carried out at separation unit ID: 1509713998
{ recyclable of type P dropped into box....}
Box has ID: 515520300
--------------------------------------------------
separating paper......
process carried out at separation unit ID: 1509713998
{ recyclable of type P dropped into box....}
Box has ID: 515520300
--------------------------------------------------
separating paper......
process carried out at separation unit ID: 1509713998
{ recyclable of type P dropped into box....}
Box has ID: 515520300
--------------------------------------------------
separating paper......
process carried out at separation unit ID: 1509713998
{ recyclable of type P dropped into box....}
Box has ID: 515520300
--------------------------------------------------
separating paper......
process carried out at separation unit ID: 1509713998
{ recyclable of type P dropped into box....}
Box has ID: 515520300
--------------------------------------------------
separating paper......
process carried out at separation unit ID: 1509713998
{ recyclable of type P dropped into box....}
Box has ID: 515520300
--------------------------------------------------
separating paper......
process carried out at separation unit ID: 1509713998
{ recyclable of type P dropped into box....}
Box has ID: 515520300
--------------------------------------------------
separating paper......
process carried out at separation unit ID: 1509713998
{ recyclable of type P dropped into box....}
Box has ID: 515520300
--------------------------------------------------
separating paper......
process carried out at separation unit ID: 1509713998
{ recyclable of type P dropped into box....}
Box has ID: 515520300
--------------------------------------------------
separating paper......
process carried out at separation unit ID: 1509713998
{ recyclable of type P dropped into box....}
Box has ID: 515520300
--------------------------------------------------
separating paper......
process carried out at separation unit ID: 1509713998
{ recyclable of type P dropped into box....}
Box has ID: 515520300
--------------------------------------------------
separating paper......
process carried out at separation unit ID: 1509713998
{ recyclable of type P dropped into box....}
Box has ID: 515520300
--------------------------------------------------
separating paper......
process carried out at separation unit ID: 1509713998
{ recyclable of type P dropped into box....}
Box has ID: 515520300
--------------------------------------------------
separating paper......
process carried out at separation unit ID: 1509713998
{ recyclable of type P dropped into box....}
Box has ID: 515520300
--------------------------------------------------
separating paper......
process carried out at separation unit ID: 1509713998
{ recyclable of type P dropped into box....}
Box has ID: 515520300
--------------------------------------------------
separating paper......
process carried out at separation unit ID: 1509713998
{ recyclable of type P dropped into box....}
Box has ID: 515520300
--------------------------------------------------
separating paper......
process carried out at separation unit ID: 1509713998
{ recyclable of type P dropped into box....}
Box has ID: 515520300
--------------------------------------------------
separating paper......
process carried out at separation unit ID: 1509713998
{ recyclable of type P dropped into box....}
Box has ID: 515520300
--------------------------------------------------
separating paper......
process carried out at separation unit ID: 1509713998
{ recyclable of type P dropped into box....}
Box has ID: 515520300
--------------------------------------------------
separating paper......
process carried out at separation unit ID: 1509713998
{ recyclable of type P dropped into box....}
Box has ID: 515520300
--------------------------------------------------
separating paper......
process carried out at separation unit ID: 1509713998
{ recyclable of type P dropped into box....}
Box has ID: 515520300
--------------------------------------------------
separating paper......
process carried out at separation unit ID: 1509713998
{ recyclable of type P dropped into box....}
Box has ID: 515520300
--------------------------------------------------
separating paper......
process carried out at separation unit ID: 1509713998
{ recyclable of type P dropped into box....}
Box has ID: 515520300
--------------------------------------------------
separating paper......
process carried out at separation unit ID: 1509713998
{ recyclable of type P dropped into box....}
Box has ID: 515520300
--------------------------------------------------
separating paper......
process carried out at separation unit ID: 1509713998
{ recyclable of type P dropped into box....}
Box has ID: 515520300
--------------------------------------------------
separating paper......
process carried out at separation unit ID: 1509713998
{ recyclable of type P dropped into box....}
Box has ID: 515520300
--------------------------------------------------
separating paper......
process carried out at separation unit ID: 1509713998
{ recyclable of type P dropped into box....}
Box has ID: 515520300
--------------------------------------------------
separating paper......
process carried out at separation unit ID: 1509713998
{ recyclable of type P dropped into box....}
Box has ID: 515520300
--------------------------------------------------
separating paper......
process carried out at separation unit ID: 1509713998
{ recyclable of type P dropped into box....}
Box has ID: 515520300
--------------------------------------------------
separating paper......
process carried out at separation unit ID: 1509713998
{ recyclable of type P dropped into box....}
Box has ID: 515520300
--------------------------------------------------
separating paper......
process carried out at separation unit ID: 1509713998
{ recyclable of type P dropped into box....}
Box has ID: 515520300
--------------------------------------------------
separating paper......
process carried out at separation unit ID: 1509713998
{ recyclable of type P dropped into box....}
Box has ID: 515520300
--------------------------------------------------
separating paper......
process carried out at separation unit ID: 1509713998
{ recyclable of type P dropped into box....}
Box has ID: 515520300
--------------------------------------------------
separating paper......
process carried out at separation unit ID: 1509713998
{ recyclable of type P dropped into box....}
Box has ID: 515520300
--------------------------------------------------
separating paper......
process carried out at separation unit ID: 1509713998
{ recyclable of type P dropped into box....}
Box has ID: 515520300
--------------------------------------------------
separating paper......
process carried out at separation unit ID: 1509713998
{ recyclable of type P dropped into box....}
Box has ID: 515520300
--------------------------------------------------
separating paper......
process carried out at separation unit ID: 1509713998
{ recyclable of type P dropped into box....}
Box has ID: 515520300
--------------------------------------------------
separating paper......
process carried out at separation unit ID: 1509713998
{ recyclable of type P dropped into box....}
Box has ID: 515520300
--------------------------------------------------
separating paper......
process carried out at separation unit ID: 1509713998
{ recyclable of type P dropped into box....}
Box has ID: 515520300
--------------------------------------------------
separating paper......
process carried out at separation unit ID: 1509713998
{ recyclable of type P dropped into box....}
Box has ID: 515520300
--------------------------------------------------
separating paper......
process carried out at separation unit ID: 1509713998
{ recyclable of type P dropped into box....}
Box has ID: 515520300
--------------------------------------------------
separating paper......
process carried out at separation unit ID: 1509713998
{ recyclable of type P dropped into box....}
Box has ID: 515520300
--------------------------------------------------
separating paper......
process carried out at separation unit ID: 1509713998
{ recyclable of type P dropped into box....}
Box has ID: 515520300
--------------------------------------------------
separating paper......
process carried out at separation unit ID: 1509713998
{ recyclable of type P dropped into box....}
Box has ID: 515520300
--------------------------------------------------
separating paper......
process carried out at separation unit ID: 1509713998
{ recyclable of type P dropped into box....}
Box has ID: 515520300
--------------------------------------------------
separating paper......
process carried out at separation unit ID: 1509713998
{ recyclable of type P dropped into box....}
Box has ID: 515520300
--------------------------------------------------
separating paper......
process carried out at separation unit ID: 1509713998
{ recyclable of type P dropped into box....}
Box has ID: 515520300
--------------------------------------------------
separating paper......
process carried out at separation unit ID: 1509713998
{ recyclable of type P dropped into box....}
Box has ID: 515520300
--------------------------------------------------
separating paper......
process carried out at separation unit ID: 1509713998
{ recyclable of type P dropped into box....}
Box has ID: 515520300
--------------------------------------------------
separating paper......
process carried out at separation unit ID: 1509713998
{ recyclable of type P dropped into box....}
Box has ID: 515520300
--------------------------------------------------
separating paper......
process carried out at separation unit ID: 1509713998
{ recyclable of type P dropped into box....}
Box has ID: 515520300
--------------------------------------------------
separating paper......
process carried out at separation unit ID: 1509713998
{ recyclable of type P dropped into box....}
Box has ID: 515520300
--------------------------------------------------
separating paper......
process carried out at separation unit ID: 1509713998
{ recyclable of type P dropped into box....}
Box has ID: 515520300
--------------------------------------------------
separating paper......
process carried out at separation unit ID: 1509713998
{ recyclable of type P dropped into box....}
Box has ID: 515520300
--------------------------------------------------
separating paper......
process carried out at separation unit ID: 1509713998
{ recyclable of type P dropped into box....}
Box has ID: 515520300
--------------------------------------------------
separating paper......
process carried out at separation unit ID: 1509713998
{ recyclable of type P dropped into box....}
Box has ID: 515520300
--------------------------------------------------
separating paper......
process carried out at separation unit ID: 1509713998
{ recyclable of type P dropped into box....}
Box has ID: 515520300
--------------------------------------------------
separating paper......
process carried out at separation unit ID: 1509713998
{ recyclable of type P dropped into box....}
Box has ID: 515520300
--------------------------------------------------
separating paper......
process carried out at separation unit ID: 1509713998
{ recyclable of type P dropped into box....}
Box has ID: 515520300
--------------------------------------------------
separating paper......
process carried out at separation unit ID: 1509713998
{ recyclable of type P dropped into box....}
Box has ID: 515520300
--------------------------------------------------
separating paper......
process carried out at separation unit ID: 1509713998
{ recyclable of type P dropped into box....}
Box has ID: 515520300
--------------------------------------------------
separating paper......
process carried out at separation unit ID: 1509713998
{ recyclable of type P dropped into box....}
Box has ID: 515520300
--------------------------------------------------
separating paper......
process carried out at separation unit ID: 1509713998
{ recyclable of type P dropped into box....}
Box has ID: 515520300
--------------------------------------------------
separating paper......
process carried out at separation unit ID: 1509713998
{ recyclable of type P dropped into box....}
Box has ID: 515520300
--------------------------------------------------
separating paper......
process carried out at separation unit ID: 1509713998
{ recyclable of type P dropped into box....}
Box has ID: 515520300
--------------------------------------------------
separating paper......
process carried out at separation unit ID: 1509713998
{ recyclable of type P dropped into box....}
Box has ID: 515520300
--------------------------------------------------
separating paper......
process carried out at separation unit ID: 1509713998
{ recyclable of type P dropped into box....}
Box has ID: 515520300
--------------------------------------------------
separating paper......
process carried out at separation unit ID: 1509713998
{ recyclable of type P dropped into box....}
Box has ID: 515520300
--------------------------------------------------
separating paper......
process carried out at separation unit ID: 1509713998
{ recyclable of type P dropped into box....}
Box has ID: 515520300
--------------------------------------------------
separating paper......
process carried out at separation unit ID: 1509713998
{ recyclable of type P dropped into box....}
Box has ID: 515520300
--------------------------------------------------
separating paper......
process carried out at separation unit ID: 1509713998
{ recyclable of type P dropped into box....}
Box has ID: 515520300
--------------------------------------------------
separating paper......
process carried out at separation unit ID: 1509713998
{ recyclable of type P dropped into box....}
Box has ID: 515520300
--------------------------------------------------
separating paper......
process carried out at separation unit ID: 1509713998
{ recyclable of type P dropped into box....}
Box has ID: 515520300
--------------------------------------------------
separating paper......
process carried out at separation unit ID: 1509713998
{ recyclable of type P dropped into box....}
Box has ID: 515520300
--------------------------------------------------
separating paper......
process carried out at separation unit ID: 1509713998
{ recyclable of type P dropped into box....}
Box has ID: 515520300
--------------------------------------------------
separating paper......
process carried out at separation unit ID: 1509713998
{ recyclable of type P dropped into box....}
Box has ID: 515520300
--------------------------------------------------
separating paper......
process carried out at separation unit ID: 1509713998
{ recyclable of type P dropped into box....}
Box has ID: 515520300
--------------------------------------------------
separating paper......
process carried out at separation unit ID: 1509713998
{ recyclable of type P dropped into box....}
Box has ID: 515520300
--------------------------------------------------
separating paper......
process carried out at separation unit ID: 1509713998
{ recyclable of type P dropped into box....}
Box has ID: 515520300
--------------------------------------------------
separating paper......
process carried out at separation unit ID: 1509713998
{ recyclable of type P dropped into box....}
Box has ID: 515520300
--------------------------------------------------
separating paper......
process carried out at separation unit ID: 1509713998
{ recyclable of type P dropped into box....}
Box has ID: 515520300
--------------------------------------------------
separating paper......
process carried out at separation unit ID: 1509713998
{ recyclable of type P dropped into box....}
Box has ID: 515520300
--------------------------------------------------
separating paper......
process carried out at separation unit ID: 1509713998
{ recyclable of type P dropped into box....}
Box has ID: 515520300
--------------------------------------------------
separating paper......
process carried out at separation unit ID: 1509713998
{ recyclable of type P dropped into box....}
Box has ID: 515520300
--------------------------------------------------
separating paper......
process carried out at separation unit ID: 1509713998
{ recyclable of type P dropped into box....}
Box has ID: 515520300
--------------------------------------------------
separating paper......
process carried out at separation unit ID: 1509713998
{ recyclable of type P dropped into box....}
Box has ID: 515520300
--------------------------------------------------
separating paper......
process carried out at separation unit ID: 1509713998
{ recyclable of type P dropped into box....}
Box has ID: 515520300
--------------------------------------------------
separating paper......
process carried out at separation unit ID: 1509713998
{ recyclable of type P dropped into box....}
Box has ID: 515520300
--------------------------------------------------
separating paper......
process carried out at separation unit ID: 1509713998
{ recyclable of type P dropped into box....}
Box has ID: 515520300
--------------------------------------------------
separating paper......
process carried out at separation unit ID: 1509713998
{ recyclable of type P dropped into box....}
Box has ID: 515520300
--------------------------------------------------
separating paper......
process carried out at separation unit ID: 1509713998
{ recyclable of type P dropped into box....}
Box has ID: 515520300
--------------------------------------------------
separating paper......
process carried out at separation unit ID: 1509713998
{ recyclable of type P dropped into box....}
Box has ID: 515520300
--------------------------------------------------
separating paper......
process carried out at separation unit ID: 1509713998
{ recyclable of type P dropped into box....}
Box has ID: 515520300
--------------------------------------------------
separating paper......
process carried out at separation unit ID: 1509713998
{ recyclable of type P dropped into box....}
Box has ID: 515520300
--------------------------------------------------
separating paper......
process carried out at separation unit ID: 1509713998
{ recyclable of type P dropped into box....}
Box has ID: 515520300
--------------------------------------------------
separating paper......
process carried out at separation unit ID: 1509713998
{ recyclable of type P dropped into box....}
Box has ID: 515520300
--------------------------------------------------
separating paper......
process carried out at separation unit ID: 1509713998
{ recyclable of type P dropped into box....}
Box has ID: 515520300
--------------------------------------------------
separating paper......
process carried out at separation unit ID: 1509713998
{ recyclable of type P dropped into box....}
Box has ID: 515520300
--------------------------------------------------
separating paper......
process carried out at separation unit ID: 1509713998
{ recyclable of type P dropped into box....}
Box has ID: 515520300
--------------------------------------------------
separating paper......
process carried out at separation unit ID: 1509713998
{ recyclable of type P dropped into box....}
Box has ID: 515520300
--------------------------------------------------
separating paper......
process carried out at separation unit ID: 1509713998
{ recyclable of type P dropped into box....}
Box has ID: 515520300
--------------------------------------------------
separating paper......
process carried out at separation unit ID: 1509713998
{ recyclable of type P dropped into box....}
Box has ID: 515520300
--------------------------------------------------
separating paper......
process carried out at separation unit ID: 1509713998
{ recyclable of type P dropped into box....}
Box has ID: 515520300
--------------------------------------------------
separating paper......
process carried out at separation unit ID: 1509713998
{ recyclable of type P dropped into box....}
Box has ID: 515520300
--------------------------------------------------
separating paper......
process carried out at separation unit ID: 1509713998
{ recyclable of type P dropped into box....}
Box has ID: 515520300
--------------------------------------------------
separating paper......
process carried out at separation unit ID: 1509713998
{ recyclable of type P dropped into box....}
Box has ID: 515520300
--------------------------------------------------
separating paper......
process carried out at separation unit ID: 1509713998
{ recyclable of type P dropped into box....}
Box has ID: 515520300
--------------------------------------------------
separating paper......
process carried out at separation unit ID: 1509713998
{ recyclable of type P dropped into box....}
Box has ID: 515520300
--------------------------------------------------
separating paper......
process carried out at separation unit ID: 1509713998
{ recyclable of type P dropped into box....}
Box has ID: 515520300
--------------------------------------------------
separating paper......
process carried out at separation unit ID: 1509713998
{ recyclable of type P dropped into box....}
Box has ID: 515520300
--------------------------------------------------
separating paper......
process carried out at separation unit ID: 1509713998
{ recyclable of type P dropped into box....}
Box has ID: 515520300
--------------------------------------------------
separating paper......
process carried out at separation unit ID: 1509713998
{ recyclable of type P dropped into box....}
Box has ID: 515520300
--------------------------------------------------
separating paper......
process carried out at separation unit ID: 1509713998
{ recyclable of type P dropped into box....}
Box has ID: 515520300
--------------------------------------------------
separating paper......
process carried out at separation unit ID: 1509713998
{ recyclable of type P dropped into box....}
Box has ID: 515520300
--------------------------------------------------
separating paper......
process carried out at separation unit ID: 1509713998
{ recyclable of type P dropped into box....}
Box has ID: 515520300
--------------------------------------------------
separating paper......
process carried out at separation unit ID: 1509713998
{ recyclable of type P dropped into box....}
Box has ID: 515520300
--------------------------------------------------
separating paper......
process carried out at separation unit ID: 1509713998
{ recyclable of type P dropped into box....}
Box has ID: 515520300
--------------------------------------------------
separating paper......
process carried out at separation unit ID: 1509713998
{ recyclable of type P dropped into box....}
Box has ID: 515520300
--------------------------------------------------
separating paper......
process carried out at separation unit ID: 1509713998
{ recyclable of type P dropped into box....}
Box has ID: 515520300
--------------------------------------------------
separating paper......
process carried out at separation unit ID: 1509713998
{ recyclable of type P dropped into box....}
Box has ID: 515520300
--------------------------------------------------
separating paper......
process carried out at separation unit ID: 1509713998
{ recyclable of type P dropped into box....}
Box has ID: 515520300
--------------------------------------------------
separating paper......
process carried out at separation unit ID: 1509713998
{ recyclable of type P dropped into box....}
Box has ID: 515520300
--------------------------------------------------
separating paper......
process carried out at separation unit ID: 1509713998
{ recyclable of type P dropped into box....}
Box has ID: 515520300
--------------------------------------------------
separating paper......
process carried out at separation unit ID: 1509713998
{ recyclable of type P dropped into box....}
Box has ID: 515520300
--------------------------------------------------
separating paper......
process carried out at separation unit ID: 1509713998
{ recyclable of type P dropped into box....}
Box has ID: 515520300
--------------------------------------------------
separating paper......
process carried out at separation unit ID: 1509713998
{ recyclable of type P dropped into box....}
Box has ID: 515520300
--------------------------------------------------
separating paper......
process carried out at separation unit ID: 1509713998
{ recyclable of type P dropped into box....}
Box has ID: 515520300
--------------------------------------------------
separating paper......
process carried out at separation unit ID: 1509713998
{ recyclable of type P dropped into box....}
Box has ID: 515520300
--------------------------------------------------
separating paper......
process carried out at separation unit ID: 1509713998
{ recyclable of type P dropped into box....}
Box has ID: 515520300
--------------------------------------------------
separating paper......
process carried out at separation unit ID: 1509713998
{ recyclable of type P dropped into box....}
Box has ID: 515520300
--------------------------------------------------
separating paper......
process carried out at separation unit ID: 1509713998
{ recyclable of type P dropped into box....}
Box has ID: 515520300
--------------------------------------------------
separating paper......
process carried out at separation unit ID: 1509713998
{ recyclable of type P dropped into box....}
Box has ID: 515520300
--------------------------------------------------
separating paper......
process carried out at separation unit ID: 1509713998
{ recyclable of type P dropped into box....}
Box has ID: 515520300
--------------------------------------------------
separating paper......
process carried out at separation unit ID: 1509713998
{ recyclable of type P dropped into box....}
Box has ID: 515520300
--------------------------------------------------
separating paper......
process carried out at separation unit ID: 1509713998
{ recyclable of type P dropped into box....}
Box has ID: 515520300
--------------------------------------------------
separating paper......
process carried out at separation unit ID: 1509713998
{ recyclable of type P dropped into box....}
Box has ID: 515520300
--------------------------------------------------
separating paper......
process carried out at separation unit ID: 1509713998
{ recyclable of type P dropped into box....}
Box has ID: 515520300
--------------------------------------------------
separating paper......
process carried out at separation unit ID: 1509713998
{ recyclable of type P dropped into box....}
Box has ID: 515520300
--------------------------------------------------
separating paper......
process carried out at separation unit ID: 1509713998
{ recyclable of type P dropped into box....}
Box has ID: 515520300
--------------------------------------------------
separating paper......
process carried out at separation unit ID: 1509713998
{ recyclable of type P dropped into box....}
Box has ID: 515520300
--------------------------------------------------
separating paper......
process carried out at separation unit ID: 1509713998
{ recyclable of type P dropped into box....}
Box has ID: 515520300
--------------------------------------------------
separating paper......
process carried out at separation unit ID: 1509713998
{ recyclable of type P dropped into box....}
Box has ID: 515520300
--------------------------------------------------
separating paper......
process carried out at separation unit ID: 1509713998
{ recyclable of type P dropped into box....}
Box has ID: 515520300
--------------------------------------------------
separating paper......
process carried out at separation unit ID: 1509713998
{ recyclable of type P dropped into box....}
Box has ID: 515520300
--------------------------------------------------
separating paper......
process carried out at separation unit ID: 1509713998
{ recyclable of type P dropped into box....}
Box has ID: 515520300
--------------------------------------------------
separating paper......
process carried out at separation unit ID: 1509713998
{ recyclable of type P dropped into box....}
Box has ID: 515520300
--------------------------------------------------
separating paper......
process carried out at separation unit ID: 1509713998
{ recyclable of type P dropped into box....}
Box has ID: 515520300
--------------------------------------------------
separating paper......
process carried out at separation unit ID: 1509713998
{ recyclable of type P dropped into box....}
Box has ID: 515520300
--------------------------------------------------
separating paper......
process carried out at separation unit ID: 1509713998
{ recyclable of type P dropped into box....}
Box has ID: 515520300
--------------------------------------------------
separating paper......
process carried out at separation unit ID: 1509713998
{ recyclable of type P dropped into box....}
Box has ID: 515520300
--------------------------------------------------
separating paper......
process carried out at separation unit ID: 1509713998
{ recyclable of type P dropped into box....}
Box has ID: 515520300
--------------------------------------------------
separating paper......
process carried out at separation unit ID: 1509713998
{ recyclable of type P dropped into box....}
Box has ID: 515520300
--------------------------------------------------
separating paper......
process carried out at separation unit ID: 1509713998
{ recyclable of type P dropped into box....}
Box has ID: 515520300
--------------------------------------------------
separating paper......
process carried out at separation unit ID: 1509713998
{ recyclable of type P dropped into box....}
Box has ID: 515520300
--------------------------------------------------
separating paper......
process carried out at separation unit ID: 1509713998
{ recyclable of type P dropped into box....}
Box has ID: 515520300
--------------------------------------------------
separating paper......
process carried out at separation unit ID: 1509713998
{ recyclable of type P dropped into box....}
Box has ID: 515520300
--------------------------------------------------
separating paper......
process carried out at separation unit ID: 1509713998
{ recyclable of type P dropped into box....}
Box has ID: 515520300
--------------------------------------------------
separating paper......
process carried out at separation unit ID: 1509713998
{ recyclable of type P dropped into box....}
Box has ID: 515520300
--------------------------------------------------
separating paper......
process carried out at separation unit ID: 1509713998
{ recyclable of type P dropped into box....}
Box has ID: 515520300
--------------------------------------------------
separating paper......
process carried out at separation unit ID: 1509713998
{ recyclable of type P dropped into box....}
Box has ID: 515520300
--------------------------------------------------
separating paper......
process carried out at separation unit ID: 1509713998
{ recyclable of type P dropped into box....}
Box has ID: 515520300
--------------------------------------------------
separating paper......
process carried out at separation unit ID: 1509713998
{ recyclable of type P dropped into box....}
Box has ID: 515520300
--------------------------------------------------
separating paper......
process carried out at separation unit ID: 1509713998
{ recyclable of type P dropped into box....}
Box has ID: 515520300
--------------------------------------------------
separating paper......
process carried out at separation unit ID: 1509713998
{ recyclable of type P dropped into box....}
Box has ID: 515520300
--------------------------------------------------
separating paper......
process carried out at separation unit ID: 1509713998
{ recyclable of type P dropped into box....}
Box has ID: 515520300
--------------------------------------------------
separating paper......
process carried out at separation unit ID: 1509713998
{ recyclable of type P dropped into box....}
Box has ID: 515520300
--------------------------------------------------
separating paper......
process carried out at separation unit ID: 1509713998
{ recyclable of type P dropped into box....}
Box has ID: 515520300
--------------------------------------------------
separating paper......
process carried out at separation unit ID: 1509713998
{ recyclable of type P dropped into box....}
Box has ID: 515520300
--------------------------------------------------
separating paper......
process carried out at separation unit ID: 1509713998
{ recyclable of type P dropped into box....}
Box has ID: 515520300
--------------------------------------------------
separating paper......
process carried out at separation unit ID: 1509713998
{ recyclable of type P dropped into box....}
Box has ID: 515520300
--------------------------------------------------
separating paper......
process carried out at separation unit ID: 1509713998
{ recyclable of type P dropped into box....}
Box has ID: 515520300
--------------------------------------------------
separating paper......
process carried out at separation unit ID: 1509713998
{ recyclable of type P dropped into box....}
Box has ID: 515520300
--------------------------------------------------
separating paper......
process carried out at separation unit ID: 1509713998
{ recyclable of type P dropped into box....}
Box has ID: 515520300
--------------------------------------------------
separating paper......
process carried out at separation unit ID: 1509713998
{ recyclable of type P dropped into box....}
Box has ID: 515520300
--------------------------------------------------
separating paper......
process carried out at separation unit ID: 1509713998
{ recyclable of type P dropped into box....}
Box has ID: 515520300
--------------------------------------------------
separating paper......
process carried out at separation unit ID: 1509713998
{ recyclable of type P dropped into box....}
Box has ID: 515520300
--------------------------------------------------
separating paper......
process carried out at separation unit ID: 1509713998
{ recyclable of type P dropped into box....}
Box has ID: 515520300
--------------------------------------------------
separating paper......
process carried out at separation unit ID: 1509713998
{ recyclable of type P dropped into box....}
Box has ID: 515520300
--------------------------------------------------
separating paper......
process carried out at separation unit ID: 1509713998
{ recyclable of type P dropped into box....}
Box has ID: 515520300
--------------------------------------------------
separating paper......
process carried out at separation unit ID: 1509713998
{ recyclable of type P dropped into box....}
Box has ID: 515520300
--------------------------------------------------
separating paper......
process carried out at separation unit ID: 1509713998
{ recyclable of type P dropped into box....}
Box has ID: 515520300
--------------------------------------------------
separating paper......
process carried out at separation unit ID: 1509713998
{ recyclable of type P dropped into box....}
Box has ID: 515520300
--------------------------------------------------
separating paper......
process carried out at separation unit ID: 1509713998
{ recyclable of type P dropped into box....}
Box has ID: 515520300
--------------------------------------------------
separating paper......
process carried out at separation unit ID: 1509713998
{ recyclable of type P dropped into box....}
Box has ID: 515520300
--------------------------------------------------
separating paper......
process carried out at separation unit ID: 1509713998
{ recyclable of type P dropped into box....}
Box has ID: 515520300
--------------------------------------------------
separating paper......
process carried out at separation unit ID: 1509713998
{ recyclable of type P dropped into box....}
Box has ID: 515520300
--------------------------------------------------
separating paper......
process carried out at separation unit ID: 1509713998
{ recyclable of type P dropped into box....}
Box has ID: 515520300
--------------------------------------------------
separating paper......
process carried out at separation unit ID: 1509713998
{ recyclable of type P dropped into box....}
Box has ID: 515520300
--------------------------------------------------
separating paper......
process carried out at separation unit ID: 1509713998
{ recyclable of type P dropped into box....}
Box has ID: 515520300
--------------------------------------------------
separating paper......
process carried out at separation unit ID: 1509713998
{ recyclable of type P dropped into box....}
Box has ID: 515520300
--------------------------------------------------
separating paper......
process carried out at separation unit ID: 1509713998
{ recyclable of type P dropped into box....}
Box has ID: 515520300
--------------------------------------------------
separating paper......
process carried out at separation unit ID: 1509713998
{ recyclable of type P dropped into box....}
Box has ID: 515520300
--------------------------------------------------
separating paper......
process carried out at separation unit ID: 1509713998
{ recyclable of type P dropped into box....}
Box has ID: 515520300
--------------------------------------------------
separating paper......
process carried out at separation unit ID: 1509713998
{ recyclable of type P dropped into box....}
Box has ID: 515520300
--------------------------------------------------
separating paper......
process carried out at separation unit ID: 1509713998
{ recyclable of type P dropped into box....}
Box has ID: 515520300
--------------------------------------------------
separating paper......
process carried out at separation unit ID: 1509713998
{ recyclable of type P dropped into box....}
Box has ID: 515520300
--------------------------------------------------
separating paper......
process carried out at separation unit ID: 1509713998
{ recyclable of type P dropped into box....}
Box has ID: 515520300
--------------------------------------------------
separating paper......
process carried out at separation unit ID: 1509713998
{ recyclable of type P dropped into box....}
Box has ID: 515520300
--------------------------------------------------
separating paper......
process carried out at separation unit ID: 1509713998
{ recyclable of type P dropped into box....}
Box has ID: 515520300
--------------------------------------------------
separating paper......
process carried out at separation unit ID: 1509713998
{ recyclable of type P dropped into box....}
Box has ID: 515520300
--------------------------------------------------
separating paper......
process carried out at separation unit ID: 1509713998
{ recyclable of type P dropped into box....}
Box has ID: 515520300
--------------------------------------------------
separating paper......
process carried out at separation unit ID: 1509713998
{ recyclable of type P dropped into box....}
Box has ID: 515520300
--------------------------------------------------
separating paper......
process carried out at separation unit ID: 1509713998
{ recyclable of type P dropped into box....}
Box has ID: 515520300
--------------------------------------------------
separating paper......
process carried out at separation unit ID: 1509713998
{ recyclable of type P dropped into box....}
Box has ID: 515520300
--------------------------------------------------
separating paper......
process carried out at separation unit ID: 1509713998
{ recyclable of type P dropped into box....}
Box has ID: 515520300
--------------------------------------------------
separating paper......
process carried out at separation unit ID: 1509713998
{ recyclable of type P dropped into box....}
Box has ID: 515520300
--------------------------------------------------
separating paper......
process carried out at separation unit ID: 1509713998
{ recyclable of type P dropped into box....}
Box has ID: 515520300
--------------------------------------------------
separating paper......
process carried out at separation unit ID: 1509713998
{ recyclable of type P dropped into box....}
Box has ID: 515520300
--------------------------------------------------
separating paper......
process carried out at separation unit ID: 1509713998
{ recyclable of type P dropped into box....}
Box has ID: 515520300
--------------------------------------------------
separating paper......
process carried out at separation unit ID: 1509713998
{ recyclable of type P dropped into box....}
Box has ID: 515520300
--------------------------------------------------
separating paper......
process carried out at separation unit ID: 1509713998
{ recyclable of type P dropped into box....}
Box has ID: 515520300
--------------------------------------------------
separating paper......
process carried out at separation unit ID: 1509713998
{ recyclable of type P dropped into box....}
Box has ID: 515520300
--------------------------------------------------
separating paper......
process carried out at separation unit ID: 1509713998
{ recyclable of type P dropped into box....}
Box has ID: 515520300
--------------------------------------------------
separating paper......
process carried out at separation unit ID: 1509713998
{ recyclable of type P dropped into box....}
Box has ID: 515520300
--------------------------------------------------
separating paper......
process carried out at separation unit ID: 1509713998
{ recyclable of type P dropped into box....}
Box has ID: 515520300
--------------------------------------------------
separating paper......
process carried out at separation unit ID: 1509713998
{ recyclable of type P dropped into box....}
Box has ID: 515520300
--------------------------------------------------
separating paper......
process carried out at separation unit ID: 1509713998
{ recyclable of type P dropped into box....}
Box has ID: 515520300
--------------------------------------------------
separating paper......
process carried out at separation unit ID: 1509713998
{ recyclable of type P dropped into box....}
Box has ID: 515520300
--------------------------------------------------
separating paper......
process carried out at separation unit ID: 1509713998
{ recyclable of type P dropped into box....}
Box has ID: 515520300
--------------------------------------------------
separating paper......
process carried out at separation unit ID: 1509713998
{ recyclable of type P dropped into box....}
Box has ID: 515520300
--------------------------------------------------
separating paper......
process carried out at separation unit ID: 1509713998
{ recyclable of type P dropped into box....}
Box has ID: 515520300
--------------------------------------------------
separating paper......
process carried out at separation unit ID: 1509713998
{ recyclable of type P dropped into box....}
Box has ID: 515520300
--------------------------------------------------
separating paper......
process carried out at separation unit ID: 1509713998
{ recyclable of type P dropped into box....}
Box has ID: 515520300
--------------------------------------------------
separating paper......
process carried out at separation unit ID: 1509713998
{ recyclable of type P dropped into box....}
Box has ID: 515520300
--------------------------------------------------
separating paper......
process carried out at separation unit ID: 1509713998
{ recyclable of type P dropped into box....}
Box has ID: 515520300
--------------------------------------------------
separating paper......
process carried out at separation unit ID: 1509713998
{ recyclable of type P dropped into box....}
Box has ID: 515520300
--------------------------------------------------
separating paper......
process carried out at separation unit ID: 1509713998
{ recyclable of type P dropped into box....}
Box has ID: 515520300
--------------------------------------------------
separating paper......
process carried out at separation unit ID: 1509713998
{ recyclable of type P dropped into box....}
Box has ID: 515520300
--------------------------------------------------
separating paper......
process carried out at separation unit ID: 1509713998
{ recyclable of type P dropped into box....}
Box has ID: 515520300
--------------------------------------------------
separating paper......
process carried out at separation unit ID: 1509713998
{ recyclable of type P dropped into box....}
Box has ID: 515520300
--------------------------------------------------
separating paper......
process carried out at separation unit ID: 1509713998
{ recyclable of type P dropped into box....}
Box has ID: 515520300
--------------------------------------------------
separating paper......
process carried out at separation unit ID: 1509713998
{ recyclable of type P dropped into box....}
Box has ID: 515520300
--------------------------------------------------
separating paper......
process carried out at separation unit ID: 1509713998
{ recyclable of type P dropped into box....}
Box has ID: 515520300
--------------------------------------------------
separating paper......
process carried out at separation unit ID: 1509713998
{ recyclable of type P dropped into box....}
Box has ID: 515520300
--------------------------------------------------
separating paper......
process carried out at separation unit ID: 1509713998
{ recyclable of type P dropped into box....}
Box has ID: 515520300
--------------------------------------------------
separating paper......
process carried out at separation unit ID: 1509713998
{ recyclable of type P dropped into box....}
Box has ID: 515520300
--------------------------------------------------
separating paper......
process carried out at separation unit ID: 1509713998
{ recyclable of type P dropped into box....}
Box has ID: 515520300
--------------------------------------------------
separating paper......
process carried out at separation unit ID: 1509713998
{ recyclable of type P dropped into box....}
Box has ID: 515520300
--------------------------------------------------
separating paper......
process carried out at separation unit ID: 1509713998
{ recyclable of type P dropped into box....}
Box has ID: 515520300
--------------------------------------------------
separating paper......
process carried out at separation unit ID: 1509713998
{ recyclable of type P dropped into box....}
Box has ID: 515520300
--------------------------------------------------
separating paper......
process carried out at separation unit ID: 1509713998
{ recyclable of type P dropped into box....}
Box has ID: 515520300
--------------------------------------------------
separating paper......
process carried out at separation unit ID: 1509713998
{ recyclable of type P dropped into box....}
Box has ID: 515520300
--------------------------------------------------
separating paper......
process carried out at separation unit ID: 1509713998
{ recyclable of type P dropped into box....}
Box has ID: 515520300
--------------------------------------------------
separating paper......
process carried out at separation unit ID: 1509713998
{ recyclable of type P dropped into box....}
Box has ID: 515520300
--------------------------------------------------
separating paper......
process carried out at separation unit ID: 1509713998
{ recyclable of type P dropped into box....}
Box has ID: 515520300
--------------------------------------------------
separating paper......
process carried out at separation unit ID: 1509713998
{ recyclable of type P dropped into box....}
Box has ID: 515520300
--------------------------------------------------
separating paper......
process carried out at separation unit ID: 1509713998
{ recyclable of type P dropped into box....}
Box has ID: 515520300
--------------------------------------------------
separating paper......
process carried out at separation unit ID: 1509713998
{ recyclable of type P dropped into box....}
Box has ID: 515520300
--------------------------------------------------
separating paper......
process carried out at separation unit ID: 1509713998
{ recyclable of type P dropped into box....}
Box has ID: 515520300
--------------------------------------------------
separating paper......
process carried out at separation unit ID: 1509713998
{ recyclable of type P dropped into box....}
Box has ID: 515520300
--------------------------------------------------
separating paper......
process carried out at separation unit ID: 1509713998
{ recyclable of type P dropped into box....}
Box has ID: 515520300
--------------------------------------------------
separating paper......
process carried out at separation unit ID: 1509713998
{ recyclable of type P dropped into box....}
Box has ID: 515520300
--------------------------------------------------
separating paper......
process carried out at separation unit ID: 1509713998
{ recyclable of type P dropped into box....}
Box has ID: 515520300
--------------------------------------------------
separating paper......
process carried out at separation unit ID: 1509713998
{ recyclable of type P dropped into box....}
Box has ID: 515520300
--------------------------------------------------
separating paper......
process carried out at separation unit ID: 1509713998
{ recyclable of type P dropped into box....}
Box has ID: 515520300
--------------------------------------------------
separating paper......
process carried out at separation unit ID: 1509713998
{ recyclable of type P dropped into box....}
Box has ID: 515520300
--------------------------------------------------
separating paper......
process carried out at separation unit ID: 1509713998
{ recyclable of type P dropped into box....}
Box has ID: 515520300
--------------------------------------------------
separating paper......
process carried out at separation unit ID: 1509713998
{ recyclable of type P dropped into box....}
Box has ID: 515520300
--------------------------------------------------
separating paper......
process carried out at separation unit ID: 1509713998
{ recyclable of type P dropped into box....}
Box has ID: 515520300
--------------------------------------------------
separating paper......
process carried out at separation unit ID: 1509713998
{ recyclable of type P dropped into box....}
Box has ID: 515520300
--------------------------------------------------
separating paper......
process carried out at separation unit ID: 1509713998
{ recyclable of type P dropped into box....}
Box has ID: 515520300
--------------------------------------------------
separating paper......
process carried out at separation unit ID: 1509713998
{ recyclable of type P dropped into box....}
Box has ID: 515520300
--------------------------------------------------
separating paper......
process carried out at separation unit ID: 1509713998
{ recyclable of type P dropped into box....}
Box has ID: 515520300
--------------------------------------------------
separating paper......
process carried out at separation unit ID: 1509713998
{ recyclable of type P dropped into box....}
Box has ID: 515520300
--------------------------------------------------
separating paper......
process carried out at separation unit ID: 1509713998
{ recyclable of type P dropped into box....}
Box has ID: 515520300
--------------------------------------------------
separating paper......
process carried out at separation unit ID: 1509713998
{ recyclable of type P dropped into box....}
Box has ID: 515520300
--------------------------------------------------
separating paper......
process carried out at separation unit ID: 1509713998
{ recyclable of type P dropped into box....}
Box has ID: 515520300
--------------------------------------------------
separating paper......
process carried out at separation unit ID: 1509713998
{ recyclable of type P dropped into box....}
Box has ID: 515520300
--------------------------------------------------
separating paper......
process carried out at separation unit ID: 1509713998
{ recyclable of type P dropped into box....}
Box has ID: 515520300
--------------------------------------------------
separating paper......
process carried out at separation unit ID: 1509713998
{ recyclable of type P dropped into box....}
Box has ID: 515520300
--------------------------------------------------
separating paper......
process carried out at separation unit ID: 1509713998
{ recyclable of type P dropped into box....}
Box has ID: 515520300
--------------------------------------------------
separating paper......
process carried out at separation unit ID: 1509713998
{ recyclable of type P dropped into box....}
Box has ID: 515520300
--------------------------------------------------
separating paper......
process carried out at separation unit ID: 1509713998
{ recyclable of type P dropped into box....}
Box has ID: 515520300
--------------------------------------------------
separating paper......
process carried out at separation unit ID: 1509713998
{ recyclable of type P dropped into box....}
Box has ID: 515520300
--------------------------------------------------
separating paper......
process carried out at separation unit ID: 1509713998
{ recyclable of type P dropped into box....}
Box has ID: 515520300
--------------------------------------------------
separating paper......
process carried out at separation unit ID: 1509713998
{ recyclable of type P dropped into box....}
Box has ID: 515520300
--------------------------------------------------
separating paper......
process carried out at separation unit ID: 1509713998
{ recyclable of type P dropped into box....}
Box has ID: 515520300
--------------------------------------------------
separating paper......
process carried out at separation unit ID: 1509713998
{ recyclable of type P dropped into box....}
Box has ID: 515520300
--------------------------------------------------
separating paper......
process carried out at separation unit ID: 1509713998
{ recyclable of type P dropped into box....}
Box has ID: 515520300
--------------------------------------------------
separating paper......
process carried out at separation unit ID: 1509713998
{ recyclable of type P dropped into box....}
Box has ID: 515520300
--------------------------------------------------
separating paper......
process carried out at separation unit ID: 1509713998
{ recyclable of type P dropped into box....}
Box has ID: 515520300
--------------------------------------------------
separating paper......
process carried out at separation unit ID: 1509713998
{ recyclable of type P dropped into box....}
Box has ID: 515520300
--------------------------------------------------
separating paper......
process carried out at separation unit ID: 1509713998
{ recyclable of type P dropped into box....}
Box has ID: 515520300
--------------------------------------------------
separating paper......
process carried out at separation unit ID: 1509713998
{ recyclable of type P dropped into box....}
Box has ID: 515520300
--------------------------------------------------
separating paper......
process carried out at separation unit ID: 1509713998
{ recyclable of type P dropped into box....}
Box has ID: 515520300
--------------------------------------------------
separating paper......
process carried out at separation unit ID: 1509713998
{ recyclable of type P dropped into box....}
Box has ID: 515520300
--------------------------------------------------
separating paper......
process carried out at separation unit ID: 1509713998
{ recyclable of type P dropped into box....}
Box has ID: 515520300
--------------------------------------------------
separating paper......
process carried out at separation unit ID: 1509713998
{ recyclable of type P dropped into box....}
Box has ID: 515520300
--------------------------------------------------
separating paper......
process carried out at separation unit ID: 1509713998
{ recyclable of type P dropped into box....}
Box has ID: 515520300
--------------------------------------------------
separating paper......
process carried out at separation unit ID: 1509713998
{ recyclable of type P dropped into box....}
Box has ID: 515520300
--------------------------------------------------
separating paper......
process carried out at separation unit ID: 1509713998
{ recyclable of type P dropped into box....}
Box has ID: 515520300
--------------------------------------------------
separating paper......
process carried out at separation unit ID: 1509713998
{ recyclable of type P dropped into box....}
Box has ID: 515520300
--------------------------------------------------
separating paper......
process carried out at separation unit ID: 1509713998
{ recyclable of type P dropped into box....}
Box has ID: 515520300
--------------------------------------------------
separating paper......
process carried out at separation unit ID: 1509713998
{ recyclable of type P dropped into box....}
Box has ID: 515520300
--------------------------------------------------
separating paper......
process carried out at separation unit ID: 1509713998
{ recyclable of type P dropped into box....}
Box has ID: 515520300
--------------------------------------------------
separating paper......
process carried out at separation unit ID: 1509713998
{ recyclable of type P dropped into box....}
Box has ID: 515520300
--------------------------------------------------
separating paper......
process carried out at separation unit ID: 1509713998
{ recyclable of type P dropped into box....}
Box has ID: 515520300
--------------------------------------------------
separating paper......
process carried out at separation unit ID: 1509713998
{ recyclable of type P dropped into box....}
Box has ID: 515520300
--------------------------------------------------
separating paper......
process carried out at separation unit ID: 1509713998
{ recyclable of type P dropped into box....}
Box has ID: 515520300
--------------------------------------------------
separating paper......
process carried out at separation unit ID: 1509713998
{ recyclable of type P dropped into box....}
Box has ID: 515520300
--------------------------------------------------
separating paper......
process carried out at separation unit ID: 1509713998
{ recyclable of type P dropped into box....}
Box has ID: 515520300
--------------------------------------------------
separating paper......
process carried out at separation unit ID: 1509713998
{ recyclable of type P dropped into box....}
Box has ID: 515520300
--------------------------------------------------
separating paper......
process carried out at separation unit ID: 1509713998
{ recyclable of type P dropped into box....}
Box has ID: 515520300
--------------------------------------------------
separating paper......
process carried out at separation unit ID: 1509713998
{ recyclable of type P dropped into box....}
Box has ID: 515520300
--------------------------------------------------
separating paper......
process carried out at separation unit ID: 1509713998
{ recyclable of type P dropped into box....}
Box has ID: 515520300
--------------------------------------------------
separating paper......
process carried out at separation unit ID: 1509713998
{ recyclable of type P dropped into box....}
Box has ID: 515520300
--------------------------------------------------
separating paper......
process carried out at separation unit ID: 1509713998
{ recyclable of type P dropped into box....}
Box has ID: 515520300
--------------------------------------------------
separating paper......
process carried out at separation unit ID: 1509713998
{ recyclable of type P dropped into box....}
Box has ID: 515520300
--------------------------------------------------
separating paper......
process carried out at separation unit ID: 1509713998
{ recyclable of type P dropped into box....}
Box has ID: 515520300
--------------------------------------------------
separating paper......
process carried out at separation unit ID: 1509713998
{ recyclable of type P dropped into box....}
Box has ID: 515520300
--------------------------------------------------
separating paper......
process carried out at separation unit ID: 1509713998
{ recyclable of type P dropped into box....}
Box has ID: 515520300
--------------------------------------------------
separating paper......
process carried out at separation unit ID: 1509713998
{ recyclable of type P dropped into box....}
Box has ID: 515520300
--------------------------------------------------
separating paper......
process carried out at separation unit ID: 1509713998
{ recyclable of type P dropped into box....}
Box has ID: 515520300
--------------------------------------------------
separating paper......
process carried out at separation unit ID: 1509713998
{ recyclable of type P dropped into box....}
Box has ID: 515520300
--------------------------------------------------
separating paper......
process carried out at separation unit ID: 1509713998
{ recyclable of type P dropped into box....}
Box has ID: 515520300
--------------------------------------------------
separating paper......
process carried out at separation unit ID: 1509713998
{ recyclable of type P dropped into box....}
Box has ID: 515520300
--------------------------------------------------
separating paper......
process carried out at separation unit ID: 1509713998
{ recyclable of type P dropped into box....}
Box has ID: 515520300
--------------------------------------------------
separating paper......
process carried out at separation unit ID: 1509713998
{ recyclable of type P dropped into box....}
Box has ID: 515520300
--------------------------------------------------
separating paper......
process carried out at separation unit ID: 1509713998
{ recyclable of type P dropped into box....}
Box has ID: 515520300
--------------------------------------------------
separating paper......
process carried out at separation unit ID: 1509713998
{ recyclable of type P dropped into box....}
Box has ID: 515520300
--------------------------------------------------
separating paper......
process carried out at separation unit ID: 1509713998
{ recyclable of type P dropped into box....}
Box has ID: 515520300
--------------------------------------------------
separating paper......
process carried out at separation unit ID: 1509713998
{ recyclable of type P dropped into box....}
Box has ID: 515520300
--------------------------------------------------
separating paper......
process carried out at separation unit ID: 1509713998
{ recyclable of type P dropped into box....}
Box has ID: 515520300
--------------------------------------------------
separating paper......
process carried out at separation unit ID: 1509713998
{ recyclable of type P dropped into box....}
Box has ID: 515520300
--------------------------------------------------
separating paper......
process carried out at separation unit ID: 1509713998
{ recyclable of type P dropped into box....}
Box has ID: 515520300
--------------------------------------------------
separating paper......
process carried out at separation unit ID: 1509713998
{ recyclable of type P dropped into box....}
Box has ID: 515520300
--------------------------------------------------
separating paper......
process carried out at separation unit ID: 1509713998
{ recyclable of type P dropped into box....}
Box has ID: 515520300
--------------------------------------------------
separating paper......
process carried out at separation unit ID: 1509713998
{ recyclable of type P dropped into box....}
Box has ID: 515520300
--------------------------------------------------
separating paper......
process carried out at separation unit ID: 1509713998
{ recyclable of type P dropped into box....}
Box has ID: 515520300
--------------------------------------------------
separating paper......
process carried out at separation unit ID: 1509713998
{ recyclable of type P dropped into box....}
Box has ID: 515520300
--------------------------------------------------
separating paper......
process carried out at separation unit ID: 1509713998
{ recyclable of type P dropped into box....}
Box has ID: 515520300
--------------------------------------------------
separating paper......
process carried out at separation unit ID: 1509713998
{ recyclable of type P dropped into box....}
Box has ID: 515520300
--------------------------------------------------
separating paper......
process carried out at separation unit ID: 1509713998
{ recyclable of type P dropped into box....}
Box has ID: 515520300
--------------------------------------------------
separating paper......
process carried out at separation unit ID: 1509713998
{ recyclable of type P dropped into box....}
Box has ID: 515520300
--------------------------------------------------
separating paper......
process carried out at separation unit ID: 1509713998
{ recyclable of type P dropped into box....}
Box has ID: 515520300
--------------------------------------------------
separating paper......
process carried out at separation unit ID: 1509713998
{ recyclable of type P dropped into box....}
Box has ID: 515520300
--------------------------------------------------
separating paper......
process carried out at separation unit ID: 1509713998
{ recyclable of type P dropped into box....}
Box has ID: 515520300
--------------------------------------------------
separating paper......
process carried out at separation unit ID: 1509713998
{ recyclable of type P dropped into box....}
Box has ID: 515520300
--------------------------------------------------
separating paper......
process carried out at separation unit ID: 1509713998
{ recyclable of type P dropped into box....}
Box has ID: 515520300
--------------------------------------------------
separating paper......
process carried out at separation unit ID: 1509713998
{ recyclable of type P dropped into box....}
Box has ID: 515520300
--------------------------------------------------
separating paper......
process carried out at separation unit ID: 1509713998
{ recyclable of type P dropped into box....}
Box has ID: 515520300
--------------------------------------------------
separating paper......
process carried out at separation unit ID: 1509713998
{ recyclable of type P dropped into box....}
Box has ID: 515520300
--------------------------------------------------
separating paper......
process carried out at separation unit ID: 1509713998
{ recyclable of type P dropped into box....}
Box has ID: 515520300
--------------------------------------------------
separating paper......
process carried out at separation unit ID: 1509713998
{ recyclable of type P dropped into box....}
Box has ID: 515520300
--------------------------------------------------
separating paper......
process carried out at separation unit ID: 1509713998
{ recyclable of type P dropped into box....}
Box has ID: 515520300
--------------------------------------------------
separating paper......
process carried out at separation unit ID: 1509713998
{ recyclable of type P dropped into box....}
Box has ID: 515520300
--------------------------------------------------
separating paper......
process carried out at separation unit ID: 1509713998
{ recyclable of type P dropped into box....}
Box has ID: 515520300
--------------------------------------------------
separating paper......
process carried out at separation unit ID: 1509713998
{ recyclable of type P dropped into box....}
Box has ID: 515520300
--------------------------------------------------
separating paper......
process carried out at separation unit ID: 1509713998
{ recyclable of type P dropped into box....}
Box has ID: 515520300
--------------------------------------------------
separating paper......
process carried out at separation unit ID: 1509713998
{ recyclable of type P dropped into box....}
Box has ID: 515520300
--------------------------------------------------
separating paper......
process carried out at separation unit ID: 1509713998
{ recyclable of type P dropped into box....}
Box has ID: 515520300
--------------------------------------------------
separating paper......
process carried out at separation unit ID: 1509713998
{ recyclable of type P dropped into box....}
Box has ID: 515520300
--------------------------------------------------
separating paper......
process carried out at separation unit ID: 1509713998
{ recyclable of type P dropped into box....}
Box has ID: 515520300
--------------------------------------------------
separating paper......
process carried out at separation unit ID: 1509713998
{ recyclable of type P dropped into box....}
Box has ID: 515520300
--------------------------------------------------
separating paper......
process carried out at separation unit ID: 1509713998
{ recyclable of type P dropped into box....}
Box has ID: 515520300
--------------------------------------------------
separating paper......
process carried out at separation unit ID: 1509713998
{ recyclable of type P dropped into box....}
Box has ID: 515520300
--------------------------------------------------
separating paper......
process carried out at separation unit ID: 1509713998
{ recyclable of type P dropped into box....}
Box has ID: 515520300
--------------------------------------------------
separating paper......
process carried out at separation unit ID: 1509713998
{ recyclable of type P dropped into box....}
Box has ID: 515520300
--------------------------------------------------
separating paper......
process carried out at separation unit ID: 1509713998
{ recyclable of type P dropped into box....}
Box has ID: 515520300
--------------------------------------------------
separating paper......
process carried out at separation unit ID: 1509713998
{ recyclable of type P dropped into box....}
Box has ID: 515520300
--------------------------------------------------
separating paper......
process carried out at separation unit ID: 1509713998
{ recyclable of type P dropped into box....}
Box has ID: 515520300
--------------------------------------------------
separating paper......
process carried out at separation unit ID: 1509713998
{ recyclable of type P dropped into box....}
Box has ID: 515520300
--------------------------------------------------
separating paper......
process carried out at separation unit ID: 1509713998
{ recyclable of type P dropped into box....}
Box has ID: 515520300
--------------------------------------------------
separating paper......
process carried out at separation unit ID: 1509713998
{ recyclable of type P dropped into box....}
Box has ID: 515520300
--------------------------------------------------
separating paper......
process carried out at separation unit ID: 1509713998
{ recyclable of type P dropped into box....}
Box has ID: 515520300
--------------------------------------------------
separating paper......
process carried out at separation unit ID: 1509713998
{ recyclable of type P dropped into box....}
Box has ID: 515520300
--------------------------------------------------
separating paper......
process carried out at separation unit ID: 1509713998
{ recyclable of type P dropped into box....}
Box has ID: 515520300
--------------------------------------------------
separating paper......
process carried out at separation unit ID: 1509713998
{ recyclable of type P dropped into box....}
Box has ID: 515520300
--------------------------------------------------
separating paper......
process carried out at separation unit ID: 1509713998
{ recyclable of type P dropped into box....}
Box has ID: 515520300
--------------------------------------------------
separating paper......
process carried out at separation unit ID: 1509713998
{ recyclable of type P dropped into box....}
Box has ID: 515520300
--------------------------------------------------
separating paper......
process carried out at separation unit ID: 1509713998
{ recyclable of type P dropped into box....}
Box has ID: 515520300
--------------------------------------------------
separating paper......
process carried out at separation unit ID: 1509713998
{ recyclable of type P dropped into box....}
Box has ID: 515520300
--------------------------------------------------
separating paper......
process carried out at separation unit ID: 1509713998
{ recyclable of type P dropped into box....}
Box has ID: 515520300
--------------------------------------------------
separating paper......
process carried out at separation unit ID: 1509713998
{ recyclable of type P dropped into box....}
Box has ID: 515520300
--------------------------------------------------
separating paper......
process carried out at separation unit ID: 1509713998
{ recyclable of type P dropped into box....}
Box has ID: 515520300
--------------------------------------------------
separating paper......
process carried out at separation unit ID: 1509713998
{ recyclable of type P dropped into box....}
Box has ID: 515520300
--------------------------------------------------
separating paper......
process carried out at separation unit ID: 1509713998
{ recyclable of type P dropped into box....}
Box has ID: 515520300
--------------------------------------------------
separating paper......
process carried out at separation unit ID: 1509713998
{ recyclable of type P dropped into box....}
Box has ID: 515520300
--------------------------------------------------
separating paper......
process carried out at separation unit ID: 1509713998
{ recyclable of type P dropped into box....}
Box has ID: 515520300
--------------------------------------------------
separating paper......
process carried out at separation unit ID: 1509713998
{ recyclable of type P dropped into box....}
Box has ID: 515520300
--------------------------------------------------
separating paper......
process carried out at separation unit ID: 1509713998
{ recyclable of type P dropped into box....}
Box has ID: 515520300
--------------------------------------------------
separating paper......
process carried out at separation unit ID: 1509713998
{ recyclable of type P dropped into box....}
Box has ID: 515520300
--------------------------------------------------
separating paper......
process carried out at separation unit ID: 1509713998
{ recyclable of type P dropped into box....}
Box has ID: 515520300
--------------------------------------------------
separating paper......
process carried out at separation unit ID: 1509713998
{ recyclable of type P dropped into box....}
Box has ID: 515520300
--------------------------------------------------
separating paper......
process carried out at separation unit ID: 1509713998
{ recyclable of type P dropped into box....}
Box has ID: 515520300
--------------------------------------------------
separating paper......
process carried out at separation unit ID: 1509713998
{ recyclable of type P dropped into box....}
Box has ID: 515520300
--------------------------------------------------
separating paper......
process carried out at separation unit ID: 1509713998
{ recyclable of type P dropped into box....}
Box has ID: 515520300
--------------------------------------------------
separating paper......
process carried out at separation unit ID: 1509713998
{ recyclable of type P dropped into box....}
Box has ID: 515520300
--------------------------------------------------
separating paper......
process carried out at separation unit ID: 1509713998
{ recyclable of type P dropped into box....}
Box has ID: 515520300
--------------------------------------------------
separating paper......
process carried out at separation unit ID: 1509713998
{ recyclable of type P dropped into box....}
Box has ID: 515520300
--------------------------------------------------
separating paper......
process carried out at separation unit ID: 1509713998
{ recyclable of type P dropped into box....}
Box has ID: 515520300
--------------------------------------------------
separating paper......
process carried out at separation unit ID: 1509713998
{ recyclable of type P dropped into box....}
Box has ID: 515520300
--------------------------------------------------
separating paper......
process carried out at separation unit ID: 1509713998
{ recyclable of type P dropped into box....}
Box has ID: 515520300
--------------------------------------------------
separating paper......
process carried out at separation unit ID: 1509713998
{ recyclable of type P dropped into box....}
Box has ID: 515520300
--------------------------------------------------
separating paper......
process carried out at separation unit ID: 1509713998
{ recyclable of type P dropped into box....}
Box has ID: 515520300
--------------------------------------------------
separating paper......
process carried out at separation unit ID: 1509713998
{ recyclable of type P dropped into box....}
Box has ID: 515520300
--------------------------------------------------
separating paper......
process carried out at separation unit ID: 1509713998
{ recyclable of type P dropped into box....}
Box has ID: 515520300
--------------------------------------------------
separating paper......
process carried out at separation unit ID: 1509713998
{ recyclable of type P dropped into box....}
Box has ID: 515520300
--------------------------------------------------
separating paper......
process carried out at separation unit ID: 1509713998
{ recyclable of type P dropped into box....}
Box has ID: 515520300
--------------------------------------------------
separating paper......
process carried out at separation unit ID: 1509713998
{ recyclable of type P dropped into box....}
Box has ID: 515520300
--------------------------------------------------
separating paper......
process carried out at separation unit ID: 1509713998
{ recyclable of type P dropped into box....}
Box has ID: 515520300
--------------------------------------------------
separating paper......
process carried out at separation unit ID: 1509713998
{ recyclable of type P dropped into box....}
Box has ID: 515520300
--------------------------------------------------
separating paper......
process carried out at separation unit ID: 1509713998
{ recyclable of type P dropped into box....}
Box has ID: 515520300
--------------------------------------------------
separating paper......
process carried out at separation unit ID: 1509713998
{ recyclable of type P dropped into box....}
Box has ID: 515520300
--------------------------------------------------
separating paper......
process carried out at separation unit ID: 1509713998
{ recyclable of type P dropped into box....}
Box has ID: 515520300
--------------------------------------------------
separating paper......
process carried out at separation unit ID: 1509713998
{ recyclable of type P dropped into box....}
Box has ID: 515520300
--------------------------------------------------
separating paper......
process carried out at separation unit ID: 1509713998
{ recyclable of type P dropped into box....}
Box has ID: 515520300
--------------------------------------------------
separating paper......
process carried out at separation unit ID: 1509713998
{ recyclable of type P dropped into box....}
Box has ID: 515520300
--------------------------------------------------
separating paper......
process carried out at separation unit ID: 1509713998
{ recyclable of type P dropped into box....}
Box has ID: 515520300
--------------------------------------------------
separating paper......
process carried out at separation unit ID: 1509713998
{ recyclable of type P dropped into box....}
Box has ID: 515520300
--------------------------------------------------
separating paper......
process carried out at separation unit ID: 1509713998
{ recyclable of type P dropped into box....}
Box has ID: 515520300
--------------------------------------------------
separating paper......
process carried out at separation unit ID: 1509713998
{ recyclable of type P dropped into box....}
Box has ID: 515520300
--------------------------------------------------
separating paper......
process carried out at separation unit ID: 1509713998
{ recyclable of type P dropped into box....}
Box has ID: 515520300
--------------------------------------------------
separating paper......
process carried out at separation unit ID: 1509713998
{ recyclable of type P dropped into box....}
Box has ID: 515520300
--------------------------------------------------
separating paper......
process carried out at separation unit ID: 1509713998
{ recyclable of type P dropped into box....}
Box has ID: 515520300
--------------------------------------------------
separating paper......
process carried out at separation unit ID: 1509713998
{ recyclable of type P dropped into box....}
Box has ID: 515520300
--------------------------------------------------
separating paper......
process carried out at separation unit ID: 1509713998
{ recyclable of type P dropped into box....}
Box has ID: 515520300
--------------------------------------------------
separating paper......
process carried out at separation unit ID: 1509713998
{ recyclable of type P dropped into box....}
Box has ID: 515520300
--------------------------------------------------
separating paper......
process carried out at separation unit ID: 1509713998
{ recyclable of type P dropped into box....}
Box has ID: 515520300
--------------------------------------------------
separating paper......
process carried out at separation unit ID: 1509713998
{ recyclable of type P dropped into box....}
Box has ID: 515520300
--------------------------------------------------
separating paper......
process carried out at separation unit ID: 1509713998
{ recyclable of type P dropped into box....}
Box has ID: 515520300
--------------------------------------------------
separating paper......
process carried out at separation unit ID: 1509713998
{ recyclable of type P dropped into box....}
Box has ID: 515520300
--------------------------------------------------
separating paper......
process carried out at separation unit ID: 1509713998
{ recyclable of type P dropped into box....}
Box has ID: 515520300
--------------------------------------------------
separating paper......
process carried out at separation unit ID: 1509713998
{ recyclable of type P dropped into box....}
Box has ID: 515520300
--------------------------------------------------
separating paper......
process carried out at separation unit ID: 1509713998
{ recyclable of type P dropped into box....}
Box has ID: 515520300
--------------------------------------------------
separating paper......
process carried out at separation unit ID: 1509713998
{ recyclable of type P dropped into box....}
Box has ID: 515520300
--------------------------------------------------
separating paper......
process carried out at separation unit ID: 1509713998
{ recyclable of type P dropped into box....}
Box has ID: 515520300
--------------------------------------------------
separating paper......
process carried out at separation unit ID: 1509713998
{ recyclable of type P dropped into box....}
Box has ID: 515520300
--------------------------------------------------
separating paper......
process carried out at separation unit ID: 1509713998
{ recyclable of type P dropped into box....}
Box has ID: 515520300
--------------------------------------------------
separating paper......
process carried out at separation unit ID: 1509713998
{ recyclable of type P dropped into box....}
Box has ID: 515520300
--------------------------------------------------
separating paper......
process carried out at separation unit ID: 1509713998
{ recyclable of type P dropped into box....}
Box has ID: 515520300
--------------------------------------------------
separating paper......
process carried out at separation unit ID: 1509713998
{ recyclable of type P dropped into box....}
Box has ID: 515520300
--------------------------------------------------
separating paper......
process carried out at separation unit ID: 1509713998
{ recyclable of type P dropped into box....}
Box has ID: 515520300
--------------------------------------------------
separating paper......
process carried out at separation unit ID: 1509713998
{ recyclable of type P dropped into box....}
Box has ID: 515520300
--------------------------------------------------
separating paper......
process carried out at separation unit ID: 1509713998
{ recyclable of type P dropped into box....}
Box has ID: 515520300
--------------------------------------------------
separating paper......
process carried out at separation unit ID: 1509713998
{ recyclable of type P dropped into box....}
Box has ID: 515520300
--------------------------------------------------
separating paper......
process carried out at separation unit ID: 1509713998
{ recyclable of type P dropped into box....}
Box has ID: 515520300
--------------------------------------------------
separating paper......
process carried out at separation unit ID: 1509713998
{ recyclable of type P dropped into box....}
Box has ID: 515520300
--------------------------------------------------
separating paper......
process carried out at separation unit ID: 1509713998
{ recyclable of type P dropped into box....}
Box has ID: 515520300
--------------------------------------------------
separating paper......
process carried out at separation unit ID: 1509713998
{ recyclable of type P dropped into box....}
Box has ID: 515520300
--------------------------------------------------
separating paper......
process carried out at separation unit ID: 1509713998
{ recyclable of type P dropped into box....}
Box has ID: 515520300
--------------------------------------------------
separating paper......
process carried out at separation unit ID: 1509713998
{ recyclable of type P dropped into box....}
Box has ID: 515520300
--------------------------------------------------
separating paper......
process carried out at separation unit ID: 1509713998
{ recyclable of type P dropped into box....}
Box has ID: 515520300
--------------------------------------------------
separating paper......
process carried out at separation unit ID: 1509713998
{ recyclable of type P dropped into box....}
Box has ID: 515520300
--------------------------------------------------
separating paper......
process carried out at separation unit ID: 1509713998
{ recyclable of type P dropped into box....}
Box has ID: 515520300
--------------------------------------------------
separating paper......
process carried out at separation unit ID: 1509713998
{ recyclable of type P dropped into box....}
Box has ID: 515520300
--------------------------------------------------
separating paper......
process carried out at separation unit ID: 1509713998
{ recyclable of type P dropped into box....}
Box has ID: 515520300
--------------------------------------------------
separating paper......
process carried out at separation unit ID: 1509713998
{ recyclable of type P dropped into box....}
Box has ID: 515520300
--------------------------------------------------
separating paper......
process carried out at separation unit ID: 1509713998
{ recyclable of type P dropped into box....}
Box has ID: 515520300
--------------------------------------------------
separating paper......
process carried out at separation unit ID: 1509713998
{ recyclable of type P dropped into box....}
Box has ID: 515520300
--------------------------------------------------
separating paper......
process carried out at separation unit ID: 1509713998
{ recyclable of type P dropped into box....}
Box has ID: 515520300
--------------------------------------------------
separating paper......
process carried out at separation unit ID: 1509713998
{ recyclable of type P dropped into box....}
Box has ID: 515520300
--------------------------------------------------
separating paper......
process carried out at separation unit ID: 1509713998
{ recyclable of type P dropped into box....}
Box has ID: 515520300
--------------------------------------------------
separating paper......
process carried out at separation unit ID: 1509713998
{ recyclable of type P dropped into box....}
Box has ID: 515520300
--------------------------------------------------
separating paper......
process carried out at separation unit ID: 1509713998
{ recyclable of type P dropped into box....}
Box has ID: 515520300
--------------------------------------------------
separating paper......
process carried out at separation unit ID: 1509713998
{ recyclable of type P dropped into box....}
Box has ID: 515520300
--------------------------------------------------
separating paper......
process carried out at separation unit ID: 1509713998
{ recyclable of type P dropped into box....}
Box has ID: 515520300
--------------------------------------------------
separating paper......
process carried out at separation unit ID: 1509713998
{ recyclable of type P dropped into box....}
Box has ID: 515520300
--------------------------------------------------
separating paper......
process carried out at separation unit ID: 1509713998
{ recyclable of type P dropped into box....}
Box has ID: 515520300
--------------------------------------------------
separating paper......
process carried out at separation unit ID: 1509713998
{ recyclable of type P dropped into box....}
Box has ID: 515520300
--------------------------------------------------
separating paper......
process carried out at separation unit ID: 1509713998
{ recyclable of type P dropped into box....}
Box has ID: 515520300
--------------------------------------------------
separating paper......
process carried out at separation unit ID: 1509713998
{ recyclable of type P dropped into box....}
Box has ID: 515520300
--------------------------------------------------
separating paper......
process carried out at separation unit ID: 1509713998
{ recyclable of type P dropped into box....}
Box has ID: 515520300
--------------------------------------------------
separating paper......
process carried out at separation unit ID: 1509713998
{ recyclable of type P dropped into box....}
Box has ID: 515520300
--------------------------------------------------
separating paper......
process carried out at separation unit ID: 1509713998
{ recyclable of type P dropped into box....}
Box has ID: 515520300
--------------------------------------------------
separating paper......
process carried out at separation unit ID: 1509713998
{ recyclable of type P dropped into box....}
Box has ID: 515520300
--------------------------------------------------
separating paper......
process carried out at separation unit ID: 1509713998
{ recyclable of type P dropped into box....}
Box has ID: 515520300
--------------------------------------------------
separating paper......
process carried out at separation unit ID: 1509713998
{ recyclable of type P dropped into box....}
Box has ID: 515520300
--------------------------------------------------
separating paper......
process carried out at separation unit ID: 1509713998
{ recyclable of type P dropped into box....}
Box has ID: 515520300
--------------------------------------------------
separating paper......
process carried out at separation unit ID: 1509713998
{ recyclable of type P dropped into box....}
Box has ID: 515520300
--------------------------------------------------
separating paper......
process carried out at separation unit ID: 1509713998
{ recyclable of type P dropped into box....}
Box has ID: 515520300
--------------------------------------------------
separating paper......
process carried out at separation unit ID: 1509713998
{ recyclable of type P dropped into box....}
Box has ID: 515520300
--------------------------------------------------
separating paper......
process carried out at separation unit ID: 1509713998
{ recyclable of type P dropped into box....}
Box has ID: 515520300
--------------------------------------------------
separating paper......
process carried out at separation unit ID: 1509713998
{ recyclable of type P dropped into box....}
Box has ID: 515520300
--------------------------------------------------
separating paper......
process carried out at separation unit ID: 1509713998
{ recyclable of type P dropped into box....}
Box has ID: 515520300
--------------------------------------------------
separating paper......
process carried out at separation unit ID: 1509713998
{ recyclable of type P dropped into box....}
Box has ID: 515520300
--------------------------------------------------
separating paper......
process carried out at separation unit ID: 1509713998
{ recyclable of type P dropped into box....}
Box has ID: 515520300
--------------------------------------------------
separating paper......
process carried out at separation unit ID: 1509713998
{ recyclable of type P dropped into box....}
Box has ID: 515520300
--------------------------------------------------
separating paper......
process carried out at separation unit ID: 1509713998
{ recyclable of type P dropped into box....}
Box has ID: 515520300
--------------------------------------------------
separating paper......
process carried out at separation unit ID: 1509713998
{ recyclable of type P dropped into box....}
Box has ID: 515520300
--------------------------------------------------
separating paper......
process carried out at separation unit ID: 1509713998
{ recyclable of type P dropped into box....}
Box has ID: 515520300
--------------------------------------------------
separating paper......
process carried out at separation unit ID: 1509713998
{ recyclable of type P dropped into box....}
Box has ID: 515520300
--------------------------------------------------
separating paper......
process carried out at separation unit ID: 1509713998
{ recyclable of type P dropped into box....}
Box has ID: 515520300
--------------------------------------------------
separating paper......
process carried out at separation unit ID: 1509713998
{ recyclable of type P dropped into box....}
Box has ID: 515520300
--------------------------------------------------
separating paper......
process carried out at separation unit ID: 1509713998
{ recyclable of type P dropped into box....}
Box has ID: 515520300
--------------------------------------------------
separating paper......
process carried out at separation unit ID: 1509713998
{ recyclable of type P dropped into box....}
Box has ID: 515520300
--------------------------------------------------
separating paper......
process carried out at separation unit ID: 1509713998
{ recyclable of type P dropped into box....}
Box has ID: 515520300
--------------------------------------------------
separating paper......
process carried out at separation unit ID: 1509713998
{ recyclable of type P dropped into box....}
Box has ID: 515520300
--------------------------------------------------
separating paper......
process carried out at separation unit ID: 1509713998
{ recyclable of type P dropped into box....}
Box has ID: 515520300
--------------------------------------------------
separating paper......
process carried out at separation unit ID: 1509713998
{ recyclable of type P dropped into box....}
Box has ID: 515520300
--------------------------------------------------
separating paper......
process carried out at separation unit ID: 1509713998
{ recyclable of type P dropped into box....}
Box has ID: 515520300
--------------------------------------------------
separating paper......
process carried out at separation unit ID: 1509713998
{ recyclable of type P dropped into box....}
Box has ID: 515520300
--------------------------------------------------
separating paper......
process carried out at separation unit ID: 1509713998
{ recyclable of type P dropped into box....}
Box has ID: 515520300
--------------------------------------------------
separating paper......
process carried out at separation unit ID: 1509713998
{ recyclable of type P dropped into box....}
Box has ID: 515520300
--------------------------------------------------
separating paper......
process carried out at separation unit ID: 1509713998
{ recyclable of type P dropped into box....}
Box has ID: 515520300
--------------------------------------------------
separating paper......
process carried out at separation unit ID: 1509713998
{ recyclable of type P dropped into box....}
Box has ID: 515520300
--------------------------------------------------
separating paper......
process carried out at separation unit ID: 1509713998
{ recyclable of type P dropped into box....}
Box has ID: 515520300
--------------------------------------------------
separating paper......
process carried out at separation unit ID: 1509713998
{ recyclable of type P dropped into box....}
Box has ID: 515520300
--------------------------------------------------
separating paper......
process carried out at separation unit ID: 1509713998
{ recyclable of type P dropped into box....}
Box has ID: 515520300
--------------------------------------------------
separating paper......
process carried out at separation unit ID: 1509713998
{ recyclable of type P dropped into box....}
Box has ID: 515520300
--------------------------------------------------
separating paper......
process carried out at separation unit ID: 1509713998
{ recyclable of type P dropped into box....}
Box has ID: 515520300
--------------------------------------------------
separating paper......
process carried out at separation unit ID: 1509713998
{ recyclable of type P dropped into box....}
Box has ID: 515520300
--------------------------------------------------
separating paper......
process carried out at separation unit ID: 1509713998
{ recyclable of type P dropped into box....}
Box has ID: 515520300
--------------------------------------------------
separating paper......
process carried out at separation unit ID: 1509713998
{ recyclable of type P dropped into box....}
Box has ID: 515520300
--------------------------------------------------
separating paper......
process carried out at separation unit ID: 1509713998
{ recyclable of type P dropped into box....}
Box has ID: 515520300
--------------------------------------------------
separating paper......
process carried out at separation unit ID: 1509713998
{ recyclable of type P dropped into box....}
Box has ID: 515520300
--------------------------------------------------
separating paper......
process carried out at separation unit ID: 1509713998
{ recyclable of type P dropped into box....}
Box has ID: 515520300
--------------------------------------------------
separating paper......
process carried out at separation unit ID: 1509713998
{ recyclable of type P dropped into box....}
Box has ID: 515520300
--------------------------------------------------
separating paper......
process carried out at separation unit ID: 1509713998
{ recyclable of type P dropped into box....}
Box has ID: 515520300
--------------------------------------------------
separating paper......
process carried out at separation unit ID: 1509713998
{ recyclable of type P dropped into box....}
Box has ID: 515520300
--------------------------------------------------
separating paper......
process carried out at separation unit ID: 1509713998
{ recyclable of type P dropped into box....}
Box has ID: 515520300
--------------------------------------------------
separating paper......
process carried out at separation unit ID: 1509713998
{ recyclable of type P dropped into box....}
Box has ID: 515520300
--------------------------------------------------
separating paper......
process carried out at separation unit ID: 1509713998
{ recyclable of type P dropped into box....}
Box has ID: 515520300
--------------------------------------------------
separating paper......
process carried out at separation unit ID: 1509713998
{ recyclable of type P dropped into box....}
Box has ID: 515520300
--------------------------------------------------
separating paper......
process carried out at separation unit ID: 1509713998
{ recyclable of type P dropped into box....}
Box has ID: 515520300
--------------------------------------------------
separating paper......
process carried out at separation unit ID: 1509713998
{ recyclable of type P dropped into box....}
Box has ID: 515520300
--------------------------------------------------
separating paper......
process carried out at separation unit ID: 1509713998
{ recyclable of type P dropped into box....}
Box has ID: 515520300
--------------------------------------------------
separating paper......
process carried out at separation unit ID: 1509713998
{ recyclable of type P dropped into box....}
Box has ID: 515520300
--------------------------------------------------
separating paper......
process carried out at separation unit ID: 1509713998
{ recyclable of type P dropped into box....}
Box has ID: 515520300
--------------------------------------------------
separating paper......
process carried out at separation unit ID: 1509713998
{ recyclable of type P dropped into box....}
Box has ID: 515520300
--------------------------------------------------
separating paper......
process carried out at separation unit ID: 1509713998
{ recyclable of type P dropped into box....}
Box has ID: 515520300
--------------------------------------------------
separating paper......
process carried out at separation unit ID: 1509713998
{ recyclable of type P dropped into box....}
Box has ID: 515520300
--------------------------------------------------
separating paper......
process carried out at separation unit ID: 1509713998
{ recyclable of type P dropped into box....}
Box has ID: 515520300
--------------------------------------------------
separating paper......
process carried out at separation unit ID: 1509713998
{ recyclable of type P dropped into box....}
Box has ID: 515520300
--------------------------------------------------
separating paper......
process carried out at separation unit ID: 1509713998
{ recyclable of type P dropped into box....}
Box has ID: 515520300
--------------------------------------------------
separating paper......
process carried out at separation unit ID: 1509713998
{ recyclable of type P dropped into box....}
Box has ID: 515520300
--------------------------------------------------
separating paper......
process carried out at separation unit ID: 1509713998
{ recyclable of type P dropped into box....}
Box has ID: 515520300
--------------------------------------------------
separating paper......
process carried out at separation unit ID: 1509713998
{ recyclable of type P dropped into box....}
Box has ID: 515520300
--------------------------------------------------
separating paper......
process carried out at separation unit ID: 1509713998
{ recyclable of type P dropped into box....}
Box has ID: 515520300
--------------------------------------------------
separating paper......
process carried out at separation unit ID: 1509713998
{ recyclable of type P dropped into box....}
Box has ID: 515520300
--------------------------------------------------
separating paper......
process carried out at separation unit ID: 1509713998
{ recyclable of type P dropped into box....}
Box has ID: 515520300
--------------------------------------------------
separating paper......
process carried out at separation unit ID: 1509713998
{ recyclable of type P dropped into box....}
Box has ID: 515520300
--------------------------------------------------
separating paper......
process carried out at separation unit ID: 1509713998
{ recyclable of type P dropped into box....}
Box has ID: 515520300
--------------------------------------------------
separating paper......
process carried out at separation unit ID: 1509713998
{ recyclable of type P dropped into box....}
Box has ID: 515520300
--------------------------------------------------
separating paper......
process carried out at separation unit ID: 1509713998
{ recyclable of type P dropped into box....}
Box has ID: 515520300
--------------------------------------------------
separating paper......
process carried out at separation unit ID: 1509713998
{ recyclable of type P dropped into box....}
Box has ID: 515520300
--------------------------------------------------
separating paper......
process carried out at separation unit ID: 1509713998
{ recyclable of type P dropped into box....}
Box has ID: 515520300
--------------------------------------------------
separating paper......
process carried out at separation unit ID: 1509713998
{ recyclable of type P dropped into box....}
Box has ID: 515520300
--------------------------------------------------
separating paper......
process carried out at separation unit ID: 1509713998
{ recyclable of type P dropped into box....}
Box has ID: 515520300
--------------------------------------------------
separating paper......
process carried out at separation unit ID: 1509713998
{ recyclable of type P dropped into box....}
Box has ID: 515520300
--------------------------------------------------
separating paper......
process carried out at separation unit ID: 1509713998
{ recyclable of type P dropped into box....}
Box has ID: 515520300
--------------------------------------------------
separating paper......
process carried out at separation unit ID: 1509713998
{ recyclable of type P dropped into box....}
Box has ID: 515520300
--------------------------------------------------
separating paper......
process carried out at separation unit ID: 1509713998
{ recyclable of type P dropped into box....}
Box has ID: 515520300
--------------------------------------------------
separating paper......
process carried out at separation unit ID: 1509713998
{ recyclable of type P dropped into box....}
Box has ID: 515520300
--------------------------------------------------
separating paper......
process carried out at separation unit ID: 1509713998
{ recyclable of type P dropped into box....}
Box has ID: 515520300
--------------------------------------------------
separating paper......
process carried out at separation unit ID: 1509713998
{ recyclable of type P dropped into box....}
Box has ID: 515520300
--------------------------------------------------
separating paper......
process carried out at separation unit ID: 1509713998
{ recyclable of type P dropped into box....}
Box has ID: 515520300
--------------------------------------------------
separating paper......
process carried out at separation unit ID: 1509713998
{ recyclable of type P dropped into box....}
Box has ID: 515520300
--------------------------------------------------
separating paper......
process carried out at separation unit ID: 1509713998
{ recyclable of type P dropped into box....}
Box has ID: 515520300
--------------------------------------------------
separating paper......
process carried out at separation unit ID: 1509713998
{ recyclable of type P dropped into box....}
Box has ID: 515520300
--------------------------------------------------
separating paper......
process carried out at separation unit ID: 1509713998
{ recyclable of type P dropped into box....}
Box has ID: 515520300
--------------------------------------------------
separating paper......
process carried out at separation unit ID: 1509713998
{ recyclable of type P dropped into box....}
Box has ID: 515520300
--------------------------------------------------
separating paper......
process carried out at separation unit ID: 1509713998
{ recyclable of type P dropped into box....}
Box has ID: 515520300
--------------------------------------------------
separating paper......
process carried out at separation unit ID: 1509713998
{ recyclable of type P dropped into box....}
Box has ID: 515520300
--------------------------------------------------
separating paper......
process carried out at separation unit ID: 1509713998
{ recyclable of type P dropped into box....}
Box has ID: 515520300
--------------------------------------------------
separating paper......
process carried out at separation unit ID: 1509713998
{ recyclable of type P dropped into box....}
Box has ID: 515520300
--------------------------------------------------
separating paper......
process carried out at separation unit ID: 1509713998
{ recyclable of type P dropped into box....}
Box has ID: 515520300
--------------------------------------------------
separating paper......
process carried out at separation unit ID: 1509713998
{ recyclable of type P dropped into box....}
Box has ID: 515520300
--------------------------------------------------
separating paper......
process carried out at separation unit ID: 1509713998
{ recyclable of type P dropped into box....}
Box has ID: 515520300
--------------------------------------------------
separating paper......
process carried out at separation unit ID: 1509713998
{ recyclable of type P dropped into box....}
Box has ID: 515520300
--------------------------------------------------
separating paper......
process carried out at separation unit ID: 1509713998
{ recyclable of type P dropped into box....}
Box has ID: 515520300
--------------------------------------------------
separating paper......
process carried out at separation unit ID: 1509713998
{ recyclable of type P dropped into box....}
Box has ID: 515520300
--------------------------------------------------
separating paper......
process carried out at separation unit ID: 1509713998
{ recyclable of type P dropped into box....}
Box has ID: 515520300
--------------------------------------------------
separating paper......
process carried out at separation unit ID: 1509713998
{ recyclable of type P dropped into box....}
Box has ID: 515520300
--------------------------------------------------
separating paper......
process carried out at separation unit ID: 1509713998
{ recyclable of type P dropped into box....}
Box has ID: 515520300
--------------------------------------------------
separating paper......
process carried out at separation unit ID: 1509713998
{ recyclable of type P dropped into box....}
Box has ID: 515520300
--------------------------------------------------
separating paper......
process carried out at separation unit ID: 1509713998
{ recyclable of type P dropped into box....}
Box has ID: 515520300
--------------------------------------------------
separating paper......
process carried out at separation unit ID: 1509713998
{ recyclable of type P dropped into box....}
Box has ID: 515520300
--------------------------------------------------
separating paper......
process carried out at separation unit ID: 1509713998
{ recyclable of type P dropped into box....}
Box has ID: 515520300
--------------------------------------------------
separating paper......
process carried out at separation unit ID: 1509713998
{ recyclable of type P dropped into box....}
Box has ID: 515520300
--------------------------------------------------
separating paper......
process carried out at separation unit ID: 1509713998
{ recyclable of type P dropped into box....}
Box has ID: 515520300
--------------------------------------------------
separating paper......
process carried out at separation unit ID: 1509713998
{ recyclable of type P dropped into box....}
Box has ID: 515520300
--------------------------------------------------
separating paper......
process carried out at separation unit ID: 1509713998
{ recyclable of type P dropped into box....}
Box has ID: 515520300
--------------------------------------------------
separating paper......
process carried out at separation unit ID: 1509713998
{ recyclable of type P dropped into box....}
Box has ID: 515520300
--------------------------------------------------
separating paper......
process carried out at separation unit ID: 1509713998
{ recyclable of type P dropped into box....}
Box has ID: 515520300
--------------------------------------------------
separating paper......
process carried out at separation unit ID: 1509713998
{ recyclable of type P dropped into box....}
Box has ID: 515520300
--------------------------------------------------
separating paper......
process carried out at separation unit ID: 1509713998
{ recyclable of type P dropped into box....}
Box has ID: 515520300
--------------------------------------------------
separating paper......
process carried out at separation unit ID: 1509713998
{ recyclable of type P dropped into box....}
Box has ID: 515520300
--------------------------------------------------
separating paper......
process carried out at separation unit ID: 1509713998
{ recyclable of type P dropped into box....}
Box has ID: 515520300
--------------------------------------------------
separating paper......
process carried out at separation unit ID: 1509713998
{ recyclable of type P dropped into box....}
Box has ID: 515520300
--------------------------------------------------
separating paper......
process carried out at separation unit ID: 1509713998
{ recyclable of type P dropped into box....}
Box has ID: 515520300
--------------------------------------------------
separating paper......
process carried out at separation unit ID: 1509713998
{ recyclable of type P dropped into box....}
Box has ID: 515520300
--------------------------------------------------
separating paper......
process carried out at separation unit ID: 1509713998
{ recyclable of type P dropped into box....}
Box has ID: 515520300
--------------------------------------------------
separating paper......
process carried out at separation unit ID: 1509713998
{ recyclable of type P dropped into box....}
Box has ID: 515520300
--------------------------------------------------
separating paper......
process carried out at separation unit ID: 1509713998
{ recyclable of type P dropped into box....}
Box has ID: 515520300
--------------------------------------------------
separating paper......
process carried out at separation unit ID: 1509713998
{ recyclable of type P dropped into box....}
Box has ID: 515520300
--------------------------------------------------
separating paper......
process carried out at separation unit ID: 1509713998
{ recyclable of type P dropped into box....}
Box has ID: 515520300
--------------------------------------------------
separating paper......
process carried out at separation unit ID: 1509713998
{ recyclable of type P dropped into box....}
Box has ID: 515520300
--------------------------------------------------
separating paper......
process carried out at separation unit ID: 1509713998
{ recyclable of type P dropped into box....}
Box has ID: 515520300
--------------------------------------------------
separating paper......
process carried out at separation unit ID: 1509713998
{ recyclable of type P dropped into box....}
Box has ID: 515520300
--------------------------------------------------
separating paper......
process carried out at separation unit ID: 1509713998
{ recyclable of type P dropped into box....}
Box has ID: 515520300
--------------------------------------------------
separating paper......
process carried out at separation unit ID: 1509713998
{ recyclable of type P dropped into box....}
Box has ID: 515520300
--------------------------------------------------
separating paper......
process carried out at separation unit ID: 1509713998
{ recyclable of type P dropped into box....}
Box has ID: 515520300
--------------------------------------------------
separating paper......
process carried out at separation unit ID: 1509713998
{ recyclable of type P dropped into box....}
Box has ID: 515520300
--------------------------------------------------
separating paper......
process carried out at separation unit ID: 1509713998
{ recyclable of type P dropped into box....}
Box has ID: 515520300
--------------------------------------------------
separating paper......
process carried out at separation unit ID: 1509713998
{ recyclable of type P dropped into box....}
Box has ID: 515520300
--------------------------------------------------
separating paper......
process carried out at separation unit ID: 1509713998
{ recyclable of type P dropped into box....}
Box has ID: 515520300
--------------------------------------------------
separating paper......
process carried out at separation unit ID: 1509713998
{ recyclable of type P dropped into box....}
Box has ID: 515520300
--------------------------------------------------
separating paper......
process carried out at separation unit ID: 1509713998
{ recyclable of type P dropped into box....}
Box has ID: 515520300
--------------------------------------------------
separating paper......
process carried out at separation unit ID: 1509713998
{ recyclable of type P dropped into box....}
Box has ID: 515520300
--------------------------------------------------
separating paper......
process carried out at separation unit ID: 1509713998
{ recyclable of type P dropped into box....}
Box has ID: 515520300
--------------------------------------------------
separating paper......
process carried out at separation unit ID: 1509713998
{ recyclable of type P dropped into box....}
Box has ID: 515520300
--------------------------------------------------
separating paper......
process carried out at separation unit ID: 1509713998
{ recyclable of type P dropped into box....}
Box has ID: 515520300
--------------------------------------------------
separating paper......
process carried out at separation unit ID: 1509713998
{ recyclable of type P dropped into box....}
Box has ID: 515520300
--------------------------------------------------
separating paper......
process carried out at separation unit ID: 1509713998
{ recyclable of type P dropped into box....}
Box has ID: 515520300
--------------------------------------------------
separating paper......
process carried out at separation unit ID: 1509713998
{ recyclable of type P dropped into box....}
Box has ID: 515520300
--------------------------------------------------
separating paper......
process carried out at separation unit ID: 1509713998
{ recyclable of type P dropped into box....}
Box has ID: 515520300
--------------------------------------------------
separating paper......
process carried out at separation unit ID: 1509713998
{ recyclable of type P dropped into box....}
Box has ID: 515520300
--------------------------------------------------
separating paper......
process carried out at separation unit ID: 1509713998
{ recyclable of type P dropped into box....}
Box has ID: 515520300
--------------------------------------------------
separating paper......
process carried out at separation unit ID: 1509713998
{ recyclable of type P dropped into box....}
Box has ID: 515520300
--------------------------------------------------
separating paper......
process carried out at separation unit ID: 1509713998
{ recyclable of type P dropped into box....}
Box has ID: 515520300
--------------------------------------------------
separating paper......
process carried out at separation unit ID: 1509713998
{ recyclable of type P dropped into box....}
Box has ID: 515520300
--------------------------------------------------
separating paper......
process carried out at separation unit ID: 1509713998
{ recyclable of type P dropped into box....}
Box has ID: 515520300
--------------------------------------------------
separating paper......
process carried out at separation unit ID: 1509713998
{ recyclable of type P dropped into box....}
Box has ID: 515520300
--------------------------------------------------
separating paper......
process carried out at separation unit ID: 1509713998
{ recyclable of type P dropped into box....}
Box has ID: 515520300
--------------------------------------------------
separating paper......
process carried out at separation unit ID: 1509713998
{ recyclable of type P dropped into box....}
Box has ID: 515520300
--------------------------------------------------
separating paper......
process carried out at separation unit ID: 1509713998
{ recyclable of type P dropped into box....}
Box has ID: 515520300
--------------------------------------------------
separating paper......
process carried out at separation unit ID: 1509713998
{ recyclable of type P dropped into box....}
Box has ID: 515520300
--------------------------------------------------
separating paper......
process carried out at separation unit ID: 1509713998
{ recyclable of type P dropped into box....}
Box has ID: 515520300
--------------------------------------------------
separating paper......
process carried out at separation unit ID: 1509713998
{ recyclable of type P dropped into box....}
Box has ID: 515520300
--------------------------------------------------
separating paper......
process carried out at separation unit ID: 1509713998
{ recyclable of type P dropped into box....}
Box has ID: 515520300
--------------------------------------------------
separating paper......
process carried out at separation unit ID: 1509713998
{ recyclable of type P dropped into box....}
Box has ID: 515520300
--------------------------------------------------
separating paper......
process carried out at separation unit ID: 1509713998
{ recyclable of type P dropped into box....}
Box has ID: 515520300
--------------------------------------------------
separating paper......
process carried out at separation unit ID: 1509713998
{ recyclable of type P dropped into box....}
Box has ID: 515520300
--------------------------------------------------
separating paper......
process carried out at separation unit ID: 1509713998
{ recyclable of type P dropped into box....}
Box has ID: 515520300
--------------------------------------------------
separating paper......
process carried out at separation unit ID: 1509713998
{ recyclable of type P dropped into box....}
Box has ID: 515520300
--------------------------------------------------
separating paper......
process carried out at separation unit ID: 1509713998
{ recyclable of type P dropped into box....}
Box has ID: 515520300
--------------------------------------------------
separating paper......
process carried out at separation unit ID: 1509713998
{ recyclable of type P dropped into box....}
Box has ID: 515520300
--------------------------------------------------
separating paper......
process carried out at separation unit ID: 1509713998
{ recyclable of type P dropped into box....}
Box has ID: 515520300
--------------------------------------------------
separating paper......
process carried out at separation unit ID: 1509713998
{ recyclable of type P dropped into box....}
Box has ID: 515520300
--------------------------------------------------
separating paper......
process carried out at separation unit ID: 1509713998
{ recyclable of type P dropped into box....}
Box has ID: 515520300
--------------------------------------------------
separating paper......
process carried out at separation unit ID: 1509713998
{ recyclable of type P dropped into box....}
Box has ID: 515520300
--------------------------------------------------
separating paper......
process carried out at separation unit ID: 1509713998
{ recyclable of type P dropped into box....}
Box has ID: 515520300
--------------------------------------------------
separating paper......
process carried out at separation unit ID: 1509713998
{ recyclable of type P dropped into box....}
Box has ID: 515520300
--------------------------------------------------
separating paper......
process carried out at separation unit ID: 1509713998
{ recyclable of type P dropped into box....}
Box has ID: 515520300
--------------------------------------------------
separating paper......
process carried out at separation unit ID: 1509713998
{ recyclable of type P dropped into box....}
Box has ID: 515520300
--------------------------------------------------
separating paper......
process carried out at separation unit ID: 1509713998
{ recyclable of type P dropped into box....}
Box has ID: 515520300
--------------------------------------------------
-----------------------------------------------------------------------------------
-----------------------------------------------------------------------------------
ALARM !!!!!!! BOX with ID 515520300 is full.....
-----------------------------------------------------------------------------------
-----------------------------------------------------------------------------------
box capacity: 1000
worker replaced filled box with ID: 515520300 , with a new box with ID: 569138567 at process unit: 1509713998

separating paper......
process carried out at separation unit ID: 1509713998
{ recyclable of type P dropped into box....}
Box has ID: 569138567
--------------------------------------------------
separating paper......
process carried out at separation unit ID: 1509713998
{ recyclable of type P dropped into box....}
Box has ID: 569138567
--------------------------------------------------
separating paper......
process carried out at separation unit ID: 1509713998
{ recyclable of type P dropped into box....}
Box has ID: 569138567
--------------------------------------------------
separating paper......
process carried out at separation unit ID: 1509713998
{ recyclable of type P dropped into box....}
Box has ID: 569138567
--------------------------------------------------
separating paper......
process carried out at separation unit ID: 1509713998
{ recyclable of type P dropped into box....}
Box has ID: 569138567
--------------------------------------------------
separating paper......
process carried out at separation unit ID: 1509713998
{ recyclable of type P dropped into box....}
Box has ID: 569138567
--------------------------------------------------
separating paper......
process carried out at separation unit ID: 1509713998
{ recyclable of type P dropped into box....}
Box has ID: 569138567
--------------------------------------------------
separating paper......
process carried out at separation unit ID: 1509713998
{ recyclable of type P dropped into box....}
Box has ID: 569138567
--------------------------------------------------
separating paper......
process carried out at separation unit ID: 1509713998
{ recyclable of type P dropped into box....}
Box has ID: 569138567
--------------------------------------------------
separating paper......
process carried out at separation unit ID: 1509713998
{ recyclable of type P dropped into box....}
Box has ID: 569138567
--------------------------------------------------
separating paper......
process carried out at separation unit ID: 1509713998
{ recyclable of type P dropped into box....}
Box has ID: 569138567
--------------------------------------------------
separating paper......
process carried out at separation unit ID: 1509713998
{ recyclable of type P dropped into box....}
Box has ID: 569138567
--------------------------------------------------
separating paper......
process carried out at separation unit ID: 1509713998
{ recyclable of type P dropped into box....}
Box has ID: 569138567
--------------------------------------------------
separating paper......
process carried out at separation unit ID: 1509713998
{ recyclable of type P dropped into box....}
Box has ID: 569138567
--------------------------------------------------
separating paper......
process carried out at separation unit ID: 1509713998
{ recyclable of type P dropped into box....}
Box has ID: 569138567
--------------------------------------------------
separating paper......
process carried out at separation unit ID: 1509713998
{ recyclable of type P dropped into box....}
Box has ID: 569138567
--------------------------------------------------
separating paper......
process carried out at separation unit ID: 1509713998
{ recyclable of type P dropped into box....}
Box has ID: 569138567
--------------------------------------------------
separating paper......
process carried out at separation unit ID: 1509713998
{ recyclable of type P dropped into box....}
Box has ID: 569138567
--------------------------------------------------
separating paper......
process carried out at separation unit ID: 1509713998
{ recyclable of type P dropped into box....}
Box has ID: 569138567
--------------------------------------------------
separating paper......
process carried out at separation unit ID: 1509713998
{ recyclable of type P dropped into box....}
Box has ID: 569138567
--------------------------------------------------
separating paper......
process carried out at separation unit ID: 1509713998
{ recyclable of type P dropped into box....}
Box has ID: 569138567
--------------------------------------------------
separating paper......
process carried out at separation unit ID: 1509713998
{ recyclable of type P dropped into box....}
Box has ID: 569138567
--------------------------------------------------
separating paper......
process carried out at separation unit ID: 1509713998
{ recyclable of type P dropped into box....}
Box has ID: 569138567
--------------------------------------------------
separating paper......
process carried out at separation unit ID: 1509713998
{ recyclable of type P dropped into box....}
Box has ID: 569138567
--------------------------------------------------
separating paper......
process carried out at separation unit ID: 1509713998
{ recyclable of type P dropped into box....}
Box has ID: 569138567
--------------------------------------------------
separating paper......
process carried out at separation unit ID: 1509713998
{ recyclable of type P dropped into box....}
Box has ID: 569138567
--------------------------------------------------
separating paper......
process carried out at separation unit ID: 1509713998
{ recyclable of type P dropped into box....}
Box has ID: 569138567
--------------------------------------------------
separating paper......
process carried out at separation unit ID: 1509713998
{ recyclable of type P dropped into box....}
Box has ID: 569138567
--------------------------------------------------
separating paper......
process carried out at separation unit ID: 1509713998
{ recyclable of type P dropped into box....}
Box has ID: 569138567
--------------------------------------------------
separating paper......
process carried out at separation unit ID: 1509713998
{ recyclable of type P dropped into box....}
Box has ID: 569138567
--------------------------------------------------
separating paper......
process carried out at separation unit ID: 1509713998
{ recyclable of type P dropped into box....}
Box has ID: 569138567
--------------------------------------------------
separating paper......
process carried out at separation unit ID: 1509713998
{ recyclable of type P dropped into box....}
Box has ID: 569138567
--------------------------------------------------
separating paper......
process carried out at separation unit ID: 1509713998
{ recyclable of type P dropped into box....}
Box has ID: 569138567
--------------------------------------------------
separating paper......
process carried out at separation unit ID: 1509713998
{ recyclable of type P dropped into box....}
Box has ID: 569138567
--------------------------------------------------
separating paper......
process carried out at separation unit ID: 1509713998
{ recyclable of type P dropped into box....}
Box has ID: 569138567
--------------------------------------------------
separating paper......
process carried out at separation unit ID: 1509713998
{ recyclable of type P dropped into box....}
Box has ID: 569138567
--------------------------------------------------
separating paper......
process carried out at separation unit ID: 1509713998
{ recyclable of type P dropped into box....}
Box has ID: 569138567
--------------------------------------------------
separating paper......
process carried out at separation unit ID: 1509713998
{ recyclable of type P dropped into box....}
Box has ID: 569138567
--------------------------------------------------
separating paper......
process carried out at separation unit ID: 1509713998
{ recyclable of type P dropped into box....}
Box has ID: 569138567
--------------------------------------------------
separating paper......
process carried out at separation unit ID: 1509713998
{ recyclable of type P dropped into box....}
Box has ID: 569138567
--------------------------------------------------
separating paper......
process carried out at separation unit ID: 1509713998
{ recyclable of type P dropped into box....}
Box has ID: 569138567
--------------------------------------------------
separating paper......
process carried out at separation unit ID: 1509713998
{ recyclable of type P dropped into box....}
Box has ID: 569138567
--------------------------------------------------
separating paper......
process carried out at separation unit ID: 1509713998
{ recyclable of type P dropped into box....}
Box has ID: 569138567
--------------------------------------------------
separating paper......
process carried out at separation unit ID: 1509713998
{ recyclable of type P dropped into box....}
Box has ID: 569138567
--------------------------------------------------
separating paper......
process carried out at separation unit ID: 1509713998
{ recyclable of type P dropped into box....}
Box has ID: 569138567
--------------------------------------------------
separating paper......
process carried out at separation unit ID: 1509713998
{ recyclable of type P dropped into box....}
Box has ID: 569138567
--------------------------------------------------
separating paper......
process carried out at separation unit ID: 1509713998
{ recyclable of type P dropped into box....}
Box has ID: 569138567
--------------------------------------------------
separating paper......
process carried out at separation unit ID: 1509713998
{ recyclable of type P dropped into box....}
Box has ID: 569138567
--------------------------------------------------
separating paper......
process carried out at separation unit ID: 1509713998
{ recyclable of type P dropped into box....}
Box has ID: 569138567
--------------------------------------------------
separating paper......
process carried out at separation unit ID: 1509713998
{ recyclable of type P dropped into box....}
Box has ID: 569138567
--------------------------------------------------
separating paper......
process carried out at separation unit ID: 1509713998
{ recyclable of type P dropped into box....}
Box has ID: 569138567
--------------------------------------------------
separating paper......
process carried out at separation unit ID: 1509713998
{ recyclable of type P dropped into box....}
Box has ID: 569138567
--------------------------------------------------
separating paper......
process carried out at separation unit ID: 1509713998
{ recyclable of type P dropped into box....}
Box has ID: 569138567
--------------------------------------------------
separating paper......
process carried out at separation unit ID: 1509713998
{ recyclable of type P dropped into box....}
Box has ID: 569138567
--------------------------------------------------
separating paper......
process carried out at separation unit ID: 1509713998
{ recyclable of type P dropped into box....}
Box has ID: 569138567
--------------------------------------------------
separating paper......
process carried out at separation unit ID: 1509713998
{ recyclable of type P dropped into box....}
Box has ID: 569138567
--------------------------------------------------
separating paper......
process carried out at separation unit ID: 1509713998
{ recyclable of type P dropped into box....}
Box has ID: 569138567
--------------------------------------------------
separating paper......
process carried out at separation unit ID: 1509713998
{ recyclable of type P dropped into box....}
Box has ID: 569138567
--------------------------------------------------
separating paper......
process carried out at separation unit ID: 1509713998
{ recyclable of type P dropped into box....}
Box has ID: 569138567
--------------------------------------------------
separating paper......
process carried out at separation unit ID: 1509713998
{ recyclable of type P dropped into box....}
Box has ID: 569138567
--------------------------------------------------
separating paper......
process carried out at separation unit ID: 1509713998
{ recyclable of type P dropped into box....}
Box has ID: 569138567
--------------------------------------------------
separating paper......
process carried out at separation unit ID: 1509713998
{ recyclable of type P dropped into box....}
Box has ID: 569138567
--------------------------------------------------
separating paper......
process carried out at separation unit ID: 1509713998
{ recyclable of type P dropped into box....}
Box has ID: 569138567
--------------------------------------------------
separating paper......
process carried out at separation unit ID: 1509713998
{ recyclable of type P dropped into box....}
Box has ID: 569138567
--------------------------------------------------
separating paper......
process carried out at separation unit ID: 1509713998
{ recyclable of type P dropped into box....}
Box has ID: 569138567
--------------------------------------------------
separating paper......
process carried out at separation unit ID: 1509713998
{ recyclable of type P dropped into box....}
Box has ID: 569138567
--------------------------------------------------
separating paper......
process carried out at separation unit ID: 1509713998
{ recyclable of type P dropped into box....}
Box has ID: 569138567
--------------------------------------------------
separating paper......
process carried out at separation unit ID: 1509713998
{ recyclable of type P dropped into box....}
Box has ID: 569138567
--------------------------------------------------
separating paper......
process carried out at separation unit ID: 1509713998
{ recyclable of type P dropped into box....}
Box has ID: 569138567
--------------------------------------------------
separating paper......
process carried out at separation unit ID: 1509713998
{ recyclable of type P dropped into box....}
Box has ID: 569138567
--------------------------------------------------
separating paper......
process carried out at separation unit ID: 1509713998
{ recyclable of type P dropped into box....}
Box has ID: 569138567
--------------------------------------------------
separating paper......
process carried out at separation unit ID: 1509713998
{ recyclable of type P dropped into box....}
Box has ID: 569138567
--------------------------------------------------
separating paper......
process carried out at separation unit ID: 1509713998
{ recyclable of type P dropped into box....}
Box has ID: 569138567
--------------------------------------------------
separating paper......
process carried out at separation unit ID: 1509713998
{ recyclable of type P dropped into box....}
Box has ID: 569138567
--------------------------------------------------
separating paper......
process carried out at separation unit ID: 1509713998
{ recyclable of type P dropped into box....}
Box has ID: 569138567
--------------------------------------------------
separating paper......
process carried out at separation unit ID: 1509713998
{ recyclable of type P dropped into box....}
Box has ID: 569138567
--------------------------------------------------
separating paper......
process carried out at separation unit ID: 1509713998
{ recyclable of type P dropped into box....}
Box has ID: 569138567
--------------------------------------------------
separating paper......
process carried out at separation unit ID: 1509713998
{ recyclable of type P dropped into box....}
Box has ID: 569138567
--------------------------------------------------
separating paper......
process carried out at separation unit ID: 1509713998
{ recyclable of type P dropped into box....}
Box has ID: 569138567
--------------------------------------------------
separating paper......
process carried out at separation unit ID: 1509713998
{ recyclable of type P dropped into box....}
Box has ID: 569138567
--------------------------------------------------
separating paper......
process carried out at separation unit ID: 1509713998
{ recyclable of type P dropped into box....}
Box has ID: 569138567
--------------------------------------------------
separating paper......
process carried out at separation unit ID: 1509713998
{ recyclable of type P dropped into box....}
Box has ID: 569138567
--------------------------------------------------
separating paper......
process carried out at separation unit ID: 1509713998
{ recyclable of type P dropped into box....}
Box has ID: 569138567
--------------------------------------------------
separating paper......
process carried out at separation unit ID: 1509713998
{ recyclable of type P dropped into box....}
Box has ID: 569138567
--------------------------------------------------
separating paper......
process carried out at separation unit ID: 1509713998
{ recyclable of type P dropped into box....}
Box has ID: 569138567
--------------------------------------------------
separating paper......
process carried out at separation unit ID: 1509713998
{ recyclable of type P dropped into box....}
Box has ID: 569138567
--------------------------------------------------
separating paper......
process carried out at separation unit ID: 1509713998
{ recyclable of type P dropped into box....}
Box has ID: 569138567
--------------------------------------------------
separating paper......
process carried out at separation unit ID: 1509713998
{ recyclable of type P dropped into box....}
Box has ID: 569138567
--------------------------------------------------
separating paper......
process carried out at separation unit ID: 1509713998
{ recyclable of type P dropped into box....}
Box has ID: 569138567
--------------------------------------------------
separating paper......
process carried out at separation unit ID: 1509713998
{ recyclable of type P dropped into box....}
Box has ID: 569138567
--------------------------------------------------
separating paper......
process carried out at separation unit ID: 1509713998
{ recyclable of type P dropped into box....}
Box has ID: 569138567
--------------------------------------------------
separating paper......
process carried out at separation unit ID: 1509713998
{ recyclable of type P dropped into box....}
Box has ID: 569138567
--------------------------------------------------
separating paper......
process carried out at separation unit ID: 1509713998
{ recyclable of type P dropped into box....}
Box has ID: 569138567
--------------------------------------------------
separating paper......
process carried out at separation unit ID: 1509713998
{ recyclable of type P dropped into box....}
Box has ID: 569138567
--------------------------------------------------
separating paper......
process carried out at separation unit ID: 1509713998
{ recyclable of type P dropped into box....}
Box has ID: 569138567
--------------------------------------------------
separating paper......
process carried out at separation unit ID: 1509713998
{ recyclable of type P dropped into box....}
Box has ID: 569138567
--------------------------------------------------
separating paper......
process carried out at separation unit ID: 1509713998
{ recyclable of type P dropped into box....}
Box has ID: 569138567
--------------------------------------------------
separating paper......
process carried out at separation unit ID: 1509713998
{ recyclable of type P dropped into box....}
Box has ID: 569138567
--------------------------------------------------
separating paper......
process carried out at separation unit ID: 1509713998
{ recyclable of type P dropped into box....}
Box has ID: 569138567
--------------------------------------------------
separating paper......
process carried out at separation unit ID: 1509713998
{ recyclable of type P dropped into box....}
Box has ID: 569138567
--------------------------------------------------
separating paper......
process carried out at separation unit ID: 1509713998
{ recyclable of type P dropped into box....}
Box has ID: 569138567
--------------------------------------------------
separating paper......
process carried out at separation unit ID: 1509713998
{ recyclable of type P dropped into box....}
Box has ID: 569138567
--------------------------------------------------
separating paper......
process carried out at separation unit ID: 1509713998
{ recyclable of type P dropped into box....}
Box has ID: 569138567
--------------------------------------------------
separating paper......
process carried out at separation unit ID: 1509713998
{ recyclable of type P dropped into box....}
Box has ID: 569138567
--------------------------------------------------
separating paper......
process carried out at separation unit ID: 1509713998
{ recyclable of type P dropped into box....}
Box has ID: 569138567
--------------------------------------------------
separating paper......
process carried out at separation unit ID: 1509713998
{ recyclable of type P dropped into box....}
Box has ID: 569138567
--------------------------------------------------
separating paper......
process carried out at separation unit ID: 1509713998
{ recyclable of type P dropped into box....}
Box has ID: 569138567
--------------------------------------------------
separating paper......
process carried out at separation unit ID: 1509713998
{ recyclable of type P dropped into box....}
Box has ID: 569138567
--------------------------------------------------
separating paper......
process carried out at separation unit ID: 1509713998
{ recyclable of type P dropped into box....}
Box has ID: 569138567
--------------------------------------------------
separating paper......
process carried out at separation unit ID: 1509713998
{ recyclable of type P dropped into box....}
Box has ID: 569138567
--------------------------------------------------
separating paper......
process carried out at separation unit ID: 1509713998
{ recyclable of type P dropped into box....}
Box has ID: 569138567
--------------------------------------------------
separating paper......
process carried out at separation unit ID: 1509713998
{ recyclable of type P dropped into box....}
Box has ID: 569138567
--------------------------------------------------
separating paper......
process carried out at separation unit ID: 1509713998
{ recyclable of type P dropped into box....}
Box has ID: 569138567
--------------------------------------------------
separating paper......
process carried out at separation unit ID: 1509713998
{ recyclable of type P dropped into box....}
Box has ID: 569138567
--------------------------------------------------
separating paper......
process carried out at separation unit ID: 1509713998
{ recyclable of type P dropped into box....}
Box has ID: 569138567
--------------------------------------------------
separating paper......
process carried out at separation unit ID: 1509713998
{ recyclable of type P dropped into box....}
Box has ID: 569138567
--------------------------------------------------
separating paper......
process carried out at separation unit ID: 1509713998
{ recyclable of type P dropped into box....}
Box has ID: 569138567
--------------------------------------------------
separating paper......
process carried out at separation unit ID: 1509713998
{ recyclable of type P dropped into box....}
Box has ID: 569138567
--------------------------------------------------
separating paper......
process carried out at separation unit ID: 1509713998
{ recyclable of type P dropped into box....}
Box has ID: 569138567
--------------------------------------------------
separating paper......
process carried out at separation unit ID: 1509713998
{ recyclable of type P dropped into box....}
Box has ID: 569138567
--------------------------------------------------
separating paper......
process carried out at separation unit ID: 1509713998
{ recyclable of type P dropped into box....}
Box has ID: 569138567
--------------------------------------------------
separating paper......
process carried out at separation unit ID: 1509713998
{ recyclable of type P dropped into box....}
Box has ID: 569138567
--------------------------------------------------
separating paper......
process carried out at separation unit ID: 1509713998
{ recyclable of type P dropped into box....}
Box has ID: 569138567
--------------------------------------------------
separating paper......
process carried out at separation unit ID: 1509713998
{ recyclable of type P dropped into box....}
Box has ID: 569138567
--------------------------------------------------
separating paper......
process carried out at separation unit ID: 1509713998
{ recyclable of type P dropped into box....}
Box has ID: 569138567
--------------------------------------------------
separating paper......
process carried out at separation unit ID: 1509713998
{ recyclable of type P dropped into box....}
Box has ID: 569138567
--------------------------------------------------
separating paper......
process carried out at separation unit ID: 1509713998
{ recyclable of type P dropped into box....}
Box has ID: 569138567
--------------------------------------------------
separating paper......
process carried out at separation unit ID: 1509713998
{ recyclable of type P dropped into box....}
Box has ID: 569138567
--------------------------------------------------
separating paper......
process carried out at separation unit ID: 1509713998
{ recyclable of type P dropped into box....}
Box has ID: 569138567
--------------------------------------------------
separating paper......
process carried out at separation unit ID: 1509713998
{ recyclable of type P dropped into box....}
Box has ID: 569138567
--------------------------------------------------
separating paper......
process carried out at separation unit ID: 1509713998
{ recyclable of type P dropped into box....}
Box has ID: 569138567
--------------------------------------------------
separating paper......
process carried out at separation unit ID: 1509713998
{ recyclable of type P dropped into box....}
Box has ID: 569138567
--------------------------------------------------
separating paper......
process carried out at separation unit ID: 1509713998
{ recyclable of type P dropped into box....}
Box has ID: 569138567
--------------------------------------------------
separating paper......
process carried out at separation unit ID: 1509713998
{ recyclable of type P dropped into box....}
Box has ID: 569138567
--------------------------------------------------
separating paper......
process carried out at separation unit ID: 1509713998
{ recyclable of type P dropped into box....}
Box has ID: 569138567
--------------------------------------------------
separating paper......
process carried out at separation unit ID: 1509713998
{ recyclable of type P dropped into box....}
Box has ID: 569138567
--------------------------------------------------
separating paper......
process carried out at separation unit ID: 1509713998
{ recyclable of type P dropped into box....}
Box has ID: 569138567
--------------------------------------------------
separating paper......
process carried out at separation unit ID: 1509713998
{ recyclable of type P dropped into box....}
Box has ID: 569138567
--------------------------------------------------
separating paper......
process carried out at separation unit ID: 1509713998
{ recyclable of type P dropped into box....}
Box has ID: 569138567
--------------------------------------------------
separating paper......
process carried out at separation unit ID: 1509713998
{ recyclable of type P dropped into box....}
Box has ID: 569138567
--------------------------------------------------
separating paper......
process carried out at separation unit ID: 1509713998
{ recyclable of type P dropped into box....}
Box has ID: 569138567
--------------------------------------------------
separating paper......
process carried out at separation unit ID: 1509713998
{ recyclable of type P dropped into box....}
Box has ID: 569138567
--------------------------------------------------
separating paper......
process carried out at separation unit ID: 1509713998
{ recyclable of type P dropped into box....}
Box has ID: 569138567
--------------------------------------------------
separating paper......
process carried out at separation unit ID: 1509713998
{ recyclable of type P dropped into box....}
Box has ID: 569138567
--------------------------------------------------
separating paper......
process carried out at separation unit ID: 1509713998
{ recyclable of type P dropped into box....}
Box has ID: 569138567
--------------------------------------------------
separating paper......
process carried out at separation unit ID: 1509713998
{ recyclable of type P dropped into box....}
Box has ID: 569138567
--------------------------------------------------
separating paper......
process carried out at separation unit ID: 1509713998
{ recyclable of type P dropped into box....}
Box has ID: 569138567
--------------------------------------------------
separating paper......
process carried out at separation unit ID: 1509713998
{ recyclable of type P dropped into box....}
Box has ID: 569138567
--------------------------------------------------
separating paper......
process carried out at separation unit ID: 1509713998
{ recyclable of type P dropped into box....}
Box has ID: 569138567
--------------------------------------------------
separating paper......
process carried out at separation unit ID: 1509713998
{ recyclable of type P dropped into box....}
Box has ID: 569138567
--------------------------------------------------
separating paper......
process carried out at separation unit ID: 1509713998
{ recyclable of type P dropped into box....}
Box has ID: 569138567
--------------------------------------------------
separating paper......
process carried out at separation unit ID: 1509713998
{ recyclable of type P dropped into box....}
Box has ID: 569138567
--------------------------------------------------
separating paper......
process carried out at separation unit ID: 1509713998
{ recyclable of type P dropped into box....}
Box has ID: 569138567
--------------------------------------------------
separating paper......
process carried out at separation unit ID: 1509713998
{ recyclable of type P dropped into box....}
Box has ID: 569138567
--------------------------------------------------
separating paper......
process carried out at separation unit ID: 1509713998
{ recyclable of type P dropped into box....}
Box has ID: 569138567
--------------------------------------------------
separating paper......
process carried out at separation unit ID: 1509713998
{ recyclable of type P dropped into box....}
Box has ID: 569138567
--------------------------------------------------
separating paper......
process carried out at separation unit ID: 1509713998
{ recyclable of type P dropped into box....}
Box has ID: 569138567
--------------------------------------------------
separating paper......
process carried out at separation unit ID: 1509713998
{ recyclable of type P dropped into box....}
Box has ID: 569138567
--------------------------------------------------
separating paper......
process carried out at separation unit ID: 1509713998
{ recyclable of type P dropped into box....}
Box has ID: 569138567
--------------------------------------------------
separating paper......
process carried out at separation unit ID: 1509713998
{ recyclable of type P dropped into box....}
Box has ID: 569138567
--------------------------------------------------
separating paper......
process carried out at separation unit ID: 1509713998
{ recyclable of type P dropped into box....}
Box has ID: 569138567
--------------------------------------------------
separating paper......
process carried out at separation unit ID: 1509713998
{ recyclable of type P dropped into box....}
Box has ID: 569138567
--------------------------------------------------
separating paper......
process carried out at separation unit ID: 1509713998
{ recyclable of type P dropped into box....}
Box has ID: 569138567
--------------------------------------------------
separating paper......
process carried out at separation unit ID: 1509713998
{ recyclable of type P dropped into box....}
Box has ID: 569138567
--------------------------------------------------
separating paper......
process carried out at separation unit ID: 1509713998
{ recyclable of type P dropped into box....}
Box has ID: 569138567
--------------------------------------------------
separating paper......
process carried out at separation unit ID: 1509713998
{ recyclable of type P dropped into box....}
Box has ID: 569138567
--------------------------------------------------
separating paper......
process carried out at separation unit ID: 1509713998
{ recyclable of type P dropped into box....}
Box has ID: 569138567
--------------------------------------------------
separating paper......
process carried out at separation unit ID: 1509713998
{ recyclable of type P dropped into box....}
Box has ID: 569138567
--------------------------------------------------
separating paper......
process carried out at separation unit ID: 1509713998
{ recyclable of type P dropped into box....}
Box has ID: 569138567
--------------------------------------------------
separating paper......
process carried out at separation unit ID: 1509713998
{ recyclable of type P dropped into box....}
Box has ID: 569138567
--------------------------------------------------
separating paper......
process carried out at separation unit ID: 1509713998
{ recyclable of type P dropped into box....}
Box has ID: 569138567
--------------------------------------------------
separating paper......
process carried out at separation unit ID: 1509713998
{ recyclable of type P dropped into box....}
Box has ID: 569138567
--------------------------------------------------
separating paper......
process carried out at separation unit ID: 1509713998
{ recyclable of type P dropped into box....}
Box has ID: 569138567
--------------------------------------------------
separating paper......
process carried out at separation unit ID: 1509713998
{ recyclable of type P dropped into box....}
Box has ID: 569138567
--------------------------------------------------
separating paper......
process carried out at separation unit ID: 1509713998
{ recyclable of type P dropped into box....}
Box has ID: 569138567
--------------------------------------------------
separating paper......
process carried out at separation unit ID: 1509713998
{ recyclable of type P dropped into box....}
Box has ID: 569138567
--------------------------------------------------
separating paper......
process carried out at separation unit ID: 1509713998
{ recyclable of type P dropped into box....}
Box has ID: 569138567
--------------------------------------------------
separating paper......
process carried out at separation unit ID: 1509713998
{ recyclable of type P dropped into box....}
Box has ID: 569138567
--------------------------------------------------
separating paper......
process carried out at separation unit ID: 1509713998
{ recyclable of type P dropped into box....}
Box has ID: 569138567
--------------------------------------------------
separating paper......
process carried out at separation unit ID: 1509713998
{ recyclable of type P dropped into box....}
Box has ID: 569138567
--------------------------------------------------
separating paper......
process carried out at separation unit ID: 1509713998
{ recyclable of type P dropped into box....}
Box has ID: 569138567
--------------------------------------------------
separating paper......
process carried out at separation unit ID: 1509713998
{ recyclable of type P dropped into box....}
Box has ID: 569138567
--------------------------------------------------
separating paper......
process carried out at separation unit ID: 1509713998
{ recyclable of type P dropped into box....}
Box has ID: 569138567
--------------------------------------------------
separating paper......
process carried out at separation unit ID: 1509713998
{ recyclable of type P dropped into box....}
Box has ID: 569138567
--------------------------------------------------
separating paper......
process carried out at separation unit ID: 1509713998
{ recyclable of type P dropped into box....}
Box has ID: 569138567
--------------------------------------------------
separating paper......
process carried out at separation unit ID: 1509713998
{ recyclable of type P dropped into box....}
Box has ID: 569138567
--------------------------------------------------
separating paper......
process carried out at separation unit ID: 1509713998
{ recyclable of type P dropped into box....}
Box has ID: 569138567
--------------------------------------------------
separating paper......
process carried out at separation unit ID: 1509713998
{ recyclable of type P dropped into box....}
Box has ID: 569138567
--------------------------------------------------
separating paper......
process carried out at separation unit ID: 1509713998
{ recyclable of type P dropped into box....}
Box has ID: 569138567
--------------------------------------------------
separating paper......
process carried out at separation unit ID: 1509713998
{ recyclable of type P dropped into box....}
Box has ID: 569138567
--------------------------------------------------
separating paper......
process carried out at separation unit ID: 1509713998
{ recyclable of type P dropped into box....}
Box has ID: 569138567
--------------------------------------------------
separating paper......
process carried out at separation unit ID: 1509713998
{ recyclable of type P dropped into box....}
Box has ID: 569138567
--------------------------------------------------
separating paper......
process carried out at separation unit ID: 1509713998
{ recyclable of type P dropped into box....}
Box has ID: 569138567
--------------------------------------------------
separating paper......
process carried out at separation unit ID: 1509713998
{ recyclable of type P dropped into box....}
Box has ID: 569138567
--------------------------------------------------
separating paper......
process carried out at separation unit ID: 1509713998
{ recyclable of type P dropped into box....}
Box has ID: 569138567
--------------------------------------------------
separating paper......
process carried out at separation unit ID: 1509713998
{ recyclable of type P dropped into box....}
Box has ID: 569138567
--------------------------------------------------
separating paper......
process carried out at separation unit ID: 1509713998
{ recyclable of type P dropped into box....}
Box has ID: 569138567
--------------------------------------------------
separating paper......
process carried out at separation unit ID: 1509713998
{ recyclable of type P dropped into box....}
Box has ID: 569138567
--------------------------------------------------
separating paper......
process carried out at separation unit ID: 1509713998
{ recyclable of type P dropped into box....}
Box has ID: 569138567
--------------------------------------------------
separating paper......
process carried out at separation unit ID: 1509713998
{ recyclable of type P dropped into box....}
Box has ID: 569138567
--------------------------------------------------
separating paper......
process carried out at separation unit ID: 1509713998
{ recyclable of type P dropped into box....}
Box has ID: 569138567
--------------------------------------------------
separating paper......
process carried out at separation unit ID: 1509713998
{ recyclable of type P dropped into box....}
Box has ID: 569138567
--------------------------------------------------
separating paper......
process carried out at separation unit ID: 1509713998
{ recyclable of type P dropped into box....}
Box has ID: 569138567
--------------------------------------------------
separating paper......
process carried out at separation unit ID: 1509713998
{ recyclable of type P dropped into box....}
Box has ID: 569138567
--------------------------------------------------
separating paper......
process carried out at separation unit ID: 1509713998
{ recyclable of type P dropped into box....}
Box has ID: 569138567
--------------------------------------------------
separating paper......
process carried out at separation unit ID: 1509713998
{ recyclable of type P dropped into box....}
Box has ID: 569138567
--------------------------------------------------
separating paper......
process carried out at separation unit ID: 1509713998
{ recyclable of type P dropped into box....}
Box has ID: 569138567
--------------------------------------------------
separating paper......
process carried out at separation unit ID: 1509713998
{ recyclable of type P dropped into box....}
Box has ID: 569138567
--------------------------------------------------
separating paper......
process carried out at separation unit ID: 1509713998
{ recyclable of type P dropped into box....}
Box has ID: 569138567
--------------------------------------------------
separating paper......
process carried out at separation unit ID: 1509713998
{ recyclable of type P dropped into box....}
Box has ID: 569138567
--------------------------------------------------
separating paper......
process carried out at separation unit ID: 1509713998
{ recyclable of type P dropped into box....}
Box has ID: 569138567
--------------------------------------------------
separating paper......
process carried out at separation unit ID: 1509713998
{ recyclable of type P dropped into box....}
Box has ID: 569138567
--------------------------------------------------
separating paper......
process carried out at separation unit ID: 1509713998
{ recyclable of type P dropped into box....}
Box has ID: 569138567
--------------------------------------------------
separating paper......
process carried out at separation unit ID: 1509713998
{ recyclable of type P dropped into box....}
Box has ID: 569138567
--------------------------------------------------
separating paper......
process carried out at separation unit ID: 1509713998
{ recyclable of type P dropped into box....}
Box has ID: 569138567
--------------------------------------------------
separating paper......
process carried out at separation unit ID: 1509713998
{ recyclable of type P dropped into box....}
Box has ID: 569138567
--------------------------------------------------
separating paper......
process carried out at separation unit ID: 1509713998
{ recyclable of type P dropped into box....}
Box has ID: 569138567
--------------------------------------------------
separating paper......
process carried out at separation unit ID: 1509713998
{ recyclable of type P dropped into box....}
Box has ID: 569138567
--------------------------------------------------
separating paper......
process carried out at separation unit ID: 1509713998
{ recyclable of type P dropped into box....}
Box has ID: 569138567
--------------------------------------------------
separating paper......
process carried out at separation unit ID: 1509713998
{ recyclable of type P dropped into box....}
Box has ID: 569138567
--------------------------------------------------
separating paper......
process carried out at separation unit ID: 1509713998
{ recyclable of type P dropped into box....}
Box has ID: 569138567
--------------------------------------------------
separating paper......
process carried out at separation unit ID: 1509713998
{ recyclable of type P dropped into box....}
Box has ID: 569138567
--------------------------------------------------
separating paper......
process carried out at separation unit ID: 1509713998
{ recyclable of type P dropped into box....}
Box has ID: 569138567
--------------------------------------------------
separating paper......
process carried out at separation unit ID: 1509713998
{ recyclable of type P dropped into box....}
Box has ID: 569138567
--------------------------------------------------
separating paper......
process carried out at separation unit ID: 1509713998
{ recyclable of type P dropped into box....}
Box has ID: 569138567
--------------------------------------------------
separating paper......
process carried out at separation unit ID: 1509713998
{ recyclable of type P dropped into box....}
Box has ID: 569138567
--------------------------------------------------
separating paper......
process carried out at separation unit ID: 1509713998
{ recyclable of type P dropped into box....}
Box has ID: 569138567
--------------------------------------------------
separating paper......
process carried out at separation unit ID: 1509713998
{ recyclable of type P dropped into box....}
Box has ID: 569138567
--------------------------------------------------
separating paper......
process carried out at separation unit ID: 1509713998
{ recyclable of type P dropped into box....}
Box has ID: 569138567
--------------------------------------------------
separating paper......
process carried out at separation unit ID: 1509713998
{ recyclable of type P dropped into box....}
Box has ID: 569138567
--------------------------------------------------
separating paper......
process carried out at separation unit ID: 1509713998
{ recyclable of type P dropped into box....}
Box has ID: 569138567
--------------------------------------------------
separating paper......
process carried out at separation unit ID: 1509713998
{ recyclable of type P dropped into box....}
Box has ID: 569138567
--------------------------------------------------
separating paper......
process carried out at separation unit ID: 1509713998
{ recyclable of type P dropped into box....}
Box has ID: 569138567
--------------------------------------------------
separating paper......
process carried out at separation unit ID: 1509713998
{ recyclable of type P dropped into box....}
Box has ID: 569138567
--------------------------------------------------
separating paper......
process carried out at separation unit ID: 1509713998
{ recyclable of type P dropped into box....}
Box has ID: 569138567
--------------------------------------------------
separating paper......
process carried out at separation unit ID: 1509713998
{ recyclable of type P dropped into box....}
Box has ID: 569138567
--------------------------------------------------
separating paper......
process carried out at separation unit ID: 1509713998
{ recyclable of type P dropped into box....}
Box has ID: 569138567
--------------------------------------------------
separating paper......
process carried out at separation unit ID: 1509713998
{ recyclable of type P dropped into box....}
Box has ID: 569138567
--------------------------------------------------
separating paper......
process carried out at separation unit ID: 1509713998
{ recyclable of type P dropped into box....}
Box has ID: 569138567
--------------------------------------------------
separating paper......
process carried out at separation unit ID: 1509713998
{ recyclable of type P dropped into box....}
Box has ID: 569138567
--------------------------------------------------
separating paper......
process carried out at separation unit ID: 1509713998
{ recyclable of type P dropped into box....}
Box has ID: 569138567
--------------------------------------------------
separating paper......
process carried out at separation unit ID: 1509713998
{ recyclable of type P dropped into box....}
Box has ID: 569138567
--------------------------------------------------
separating paper......
process carried out at separation unit ID: 1509713998
{ recyclable of type P dropped into box....}
Box has ID: 569138567
--------------------------------------------------
separating paper......
process carried out at separation unit ID: 1509713998
{ recyclable of type P dropped into box....}
Box has ID: 569138567
--------------------------------------------------
separating paper......
process carried out at separation unit ID: 1509713998
{ recyclable of type P dropped into box....}
Box has ID: 569138567
--------------------------------------------------
separating paper......
process carried out at separation unit ID: 1509713998
{ recyclable of type P dropped into box....}
Box has ID: 569138567
--------------------------------------------------
separating paper......
process carried out at separation unit ID: 1509713998
{ recyclable of type P dropped into box....}
Box has ID: 569138567
--------------------------------------------------
separating paper......
process carried out at separation unit ID: 1509713998
{ recyclable of type P dropped into box....}
Box has ID: 569138567
--------------------------------------------------
separating paper......
process carried out at separation unit ID: 1509713998
{ recyclable of type P dropped into box....}
Box has ID: 569138567
--------------------------------------------------
separating paper......
process carried out at separation unit ID: 1509713998
{ recyclable of type P dropped into box....}
Box has ID: 569138567
--------------------------------------------------
separating paper......
process carried out at separation unit ID: 1509713998
{ recyclable of type P dropped into box....}
Box has ID: 569138567
--------------------------------------------------
separating paper......
process carried out at separation unit ID: 1509713998
{ recyclable of type P dropped into box....}
Box has ID: 569138567
--------------------------------------------------
separating paper......
process carried out at separation unit ID: 1509713998
{ recyclable of type P dropped into box....}
Box has ID: 569138567
--------------------------------------------------
separating paper......
process carried out at separation unit ID: 1509713998
{ recyclable of type P dropped into box....}
Box has ID: 569138567
--------------------------------------------------
separating paper......
process carried out at separation unit ID: 1509713998
{ recyclable of type P dropped into box....}
Box has ID: 569138567
--------------------------------------------------
separating paper......
process carried out at separation unit ID: 1509713998
{ recyclable of type P dropped into box....}
Box has ID: 569138567
--------------------------------------------------
separating paper......
process carried out at separation unit ID: 1509713998
{ recyclable of type P dropped into box....}
Box has ID: 569138567
--------------------------------------------------
separating paper......
process carried out at separation unit ID: 1509713998
{ recyclable of type P dropped into box....}
Box has ID: 569138567
--------------------------------------------------
separating paper......
process carried out at separation unit ID: 1509713998
{ recyclable of type P dropped into box....}
Box has ID: 569138567
--------------------------------------------------
separating paper......
process carried out at separation unit ID: 1509713998
{ recyclable of type P dropped into box....}
Box has ID: 569138567
--------------------------------------------------
separating paper......
process carried out at separation unit ID: 1509713998
{ recyclable of type P dropped into box....}
Box has ID: 569138567
--------------------------------------------------
separating paper......
process carried out at separation unit ID: 1509713998
{ recyclable of type P dropped into box....}
Box has ID: 569138567
--------------------------------------------------
separating paper......
process carried out at separation unit ID: 1509713998
{ recyclable of type P dropped into box....}
Box has ID: 569138567
--------------------------------------------------
separating paper......
process carried out at separation unit ID: 1509713998
{ recyclable of type P dropped into box....}
Box has ID: 569138567
--------------------------------------------------
separating paper......
process carried out at separation unit ID: 1509713998
{ recyclable of type P dropped into box....}
Box has ID: 569138567
--------------------------------------------------
separating paper......
process carried out at separation unit ID: 1509713998
{ recyclable of type P dropped into box....}
Box has ID: 569138567
--------------------------------------------------
separating paper......
process carried out at separation unit ID: 1509713998
{ recyclable of type P dropped into box....}
Box has ID: 569138567
--------------------------------------------------
separating paper......
process carried out at separation unit ID: 1509713998
{ recyclable of type P dropped into box....}
Box has ID: 569138567
--------------------------------------------------
separating paper......
process carried out at separation unit ID: 1509713998
{ recyclable of type P dropped into box....}
Box has ID: 569138567
--------------------------------------------------
separating paper......
process carried out at separation unit ID: 1509713998
{ recyclable of type P dropped into box....}
Box has ID: 569138567
--------------------------------------------------
separating paper......
process carried out at separation unit ID: 1509713998
{ recyclable of type P dropped into box....}
Box has ID: 569138567
--------------------------------------------------
separating paper......
process carried out at separation unit ID: 1509713998
{ recyclable of type P dropped into box....}
Box has ID: 569138567
--------------------------------------------------
separating paper......
process carried out at separation unit ID: 1509713998
{ recyclable of type P dropped into box....}
Box has ID: 569138567
--------------------------------------------------
separating paper......
process carried out at separation unit ID: 1509713998
{ recyclable of type P dropped into box....}
Box has ID: 569138567
--------------------------------------------------
separating paper......
process carried out at separation unit ID: 1509713998
{ recyclable of type P dropped into box....}
Box has ID: 569138567
--------------------------------------------------
separating paper......
process carried out at separation unit ID: 1509713998
{ recyclable of type P dropped into box....}
Box has ID: 569138567
--------------------------------------------------
separating paper......
process carried out at separation unit ID: 1509713998
{ recyclable of type P dropped into box....}
Box has ID: 569138567
--------------------------------------------------
separating paper......
process carried out at separation unit ID: 1509713998
{ recyclable of type P dropped into box....}
Box has ID: 569138567
--------------------------------------------------
separating paper......
process carried out at separation unit ID: 1509713998
{ recyclable of type P dropped into box....}
Box has ID: 569138567
--------------------------------------------------
separating paper......
process carried out at separation unit ID: 1509713998
{ recyclable of type P dropped into box....}
Box has ID: 569138567
--------------------------------------------------
separating paper......
process carried out at separation unit ID: 1509713998
{ recyclable of type P dropped into box....}
Box has ID: 569138567
--------------------------------------------------
separating paper......
process carried out at separation unit ID: 1509713998
{ recyclable of type P dropped into box....}
Box has ID: 569138567
--------------------------------------------------
separating paper......
process carried out at separation unit ID: 1509713998
{ recyclable of type P dropped into box....}
Box has ID: 569138567
--------------------------------------------------
separating paper......
process carried out at separation unit ID: 1509713998
{ recyclable of type P dropped into box....}
Box has ID: 569138567
--------------------------------------------------
separating paper......
process carried out at separation unit ID: 1509713998
{ recyclable of type P dropped into box....}
Box has ID: 569138567
--------------------------------------------------
separating paper......
process carried out at separation unit ID: 1509713998
{ recyclable of type P dropped into box....}
Box has ID: 569138567
--------------------------------------------------
separating paper......
process carried out at separation unit ID: 1509713998
{ recyclable of type P dropped into box....}
Box has ID: 569138567
--------------------------------------------------
separating paper......
process carried out at separation unit ID: 1509713998
{ recyclable of type P dropped into box....}
Box has ID: 569138567
--------------------------------------------------
separating paper......
process carried out at separation unit ID: 1509713998
{ recyclable of type P dropped into box....}
Box has ID: 569138567
--------------------------------------------------
separating paper......
process carried out at separation unit ID: 1509713998
{ recyclable of type P dropped into box....}
Box has ID: 569138567
--------------------------------------------------
separating paper......
process carried out at separation unit ID: 1509713998
{ recyclable of type P dropped into box....}
Box has ID: 569138567
--------------------------------------------------
separating paper......
process carried out at separation unit ID: 1509713998
{ recyclable of type P dropped into box....}
Box has ID: 569138567
--------------------------------------------------
separating paper......
process carried out at separation unit ID: 1509713998
{ recyclable of type P dropped into box....}
Box has ID: 569138567
--------------------------------------------------
separating paper......
process carried out at separation unit ID: 1509713998
{ recyclable of type P dropped into box....}
Box has ID: 569138567
--------------------------------------------------
separating paper......
process carried out at separation unit ID: 1509713998
{ recyclable of type P dropped into box....}
Box has ID: 569138567
--------------------------------------------------
separating paper......
process carried out at separation unit ID: 1509713998
{ recyclable of type P dropped into box....}
Box has ID: 569138567
--------------------------------------------------
separating paper......
process carried out at separation unit ID: 1509713998
{ recyclable of type P dropped into box....}
Box has ID: 569138567
--------------------------------------------------
separating paper......
process carried out at separation unit ID: 1509713998
{ recyclable of type P dropped into box....}
Box has ID: 569138567
--------------------------------------------------
separating paper......
process carried out at separation unit ID: 1509713998
{ recyclable of type P dropped into box....}
Box has ID: 569138567
--------------------------------------------------
separating paper......
process carried out at separation unit ID: 1509713998
{ recyclable of type P dropped into box....}
Box has ID: 569138567
--------------------------------------------------
separating paper......
process carried out at separation unit ID: 1509713998
{ recyclable of type P dropped into box....}
Box has ID: 569138567
--------------------------------------------------
separating paper......
process carried out at separation unit ID: 1509713998
{ recyclable of type P dropped into box....}
Box has ID: 569138567
--------------------------------------------------
separating paper......
process carried out at separation unit ID: 1509713998
{ recyclable of type P dropped into box....}
Box has ID: 569138567
--------------------------------------------------
separating paper......
process carried out at separation unit ID: 1509713998
{ recyclable of type P dropped into box....}
Box has ID: 569138567
--------------------------------------------------
separating paper......
process carried out at separation unit ID: 1509713998
{ recyclable of type P dropped into box....}
Box has ID: 569138567
--------------------------------------------------
separating paper......
process carried out at separation unit ID: 1509713998
{ recyclable of type P dropped into box....}
Box has ID: 569138567
--------------------------------------------------
separating paper......
process carried out at separation unit ID: 1509713998
{ recyclable of type P dropped into box....}
Box has ID: 569138567
--------------------------------------------------
separating paper......
process carried out at separation unit ID: 1509713998
{ recyclable of type P dropped into box....}
Box has ID: 569138567
--------------------------------------------------
separating paper......
process carried out at separation unit ID: 1509713998
{ recyclable of type P dropped into box....}
Box has ID: 569138567
--------------------------------------------------
separating paper......
process carried out at separation unit ID: 1509713998
{ recyclable of type P dropped into box....}
Box has ID: 569138567
--------------------------------------------------
separating paper......
process carried out at separation unit ID: 1509713998
{ recyclable of type P dropped into box....}
Box has ID: 569138567
--------------------------------------------------
separating paper......
process carried out at separation unit ID: 1509713998
{ recyclable of type P dropped into box....}
Box has ID: 569138567
--------------------------------------------------
separating paper......
process carried out at separation unit ID: 1509713998
{ recyclable of type P dropped into box....}
Box has ID: 569138567
--------------------------------------------------
separating paper......
process carried out at separation unit ID: 1509713998
{ recyclable of type P dropped into box....}
Box has ID: 569138567
--------------------------------------------------
separating paper......
process carried out at separation unit ID: 1509713998
{ recyclable of type P dropped into box....}
Box has ID: 569138567
--------------------------------------------------
separating paper......
process carried out at separation unit ID: 1509713998
{ recyclable of type P dropped into box....}
Box has ID: 569138567
--------------------------------------------------
separating paper......
process carried out at separation unit ID: 1509713998
{ recyclable of type P dropped into box....}
Box has ID: 569138567
--------------------------------------------------
separating paper......
process carried out at separation unit ID: 1509713998
{ recyclable of type P dropped into box....}
Box has ID: 569138567
--------------------------------------------------
separating paper......
process carried out at separation unit ID: 1509713998
{ recyclable of type P dropped into box....}
Box has ID: 569138567
--------------------------------------------------
separating paper......
process carried out at separation unit ID: 1509713998
{ recyclable of type P dropped into box....}
Box has ID: 569138567
--------------------------------------------------
separating paper......
process carried out at separation unit ID: 1509713998
{ recyclable of type P dropped into box....}
Box has ID: 569138567
--------------------------------------------------
separating paper......
process carried out at separation unit ID: 1509713998
{ recyclable of type P dropped into box....}
Box has ID: 569138567
--------------------------------------------------
separating paper......
process carried out at separation unit ID: 1509713998
{ recyclable of type P dropped into box....}
Box has ID: 569138567
--------------------------------------------------
separating paper......
process carried out at separation unit ID: 1509713998
{ recyclable of type P dropped into box....}
Box has ID: 569138567
--------------------------------------------------
separating paper......
process carried out at separation unit ID: 1509713998
{ recyclable of type P dropped into box....}
Box has ID: 569138567
--------------------------------------------------
separating paper......
process carried out at separation unit ID: 1509713998
{ recyclable of type P dropped into box....}
Box has ID: 569138567
--------------------------------------------------
separating paper......
process carried out at separation unit ID: 1509713998
{ recyclable of type P dropped into box....}
Box has ID: 569138567
--------------------------------------------------
separating paper......
process carried out at separation unit ID: 1509713998
{ recyclable of type P dropped into box....}
Box has ID: 569138567
--------------------------------------------------
separating paper......
process carried out at separation unit ID: 1509713998
{ recyclable of type P dropped into box....}
Box has ID: 569138567
--------------------------------------------------
separating paper......
process carried out at separation unit ID: 1509713998
{ recyclable of type P dropped into box....}
Box has ID: 569138567
--------------------------------------------------
separating paper......
process carried out at separation unit ID: 1509713998
{ recyclable of type P dropped into box....}
Box has ID: 569138567
--------------------------------------------------
separating paper......
process carried out at separation unit ID: 1509713998
{ recyclable of type P dropped into box....}
Box has ID: 569138567
--------------------------------------------------
separating paper......
process carried out at separation unit ID: 1509713998
{ recyclable of type P dropped into box....}
Box has ID: 569138567
--------------------------------------------------
separating paper......
process carried out at separation unit ID: 1509713998
{ recyclable of type P dropped into box....}
Box has ID: 569138567
--------------------------------------------------
separating paper......
process carried out at separation unit ID: 1509713998
{ recyclable of type P dropped into box....}
Box has ID: 569138567
--------------------------------------------------
separating paper......
process carried out at separation unit ID: 1509713998
{ recyclable of type P dropped into box....}
Box has ID: 569138567
--------------------------------------------------
separating paper......
process carried out at separation unit ID: 1509713998
{ recyclable of type P dropped into box....}
Box has ID: 569138567
--------------------------------------------------
separating paper......
process carried out at separation unit ID: 1509713998
{ recyclable of type P dropped into box....}
Box has ID: 569138567
--------------------------------------------------
separating paper......
process carried out at separation unit ID: 1509713998
{ recyclable of type P dropped into box....}
Box has ID: 569138567
--------------------------------------------------
separating paper......
process carried out at separation unit ID: 1509713998
{ recyclable of type P dropped into box....}
Box has ID: 569138567
--------------------------------------------------
separating paper......
process carried out at separation unit ID: 1509713998
{ recyclable of type P dropped into box....}
Box has ID: 569138567
--------------------------------------------------
separating paper......
process carried out at separation unit ID: 1509713998
{ recyclable of type P dropped into box....}
Box has ID: 569138567
--------------------------------------------------
separating paper......
process carried out at separation unit ID: 1509713998
{ recyclable of type P dropped into box....}
Box has ID: 569138567
--------------------------------------------------
separating paper......
process carried out at separation unit ID: 1509713998
{ recyclable of type P dropped into box....}
Box has ID: 569138567
--------------------------------------------------
separating paper......
process carried out at separation unit ID: 1509713998
{ recyclable of type P dropped into box....}
Box has ID: 569138567
--------------------------------------------------
separating paper......
process carried out at separation unit ID: 1509713998
{ recyclable of type P dropped into box....}
Box has ID: 569138567
--------------------------------------------------
separating paper......
process carried out at separation unit ID: 1509713998
{ recyclable of type P dropped into box....}
Box has ID: 569138567
--------------------------------------------------
separating paper......
process carried out at separation unit ID: 1509713998
{ recyclable of type P dropped into box....}
Box has ID: 569138567
--------------------------------------------------
separating paper......
process carried out at separation unit ID: 1509713998
{ recyclable of type P dropped into box....}
Box has ID: 569138567
--------------------------------------------------
separating paper......
process carried out at separation unit ID: 1509713998
{ recyclable of type P dropped into box....}
Box has ID: 569138567
--------------------------------------------------
separating paper......
process carried out at separation unit ID: 1509713998
{ recyclable of type P dropped into box....}
Box has ID: 569138567
--------------------------------------------------
separating paper......
process carried out at separation unit ID: 1509713998
{ recyclable of type P dropped into box....}
Box has ID: 569138567
--------------------------------------------------
separating paper......
process carried out at separation unit ID: 1509713998
{ recyclable of type P dropped into box....}
Box has ID: 569138567
--------------------------------------------------
separating paper......
process carried out at separation unit ID: 1509713998
{ recyclable of type P dropped into box....}
Box has ID: 569138567
--------------------------------------------------
separating paper......
process carried out at separation unit ID: 1509713998
{ recyclable of type P dropped into box....}
Box has ID: 569138567
--------------------------------------------------
separating paper......
process carried out at separation unit ID: 1509713998
{ recyclable of type P dropped into box....}
Box has ID: 569138567
--------------------------------------------------
separating paper......
process carried out at separation unit ID: 1509713998
{ recyclable of type P dropped into box....}
Box has ID: 569138567
--------------------------------------------------
separating paper......
process carried out at separation unit ID: 1509713998
{ recyclable of type P dropped into box....}
Box has ID: 569138567
--------------------------------------------------
separating paper......
process carried out at separation unit ID: 1509713998
{ recyclable of type P dropped into box....}
Box has ID: 569138567
--------------------------------------------------
separating paper......
process carried out at separation unit ID: 1509713998
{ recyclable of type P dropped into box....}
Box has ID: 569138567
--------------------------------------------------
separating paper......
process carried out at separation unit ID: 1509713998
{ recyclable of type P dropped into box....}
Box has ID: 569138567
--------------------------------------------------
separating paper......
process carried out at separation unit ID: 1509713998
{ recyclable of type P dropped into box....}
Box has ID: 569138567
--------------------------------------------------
separating paper......
process carried out at separation unit ID: 1509713998
{ recyclable of type P dropped into box....}
Box has ID: 569138567
--------------------------------------------------
separating paper......
process carried out at separation unit ID: 1509713998
{ recyclable of type P dropped into box....}
Box has ID: 569138567
--------------------------------------------------
separating paper......
process carried out at separation unit ID: 1509713998
{ recyclable of type P dropped into box....}
Box has ID: 569138567
--------------------------------------------------
separating paper......
process carried out at separation unit ID: 1509713998
{ recyclable of type P dropped into box....}
Box has ID: 569138567
--------------------------------------------------
separating paper......
process carried out at separation unit ID: 1509713998
{ recyclable of type P dropped into box....}
Box has ID: 569138567
--------------------------------------------------
separating paper......
process carried out at separation unit ID: 1509713998
{ recyclable of type P dropped into box....}
Box has ID: 569138567
--------------------------------------------------
separating paper......
process carried out at separation unit ID: 1509713998
{ recyclable of type P dropped into box....}
Box has ID: 569138567
--------------------------------------------------
separating paper......
process carried out at separation unit ID: 1509713998
{ recyclable of type P dropped into box....}
Box has ID: 569138567
--------------------------------------------------
separating paper......
process carried out at separation unit ID: 1509713998
{ recyclable of type P dropped into box....}
Box has ID: 569138567
--------------------------------------------------
separating paper......
process carried out at separation unit ID: 1509713998
{ recyclable of type P dropped into box....}
Box has ID: 569138567
--------------------------------------------------
separating paper......
process carried out at separation unit ID: 1509713998
{ recyclable of type P dropped into box....}
Box has ID: 569138567
--------------------------------------------------
separating paper......
process carried out at separation unit ID: 1509713998
{ recyclable of type P dropped into box....}
Box has ID: 569138567
--------------------------------------------------
separating paper......
process carried out at separation unit ID: 1509713998
{ recyclable of type P dropped into box....}
Box has ID: 569138567
--------------------------------------------------
separating paper......
process carried out at separation unit ID: 1509713998
{ recyclable of type P dropped into box....}
Box has ID: 569138567
--------------------------------------------------
separating paper......
process carried out at separation unit ID: 1509713998
{ recyclable of type P dropped into box....}
Box has ID: 569138567
--------------------------------------------------
separating paper......
process carried out at separation unit ID: 1509713998
{ recyclable of type P dropped into box....}
Box has ID: 569138567
--------------------------------------------------
separating paper......
process carried out at separation unit ID: 1509713998
{ recyclable of type P dropped into box....}
Box has ID: 569138567
--------------------------------------------------
separating paper......
process carried out at separation unit ID: 1509713998
{ recyclable of type P dropped into box....}
Box has ID: 569138567
--------------------------------------------------
separating paper......
process carried out at separation unit ID: 1509713998
{ recyclable of type P dropped into box....}
Box has ID: 569138567
--------------------------------------------------
separating paper......
process carried out at separation unit ID: 1509713998
{ recyclable of type P dropped into box....}
Box has ID: 569138567
--------------------------------------------------
separating paper......
process carried out at separation unit ID: 1509713998
{ recyclable of type P dropped into box....}
Box has ID: 569138567
--------------------------------------------------
separating paper......
process carried out at separation unit ID: 1509713998
{ recyclable of type P dropped into box....}
Box has ID: 569138567
--------------------------------------------------
separating paper......
process carried out at separation unit ID: 1509713998
{ recyclable of type P dropped into box....}
Box has ID: 569138567
--------------------------------------------------
separating paper......
process carried out at separation unit ID: 1509713998
{ recyclable of type P dropped into box....}
Box has ID: 569138567
--------------------------------------------------
separating paper......
process carried out at separation unit ID: 1509713998
{ recyclable of type P dropped into box....}
Box has ID: 569138567
--------------------------------------------------
separating paper......
process carried out at separation unit ID: 1509713998
{ recyclable of type P dropped into box....}
Box has ID: 569138567
--------------------------------------------------
separating paper......
process carried out at separation unit ID: 1509713998
{ recyclable of type P dropped into box....}
Box has ID: 569138567
--------------------------------------------------
separating paper......
process carried out at separation unit ID: 1509713998
{ recyclable of type P dropped into box....}
Box has ID: 569138567
--------------------------------------------------
separating paper......
process carried out at separation unit ID: 1509713998
{ recyclable of type P dropped into box....}
Box has ID: 569138567
--------------------------------------------------
separating paper......
process carried out at separation unit ID: 1509713998
{ recyclable of type P dropped into box....}
Box has ID: 569138567
--------------------------------------------------
separating paper......
process carried out at separation unit ID: 1509713998
{ recyclable of type P dropped into box....}
Box has ID: 569138567
--------------------------------------------------
separating paper......
process carried out at separation unit ID: 1509713998
{ recyclable of type P dropped into box....}
Box has ID: 569138567
--------------------------------------------------
separating paper......
process carried out at separation unit ID: 1509713998
{ recyclable of type P dropped into box....}
Box has ID: 569138567
--------------------------------------------------
separating paper......
process carried out at separation unit ID: 1509713998
{ recyclable of type P dropped into box....}
Box has ID: 569138567
--------------------------------------------------
separating paper......
process carried out at separation unit ID: 1509713998
{ recyclable of type P dropped into box....}
Box has ID: 569138567
--------------------------------------------------
separating paper......
process carried out at separation unit ID: 1509713998
{ recyclable of type P dropped into box....}
Box has ID: 569138567
--------------------------------------------------
separating paper......
process carried out at separation unit ID: 1509713998
{ recyclable of type P dropped into box....}
Box has ID: 569138567
--------------------------------------------------
separating paper......
process carried out at separation unit ID: 1509713998
{ recyclable of type P dropped into box....}
Box has ID: 569138567
--------------------------------------------------
separating paper......
process carried out at separation unit ID: 1509713998
{ recyclable of type P dropped into box....}
Box has ID: 569138567
--------------------------------------------------
separating paper......
process carried out at separation unit ID: 1509713998
{ recyclable of type P dropped into box....}
Box has ID: 569138567
--------------------------------------------------
separating paper......
process carried out at separation unit ID: 1509713998
{ recyclable of type P dropped into box....}
Box has ID: 569138567
--------------------------------------------------
separating paper......
process carried out at separation unit ID: 1509713998
{ recyclable of type P dropped into box....}
Box has ID: 569138567
--------------------------------------------------
separating paper......
process carried out at separation unit ID: 1509713998
{ recyclable of type P dropped into box....}
Box has ID: 569138567
--------------------------------------------------
separating paper......
process carried out at separation unit ID: 1509713998
{ recyclable of type P dropped into box....}
Box has ID: 569138567
--------------------------------------------------
separating paper......
process carried out at separation unit ID: 1509713998
{ recyclable of type P dropped into box....}
Box has ID: 569138567
--------------------------------------------------
separating paper......
process carried out at separation unit ID: 1509713998
{ recyclable of type P dropped into box....}
Box has ID: 569138567
--------------------------------------------------
separating paper......
process carried out at separation unit ID: 1509713998
{ recyclable of type P dropped into box....}
Box has ID: 569138567
--------------------------------------------------
separating paper......
process carried out at separation unit ID: 1509713998
{ recyclable of type P dropped into box....}
Box has ID: 569138567
--------------------------------------------------
separating paper......
process carried out at separation unit ID: 1509713998
{ recyclable of type P dropped into box....}
Box has ID: 569138567
--------------------------------------------------
separating paper......
process carried out at separation unit ID: 1509713998
{ recyclable of type P dropped into box....}
Box has ID: 569138567
--------------------------------------------------
separating paper......
process carried out at separation unit ID: 1509713998
{ recyclable of type P dropped into box....}
Box has ID: 569138567
--------------------------------------------------
separating paper......
process carried out at separation unit ID: 1509713998
{ recyclable of type P dropped into box....}
Box has ID: 569138567
--------------------------------------------------
separating paper......
process carried out at separation unit ID: 1509713998
{ recyclable of type P dropped into box....}
Box has ID: 569138567
--------------------------------------------------
separating paper......
process carried out at separation unit ID: 1509713998
{ recyclable of type P dropped into box....}
Box has ID: 569138567
--------------------------------------------------
separating paper......
process carried out at separation unit ID: 1509713998
{ recyclable of type P dropped into box....}
Box has ID: 569138567
--------------------------------------------------
separating paper......
process carried out at separation unit ID: 1509713998
{ recyclable of type P dropped into box....}
Box has ID: 569138567
--------------------------------------------------
separating paper......
process carried out at separation unit ID: 1509713998
{ recyclable of type P dropped into box....}
Box has ID: 569138567
--------------------------------------------------
separating paper......
process carried out at separation unit ID: 1509713998
{ recyclable of type P dropped into box....}
Box has ID: 569138567
--------------------------------------------------
separating paper......
process carried out at separation unit ID: 1509713998
{ recyclable of type P dropped into box....}
Box has ID: 569138567
--------------------------------------------------
separating paper......
process carried out at separation unit ID: 1509713998
{ recyclable of type P dropped into box....}
Box has ID: 569138567
--------------------------------------------------
separating paper......
process carried out at separation unit ID: 1509713998
{ recyclable of type P dropped into box....}
Box has ID: 569138567
--------------------------------------------------
separating paper......
process carried out at separation unit ID: 1509713998
{ recyclable of type P dropped into box....}
Box has ID: 569138567
--------------------------------------------------
separating paper......
process carried out at separation unit ID: 1509713998
{ recyclable of type P dropped into box....}
Box has ID: 569138567
--------------------------------------------------
separating paper......
process carried out at separation unit ID: 1509713998
{ recyclable of type P dropped into box....}
Box has ID: 569138567
--------------------------------------------------
separating paper......
process carried out at separation unit ID: 1509713998
{ recyclable of type P dropped into box....}
Box has ID: 569138567
--------------------------------------------------
separating paper......
process carried out at separation unit ID: 1509713998
{ recyclable of type P dropped into box....}
Box has ID: 569138567
--------------------------------------------------
separating paper......
process carried out at separation unit ID: 1509713998
{ recyclable of type P dropped into box....}
Box has ID: 569138567
--------------------------------------------------
separating paper......
process carried out at separation unit ID: 1509713998
{ recyclable of type P dropped into box....}
Box has ID: 569138567
--------------------------------------------------
separating paper......
process carried out at separation unit ID: 1509713998
{ recyclable of type P dropped into box....}
Box has ID: 569138567
--------------------------------------------------
separating paper......
process carried out at separation unit ID: 1509713998
{ recyclable of type P dropped into box....}
Box has ID: 569138567
--------------------------------------------------
separating paper......
process carried out at separation unit ID: 1509713998
{ recyclable of type P dropped into box....}
Box has ID: 569138567
--------------------------------------------------
separating paper......
process carried out at separation unit ID: 1509713998
{ recyclable of type P dropped into box....}
Box has ID: 569138567
--------------------------------------------------
separating paper......
process carried out at separation unit ID: 1509713998
{ recyclable of type P dropped into box....}
Box has ID: 569138567
--------------------------------------------------
separating paper......
process carried out at separation unit ID: 1509713998
{ recyclable of type P dropped into box....}
Box has ID: 569138567
--------------------------------------------------
separating paper......
process carried out at separation unit ID: 1509713998
{ recyclable of type P dropped into box....}
Box has ID: 569138567
--------------------------------------------------
separating paper......
process carried out at separation unit ID: 1509713998
{ recyclable of type P dropped into box....}
Box has ID: 569138567
--------------------------------------------------
separating paper......
process carried out at separation unit ID: 1509713998
{ recyclable of type P dropped into box....}
Box has ID: 569138567
--------------------------------------------------
separating paper......
process carried out at separation unit ID: 1509713998
{ recyclable of type P dropped into box....}
Box has ID: 569138567
--------------------------------------------------
separating paper......
process carried out at separation unit ID: 1509713998
{ recyclable of type P dropped into box....}
Box has ID: 569138567
--------------------------------------------------
separating paper......
process carried out at separation unit ID: 1509713998
{ recyclable of type P dropped into box....}
Box has ID: 569138567
--------------------------------------------------
separating paper......
process carried out at separation unit ID: 1509713998
{ recyclable of type P dropped into box....}
Box has ID: 569138567
--------------------------------------------------
separating paper......
process carried out at separation unit ID: 1509713998
{ recyclable of type P dropped into box....}
Box has ID: 569138567
--------------------------------------------------
separating paper......
process carried out at separation unit ID: 1509713998
{ recyclable of type P dropped into box....}
Box has ID: 569138567
--------------------------------------------------
separating paper......
process carried out at separation unit ID: 1509713998
{ recyclable of type P dropped into box....}
Box has ID: 569138567
--------------------------------------------------
separating paper......
process carried out at separation unit ID: 1509713998
{ recyclable of type P dropped into box....}
Box has ID: 569138567
--------------------------------------------------
separating paper......
process carried out at separation unit ID: 1509713998
{ recyclable of type P dropped into box....}
Box has ID: 569138567
--------------------------------------------------
separating paper......
process carried out at separation unit ID: 1509713998
{ recyclable of type P dropped into box....}
Box has ID: 569138567
--------------------------------------------------
separating paper......
process carried out at separation unit ID: 1509713998
{ recyclable of type P dropped into box....}
Box has ID: 569138567
--------------------------------------------------
separating paper......
process carried out at separation unit ID: 1509713998
{ recyclable of type P dropped into box....}
Box has ID: 569138567
--------------------------------------------------
separating paper......
process carried out at separation unit ID: 1509713998
{ recyclable of type P dropped into box....}
Box has ID: 569138567
--------------------------------------------------
separating paper......
process carried out at separation unit ID: 1509713998
{ recyclable of type P dropped into box....}
Box has ID: 569138567
--------------------------------------------------
separating paper......
process carried out at separation unit ID: 1509713998
{ recyclable of type P dropped into box....}
Box has ID: 569138567
--------------------------------------------------
separating paper......
process carried out at separation unit ID: 1509713998
{ recyclable of type P dropped into box....}
Box has ID: 569138567
--------------------------------------------------
separating paper......
process carried out at separation unit ID: 1509713998
{ recyclable of type P dropped into box....}
Box has ID: 569138567
--------------------------------------------------
separating paper......
process carried out at separation unit ID: 1509713998
{ recyclable of type P dropped into box....}
Box has ID: 569138567
--------------------------------------------------
separating paper......
process carried out at separation unit ID: 1509713998
{ recyclable of type P dropped into box....}
Box has ID: 569138567
--------------------------------------------------
separating paper......
process carried out at separation unit ID: 1509713998
{ recyclable of type P dropped into box....}
Box has ID: 569138567
--------------------------------------------------
separating paper......
process carried out at separation unit ID: 1509713998
{ recyclable of type P dropped into box....}
Box has ID: 569138567
--------------------------------------------------
separating paper......
process carried out at separation unit ID: 1509713998
{ recyclable of type P dropped into box....}
Box has ID: 569138567
--------------------------------------------------
separating paper......
process carried out at separation unit ID: 1509713998
{ recyclable of type P dropped into box....}
Box has ID: 569138567
--------------------------------------------------
separating paper......
process carried out at separation unit ID: 1509713998
{ recyclable of type P dropped into box....}
Box has ID: 569138567
--------------------------------------------------
separating paper......
process carried out at separation unit ID: 1509713998
{ recyclable of type P dropped into box....}
Box has ID: 569138567
--------------------------------------------------
separating paper......
process carried out at separation unit ID: 1509713998
{ recyclable of type P dropped into box....}
Box has ID: 569138567
--------------------------------------------------
separating paper......
process carried out at separation unit ID: 1509713998
{ recyclable of type P dropped into box....}
Box has ID: 569138567
--------------------------------------------------
separating paper......
process carried out at separation unit ID: 1509713998
{ recyclable of type P dropped into box....}
Box has ID: 569138567
--------------------------------------------------
separating paper......
process carried out at separation unit ID: 1509713998
{ recyclable of type P dropped into box....}
Box has ID: 569138567
--------------------------------------------------
separating paper......
process carried out at separation unit ID: 1509713998
{ recyclable of type P dropped into box....}
Box has ID: 569138567
--------------------------------------------------
separating paper......
process carried out at separation unit ID: 1509713998
{ recyclable of type P dropped into box....}
Box has ID: 569138567
--------------------------------------------------
separating paper......
process carried out at separation unit ID: 1509713998
{ recyclable of type P dropped into box....}
Box has ID: 569138567
--------------------------------------------------
separating paper......
process carried out at separation unit ID: 1509713998
{ recyclable of type P dropped into box....}
Box has ID: 569138567
--------------------------------------------------
separating paper......
process carried out at separation unit ID: 1509713998
{ recyclable of type P dropped into box....}
Box has ID: 569138567
--------------------------------------------------
separating paper......
process carried out at separation unit ID: 1509713998
{ recyclable of type P dropped into box....}
Box has ID: 569138567
--------------------------------------------------
separating paper......
process carried out at separation unit ID: 1509713998
{ recyclable of type P dropped into box....}
Box has ID: 569138567
--------------------------------------------------
separating paper......
process carried out at separation unit ID: 1509713998
{ recyclable of type P dropped into box....}
Box has ID: 569138567
--------------------------------------------------
separating paper......
process carried out at separation unit ID: 1509713998
{ recyclable of type P dropped into box....}
Box has ID: 569138567
--------------------------------------------------
separating paper......
process carried out at separation unit ID: 1509713998
{ recyclable of type P dropped into box....}
Box has ID: 569138567
--------------------------------------------------
separating paper......
process carried out at separation unit ID: 1509713998
{ recyclable of type P dropped into box....}
Box has ID: 569138567
--------------------------------------------------
separating paper......
process carried out at separation unit ID: 1509713998
{ recyclable of type P dropped into box....}
Box has ID: 569138567
--------------------------------------------------
separating paper......
process carried out at separation unit ID: 1509713998
{ recyclable of type P dropped into box....}
Box has ID: 569138567
--------------------------------------------------
separating paper......
process carried out at separation unit ID: 1509713998
{ recyclable of type P dropped into box....}
Box has ID: 569138567
--------------------------------------------------
separating paper......
process carried out at separation unit ID: 1509713998
{ recyclable of type P dropped into box....}
Box has ID: 569138567
--------------------------------------------------
separating paper......
process carried out at separation unit ID: 1509713998
{ recyclable of type P dropped into box....}
Box has ID: 569138567
--------------------------------------------------
separating paper......
process carried out at separation unit ID: 1509713998
{ recyclable of type P dropped into box....}
Box has ID: 569138567
--------------------------------------------------
separating paper......
process carried out at separation unit ID: 1509713998
{ recyclable of type P dropped into box....}
Box has ID: 569138567
--------------------------------------------------
separating paper......
process carried out at separation unit ID: 1509713998
{ recyclable of type P dropped into box....}
Box has ID: 569138567
--------------------------------------------------
separating paper......
process carried out at separation unit ID: 1509713998
{ recyclable of type P dropped into box....}
Box has ID: 569138567
--------------------------------------------------
separating paper......
process carried out at separation unit ID: 1509713998
{ recyclable of type P dropped into box....}
Box has ID: 569138567
--------------------------------------------------
separating paper......
process carried out at separation unit ID: 1509713998
{ recyclable of type P dropped into box....}
Box has ID: 569138567
--------------------------------------------------
separating paper......
process carried out at separation unit ID: 1509713998
{ recyclable of type P dropped into box....}
Box has ID: 569138567
--------------------------------------------------
separating paper......
process carried out at separation unit ID: 1509713998
{ recyclable of type P dropped into box....}
Box has ID: 569138567
--------------------------------------------------
separating paper......
process carried out at separation unit ID: 1509713998
{ recyclable of type P dropped into box....}
Box has ID: 569138567
--------------------------------------------------
separating paper......
process carried out at separation unit ID: 1509713998
{ recyclable of type P dropped into box....}
Box has ID: 569138567
--------------------------------------------------
separating paper......
process carried out at separation unit ID: 1509713998
{ recyclable of type P dropped into box....}
Box has ID: 569138567
--------------------------------------------------
separating paper......
process carried out at separation unit ID: 1509713998
{ recyclable of type P dropped into box....}
Box has ID: 569138567
--------------------------------------------------
separating paper......
process carried out at separation unit ID: 1509713998
{ recyclable of type P dropped into box....}
Box has ID: 569138567
--------------------------------------------------
separating paper......
process carried out at separation unit ID: 1509713998
{ recyclable of type P dropped into box....}
Box has ID: 569138567
--------------------------------------------------
separating paper......
process carried out at separation unit ID: 1509713998
{ recyclable of type P dropped into box....}
Box has ID: 569138567
--------------------------------------------------
separating paper......
process carried out at separation unit ID: 1509713998
{ recyclable of type P dropped into box....}
Box has ID: 569138567
--------------------------------------------------
separating paper......
process carried out at separation unit ID: 1509713998
{ recyclable of type P dropped into box....}
Box has ID: 569138567
--------------------------------------------------
separating paper......
process carried out at separation unit ID: 1509713998
{ recyclable of type P dropped into box....}
Box has ID: 569138567
--------------------------------------------------
separating paper......
process carried out at separation unit ID: 1509713998
{ recyclable of type P dropped into box....}
Box has ID: 569138567
--------------------------------------------------
separating paper......
process carried out at separation unit ID: 1509713998
{ recyclable of type P dropped into box....}
Box has ID: 569138567
--------------------------------------------------
separating paper......
process carried out at separation unit ID: 1509713998
{ recyclable of type P dropped into box....}
Box has ID: 569138567
--------------------------------------------------
separating paper......
process carried out at separation unit ID: 1509713998
{ recyclable of type P dropped into box....}
Box has ID: 569138567
--------------------------------------------------
separating paper......
process carried out at separation unit ID: 1509713998
{ recyclable of type P dropped into box....}
Box has ID: 569138567
--------------------------------------------------
separating paper......
process carried out at separation unit ID: 1509713998
{ recyclable of type P dropped into box....}
Box has ID: 569138567
--------------------------------------------------
separating paper......
process carried out at separation unit ID: 1509713998
{ recyclable of type P dropped into box....}
Box has ID: 569138567
--------------------------------------------------
separating paper......
process carried out at separation unit ID: 1509713998
{ recyclable of type P dropped into box....}
Box has ID: 569138567
--------------------------------------------------
separating paper......
process carried out at separation unit ID: 1509713998
{ recyclable of type P dropped into box....}
Box has ID: 569138567
--------------------------------------------------
separating paper......
process carried out at separation unit ID: 1509713998
{ recyclable of type P dropped into box....}
Box has ID: 569138567
--------------------------------------------------
separating paper......
process carried out at separation unit ID: 1509713998
{ recyclable of type P dropped into box....}
Box has ID: 569138567
--------------------------------------------------
separating paper......
process carried out at separation unit ID: 1509713998
{ recyclable of type P dropped into box....}
Box has ID: 569138567
--------------------------------------------------
separating paper......
process carried out at separation unit ID: 1509713998
{ recyclable of type P dropped into box....}
Box has ID: 569138567
--------------------------------------------------
separating paper......
process carried out at separation unit ID: 1509713998
{ recyclable of type P dropped into box....}
Box has ID: 569138567
--------------------------------------------------
separating paper......
process carried out at separation unit ID: 1509713998
{ recyclable of type P dropped into box....}
Box has ID: 569138567
--------------------------------------------------
separating paper......
process carried out at separation unit ID: 1509713998
{ recyclable of type P dropped into box....}
Box has ID: 569138567
--------------------------------------------------
separating paper......
process carried out at separation unit ID: 1509713998
{ recyclable of type P dropped into box....}
Box has ID: 569138567
--------------------------------------------------
separating paper......
process carried out at separation unit ID: 1509713998
{ recyclable of type P dropped into box....}
Box has ID: 569138567
--------------------------------------------------
separating paper......
process carried out at separation unit ID: 1509713998
{ recyclable of type P dropped into box....}
Box has ID: 569138567
--------------------------------------------------
separating paper......
process carried out at separation unit ID: 1509713998
{ recyclable of type P dropped into box....}
Box has ID: 569138567
--------------------------------------------------
separating paper......
process carried out at separation unit ID: 1509713998
{ recyclable of type P dropped into box....}
Box has ID: 569138567
--------------------------------------------------
separating paper......
process carried out at separation unit ID: 1509713998
{ recyclable of type P dropped into box....}
Box has ID: 569138567
--------------------------------------------------
separating paper......
process carried out at separation unit ID: 1509713998
{ recyclable of type P dropped into box....}
Box has ID: 569138567
--------------------------------------------------
separating paper......
process carried out at separation unit ID: 1509713998
{ recyclable of type P dropped into box....}
Box has ID: 569138567
--------------------------------------------------
separating paper......
process carried out at separation unit ID: 1509713998
{ recyclable of type P dropped into box....}
Box has ID: 569138567
--------------------------------------------------
separating paper......
process carried out at separation unit ID: 1509713998
{ recyclable of type P dropped into box....}
Box has ID: 569138567
--------------------------------------------------
separating paper......
process carried out at separation unit ID: 1509713998
{ recyclable of type P dropped into box....}
Box has ID: 569138567
--------------------------------------------------
separating paper......
process carried out at separation unit ID: 1509713998
{ recyclable of type P dropped into box....}
Box has ID: 569138567
--------------------------------------------------
separating paper......
process carried out at separation unit ID: 1509713998
{ recyclable of type P dropped into box....}
Box has ID: 569138567
--------------------------------------------------
separating paper......
process carried out at separation unit ID: 1509713998
{ recyclable of type P dropped into box....}
Box has ID: 569138567
--------------------------------------------------
separating paper......
process carried out at separation unit ID: 1509713998
{ recyclable of type P dropped into box....}
Box has ID: 569138567
--------------------------------------------------
separating paper......
process carried out at separation unit ID: 1509713998
{ recyclable of type P dropped into box....}
Box has ID: 569138567
--------------------------------------------------
separating paper......
process carried out at separation unit ID: 1509713998
{ recyclable of type P dropped into box....}
Box has ID: 569138567
--------------------------------------------------
separating paper......
process carried out at separation unit ID: 1509713998
{ recyclable of type P dropped into box....}
Box has ID: 569138567
--------------------------------------------------
separating paper......
process carried out at separation unit ID: 1509713998
{ recyclable of type P dropped into box....}
Box has ID: 569138567
--------------------------------------------------
separating paper......
process carried out at separation unit ID: 1509713998
{ recyclable of type P dropped into box....}
Box has ID: 569138567
--------------------------------------------------
separating paper......
process carried out at separation unit ID: 1509713998
{ recyclable of type P dropped into box....}
Box has ID: 569138567
--------------------------------------------------
separating paper......
process carried out at separation unit ID: 1509713998
{ recyclable of type P dropped into box....}
Box has ID: 569138567
--------------------------------------------------
separating paper......
process carried out at separation unit ID: 1509713998
{ recyclable of type P dropped into box....}
Box has ID: 569138567
--------------------------------------------------
separating paper......
process carried out at separation unit ID: 1509713998
{ recyclable of type P dropped into box....}
Box has ID: 569138567
--------------------------------------------------
separating paper......
process carried out at separation unit ID: 1509713998
{ recyclable of type P dropped into box....}
Box has ID: 569138567
--------------------------------------------------
separating paper......
process carried out at separation unit ID: 1509713998
{ recyclable of type P dropped into box....}
Box has ID: 569138567
--------------------------------------------------
separating paper......
process carried out at separation unit ID: 1509713998
{ recyclable of type P dropped into box....}
Box has ID: 569138567
--------------------------------------------------
separating paper......
process carried out at separation unit ID: 1509713998
{ recyclable of type P dropped into box....}
Box has ID: 569138567
--------------------------------------------------
separating paper......
process carried out at separation unit ID: 1509713998
{ recyclable of type P dropped into box....}
Box has ID: 569138567
--------------------------------------------------
separating paper......
process carried out at separation unit ID: 1509713998
{ recyclable of type P dropped into box....}
Box has ID: 569138567
--------------------------------------------------
separating paper......
process carried out at separation unit ID: 1509713998
{ recyclable of type P dropped into box....}
Box has ID: 569138567
--------------------------------------------------
separating paper......
process carried out at separation unit ID: 1509713998
{ recyclable of type P dropped into box....}
Box has ID: 569138567
--------------------------------------------------
separating paper......
process carried out at separation unit ID: 1509713998
{ recyclable of type P dropped into box....}
Box has ID: 569138567
--------------------------------------------------
separating paper......
process carried out at separation unit ID: 1509713998
{ recyclable of type P dropped into box....}
Box has ID: 569138567
--------------------------------------------------
separating paper......
process carried out at separation unit ID: 1509713998
{ recyclable of type P dropped into box....}
Box has ID: 569138567
--------------------------------------------------
separating paper......
process carried out at separation unit ID: 1509713998
{ recyclable of type P dropped into box....}
Box has ID: 569138567
--------------------------------------------------
separating paper......
process carried out at separation unit ID: 1509713998
{ recyclable of type P dropped into box....}
Box has ID: 569138567
--------------------------------------------------
separating paper......
process carried out at separation unit ID: 1509713998
{ recyclable of type P dropped into box....}
Box has ID: 569138567
--------------------------------------------------
separating paper......
process carried out at separation unit ID: 1509713998
{ recyclable of type P dropped into box....}
Box has ID: 569138567
--------------------------------------------------
separating paper......
process carried out at separation unit ID: 1509713998
{ recyclable of type P dropped into box....}
Box has ID: 569138567
--------------------------------------------------
separating paper......
process carried out at separation unit ID: 1509713998
{ recyclable of type P dropped into box....}
Box has ID: 569138567
--------------------------------------------------
separating paper......
process carried out at separation unit ID: 1509713998
{ recyclable of type P dropped into box....}
Box has ID: 569138567
--------------------------------------------------
separating paper......
process carried out at separation unit ID: 1509713998
{ recyclable of type P dropped into box....}
Box has ID: 569138567
--------------------------------------------------
separating paper......
process carried out at separation unit ID: 1509713998
{ recyclable of type P dropped into box....}
Box has ID: 569138567
--------------------------------------------------
separating paper......
process carried out at separation unit ID: 1509713998
{ recyclable of type P dropped into box....}
Box has ID: 569138567
--------------------------------------------------
separating paper......
process carried out at separation unit ID: 1509713998
{ recyclable of type P dropped into box....}
Box has ID: 569138567
--------------------------------------------------
separating paper......
process carried out at separation unit ID: 1509713998
{ recyclable of type P dropped into box....}
Box has ID: 569138567
--------------------------------------------------
separating paper......
process carried out at separation unit ID: 1509713998
{ recyclable of type P dropped into box....}
Box has ID: 569138567
--------------------------------------------------
separating paper......
process carried out at separation unit ID: 1509713998
{ recyclable of type P dropped into box....}
Box has ID: 569138567
--------------------------------------------------
separating paper......
process carried out at separation unit ID: 1509713998
{ recyclable of type P dropped into box....}
Box has ID: 569138567
--------------------------------------------------
separating paper......
process carried out at separation unit ID: 1509713998
{ recyclable of type P dropped into box....}
Box has ID: 569138567
--------------------------------------------------
separating paper......
process carried out at separation unit ID: 1509713998
{ recyclable of type P dropped into box....}
Box has ID: 569138567
--------------------------------------------------
separating paper......
process carried out at separation unit ID: 1509713998
{ recyclable of type P dropped into box....}
Box has ID: 569138567
--------------------------------------------------
separating paper......
process carried out at separation unit ID: 1509713998
{ recyclable of type P dropped into box....}
Box has ID: 569138567
--------------------------------------------------
separating paper......
process carried out at separation unit ID: 1509713998
{ recyclable of type P dropped into box....}
Box has ID: 569138567
--------------------------------------------------
separating paper......
process carried out at separation unit ID: 1509713998
{ recyclable of type P dropped into box....}
Box has ID: 569138567
--------------------------------------------------
separating paper......
process carried out at separation unit ID: 1509713998
{ recyclable of type P dropped into box....}
Box has ID: 569138567
--------------------------------------------------
separating paper......
process carried out at separation unit ID: 1509713998
{ recyclable of type P dropped into box....}
Box has ID: 569138567
--------------------------------------------------
separating paper......
process carried out at separation unit ID: 1509713998
{ recyclable of type P dropped into box....}
Box has ID: 569138567
--------------------------------------------------
separating paper......
process carried out at separation unit ID: 1509713998
{ recyclable of type P dropped into box....}
Box has ID: 569138567
--------------------------------------------------
separating paper......
process carried out at separation unit ID: 1509713998
{ recyclable of type P dropped into box....}
Box has ID: 569138567
--------------------------------------------------
separating paper......
process carried out at separation unit ID: 1509713998
{ recyclable of type P dropped into box....}
Box has ID: 569138567
--------------------------------------------------
separating paper......
process carried out at separation unit ID: 1509713998
{ recyclable of type P dropped into box....}
Box has ID: 569138567
--------------------------------------------------
separating paper......
process carried out at separation unit ID: 1509713998
{ recyclable of type P dropped into box....}
Box has ID: 569138567
--------------------------------------------------
separating paper......
process carried out at separation unit ID: 1509713998
{ recyclable of type P dropped into box....}
Box has ID: 569138567
--------------------------------------------------
separating paper......
process carried out at separation unit ID: 1509713998
{ recyclable of type P dropped into box....}
Box has ID: 569138567
--------------------------------------------------
separating paper......
process carried out at separation unit ID: 1509713998
{ recyclable of type P dropped into box....}
Box has ID: 569138567
--------------------------------------------------
separating paper......
process carried out at separation unit ID: 1509713998
{ recyclable of type P dropped into box....}
Box has ID: 569138567
--------------------------------------------------
separating paper......
process carried out at separation unit ID: 1509713998
{ recyclable of type P dropped into box....}
Box has ID: 569138567
--------------------------------------------------
separating paper......
process carried out at separation unit ID: 1509713998
{ recyclable of type P dropped into box....}
Box has ID: 569138567
--------------------------------------------------
separating paper......
process carried out at separation unit ID: 1509713998
{ recyclable of type P dropped into box....}
Box has ID: 569138567
--------------------------------------------------
separating paper......
process carried out at separation unit ID: 1509713998
{ recyclable of type P dropped into box....}
Box has ID: 569138567
--------------------------------------------------
separating paper......
process carried out at separation unit ID: 1509713998
{ recyclable of type P dropped into box....}
Box has ID: 569138567
--------------------------------------------------
separating paper......
process carried out at separation unit ID: 1509713998
{ recyclable of type P dropped into box....}
Box has ID: 569138567
--------------------------------------------------
separating paper......
process carried out at separation unit ID: 1509713998
{ recyclable of type P dropped into box....}
Box has ID: 569138567
--------------------------------------------------
separating paper......
process carried out at separation unit ID: 1509713998
{ recyclable of type P dropped into box....}
Box has ID: 569138567
--------------------------------------------------
separating paper......
process carried out at separation unit ID: 1509713998
{ recyclable of type P dropped into box....}
Box has ID: 569138567
--------------------------------------------------
separating paper......
process carried out at separation unit ID: 1509713998
{ recyclable of type P dropped into box....}
Box has ID: 569138567
--------------------------------------------------
separating paper......
process carried out at separation unit ID: 1509713998
{ recyclable of type P dropped into box....}
Box has ID: 569138567
--------------------------------------------------
separating paper......
process carried out at separation unit ID: 1509713998
{ recyclable of type P dropped into box....}
Box has ID: 569138567
--------------------------------------------------
separating paper......
process carried out at separation unit ID: 1509713998
{ recyclable of type P dropped into box....}
Box has ID: 569138567
--------------------------------------------------
separating paper......
process carried out at separation unit ID: 1509713998
{ recyclable of type P dropped into box....}
Box has ID: 569138567
--------------------------------------------------
separating paper......
process carried out at separation unit ID: 1509713998
{ recyclable of type P dropped into box....}
Box has ID: 569138567
--------------------------------------------------
separating paper......
process carried out at separation unit ID: 1509713998
{ recyclable of type P dropped into box....}
Box has ID: 569138567
--------------------------------------------------
separating paper......
process carried out at separation unit ID: 1509713998
{ recyclable of type P dropped into box....}
Box has ID: 569138567
--------------------------------------------------
separating paper......
process carried out at separation unit ID: 1509713998
{ recyclable of type P dropped into box....}
Box has ID: 569138567
--------------------------------------------------
separating paper......
process carried out at separation unit ID: 1509713998
{ recyclable of type P dropped into box....}
Box has ID: 569138567
--------------------------------------------------
separating paper......
process carried out at separation unit ID: 1509713998
{ recyclable of type P dropped into box....}
Box has ID: 569138567
--------------------------------------------------
separating paper......
process carried out at separation unit ID: 1509713998
{ recyclable of type P dropped into box....}
Box has ID: 569138567
--------------------------------------------------
separating paper......
process carried out at separation unit ID: 1509713998
{ recyclable of type P dropped into box....}
Box has ID: 569138567
--------------------------------------------------
separating paper......
process carried out at separation unit ID: 1509713998
{ recyclable of type P dropped into box....}
Box has ID: 569138567
--------------------------------------------------
separating paper......
process carried out at separation unit ID: 1509713998
{ recyclable of type P dropped into box....}
Box has ID: 569138567
--------------------------------------------------
separating paper......
process carried out at separation unit ID: 1509713998
{ recyclable of type P dropped into box....}
Box has ID: 569138567
--------------------------------------------------
separating paper......
process carried out at separation unit ID: 1509713998
{ recyclable of type P dropped into box....}
Box has ID: 569138567
--------------------------------------------------
separating paper......
process carried out at separation unit ID: 1509713998
{ recyclable of type P dropped into box....}
Box has ID: 569138567
--------------------------------------------------
separating paper......
process carried out at separation unit ID: 1509713998
{ recyclable of type P dropped into box....}
Box has ID: 569138567
--------------------------------------------------
separating paper......
process carried out at separation unit ID: 1509713998
{ recyclable of type P dropped into box....}
Box has ID: 569138567
--------------------------------------------------
separating paper......
process carried out at separation unit ID: 1509713998
{ recyclable of type P dropped into box....}
Box has ID: 569138567
--------------------------------------------------
separating paper......
process carried out at separation unit ID: 1509713998
{ recyclable of type P dropped into box....}
Box has ID: 569138567
--------------------------------------------------
separating paper......
process carried out at separation unit ID: 1509713998
{ recyclable of type P dropped into box....}
Box has ID: 569138567
--------------------------------------------------
separating paper......
process carried out at separation unit ID: 1509713998
{ recyclable of type P dropped into box....}
Box has ID: 569138567
--------------------------------------------------
separating paper......
process carried out at separation unit ID: 1509713998
{ recyclable of type P dropped into box....}
Box has ID: 569138567
--------------------------------------------------
separating paper......
process carried out at separation unit ID: 1509713998
{ recyclable of type P dropped into box....}
Box has ID: 569138567
--------------------------------------------------
separating paper......
process carried out at separation unit ID: 1509713998
{ recyclable of type P dropped into box....}
Box has ID: 569138567
--------------------------------------------------
separating paper......
process carried out at separation unit ID: 1509713998
{ recyclable of type P dropped into box....}
Box has ID: 569138567
--------------------------------------------------
separating paper......
process carried out at separation unit ID: 1509713998
{ recyclable of type P dropped into box....}
Box has ID: 569138567
--------------------------------------------------
separating paper......
process carried out at separation unit ID: 1509713998
{ recyclable of type P dropped into box....}
Box has ID: 569138567
--------------------------------------------------
separating paper......
process carried out at separation unit ID: 1509713998
{ recyclable of type P dropped into box....}
Box has ID: 569138567
--------------------------------------------------
separating paper......
process carried out at separation unit ID: 1509713998
{ recyclable of type P dropped into box....}
Box has ID: 569138567
--------------------------------------------------
separating paper......
process carried out at separation unit ID: 1509713998
{ recyclable of type P dropped into box....}
Box has ID: 569138567
--------------------------------------------------
separating paper......
process carried out at separation unit ID: 1509713998
{ recyclable of type P dropped into box....}
Box has ID: 569138567
--------------------------------------------------
separating paper......
process carried out at separation unit ID: 1509713998
{ recyclable of type P dropped into box....}
Box has ID: 569138567
--------------------------------------------------
separating paper......
process carried out at separation unit ID: 1509713998
{ recyclable of type P dropped into box....}
Box has ID: 569138567
--------------------------------------------------
separating paper......
process carried out at separation unit ID: 1509713998
{ recyclable of type P dropped into box....}
Box has ID: 569138567
--------------------------------------------------
separating paper......
process carried out at separation unit ID: 1509713998
{ recyclable of type P dropped into box....}
Box has ID: 569138567
--------------------------------------------------
separating paper......
process carried out at separation unit ID: 1509713998
{ recyclable of type P dropped into box....}
Box has ID: 569138567
--------------------------------------------------
separating paper......
process carried out at separation unit ID: 1509713998
{ recyclable of type P dropped into box....}
Box has ID: 569138567
--------------------------------------------------
separating paper......
process carried out at separation unit ID: 1509713998
{ recyclable of type P dropped into box....}
Box has ID: 569138567
--------------------------------------------------
separating paper......
process carried out at separation unit ID: 1509713998
{ recyclable of type P dropped into box....}
Box has ID: 569138567
--------------------------------------------------
separating paper......
process carried out at separation unit ID: 1509713998
{ recyclable of type P dropped into box....}
Box has ID: 569138567
--------------------------------------------------
separating paper......
process carried out at separation unit ID: 1509713998
{ recyclable of type P dropped into box....}
Box has ID: 569138567
--------------------------------------------------
separating paper......
process carried out at separation unit ID: 1509713998
{ recyclable of type P dropped into box....}
Box has ID: 569138567
--------------------------------------------------
separating paper......
process carried out at separation unit ID: 1509713998
{ recyclable of type P dropped into box....}
Box has ID: 569138567
--------------------------------------------------
separating paper......
process carried out at separation unit ID: 1509713998
{ recyclable of type P dropped into box....}
Box has ID: 569138567
--------------------------------------------------
separating paper......
process carried out at separation unit ID: 1509713998
{ recyclable of type P dropped into box....}
Box has ID: 569138567
--------------------------------------------------
separating paper......
process carried out at separation unit ID: 1509713998
{ recyclable of type P dropped into box....}
Box has ID: 569138567
--------------------------------------------------
separating paper......
process carried out at separation unit ID: 1509713998
{ recyclable of type P dropped into box....}
Box has ID: 569138567
--------------------------------------------------
separating paper......
process carried out at separation unit ID: 1509713998
{ recyclable of type P dropped into box....}
Box has ID: 569138567
--------------------------------------------------
separating paper......
process carried out at separation unit ID: 1509713998
{ recyclable of type P dropped into box....}
Box has ID: 569138567
--------------------------------------------------
separating paper......
process carried out at separation unit ID: 1509713998
{ recyclable of type P dropped into box....}
Box has ID: 569138567
--------------------------------------------------
separating paper......
process carried out at separation unit ID: 1509713998
{ recyclable of type P dropped into box....}
Box has ID: 569138567
--------------------------------------------------
separating paper......
process carried out at separation unit ID: 1509713998
{ recyclable of type P dropped into box....}
Box has ID: 569138567
--------------------------------------------------
separating paper......
process carried out at separation unit ID: 1509713998
{ recyclable of type P dropped into box....}
Box has ID: 569138567
--------------------------------------------------
separating paper......
process carried out at separation unit ID: 1509713998
{ recyclable of type P dropped into box....}
Box has ID: 569138567
--------------------------------------------------
separating paper......
process carried out at separation unit ID: 1509713998
{ recyclable of type P dropped into box....}
Box has ID: 569138567
--------------------------------------------------
separating paper......
process carried out at separation unit ID: 1509713998
{ recyclable of type P dropped into box....}
Box has ID: 569138567
--------------------------------------------------
separating paper......
process carried out at separation unit ID: 1509713998
{ recyclable of type P dropped into box....}
Box has ID: 569138567
--------------------------------------------------
separating paper......
process carried out at separation unit ID: 1509713998
{ recyclable of type P dropped into box....}
Box has ID: 569138567
--------------------------------------------------
separating paper......
process carried out at separation unit ID: 1509713998
{ recyclable of type P dropped into box....}
Box has ID: 569138567
--------------------------------------------------
separating paper......
process carried out at separation unit ID: 1509713998
{ recyclable of type P dropped into box....}
Box has ID: 569138567
--------------------------------------------------
separating paper......
process carried out at separation unit ID: 1509713998
{ recyclable of type P dropped into box....}
Box has ID: 569138567
--------------------------------------------------
separating paper......
process carried out at separation unit ID: 1509713998
{ recyclable of type P dropped into box....}
Box has ID: 569138567
--------------------------------------------------
separating paper......
process carried out at separation unit ID: 1509713998
{ recyclable of type P dropped into box....}
Box has ID: 569138567
--------------------------------------------------
separating paper......
process carried out at separation unit ID: 1509713998
{ recyclable of type P dropped into box....}
Box has ID: 569138567
--------------------------------------------------
separating paper......
process carried out at separation unit ID: 1509713998
{ recyclable of type P dropped into box....}
Box has ID: 569138567
--------------------------------------------------
separating paper......
process carried out at separation unit ID: 1509713998
{ recyclable of type P dropped into box....}
Box has ID: 569138567
--------------------------------------------------
separating paper......
process carried out at separation unit ID: 1509713998
{ recyclable of type P dropped into box....}
Box has ID: 569138567
--------------------------------------------------
separating paper......
process carried out at separation unit ID: 1509713998
{ recyclable of type P dropped into box....}
Box has ID: 569138567
--------------------------------------------------
separating paper......
process carried out at separation unit ID: 1509713998
{ recyclable of type P dropped into box....}
Box has ID: 569138567
--------------------------------------------------
separating paper......
process carried out at separation unit ID: 1509713998
{ recyclable of type P dropped into box....}
Box has ID: 569138567
--------------------------------------------------
separating paper......
process carried out at separation unit ID: 1509713998
{ recyclable of type P dropped into box....}
Box has ID: 569138567
--------------------------------------------------
separating paper......
process carried out at separation unit ID: 1509713998
{ recyclable of type P dropped into box....}
Box has ID: 569138567
--------------------------------------------------
separating paper......
process carried out at separation unit ID: 1509713998
{ recyclable of type P dropped into box....}
Box has ID: 569138567
--------------------------------------------------
separating paper......
process carried out at separation unit ID: 1509713998
{ recyclable of type P dropped into box....}
Box has ID: 569138567
--------------------------------------------------
separating paper......
process carried out at separation unit ID: 1509713998
{ recyclable of type P dropped into box....}
Box has ID: 569138567
--------------------------------------------------
separating paper......
process carried out at separation unit ID: 1509713998
{ recyclable of type P dropped into box....}
Box has ID: 569138567
--------------------------------------------------
separating paper......
process carried out at separation unit ID: 1509713998
{ recyclable of type P dropped into box....}
Box has ID: 569138567
--------------------------------------------------
separating paper......
process carried out at separation unit ID: 1509713998
{ recyclable of type P dropped into box....}
Box has ID: 569138567
--------------------------------------------------
separating paper......
process carried out at separation unit ID: 1509713998
{ recyclable of type P dropped into box....}
Box has ID: 569138567
--------------------------------------------------
separating paper......
process carried out at separation unit ID: 1509713998
{ recyclable of type P dropped into box....}
Box has ID: 569138567
--------------------------------------------------
separating paper......
process carried out at separation unit ID: 1509713998
{ recyclable of type P dropped into box....}
Box has ID: 569138567
--------------------------------------------------
separating paper......
process carried out at separation unit ID: 1509713998
{ recyclable of type P dropped into box....}
Box has ID: 569138567
--------------------------------------------------
separating paper......
process carried out at separation unit ID: 1509713998
{ recyclable of type P dropped into box....}
Box has ID: 569138567
--------------------------------------------------
separating paper......
process carried out at separation unit ID: 1509713998
{ recyclable of type P dropped into box....}
Box has ID: 569138567
--------------------------------------------------
separating paper......
process carried out at separation unit ID: 1509713998
{ recyclable of type P dropped into box....}
Box has ID: 569138567
--------------------------------------------------
separating paper......
process carried out at separation unit ID: 1509713998
{ recyclable of type P dropped into box....}
Box has ID: 569138567
--------------------------------------------------
separating paper......
process carried out at separation unit ID: 1509713998
{ recyclable of type P dropped into box....}
Box has ID: 569138567
--------------------------------------------------
separating paper......
process carried out at separation unit ID: 1509713998
{ recyclable of type P dropped into box....}
Box has ID: 569138567
--------------------------------------------------
separating paper......
process carried out at separation unit ID: 1509713998
{ recyclable of type P dropped into box....}
Box has ID: 569138567
--------------------------------------------------
separating paper......
process carried out at separation unit ID: 1509713998
{ recyclable of type P dropped into box....}
Box has ID: 569138567
--------------------------------------------------
separating paper......
process carried out at separation unit ID: 1509713998
{ recyclable of type P dropped into box....}
Box has ID: 569138567
--------------------------------------------------
separating paper......
process carried out at separation unit ID: 1509713998
{ recyclable of type P dropped into box....}
Box has ID: 569138567
--------------------------------------------------
separating paper......
process carried out at separation unit ID: 1509713998
{ recyclable of type P dropped into box....}
Box has ID: 569138567
--------------------------------------------------
separating paper......
process carried out at separation unit ID: 1509713998
{ recyclable of type P dropped into box....}
Box has ID: 569138567
--------------------------------------------------
separating paper......
process carried out at separation unit ID: 1509713998
{ recyclable of type P dropped into box....}
Box has ID: 569138567
--------------------------------------------------
separating paper......
process carried out at separation unit ID: 1509713998
{ recyclable of type P dropped into box....}
Box has ID: 569138567
--------------------------------------------------
separating paper......
process carried out at separation unit ID: 1509713998
{ recyclable of type P dropped into box....}
Box has ID: 569138567
--------------------------------------------------
separating paper......
process carried out at separation unit ID: 1509713998
{ recyclable of type P dropped into box....}
Box has ID: 569138567
--------------------------------------------------
separating paper......
process carried out at separation unit ID: 1509713998
{ recyclable of type P dropped into box....}
Box has ID: 569138567
--------------------------------------------------
separating paper......
process carried out at separation unit ID: 1509713998
{ recyclable of type P dropped into box....}
Box has ID: 569138567
--------------------------------------------------
separating paper......
process carried out at separation unit ID: 1509713998
{ recyclable of type P dropped into box....}
Box has ID: 569138567
--------------------------------------------------
separating paper......
process carried out at separation unit ID: 1509713998
{ recyclable of type P dropped into box....}
Box has ID: 569138567
--------------------------------------------------
separating paper......
process carried out at separation unit ID: 1509713998
{ recyclable of type P dropped into box....}
Box has ID: 569138567
--------------------------------------------------
separating paper......
process carried out at separation unit ID: 1509713998
{ recyclable of type P dropped into box....}
Box has ID: 569138567
--------------------------------------------------
separating paper......
process carried out at separation unit ID: 1509713998
{ recyclable of type P dropped into box....}
Box has ID: 569138567
--------------------------------------------------
separating paper......
process carried out at separation unit ID: 1509713998
{ recyclable of type P dropped into box....}
Box has ID: 569138567
--------------------------------------------------
separating paper......
process carried out at separation unit ID: 1509713998
{ recyclable of type P dropped into box....}
Box has ID: 569138567
--------------------------------------------------
separating paper......
process carried out at separation unit ID: 1509713998
{ recyclable of type P dropped into box....}
Box has ID: 569138567
--------------------------------------------------
separating paper......
process carried out at separation unit ID: 1509713998
{ recyclable of type P dropped into box....}
Box has ID: 569138567
--------------------------------------------------
separating paper......
process carried out at separation unit ID: 1509713998
{ recyclable of type P dropped into box....}
Box has ID: 569138567
--------------------------------------------------
separating paper......
process carried out at separation unit ID: 1509713998
{ recyclable of type P dropped into box....}
Box has ID: 569138567
--------------------------------------------------
separating paper......
process carried out at separation unit ID: 1509713998
{ recyclable of type P dropped into box....}
Box has ID: 569138567
--------------------------------------------------
separating paper......
process carried out at separation unit ID: 1509713998
{ recyclable of type P dropped into box....}
Box has ID: 569138567
--------------------------------------------------
separating paper......
process carried out at separation unit ID: 1509713998
{ recyclable of type P dropped into box....}
Box has ID: 569138567
--------------------------------------------------
separating paper......
process carried out at separation unit ID: 1509713998
{ recyclable of type P dropped into box....}
Box has ID: 569138567
--------------------------------------------------
separating paper......
process carried out at separation unit ID: 1509713998
{ recyclable of type P dropped into box....}
Box has ID: 569138567
--------------------------------------------------
separating paper......
process carried out at separation unit ID: 1509713998
{ recyclable of type P dropped into box....}
Box has ID: 569138567
--------------------------------------------------
separating paper......
process carried out at separation unit ID: 1509713998
{ recyclable of type P dropped into box....}
Box has ID: 569138567
--------------------------------------------------
separating paper......
process carried out at separation unit ID: 1509713998
{ recyclable of type P dropped into box....}
Box has ID: 569138567
--------------------------------------------------
separating paper......
process carried out at separation unit ID: 1509713998
{ recyclable of type P dropped into box....}
Box has ID: 569138567
--------------------------------------------------
separating paper......
process carried out at separation unit ID: 1509713998
{ recyclable of type P dropped into box....}
Box has ID: 569138567
--------------------------------------------------
separating paper......
process carried out at separation unit ID: 1509713998
{ recyclable of type P dropped into box....}
Box has ID: 569138567
--------------------------------------------------
separating paper......
process carried out at separation unit ID: 1509713998
{ recyclable of type P dropped into box....}
Box has ID: 569138567
--------------------------------------------------
separating paper......
process carried out at separation unit ID: 1509713998
{ recyclable of type P dropped into box....}
Box has ID: 569138567
--------------------------------------------------
separating paper......
process carried out at separation unit ID: 1509713998
{ recyclable of type P dropped into box....}
Box has ID: 569138567
--------------------------------------------------
separating paper......
process carried out at separation unit ID: 1509713998
{ recyclable of type P dropped into box....}
Box has ID: 569138567
--------------------------------------------------
separating paper......
process carried out at separation unit ID: 1509713998
{ recyclable of type P dropped into box....}
Box has ID: 569138567
--------------------------------------------------
separating paper......
process carried out at separation unit ID: 1509713998
{ recyclable of type P dropped into box....}
Box has ID: 569138567
--------------------------------------------------
separating paper......
process carried out at separation unit ID: 1509713998
{ recyclable of type P dropped into box....}
Box has ID: 569138567
--------------------------------------------------
separating paper......
process carried out at separation unit ID: 1509713998
{ recyclable of type P dropped into box....}
Box has ID: 569138567
--------------------------------------------------
separating paper......
process carried out at separation unit ID: 1509713998
{ recyclable of type P dropped into box....}
Box has ID: 569138567
--------------------------------------------------
separating paper......
process carried out at separation unit ID: 1509713998
{ recyclable of type P dropped into box....}
Box has ID: 569138567
--------------------------------------------------
separating paper......
process carried out at separation unit ID: 1509713998
{ recyclable of type P dropped into box....}
Box has ID: 569138567
--------------------------------------------------
separating paper......
process carried out at separation unit ID: 1509713998
{ recyclable of type P dropped into box....}
Box has ID: 569138567
--------------------------------------------------
separating paper......
process carried out at separation unit ID: 1509713998
{ recyclable of type P dropped into box....}
Box has ID: 569138567
--------------------------------------------------
separating paper......
process carried out at separation unit ID: 1509713998
{ recyclable of type P dropped into box....}
Box has ID: 569138567
--------------------------------------------------
separating paper......
process carried out at separation unit ID: 1509713998
{ recyclable of type P dropped into box....}
Box has ID: 569138567
--------------------------------------------------
separating paper......
process carried out at separation unit ID: 1509713998
{ recyclable of type P dropped into box....}
Box has ID: 569138567
--------------------------------------------------
separating paper......
process carried out at separation unit ID: 1509713998
{ recyclable of type P dropped into box....}
Box has ID: 569138567
--------------------------------------------------
separating paper......
process carried out at separation unit ID: 1509713998
{ recyclable of type P dropped into box....}
Box has ID: 569138567
--------------------------------------------------
separating paper......
process carried out at separation unit ID: 1509713998
{ recyclable of type P dropped into box....}
Box has ID: 569138567
--------------------------------------------------
separating paper......
process carried out at separation unit ID: 1509713998
{ recyclable of type P dropped into box....}
Box has ID: 569138567
--------------------------------------------------
separating paper......
process carried out at separation unit ID: 1509713998
{ recyclable of type P dropped into box....}
Box has ID: 569138567
--------------------------------------------------
separating paper......
process carried out at separation unit ID: 1509713998
{ recyclable of type P dropped into box....}
Box has ID: 569138567
--------------------------------------------------
separating paper......
process carried out at separation unit ID: 1509713998
{ recyclable of type P dropped into box....}
Box has ID: 569138567
--------------------------------------------------
separating paper......
process carried out at separation unit ID: 1509713998
{ recyclable of type P dropped into box....}
Box has ID: 569138567
--------------------------------------------------
separating paper......
process carried out at separation unit ID: 1509713998
{ recyclable of type P dropped into box....}
Box has ID: 569138567
--------------------------------------------------
separating paper......
process carried out at separation unit ID: 1509713998
{ recyclable of type P dropped into box....}
Box has ID: 569138567
--------------------------------------------------
separating paper......
process carried out at separation unit ID: 1509713998
{ recyclable of type P dropped into box....}
Box has ID: 569138567
--------------------------------------------------
separating paper......
process carried out at separation unit ID: 1509713998
{ recyclable of type P dropped into box....}
Box has ID: 569138567
--------------------------------------------------
separating paper......
process carried out at separation unit ID: 1509713998
{ recyclable of type P dropped into box....}
Box has ID: 569138567
--------------------------------------------------
separating paper......
process carried out at separation unit ID: 1509713998
{ recyclable of type P dropped into box....}
Box has ID: 569138567
--------------------------------------------------
separating paper......
process carried out at separation unit ID: 1509713998
{ recyclable of type P dropped into box....}
Box has ID: 569138567
--------------------------------------------------
separating paper......
process carried out at separation unit ID: 1509713998
{ recyclable of type P dropped into box....}
Box has ID: 569138567
--------------------------------------------------
separating paper......
process carried out at separation unit ID: 1509713998
{ recyclable of type P dropped into box....}
Box has ID: 569138567
--------------------------------------------------
separating paper......
process carried out at separation unit ID: 1509713998
{ recyclable of type P dropped into box....}
Box has ID: 569138567
--------------------------------------------------
separating paper......
process carried out at separation unit ID: 1509713998
{ recyclable of type P dropped into box....}
Box has ID: 569138567
--------------------------------------------------
separating paper......
process carried out at separation unit ID: 1509713998
{ recyclable of type P dropped into box....}
Box has ID: 569138567
--------------------------------------------------
separating paper......
process carried out at separation unit ID: 1509713998
{ recyclable of type P dropped into box....}
Box has ID: 569138567
--------------------------------------------------
separating paper......
process carried out at separation unit ID: 1509713998
{ recyclable of type P dropped into box....}
Box has ID: 569138567
--------------------------------------------------
separating paper......
process carried out at separation unit ID: 1509713998
{ recyclable of type P dropped into box....}
Box has ID: 569138567
--------------------------------------------------
separating paper......
process carried out at separation unit ID: 1509713998
{ recyclable of type P dropped into box....}
Box has ID: 569138567
--------------------------------------------------
separating paper......
process carried out at separation unit ID: 1509713998
{ recyclable of type P dropped into box....}
Box has ID: 569138567
--------------------------------------------------
separating paper......
process carried out at separation unit ID: 1509713998
{ recyclable of type P dropped into box....}
Box has ID: 569138567
--------------------------------------------------
separating paper......
process carried out at separation unit ID: 1509713998
{ recyclable of type P dropped into box....}
Box has ID: 569138567
--------------------------------------------------
separating paper......
process carried out at separation unit ID: 1509713998
{ recyclable of type P dropped into box....}
Box has ID: 569138567
--------------------------------------------------
separating paper......
process carried out at separation unit ID: 1509713998
{ recyclable of type P dropped into box....}
Box has ID: 569138567
--------------------------------------------------
separating paper......
process carried out at separation unit ID: 1509713998
{ recyclable of type P dropped into box....}
Box has ID: 569138567
--------------------------------------------------
separating paper......
process carried out at separation unit ID: 1509713998
{ recyclable of type P dropped into box....}
Box has ID: 569138567
--------------------------------------------------
separating paper......
process carried out at separation unit ID: 1509713998
{ recyclable of type P dropped into box....}
Box has ID: 569138567
--------------------------------------------------
separating paper......
process carried out at separation unit ID: 1509713998
{ recyclable of type P dropped into box....}
Box has ID: 569138567
--------------------------------------------------
separating paper......
process carried out at separation unit ID: 1509713998
{ recyclable of type P dropped into box....}
Box has ID: 569138567
--------------------------------------------------
separating paper......
process carried out at separation unit ID: 1509713998
{ recyclable of type P dropped into box....}
Box has ID: 569138567
--------------------------------------------------
separating paper......
process carried out at separation unit ID: 1509713998
{ recyclable of type P dropped into box....}
Box has ID: 569138567
--------------------------------------------------
separating paper......
process carried out at separation unit ID: 1509713998
{ recyclable of type P dropped into box....}
Box has ID: 569138567
--------------------------------------------------
separating paper......
process carried out at separation unit ID: 1509713998
{ recyclable of type P dropped into box....}
Box has ID: 569138567
--------------------------------------------------
separating paper......
process carried out at separation unit ID: 1509713998
{ recyclable of type P dropped into box....}
Box has ID: 569138567
--------------------------------------------------
separating paper......
process carried out at separation unit ID: 1509713998
{ recyclable of type P dropped into box....}
Box has ID: 569138567
--------------------------------------------------
separating paper......
process carried out at separation unit ID: 1509713998
{ recyclable of type P dropped into box....}
Box has ID: 569138567
--------------------------------------------------
separating paper......
process carried out at separation unit ID: 1509713998
{ recyclable of type P dropped into box....}
Box has ID: 569138567
--------------------------------------------------
separating paper......
process carried out at separation unit ID: 1509713998
{ recyclable of type P dropped into box....}
Box has ID: 569138567
--------------------------------------------------
separating paper......
process carried out at separation unit ID: 1509713998
{ recyclable of type P dropped into box....}
Box has ID: 569138567
--------------------------------------------------
separating paper......
process carried out at separation unit ID: 1509713998
{ recyclable of type P dropped into box....}
Box has ID: 569138567
--------------------------------------------------
separating paper......
process carried out at separation unit ID: 1509713998
{ recyclable of type P dropped into box....}
Box has ID: 569138567
--------------------------------------------------
separating paper......
process carried out at separation unit ID: 1509713998
{ recyclable of type P dropped into box....}
Box has ID: 569138567
--------------------------------------------------
separating paper......
process carried out at separation unit ID: 1509713998
{ recyclable of type P dropped into box....}
Box has ID: 569138567
--------------------------------------------------
separating paper......
process carried out at separation unit ID: 1509713998
{ recyclable of type P dropped into box....}
Box has ID: 569138567
--------------------------------------------------
separating paper......
process carried out at separation unit ID: 1509713998
{ recyclable of type P dropped into box....}
Box has ID: 569138567
--------------------------------------------------
separating paper......
process carried out at separation unit ID: 1509713998
{ recyclable of type P dropped into box....}
Box has ID: 569138567
--------------------------------------------------
separating paper......
process carried out at separation unit ID: 1509713998
{ recyclable of type P dropped into box....}
Box has ID: 569138567
--------------------------------------------------
separating paper......
process carried out at separation unit ID: 1509713998
{ recyclable of type P dropped into box....}
Box has ID: 569138567
--------------------------------------------------
separating paper......
process carried out at separation unit ID: 1509713998
{ recyclable of type P dropped into box....}
Box has ID: 569138567
--------------------------------------------------
separating paper......
process carried out at separation unit ID: 1509713998
{ recyclable of type P dropped into box....}
Box has ID: 569138567
--------------------------------------------------
separating paper......
process carried out at separation unit ID: 1509713998
{ recyclable of type P dropped into box....}
Box has ID: 569138567
--------------------------------------------------
separating paper......
process carried out at separation unit ID: 1509713998
{ recyclable of type P dropped into box....}
Box has ID: 569138567
--------------------------------------------------
separating paper......
process carried out at separation unit ID: 1509713998
{ recyclable of type P dropped into box....}
Box has ID: 569138567
--------------------------------------------------
separating paper......
process carried out at separation unit ID: 1509713998
{ recyclable of type P dropped into box....}
Box has ID: 569138567
--------------------------------------------------
separating paper......
process carried out at separation unit ID: 1509713998
{ recyclable of type P dropped into box....}
Box has ID: 569138567
--------------------------------------------------
separating paper......
process carried out at separation unit ID: 1509713998
{ recyclable of type P dropped into box....}
Box has ID: 569138567
--------------------------------------------------
separating paper......
process carried out at separation unit ID: 1509713998
{ recyclable of type P dropped into box....}
Box has ID: 569138567
--------------------------------------------------
separating paper......
process carried out at separation unit ID: 1509713998
{ recyclable of type P dropped into box....}
Box has ID: 569138567
--------------------------------------------------
separating paper......
process carried out at separation unit ID: 1509713998
{ recyclable of type P dropped into box....}
Box has ID: 569138567
--------------------------------------------------
separating paper......
process carried out at separation unit ID: 1509713998
{ recyclable of type P dropped into box....}
Box has ID: 569138567
--------------------------------------------------
separating paper......
process carried out at separation unit ID: 1509713998
{ recyclable of type P dropped into box....}
Box has ID: 569138567
--------------------------------------------------
separating paper......
process carried out at separation unit ID: 1509713998
{ recyclable of type P dropped into box....}
Box has ID: 569138567
--------------------------------------------------
separating paper......
process carried out at separation unit ID: 1509713998
{ recyclable of type P dropped into box....}
Box has ID: 569138567
--------------------------------------------------
separating paper......
process carried out at separation unit ID: 1509713998
{ recyclable of type P dropped into box....}
Box has ID: 569138567
--------------------------------------------------
separating paper......
process carried out at separation unit ID: 1509713998
{ recyclable of type P dropped into box....}
Box has ID: 569138567
--------------------------------------------------
separating paper......
process carried out at separation unit ID: 1509713998
{ recyclable of type P dropped into box....}
Box has ID: 569138567
--------------------------------------------------
separating paper......
process carried out at separation unit ID: 1509713998
{ recyclable of type P dropped into box....}
Box has ID: 569138567
--------------------------------------------------
separating paper......
process carried out at separation unit ID: 1509713998
{ recyclable of type P dropped into box....}
Box has ID: 569138567
--------------------------------------------------
separating paper......
process carried out at separation unit ID: 1509713998
{ recyclable of type P dropped into box....}
Box has ID: 569138567
--------------------------------------------------
separating paper......
process carried out at separation unit ID: 1509713998
{ recyclable of type P dropped into box....}
Box has ID: 569138567
--------------------------------------------------
separating paper......
process carried out at separation unit ID: 1509713998
{ recyclable of type P dropped into box....}
Box has ID: 569138567
--------------------------------------------------
separating paper......
process carried out at separation unit ID: 1509713998
{ recyclable of type P dropped into box....}
Box has ID: 569138567
--------------------------------------------------
separating paper......
process carried out at separation unit ID: 1509713998
{ recyclable of type P dropped into box....}
Box has ID: 569138567
--------------------------------------------------
separating paper......
process carried out at separation unit ID: 1509713998
{ recyclable of type P dropped into box....}
Box has ID: 569138567
--------------------------------------------------
separating paper......
process carried out at separation unit ID: 1509713998
{ recyclable of type P dropped into box....}
Box has ID: 569138567
--------------------------------------------------
separating paper......
process carried out at separation unit ID: 1509713998
{ recyclable of type P dropped into box....}
Box has ID: 569138567
--------------------------------------------------
separating paper......
process carried out at separation unit ID: 1509713998
{ recyclable of type P dropped into box....}
Box has ID: 569138567
--------------------------------------------------
separating paper......
process carried out at separation unit ID: 1509713998
{ recyclable of type P dropped into box....}
Box has ID: 569138567
--------------------------------------------------
separating paper......
process carried out at separation unit ID: 1509713998
{ recyclable of type P dropped into box....}
Box has ID: 569138567
--------------------------------------------------
separating paper......
process carried out at separation unit ID: 1509713998
{ recyclable of type P dropped into box....}
Box has ID: 569138567
--------------------------------------------------
separating paper......
process carried out at separation unit ID: 1509713998
{ recyclable of type P dropped into box....}
Box has ID: 569138567
--------------------------------------------------
separating paper......
process carried out at separation unit ID: 1509713998
{ recyclable of type P dropped into box....}
Box has ID: 569138567
--------------------------------------------------
separating paper......
process carried out at separation unit ID: 1509713998
{ recyclable of type P dropped into box....}
Box has ID: 569138567
--------------------------------------------------
separating paper......
process carried out at separation unit ID: 1509713998
{ recyclable of type P dropped into box....}
Box has ID: 569138567
--------------------------------------------------
separating paper......
process carried out at separation unit ID: 1509713998
{ recyclable of type P dropped into box....}
Box has ID: 569138567
--------------------------------------------------
separating paper......
process carried out at separation unit ID: 1509713998
{ recyclable of type P dropped into box....}
Box has ID: 569138567
--------------------------------------------------
separating paper......
process carried out at separation unit ID: 1509713998
{ recyclable of type P dropped into box....}
Box has ID: 569138567
--------------------------------------------------
separating paper......
process carried out at separation unit ID: 1509713998
{ recyclable of type P dropped into box....}
Box has ID: 569138567
--------------------------------------------------
separating paper......
process carried out at separation unit ID: 1509713998
{ recyclable of type P dropped into box....}
Box has ID: 569138567
--------------------------------------------------
separating paper......
process carried out at separation unit ID: 1509713998
{ recyclable of type P dropped into box....}
Box has ID: 569138567
--------------------------------------------------
separating paper......
process carried out at separation unit ID: 1509713998
{ recyclable of type P dropped into box....}
Box has ID: 569138567
--------------------------------------------------
separating paper......
process carried out at separation unit ID: 1509713998
{ recyclable of type P dropped into box....}
Box has ID: 569138567
--------------------------------------------------
separating paper......
process carried out at separation unit ID: 1509713998
{ recyclable of type P dropped into box....}
Box has ID: 569138567
--------------------------------------------------
separating paper......
process carried out at separation unit ID: 1509713998
{ recyclable of type P dropped into box....}
Box has ID: 569138567
--------------------------------------------------
separating paper......
process carried out at separation unit ID: 1509713998
{ recyclable of type P dropped into box....}
Box has ID: 569138567
--------------------------------------------------
separating paper......
process carried out at separation unit ID: 1509713998
{ recyclable of type P dropped into box....}
Box has ID: 569138567
--------------------------------------------------
separating paper......
process carried out at separation unit ID: 1509713998
{ recyclable of type P dropped into box....}
Box has ID: 569138567
--------------------------------------------------
separating paper......
process carried out at separation unit ID: 1509713998
{ recyclable of type P dropped into box....}
Box has ID: 569138567
--------------------------------------------------
separating paper......
process carried out at separation unit ID: 1509713998
{ recyclable of type P dropped into box....}
Box has ID: 569138567
--------------------------------------------------
separating paper......
process carried out at separation unit ID: 1509713998
{ recyclable of type P dropped into box....}
Box has ID: 569138567
--------------------------------------------------
separating paper......
process carried out at separation unit ID: 1509713998
{ recyclable of type P dropped into box....}
Box has ID: 569138567
--------------------------------------------------
separating paper......
process carried out at separation unit ID: 1509713998
{ recyclable of type P dropped into box....}
Box has ID: 569138567
--------------------------------------------------
separating paper......
process carried out at separation unit ID: 1509713998
{ recyclable of type P dropped into box....}
Box has ID: 569138567
--------------------------------------------------
separating paper......
process carried out at separation unit ID: 1509713998
{ recyclable of type P dropped into box....}
Box has ID: 569138567
--------------------------------------------------
separating paper......
process carried out at separation unit ID: 1509713998
{ recyclable of type P dropped into box....}
Box has ID: 569138567
--------------------------------------------------
separating paper......
process carried out at separation unit ID: 1509713998
{ recyclable of type P dropped into box....}
Box has ID: 569138567
--------------------------------------------------
separating paper......
process carried out at separation unit ID: 1509713998
{ recyclable of type P dropped into box....}
Box has ID: 569138567
--------------------------------------------------
separating paper......
process carried out at separation unit ID: 1509713998
{ recyclable of type P dropped into box....}
Box has ID: 569138567
--------------------------------------------------
separating paper......
process carried out at separation unit ID: 1509713998
{ recyclable of type P dropped into box....}
Box has ID: 569138567
--------------------------------------------------
separating paper......
process carried out at separation unit ID: 1509713998
{ recyclable of type P dropped into box....}
Box has ID: 569138567
--------------------------------------------------
separating paper......
process carried out at separation unit ID: 1509713998
{ recyclable of type P dropped into box....}
Box has ID: 569138567
--------------------------------------------------
separating paper......
process carried out at separation unit ID: 1509713998
{ recyclable of type P dropped into box....}
Box has ID: 569138567
--------------------------------------------------
separating paper......
process carried out at separation unit ID: 1509713998
{ recyclable of type P dropped into box....}
Box has ID: 569138567
--------------------------------------------------
separating paper......
process carried out at separation unit ID: 1509713998
{ recyclable of type P dropped into box....}
Box has ID: 569138567
--------------------------------------------------
separating paper......
process carried out at separation unit ID: 1509713998
{ recyclable of type P dropped into box....}
Box has ID: 569138567
--------------------------------------------------
separating paper......
process carried out at separation unit ID: 1509713998
{ recyclable of type P dropped into box....}
Box has ID: 569138567
--------------------------------------------------
separating paper......
process carried out at separation unit ID: 1509713998
{ recyclable of type P dropped into box....}
Box has ID: 569138567
--------------------------------------------------
separating paper......
process carried out at separation unit ID: 1509713998
{ recyclable of type P dropped into box....}
Box has ID: 569138567
--------------------------------------------------
separating paper......
process carried out at separation unit ID: 1509713998
{ recyclable of type P dropped into box....}
Box has ID: 569138567
--------------------------------------------------
separating paper......
process carried out at separation unit ID: 1509713998
{ recyclable of type P dropped into box....}
Box has ID: 569138567
--------------------------------------------------
separating paper......
process carried out at separation unit ID: 1509713998
{ recyclable of type P dropped into box....}
Box has ID: 569138567
--------------------------------------------------
separating paper......
process carried out at separation unit ID: 1509713998
{ recyclable of type P dropped into box....}
Box has ID: 569138567
--------------------------------------------------
separating paper......
process carried out at separation unit ID: 1509713998
{ recyclable of type P dropped into box....}
Box has ID: 569138567
--------------------------------------------------
separating paper......
process carried out at separation unit ID: 1509713998
{ recyclable of type P dropped into box....}
Box has ID: 569138567
--------------------------------------------------
separating paper......
process carried out at separation unit ID: 1509713998
{ recyclable of type P dropped into box....}
Box has ID: 569138567
--------------------------------------------------
separating paper......
process carried out at separation unit ID: 1509713998
{ recyclable of type P dropped into box....}
Box has ID: 569138567
--------------------------------------------------
separating paper......
process carried out at separation unit ID: 1509713998
{ recyclable of type P dropped into box....}
Box has ID: 569138567
--------------------------------------------------
separating paper......
process carried out at separation unit ID: 1509713998
{ recyclable of type P dropped into box....}
Box has ID: 569138567
--------------------------------------------------
separating paper......
process carried out at separation unit ID: 1509713998
{ recyclable of type P dropped into box....}
Box has ID: 569138567
--------------------------------------------------
separating paper......
process carried out at separation unit ID: 1509713998
{ recyclable of type P dropped into box....}
Box has ID: 569138567
--------------------------------------------------
separating paper......
process carried out at separation unit ID: 1509713998
{ recyclable of type P dropped into box....}
Box has ID: 569138567
--------------------------------------------------
separating paper......
process carried out at separation unit ID: 1509713998
{ recyclable of type P dropped into box....}
Box has ID: 569138567
--------------------------------------------------
separating paper......
process carried out at separation unit ID: 1509713998
{ recyclable of type P dropped into box....}
Box has ID: 569138567
--------------------------------------------------
separating paper......
process carried out at separation unit ID: 1509713998
{ recyclable of type P dropped into box....}
Box has ID: 569138567
--------------------------------------------------
separating paper......
process carried out at separation unit ID: 1509713998
{ recyclable of type P dropped into box....}
Box has ID: 569138567
--------------------------------------------------
separating paper......
process carried out at separation unit ID: 1509713998
{ recyclable of type P dropped into box....}
Box has ID: 569138567
--------------------------------------------------
separating paper......
process carried out at separation unit ID: 1509713998
{ recyclable of type P dropped into box....}
Box has ID: 569138567
--------------------------------------------------
separating paper......
process carried out at separation unit ID: 1509713998
{ recyclable of type P dropped into box....}
Box has ID: 569138567
--------------------------------------------------
separating paper......
process carried out at separation unit ID: 1509713998
{ recyclable of type P dropped into box....}
Box has ID: 569138567
--------------------------------------------------
separating paper......
process carried out at separation unit ID: 1509713998
{ recyclable of type P dropped into box....}
Box has ID: 569138567
--------------------------------------------------
separating paper......
process carried out at separation unit ID: 1509713998
{ recyclable of type P dropped into box....}
Box has ID: 569138567
--------------------------------------------------
separating paper......
process carried out at separation unit ID: 1509713998
{ recyclable of type P dropped into box....}
Box has ID: 569138567
--------------------------------------------------
separating paper......
process carried out at separation unit ID: 1509713998
{ recyclable of type P dropped into box....}
Box has ID: 569138567
--------------------------------------------------
separating paper......
process carried out at separation unit ID: 1509713998
{ recyclable of type P dropped into box....}
Box has ID: 569138567
--------------------------------------------------
separating paper......
process carried out at separation unit ID: 1509713998
{ recyclable of type P dropped into box....}
Box has ID: 569138567
--------------------------------------------------
separating paper......
process carried out at separation unit ID: 1509713998
{ recyclable of type P dropped into box....}
Box has ID: 569138567
--------------------------------------------------
separating paper......
process carried out at separation unit ID: 1509713998
{ recyclable of type P dropped into box....}
Box has ID: 569138567
--------------------------------------------------
separating paper......
process carried out at separation unit ID: 1509713998
{ recyclable of type P dropped into box....}
Box has ID: 569138567
--------------------------------------------------
separating paper......
process carried out at separation unit ID: 1509713998
{ recyclable of type P dropped into box....}
Box has ID: 569138567
--------------------------------------------------
separating paper......
process carried out at separation unit ID: 1509713998
{ recyclable of type P dropped into box....}
Box has ID: 569138567
--------------------------------------------------
separating paper......
process carried out at separation unit ID: 1509713998
{ recyclable of type P dropped into box....}
Box has ID: 569138567
--------------------------------------------------
separating paper......
process carried out at separation unit ID: 1509713998
{ recyclable of type P dropped into box....}
Box has ID: 569138567
--------------------------------------------------
separating paper......
process carried out at separation unit ID: 1509713998
{ recyclable of type P dropped into box....}
Box has ID: 569138567
--------------------------------------------------
separating paper......
process carried out at separation unit ID: 1509713998
{ recyclable of type P dropped into box....}
Box has ID: 569138567
--------------------------------------------------
separating paper......
process carried out at separation unit ID: 1509713998
{ recyclable of type P dropped into box....}
Box has ID: 569138567
--------------------------------------------------
separating paper......
process carried out at separation unit ID: 1509713998
{ recyclable of type P dropped into box....}
Box has ID: 569138567
--------------------------------------------------
separating paper......
process carried out at separation unit ID: 1509713998
{ recyclable of type P dropped into box....}
Box has ID: 569138567
--------------------------------------------------
separating paper......
process carried out at separation unit ID: 1509713998
{ recyclable of type P dropped into box....}
Box has ID: 569138567
--------------------------------------------------
separating paper......
process carried out at separation unit ID: 1509713998
{ recyclable of type P dropped into box....}
Box has ID: 569138567
--------------------------------------------------
separating paper......
process carried out at separation unit ID: 1509713998
{ recyclable of type P dropped into box....}
Box has ID: 569138567
--------------------------------------------------
separating paper......
process carried out at separation unit ID: 1509713998
{ recyclable of type P dropped into box....}
Box has ID: 569138567
--------------------------------------------------
separating paper......
process carried out at separation unit ID: 1509713998
{ recyclable of type P dropped into box....}
Box has ID: 569138567
--------------------------------------------------
separating paper......
process carried out at separation unit ID: 1509713998
{ recyclable of type P dropped into box....}
Box has ID: 569138567
--------------------------------------------------
separating paper......
process carried out at separation unit ID: 1509713998
{ recyclable of type P dropped into box....}
Box has ID: 569138567
--------------------------------------------------
separating paper......
process carried out at separation unit ID: 1509713998
{ recyclable of type P dropped into box....}
Box has ID: 569138567
--------------------------------------------------
separating paper......
process carried out at separation unit ID: 1509713998
{ recyclable of type P dropped into box....}
Box has ID: 569138567
--------------------------------------------------
separating paper......
process carried out at separation unit ID: 1509713998
{ recyclable of type P dropped into box....}
Box has ID: 569138567
--------------------------------------------------
separating paper......
process carried out at separation unit ID: 1509713998
{ recyclable of type P dropped into box....}
Box has ID: 569138567
--------------------------------------------------
separating paper......
process carried out at separation unit ID: 1509713998
{ recyclable of type P dropped into box....}
Box has ID: 569138567
--------------------------------------------------
separating paper......
process carried out at separation unit ID: 1509713998
{ recyclable of type P dropped into box....}
Box has ID: 569138567
--------------------------------------------------
separating paper......
process carried out at separation unit ID: 1509713998
{ recyclable of type P dropped into box....}
Box has ID: 569138567
--------------------------------------------------
separating paper......
process carried out at separation unit ID: 1509713998
{ recyclable of type P dropped into box....}
Box has ID: 569138567
--------------------------------------------------
separating paper......
process carried out at separation unit ID: 1509713998
{ recyclable of type P dropped into box....}
Box has ID: 569138567
--------------------------------------------------
separating paper......
process carried out at separation unit ID: 1509713998
{ recyclable of type P dropped into box....}
Box has ID: 569138567
--------------------------------------------------
separating paper......
process carried out at separation unit ID: 1509713998
{ recyclable of type P dropped into box....}
Box has ID: 569138567
--------------------------------------------------
separating paper......
process carried out at separation unit ID: 1509713998
{ recyclable of type P dropped into box....}
Box has ID: 569138567
--------------------------------------------------
separating paper......
process carried out at separation unit ID: 1509713998
{ recyclable of type P dropped into box....}
Box has ID: 569138567
--------------------------------------------------
separating paper......
process carried out at separation unit ID: 1509713998
{ recyclable of type P dropped into box....}
Box has ID: 569138567
--------------------------------------------------
separating paper......
process carried out at separation unit ID: 1509713998
{ recyclable of type P dropped into box....}
Box has ID: 569138567
--------------------------------------------------
separating paper......
process carried out at separation unit ID: 1509713998
{ recyclable of type P dropped into box....}
Box has ID: 569138567
--------------------------------------------------
separating paper......
process carried out at separation unit ID: 1509713998
{ recyclable of type P dropped into box....}
Box has ID: 569138567
--------------------------------------------------
separating paper......
process carried out at separation unit ID: 1509713998
{ recyclable of type P dropped into box....}
Box has ID: 569138567
--------------------------------------------------
separating paper......
process carried out at separation unit ID: 1509713998
{ recyclable of type P dropped into box....}
Box has ID: 569138567
--------------------------------------------------
separating paper......
process carried out at separation unit ID: 1509713998
{ recyclable of type P dropped into box....}
Box has ID: 569138567
--------------------------------------------------
separating paper......
process carried out at separation unit ID: 1509713998
{ recyclable of type P dropped into box....}
Box has ID: 569138567
--------------------------------------------------
separating paper......
process carried out at separation unit ID: 1509713998
{ recyclable of type P dropped into box....}
Box has ID: 569138567
--------------------------------------------------
separating paper......
process carried out at separation unit ID: 1509713998
{ recyclable of type P dropped into box....}
Box has ID: 569138567
--------------------------------------------------
separating paper......
process carried out at separation unit ID: 1509713998
{ recyclable of type P dropped into box....}
Box has ID: 569138567
--------------------------------------------------
separating paper......
process carried out at separation unit ID: 1509713998
{ recyclable of type P dropped into box....}
Box has ID: 569138567
--------------------------------------------------
separating paper......
process carried out at separation unit ID: 1509713998
{ recyclable of type P dropped into box....}
Box has ID: 569138567
--------------------------------------------------
separating paper......
process carried out at separation unit ID: 1509713998
{ recyclable of type P dropped into box....}
Box has ID: 569138567
--------------------------------------------------
separating paper......
process carried out at separation unit ID: 1509713998
{ recyclable of type P dropped into box....}
Box has ID: 569138567
--------------------------------------------------
separating paper......
process carried out at separation unit ID: 1509713998
{ recyclable of type P dropped into box....}
Box has ID: 569138567
--------------------------------------------------
separating paper......
process carried out at separation unit ID: 1509713998
{ recyclable of type P dropped into box....}
Box has ID: 569138567
--------------------------------------------------
separating paper......
process carried out at separation unit ID: 1509713998
{ recyclable of type P dropped into box....}
Box has ID: 569138567
--------------------------------------------------
separating paper......
process carried out at separation unit ID: 1509713998
{ recyclable of type P dropped into box....}
Box has ID: 569138567
--------------------------------------------------
separating paper......
process carried out at separation unit ID: 1509713998
{ recyclable of type P dropped into box....}
Box has ID: 569138567
--------------------------------------------------
separating paper......
process carried out at separation unit ID: 1509713998
{ recyclable of type P dropped into box....}
Box has ID: 569138567
--------------------------------------------------
separating paper......
process carried out at separation unit ID: 1509713998
{ recyclable of type P dropped into box....}
Box has ID: 569138567
--------------------------------------------------
separating paper......
process carried out at separation unit ID: 1509713998
{ recyclable of type P dropped into box....}
Box has ID: 569138567
--------------------------------------------------
separating paper......
process carried out at separation unit ID: 1509713998
{ recyclable of type P dropped into box....}
Box has ID: 569138567
--------------------------------------------------
separating paper......
process carried out at separation unit ID: 1509713998
{ recyclable of type P dropped into box....}
Box has ID: 569138567
--------------------------------------------------
separating paper......
process carried out at separation unit ID: 1509713998
{ recyclable of type P dropped into box....}
Box has ID: 569138567
--------------------------------------------------
separating paper......
process carried out at separation unit ID: 1509713998
{ recyclable of type P dropped into box....}
Box has ID: 569138567
--------------------------------------------------
separating paper......
process carried out at separation unit ID: 1509713998
{ recyclable of type P dropped into box....}
Box has ID: 569138567
--------------------------------------------------
separating paper......
process carried out at separation unit ID: 1509713998
{ recyclable of type P dropped into box....}
Box has ID: 569138567
--------------------------------------------------
separating paper......
process carried out at separation unit ID: 1509713998
{ recyclable of type P dropped into box....}
Box has ID: 569138567
--------------------------------------------------
separating paper......
process carried out at separation unit ID: 1509713998
{ recyclable of type P dropped into box....}
Box has ID: 569138567
--------------------------------------------------
separating paper......
process carried out at separation unit ID: 1509713998
{ recyclable of type P dropped into box....}
Box has ID: 569138567
--------------------------------------------------
separating paper......
process carried out at separation unit ID: 1509713998
{ recyclable of type P dropped into box....}
Box has ID: 569138567
--------------------------------------------------
separating paper......
process carried out at separation unit ID: 1509713998
{ recyclable of type P dropped into box....}
Box has ID: 569138567
--------------------------------------------------
separating paper......
process carried out at separation unit ID: 1509713998
{ recyclable of type P dropped into box....}
Box has ID: 569138567
--------------------------------------------------
separating paper......
process carried out at separation unit ID: 1509713998
{ recyclable of type P dropped into box....}
Box has ID: 569138567
--------------------------------------------------
separating paper......
process carried out at separation unit ID: 1509713998
{ recyclable of type P dropped into box....}
Box has ID: 569138567
--------------------------------------------------
separating paper......
process carried out at separation unit ID: 1509713998
{ recyclable of type P dropped into box....}
Box has ID: 569138567
--------------------------------------------------
separating paper......
process carried out at separation unit ID: 1509713998
{ recyclable of type P dropped into box....}
Box has ID: 569138567
--------------------------------------------------
separating paper......
process carried out at separation unit ID: 1509713998
{ recyclable of type P dropped into box....}
Box has ID: 569138567
--------------------------------------------------
separating paper......
process carried out at separation unit ID: 1509713998
{ recyclable of type P dropped into box....}
Box has ID: 569138567
--------------------------------------------------
separating paper......
process carried out at separation unit ID: 1509713998
{ recyclable of type P dropped into box....}
Box has ID: 569138567
--------------------------------------------------
separating paper......
process carried out at separation unit ID: 1509713998
{ recyclable of type P dropped into box....}
Box has ID: 569138567
--------------------------------------------------
separating paper......
process carried out at separation unit ID: 1509713998
{ recyclable of type P dropped into box....}
Box has ID: 569138567
--------------------------------------------------
separating paper......
process carried out at separation unit ID: 1509713998
{ recyclable of type P dropped into box....}
Box has ID: 569138567
--------------------------------------------------
separating paper......
process carried out at separation unit ID: 1509713998
{ recyclable of type P dropped into box....}
Box has ID: 569138567
--------------------------------------------------
separating paper......
process carried out at separation unit ID: 1509713998
{ recyclable of type P dropped into box....}
Box has ID: 569138567
--------------------------------------------------
separating paper......
process carried out at separation unit ID: 1509713998
{ recyclable of type P dropped into box....}
Box has ID: 569138567
--------------------------------------------------
separating paper......
process carried out at separation unit ID: 1509713998
{ recyclable of type P dropped into box....}
Box has ID: 569138567
--------------------------------------------------
separating paper......
process carried out at separation unit ID: 1509713998
{ recyclable of type P dropped into box....}
Box has ID: 569138567
--------------------------------------------------
separating paper......
process carried out at separation unit ID: 1509713998
{ recyclable of type P dropped into box....}
Box has ID: 569138567
--------------------------------------------------
separating paper......
process carried out at separation unit ID: 1509713998
{ recyclable of type P dropped into box....}
Box has ID: 569138567
--------------------------------------------------
separating paper......
process carried out at separation unit ID: 1509713998
{ recyclable of type P dropped into box....}
Box has ID: 569138567
--------------------------------------------------
separating paper......
process carried out at separation unit ID: 1509713998
{ recyclable of type P dropped into box....}
Box has ID: 569138567
--------------------------------------------------
separating paper......
process carried out at separation unit ID: 1509713998
{ recyclable of type P dropped into box....}
Box has ID: 569138567
--------------------------------------------------
separating paper......
process carried out at separation unit ID: 1509713998
{ recyclable of type P dropped into box....}
Box has ID: 569138567
--------------------------------------------------
separating paper......
process carried out at separation unit ID: 1509713998
{ recyclable of type P dropped into box....}
Box has ID: 569138567
--------------------------------------------------
separating paper......
process carried out at separation unit ID: 1509713998
{ recyclable of type P dropped into box....}
Box has ID: 569138567
--------------------------------------------------
separating paper......
process carried out at separation unit ID: 1509713998
{ recyclable of type P dropped into box....}
Box has ID: 569138567
--------------------------------------------------
separating paper......
process carried out at separation unit ID: 1509713998
{ recyclable of type P dropped into box....}
Box has ID: 569138567
--------------------------------------------------
separating paper......
process carried out at separation unit ID: 1509713998
{ recyclable of type P dropped into box....}
Box has ID: 569138567
--------------------------------------------------
separating paper......
process carried out at separation unit ID: 1509713998
{ recyclable of type P dropped into box....}
Box has ID: 569138567
--------------------------------------------------
separating paper......
process carried out at separation unit ID: 1509713998
{ recyclable of type P dropped into box....}
Box has ID: 569138567
--------------------------------------------------
separating paper......
process carried out at separation unit ID: 1509713998
{ recyclable of type P dropped into box....}
Box has ID: 569138567
--------------------------------------------------
separating paper......
process carried out at separation unit ID: 1509713998
{ recyclable of type P dropped into box....}
Box has ID: 569138567
--------------------------------------------------
separating paper......
process carried out at separation unit ID: 1509713998
{ recyclable of type P dropped into box....}
Box has ID: 569138567
--------------------------------------------------
separating paper......
process carried out at separation unit ID: 1509713998
{ recyclable of type P dropped into box....}
Box has ID: 569138567
--------------------------------------------------
separating paper......
process carried out at separation unit ID: 1509713998
{ recyclable of type P dropped into box....}
Box has ID: 569138567
--------------------------------------------------
separating paper......
process carried out at separation unit ID: 1509713998
{ recyclable of type P dropped into box....}
Box has ID: 569138567
--------------------------------------------------
separating paper......
process carried out at separation unit ID: 1509713998
{ recyclable of type P dropped into box....}
Box has ID: 569138567
--------------------------------------------------
separating paper......
process carried out at separation unit ID: 1509713998
{ recyclable of type P dropped into box....}
Box has ID: 569138567
--------------------------------------------------
separating paper......
process carried out at separation unit ID: 1509713998
{ recyclable of type P dropped into box....}
Box has ID: 569138567
--------------------------------------------------
separating paper......
process carried out at separation unit ID: 1509713998
{ recyclable of type P dropped into box....}
Box has ID: 569138567
--------------------------------------------------
separating paper......
process carried out at separation unit ID: 1509713998
{ recyclable of type P dropped into box....}
Box has ID: 569138567
--------------------------------------------------
separating paper......
process carried out at separation unit ID: 1509713998
{ recyclable of type P dropped into box....}
Box has ID: 569138567
--------------------------------------------------
separating paper......
process carried out at separation unit ID: 1509713998
{ recyclable of type P dropped into box....}
Box has ID: 569138567
--------------------------------------------------
separating paper......
process carried out at separation unit ID: 1509713998
{ recyclable of type P dropped into box....}
Box has ID: 569138567
--------------------------------------------------
separating paper......
process carried out at separation unit ID: 1509713998
{ recyclable of type P dropped into box....}
Box has ID: 569138567
--------------------------------------------------
separating paper......
process carried out at separation unit ID: 1509713998
{ recyclable of type P dropped into box....}
Box has ID: 569138567
--------------------------------------------------
separating paper......
process carried out at separation unit ID: 1509713998
{ recyclable of type P dropped into box....}
Box has ID: 569138567
--------------------------------------------------
separating paper......
process carried out at separation unit ID: 1509713998
{ recyclable of type P dropped into box....}
Box has ID: 569138567
--------------------------------------------------
separating paper......
process carried out at separation unit ID: 1509713998
{ recyclable of type P dropped into box....}
Box has ID: 569138567
--------------------------------------------------
-----------------------------------------------------------------------------------
-----------------------------------------------------------------------------------
ALARM !!!!!!! BOX with ID 569138567 is full.....
-----------------------------------------------------------------------------------
-----------------------------------------------------------------------------------
box capacity: 1000
worker replaced filled box with ID: 569138567 , with a new box with ID: 637091966 at process unit: 1509713998

separating paper......
process carried out at separation unit ID: 1509713998
{ recyclable of type P dropped into box....}
Box has ID: 637091966
--------------------------------------------------
separating paper......
process carried out at separation unit ID: 1509713998
{ recyclable of type P dropped into box....}
Box has ID: 637091966
--------------------------------------------------
separating paper......
process carried out at separation unit ID: 1509713998
{ recyclable of type P dropped into box....}
Box has ID: 637091966
--------------------------------------------------
separating paper......
process carried out at separation unit ID: 1509713998
{ recyclable of type P dropped into box....}
Box has ID: 637091966
--------------------------------------------------
separating paper......
process carried out at separation unit ID: 1509713998
{ recyclable of type P dropped into box....}
Box has ID: 637091966
--------------------------------------------------
separating paper......
process carried out at separation unit ID: 1509713998
{ recyclable of type P dropped into box....}
Box has ID: 637091966
--------------------------------------------------
separating paper......
process carried out at separation unit ID: 1509713998
{ recyclable of type P dropped into box....}
Box has ID: 637091966
--------------------------------------------------
separating paper......
process carried out at separation unit ID: 1509713998
{ recyclable of type P dropped into box....}
Box has ID: 637091966
--------------------------------------------------
separating paper......
process carried out at separation unit ID: 1509713998
{ recyclable of type P dropped into box....}
Box has ID: 637091966
--------------------------------------------------
separating paper......
process carried out at separation unit ID: 1509713998
{ recyclable of type P dropped into box....}
Box has ID: 637091966
--------------------------------------------------
separating paper......
process carried out at separation unit ID: 1509713998
{ recyclable of type P dropped into box....}
Box has ID: 637091966
--------------------------------------------------
separating paper......
process carried out at separation unit ID: 1509713998
{ recyclable of type P dropped into box....}
Box has ID: 637091966
--------------------------------------------------
separating paper......
process carried out at separation unit ID: 1509713998
{ recyclable of type P dropped into box....}
Box has ID: 637091966
--------------------------------------------------
separating paper......
process carried out at separation unit ID: 1509713998
{ recyclable of type P dropped into box....}
Box has ID: 637091966
--------------------------------------------------
separating paper......
process carried out at separation unit ID: 1509713998
{ recyclable of type P dropped into box....}
Box has ID: 637091966
--------------------------------------------------
separating paper......
process carried out at separation unit ID: 1509713998
{ recyclable of type P dropped into box....}
Box has ID: 637091966
--------------------------------------------------
separating paper......
process carried out at separation unit ID: 1509713998
{ recyclable of type P dropped into box....}
Box has ID: 637091966
--------------------------------------------------
separating paper......
process carried out at separation unit ID: 1509713998
{ recyclable of type P dropped into box....}
Box has ID: 637091966
--------------------------------------------------
separating paper......
process carried out at separation unit ID: 1509713998
{ recyclable of type P dropped into box....}
Box has ID: 637091966
--------------------------------------------------
separating paper......
process carried out at separation unit ID: 1509713998
{ recyclable of type P dropped into box....}
Box has ID: 637091966
--------------------------------------------------
separating paper......
process carried out at separation unit ID: 1509713998
{ recyclable of type P dropped into box....}
Box has ID: 637091966
--------------------------------------------------
separating paper......
process carried out at separation unit ID: 1509713998
{ recyclable of type P dropped into box....}
Box has ID: 637091966
--------------------------------------------------
separating paper......
process carried out at separation unit ID: 1509713998
{ recyclable of type P dropped into box....}
Box has ID: 637091966
--------------------------------------------------
separating paper......
process carried out at separation unit ID: 1509713998
{ recyclable of type P dropped into box....}
Box has ID: 637091966
--------------------------------------------------
separating paper......
process carried out at separation unit ID: 1509713998
{ recyclable of type P dropped into box....}
Box has ID: 637091966
--------------------------------------------------
separating paper......
process carried out at separation unit ID: 1509713998
{ recyclable of type P dropped into box....}
Box has ID: 637091966
--------------------------------------------------
separating paper......
process carried out at separation unit ID: 1509713998
{ recyclable of type P dropped into box....}
Box has ID: 637091966
--------------------------------------------------
separating paper......
process carried out at separation unit ID: 1509713998
{ recyclable of type P dropped into box....}
Box has ID: 637091966
--------------------------------------------------
separating paper......
process carried out at separation unit ID: 1509713998
{ recyclable of type P dropped into box....}
Box has ID: 637091966
--------------------------------------------------
separating paper......
process carried out at separation unit ID: 1509713998
{ recyclable of type P dropped into box....}
Box has ID: 637091966
--------------------------------------------------
separating paper......
process carried out at separation unit ID: 1509713998
{ recyclable of type P dropped into box....}
Box has ID: 637091966
--------------------------------------------------
separating paper......
process carried out at separation unit ID: 1509713998
{ recyclable of type P dropped into box....}
Box has ID: 637091966
--------------------------------------------------
separating paper......
process carried out at separation unit ID: 1509713998
{ recyclable of type P dropped into box....}
Box has ID: 637091966
--------------------------------------------------
separating paper......
process carried out at separation unit ID: 1509713998
{ recyclable of type P dropped into box....}
Box has ID: 637091966
--------------------------------------------------
separating paper......
process carried out at separation unit ID: 1509713998
{ recyclable of type P dropped into box....}
Box has ID: 637091966
--------------------------------------------------
separating paper......
process carried out at separation unit ID: 1509713998
{ recyclable of type P dropped into box....}
Box has ID: 637091966
--------------------------------------------------
separating paper......
process carried out at separation unit ID: 1509713998
{ recyclable of type P dropped into box....}
Box has ID: 637091966
--------------------------------------------------
separating paper......
process carried out at separation unit ID: 1509713998
{ recyclable of type P dropped into box....}
Box has ID: 637091966
--------------------------------------------------
separating paper......
process carried out at separation unit ID: 1509713998
{ recyclable of type P dropped into box....}
Box has ID: 637091966
--------------------------------------------------
separating paper......
process carried out at separation unit ID: 1509713998
{ recyclable of type P dropped into box....}
Box has ID: 637091966
--------------------------------------------------
separating paper......
process carried out at separation unit ID: 1509713998
{ recyclable of type P dropped into box....}
Box has ID: 637091966
--------------------------------------------------
separating paper......
process carried out at separation unit ID: 1509713998
{ recyclable of type P dropped into box....}
Box has ID: 637091966
--------------------------------------------------
separating paper......
process carried out at separation unit ID: 1509713998
{ recyclable of type P dropped into box....}
Box has ID: 637091966
--------------------------------------------------
separating paper......
process carried out at separation unit ID: 1509713998
{ recyclable of type P dropped into box....}
Box has ID: 637091966
--------------------------------------------------
separating paper......
process carried out at separation unit ID: 1509713998
{ recyclable of type P dropped into box....}
Box has ID: 637091966
--------------------------------------------------
separating paper......
process carried out at separation unit ID: 1509713998
{ recyclable of type P dropped into box....}
Box has ID: 637091966
--------------------------------------------------
separating paper......
process carried out at separation unit ID: 1509713998
{ recyclable of type P dropped into box....}
Box has ID: 637091966
--------------------------------------------------
separating paper......
process carried out at separation unit ID: 1509713998
{ recyclable of type P dropped into box....}
Box has ID: 637091966
--------------------------------------------------
separating paper......
process carried out at separation unit ID: 1509713998
{ recyclable of type P dropped into box....}
Box has ID: 637091966
--------------------------------------------------
separating paper......
process carried out at separation unit ID: 1509713998
{ recyclable of type P dropped into box....}
Box has ID: 637091966
--------------------------------------------------
separating paper......
process carried out at separation unit ID: 1509713998
{ recyclable of type P dropped into box....}
Box has ID: 637091966
--------------------------------------------------
separating paper......
process carried out at separation unit ID: 1509713998
{ recyclable of type P dropped into box....}
Box has ID: 637091966
--------------------------------------------------
separating paper......
process carried out at separation unit ID: 1509713998
{ recyclable of type P dropped into box....}
Box has ID: 637091966
--------------------------------------------------
separating paper......
process carried out at separation unit ID: 1509713998
{ recyclable of type P dropped into box....}
Box has ID: 637091966
--------------------------------------------------
separating paper......
process carried out at separation unit ID: 1509713998
{ recyclable of type P dropped into box....}
Box has ID: 637091966
--------------------------------------------------
separating paper......
process carried out at separation unit ID: 1509713998
{ recyclable of type P dropped into box....}
Box has ID: 637091966
--------------------------------------------------
separating paper......
process carried out at separation unit ID: 1509713998
{ recyclable of type P dropped into box....}
Box has ID: 637091966
--------------------------------------------------
separating paper......
process carried out at separation unit ID: 1509713998
{ recyclable of type P dropped into box....}
Box has ID: 637091966
--------------------------------------------------
separating paper......
process carried out at separation unit ID: 1509713998
{ recyclable of type P dropped into box....}
Box has ID: 637091966
--------------------------------------------------
separating paper......
process carried out at separation unit ID: 1509713998
{ recyclable of type P dropped into box....}
Box has ID: 637091966
--------------------------------------------------
separating paper......
process carried out at separation unit ID: 1509713998
{ recyclable of type P dropped into box....}
Box has ID: 637091966
--------------------------------------------------
separating paper......
process carried out at separation unit ID: 1509713998
{ recyclable of type P dropped into box....}
Box has ID: 637091966
--------------------------------------------------
separating paper......
process carried out at separation unit ID: 1509713998
{ recyclable of type P dropped into box....}
Box has ID: 637091966
--------------------------------------------------
separating paper......
process carried out at separation unit ID: 1509713998
{ recyclable of type P dropped into box....}
Box has ID: 637091966
--------------------------------------------------
separating paper......
process carried out at separation unit ID: 1509713998
{ recyclable of type P dropped into box....}
Box has ID: 637091966
--------------------------------------------------
separating paper......
process carried out at separation unit ID: 1509713998
{ recyclable of type P dropped into box....}
Box has ID: 637091966
--------------------------------------------------
separating paper......
process carried out at separation unit ID: 1509713998
{ recyclable of type P dropped into box....}
Box has ID: 637091966
--------------------------------------------------
separating paper......
process carried out at separation unit ID: 1509713998
{ recyclable of type P dropped into box....}
Box has ID: 637091966
--------------------------------------------------
separating paper......
process carried out at separation unit ID: 1509713998
{ recyclable of type P dropped into box....}
Box has ID: 637091966
--------------------------------------------------
separating paper......
process carried out at separation unit ID: 1509713998
{ recyclable of type P dropped into box....}
Box has ID: 637091966
--------------------------------------------------
separating paper......
process carried out at separation unit ID: 1509713998
{ recyclable of type P dropped into box....}
Box has ID: 637091966
--------------------------------------------------
separating paper......
process carried out at separation unit ID: 1509713998
{ recyclable of type P dropped into box....}
Box has ID: 637091966
--------------------------------------------------
separating paper......
process carried out at separation unit ID: 1509713998
{ recyclable of type P dropped into box....}
Box has ID: 637091966
--------------------------------------------------
separating paper......
process carried out at separation unit ID: 1509713998
{ recyclable of type P dropped into box....}
Box has ID: 637091966
--------------------------------------------------
separating paper......
process carried out at separation unit ID: 1509713998
{ recyclable of type P dropped into box....}
Box has ID: 637091966
--------------------------------------------------
separating paper......
process carried out at separation unit ID: 1509713998
{ recyclable of type P dropped into box....}
Box has ID: 637091966
--------------------------------------------------
separating paper......
process carried out at separation unit ID: 1509713998
{ recyclable of type P dropped into box....}
Box has ID: 637091966
--------------------------------------------------
separating paper......
process carried out at separation unit ID: 1509713998
{ recyclable of type P dropped into box....}
Box has ID: 637091966
--------------------------------------------------
separating paper......
process carried out at separation unit ID: 1509713998
{ recyclable of type P dropped into box....}
Box has ID: 637091966
--------------------------------------------------
separating paper......
process carried out at separation unit ID: 1509713998
{ recyclable of type P dropped into box....}
Box has ID: 637091966
--------------------------------------------------
separating paper......
process carried out at separation unit ID: 1509713998
{ recyclable of type P dropped into box....}
Box has ID: 637091966
--------------------------------------------------
separating paper......
process carried out at separation unit ID: 1509713998
{ recyclable of type P dropped into box....}
Box has ID: 637091966
--------------------------------------------------
separating paper......
process carried out at separation unit ID: 1509713998
{ recyclable of type P dropped into box....}
Box has ID: 637091966
--------------------------------------------------
separating paper......
process carried out at separation unit ID: 1509713998
{ recyclable of type P dropped into box....}
Box has ID: 637091966
--------------------------------------------------
separating paper......
process carried out at separation unit ID: 1509713998
{ recyclable of type P dropped into box....}
Box has ID: 637091966
--------------------------------------------------
separating paper......
process carried out at separation unit ID: 1509713998
{ recyclable of type P dropped into box....}
Box has ID: 637091966
--------------------------------------------------
separating paper......
process carried out at separation unit ID: 1509713998
{ recyclable of type P dropped into box....}
Box has ID: 637091966
--------------------------------------------------
separating paper......
process carried out at separation unit ID: 1509713998
{ recyclable of type P dropped into box....}
Box has ID: 637091966
--------------------------------------------------
separating paper......
process carried out at separation unit ID: 1509713998
{ recyclable of type P dropped into box....}
Box has ID: 637091966
--------------------------------------------------
separating paper......
process carried out at separation unit ID: 1509713998
{ recyclable of type P dropped into box....}
Box has ID: 637091966
--------------------------------------------------
separating paper......
process carried out at separation unit ID: 1509713998
{ recyclable of type P dropped into box....}
Box has ID: 637091966
--------------------------------------------------
separating paper......
process carried out at separation unit ID: 1509713998
{ recyclable of type P dropped into box....}
Box has ID: 637091966
--------------------------------------------------
separating paper......
process carried out at separation unit ID: 1509713998
{ recyclable of type P dropped into box....}
Box has ID: 637091966
--------------------------------------------------
separating paper......
process carried out at separation unit ID: 1509713998
{ recyclable of type P dropped into box....}
Box has ID: 637091966
--------------------------------------------------
separating paper......
process carried out at separation unit ID: 1509713998
{ recyclable of type P dropped into box....}
Box has ID: 637091966
--------------------------------------------------
separating paper......
process carried out at separation unit ID: 1509713998
{ recyclable of type P dropped into box....}
Box has ID: 637091966
--------------------------------------------------
separating paper......
process carried out at separation unit ID: 1509713998
{ recyclable of type P dropped into box....}
Box has ID: 637091966
--------------------------------------------------
separating paper......
process carried out at separation unit ID: 1509713998
{ recyclable of type P dropped into box....}
Box has ID: 637091966
--------------------------------------------------
separating paper......
process carried out at separation unit ID: 1509713998
{ recyclable of type P dropped into box....}
Box has ID: 637091966
--------------------------------------------------
separating paper......
process carried out at separation unit ID: 1509713998
{ recyclable of type P dropped into box....}
Box has ID: 637091966
--------------------------------------------------
separating paper......
process carried out at separation unit ID: 1509713998
{ recyclable of type P dropped into box....}
Box has ID: 637091966
--------------------------------------------------
separating paper......
process carried out at separation unit ID: 1509713998
{ recyclable of type P dropped into box....}
Box has ID: 637091966
--------------------------------------------------
separating paper......
process carried out at separation unit ID: 1509713998
{ recyclable of type P dropped into box....}
Box has ID: 637091966
--------------------------------------------------
separating paper......
process carried out at separation unit ID: 1509713998
{ recyclable of type P dropped into box....}
Box has ID: 637091966
--------------------------------------------------
separating paper......
process carried out at separation unit ID: 1509713998
{ recyclable of type P dropped into box....}
Box has ID: 637091966
--------------------------------------------------
separating paper......
process carried out at separation unit ID: 1509713998
{ recyclable of type P dropped into box....}
Box has ID: 637091966
--------------------------------------------------
separating paper......
process carried out at separation unit ID: 1509713998
{ recyclable of type P dropped into box....}
Box has ID: 637091966
--------------------------------------------------
separating paper......
process carried out at separation unit ID: 1509713998
{ recyclable of type P dropped into box....}
Box has ID: 637091966
--------------------------------------------------
separating paper......
process carried out at separation unit ID: 1509713998
{ recyclable of type P dropped into box....}
Box has ID: 637091966
--------------------------------------------------
separating paper......
process carried out at separation unit ID: 1509713998
{ recyclable of type P dropped into box....}
Box has ID: 637091966
--------------------------------------------------
separating paper......
process carried out at separation unit ID: 1509713998
{ recyclable of type P dropped into box....}
Box has ID: 637091966
--------------------------------------------------
separating paper......
process carried out at separation unit ID: 1509713998
{ recyclable of type P dropped into box....}
Box has ID: 637091966
--------------------------------------------------
separating paper......
process carried out at separation unit ID: 1509713998
{ recyclable of type P dropped into box....}
Box has ID: 637091966
--------------------------------------------------
separating paper......
process carried out at separation unit ID: 1509713998
{ recyclable of type P dropped into box....}
Box has ID: 637091966
--------------------------------------------------
separating paper......
process carried out at separation unit ID: 1509713998
{ recyclable of type P dropped into box....}
Box has ID: 637091966
--------------------------------------------------
separating paper......
process carried out at separation unit ID: 1509713998
{ recyclable of type P dropped into box....}
Box has ID: 637091966
--------------------------------------------------
separating paper......
process carried out at separation unit ID: 1509713998
{ recyclable of type P dropped into box....}
Box has ID: 637091966
--------------------------------------------------
separating paper......
process carried out at separation unit ID: 1509713998
{ recyclable of type P dropped into box....}
Box has ID: 637091966
--------------------------------------------------
separating paper......
process carried out at separation unit ID: 1509713998
{ recyclable of type P dropped into box....}
Box has ID: 637091966
--------------------------------------------------
separating paper......
process carried out at separation unit ID: 1509713998
{ recyclable of type P dropped into box....}
Box has ID: 637091966
--------------------------------------------------
separating paper......
process carried out at separation unit ID: 1509713998
{ recyclable of type P dropped into box....}
Box has ID: 637091966
--------------------------------------------------
separating paper......
process carried out at separation unit ID: 1509713998
{ recyclable of type P dropped into box....}
Box has ID: 637091966
--------------------------------------------------
separating paper......
process carried out at separation unit ID: 1509713998
{ recyclable of type P dropped into box....}
Box has ID: 637091966
--------------------------------------------------
separating paper......
process carried out at separation unit ID: 1509713998
{ recyclable of type P dropped into box....}
Box has ID: 637091966
--------------------------------------------------
separating paper......
process carried out at separation unit ID: 1509713998
{ recyclable of type P dropped into box....}
Box has ID: 637091966
--------------------------------------------------
separating paper......
process carried out at separation unit ID: 1509713998
{ recyclable of type P dropped into box....}
Box has ID: 637091966
--------------------------------------------------
separating paper......
process carried out at separation unit ID: 1509713998
{ recyclable of type P dropped into box....}
Box has ID: 637091966
--------------------------------------------------
separating paper......
process carried out at separation unit ID: 1509713998
{ recyclable of type P dropped into box....}
Box has ID: 637091966
--------------------------------------------------
separating paper......
process carried out at separation unit ID: 1509713998
{ recyclable of type P dropped into box....}
Box has ID: 637091966
--------------------------------------------------
separating paper......
process carried out at separation unit ID: 1509713998
{ recyclable of type P dropped into box....}
Box has ID: 637091966
--------------------------------------------------
separating paper......
process carried out at separation unit ID: 1509713998
{ recyclable of type P dropped into box....}
Box has ID: 637091966
--------------------------------------------------
separating paper......
process carried out at separation unit ID: 1509713998
{ recyclable of type P dropped into box....}
Box has ID: 637091966
--------------------------------------------------
separating paper......
process carried out at separation unit ID: 1509713998
{ recyclable of type P dropped into box....}
Box has ID: 637091966
--------------------------------------------------
separating paper......
process carried out at separation unit ID: 1509713998
{ recyclable of type P dropped into box....}
Box has ID: 637091966
--------------------------------------------------
separating paper......
process carried out at separation unit ID: 1509713998
{ recyclable of type P dropped into box....}
Box has ID: 637091966
--------------------------------------------------
separating paper......
process carried out at separation unit ID: 1509713998
{ recyclable of type P dropped into box....}
Box has ID: 637091966
--------------------------------------------------
separating paper......
process carried out at separation unit ID: 1509713998
{ recyclable of type P dropped into box....}
Box has ID: 637091966
--------------------------------------------------
separating paper......
process carried out at separation unit ID: 1509713998
{ recyclable of type P dropped into box....}
Box has ID: 637091966
--------------------------------------------------
separating paper......
process carried out at separation unit ID: 1509713998
{ recyclable of type P dropped into box....}
Box has ID: 637091966
--------------------------------------------------
separating paper......
process carried out at separation unit ID: 1509713998
{ recyclable of type P dropped into box....}
Box has ID: 637091966
--------------------------------------------------
separating paper......
process carried out at separation unit ID: 1509713998
{ recyclable of type P dropped into box....}
Box has ID: 637091966
--------------------------------------------------
separating paper......
process carried out at separation unit ID: 1509713998
{ recyclable of type P dropped into box....}
Box has ID: 637091966
--------------------------------------------------
separating paper......
process carried out at separation unit ID: 1509713998
{ recyclable of type P dropped into box....}
Box has ID: 637091966
--------------------------------------------------
separating paper......
process carried out at separation unit ID: 1509713998
{ recyclable of type P dropped into box....}
Box has ID: 637091966
--------------------------------------------------
separating paper......
process carried out at separation unit ID: 1509713998
{ recyclable of type P dropped into box....}
Box has ID: 637091966
--------------------------------------------------
separating paper......
process carried out at separation unit ID: 1509713998
{ recyclable of type P dropped into box....}
Box has ID: 637091966
--------------------------------------------------
separating paper......
process carried out at separation unit ID: 1509713998
{ recyclable of type P dropped into box....}
Box has ID: 637091966
--------------------------------------------------
separating paper......
process carried out at separation unit ID: 1509713998
{ recyclable of type P dropped into box....}
Box has ID: 637091966
--------------------------------------------------
separating paper......
process carried out at separation unit ID: 1509713998
{ recyclable of type P dropped into box....}
Box has ID: 637091966
--------------------------------------------------
separating paper......
process carried out at separation unit ID: 1509713998
{ recyclable of type P dropped into box....}
Box has ID: 637091966
--------------------------------------------------
separating paper......
process carried out at separation unit ID: 1509713998
{ recyclable of type P dropped into box....}
Box has ID: 637091966
--------------------------------------------------
separating paper......
process carried out at separation unit ID: 1509713998
{ recyclable of type P dropped into box....}
Box has ID: 637091966
--------------------------------------------------
separating paper......
process carried out at separation unit ID: 1509713998
{ recyclable of type P dropped into box....}
Box has ID: 637091966
--------------------------------------------------
separating paper......
process carried out at separation unit ID: 1509713998
{ recyclable of type P dropped into box....}
Box has ID: 637091966
--------------------------------------------------
separating paper......
process carried out at separation unit ID: 1509713998
{ recyclable of type P dropped into box....}
Box has ID: 637091966
--------------------------------------------------
separating paper......
process carried out at separation unit ID: 1509713998
{ recyclable of type P dropped into box....}
Box has ID: 637091966
--------------------------------------------------
separating paper......
process carried out at separation unit ID: 1509713998
{ recyclable of type P dropped into box....}
Box has ID: 637091966
--------------------------------------------------
separating paper......
process carried out at separation unit ID: 1509713998
{ recyclable of type P dropped into box....}
Box has ID: 637091966
--------------------------------------------------
separating paper......
process carried out at separation unit ID: 1509713998
{ recyclable of type P dropped into box....}
Box has ID: 637091966
--------------------------------------------------
separating paper......
process carried out at separation unit ID: 1509713998
{ recyclable of type P dropped into box....}
Box has ID: 637091966
--------------------------------------------------
separating paper......
process carried out at separation unit ID: 1509713998
{ recyclable of type P dropped into box....}
Box has ID: 637091966
--------------------------------------------------
separating paper......
process carried out at separation unit ID: 1509713998
{ recyclable of type P dropped into box....}
Box has ID: 637091966
--------------------------------------------------
separating paper......
process carried out at separation unit ID: 1509713998
{ recyclable of type P dropped into box....}
Box has ID: 637091966
--------------------------------------------------
separating paper......
process carried out at separation unit ID: 1509713998
{ recyclable of type P dropped into box....}
Box has ID: 637091966
--------------------------------------------------
separating paper......
process carried out at separation unit ID: 1509713998
{ recyclable of type P dropped into box....}
Box has ID: 637091966
--------------------------------------------------
separating paper......
process carried out at separation unit ID: 1509713998
{ recyclable of type P dropped into box....}
Box has ID: 637091966
--------------------------------------------------
separating paper......
process carried out at separation unit ID: 1509713998
{ recyclable of type P dropped into box....}
Box has ID: 637091966
--------------------------------------------------
separating paper......
process carried out at separation unit ID: 1509713998
{ recyclable of type P dropped into box....}
Box has ID: 637091966
--------------------------------------------------
separating paper......
process carried out at separation unit ID: 1509713998
{ recyclable of type P dropped into box....}
Box has ID: 637091966
--------------------------------------------------
separating paper......
process carried out at separation unit ID: 1509713998
{ recyclable of type P dropped into box....}
Box has ID: 637091966
--------------------------------------------------
separating paper......
process carried out at separation unit ID: 1509713998
{ recyclable of type P dropped into box....}
Box has ID: 637091966
--------------------------------------------------
separating paper......
process carried out at separation unit ID: 1509713998
{ recyclable of type P dropped into box....}
Box has ID: 637091966
--------------------------------------------------
separating paper......
process carried out at separation unit ID: 1509713998
{ recyclable of type P dropped into box....}
Box has ID: 637091966
--------------------------------------------------
separating paper......
process carried out at separation unit ID: 1509713998
{ recyclable of type P dropped into box....}
Box has ID: 637091966
--------------------------------------------------
separating paper......
process carried out at separation unit ID: 1509713998
{ recyclable of type P dropped into box....}
Box has ID: 637091966
--------------------------------------------------
separating paper......
process carried out at separation unit ID: 1509713998
{ recyclable of type P dropped into box....}
Box has ID: 637091966
--------------------------------------------------
separating paper......
process carried out at separation unit ID: 1509713998
{ recyclable of type P dropped into box....}
Box has ID: 637091966
--------------------------------------------------
separating paper......
process carried out at separation unit ID: 1509713998
{ recyclable of type P dropped into box....}
Box has ID: 637091966
--------------------------------------------------
separating paper......
process carried out at separation unit ID: 1509713998
{ recyclable of type P dropped into box....}
Box has ID: 637091966
--------------------------------------------------
separating paper......
process carried out at separation unit ID: 1509713998
{ recyclable of type P dropped into box....}
Box has ID: 637091966
--------------------------------------------------
separating paper......
process carried out at separation unit ID: 1509713998
{ recyclable of type P dropped into box....}
Box has ID: 637091966
--------------------------------------------------
separating paper......
process carried out at separation unit ID: 1509713998
{ recyclable of type P dropped into box....}
Box has ID: 637091966
--------------------------------------------------
separating paper......
process carried out at separation unit ID: 1509713998
{ recyclable of type P dropped into box....}
Box has ID: 637091966
--------------------------------------------------
separating paper......
process carried out at separation unit ID: 1509713998
{ recyclable of type P dropped into box....}
Box has ID: 637091966
--------------------------------------------------
separating paper......
process carried out at separation unit ID: 1509713998
{ recyclable of type P dropped into box....}
Box has ID: 637091966
--------------------------------------------------
separating paper......
process carried out at separation unit ID: 1509713998
{ recyclable of type P dropped into box....}
Box has ID: 637091966
--------------------------------------------------
separating paper......
process carried out at separation unit ID: 1509713998
{ recyclable of type P dropped into box....}
Box has ID: 637091966
--------------------------------------------------
separating paper......
process carried out at separation unit ID: 1509713998
{ recyclable of type P dropped into box....}
Box has ID: 637091966
--------------------------------------------------
separating paper......
process carried out at separation unit ID: 1509713998
{ recyclable of type P dropped into box....}
Box has ID: 637091966
--------------------------------------------------
separating paper......
process carried out at separation unit ID: 1509713998
{ recyclable of type P dropped into box....}
Box has ID: 637091966
--------------------------------------------------
separating paper......
process carried out at separation unit ID: 1509713998
{ recyclable of type P dropped into box....}
Box has ID: 637091966
--------------------------------------------------
separating paper......
process carried out at separation unit ID: 1509713998
{ recyclable of type P dropped into box....}
Box has ID: 637091966
--------------------------------------------------
separating paper......
process carried out at separation unit ID: 1509713998
{ recyclable of type P dropped into box....}
Box has ID: 637091966
--------------------------------------------------
separating paper......
process carried out at separation unit ID: 1509713998
{ recyclable of type P dropped into box....}
Box has ID: 637091966
--------------------------------------------------
separating paper......
process carried out at separation unit ID: 1509713998
{ recyclable of type P dropped into box....}
Box has ID: 637091966
--------------------------------------------------
separating paper......
process carried out at separation unit ID: 1509713998
{ recyclable of type P dropped into box....}
Box has ID: 637091966
--------------------------------------------------
separating paper......
process carried out at separation unit ID: 1509713998
{ recyclable of type P dropped into box....}
Box has ID: 637091966
--------------------------------------------------
separating paper......
process carried out at separation unit ID: 1509713998
{ recyclable of type P dropped into box....}
Box has ID: 637091966
--------------------------------------------------
separating paper......
process carried out at separation unit ID: 1509713998
{ recyclable of type P dropped into box....}
Box has ID: 637091966
--------------------------------------------------
separating paper......
process carried out at separation unit ID: 1509713998
{ recyclable of type P dropped into box....}
Box has ID: 637091966
--------------------------------------------------
separating paper......
process carried out at separation unit ID: 1509713998
{ recyclable of type P dropped into box....}
Box has ID: 637091966
--------------------------------------------------
separating paper......
process carried out at separation unit ID: 1509713998
{ recyclable of type P dropped into box....}
Box has ID: 637091966
--------------------------------------------------
separating paper......
process carried out at separation unit ID: 1509713998
{ recyclable of type P dropped into box....}
Box has ID: 637091966
--------------------------------------------------
separating paper......
process carried out at separation unit ID: 1509713998
{ recyclable of type P dropped into box....}
Box has ID: 637091966
--------------------------------------------------
separating paper......
process carried out at separation unit ID: 1509713998
{ recyclable of type P dropped into box....}
Box has ID: 637091966
--------------------------------------------------
separating paper......
process carried out at separation unit ID: 1509713998
{ recyclable of type P dropped into box....}
Box has ID: 637091966
--------------------------------------------------
separating paper......
process carried out at separation unit ID: 1509713998
{ recyclable of type P dropped into box....}
Box has ID: 637091966
--------------------------------------------------
separating paper......
process carried out at separation unit ID: 1509713998
{ recyclable of type P dropped into box....}
Box has ID: 637091966
--------------------------------------------------
separating paper......
process carried out at separation unit ID: 1509713998
{ recyclable of type P dropped into box....}
Box has ID: 637091966
--------------------------------------------------
separating paper......
process carried out at separation unit ID: 1509713998
{ recyclable of type P dropped into box....}
Box has ID: 637091966
--------------------------------------------------
separating paper......
process carried out at separation unit ID: 1509713998
{ recyclable of type P dropped into box....}
Box has ID: 637091966
--------------------------------------------------
separating paper......
process carried out at separation unit ID: 1509713998
{ recyclable of type P dropped into box....}
Box has ID: 637091966
--------------------------------------------------
separating paper......
process carried out at separation unit ID: 1509713998
{ recyclable of type P dropped into box....}
Box has ID: 637091966
--------------------------------------------------
separating paper......
process carried out at separation unit ID: 1509713998
{ recyclable of type P dropped into box....}
Box has ID: 637091966
--------------------------------------------------
separating paper......
process carried out at separation unit ID: 1509713998
{ recyclable of type P dropped into box....}
Box has ID: 637091966
--------------------------------------------------
separating paper......
process carried out at separation unit ID: 1509713998
{ recyclable of type P dropped into box....}
Box has ID: 637091966
--------------------------------------------------
separating paper......
process carried out at separation unit ID: 1509713998
{ recyclable of type P dropped into box....}
Box has ID: 637091966
--------------------------------------------------
separating paper......
process carried out at separation unit ID: 1509713998
{ recyclable of type P dropped into box....}
Box has ID: 637091966
--------------------------------------------------
separating paper......
process carried out at separation unit ID: 1509713998
{ recyclable of type P dropped into box....}
Box has ID: 637091966
--------------------------------------------------
separating paper......
process carried out at separation unit ID: 1509713998
{ recyclable of type P dropped into box....}
Box has ID: 637091966
--------------------------------------------------
separating paper......
process carried out at separation unit ID: 1509713998
{ recyclable of type P dropped into box....}
Box has ID: 637091966
--------------------------------------------------
separating paper......
process carried out at separation unit ID: 1509713998
{ recyclable of type P dropped into box....}
Box has ID: 637091966
--------------------------------------------------
separating paper......
process carried out at separation unit ID: 1509713998
{ recyclable of type P dropped into box....}
Box has ID: 637091966
--------------------------------------------------
separating paper......
process carried out at separation unit ID: 1509713998
{ recyclable of type P dropped into box....}
Box has ID: 637091966
--------------------------------------------------
separating paper......
process carried out at separation unit ID: 1509713998
{ recyclable of type P dropped into box....}
Box has ID: 637091966
--------------------------------------------------
separating paper......
process carried out at separation unit ID: 1509713998
{ recyclable of type P dropped into box....}
Box has ID: 637091966
--------------------------------------------------
separating paper......
process carried out at separation unit ID: 1509713998
{ recyclable of type P dropped into box....}
Box has ID: 637091966
--------------------------------------------------
separating paper......
process carried out at separation unit ID: 1509713998
{ recyclable of type P dropped into box....}
Box has ID: 637091966
--------------------------------------------------
separating paper......
process carried out at separation unit ID: 1509713998
{ recyclable of type P dropped into box....}
Box has ID: 637091966
--------------------------------------------------
separating paper......
process carried out at separation unit ID: 1509713998
{ recyclable of type P dropped into box....}
Box has ID: 637091966
--------------------------------------------------
separating paper......
process carried out at separation unit ID: 1509713998
{ recyclable of type P dropped into box....}
Box has ID: 637091966
--------------------------------------------------
separating paper......
process carried out at separation unit ID: 1509713998
{ recyclable of type P dropped into box....}
Box has ID: 637091966
--------------------------------------------------
separating paper......
process carried out at separation unit ID: 1509713998
{ recyclable of type P dropped into box....}
Box has ID: 637091966
--------------------------------------------------
separating paper......
process carried out at separation unit ID: 1509713998
{ recyclable of type P dropped into box....}
Box has ID: 637091966
--------------------------------------------------
separating paper......
process carried out at separation unit ID: 1509713998
{ recyclable of type P dropped into box....}
Box has ID: 637091966
--------------------------------------------------
separating paper......
process carried out at separation unit ID: 1509713998
{ recyclable of type P dropped into box....}
Box has ID: 637091966
--------------------------------------------------
separating paper......
process carried out at separation unit ID: 1509713998
{ recyclable of type P dropped into box....}
Box has ID: 637091966
--------------------------------------------------
separating paper......
process carried out at separation unit ID: 1509713998
{ recyclable of type P dropped into box....}
Box has ID: 637091966
--------------------------------------------------
separating paper......
process carried out at separation unit ID: 1509713998
{ recyclable of type P dropped into box....}
Box has ID: 637091966
--------------------------------------------------
separating paper......
process carried out at separation unit ID: 1509713998
{ recyclable of type P dropped into box....}
Box has ID: 637091966
--------------------------------------------------
separating paper......
process carried out at separation unit ID: 1509713998
{ recyclable of type P dropped into box....}
Box has ID: 637091966
--------------------------------------------------
separating paper......
process carried out at separation unit ID: 1509713998
{ recyclable of type P dropped into box....}
Box has ID: 637091966
--------------------------------------------------
separating paper......
process carried out at separation unit ID: 1509713998
{ recyclable of type P dropped into box....}
Box has ID: 637091966
--------------------------------------------------
separating paper......
process carried out at separation unit ID: 1509713998
{ recyclable of type P dropped into box....}
Box has ID: 637091966
--------------------------------------------------
separating paper......
process carried out at separation unit ID: 1509713998
{ recyclable of type P dropped into box....}
Box has ID: 637091966
--------------------------------------------------
separating paper......
process carried out at separation unit ID: 1509713998
{ recyclable of type P dropped into box....}
Box has ID: 637091966
--------------------------------------------------
separating paper......
process carried out at separation unit ID: 1509713998
{ recyclable of type P dropped into box....}
Box has ID: 637091966
--------------------------------------------------
separating paper......
process carried out at separation unit ID: 1509713998
{ recyclable of type P dropped into box....}
Box has ID: 637091966
--------------------------------------------------
separating paper......
process carried out at separation unit ID: 1509713998
{ recyclable of type P dropped into box....}
Box has ID: 637091966
--------------------------------------------------
separating paper......
process carried out at separation unit ID: 1509713998
{ recyclable of type P dropped into box....}
Box has ID: 637091966
--------------------------------------------------
separating paper......
process carried out at separation unit ID: 1509713998
{ recyclable of type P dropped into box....}
Box has ID: 637091966
--------------------------------------------------
separating paper......
process carried out at separation unit ID: 1509713998
{ recyclable of type P dropped into box....}
Box has ID: 637091966
--------------------------------------------------
separating paper......
process carried out at separation unit ID: 1509713998
{ recyclable of type P dropped into box....}
Box has ID: 637091966
--------------------------------------------------
separating paper......
process carried out at separation unit ID: 1509713998
{ recyclable of type P dropped into box....}
Box has ID: 637091966
--------------------------------------------------
separating paper......
process carried out at separation unit ID: 1509713998
{ recyclable of type P dropped into box....}
Box has ID: 637091966
--------------------------------------------------
separating paper......
process carried out at separation unit ID: 1509713998
{ recyclable of type P dropped into box....}
Box has ID: 637091966
--------------------------------------------------
separating paper......
process carried out at separation unit ID: 1509713998
{ recyclable of type P dropped into box....}
Box has ID: 637091966
--------------------------------------------------
separating paper......
process carried out at separation unit ID: 1509713998
{ recyclable of type P dropped into box....}
Box has ID: 637091966
--------------------------------------------------
separating paper......
process carried out at separation unit ID: 1509713998
{ recyclable of type P dropped into box....}
Box has ID: 637091966
--------------------------------------------------
separating paper......
process carried out at separation unit ID: 1509713998
{ recyclable of type P dropped into box....}
Box has ID: 637091966
--------------------------------------------------
separating paper......
process carried out at separation unit ID: 1509713998
{ recyclable of type P dropped into box....}
Box has ID: 637091966
--------------------------------------------------
separating paper......
process carried out at separation unit ID: 1509713998
{ recyclable of type P dropped into box....}
Box has ID: 637091966
--------------------------------------------------
separating paper......
process carried out at separation unit ID: 1509713998
{ recyclable of type P dropped into box....}
Box has ID: 637091966
--------------------------------------------------
separating paper......
process carried out at separation unit ID: 1509713998
{ recyclable of type P dropped into box....}
Box has ID: 637091966
--------------------------------------------------
separating paper......
process carried out at separation unit ID: 1509713998
{ recyclable of type P dropped into box....}
Box has ID: 637091966
--------------------------------------------------
separating paper......
process carried out at separation unit ID: 1509713998
{ recyclable of type P dropped into box....}
Box has ID: 637091966
--------------------------------------------------
separating paper......
process carried out at separation unit ID: 1509713998
{ recyclable of type P dropped into box....}
Box has ID: 637091966
--------------------------------------------------
separating paper......
process carried out at separation unit ID: 1509713998
{ recyclable of type P dropped into box....}
Box has ID: 637091966
--------------------------------------------------
separating paper......
process carried out at separation unit ID: 1509713998
{ recyclable of type P dropped into box....}
Box has ID: 637091966
--------------------------------------------------
separating paper......
process carried out at separation unit ID: 1509713998
{ recyclable of type P dropped into box....}
Box has ID: 637091966
--------------------------------------------------
separating paper......
process carried out at separation unit ID: 1509713998
{ recyclable of type P dropped into box....}
Box has ID: 637091966
--------------------------------------------------
separating paper......
process carried out at separation unit ID: 1509713998
{ recyclable of type P dropped into box....}
Box has ID: 637091966
--------------------------------------------------
separating paper......
process carried out at separation unit ID: 1509713998
{ recyclable of type P dropped into box....}
Box has ID: 637091966
--------------------------------------------------
separating paper......
process carried out at separation unit ID: 1509713998
{ recyclable of type P dropped into box....}
Box has ID: 637091966
--------------------------------------------------
separating paper......
process carried out at separation unit ID: 1509713998
{ recyclable of type P dropped into box....}
Box has ID: 637091966
--------------------------------------------------
separating paper......
process carried out at separation unit ID: 1509713998
{ recyclable of type P dropped into box....}
Box has ID: 637091966
--------------------------------------------------
separating paper......
process carried out at separation unit ID: 1509713998
{ recyclable of type P dropped into box....}
Box has ID: 637091966
--------------------------------------------------
separating paper......
process carried out at separation unit ID: 1509713998
{ recyclable of type P dropped into box....}
Box has ID: 637091966
--------------------------------------------------
separating paper......
process carried out at separation unit ID: 1509713998
{ recyclable of type P dropped into box....}
Box has ID: 637091966
--------------------------------------------------
separating paper......
process carried out at separation unit ID: 1509713998
{ recyclable of type P dropped into box....}
Box has ID: 637091966
--------------------------------------------------
separating paper......
process carried out at separation unit ID: 1509713998
{ recyclable of type P dropped into box....}
Box has ID: 637091966
--------------------------------------------------
separating paper......
process carried out at separation unit ID: 1509713998
{ recyclable of type P dropped into box....}
Box has ID: 637091966
--------------------------------------------------
separating paper......
process carried out at separation unit ID: 1509713998
{ recyclable of type P dropped into box....}
Box has ID: 637091966
--------------------------------------------------
separating paper......
process carried out at separation unit ID: 1509713998
{ recyclable of type P dropped into box....}
Box has ID: 637091966
--------------------------------------------------
separating paper......
process carried out at separation unit ID: 1509713998
{ recyclable of type P dropped into box....}
Box has ID: 637091966
--------------------------------------------------
separating paper......
process carried out at separation unit ID: 1509713998
{ recyclable of type P dropped into box....}
Box has ID: 637091966
--------------------------------------------------
separating paper......
process carried out at separation unit ID: 1509713998
{ recyclable of type P dropped into box....}
Box has ID: 637091966
--------------------------------------------------
separating paper......
process carried out at separation unit ID: 1509713998
{ recyclable of type P dropped into box....}
Box has ID: 637091966
--------------------------------------------------
separating paper......
process carried out at separation unit ID: 1509713998
{ recyclable of type P dropped into box....}
Box has ID: 637091966
--------------------------------------------------
separating paper......
process carried out at separation unit ID: 1509713998
{ recyclable of type P dropped into box....}
Box has ID: 637091966
--------------------------------------------------
separating paper......
process carried out at separation unit ID: 1509713998
{ recyclable of type P dropped into box....}
Box has ID: 637091966
--------------------------------------------------
separating paper......
process carried out at separation unit ID: 1509713998
{ recyclable of type P dropped into box....}
Box has ID: 637091966
--------------------------------------------------
separating paper......
process carried out at separation unit ID: 1509713998
{ recyclable of type P dropped into box....}
Box has ID: 637091966
--------------------------------------------------
separating paper......
process carried out at separation unit ID: 1509713998
{ recyclable of type P dropped into box....}
Box has ID: 637091966
--------------------------------------------------
separating paper......
process carried out at separation unit ID: 1509713998
{ recyclable of type P dropped into box....}
Box has ID: 637091966
--------------------------------------------------
separating paper......
process carried out at separation unit ID: 1509713998
{ recyclable of type P dropped into box....}
Box has ID: 637091966
--------------------------------------------------
separating paper......
process carried out at separation unit ID: 1509713998
{ recyclable of type P dropped into box....}
Box has ID: 637091966
--------------------------------------------------
separating paper......
process carried out at separation unit ID: 1509713998
{ recyclable of type P dropped into box....}
Box has ID: 637091966
--------------------------------------------------
separating paper......
process carried out at separation unit ID: 1509713998
{ recyclable of type P dropped into box....}
Box has ID: 637091966
--------------------------------------------------
separating paper......
process carried out at separation unit ID: 1509713998
{ recyclable of type P dropped into box....}
Box has ID: 637091966
--------------------------------------------------
separating paper......
process carried out at separation unit ID: 1509713998
{ recyclable of type P dropped into box....}
Box has ID: 637091966
--------------------------------------------------
separating paper......
process carried out at separation unit ID: 1509713998
{ recyclable of type P dropped into box....}
Box has ID: 637091966
--------------------------------------------------
separating paper......
process carried out at separation unit ID: 1509713998
{ recyclable of type P dropped into box....}
Box has ID: 637091966
--------------------------------------------------
separating paper......
process carried out at separation unit ID: 1509713998
{ recyclable of type P dropped into box....}
Box has ID: 637091966
--------------------------------------------------
separating paper......
process carried out at separation unit ID: 1509713998
{ recyclable of type P dropped into box....}
Box has ID: 637091966
--------------------------------------------------
separating paper......
process carried out at separation unit ID: 1509713998
{ recyclable of type P dropped into box....}
Box has ID: 637091966
--------------------------------------------------
separating paper......
process carried out at separation unit ID: 1509713998
{ recyclable of type P dropped into box....}
Box has ID: 637091966
--------------------------------------------------
separating paper......
process carried out at separation unit ID: 1509713998
{ recyclable of type P dropped into box....}
Box has ID: 637091966
--------------------------------------------------
separating paper......
process carried out at separation unit ID: 1509713998
{ recyclable of type P dropped into box....}
Box has ID: 637091966
--------------------------------------------------
separating paper......
process carried out at separation unit ID: 1509713998
{ recyclable of type P dropped into box....}
Box has ID: 637091966
--------------------------------------------------
separating paper......
process carried out at separation unit ID: 1509713998
{ recyclable of type P dropped into box....}
Box has ID: 637091966
--------------------------------------------------
separating paper......
process carried out at separation unit ID: 1509713998
{ recyclable of type P dropped into box....}
Box has ID: 637091966
--------------------------------------------------
separating paper......
process carried out at separation unit ID: 1509713998
{ recyclable of type P dropped into box....}
Box has ID: 637091966
--------------------------------------------------
separating paper......
process carried out at separation unit ID: 1509713998
{ recyclable of type P dropped into box....}
Box has ID: 637091966
--------------------------------------------------
separating paper......
process carried out at separation unit ID: 1509713998
{ recyclable of type P dropped into box....}
Box has ID: 637091966
--------------------------------------------------
separating paper......
process carried out at separation unit ID: 1509713998
{ recyclable of type P dropped into box....}
Box has ID: 637091966
--------------------------------------------------
separating paper......
process carried out at separation unit ID: 1509713998
{ recyclable of type P dropped into box....}
Box has ID: 637091966
--------------------------------------------------
separating paper......
process carried out at separation unit ID: 1509713998
{ recyclable of type P dropped into box....}
Box has ID: 637091966
--------------------------------------------------
separating paper......
process carried out at separation unit ID: 1509713998
{ recyclable of type P dropped into box....}
Box has ID: 637091966
--------------------------------------------------
separating paper......
process carried out at separation unit ID: 1509713998
{ recyclable of type P dropped into box....}
Box has ID: 637091966
--------------------------------------------------
separating paper......
process carried out at separation unit ID: 1509713998
{ recyclable of type P dropped into box....}
Box has ID: 637091966
--------------------------------------------------
separating paper......
process carried out at separation unit ID: 1509713998
{ recyclable of type P dropped into box....}
Box has ID: 637091966
--------------------------------------------------
separating paper......
process carried out at separation unit ID: 1509713998
{ recyclable of type P dropped into box....}
Box has ID: 637091966
--------------------------------------------------
separating paper......
process carried out at separation unit ID: 1509713998
{ recyclable of type P dropped into box....}
Box has ID: 637091966
--------------------------------------------------
separating paper......
process carried out at separation unit ID: 1509713998
{ recyclable of type P dropped into box....}
Box has ID: 637091966
--------------------------------------------------
separating paper......
process carried out at separation unit ID: 1509713998
{ recyclable of type P dropped into box....}
Box has ID: 637091966
--------------------------------------------------
separating paper......
process carried out at separation unit ID: 1509713998
{ recyclable of type P dropped into box....}
Box has ID: 637091966
--------------------------------------------------
separating paper......
process carried out at separation unit ID: 1509713998
{ recyclable of type P dropped into box....}
Box has ID: 637091966
--------------------------------------------------
separating paper......
process carried out at separation unit ID: 1509713998
{ recyclable of type P dropped into box....}
Box has ID: 637091966
--------------------------------------------------
separating paper......
process carried out at separation unit ID: 1509713998
{ recyclable of type P dropped into box....}
Box has ID: 637091966
--------------------------------------------------
separating paper......
process carried out at separation unit ID: 1509713998
{ recyclable of type P dropped into box....}
Box has ID: 637091966
--------------------------------------------------
separating paper......
process carried out at separation unit ID: 1509713998
{ recyclable of type P dropped into box....}
Box has ID: 637091966
--------------------------------------------------
separating paper......
process carried out at separation unit ID: 1509713998
{ recyclable of type P dropped into box....}
Box has ID: 637091966
--------------------------------------------------
separating paper......
process carried out at separation unit ID: 1509713998
{ recyclable of type P dropped into box....}
Box has ID: 637091966
--------------------------------------------------
separating paper......
process carried out at separation unit ID: 1509713998
{ recyclable of type P dropped into box....}
Box has ID: 637091966
--------------------------------------------------
separating paper......
process carried out at separation unit ID: 1509713998
{ recyclable of type P dropped into box....}
Box has ID: 637091966
--------------------------------------------------
separating paper......
process carried out at separation unit ID: 1509713998
{ recyclable of type P dropped into box....}
Box has ID: 637091966
--------------------------------------------------
separating paper......
process carried out at separation unit ID: 1509713998
{ recyclable of type P dropped into box....}
Box has ID: 637091966
--------------------------------------------------
separating paper......
process carried out at separation unit ID: 1509713998
{ recyclable of type P dropped into box....}
Box has ID: 637091966
--------------------------------------------------
separating paper......
process carried out at separation unit ID: 1509713998
{ recyclable of type P dropped into box....}
Box has ID: 637091966
--------------------------------------------------
separating paper......
process carried out at separation unit ID: 1509713998
{ recyclable of type P dropped into box....}
Box has ID: 637091966
--------------------------------------------------
separating paper......
process carried out at separation unit ID: 1509713998
{ recyclable of type P dropped into box....}
Box has ID: 637091966
--------------------------------------------------
separating paper......
process carried out at separation unit ID: 1509713998
{ recyclable of type P dropped into box....}
Box has ID: 637091966
--------------------------------------------------
separating paper......
process carried out at separation unit ID: 1509713998
{ recyclable of type P dropped into box....}
Box has ID: 637091966
--------------------------------------------------
separating paper......
process carried out at separation unit ID: 1509713998
{ recyclable of type P dropped into box....}
Box has ID: 637091966
--------------------------------------------------
separating paper......
process carried out at separation unit ID: 1509713998
{ recyclable of type P dropped into box....}
Box has ID: 637091966
--------------------------------------------------
separating paper......
process carried out at separation unit ID: 1509713998
{ recyclable of type P dropped into box....}
Box has ID: 637091966
--------------------------------------------------
separating paper......
process carried out at separation unit ID: 1509713998
{ recyclable of type P dropped into box....}
Box has ID: 637091966
--------------------------------------------------
separating paper......
process carried out at separation unit ID: 1509713998
{ recyclable of type P dropped into box....}
Box has ID: 637091966
--------------------------------------------------
separating paper......
process carried out at separation unit ID: 1509713998
{ recyclable of type P dropped into box....}
Box has ID: 637091966
--------------------------------------------------
separating paper......
process carried out at separation unit ID: 1509713998
{ recyclable of type P dropped into box....}
Box has ID: 637091966
--------------------------------------------------
separating paper......
process carried out at separation unit ID: 1509713998
{ recyclable of type P dropped into box....}
Box has ID: 637091966
--------------------------------------------------
separating paper......
process carried out at separation unit ID: 1509713998
{ recyclable of type P dropped into box....}
Box has ID: 637091966
--------------------------------------------------
separating paper......
process carried out at separation unit ID: 1509713998
{ recyclable of type P dropped into box....}
Box has ID: 637091966
--------------------------------------------------
separating paper......
process carried out at separation unit ID: 1509713998
{ recyclable of type P dropped into box....}
Box has ID: 637091966
--------------------------------------------------
separating paper......
process carried out at separation unit ID: 1509713998
{ recyclable of type P dropped into box....}
Box has ID: 637091966
--------------------------------------------------
separating paper......
process carried out at separation unit ID: 1509713998
{ recyclable of type P dropped into box....}
Box has ID: 637091966
--------------------------------------------------
separating paper......
process carried out at separation unit ID: 1509713998
{ recyclable of type P dropped into box....}
Box has ID: 637091966
--------------------------------------------------
separating paper......
process carried out at separation unit ID: 1509713998
{ recyclable of type P dropped into box....}
Box has ID: 637091966
--------------------------------------------------
separating paper......
process carried out at separation unit ID: 1509713998
{ recyclable of type P dropped into box....}
Box has ID: 637091966
--------------------------------------------------
separating paper......
process carried out at separation unit ID: 1509713998
{ recyclable of type P dropped into box....}
Box has ID: 637091966
--------------------------------------------------
separating paper......
process carried out at separation unit ID: 1509713998
{ recyclable of type P dropped into box....}
Box has ID: 637091966
--------------------------------------------------
separating paper......
process carried out at separation unit ID: 1509713998
{ recyclable of type P dropped into box....}
Box has ID: 637091966
--------------------------------------------------
separating paper......
process carried out at separation unit ID: 1509713998
{ recyclable of type P dropped into box....}
Box has ID: 637091966
--------------------------------------------------
separating paper......
process carried out at separation unit ID: 1509713998
{ recyclable of type P dropped into box....}
Box has ID: 637091966
--------------------------------------------------
separating paper......
process carried out at separation unit ID: 1509713998
{ recyclable of type P dropped into box....}
Box has ID: 637091966
--------------------------------------------------
separating paper......
process carried out at separation unit ID: 1509713998
{ recyclable of type P dropped into box....}
Box has ID: 637091966
--------------------------------------------------
separating paper......
process carried out at separation unit ID: 1509713998
{ recyclable of type P dropped into box....}
Box has ID: 637091966
--------------------------------------------------
separating paper......
process carried out at separation unit ID: 1509713998
{ recyclable of type P dropped into box....}
Box has ID: 637091966
--------------------------------------------------
separating paper......
process carried out at separation unit ID: 1509713998
{ recyclable of type P dropped into box....}
Box has ID: 637091966
--------------------------------------------------
separating paper......
process carried out at separation unit ID: 1509713998
{ recyclable of type P dropped into box....}
Box has ID: 637091966
--------------------------------------------------
separating paper......
process carried out at separation unit ID: 1509713998
{ recyclable of type P dropped into box....}
Box has ID: 637091966
--------------------------------------------------
separating paper......
process carried out at separation unit ID: 1509713998
{ recyclable of type P dropped into box....}
Box has ID: 637091966
--------------------------------------------------
separating paper......
process carried out at separation unit ID: 1509713998
{ recyclable of type P dropped into box....}
Box has ID: 637091966
--------------------------------------------------
separating paper......
process carried out at separation unit ID: 1509713998
{ recyclable of type P dropped into box....}
Box has ID: 637091966
--------------------------------------------------
separating paper......
process carried out at separation unit ID: 1509713998
{ recyclable of type P dropped into box....}
Box has ID: 637091966
--------------------------------------------------
separating paper......
process carried out at separation unit ID: 1509713998
{ recyclable of type P dropped into box....}
Box has ID: 637091966
--------------------------------------------------
separating paper......
process carried out at separation unit ID: 1509713998
{ recyclable of type P dropped into box....}
Box has ID: 637091966
--------------------------------------------------
separating paper......
process carried out at separation unit ID: 1509713998
{ recyclable of type P dropped into box....}
Box has ID: 637091966
--------------------------------------------------
separating paper......
process carried out at separation unit ID: 1509713998
{ recyclable of type P dropped into box....}
Box has ID: 637091966
--------------------------------------------------
separating paper......
process carried out at separation unit ID: 1509713998
{ recyclable of type P dropped into box....}
Box has ID: 637091966
--------------------------------------------------
separating paper......
process carried out at separation unit ID: 1509713998
{ recyclable of type P dropped into box....}
Box has ID: 637091966
--------------------------------------------------
separating paper......
process carried out at separation unit ID: 1509713998
{ recyclable of type P dropped into box....}
Box has ID: 637091966
--------------------------------------------------
separating paper......
process carried out at separation unit ID: 1509713998
{ recyclable of type P dropped into box....}
Box has ID: 637091966
--------------------------------------------------
separating paper......
process carried out at separation unit ID: 1509713998
{ recyclable of type P dropped into box....}
Box has ID: 637091966
--------------------------------------------------
separating paper......
process carried out at separation unit ID: 1509713998
{ recyclable of type P dropped into box....}
Box has ID: 637091966
--------------------------------------------------
separating paper......
process carried out at separation unit ID: 1509713998
{ recyclable of type P dropped into box....}
Box has ID: 637091966
--------------------------------------------------
separating paper......
process carried out at separation unit ID: 1509713998
{ recyclable of type P dropped into box....}
Box has ID: 637091966
--------------------------------------------------
separating paper......
process carried out at separation unit ID: 1509713998
{ recyclable of type P dropped into box....}
Box has ID: 637091966
--------------------------------------------------
separating paper......
process carried out at separation unit ID: 1509713998
{ recyclable of type P dropped into box....}
Box has ID: 637091966
--------------------------------------------------
separating paper......
process carried out at separation unit ID: 1509713998
{ recyclable of type P dropped into box....}
Box has ID: 637091966
--------------------------------------------------
separating paper......
process carried out at separation unit ID: 1509713998
{ recyclable of type P dropped into box....}
Box has ID: 637091966
--------------------------------------------------
separating paper......
process carried out at separation unit ID: 1509713998
{ recyclable of type P dropped into box....}
Box has ID: 637091966
--------------------------------------------------
separating paper......
process carried out at separation unit ID: 1509713998
{ recyclable of type P dropped into box....}
Box has ID: 637091966
--------------------------------------------------
separating paper......
process carried out at separation unit ID: 1509713998
{ recyclable of type P dropped into box....}
Box has ID: 637091966
--------------------------------------------------
separating paper......
process carried out at separation unit ID: 1509713998
{ recyclable of type P dropped into box....}
Box has ID: 637091966
--------------------------------------------------
separating paper......
process carried out at separation unit ID: 1509713998
{ recyclable of type P dropped into box....}
Box has ID: 637091966
--------------------------------------------------
separating paper......
process carried out at separation unit ID: 1509713998
{ recyclable of type P dropped into box....}
Box has ID: 637091966
--------------------------------------------------
separating paper......
process carried out at separation unit ID: 1509713998
{ recyclable of type P dropped into box....}
Box has ID: 637091966
--------------------------------------------------
separating paper......
process carried out at separation unit ID: 1509713998
{ recyclable of type P dropped into box....}
Box has ID: 637091966
--------------------------------------------------
separating paper......
process carried out at separation unit ID: 1509713998
{ recyclable of type P dropped into box....}
Box has ID: 637091966
--------------------------------------------------
separating paper......
process carried out at separation unit ID: 1509713998
{ recyclable of type P dropped into box....}
Box has ID: 637091966
--------------------------------------------------
separating paper......
process carried out at separation unit ID: 1509713998
{ recyclable of type P dropped into box....}
Box has ID: 637091966
--------------------------------------------------
separating paper......
process carried out at separation unit ID: 1509713998
{ recyclable of type P dropped into box....}
Box has ID: 637091966
--------------------------------------------------
separating paper......
process carried out at separation unit ID: 1509713998
{ recyclable of type P dropped into box....}
Box has ID: 637091966
--------------------------------------------------
separating paper......
process carried out at separation unit ID: 1509713998
{ recyclable of type P dropped into box....}
Box has ID: 637091966
--------------------------------------------------
separating paper......
process carried out at separation unit ID: 1509713998
{ recyclable of type P dropped into box....}
Box has ID: 637091966
--------------------------------------------------
separating paper......
process carried out at separation unit ID: 1509713998
{ recyclable of type P dropped into box....}
Box has ID: 637091966
--------------------------------------------------
separating paper......
process carried out at separation unit ID: 1509713998
{ recyclable of type P dropped into box....}
Box has ID: 637091966
--------------------------------------------------
separating paper......
process carried out at separation unit ID: 1509713998
{ recyclable of type P dropped into box....}
Box has ID: 637091966
--------------------------------------------------
separating paper......
process carried out at separation unit ID: 1509713998
{ recyclable of type P dropped into box....}
Box has ID: 637091966
--------------------------------------------------
separating paper......
process carried out at separation unit ID: 1509713998
{ recyclable of type P dropped into box....}
Box has ID: 637091966
--------------------------------------------------
separating paper......
process carried out at separation unit ID: 1509713998
{ recyclable of type P dropped into box....}
Box has ID: 637091966
--------------------------------------------------
separating paper......
process carried out at separation unit ID: 1509713998
{ recyclable of type P dropped into box....}
Box has ID: 637091966
--------------------------------------------------
separating paper......
process carried out at separation unit ID: 1509713998
{ recyclable of type P dropped into box....}
Box has ID: 637091966
--------------------------------------------------
separating paper......
process carried out at separation unit ID: 1509713998
{ recyclable of type P dropped into box....}
Box has ID: 637091966
--------------------------------------------------
separating paper......
process carried out at separation unit ID: 1509713998
{ recyclable of type P dropped into box....}
Box has ID: 637091966
--------------------------------------------------
separating paper......
process carried out at separation unit ID: 1509713998
{ recyclable of type P dropped into box....}
Box has ID: 637091966
--------------------------------------------------
separating paper......
process carried out at separation unit ID: 1509713998
{ recyclable of type P dropped into box....}
Box has ID: 637091966
--------------------------------------------------
separating paper......
process carried out at separation unit ID: 1509713998
{ recyclable of type P dropped into box....}
Box has ID: 637091966
--------------------------------------------------
separating paper......
process carried out at separation unit ID: 1509713998
{ recyclable of type P dropped into box....}
Box has ID: 637091966
--------------------------------------------------
separating paper......
process carried out at separation unit ID: 1509713998
{ recyclable of type P dropped into box....}
Box has ID: 637091966
--------------------------------------------------
separating paper......
process carried out at separation unit ID: 1509713998
{ recyclable of type P dropped into box....}
Box has ID: 637091966
--------------------------------------------------
separating paper......
process carried out at separation unit ID: 1509713998
{ recyclable of type P dropped into box....}
Box has ID: 637091966
--------------------------------------------------
separating paper......
process carried out at separation unit ID: 1509713998
{ recyclable of type P dropped into box....}
Box has ID: 637091966
--------------------------------------------------
separating paper......
process carried out at separation unit ID: 1509713998
{ recyclable of type P dropped into box....}
Box has ID: 637091966
--------------------------------------------------
separating paper......
process carried out at separation unit ID: 1509713998
{ recyclable of type P dropped into box....}
Box has ID: 637091966
--------------------------------------------------
separating paper......
process carried out at separation unit ID: 1509713998
{ recyclable of type P dropped into box....}
Box has ID: 637091966
--------------------------------------------------
separating paper......
process carried out at separation unit ID: 1509713998
{ recyclable of type P dropped into box....}
Box has ID: 637091966
--------------------------------------------------
separating paper......
process carried out at separation unit ID: 1509713998
{ recyclable of type P dropped into box....}
Box has ID: 637091966
--------------------------------------------------
separating paper......
process carried out at separation unit ID: 1509713998
{ recyclable of type P dropped into box....}
Box has ID: 637091966
--------------------------------------------------
separating paper......
process carried out at separation unit ID: 1509713998
{ recyclable of type P dropped into box....}
Box has ID: 637091966
--------------------------------------------------
separating paper......
process carried out at separation unit ID: 1509713998
{ recyclable of type P dropped into box....}
Box has ID: 637091966
--------------------------------------------------
separating paper......
process carried out at separation unit ID: 1509713998
{ recyclable of type P dropped into box....}
Box has ID: 637091966
--------------------------------------------------
separating paper......
process carried out at separation unit ID: 1509713998
{ recyclable of type P dropped into box....}
Box has ID: 637091966
--------------------------------------------------
separating paper......
process carried out at separation unit ID: 1509713998
{ recyclable of type P dropped into box....}
Box has ID: 637091966
--------------------------------------------------
separating paper......
process carried out at separation unit ID: 1509713998
{ recyclable of type P dropped into box....}
Box has ID: 637091966
--------------------------------------------------
separating paper......
process carried out at separation unit ID: 1509713998
{ recyclable of type P dropped into box....}
Box has ID: 637091966
--------------------------------------------------
separating paper......
process carried out at separation unit ID: 1509713998
{ recyclable of type P dropped into box....}
Box has ID: 637091966
--------------------------------------------------
separating paper......
process carried out at separation unit ID: 1509713998
{ recyclable of type P dropped into box....}
Box has ID: 637091966
--------------------------------------------------
separating paper......
process carried out at separation unit ID: 1509713998
{ recyclable of type P dropped into box....}
Box has ID: 637091966
--------------------------------------------------
separating paper......
process carried out at separation unit ID: 1509713998
{ recyclable of type P dropped into box....}
Box has ID: 637091966
--------------------------------------------------
separating paper......
process carried out at separation unit ID: 1509713998
{ recyclable of type P dropped into box....}
Box has ID: 637091966
--------------------------------------------------
separating paper......
process carried out at separation unit ID: 1509713998
{ recyclable of type P dropped into box....}
Box has ID: 637091966
--------------------------------------------------
separating paper......
process carried out at separation unit ID: 1509713998
{ recyclable of type P dropped into box....}
Box has ID: 637091966
--------------------------------------------------
separating paper......
process carried out at separation unit ID: 1509713998
{ recyclable of type P dropped into box....}
Box has ID: 637091966
--------------------------------------------------
separating paper......
process carried out at separation unit ID: 1509713998
{ recyclable of type P dropped into box....}
Box has ID: 637091966
--------------------------------------------------
separating paper......
process carried out at separation unit ID: 1509713998
{ recyclable of type P dropped into box....}
Box has ID: 637091966
--------------------------------------------------
separating paper......
process carried out at separation unit ID: 1509713998
{ recyclable of type P dropped into box....}
Box has ID: 637091966
--------------------------------------------------
separating paper......
process carried out at separation unit ID: 1509713998
{ recyclable of type P dropped into box....}
Box has ID: 637091966
--------------------------------------------------
separating paper......
process carried out at separation unit ID: 1509713998
{ recyclable of type P dropped into box....}
Box has ID: 637091966
--------------------------------------------------
separating paper......
process carried out at separation unit ID: 1509713998
{ recyclable of type P dropped into box....}
Box has ID: 637091966
--------------------------------------------------
separating paper......
process carried out at separation unit ID: 1509713998
{ recyclable of type P dropped into box....}
Box has ID: 637091966
--------------------------------------------------
separating paper......
process carried out at separation unit ID: 1509713998
{ recyclable of type P dropped into box....}
Box has ID: 637091966
--------------------------------------------------
separating paper......
process carried out at separation unit ID: 1509713998
{ recyclable of type P dropped into box....}
Box has ID: 637091966
--------------------------------------------------
separating paper......
process carried out at separation unit ID: 1509713998
{ recyclable of type P dropped into box....}
Box has ID: 637091966
--------------------------------------------------
separating paper......
process carried out at separation unit ID: 1509713998
{ recyclable of type P dropped into box....}
Box has ID: 637091966
--------------------------------------------------
separating paper......
process carried out at separation unit ID: 1509713998
{ recyclable of type P dropped into box....}
Box has ID: 637091966
--------------------------------------------------
separating paper......
process carried out at separation unit ID: 1509713998
{ recyclable of type P dropped into box....}
Box has ID: 637091966
--------------------------------------------------
separating paper......
process carried out at separation unit ID: 1509713998
{ recyclable of type P dropped into box....}
Box has ID: 637091966
--------------------------------------------------
separating paper......
process carried out at separation unit ID: 1509713998
{ recyclable of type P dropped into box....}
Box has ID: 637091966
--------------------------------------------------
separating paper......
process carried out at separation unit ID: 1509713998
{ recyclable of type P dropped into box....}
Box has ID: 637091966
--------------------------------------------------
separating paper......
process carried out at separation unit ID: 1509713998
{ recyclable of type P dropped into box....}
Box has ID: 637091966
--------------------------------------------------
separating paper......
process carried out at separation unit ID: 1509713998
{ recyclable of type P dropped into box....}
Box has ID: 637091966
--------------------------------------------------
separating paper......
process carried out at separation unit ID: 1509713998
{ recyclable of type P dropped into box....}
Box has ID: 637091966
--------------------------------------------------
separating paper......
process carried out at separation unit ID: 1509713998
{ recyclable of type P dropped into box....}
Box has ID: 637091966
--------------------------------------------------
separating paper......
process carried out at separation unit ID: 1509713998
{ recyclable of type P dropped into box....}
Box has ID: 637091966
--------------------------------------------------
separating paper......
process carried out at separation unit ID: 1509713998
{ recyclable of type P dropped into box....}
Box has ID: 637091966
--------------------------------------------------
separating paper......
process carried out at separation unit ID: 1509713998
{ recyclable of type P dropped into box....}
Box has ID: 637091966
--------------------------------------------------
separating paper......
process carried out at separation unit ID: 1509713998
{ recyclable of type P dropped into box....}
Box has ID: 637091966
--------------------------------------------------
separating paper......
process carried out at separation unit ID: 1509713998
{ recyclable of type P dropped into box....}
Box has ID: 637091966
--------------------------------------------------
separating paper......
process carried out at separation unit ID: 1509713998
{ recyclable of type P dropped into box....}
Box has ID: 637091966
--------------------------------------------------
separating paper......
process carried out at separation unit ID: 1509713998
{ recyclable of type P dropped into box....}
Box has ID: 637091966
--------------------------------------------------
separating paper......
process carried out at separation unit ID: 1509713998
{ recyclable of type P dropped into box....}
Box has ID: 637091966
--------------------------------------------------
separating paper......
process carried out at separation unit ID: 1509713998
{ recyclable of type P dropped into box....}
Box has ID: 637091966
--------------------------------------------------
separating paper......
process carried out at separation unit ID: 1509713998
{ recyclable of type P dropped into box....}
Box has ID: 637091966
--------------------------------------------------
separating paper......
process carried out at separation unit ID: 1509713998
{ recyclable of type P dropped into box....}
Box has ID: 637091966
--------------------------------------------------
separating paper......
process carried out at separation unit ID: 1509713998
{ recyclable of type P dropped into box....}
Box has ID: 637091966
--------------------------------------------------
separating paper......
process carried out at separation unit ID: 1509713998
{ recyclable of type P dropped into box....}
Box has ID: 637091966
--------------------------------------------------
separating paper......
process carried out at separation unit ID: 1509713998
{ recyclable of type P dropped into box....}
Box has ID: 637091966
--------------------------------------------------
separating paper......
process carried out at separation unit ID: 1509713998
{ recyclable of type P dropped into box....}
Box has ID: 637091966
--------------------------------------------------
separating paper......
process carried out at separation unit ID: 1509713998
{ recyclable of type P dropped into box....}
Box has ID: 637091966
--------------------------------------------------
separating paper......
process carried out at separation unit ID: 1509713998
{ recyclable of type P dropped into box....}
Box has ID: 637091966
--------------------------------------------------
separating paper......
process carried out at separation unit ID: 1509713998
{ recyclable of type P dropped into box....}
Box has ID: 637091966
--------------------------------------------------
separating paper......
process carried out at separation unit ID: 1509713998
{ recyclable of type P dropped into box....}
Box has ID: 637091966
--------------------------------------------------
separating paper......
process carried out at separation unit ID: 1509713998
{ recyclable of type P dropped into box....}
Box has ID: 637091966
--------------------------------------------------
separating paper......
process carried out at separation unit ID: 1509713998
{ recyclable of type P dropped into box....}
Box has ID: 637091966
--------------------------------------------------
separating paper......
process carried out at separation unit ID: 1509713998
{ recyclable of type P dropped into box....}
Box has ID: 637091966
--------------------------------------------------
separating paper......
process carried out at separation unit ID: 1509713998
{ recyclable of type P dropped into box....}
Box has ID: 637091966
--------------------------------------------------
separating paper......
process carried out at separation unit ID: 1509713998
{ recyclable of type P dropped into box....}
Box has ID: 637091966
--------------------------------------------------
separating paper......
process carried out at separation unit ID: 1509713998
{ recyclable of type P dropped into box....}
Box has ID: 637091966
--------------------------------------------------
separating paper......
process carried out at separation unit ID: 1509713998
{ recyclable of type P dropped into box....}
Box has ID: 637091966
--------------------------------------------------
separating paper......
process carried out at separation unit ID: 1509713998
{ recyclable of type P dropped into box....}
Box has ID: 637091966
--------------------------------------------------
separating paper......
process carried out at separation unit ID: 1509713998
{ recyclable of type P dropped into box....}
Box has ID: 637091966
--------------------------------------------------
separating paper......
process carried out at separation unit ID: 1509713998
{ recyclable of type P dropped into box....}
Box has ID: 637091966
--------------------------------------------------
separating paper......
process carried out at separation unit ID: 1509713998
{ recyclable of type P dropped into box....}
Box has ID: 637091966
--------------------------------------------------
separating paper......
process carried out at separation unit ID: 1509713998
{ recyclable of type P dropped into box....}
Box has ID: 637091966
--------------------------------------------------
separating paper......
process carried out at separation unit ID: 1509713998
{ recyclable of type P dropped into box....}
Box has ID: 637091966
--------------------------------------------------
separating paper......
process carried out at separation unit ID: 1509713998
{ recyclable of type P dropped into box....}
Box has ID: 637091966
--------------------------------------------------
separating paper......
process carried out at separation unit ID: 1509713998
{ recyclable of type P dropped into box....}
Box has ID: 637091966
--------------------------------------------------
separating paper......
process carried out at separation unit ID: 1509713998
{ recyclable of type P dropped into box....}
Box has ID: 637091966
--------------------------------------------------
separating paper......
process carried out at separation unit ID: 1509713998
{ recyclable of type P dropped into box....}
Box has ID: 637091966
--------------------------------------------------
separating paper......
process carried out at separation unit ID: 1509713998
{ recyclable of type P dropped into box....}
Box has ID: 637091966
--------------------------------------------------
separating paper......
process carried out at separation unit ID: 1509713998
{ recyclable of type P dropped into box....}
Box has ID: 637091966
--------------------------------------------------
separating paper......
process carried out at separation unit ID: 1509713998
{ recyclable of type P dropped into box....}
Box has ID: 637091966
--------------------------------------------------
separating paper......
process carried out at separation unit ID: 1509713998
{ recyclable of type P dropped into box....}
Box has ID: 637091966
--------------------------------------------------
separating paper......
process carried out at separation unit ID: 1509713998
{ recyclable of type P dropped into box....}
Box has ID: 637091966
--------------------------------------------------
separating paper......
process carried out at separation unit ID: 1509713998
{ recyclable of type P dropped into box....}
Box has ID: 637091966
--------------------------------------------------
separating paper......
process carried out at separation unit ID: 1509713998
{ recyclable of type P dropped into box....}
Box has ID: 637091966
--------------------------------------------------
separating paper......
process carried out at separation unit ID: 1509713998
{ recyclable of type P dropped into box....}
Box has ID: 637091966
--------------------------------------------------
separating paper......
process carried out at separation unit ID: 1509713998
{ recyclable of type P dropped into box....}
Box has ID: 637091966
--------------------------------------------------
separating paper......
process carried out at separation unit ID: 1509713998
{ recyclable of type P dropped into box....}
Box has ID: 637091966
--------------------------------------------------
separating paper......
process carried out at separation unit ID: 1509713998
{ recyclable of type P dropped into box....}
Box has ID: 637091966
--------------------------------------------------
separating paper......
process carried out at separation unit ID: 1509713998
{ recyclable of type P dropped into box....}
Box has ID: 637091966
--------------------------------------------------
separating paper......
process carried out at separation unit ID: 1509713998
{ recyclable of type P dropped into box....}
Box has ID: 637091966
--------------------------------------------------
separating paper......
process carried out at separation unit ID: 1509713998
{ recyclable of type P dropped into box....}
Box has ID: 637091966
--------------------------------------------------
separating paper......
process carried out at separation unit ID: 1509713998
{ recyclable of type P dropped into box....}
Box has ID: 637091966
--------------------------------------------------
separating paper......
process carried out at separation unit ID: 1509713998
{ recyclable of type P dropped into box....}
Box has ID: 637091966
--------------------------------------------------
separating paper......
process carried out at separation unit ID: 1509713998
{ recyclable of type P dropped into box....}
Box has ID: 637091966
--------------------------------------------------
separating paper......
process carried out at separation unit ID: 1509713998
{ recyclable of type P dropped into box....}
Box has ID: 637091966
--------------------------------------------------
separating paper......
process carried out at separation unit ID: 1509713998
{ recyclable of type P dropped into box....}
Box has ID: 637091966
--------------------------------------------------
separating paper......
process carried out at separation unit ID: 1509713998
{ recyclable of type P dropped into box....}
Box has ID: 637091966
--------------------------------------------------
separating paper......
process carried out at separation unit ID: 1509713998
{ recyclable of type P dropped into box....}
Box has ID: 637091966
--------------------------------------------------
separating paper......
process carried out at separation unit ID: 1509713998
{ recyclable of type P dropped into box....}
Box has ID: 637091966
--------------------------------------------------
separating paper......
process carried out at separation unit ID: 1509713998
{ recyclable of type P dropped into box....}
Box has ID: 637091966
--------------------------------------------------
separating paper......
process carried out at separation unit ID: 1509713998
{ recyclable of type P dropped into box....}
Box has ID: 637091966
--------------------------------------------------
separating paper......
process carried out at separation unit ID: 1509713998
{ recyclable of type P dropped into box....}
Box has ID: 637091966
--------------------------------------------------
separating paper......
process carried out at separation unit ID: 1509713998
{ recyclable of type P dropped into box....}
Box has ID: 637091966
--------------------------------------------------
separating paper......
process carried out at separation unit ID: 1509713998
{ recyclable of type P dropped into box....}
Box has ID: 637091966
--------------------------------------------------
separating paper......
process carried out at separation unit ID: 1509713998
{ recyclable of type P dropped into box....}
Box has ID: 637091966
--------------------------------------------------
separating paper......
process carried out at separation unit ID: 1509713998
{ recyclable of type P dropped into box....}
Box has ID: 637091966
--------------------------------------------------
separating paper......
process carried out at separation unit ID: 1509713998
{ recyclable of type P dropped into box....}
Box has ID: 637091966
--------------------------------------------------
separating paper......
process carried out at separation unit ID: 1509713998
{ recyclable of type P dropped into box....}
Box has ID: 637091966
--------------------------------------------------
separating paper......
process carried out at separation unit ID: 1509713998
{ recyclable of type P dropped into box....}
Box has ID: 637091966
--------------------------------------------------
separating paper......
process carried out at separation unit ID: 1509713998
{ recyclable of type P dropped into box....}
Box has ID: 637091966
--------------------------------------------------
separating paper......
process carried out at separation unit ID: 1509713998
{ recyclable of type P dropped into box....}
Box has ID: 637091966
--------------------------------------------------
separating paper......
process carried out at separation unit ID: 1509713998
{ recyclable of type P dropped into box....}
Box has ID: 637091966
--------------------------------------------------
separating paper......
process carried out at separation unit ID: 1509713998
{ recyclable of type P dropped into box....}
Box has ID: 637091966
--------------------------------------------------
separating paper......
process carried out at separation unit ID: 1509713998
{ recyclable of type P dropped into box....}
Box has ID: 637091966
--------------------------------------------------
separating paper......
process carried out at separation unit ID: 1509713998
{ recyclable of type P dropped into box....}
Box has ID: 637091966
--------------------------------------------------
separating paper......
process carried out at separation unit ID: 1509713998
{ recyclable of type P dropped into box....}
Box has ID: 637091966
--------------------------------------------------
separating paper......
process carried out at separation unit ID: 1509713998
{ recyclable of type P dropped into box....}
Box has ID: 637091966
--------------------------------------------------
separating paper......
process carried out at separation unit ID: 1509713998
{ recyclable of type P dropped into box....}
Box has ID: 637091966
--------------------------------------------------
separating paper......
process carried out at separation unit ID: 1509713998
{ recyclable of type P dropped into box....}
Box has ID: 637091966
--------------------------------------------------
separating paper......
process carried out at separation unit ID: 1509713998
{ recyclable of type P dropped into box....}
Box has ID: 637091966
--------------------------------------------------
separating paper......
process carried out at separation unit ID: 1509713998
{ recyclable of type P dropped into box....}
Box has ID: 637091966
--------------------------------------------------
separating paper......
process carried out at separation unit ID: 1509713998
{ recyclable of type P dropped into box....}
Box has ID: 637091966
--------------------------------------------------
separating paper......
process carried out at separation unit ID: 1509713998
{ recyclable of type P dropped into box....}
Box has ID: 637091966
--------------------------------------------------
separating paper......
process carried out at separation unit ID: 1509713998
{ recyclable of type P dropped into box....}
Box has ID: 637091966
--------------------------------------------------
separating paper......
process carried out at separation unit ID: 1509713998
{ recyclable of type P dropped into box....}
Box has ID: 637091966
--------------------------------------------------
separating paper......
process carried out at separation unit ID: 1509713998
{ recyclable of type P dropped into box....}
Box has ID: 637091966
--------------------------------------------------
separating paper......
process carried out at separation unit ID: 1509713998
{ recyclable of type P dropped into box....}
Box has ID: 637091966
--------------------------------------------------
separating paper......
process carried out at separation unit ID: 1509713998
{ recyclable of type P dropped into box....}
Box has ID: 637091966
--------------------------------------------------
separating paper......
process carried out at separation unit ID: 1509713998
{ recyclable of type P dropped into box....}
Box has ID: 637091966
--------------------------------------------------
separating paper......
process carried out at separation unit ID: 1509713998
{ recyclable of type P dropped into box....}
Box has ID: 637091966
--------------------------------------------------
separating paper......
process carried out at separation unit ID: 1509713998
{ recyclable of type P dropped into box....}
Box has ID: 637091966
--------------------------------------------------
separating paper......
process carried out at separation unit ID: 1509713998
{ recyclable of type P dropped into box....}
Box has ID: 637091966
--------------------------------------------------
separating paper......
process carried out at separation unit ID: 1509713998
{ recyclable of type P dropped into box....}
Box has ID: 637091966
--------------------------------------------------
separating paper......
process carried out at separation unit ID: 1509713998
{ recyclable of type P dropped into box....}
Box has ID: 637091966
--------------------------------------------------
separating paper......
process carried out at separation unit ID: 1509713998
{ recyclable of type P dropped into box....}
Box has ID: 637091966
--------------------------------------------------
separating paper......
process carried out at separation unit ID: 1509713998
{ recyclable of type P dropped into box....}
Box has ID: 637091966
--------------------------------------------------
separating paper......
process carried out at separation unit ID: 1509713998
{ recyclable of type P dropped into box....}
Box has ID: 637091966
--------------------------------------------------
separating paper......
process carried out at separation unit ID: 1509713998
{ recyclable of type P dropped into box....}
Box has ID: 637091966
--------------------------------------------------
separating paper......
process carried out at separation unit ID: 1509713998
{ recyclable of type P dropped into box....}
Box has ID: 637091966
--------------------------------------------------
separating paper......
process carried out at separation unit ID: 1509713998
{ recyclable of type P dropped into box....}
Box has ID: 637091966
--------------------------------------------------
separating paper......
process carried out at separation unit ID: 1509713998
{ recyclable of type P dropped into box....}
Box has ID: 637091966
--------------------------------------------------
separating paper......
process carried out at separation unit ID: 1509713998
{ recyclable of type P dropped into box....}
Box has ID: 637091966
--------------------------------------------------
separating paper......
process carried out at separation unit ID: 1509713998
{ recyclable of type P dropped into box....}
Box has ID: 637091966
--------------------------------------------------
separating paper......
process carried out at separation unit ID: 1509713998
{ recyclable of type P dropped into box....}
Box has ID: 637091966
--------------------------------------------------
separating paper......
process carried out at separation unit ID: 1509713998
{ recyclable of type P dropped into box....}
Box has ID: 637091966
--------------------------------------------------
separating paper......
process carried out at separation unit ID: 1509713998
{ recyclable of type P dropped into box....}
Box has ID: 637091966
--------------------------------------------------
separating paper......
process carried out at separation unit ID: 1509713998
{ recyclable of type P dropped into box....}
Box has ID: 637091966
--------------------------------------------------
separating paper......
process carried out at separation unit ID: 1509713998
{ recyclable of type P dropped into box....}
Box has ID: 637091966
--------------------------------------------------
separating paper......
process carried out at separation unit ID: 1509713998
{ recyclable of type P dropped into box....}
Box has ID: 637091966
--------------------------------------------------
separating paper......
process carried out at separation unit ID: 1509713998
{ recyclable of type P dropped into box....}
Box has ID: 637091966
--------------------------------------------------
separating paper......
process carried out at separation unit ID: 1509713998
{ recyclable of type P dropped into box....}
Box has ID: 637091966
--------------------------------------------------
separating paper......
process carried out at separation unit ID: 1509713998
{ recyclable of type P dropped into box....}
Box has ID: 637091966
--------------------------------------------------
separating paper......
process carried out at separation unit ID: 1509713998
{ recyclable of type P dropped into box....}
Box has ID: 637091966
--------------------------------------------------
separating paper......
process carried out at separation unit ID: 1509713998
{ recyclable of type P dropped into box....}
Box has ID: 637091966
--------------------------------------------------
separating paper......
process carried out at separation unit ID: 1509713998
{ recyclable of type P dropped into box....}
Box has ID: 637091966
--------------------------------------------------
separating paper......
process carried out at separation unit ID: 1509713998
{ recyclable of type P dropped into box....}
Box has ID: 637091966
--------------------------------------------------
separating paper......
process carried out at separation unit ID: 1509713998
{ recyclable of type P dropped into box....}
Box has ID: 637091966
--------------------------------------------------
separating paper......
process carried out at separation unit ID: 1509713998
{ recyclable of type P dropped into box....}
Box has ID: 637091966
--------------------------------------------------
separating paper......
process carried out at separation unit ID: 1509713998
{ recyclable of type P dropped into box....}
Box has ID: 637091966
--------------------------------------------------
separating paper......
process carried out at separation unit ID: 1509713998
{ recyclable of type P dropped into box....}
Box has ID: 637091966
--------------------------------------------------
separating paper......
process carried out at separation unit ID: 1509713998
{ recyclable of type P dropped into box....}
Box has ID: 637091966
--------------------------------------------------
separating paper......
process carried out at separation unit ID: 1509713998
{ recyclable of type P dropped into box....}
Box has ID: 637091966
--------------------------------------------------
separating paper......
process carried out at separation unit ID: 1509713998
{ recyclable of type P dropped into box....}
Box has ID: 637091966
--------------------------------------------------
separating paper......
process carried out at separation unit ID: 1509713998
{ recyclable of type P dropped into box....}
Box has ID: 637091966
--------------------------------------------------
separating paper......
process carried out at separation unit ID: 1509713998
{ recyclable of type P dropped into box....}
Box has ID: 637091966
--------------------------------------------------
separating paper......
process carried out at separation unit ID: 1509713998
{ recyclable of type P dropped into box....}
Box has ID: 637091966
--------------------------------------------------
separating paper......
process carried out at separation unit ID: 1509713998
{ recyclable of type P dropped into box....}
Box has ID: 637091966
--------------------------------------------------
separating paper......
process carried out at separation unit ID: 1509713998
{ recyclable of type P dropped into box....}
Box has ID: 637091966
--------------------------------------------------
separating paper......
process carried out at separation unit ID: 1509713998
{ recyclable of type P dropped into box....}
Box has ID: 637091966
--------------------------------------------------
separating paper......
process carried out at separation unit ID: 1509713998
{ recyclable of type P dropped into box....}
Box has ID: 637091966
--------------------------------------------------
separating paper......
process carried out at separation unit ID: 1509713998
{ recyclable of type P dropped into box....}
Box has ID: 637091966
--------------------------------------------------
separating paper......
process carried out at separation unit ID: 1509713998
{ recyclable of type P dropped into box....}
Box has ID: 637091966
--------------------------------------------------
separating paper......
process carried out at separation unit ID: 1509713998
{ recyclable of type P dropped into box....}
Box has ID: 637091966
--------------------------------------------------
separating paper......
process carried out at separation unit ID: 1509713998
{ recyclable of type P dropped into box....}
Box has ID: 637091966
--------------------------------------------------
separating paper......
process carried out at separation unit ID: 1509713998
{ recyclable of type P dropped into box....}
Box has ID: 637091966
--------------------------------------------------
separating paper......
process carried out at separation unit ID: 1509713998
{ recyclable of type P dropped into box....}
Box has ID: 637091966
--------------------------------------------------
separating paper......
process carried out at separation unit ID: 1509713998
{ recyclable of type P dropped into box....}
Box has ID: 637091966
--------------------------------------------------
separating paper......
process carried out at separation unit ID: 1509713998
{ recyclable of type P dropped into box....}
Box has ID: 637091966
--------------------------------------------------
separating paper......
process carried out at separation unit ID: 1509713998
{ recyclable of type P dropped into box....}
Box has ID: 637091966
--------------------------------------------------
separating paper......
process carried out at separation unit ID: 1509713998
{ recyclable of type P dropped into box....}
Box has ID: 637091966
--------------------------------------------------
separating paper......
process carried out at separation unit ID: 1509713998
{ recyclable of type P dropped into box....}
Box has ID: 637091966
--------------------------------------------------
separating paper......
process carried out at separation unit ID: 1509713998
{ recyclable of type P dropped into box....}
Box has ID: 637091966
--------------------------------------------------
separating paper......
process carried out at separation unit ID: 1509713998
{ recyclable of type P dropped into box....}
Box has ID: 637091966
--------------------------------------------------
separating paper......
process carried out at separation unit ID: 1509713998
{ recyclable of type P dropped into box....}
Box has ID: 637091966
--------------------------------------------------
separating paper......
process carried out at separation unit ID: 1509713998
{ recyclable of type P dropped into box....}
Box has ID: 637091966
--------------------------------------------------
separating paper......
process carried out at separation unit ID: 1509713998
{ recyclable of type P dropped into box....}
Box has ID: 637091966
--------------------------------------------------
separating paper......
process carried out at separation unit ID: 1509713998
{ recyclable of type P dropped into box....}
Box has ID: 637091966
--------------------------------------------------
separating paper......
process carried out at separation unit ID: 1509713998
{ recyclable of type P dropped into box....}
Box has ID: 637091966
--------------------------------------------------
separating paper......
process carried out at separation unit ID: 1509713998
{ recyclable of type P dropped into box....}
Box has ID: 637091966
--------------------------------------------------
separating paper......
process carried out at separation unit ID: 1509713998
{ recyclable of type P dropped into box....}
Box has ID: 637091966
--------------------------------------------------
separating paper......
process carried out at separation unit ID: 1509713998
{ recyclable of type P dropped into box....}
Box has ID: 637091966
--------------------------------------------------
separating paper......
process carried out at separation unit ID: 1509713998
{ recyclable of type P dropped into box....}
Box has ID: 637091966
--------------------------------------------------
separating paper......
process carried out at separation unit ID: 1509713998
{ recyclable of type P dropped into box....}
Box has ID: 637091966
--------------------------------------------------
separating paper......
process carried out at separation unit ID: 1509713998
{ recyclable of type P dropped into box....}
Box has ID: 637091966
--------------------------------------------------
separating paper......
process carried out at separation unit ID: 1509713998
{ recyclable of type P dropped into box....}
Box has ID: 637091966
--------------------------------------------------
separating paper......
process carried out at separation unit ID: 1509713998
{ recyclable of type P dropped into box....}
Box has ID: 637091966
--------------------------------------------------
separating paper......
process carried out at separation unit ID: 1509713998
{ recyclable of type P dropped into box....}
Box has ID: 637091966
--------------------------------------------------
separating paper......
process carried out at separation unit ID: 1509713998
{ recyclable of type P dropped into box....}
Box has ID: 637091966
--------------------------------------------------
separating paper......
process carried out at separation unit ID: 1509713998
{ recyclable of type P dropped into box....}
Box has ID: 637091966
--------------------------------------------------
separating paper......
process carried out at separation unit ID: 1509713998
{ recyclable of type P dropped into box....}
Box has ID: 637091966
--------------------------------------------------
separating paper......
process carried out at separation unit ID: 1509713998
{ recyclable of type P dropped into box....}
Box has ID: 637091966
--------------------------------------------------
separating paper......
process carried out at separation unit ID: 1509713998
{ recyclable of type P dropped into box....}
Box has ID: 637091966
--------------------------------------------------
separating paper......
process carried out at separation unit ID: 1509713998
{ recyclable of type P dropped into box....}
Box has ID: 637091966
--------------------------------------------------
separating paper......
process carried out at separation unit ID: 1509713998
{ recyclable of type P dropped into box....}
Box has ID: 637091966
--------------------------------------------------
separating paper......
process carried out at separation unit ID: 1509713998
{ recyclable of type P dropped into box....}
Box has ID: 637091966
--------------------------------------------------
separating paper......
process carried out at separation unit ID: 1509713998
{ recyclable of type P dropped into box....}
Box has ID: 637091966
--------------------------------------------------
separating paper......
process carried out at separation unit ID: 1509713998
{ recyclable of type P dropped into box....}
Box has ID: 637091966
--------------------------------------------------
separating paper......
process carried out at separation unit ID: 1509713998
{ recyclable of type P dropped into box....}
Box has ID: 637091966
--------------------------------------------------
separating paper......
process carried out at separation unit ID: 1509713998
{ recyclable of type P dropped into box....}
Box has ID: 637091966
--------------------------------------------------
separating paper......
process carried out at separation unit ID: 1509713998
{ recyclable of type P dropped into box....}
Box has ID: 637091966
--------------------------------------------------
separating paper......
process carried out at separation unit ID: 1509713998
{ recyclable of type P dropped into box....}
Box has ID: 637091966
--------------------------------------------------
separating paper......
process carried out at separation unit ID: 1509713998
{ recyclable of type P dropped into box....}
Box has ID: 637091966
--------------------------------------------------
separating paper......
process carried out at separation unit ID: 1509713998
{ recyclable of type P dropped into box....}
Box has ID: 637091966
--------------------------------------------------
separating paper......
process carried out at separation unit ID: 1509713998
{ recyclable of type P dropped into box....}
Box has ID: 637091966
--------------------------------------------------
separating paper......
process carried out at separation unit ID: 1509713998
{ recyclable of type P dropped into box....}
Box has ID: 637091966
--------------------------------------------------
separating paper......
process carried out at separation unit ID: 1509713998
{ recyclable of type P dropped into box....}
Box has ID: 637091966
--------------------------------------------------
separating paper......
process carried out at separation unit ID: 1509713998
{ recyclable of type P dropped into box....}
Box has ID: 637091966
--------------------------------------------------
separating paper......
process carried out at separation unit ID: 1509713998
{ recyclable of type P dropped into box....}
Box has ID: 637091966
--------------------------------------------------
separating paper......
process carried out at separation unit ID: 1509713998
{ recyclable of type P dropped into box....}
Box has ID: 637091966
--------------------------------------------------
separating paper......
process carried out at separation unit ID: 1509713998
{ recyclable of type P dropped into box....}
Box has ID: 637091966
--------------------------------------------------
separating paper......
process carried out at separation unit ID: 1509713998
{ recyclable of type P dropped into box....}
Box has ID: 637091966
--------------------------------------------------
separating paper......
process carried out at separation unit ID: 1509713998
{ recyclable of type P dropped into box....}
Box has ID: 637091966
--------------------------------------------------
separating paper......
process carried out at separation unit ID: 1509713998
{ recyclable of type P dropped into box....}
Box has ID: 637091966
--------------------------------------------------
separating paper......
process carried out at separation unit ID: 1509713998
{ recyclable of type P dropped into box....}
Box has ID: 637091966
--------------------------------------------------
separating paper......
process carried out at separation unit ID: 1509713998
{ recyclable of type P dropped into box....}
Box has ID: 637091966
--------------------------------------------------
separating paper......
process carried out at separation unit ID: 1509713998
{ recyclable of type P dropped into box....}
Box has ID: 637091966
--------------------------------------------------
separating paper......
process carried out at separation unit ID: 1509713998
{ recyclable of type P dropped into box....}
Box has ID: 637091966
--------------------------------------------------
separating paper......
process carried out at separation unit ID: 1509713998
{ recyclable of type P dropped into box....}
Box has ID: 637091966
--------------------------------------------------
separating paper......
process carried out at separation unit ID: 1509713998
{ recyclable of type P dropped into box....}
Box has ID: 637091966
--------------------------------------------------
separating paper......
process carried out at separation unit ID: 1509713998
{ recyclable of type P dropped into box....}
Box has ID: 637091966
--------------------------------------------------
separating paper......
process carried out at separation unit ID: 1509713998
{ recyclable of type P dropped into box....}
Box has ID: 637091966
--------------------------------------------------
separating paper......
process carried out at separation unit ID: 1509713998
{ recyclable of type P dropped into box....}
Box has ID: 637091966
--------------------------------------------------
separating paper......
process carried out at separation unit ID: 1509713998
{ recyclable of type P dropped into box....}
Box has ID: 637091966
--------------------------------------------------
separating paper......
process carried out at separation unit ID: 1509713998
{ recyclable of type P dropped into box....}
Box has ID: 637091966
--------------------------------------------------
separating paper......
process carried out at separation unit ID: 1509713998
{ recyclable of type P dropped into box....}
Box has ID: 637091966
--------------------------------------------------
separating paper......
process carried out at separation unit ID: 1509713998
{ recyclable of type P dropped into box....}
Box has ID: 637091966
--------------------------------------------------
separating paper......
process carried out at separation unit ID: 1509713998
{ recyclable of type P dropped into box....}
Box has ID: 637091966
--------------------------------------------------
separating paper......
process carried out at separation unit ID: 1509713998
{ recyclable of type P dropped into box....}
Box has ID: 637091966
--------------------------------------------------
separating paper......
process carried out at separation unit ID: 1509713998
{ recyclable of type P dropped into box....}
Box has ID: 637091966
--------------------------------------------------
separating paper......
process carried out at separation unit ID: 1509713998
{ recyclable of type P dropped into box....}
Box has ID: 637091966
--------------------------------------------------
separating paper......
process carried out at separation unit ID: 1509713998
{ recyclable of type P dropped into box....}
Box has ID: 637091966
--------------------------------------------------
separating paper......
process carried out at separation unit ID: 1509713998
{ recyclable of type P dropped into box....}
Box has ID: 637091966
--------------------------------------------------
separating paper......
process carried out at separation unit ID: 1509713998
{ recyclable of type P dropped into box....}
Box has ID: 637091966
--------------------------------------------------
separating paper......
process carried out at separation unit ID: 1509713998
{ recyclable of type P dropped into box....}
Box has ID: 637091966
--------------------------------------------------
separating paper......
process carried out at separation unit ID: 1509713998
{ recyclable of type P dropped into box....}
Box has ID: 637091966
--------------------------------------------------
separating paper......
process carried out at separation unit ID: 1509713998
{ recyclable of type P dropped into box....}
Box has ID: 637091966
--------------------------------------------------
separating paper......
process carried out at separation unit ID: 1509713998
{ recyclable of type P dropped into box....}
Box has ID: 637091966
--------------------------------------------------
separating paper......
process carried out at separation unit ID: 1509713998
{ recyclable of type P dropped into box....}
Box has ID: 637091966
--------------------------------------------------
separating paper......
process carried out at separation unit ID: 1509713998
{ recyclable of type P dropped into box....}
Box has ID: 637091966
--------------------------------------------------
separating paper......
process carried out at separation unit ID: 1509713998
{ recyclable of type P dropped into box....}
Box has ID: 637091966
--------------------------------------------------
separating paper......
process carried out at separation unit ID: 1509713998
{ recyclable of type P dropped into box....}
Box has ID: 637091966
--------------------------------------------------
separating paper......
process carried out at separation unit ID: 1509713998
{ recyclable of type P dropped into box....}
Box has ID: 637091966
--------------------------------------------------
separating paper......
process carried out at separation unit ID: 1509713998
{ recyclable of type P dropped into box....}
Box has ID: 637091966
--------------------------------------------------
separating paper......
process carried out at separation unit ID: 1509713998
{ recyclable of type P dropped into box....}
Box has ID: 637091966
--------------------------------------------------
separating paper......
process carried out at separation unit ID: 1509713998
{ recyclable of type P dropped into box....}
Box has ID: 637091966
--------------------------------------------------
separating paper......
process carried out at separation unit ID: 1509713998
{ recyclable of type P dropped into box....}
Box has ID: 637091966
--------------------------------------------------
separating paper......
process carried out at separation unit ID: 1509713998
{ recyclable of type P dropped into box....}
Box has ID: 637091966
--------------------------------------------------
separating paper......
process carried out at separation unit ID: 1509713998
{ recyclable of type P dropped into box....}
Box has ID: 637091966
--------------------------------------------------
separating paper......
process carried out at separation unit ID: 1509713998
{ recyclable of type P dropped into box....}
Box has ID: 637091966
--------------------------------------------------
separating paper......
process carried out at separation unit ID: 1509713998
{ recyclable of type P dropped into box....}
Box has ID: 637091966
--------------------------------------------------
separating paper......
process carried out at separation unit ID: 1509713998
{ recyclable of type P dropped into box....}
Box has ID: 637091966
--------------------------------------------------
separating paper......
process carried out at separation unit ID: 1509713998
{ recyclable of type P dropped into box....}
Box has ID: 637091966
--------------------------------------------------
separating paper......
process carried out at separation unit ID: 1509713998
{ recyclable of type P dropped into box....}
Box has ID: 637091966
--------------------------------------------------
separating paper......
process carried out at separation unit ID: 1509713998
{ recyclable of type P dropped into box....}
Box has ID: 637091966
--------------------------------------------------
separating paper......
process carried out at separation unit ID: 1509713998
{ recyclable of type P dropped into box....}
Box has ID: 637091966
--------------------------------------------------
separating paper......
process carried out at separation unit ID: 1509713998
{ recyclable of type P dropped into box....}
Box has ID: 637091966
--------------------------------------------------
separating paper......
process carried out at separation unit ID: 1509713998
{ recyclable of type P dropped into box....}
Box has ID: 637091966
--------------------------------------------------
separating paper......
process carried out at separation unit ID: 1509713998
{ recyclable of type P dropped into box....}
Box has ID: 637091966
--------------------------------------------------
separating paper......
process carried out at separation unit ID: 1509713998
{ recyclable of type P dropped into box....}
Box has ID: 637091966
--------------------------------------------------
separating paper......
process carried out at separation unit ID: 1509713998
{ recyclable of type P dropped into box....}
Box has ID: 637091966
--------------------------------------------------
separating paper......
process carried out at separation unit ID: 1509713998
{ recyclable of type P dropped into box....}
Box has ID: 637091966
--------------------------------------------------
separating paper......
process carried out at separation unit ID: 1509713998
{ recyclable of type P dropped into box....}
Box has ID: 637091966
--------------------------------------------------
separating paper......
process carried out at separation unit ID: 1509713998
{ recyclable of type P dropped into box....}
Box has ID: 637091966
--------------------------------------------------
separating paper......
process carried out at separation unit ID: 1509713998
{ recyclable of type P dropped into box....}
Box has ID: 637091966
--------------------------------------------------
separating paper......
process carried out at separation unit ID: 1509713998
{ recyclable of type P dropped into box....}
Box has ID: 637091966
--------------------------------------------------
separating paper......
process carried out at separation unit ID: 1509713998
{ recyclable of type P dropped into box....}
Box has ID: 637091966
--------------------------------------------------
separating paper......
process carried out at separation unit ID: 1509713998
{ recyclable of type P dropped into box....}
Box has ID: 637091966
--------------------------------------------------
separating paper......
process carried out at separation unit ID: 1509713998
{ recyclable of type P dropped into box....}
Box has ID: 637091966
--------------------------------------------------
separating paper......
process carried out at separation unit ID: 1509713998
{ recyclable of type P dropped into box....}
Box has ID: 637091966
--------------------------------------------------
separating paper......
process carried out at separation unit ID: 1509713998
{ recyclable of type P dropped into box....}
Box has ID: 637091966
--------------------------------------------------
separating paper......
process carried out at separation unit ID: 1509713998
{ recyclable of type P dropped into box....}
Box has ID: 637091966
--------------------------------------------------
separating paper......
process carried out at separation unit ID: 1509713998
{ recyclable of type P dropped into box....}
Box has ID: 637091966
--------------------------------------------------
separating paper......
process carried out at separation unit ID: 1509713998
{ recyclable of type P dropped into box....}
Box has ID: 637091966
--------------------------------------------------
separating paper......
process carried out at separation unit ID: 1509713998
{ recyclable of type P dropped into box....}
Box has ID: 637091966
--------------------------------------------------
separating paper......
process carried out at separation unit ID: 1509713998
{ recyclable of type P dropped into box....}
Box has ID: 637091966
--------------------------------------------------
separating paper......
process carried out at separation unit ID: 1509713998
{ recyclable of type P dropped into box....}
Box has ID: 637091966
--------------------------------------------------
separating paper......
process carried out at separation unit ID: 1509713998
{ recyclable of type P dropped into box....}
Box has ID: 637091966
--------------------------------------------------
separating paper......
process carried out at separation unit ID: 1509713998
{ recyclable of type P dropped into box....}
Box has ID: 637091966
--------------------------------------------------
separating paper......
process carried out at separation unit ID: 1509713998
{ recyclable of type P dropped into box....}
Box has ID: 637091966
--------------------------------------------------
separating paper......
process carried out at separation unit ID: 1509713998
{ recyclable of type P dropped into box....}
Box has ID: 637091966
--------------------------------------------------
separating paper......
process carried out at separation unit ID: 1509713998
{ recyclable of type P dropped into box....}
Box has ID: 637091966
--------------------------------------------------
separating paper......
process carried out at separation unit ID: 1509713998
{ recyclable of type P dropped into box....}
Box has ID: 637091966
--------------------------------------------------
separating paper......
process carried out at separation unit ID: 1509713998
{ recyclable of type P dropped into box....}
Box has ID: 637091966
--------------------------------------------------
separating paper......
process carried out at separation unit ID: 1509713998
{ recyclable of type P dropped into box....}
Box has ID: 637091966
--------------------------------------------------
separating paper......
process carried out at separation unit ID: 1509713998
{ recyclable of type P dropped into box....}
Box has ID: 637091966
--------------------------------------------------
separating paper......
process carried out at separation unit ID: 1509713998
{ recyclable of type P dropped into box....}
Box has ID: 637091966
--------------------------------------------------
separating paper......
process carried out at separation unit ID: 1509713998
{ recyclable of type P dropped into box....}
Box has ID: 637091966
--------------------------------------------------
separating paper......
process carried out at separation unit ID: 1509713998
{ recyclable of type P dropped into box....}
Box has ID: 637091966
--------------------------------------------------
separating paper......
process carried out at separation unit ID: 1509713998
{ recyclable of type P dropped into box....}
Box has ID: 637091966
--------------------------------------------------
separating paper......
process carried out at separation unit ID: 1509713998
{ recyclable of type P dropped into box....}
Box has ID: 637091966
--------------------------------------------------
separating paper......
process carried out at separation unit ID: 1509713998
{ recyclable of type P dropped into box....}
Box has ID: 637091966
--------------------------------------------------
separating paper......
process carried out at separation unit ID: 1509713998
{ recyclable of type P dropped into box....}
Box has ID: 637091966
--------------------------------------------------
separating paper......
process carried out at separation unit ID: 1509713998
{ recyclable of type P dropped into box....}
Box has ID: 637091966
--------------------------------------------------
separating paper......
process carried out at separation unit ID: 1509713998
{ recyclable of type P dropped into box....}
Box has ID: 637091966
--------------------------------------------------
separating paper......
process carried out at separation unit ID: 1509713998
{ recyclable of type P dropped into box....}
Box has ID: 637091966
--------------------------------------------------
separating paper......
process carried out at separation unit ID: 1509713998
{ recyclable of type P dropped into box....}
Box has ID: 637091966
--------------------------------------------------
separating paper......
process carried out at separation unit ID: 1509713998
{ recyclable of type P dropped into box....}
Box has ID: 637091966
--------------------------------------------------
separating paper......
process carried out at separation unit ID: 1509713998
{ recyclable of type P dropped into box....}
Box has ID: 637091966
--------------------------------------------------
separating paper......
process carried out at separation unit ID: 1509713998
{ recyclable of type P dropped into box....}
Box has ID: 637091966
--------------------------------------------------
separating paper......
process carried out at separation unit ID: 1509713998
{ recyclable of type P dropped into box....}
Box has ID: 637091966
--------------------------------------------------
separating paper......
process carried out at separation unit ID: 1509713998
{ recyclable of type P dropped into box....}
Box has ID: 637091966
--------------------------------------------------
separating paper......
process carried out at separation unit ID: 1509713998
{ recyclable of type P dropped into box....}
Box has ID: 637091966
--------------------------------------------------
separating paper......
process carried out at separation unit ID: 1509713998
{ recyclable of type P dropped into box....}
Box has ID: 637091966
--------------------------------------------------
separating paper......
process carried out at separation unit ID: 1509713998
{ recyclable of type P dropped into box....}
Box has ID: 637091966
--------------------------------------------------
separating paper......
process carried out at separation unit ID: 1509713998
{ recyclable of type P dropped into box....}
Box has ID: 637091966
--------------------------------------------------
separating paper......
process carried out at separation unit ID: 1509713998
{ recyclable of type P dropped into box....}
Box has ID: 637091966
--------------------------------------------------
separating paper......
process carried out at separation unit ID: 1509713998
{ recyclable of type P dropped into box....}
Box has ID: 637091966
--------------------------------------------------
separating paper......
process carried out at separation unit ID: 1509713998
{ recyclable of type P dropped into box....}
Box has ID: 637091966
--------------------------------------------------
separating paper......
process carried out at separation unit ID: 1509713998
{ recyclable of type P dropped into box....}
Box has ID: 637091966
--------------------------------------------------
separating paper......
process carried out at separation unit ID: 1509713998
{ recyclable of type P dropped into box....}
Box has ID: 637091966
--------------------------------------------------
separating paper......
process carried out at separation unit ID: 1509713998
{ recyclable of type P dropped into box....}
Box has ID: 637091966
--------------------------------------------------
separating paper......
process carried out at separation unit ID: 1509713998
{ recyclable of type P dropped into box....}
Box has ID: 637091966
--------------------------------------------------
separating paper......
process carried out at separation unit ID: 1509713998
{ recyclable of type P dropped into box....}
Box has ID: 637091966
--------------------------------------------------
separating paper......
process carried out at separation unit ID: 1509713998
{ recyclable of type P dropped into box....}
Box has ID: 637091966
--------------------------------------------------
separating paper......
process carried out at separation unit ID: 1509713998
{ recyclable of type P dropped into box....}
Box has ID: 637091966
--------------------------------------------------
separating paper......
process carried out at separation unit ID: 1509713998
{ recyclable of type P dropped into box....}
Box has ID: 637091966
--------------------------------------------------
separating paper......
process carried out at separation unit ID: 1509713998
{ recyclable of type P dropped into box....}
Box has ID: 637091966
--------------------------------------------------
separating paper......
process carried out at separation unit ID: 1509713998
{ recyclable of type P dropped into box....}
Box has ID: 637091966
--------------------------------------------------
separating paper......
process carried out at separation unit ID: 1509713998
{ recyclable of type P dropped into box....}
Box has ID: 637091966
--------------------------------------------------
separating paper......
process carried out at separation unit ID: 1509713998
{ recyclable of type P dropped into box....}
Box has ID: 637091966
--------------------------------------------------
separating paper......
process carried out at separation unit ID: 1509713998
{ recyclable of type P dropped into box....}
Box has ID: 637091966
--------------------------------------------------
separating paper......
process carried out at separation unit ID: 1509713998
{ recyclable of type P dropped into box....}
Box has ID: 637091966
--------------------------------------------------
separating paper......
process carried out at separation unit ID: 1509713998
{ recyclable of type P dropped into box....}
Box has ID: 637091966
--------------------------------------------------
separating paper......
process carried out at separation unit ID: 1509713998
{ recyclable of type P dropped into box....}
Box has ID: 637091966
--------------------------------------------------
separating paper......
process carried out at separation unit ID: 1509713998
{ recyclable of type P dropped into box....}
Box has ID: 637091966
--------------------------------------------------
separating paper......
process carried out at separation unit ID: 1509713998
{ recyclable of type P dropped into box....}
Box has ID: 637091966
--------------------------------------------------
separating paper......
process carried out at separation unit ID: 1509713998
{ recyclable of type P dropped into box....}
Box has ID: 637091966
--------------------------------------------------
separating paper......
process carried out at separation unit ID: 1509713998
{ recyclable of type P dropped into box....}
Box has ID: 637091966
--------------------------------------------------
separating paper......
process carried out at separation unit ID: 1509713998
{ recyclable of type P dropped into box....}
Box has ID: 637091966
--------------------------------------------------
separating paper......
process carried out at separation unit ID: 1509713998
{ recyclable of type P dropped into box....}
Box has ID: 637091966
--------------------------------------------------
separating paper......
process carried out at separation unit ID: 1509713998
{ recyclable of type P dropped into box....}
Box has ID: 637091966
--------------------------------------------------
separating paper......
process carried out at separation unit ID: 1509713998
{ recyclable of type P dropped into box....}
Box has ID: 637091966
--------------------------------------------------
separating paper......
process carried out at separation unit ID: 1509713998
{ recyclable of type P dropped into box....}
Box has ID: 637091966
--------------------------------------------------
separating paper......
process carried out at separation unit ID: 1509713998
{ recyclable of type P dropped into box....}
Box has ID: 637091966
--------------------------------------------------
separating paper......
process carried out at separation unit ID: 1509713998
{ recyclable of type P dropped into box....}
Box has ID: 637091966
--------------------------------------------------
separating paper......
process carried out at separation unit ID: 1509713998
{ recyclable of type P dropped into box....}
Box has ID: 637091966
--------------------------------------------------
separating paper......
process carried out at separation unit ID: 1509713998
{ recyclable of type P dropped into box....}
Box has ID: 637091966
--------------------------------------------------
separating paper......
process carried out at separation unit ID: 1509713998
{ recyclable of type P dropped into box....}
Box has ID: 637091966
--------------------------------------------------
separating paper......
process carried out at separation unit ID: 1509713998
{ recyclable of type P dropped into box....}
Box has ID: 637091966
--------------------------------------------------
separating paper......
process carried out at separation unit ID: 1509713998
{ recyclable of type P dropped into box....}
Box has ID: 637091966
--------------------------------------------------
separating paper......
process carried out at separation unit ID: 1509713998
{ recyclable of type P dropped into box....}
Box has ID: 637091966
--------------------------------------------------
separating paper......
process carried out at separation unit ID: 1509713998
{ recyclable of type P dropped into box....}
Box has ID: 637091966
--------------------------------------------------
separating paper......
process carried out at separation unit ID: 1509713998
{ recyclable of type P dropped into box....}
Box has ID: 637091966
--------------------------------------------------
separating paper......
process carried out at separation unit ID: 1509713998
{ recyclable of type P dropped into box....}
Box has ID: 637091966
--------------------------------------------------
separating paper......
process carried out at separation unit ID: 1509713998
{ recyclable of type P dropped into box....}
Box has ID: 637091966
--------------------------------------------------
separating paper......
process carried out at separation unit ID: 1509713998
{ recyclable of type P dropped into box....}
Box has ID: 637091966
--------------------------------------------------
separating paper......
process carried out at separation unit ID: 1509713998
{ recyclable of type P dropped into box....}
Box has ID: 637091966
--------------------------------------------------
separating paper......
process carried out at separation unit ID: 1509713998
{ recyclable of type P dropped into box....}
Box has ID: 637091966
--------------------------------------------------
separating paper......
process carried out at separation unit ID: 1509713998
{ recyclable of type P dropped into box....}
Box has ID: 637091966
--------------------------------------------------
separating paper......
process carried out at separation unit ID: 1509713998
{ recyclable of type P dropped into box....}
Box has ID: 637091966
--------------------------------------------------
separating paper......
process carried out at separation unit ID: 1509713998
{ recyclable of type P dropped into box....}
Box has ID: 637091966
--------------------------------------------------
separating paper......
process carried out at separation unit ID: 1509713998
{ recyclable of type P dropped into box....}
Box has ID: 637091966
--------------------------------------------------
separating paper......
process carried out at separation unit ID: 1509713998
{ recyclable of type P dropped into box....}
Box has ID: 637091966
--------------------------------------------------
separating paper......
process carried out at separation unit ID: 1509713998
{ recyclable of type P dropped into box....}
Box has ID: 637091966
--------------------------------------------------
separating paper......
process carried out at separation unit ID: 1509713998
{ recyclable of type P dropped into box....}
Box has ID: 637091966
--------------------------------------------------
separating paper......
process carried out at separation unit ID: 1509713998
{ recyclable of type P dropped into box....}
Box has ID: 637091966
--------------------------------------------------
separating paper......
process carried out at separation unit ID: 1509713998
{ recyclable of type P dropped into box....}
Box has ID: 637091966
--------------------------------------------------
separating paper......
process carried out at separation unit ID: 1509713998
{ recyclable of type P dropped into box....}
Box has ID: 637091966
--------------------------------------------------
separating paper......
process carried out at separation unit ID: 1509713998
{ recyclable of type P dropped into box....}
Box has ID: 637091966
--------------------------------------------------
separating paper......
process carried out at separation unit ID: 1509713998
{ recyclable of type P dropped into box....}
Box has ID: 637091966
--------------------------------------------------
separating paper......
process carried out at separation unit ID: 1509713998
{ recyclable of type P dropped into box....}
Box has ID: 637091966
--------------------------------------------------
separating paper......
process carried out at separation unit ID: 1509713998
{ recyclable of type P dropped into box....}
Box has ID: 637091966
--------------------------------------------------
separating paper......
process carried out at separation unit ID: 1509713998
{ recyclable of type P dropped into box....}
Box has ID: 637091966
--------------------------------------------------
separating paper......
process carried out at separation unit ID: 1509713998
{ recyclable of type P dropped into box....}
Box has ID: 637091966
--------------------------------------------------
separating paper......
process carried out at separation unit ID: 1509713998
{ recyclable of type P dropped into box....}
Box has ID: 637091966
--------------------------------------------------
separating paper......
process carried out at separation unit ID: 1509713998
{ recyclable of type P dropped into box....}
Box has ID: 637091966
--------------------------------------------------
separating paper......
process carried out at separation unit ID: 1509713998
{ recyclable of type P dropped into box....}
Box has ID: 637091966
--------------------------------------------------
separating paper......
process carried out at separation unit ID: 1509713998
{ recyclable of type P dropped into box....}
Box has ID: 637091966
--------------------------------------------------
separating paper......
process carried out at separation unit ID: 1509713998
{ recyclable of type P dropped into box....}
Box has ID: 637091966
--------------------------------------------------
separating paper......
process carried out at separation unit ID: 1509713998
{ recyclable of type P dropped into box....}
Box has ID: 637091966
--------------------------------------------------
separating paper......
process carried out at separation unit ID: 1509713998
{ recyclable of type P dropped into box....}
Box has ID: 637091966
--------------------------------------------------
separating paper......
process carried out at separation unit ID: 1509713998
{ recyclable of type P dropped into box....}
Box has ID: 637091966
--------------------------------------------------
separating paper......
process carried out at separation unit ID: 1509713998
{ recyclable of type P dropped into box....}
Box has ID: 637091966
--------------------------------------------------
separating paper......
process carried out at separation unit ID: 1509713998
{ recyclable of type P dropped into box....}
Box has ID: 637091966
--------------------------------------------------
separating paper......
process carried out at separation unit ID: 1509713998
{ recyclable of type P dropped into box....}
Box has ID: 637091966
--------------------------------------------------
separating paper......
process carried out at separation unit ID: 1509713998
{ recyclable of type P dropped into box....}
Box has ID: 637091966
--------------------------------------------------
separating paper......
process carried out at separation unit ID: 1509713998
{ recyclable of type P dropped into box....}
Box has ID: 637091966
--------------------------------------------------
separating paper......
process carried out at separation unit ID: 1509713998
{ recyclable of type P dropped into box....}
Box has ID: 637091966
--------------------------------------------------
separating paper......
process carried out at separation unit ID: 1509713998
{ recyclable of type P dropped into box....}
Box has ID: 637091966
--------------------------------------------------
separating paper......
process carried out at separation unit ID: 1509713998
{ recyclable of type P dropped into box....}
Box has ID: 637091966
--------------------------------------------------
separating paper......
process carried out at separation unit ID: 1509713998
{ recyclable of type P dropped into box....}
Box has ID: 637091966
--------------------------------------------------
separating paper......
process carried out at separation unit ID: 1509713998
{ recyclable of type P dropped into box....}
Box has ID: 637091966
--------------------------------------------------
separating paper......
process carried out at separation unit ID: 1509713998
{ recyclable of type P dropped into box....}
Box has ID: 637091966
--------------------------------------------------
separating paper......
process carried out at separation unit ID: 1509713998
{ recyclable of type P dropped into box....}
Box has ID: 637091966
--------------------------------------------------
separating paper......
process carried out at separation unit ID: 1509713998
{ recyclable of type P dropped into box....}
Box has ID: 637091966
--------------------------------------------------
separating paper......
process carried out at separation unit ID: 1509713998
{ recyclable of type P dropped into box....}
Box has ID: 637091966
--------------------------------------------------
separating paper......
process carried out at separation unit ID: 1509713998
{ recyclable of type P dropped into box....}
Box has ID: 637091966
--------------------------------------------------
separating paper......
process carried out at separation unit ID: 1509713998
{ recyclable of type P dropped into box....}
Box has ID: 637091966
--------------------------------------------------
separating paper......
process carried out at separation unit ID: 1509713998
{ recyclable of type P dropped into box....}
Box has ID: 637091966
--------------------------------------------------
separating paper......
process carried out at separation unit ID: 1509713998
{ recyclable of type P dropped into box....}
Box has ID: 637091966
--------------------------------------------------
separating paper......
process carried out at separation unit ID: 1509713998
{ recyclable of type P dropped into box....}
Box has ID: 637091966
--------------------------------------------------
separating paper......
process carried out at separation unit ID: 1509713998
{ recyclable of type P dropped into box....}
Box has ID: 637091966
--------------------------------------------------
separating paper......
process carried out at separation unit ID: 1509713998
{ recyclable of type P dropped into box....}
Box has ID: 637091966
--------------------------------------------------
separating paper......
process carried out at separation unit ID: 1509713998
{ recyclable of type P dropped into box....}
Box has ID: 637091966
--------------------------------------------------
separating paper......
process carried out at separation unit ID: 1509713998
{ recyclable of type P dropped into box....}
Box has ID: 637091966
--------------------------------------------------
separating paper......
process carried out at separation unit ID: 1509713998
{ recyclable of type P dropped into box....}
Box has ID: 637091966
--------------------------------------------------
separating paper......
process carried out at separation unit ID: 1509713998
{ recyclable of type P dropped into box....}
Box has ID: 637091966
--------------------------------------------------
separating paper......
process carried out at separation unit ID: 1509713998
{ recyclable of type P dropped into box....}
Box has ID: 637091966
--------------------------------------------------
separating paper......
process carried out at separation unit ID: 1509713998
{ recyclable of type P dropped into box....}
Box has ID: 637091966
--------------------------------------------------
separating paper......
process carried out at separation unit ID: 1509713998
{ recyclable of type P dropped into box....}
Box has ID: 637091966
--------------------------------------------------
separating paper......
process carried out at separation unit ID: 1509713998
{ recyclable of type P dropped into box....}
Box has ID: 637091966
--------------------------------------------------
separating paper......
process carried out at separation unit ID: 1509713998
{ recyclable of type P dropped into box....}
Box has ID: 637091966
--------------------------------------------------
separating paper......
process carried out at separation unit ID: 1509713998
{ recyclable of type P dropped into box....}
Box has ID: 637091966
--------------------------------------------------
separating paper......
process carried out at separation unit ID: 1509713998
{ recyclable of type P dropped into box....}
Box has ID: 637091966
--------------------------------------------------
separating paper......
process carried out at separation unit ID: 1509713998
{ recyclable of type P dropped into box....}
Box has ID: 637091966
--------------------------------------------------
separating paper......
process carried out at separation unit ID: 1509713998
{ recyclable of type P dropped into box....}
Box has ID: 637091966
--------------------------------------------------
separating paper......
process carried out at separation unit ID: 1509713998
{ recyclable of type P dropped into box....}
Box has ID: 637091966
--------------------------------------------------
separating paper......
process carried out at separation unit ID: 1509713998
{ recyclable of type P dropped into box....}
Box has ID: 637091966
--------------------------------------------------
separating paper......
process carried out at separation unit ID: 1509713998
{ recyclable of type P dropped into box....}
Box has ID: 637091966
--------------------------------------------------
separating paper......
process carried out at separation unit ID: 1509713998
{ recyclable of type P dropped into box....}
Box has ID: 637091966
--------------------------------------------------
separating paper......
process carried out at separation unit ID: 1509713998
{ recyclable of type P dropped into box....}
Box has ID: 637091966
--------------------------------------------------
separating paper......
process carried out at separation unit ID: 1509713998
{ recyclable of type P dropped into box....}
Box has ID: 637091966
--------------------------------------------------
separating paper......
process carried out at separation unit ID: 1509713998
{ recyclable of type P dropped into box....}
Box has ID: 637091966
--------------------------------------------------
separating paper......
process carried out at separation unit ID: 1509713998
{ recyclable of type P dropped into box....}
Box has ID: 637091966
--------------------------------------------------
separating paper......
process carried out at separation unit ID: 1509713998
{ recyclable of type P dropped into box....}
Box has ID: 637091966
--------------------------------------------------
separating paper......
process carried out at separation unit ID: 1509713998
{ recyclable of type P dropped into box....}
Box has ID: 637091966
--------------------------------------------------
separating paper......
process carried out at separation unit ID: 1509713998
{ recyclable of type P dropped into box....}
Box has ID: 637091966
--------------------------------------------------
separating paper......
process carried out at separation unit ID: 1509713998
{ recyclable of type P dropped into box....}
Box has ID: 637091966
--------------------------------------------------
separating paper......
process carried out at separation unit ID: 1509713998
{ recyclable of type P dropped into box....}
Box has ID: 637091966
--------------------------------------------------
separating paper......
process carried out at separation unit ID: 1509713998
{ recyclable of type P dropped into box....}
Box has ID: 637091966
--------------------------------------------------
separating paper......
process carried out at separation unit ID: 1509713998
{ recyclable of type P dropped into box....}
Box has ID: 637091966
--------------------------------------------------
separating paper......
process carried out at separation unit ID: 1509713998
{ recyclable of type P dropped into box....}
Box has ID: 637091966
--------------------------------------------------
separating paper......
process carried out at separation unit ID: 1509713998
{ recyclable of type P dropped into box....}
Box has ID: 637091966
--------------------------------------------------
separating paper......
process carried out at separation unit ID: 1509713998
{ recyclable of type P dropped into box....}
Box has ID: 637091966
--------------------------------------------------
separating paper......
process carried out at separation unit ID: 1509713998
{ recyclable of type P dropped into box....}
Box has ID: 637091966
--------------------------------------------------
separating paper......
process carried out at separation unit ID: 1509713998
{ recyclable of type P dropped into box....}
Box has ID: 637091966
--------------------------------------------------
separating paper......
process carried out at separation unit ID: 1509713998
{ recyclable of type P dropped into box....}
Box has ID: 637091966
--------------------------------------------------
separating paper......
process carried out at separation unit ID: 1509713998
{ recyclable of type P dropped into box....}
Box has ID: 637091966
--------------------------------------------------
separating paper......
process carried out at separation unit ID: 1509713998
{ recyclable of type P dropped into box....}
Box has ID: 637091966
--------------------------------------------------
separating paper......
process carried out at separation unit ID: 1509713998
{ recyclable of type P dropped into box....}
Box has ID: 637091966
--------------------------------------------------
separating paper......
process carried out at separation unit ID: 1509713998
{ recyclable of type P dropped into box....}
Box has ID: 637091966
--------------------------------------------------
separating paper......
process carried out at separation unit ID: 1509713998
{ recyclable of type P dropped into box....}
Box has ID: 637091966
--------------------------------------------------
separating paper......
process carried out at separation unit ID: 1509713998
{ recyclable of type P dropped into box....}
Box has ID: 637091966
--------------------------------------------------
separating paper......
process carried out at separation unit ID: 1509713998
{ recyclable of type P dropped into box....}
Box has ID: 637091966
--------------------------------------------------
separating paper......
process carried out at separation unit ID: 1509713998
{ recyclable of type P dropped into box....}
Box has ID: 637091966
--------------------------------------------------
separating paper......
process carried out at separation unit ID: 1509713998
{ recyclable of type P dropped into box....}
Box has ID: 637091966
--------------------------------------------------
separating paper......
process carried out at separation unit ID: 1509713998
{ recyclable of type P dropped into box....}
Box has ID: 637091966
--------------------------------------------------
separating paper......
process carried out at separation unit ID: 1509713998
{ recyclable of type P dropped into box....}
Box has ID: 637091966
--------------------------------------------------
separating paper......
process carried out at separation unit ID: 1509713998
{ recyclable of type P dropped into box....}
Box has ID: 637091966
--------------------------------------------------
separating paper......
process carried out at separation unit ID: 1509713998
{ recyclable of type P dropped into box....}
Box has ID: 637091966
--------------------------------------------------
separating paper......
process carried out at separation unit ID: 1509713998
{ recyclable of type P dropped into box....}
Box has ID: 637091966
--------------------------------------------------
separating paper......
process carried out at separation unit ID: 1509713998
{ recyclable of type P dropped into box....}
Box has ID: 637091966
--------------------------------------------------
separating paper......
process carried out at separation unit ID: 1509713998
{ recyclable of type P dropped into box....}
Box has ID: 637091966
--------------------------------------------------
separating paper......
process carried out at separation unit ID: 1509713998
{ recyclable of type P dropped into box....}
Box has ID: 637091966
--------------------------------------------------
separating paper......
process carried out at separation unit ID: 1509713998
{ recyclable of type P dropped into box....}
Box has ID: 637091966
--------------------------------------------------
separating paper......
process carried out at separation unit ID: 1509713998
{ recyclable of type P dropped into box....}
Box has ID: 637091966
--------------------------------------------------
separating paper......
process carried out at separation unit ID: 1509713998
{ recyclable of type P dropped into box....}
Box has ID: 637091966
--------------------------------------------------
separating paper......
process carried out at separation unit ID: 1509713998
{ recyclable of type P dropped into box....}
Box has ID: 637091966
--------------------------------------------------
separating paper......
process carried out at separation unit ID: 1509713998
{ recyclable of type P dropped into box....}
Box has ID: 637091966
--------------------------------------------------
separating paper......
process carried out at separation unit ID: 1509713998
{ recyclable of type P dropped into box....}
Box has ID: 637091966
--------------------------------------------------
separating paper......
process carried out at separation unit ID: 1509713998
{ recyclable of type P dropped into box....}
Box has ID: 637091966
--------------------------------------------------
separating paper......
process carried out at separation unit ID: 1509713998
{ recyclable of type P dropped into box....}
Box has ID: 637091966
--------------------------------------------------
separating paper......
process carried out at separation unit ID: 1509713998
{ recyclable of type P dropped into box....}
Box has ID: 637091966
--------------------------------------------------
separating paper......
process carried out at separation unit ID: 1509713998
{ recyclable of type P dropped into box....}
Box has ID: 637091966
--------------------------------------------------
separating paper......
process carried out at separation unit ID: 1509713998
{ recyclable of type P dropped into box....}
Box has ID: 637091966
--------------------------------------------------
separating paper......
process carried out at separation unit ID: 1509713998
{ recyclable of type P dropped into box....}
Box has ID: 637091966
--------------------------------------------------
separating paper......
process carried out at separation unit ID: 1509713998
{ recyclable of type P dropped into box....}
Box has ID: 637091966
--------------------------------------------------
separating paper......
process carried out at separation unit ID: 1509713998
{ recyclable of type P dropped into box....}
Box has ID: 637091966
--------------------------------------------------
separating paper......
process carried out at separation unit ID: 1509713998
{ recyclable of type P dropped into box....}
Box has ID: 637091966
--------------------------------------------------
separating paper......
process carried out at separation unit ID: 1509713998
{ recyclable of type P dropped into box....}
Box has ID: 637091966
--------------------------------------------------
separating paper......
process carried out at separation unit ID: 1509713998
{ recyclable of type P dropped into box....}
Box has ID: 637091966
--------------------------------------------------
separating paper......
process carried out at separation unit ID: 1509713998
{ recyclable of type P dropped into box....}
Box has ID: 637091966
--------------------------------------------------
separating paper......
process carried out at separation unit ID: 1509713998
{ recyclable of type P dropped into box....}
Box has ID: 637091966
--------------------------------------------------
separating paper......
process carried out at separation unit ID: 1509713998
{ recyclable of type P dropped into box....}
Box has ID: 637091966
--------------------------------------------------
separating paper......
process carried out at separation unit ID: 1509713998
{ recyclable of type P dropped into box....}
Box has ID: 637091966
--------------------------------------------------
separating paper......
process carried out at separation unit ID: 1509713998
{ recyclable of type P dropped into box....}
Box has ID: 637091966
--------------------------------------------------
separating paper......
process carried out at separation unit ID: 1509713998
{ recyclable of type P dropped into box....}
Box has ID: 637091966
--------------------------------------------------
separating paper......
process carried out at separation unit ID: 1509713998
{ recyclable of type P dropped into box....}
Box has ID: 637091966
--------------------------------------------------
separating paper......
process carried out at separation unit ID: 1509713998
{ recyclable of type P dropped into box....}
Box has ID: 637091966
--------------------------------------------------
separating paper......
process carried out at separation unit ID: 1509713998
{ recyclable of type P dropped into box....}
Box has ID: 637091966
--------------------------------------------------
separating paper......
process carried out at separation unit ID: 1509713998
{ recyclable of type P dropped into box....}
Box has ID: 637091966
--------------------------------------------------
separating paper......
process carried out at separation unit ID: 1509713998
{ recyclable of type P dropped into box....}
Box has ID: 637091966
--------------------------------------------------
separating paper......
process carried out at separation unit ID: 1509713998
{ recyclable of type P dropped into box....}
Box has ID: 637091966
--------------------------------------------------
separating paper......
process carried out at separation unit ID: 1509713998
{ recyclable of type P dropped into box....}
Box has ID: 637091966
--------------------------------------------------
separating paper......
process carried out at separation unit ID: 1509713998
{ recyclable of type P dropped into box....}
Box has ID: 637091966
--------------------------------------------------
separating paper......
process carried out at separation unit ID: 1509713998
{ recyclable of type P dropped into box....}
Box has ID: 637091966
--------------------------------------------------
separating paper......
process carried out at separation unit ID: 1509713998
{ recyclable of type P dropped into box....}
Box has ID: 637091966
--------------------------------------------------
separating paper......
process carried out at separation unit ID: 1509713998
{ recyclable of type P dropped into box....}
Box has ID: 637091966
--------------------------------------------------
separating paper......
process carried out at separation unit ID: 1509713998
{ recyclable of type P dropped into box....}
Box has ID: 637091966
--------------------------------------------------
separating paper......
process carried out at separation unit ID: 1509713998
{ recyclable of type P dropped into box....}
Box has ID: 637091966
--------------------------------------------------
separating paper......
process carried out at separation unit ID: 1509713998
{ recyclable of type P dropped into box....}
Box has ID: 637091966
--------------------------------------------------
separating paper......
process carried out at separation unit ID: 1509713998
{ recyclable of type P dropped into box....}
Box has ID: 637091966
--------------------------------------------------
separating paper......
process carried out at separation unit ID: 1509713998
{ recyclable of type P dropped into box....}
Box has ID: 637091966
--------------------------------------------------
separating paper......
process carried out at separation unit ID: 1509713998
{ recyclable of type P dropped into box....}
Box has ID: 637091966
--------------------------------------------------
separating paper......
process carried out at separation unit ID: 1509713998
{ recyclable of type P dropped into box....}
Box has ID: 637091966
--------------------------------------------------
separating paper......
process carried out at separation unit ID: 1509713998
{ recyclable of type P dropped into box....}
Box has ID: 637091966
--------------------------------------------------
separating paper......
process carried out at separation unit ID: 1509713998
{ recyclable of type P dropped into box....}
Box has ID: 637091966
--------------------------------------------------
separating paper......
process carried out at separation unit ID: 1509713998
{ recyclable of type P dropped into box....}
Box has ID: 637091966
--------------------------------------------------
separating paper......
process carried out at separation unit ID: 1509713998
{ recyclable of type P dropped into box....}
Box has ID: 637091966
--------------------------------------------------
separating paper......
process carried out at separation unit ID: 1509713998
{ recyclable of type P dropped into box....}
Box has ID: 637091966
--------------------------------------------------
separating paper......
process carried out at separation unit ID: 1509713998
{ recyclable of type P dropped into box....}
Box has ID: 637091966
--------------------------------------------------
separating paper......
process carried out at separation unit ID: 1509713998
{ recyclable of type P dropped into box....}
Box has ID: 637091966
--------------------------------------------------
separating paper......
process carried out at separation unit ID: 1509713998
{ recyclable of type P dropped into box....}
Box has ID: 637091966
--------------------------------------------------
separating paper......
process carried out at separation unit ID: 1509713998
{ recyclable of type P dropped into box....}
Box has ID: 637091966
--------------------------------------------------
separating paper......
process carried out at separation unit ID: 1509713998
{ recyclable of type P dropped into box....}
Box has ID: 637091966
--------------------------------------------------
separating paper......
process carried out at separation unit ID: 1509713998
{ recyclable of type P dropped into box....}
Box has ID: 637091966
--------------------------------------------------
separating paper......
process carried out at separation unit ID: 1509713998
{ recyclable of type P dropped into box....}
Box has ID: 637091966
--------------------------------------------------
separating paper......
process carried out at separation unit ID: 1509713998
{ recyclable of type P dropped into box....}
Box has ID: 637091966
--------------------------------------------------
separating paper......
process carried out at separation unit ID: 1509713998
{ recyclable of type P dropped into box....}
Box has ID: 637091966
--------------------------------------------------
separating paper......
process carried out at separation unit ID: 1509713998
{ recyclable of type P dropped into box....}
Box has ID: 637091966
--------------------------------------------------
separating paper......
process carried out at separation unit ID: 1509713998
{ recyclable of type P dropped into box....}
Box has ID: 637091966
--------------------------------------------------
separating paper......
process carried out at separation unit ID: 1509713998
{ recyclable of type P dropped into box....}
Box has ID: 637091966
--------------------------------------------------
separating paper......
process carried out at separation unit ID: 1509713998
{ recyclable of type P dropped into box....}
Box has ID: 637091966
--------------------------------------------------
separating paper......
process carried out at separation unit ID: 1509713998
{ recyclable of type P dropped into box....}
Box has ID: 637091966
--------------------------------------------------
separating paper......
process carried out at separation unit ID: 1509713998
{ recyclable of type P dropped into box....}
Box has ID: 637091966
--------------------------------------------------
separating paper......
process carried out at separation unit ID: 1509713998
{ recyclable of type P dropped into box....}
Box has ID: 637091966
--------------------------------------------------
separating paper......
process carried out at separation unit ID: 1509713998
{ recyclable of type P dropped into box....}
Box has ID: 637091966
--------------------------------------------------
separating paper......
process carried out at separation unit ID: 1509713998
{ recyclable of type P dropped into box....}
Box has ID: 637091966
--------------------------------------------------
separating paper......
process carried out at separation unit ID: 1509713998
{ recyclable of type P dropped into box....}
Box has ID: 637091966
--------------------------------------------------
separating paper......
process carried out at separation unit ID: 1509713998
{ recyclable of type P dropped into box....}
Box has ID: 637091966
--------------------------------------------------
separating paper......
process carried out at separation unit ID: 1509713998
{ recyclable of type P dropped into box....}
Box has ID: 637091966
--------------------------------------------------
separating paper......
process carried out at separation unit ID: 1509713998
{ recyclable of type P dropped into box....}
Box has ID: 637091966
--------------------------------------------------
separating paper......
process carried out at separation unit ID: 1509713998
{ recyclable of type P dropped into box....}
Box has ID: 637091966
--------------------------------------------------
separating paper......
process carried out at separation unit ID: 1509713998
{ recyclable of type P dropped into box....}
Box has ID: 637091966
--------------------------------------------------
separating paper......
process carried out at separation unit ID: 1509713998
{ recyclable of type P dropped into box....}
Box has ID: 637091966
--------------------------------------------------
separating paper......
process carried out at separation unit ID: 1509713998
{ recyclable of type P dropped into box....}
Box has ID: 637091966
--------------------------------------------------
separating paper......
process carried out at separation unit ID: 1509713998
{ recyclable of type P dropped into box....}
Box has ID: 637091966
--------------------------------------------------
separating paper......
process carried out at separation unit ID: 1509713998
{ recyclable of type P dropped into box....}
Box has ID: 637091966
--------------------------------------------------
separating paper......
process carried out at separation unit ID: 1509713998
{ recyclable of type P dropped into box....}
Box has ID: 637091966
--------------------------------------------------
separating paper......
process carried out at separation unit ID: 1509713998
{ recyclable of type P dropped into box....}
Box has ID: 637091966
--------------------------------------------------
separating paper......
process carried out at separation unit ID: 1509713998
{ recyclable of type P dropped into box....}
Box has ID: 637091966
--------------------------------------------------
separating paper......
process carried out at separation unit ID: 1509713998
{ recyclable of type P dropped into box....}
Box has ID: 637091966
--------------------------------------------------
separating paper......
process carried out at separation unit ID: 1509713998
{ recyclable of type P dropped into box....}
Box has ID: 637091966
--------------------------------------------------
separating paper......
process carried out at separation unit ID: 1509713998
{ recyclable of type P dropped into box....}
Box has ID: 637091966
--------------------------------------------------
separating paper......
process carried out at separation unit ID: 1509713998
{ recyclable of type P dropped into box....}
Box has ID: 637091966
--------------------------------------------------
separating paper......
process carried out at separation unit ID: 1509713998
{ recyclable of type P dropped into box....}
Box has ID: 637091966
--------------------------------------------------
separating paper......
process carried out at separation unit ID: 1509713998
{ recyclable of type P dropped into box....}
Box has ID: 637091966
--------------------------------------------------
separating paper......
process carried out at separation unit ID: 1509713998
{ recyclable of type P dropped into box....}
Box has ID: 637091966
--------------------------------------------------
separating paper......
process carried out at separation unit ID: 1509713998
{ recyclable of type P dropped into box....}
Box has ID: 637091966
--------------------------------------------------
separating paper......
process carried out at separation unit ID: 1509713998
{ recyclable of type P dropped into box....}
Box has ID: 637091966
--------------------------------------------------
separating paper......
process carried out at separation unit ID: 1509713998
{ recyclable of type P dropped into box....}
Box has ID: 637091966
--------------------------------------------------
separating paper......
process carried out at separation unit ID: 1509713998
{ recyclable of type P dropped into box....}
Box has ID: 637091966
--------------------------------------------------
separating paper......
process carried out at separation unit ID: 1509713998
{ recyclable of type P dropped into box....}
Box has ID: 637091966
--------------------------------------------------
separating paper......
process carried out at separation unit ID: 1509713998
{ recyclable of type P dropped into box....}
Box has ID: 637091966
--------------------------------------------------
separating paper......
process carried out at separation unit ID: 1509713998
{ recyclable of type P dropped into box....}
Box has ID: 637091966
--------------------------------------------------
separating paper......
process carried out at separation unit ID: 1509713998
{ recyclable of type P dropped into box....}
Box has ID: 637091966
--------------------------------------------------
separating paper......
process carried out at separation unit ID: 1509713998
{ recyclable of type P dropped into box....}
Box has ID: 637091966
--------------------------------------------------
separating paper......
process carried out at separation unit ID: 1509713998
{ recyclable of type P dropped into box....}
Box has ID: 637091966
--------------------------------------------------
separating paper......
process carried out at separation unit ID: 1509713998
{ recyclable of type P dropped into box....}
Box has ID: 637091966
--------------------------------------------------
separating paper......
process carried out at separation unit ID: 1509713998
{ recyclable of type P dropped into box....}
Box has ID: 637091966
--------------------------------------------------
separating paper......
process carried out at separation unit ID: 1509713998
{ recyclable of type P dropped into box....}
Box has ID: 637091966
--------------------------------------------------
separating paper......
process carried out at separation unit ID: 1509713998
{ recyclable of type P dropped into box....}
Box has ID: 637091966
--------------------------------------------------
separating paper......
process carried out at separation unit ID: 1509713998
{ recyclable of type P dropped into box....}
Box has ID: 637091966
--------------------------------------------------
separating paper......
process carried out at separation unit ID: 1509713998
{ recyclable of type P dropped into box....}
Box has ID: 637091966
--------------------------------------------------
separating paper......
process carried out at separation unit ID: 1509713998
{ recyclable of type P dropped into box....}
Box has ID: 637091966
--------------------------------------------------
separating paper......
process carried out at separation unit ID: 1509713998
{ recyclable of type P dropped into box....}
Box has ID: 637091966
--------------------------------------------------
separating paper......
process carried out at separation unit ID: 1509713998
{ recyclable of type P dropped into box....}
Box has ID: 637091966
--------------------------------------------------
separating paper......
process carried out at separation unit ID: 1509713998
{ recyclable of type P dropped into box....}
Box has ID: 637091966
--------------------------------------------------
separating paper......
process carried out at separation unit ID: 1509713998
{ recyclable of type P dropped into box....}
Box has ID: 637091966
--------------------------------------------------
separating paper......
process carried out at separation unit ID: 1509713998
{ recyclable of type P dropped into box....}
Box has ID: 637091966
--------------------------------------------------
separating paper......
process carried out at separation unit ID: 1509713998
{ recyclable of type P dropped into box....}
Box has ID: 637091966
--------------------------------------------------
separating paper......
process carried out at separation unit ID: 1509713998
{ recyclable of type P dropped into box....}
Box has ID: 637091966
--------------------------------------------------
separating paper......
process carried out at separation unit ID: 1509713998
{ recyclable of type P dropped into box....}
Box has ID: 637091966
--------------------------------------------------
separating paper......
process carried out at separation unit ID: 1509713998
{ recyclable of type P dropped into box....}
Box has ID: 637091966
--------------------------------------------------
separating paper......
process carried out at separation unit ID: 1509713998
{ recyclable of type P dropped into box....}
Box has ID: 637091966
--------------------------------------------------
separating paper......
process carried out at separation unit ID: 1509713998
{ recyclable of type P dropped into box....}
Box has ID: 637091966
--------------------------------------------------
separating paper......
process carried out at separation unit ID: 1509713998
{ recyclable of type P dropped into box....}
Box has ID: 637091966
--------------------------------------------------
separating paper......
process carried out at separation unit ID: 1509713998
{ recyclable of type P dropped into box....}
Box has ID: 637091966
--------------------------------------------------
separating paper......
process carried out at separation unit ID: 1509713998
{ recyclable of type P dropped into box....}
Box has ID: 637091966
--------------------------------------------------
separating paper......
process carried out at separation unit ID: 1509713998
{ recyclable of type P dropped into box....}
Box has ID: 637091966
--------------------------------------------------
separating paper......
process carried out at separation unit ID: 1509713998
{ recyclable of type P dropped into box....}
Box has ID: 637091966
--------------------------------------------------
separating paper......
process carried out at separation unit ID: 1509713998
{ recyclable of type P dropped into box....}
Box has ID: 637091966
--------------------------------------------------
separating paper......
process carried out at separation unit ID: 1509713998
{ recyclable of type P dropped into box....}
Box has ID: 637091966
--------------------------------------------------
separating paper......
process carried out at separation unit ID: 1509713998
{ recyclable of type P dropped into box....}
Box has ID: 637091966
--------------------------------------------------
separating paper......
process carried out at separation unit ID: 1509713998
{ recyclable of type P dropped into box....}
Box has ID: 637091966
--------------------------------------------------
-----------------------------------------------------------------------------------
-----------------------------------------------------------------------------------
ALARM !!!!!!! BOX with ID 637091966 is full.....
-----------------------------------------------------------------------------------
-----------------------------------------------------------------------------------
box capacity: 1000
worker replaced filled box with ID: 637091966 , with a new box with ID: 1428494531 at process unit: 1509713998

separating paper......
process carried out at separation unit ID: 1509713998
{ recyclable of type P dropped into box....}
Box has ID: 1428494531
--------------------------------------------------
separating paper......
process carried out at separation unit ID: 1513071903
{ recyclable of type P dropped into box....}
Box has ID: 2125470482
--------------------------------------------------
separating paper......
process carried out at separation unit ID: 1513071903
{ recyclable of type P dropped into box....}
Box has ID: 2125470482
--------------------------------------------------
separating paper......
process carried out at separation unit ID: 1513071903
{ recyclable of type P dropped into box....}
Box has ID: 2125470482
--------------------------------------------------
separating paper......
process carried out at separation unit ID: 1513071903
{ recyclable of type P dropped into box....}
Box has ID: 2125470482
--------------------------------------------------
separating paper......
process carried out at separation unit ID: 1513071903
{ recyclable of type P dropped into box....}
Box has ID: 2125470482
--------------------------------------------------
separating paper......
process carried out at separation unit ID: 1513071903
{ recyclable of type P dropped into box....}
Box has ID: 2125470482
--------------------------------------------------
separating paper......
process carried out at separation unit ID: 1513071903
{ recyclable of type P dropped into box....}
Box has ID: 2125470482
--------------------------------------------------
separating paper......
process carried out at separation unit ID: 1513071903
{ recyclable of type P dropped into box....}
Box has ID: 2125470482
--------------------------------------------------
separating paper......
process carried out at separation unit ID: 1513071903
{ recyclable of type P dropped into box....}
Box has ID: 2125470482
--------------------------------------------------
separating paper......
process carried out at separation unit ID: 1513071903
{ recyclable of type P dropped into box....}
Box has ID: 2125470482
--------------------------------------------------
separating paper......
process carried out at separation unit ID: 1513071903
{ recyclable of type P dropped into box....}
Box has ID: 2125470482
--------------------------------------------------
separating paper......
process carried out at separation unit ID: 1513071903
{ recyclable of type P dropped into box....}
Box has ID: 2125470482
--------------------------------------------------
separating paper......
process carried out at separation unit ID: 1513071903
{ recyclable of type P dropped into box....}
Box has ID: 2125470482
--------------------------------------------------
separating paper......
process carried out at separation unit ID: 1513071903
{ recyclable of type P dropped into box....}
Box has ID: 2125470482
--------------------------------------------------
separating paper......
process carried out at separation unit ID: 1513071903
{ recyclable of type P dropped into box....}
Box has ID: 2125470482
--------------------------------------------------
separating paper......
process carried out at separation unit ID: 1513071903
{ recyclable of type P dropped into box....}
Box has ID: 2125470482
--------------------------------------------------
separating paper......
process carried out at separation unit ID: 1513071903
{ recyclable of type P dropped into box....}
Box has ID: 2125470482
--------------------------------------------------
separating paper......
process carried out at separation unit ID: 1513071903
{ recyclable of type P dropped into box....}
Box has ID: 2125470482
--------------------------------------------------
separating paper......
process carried out at separation unit ID: 1513071903
{ recyclable of type P dropped into box....}
Box has ID: 2125470482
--------------------------------------------------
separating paper......
process carried out at separation unit ID: 1513071903
{ recyclable of type P dropped into box....}
Box has ID: 2125470482
--------------------------------------------------
separating paper......
process carried out at separation unit ID: 1513071903
{ recyclable of type P dropped into box....}
Box has ID: 2125470482
--------------------------------------------------
separating paper......
process carried out at separation unit ID: 1513071903
{ recyclable of type P dropped into box....}
Box has ID: 2125470482
--------------------------------------------------
separating paper......
process carried out at separation unit ID: 1513071903
{ recyclable of type P dropped into box....}
Box has ID: 2125470482
--------------------------------------------------
separating paper......
process carried out at separation unit ID: 1513071903
{ recyclable of type P dropped into box....}
Box has ID: 2125470482
--------------------------------------------------
separating paper......
process carried out at separation unit ID: 1513071903
{ recyclable of type P dropped into box....}
Box has ID: 2125470482
--------------------------------------------------
separating paper......
process carried out at separation unit ID: 1513071903
{ recyclable of type P dropped into box....}
Box has ID: 2125470482
--------------------------------------------------
separating paper......
process carried out at separation unit ID: 1513071903
{ recyclable of type P dropped into box....}
Box has ID: 2125470482
--------------------------------------------------
separating paper......
process carried out at separation unit ID: 1513071903
{ recyclable of type P dropped into box....}
Box has ID: 2125470482
--------------------------------------------------
separating paper......
process carried out at separation unit ID: 1513071903
{ recyclable of type P dropped into box....}
Box has ID: 2125470482
--------------------------------------------------
separating paper......
process carried out at separation unit ID: 1513071903
{ recyclable of type P dropped into box....}
Box has ID: 2125470482
--------------------------------------------------
separating paper......
process carried out at separation unit ID: 1513071903
{ recyclable of type P dropped into box....}
Box has ID: 2125470482
--------------------------------------------------
separating paper......
process carried out at separation unit ID: 1513071903
{ recyclable of type P dropped into box....}
Box has ID: 2125470482
--------------------------------------------------
separating paper......
process carried out at separation unit ID: 1513071903
{ recyclable of type P dropped into box....}
Box has ID: 2125470482
--------------------------------------------------
separating paper......
process carried out at separation unit ID: 1513071903
{ recyclable of type P dropped into box....}
Box has ID: 2125470482
--------------------------------------------------
separating paper......
process carried out at separation unit ID: 1513071903
{ recyclable of type P dropped into box....}
Box has ID: 2125470482
--------------------------------------------------
separating paper......
process carried out at separation unit ID: 1513071903
{ recyclable of type P dropped into box....}
Box has ID: 2125470482
--------------------------------------------------
separating paper......
process carried out at separation unit ID: 1513071903
{ recyclable of type P dropped into box....}
Box has ID: 2125470482
--------------------------------------------------
separating paper......
process carried out at separation unit ID: 1513071903
{ recyclable of type P dropped into box....}
Box has ID: 2125470482
--------------------------------------------------
separating paper......
process carried out at separation unit ID: 1513071903
{ recyclable of type P dropped into box....}
Box has ID: 2125470482
--------------------------------------------------
separating paper......
process carried out at separation unit ID: 1513071903
{ recyclable of type P dropped into box....}
Box has ID: 2125470482
--------------------------------------------------
separating paper......
process carried out at separation unit ID: 1513071903
{ recyclable of type P dropped into box....}
Box has ID: 2125470482
--------------------------------------------------
separating paper......
process carried out at separation unit ID: 1513071903
{ recyclable of type P dropped into box....}
Box has ID: 2125470482
--------------------------------------------------
separating paper......
process carried out at separation unit ID: 1513071903
{ recyclable of type P dropped into box....}
Box has ID: 2125470482
--------------------------------------------------
separating paper......
process carried out at separation unit ID: 1513071903
{ recyclable of type P dropped into box....}
Box has ID: 2125470482
--------------------------------------------------
separating paper......
process carried out at separation unit ID: 1513071903
{ recyclable of type P dropped into box....}
Box has ID: 2125470482
--------------------------------------------------
separating paper......
process carried out at separation unit ID: 1513071903
{ recyclable of type P dropped into box....}
Box has ID: 2125470482
--------------------------------------------------
separating paper......
process carried out at separation unit ID: 1513071903
{ recyclable of type P dropped into box....}
Box has ID: 2125470482
--------------------------------------------------
separating paper......
process carried out at separation unit ID: 1513071903
{ recyclable of type P dropped into box....}
Box has ID: 2125470482
--------------------------------------------------
separating paper......
process carried out at separation unit ID: 1513071903
{ recyclable of type P dropped into box....}
Box has ID: 2125470482
--------------------------------------------------
separating paper......
process carried out at separation unit ID: 1513071903
{ recyclable of type P dropped into box....}
Box has ID: 2125470482
--------------------------------------------------
separating paper......
process carried out at separation unit ID: 1513071903
{ recyclable of type P dropped into box....}
Box has ID: 2125470482
--------------------------------------------------
separating paper......
process carried out at separation unit ID: 1513071903
{ recyclable of type P dropped into box....}
Box has ID: 2125470482
--------------------------------------------------
separating paper......
process carried out at separation unit ID: 1513071903
{ recyclable of type P dropped into box....}
Box has ID: 2125470482
--------------------------------------------------
separating paper......
process carried out at separation unit ID: 1513071903
{ recyclable of type P dropped into box....}
Box has ID: 2125470482
--------------------------------------------------
separating paper......
process carried out at separation unit ID: 1513071903
{ recyclable of type P dropped into box....}
Box has ID: 2125470482
--------------------------------------------------
separating paper......
process carried out at separation unit ID: 1513071903
{ recyclable of type P dropped into box....}
Box has ID: 2125470482
--------------------------------------------------
separating paper......
process carried out at separation unit ID: 1513071903
{ recyclable of type P dropped into box....}
Box has ID: 2125470482
--------------------------------------------------
separating paper......
process carried out at separation unit ID: 1513071903
{ recyclable of type P dropped into box....}
Box has ID: 2125470482
--------------------------------------------------
separating paper......
process carried out at separation unit ID: 1513071903
{ recyclable of type P dropped into box....}
Box has ID: 2125470482
--------------------------------------------------
separating paper......
process carried out at separation unit ID: 1513071903
{ recyclable of type P dropped into box....}
Box has ID: 2125470482
--------------------------------------------------
separating paper......
process carried out at separation unit ID: 1513071903
{ recyclable of type P dropped into box....}
Box has ID: 2125470482
--------------------------------------------------
separating paper......
process carried out at separation unit ID: 1513071903
{ recyclable of type P dropped into box....}
Box has ID: 2125470482
--------------------------------------------------
separating paper......
process carried out at separation unit ID: 1513071903
{ recyclable of type P dropped into box....}
Box has ID: 2125470482
--------------------------------------------------
separating paper......
process carried out at separation unit ID: 1513071903
{ recyclable of type P dropped into box....}
Box has ID: 2125470482
--------------------------------------------------
separating paper......
process carried out at separation unit ID: 1513071903
{ recyclable of type P dropped into box....}
Box has ID: 2125470482
--------------------------------------------------
separating paper......
process carried out at separation unit ID: 1513071903
{ recyclable of type P dropped into box....}
Box has ID: 2125470482
--------------------------------------------------
separating paper......
process carried out at separation unit ID: 1513071903
{ recyclable of type P dropped into box....}
Box has ID: 2125470482
--------------------------------------------------
separating paper......
process carried out at separation unit ID: 1513071903
{ recyclable of type P dropped into box....}
Box has ID: 2125470482
--------------------------------------------------
separating paper......
process carried out at separation unit ID: 1513071903
{ recyclable of type P dropped into box....}
Box has ID: 2125470482
--------------------------------------------------
separating paper......
process carried out at separation unit ID: 1513071903
{ recyclable of type P dropped into box....}
Box has ID: 2125470482
--------------------------------------------------
separating paper......
process carried out at separation unit ID: 1513071903
{ recyclable of type P dropped into box....}
Box has ID: 2125470482
--------------------------------------------------
separating paper......
process carried out at separation unit ID: 1513071903
{ recyclable of type P dropped into box....}
Box has ID: 2125470482
--------------------------------------------------
separating paper......
process carried out at separation unit ID: 1513071903
{ recyclable of type P dropped into box....}
Box has ID: 2125470482
--------------------------------------------------
separating paper......
process carried out at separation unit ID: 1513071903
{ recyclable of type P dropped into box....}
Box has ID: 2125470482
--------------------------------------------------
separating paper......
process carried out at separation unit ID: 1513071903
{ recyclable of type P dropped into box....}
Box has ID: 2125470482
--------------------------------------------------
separating paper......
process carried out at separation unit ID: 1513071903
{ recyclable of type P dropped into box....}
Box has ID: 2125470482
--------------------------------------------------
separating paper......
process carried out at separation unit ID: 1513071903
{ recyclable of type P dropped into box....}
Box has ID: 2125470482
--------------------------------------------------
separating paper......
process carried out at separation unit ID: 1513071903
{ recyclable of type P dropped into box....}
Box has ID: 2125470482
--------------------------------------------------
separating paper......
process carried out at separation unit ID: 1513071903
{ recyclable of type P dropped into box....}
Box has ID: 2125470482
--------------------------------------------------
separating paper......
process carried out at separation unit ID: 1513071903
{ recyclable of type P dropped into box....}
Box has ID: 2125470482
--------------------------------------------------
separating paper......
process carried out at separation unit ID: 1513071903
{ recyclable of type P dropped into box....}
Box has ID: 2125470482
--------------------------------------------------
separating paper......
process carried out at separation unit ID: 1513071903
{ recyclable of type P dropped into box....}
Box has ID: 2125470482
--------------------------------------------------
separating paper......
process carried out at separation unit ID: 1513071903
{ recyclable of type P dropped into box....}
Box has ID: 2125470482
--------------------------------------------------
separating paper......
process carried out at separation unit ID: 1513071903
{ recyclable of type P dropped into box....}
Box has ID: 2125470482
--------------------------------------------------
separating paper......
process carried out at separation unit ID: 1513071903
{ recyclable of type P dropped into box....}
Box has ID: 2125470482
--------------------------------------------------
separating paper......
process carried out at separation unit ID: 1513071903
{ recyclable of type P dropped into box....}
Box has ID: 2125470482
--------------------------------------------------
separating paper......
process carried out at separation unit ID: 1513071903
{ recyclable of type P dropped into box....}
Box has ID: 2125470482
--------------------------------------------------
separating paper......
process carried out at separation unit ID: 1513071903
{ recyclable of type P dropped into box....}
Box has ID: 2125470482
--------------------------------------------------
separating paper......
process carried out at separation unit ID: 1513071903
{ recyclable of type P dropped into box....}
Box has ID: 2125470482
--------------------------------------------------
separating paper......
process carried out at separation unit ID: 1513071903
{ recyclable of type P dropped into box....}
Box has ID: 2125470482
--------------------------------------------------
separating paper......
process carried out at separation unit ID: 1513071903
{ recyclable of type P dropped into box....}
Box has ID: 2125470482
--------------------------------------------------
separating paper......
process carried out at separation unit ID: 1513071903
{ recyclable of type P dropped into box....}
Box has ID: 2125470482
--------------------------------------------------
separating paper......
process carried out at separation unit ID: 1513071903
{ recyclable of type P dropped into box....}
Box has ID: 2125470482
--------------------------------------------------
separating paper......
process carried out at separation unit ID: 1513071903
{ recyclable of type P dropped into box....}
Box has ID: 2125470482
--------------------------------------------------
separating paper......
process carried out at separation unit ID: 1513071903
{ recyclable of type P dropped into box....}
Box has ID: 2125470482
--------------------------------------------------
separating paper......
process carried out at separation unit ID: 1513071903
{ recyclable of type P dropped into box....}
Box has ID: 2125470482
--------------------------------------------------
separating paper......
process carried out at separation unit ID: 1513071903
{ recyclable of type P dropped into box....}
Box has ID: 2125470482
--------------------------------------------------
separating paper......
process carried out at separation unit ID: 1513071903
{ recyclable of type P dropped into box....}
Box has ID: 2125470482
--------------------------------------------------
separating paper......
process carried out at separation unit ID: 1513071903
{ recyclable of type P dropped into box....}
Box has ID: 2125470482
--------------------------------------------------
separating paper......
process carried out at separation unit ID: 1513071903
{ recyclable of type P dropped into box....}
Box has ID: 2125470482
--------------------------------------------------
separating paper......
process carried out at separation unit ID: 1513071903
{ recyclable of type P dropped into box....}
Box has ID: 2125470482
--------------------------------------------------
separating paper......
process carried out at separation unit ID: 1513071903
{ recyclable of type P dropped into box....}
Box has ID: 2125470482
--------------------------------------------------
separating paper......
process carried out at separation unit ID: 1513071903
{ recyclable of type P dropped into box....}
Box has ID: 2125470482
--------------------------------------------------
separating paper......
process carried out at separation unit ID: 1513071903
{ recyclable of type P dropped into box....}
Box has ID: 2125470482
--------------------------------------------------
separating paper......
process carried out at separation unit ID: 1513071903
{ recyclable of type P dropped into box....}
Box has ID: 2125470482
--------------------------------------------------
separating paper......
process carried out at separation unit ID: 1513071903
{ recyclable of type P dropped into box....}
Box has ID: 2125470482
--------------------------------------------------
separating paper......
process carried out at separation unit ID: 1513071903
{ recyclable of type P dropped into box....}
Box has ID: 2125470482
--------------------------------------------------
separating paper......
process carried out at separation unit ID: 1513071903
{ recyclable of type P dropped into box....}
Box has ID: 2125470482
--------------------------------------------------
separating paper......
process carried out at separation unit ID: 1513071903
{ recyclable of type P dropped into box....}
Box has ID: 2125470482
--------------------------------------------------
separating paper......
process carried out at separation unit ID: 1513071903
{ recyclable of type P dropped into box....}
Box has ID: 2125470482
--------------------------------------------------
separating paper......
process carried out at separation unit ID: 1513071903
{ recyclable of type P dropped into box....}
Box has ID: 2125470482
--------------------------------------------------
separating paper......
process carried out at separation unit ID: 1513071903
{ recyclable of type P dropped into box....}
Box has ID: 2125470482
--------------------------------------------------
separating paper......
process carried out at separation unit ID: 1513071903
{ recyclable of type P dropped into box....}
Box has ID: 2125470482
--------------------------------------------------
separating paper......
process carried out at separation unit ID: 1513071903
{ recyclable of type P dropped into box....}
Box has ID: 2125470482
--------------------------------------------------
separating paper......
process carried out at separation unit ID: 1513071903
{ recyclable of type P dropped into box....}
Box has ID: 2125470482
--------------------------------------------------
separating paper......
process carried out at separation unit ID: 1513071903
{ recyclable of type P dropped into box....}
Box has ID: 2125470482
--------------------------------------------------
separating paper......
process carried out at separation unit ID: 1513071903
{ recyclable of type P dropped into box....}
Box has ID: 2125470482
--------------------------------------------------
separating paper......
process carried out at separation unit ID: 1513071903
{ recyclable of type P dropped into box....}
Box has ID: 2125470482
--------------------------------------------------
separating paper......
process carried out at separation unit ID: 1513071903
{ recyclable of type P dropped into box....}
Box has ID: 2125470482
--------------------------------------------------
separating paper......
process carried out at separation unit ID: 1513071903
{ recyclable of type P dropped into box....}
Box has ID: 2125470482
--------------------------------------------------
separating paper......
process carried out at separation unit ID: 1513071903
{ recyclable of type P dropped into box....}
Box has ID: 2125470482
--------------------------------------------------
separating paper......
process carried out at separation unit ID: 1513071903
{ recyclable of type P dropped into box....}
Box has ID: 2125470482
--------------------------------------------------
separating paper......
process carried out at separation unit ID: 1513071903
{ recyclable of type P dropped into box....}
Box has ID: 2125470482
--------------------------------------------------
separating paper......
process carried out at separation unit ID: 1513071903
{ recyclable of type P dropped into box....}
Box has ID: 2125470482
--------------------------------------------------
separating paper......
process carried out at separation unit ID: 1513071903
{ recyclable of type P dropped into box....}
Box has ID: 2125470482
--------------------------------------------------
separating paper......
process carried out at separation unit ID: 1513071903
{ recyclable of type P dropped into box....}
Box has ID: 2125470482
--------------------------------------------------
separating paper......
process carried out at separation unit ID: 1513071903
{ recyclable of type P dropped into box....}
Box has ID: 2125470482
--------------------------------------------------
separating paper......
process carried out at separation unit ID: 1513071903
{ recyclable of type P dropped into box....}
Box has ID: 2125470482
--------------------------------------------------
separating paper......
process carried out at separation unit ID: 1513071903
{ recyclable of type P dropped into box....}
Box has ID: 2125470482
--------------------------------------------------
separating paper......
process carried out at separation unit ID: 1513071903
{ recyclable of type P dropped into box....}
Box has ID: 2125470482
--------------------------------------------------
separating paper......
process carried out at separation unit ID: 1513071903
{ recyclable of type P dropped into box....}
Box has ID: 2125470482
--------------------------------------------------
separating paper......
process carried out at separation unit ID: 1513071903
{ recyclable of type P dropped into box....}
Box has ID: 2125470482
--------------------------------------------------
separating paper......
process carried out at separation unit ID: 1513071903
{ recyclable of type P dropped into box....}
Box has ID: 2125470482
--------------------------------------------------
separating paper......
process carried out at separation unit ID: 1513071903
{ recyclable of type P dropped into box....}
Box has ID: 2125470482
--------------------------------------------------
separating paper......
process carried out at separation unit ID: 1513071903
{ recyclable of type P dropped into box....}
Box has ID: 2125470482
--------------------------------------------------
separating paper......
process carried out at separation unit ID: 1513071903
{ recyclable of type P dropped into box....}
Box has ID: 2125470482
--------------------------------------------------
separating paper......
process carried out at separation unit ID: 1513071903
{ recyclable of type P dropped into box....}
Box has ID: 2125470482
--------------------------------------------------
separating paper......
process carried out at separation unit ID: 1513071903
{ recyclable of type P dropped into box....}
Box has ID: 2125470482
--------------------------------------------------
separating paper......
process carried out at separation unit ID: 1513071903
{ recyclable of type P dropped into box....}
Box has ID: 2125470482
--------------------------------------------------
separating paper......
process carried out at separation unit ID: 1513071903
{ recyclable of type P dropped into box....}
Box has ID: 2125470482
--------------------------------------------------
separating paper......
process carried out at separation unit ID: 1513071903
{ recyclable of type P dropped into box....}
Box has ID: 2125470482
--------------------------------------------------
separating paper......
process carried out at separation unit ID: 1513071903
{ recyclable of type P dropped into box....}
Box has ID: 2125470482
--------------------------------------------------
separating paper......
process carried out at separation unit ID: 1513071903
{ recyclable of type P dropped into box....}
Box has ID: 2125470482
--------------------------------------------------
separating paper......
process carried out at separation unit ID: 1513071903
{ recyclable of type P dropped into box....}
Box has ID: 2125470482
--------------------------------------------------
separating paper......
process carried out at separation unit ID: 1513071903
{ recyclable of type P dropped into box....}
Box has ID: 2125470482
--------------------------------------------------
separating paper......
process carried out at separation unit ID: 1513071903
{ recyclable of type P dropped into box....}
Box has ID: 2125470482
--------------------------------------------------
separating paper......
process carried out at separation unit ID: 1513071903
{ recyclable of type P dropped into box....}
Box has ID: 2125470482
--------------------------------------------------
separating paper......
process carried out at separation unit ID: 1513071903
{ recyclable of type P dropped into box....}
Box has ID: 2125470482
--------------------------------------------------
separating paper......
process carried out at separation unit ID: 1513071903
{ recyclable of type P dropped into box....}
Box has ID: 2125470482
--------------------------------------------------
separating paper......
process carried out at separation unit ID: 1513071903
{ recyclable of type P dropped into box....}
Box has ID: 2125470482
--------------------------------------------------
separating paper......
process carried out at separation unit ID: 1513071903
{ recyclable of type P dropped into box....}
Box has ID: 2125470482
--------------------------------------------------
separating paper......
process carried out at separation unit ID: 1513071903
{ recyclable of type P dropped into box....}
Box has ID: 2125470482
--------------------------------------------------
separating paper......
process carried out at separation unit ID: 1513071903
{ recyclable of type P dropped into box....}
Box has ID: 2125470482
--------------------------------------------------
separating paper......
process carried out at separation unit ID: 1513071903
{ recyclable of type P dropped into box....}
Box has ID: 2125470482
--------------------------------------------------
separating paper......
process carried out at separation unit ID: 1513071903
{ recyclable of type P dropped into box....}
Box has ID: 2125470482
--------------------------------------------------
separating paper......
process carried out at separation unit ID: 1513071903
{ recyclable of type P dropped into box....}
Box has ID: 2125470482
--------------------------------------------------
separating paper......
process carried out at separation unit ID: 1513071903
{ recyclable of type P dropped into box....}
Box has ID: 2125470482
--------------------------------------------------
separating paper......
process carried out at separation unit ID: 1513071903
{ recyclable of type P dropped into box....}
Box has ID: 2125470482
--------------------------------------------------
separating paper......
process carried out at separation unit ID: 1513071903
{ recyclable of type P dropped into box....}
Box has ID: 2125470482
--------------------------------------------------
separating paper......
process carried out at separation unit ID: 1513071903
{ recyclable of type P dropped into box....}
Box has ID: 2125470482
--------------------------------------------------
separating paper......
process carried out at separation unit ID: 1513071903
{ recyclable of type P dropped into box....}
Box has ID: 2125470482
--------------------------------------------------
separating paper......
process carried out at separation unit ID: 1513071903
{ recyclable of type P dropped into box....}
Box has ID: 2125470482
--------------------------------------------------
separating paper......
process carried out at separation unit ID: 1513071903
{ recyclable of type P dropped into box....}
Box has ID: 2125470482
--------------------------------------------------
separating paper......
process carried out at separation unit ID: 1513071903
{ recyclable of type P dropped into box....}
Box has ID: 2125470482
--------------------------------------------------
separating paper......
process carried out at separation unit ID: 1513071903
{ recyclable of type P dropped into box....}
Box has ID: 2125470482
--------------------------------------------------
separating paper......
process carried out at separation unit ID: 1513071903
{ recyclable of type P dropped into box....}
Box has ID: 2125470482
--------------------------------------------------
separating paper......
process carried out at separation unit ID: 1513071903
{ recyclable of type P dropped into box....}
Box has ID: 2125470482
--------------------------------------------------
separating paper......
process carried out at separation unit ID: 1513071903
{ recyclable of type P dropped into box....}
Box has ID: 2125470482
--------------------------------------------------
separating paper......
process carried out at separation unit ID: 1513071903
{ recyclable of type P dropped into box....}
Box has ID: 2125470482
--------------------------------------------------
separating paper......
process carried out at separation unit ID: 1513071903
{ recyclable of type P dropped into box....}
Box has ID: 2125470482
--------------------------------------------------
separating paper......
process carried out at separation unit ID: 1513071903
{ recyclable of type P dropped into box....}
Box has ID: 2125470482
--------------------------------------------------
separating paper......
process carried out at separation unit ID: 1513071903
{ recyclable of type P dropped into box....}
Box has ID: 2125470482
--------------------------------------------------
separating paper......
process carried out at separation unit ID: 1513071903
{ recyclable of type P dropped into box....}
Box has ID: 2125470482
--------------------------------------------------
separating paper......
process carried out at separation unit ID: 1513071903
{ recyclable of type P dropped into box....}
Box has ID: 2125470482
--------------------------------------------------
separating paper......
process carried out at separation unit ID: 1513071903
{ recyclable of type P dropped into box....}
Box has ID: 2125470482
--------------------------------------------------
separating paper......
process carried out at separation unit ID: 1513071903
{ recyclable of type P dropped into box....}
Box has ID: 2125470482
--------------------------------------------------
separating paper......
process carried out at separation unit ID: 1513071903
{ recyclable of type P dropped into box....}
Box has ID: 2125470482
--------------------------------------------------
separating paper......
process carried out at separation unit ID: 1513071903
{ recyclable of type P dropped into box....}
Box has ID: 2125470482
--------------------------------------------------
separating paper......
process carried out at separation unit ID: 1513071903
{ recyclable of type P dropped into box....}
Box has ID: 2125470482
--------------------------------------------------
separating paper......
process carried out at separation unit ID: 1513071903
{ recyclable of type P dropped into box....}
Box has ID: 2125470482
--------------------------------------------------
separating paper......
process carried out at separation unit ID: 1513071903
{ recyclable of type P dropped into box....}
Box has ID: 2125470482
--------------------------------------------------
separating paper......
process carried out at separation unit ID: 1513071903
{ recyclable of type P dropped into box....}
Box has ID: 2125470482
--------------------------------------------------
separating paper......
process carried out at separation unit ID: 1513071903
{ recyclable of type P dropped into box....}
Box has ID: 2125470482
--------------------------------------------------
separating paper......
process carried out at separation unit ID: 1513071903
{ recyclable of type P dropped into box....}
Box has ID: 2125470482
--------------------------------------------------
separating paper......
process carried out at separation unit ID: 1513071903
{ recyclable of type P dropped into box....}
Box has ID: 2125470482
--------------------------------------------------
separating paper......
process carried out at separation unit ID: 1513071903
{ recyclable of type P dropped into box....}
Box has ID: 2125470482
--------------------------------------------------
separating paper......
process carried out at separation unit ID: 1513071903
{ recyclable of type P dropped into box....}
Box has ID: 2125470482
--------------------------------------------------
separating paper......
process carried out at separation unit ID: 1513071903
{ recyclable of type P dropped into box....}
Box has ID: 2125470482
--------------------------------------------------
separating paper......
process carried out at separation unit ID: 1513071903
{ recyclable of type P dropped into box....}
Box has ID: 2125470482
--------------------------------------------------
separating paper......
process carried out at separation unit ID: 1513071903
{ recyclable of type P dropped into box....}
Box has ID: 2125470482
--------------------------------------------------
separating paper......
process carried out at separation unit ID: 1513071903
{ recyclable of type P dropped into box....}
Box has ID: 2125470482
--------------------------------------------------
separating paper......
process carried out at separation unit ID: 1513071903
{ recyclable of type P dropped into box....}
Box has ID: 2125470482
--------------------------------------------------
separating paper......
process carried out at separation unit ID: 1513071903
{ recyclable of type P dropped into box....}
Box has ID: 2125470482
--------------------------------------------------
separating paper......
process carried out at separation unit ID: 1513071903
{ recyclable of type P dropped into box....}
Box has ID: 2125470482
--------------------------------------------------
separating paper......
process carried out at separation unit ID: 1513071903
{ recyclable of type P dropped into box....}
Box has ID: 2125470482
--------------------------------------------------
separating paper......
process carried out at separation unit ID: 1513071903
{ recyclable of type P dropped into box....}
Box has ID: 2125470482
--------------------------------------------------
separating paper......
process carried out at separation unit ID: 1513071903
{ recyclable of type P dropped into box....}
Box has ID: 2125470482
--------------------------------------------------
separating paper......
process carried out at separation unit ID: 1513071903
{ recyclable of type P dropped into box....}
Box has ID: 2125470482
--------------------------------------------------
separating paper......
process carried out at separation unit ID: 1513071903
{ recyclable of type P dropped into box....}
Box has ID: 2125470482
--------------------------------------------------
separating paper......
process carried out at separation unit ID: 1513071903
{ recyclable of type P dropped into box....}
Box has ID: 2125470482
--------------------------------------------------
separating paper......
process carried out at separation unit ID: 1513071903
{ recyclable of type P dropped into box....}
Box has ID: 2125470482
--------------------------------------------------
separating paper......
process carried out at separation unit ID: 1513071903
{ recyclable of type P dropped into box....}
Box has ID: 2125470482
--------------------------------------------------
separating paper......
process carried out at separation unit ID: 1513071903
{ recyclable of type P dropped into box....}
Box has ID: 2125470482
--------------------------------------------------
separating paper......
process carried out at separation unit ID: 1513071903
{ recyclable of type P dropped into box....}
Box has ID: 2125470482
--------------------------------------------------
separating paper......
process carried out at separation unit ID: 1513071903
{ recyclable of type P dropped into box....}
Box has ID: 2125470482
--------------------------------------------------
separating paper......
process carried out at separation unit ID: 1513071903
{ recyclable of type P dropped into box....}
Box has ID: 2125470482
--------------------------------------------------
separating paper......
process carried out at separation unit ID: 1513071903
{ recyclable of type P dropped into box....}
Box has ID: 2125470482
--------------------------------------------------
separating paper......
process carried out at separation unit ID: 1513071903
{ recyclable of type P dropped into box....}
Box has ID: 2125470482
--------------------------------------------------
separating paper......
process carried out at separation unit ID: 1513071903
{ recyclable of type P dropped into box....}
Box has ID: 2125470482
--------------------------------------------------
separating paper......
process carried out at separation unit ID: 1513071903
{ recyclable of type P dropped into box....}
Box has ID: 2125470482
--------------------------------------------------
separating paper......
process carried out at separation unit ID: 1513071903
{ recyclable of type P dropped into box....}
Box has ID: 2125470482
--------------------------------------------------
separating paper......
process carried out at separation unit ID: 1513071903
{ recyclable of type P dropped into box....}
Box has ID: 2125470482
--------------------------------------------------
separating paper......
process carried out at separation unit ID: 1513071903
{ recyclable of type P dropped into box....}
Box has ID: 2125470482
--------------------------------------------------
separating paper......
process carried out at separation unit ID: 1513071903
{ recyclable of type P dropped into box....}
Box has ID: 2125470482
--------------------------------------------------
separating paper......
process carried out at separation unit ID: 1513071903
{ recyclable of type P dropped into box....}
Box has ID: 2125470482
--------------------------------------------------
separating paper......
process carried out at separation unit ID: 1513071903
{ recyclable of type P dropped into box....}
Box has ID: 2125470482
--------------------------------------------------
separating paper......
process carried out at separation unit ID: 1513071903
{ recyclable of type P dropped into box....}
Box has ID: 2125470482
--------------------------------------------------
separating paper......
process carried out at separation unit ID: 1513071903
{ recyclable of type P dropped into box....}
Box has ID: 2125470482
--------------------------------------------------
separating paper......
process carried out at separation unit ID: 1513071903
{ recyclable of type P dropped into box....}
Box has ID: 2125470482
--------------------------------------------------
separating paper......
process carried out at separation unit ID: 1513071903
{ recyclable of type P dropped into box....}
Box has ID: 2125470482
--------------------------------------------------
separating paper......
process carried out at separation unit ID: 1513071903
{ recyclable of type P dropped into box....}
Box has ID: 2125470482
--------------------------------------------------
separating paper......
process carried out at separation unit ID: 1513071903
{ recyclable of type P dropped into box....}
Box has ID: 2125470482
--------------------------------------------------
separating paper......
process carried out at separation unit ID: 1513071903
{ recyclable of type P dropped into box....}
Box has ID: 2125470482
--------------------------------------------------
separating paper......
process carried out at separation unit ID: 1513071903
{ recyclable of type P dropped into box....}
Box has ID: 2125470482
--------------------------------------------------
separating paper......
process carried out at separation unit ID: 1513071903
{ recyclable of type P dropped into box....}
Box has ID: 2125470482
--------------------------------------------------
separating paper......
process carried out at separation unit ID: 1513071903
{ recyclable of type P dropped into box....}
Box has ID: 2125470482
--------------------------------------------------
separating paper......
process carried out at separation unit ID: 1513071903
{ recyclable of type P dropped into box....}
Box has ID: 2125470482
--------------------------------------------------
separating paper......
process carried out at separation unit ID: 1513071903
{ recyclable of type P dropped into box....}
Box has ID: 2125470482
--------------------------------------------------
separating paper......
process carried out at separation unit ID: 1513071903
{ recyclable of type P dropped into box....}
Box has ID: 2125470482
--------------------------------------------------
separating paper......
process carried out at separation unit ID: 1513071903
{ recyclable of type P dropped into box....}
Box has ID: 2125470482
--------------------------------------------------
separating paper......
process carried out at separation unit ID: 1513071903
{ recyclable of type P dropped into box....}
Box has ID: 2125470482
--------------------------------------------------
separating paper......
process carried out at separation unit ID: 1513071903
{ recyclable of type P dropped into box....}
Box has ID: 2125470482
--------------------------------------------------
separating paper......
process carried out at separation unit ID: 1513071903
{ recyclable of type P dropped into box....}
Box has ID: 2125470482
--------------------------------------------------
separating paper......
process carried out at separation unit ID: 1513071903
{ recyclable of type P dropped into box....}
Box has ID: 2125470482
--------------------------------------------------
separating paper......
process carried out at separation unit ID: 1513071903
{ recyclable of type P dropped into box....}
Box has ID: 2125470482
--------------------------------------------------
separating paper......
process carried out at separation unit ID: 1513071903
{ recyclable of type P dropped into box....}
Box has ID: 2125470482
--------------------------------------------------
separating paper......
process carried out at separation unit ID: 1513071903
{ recyclable of type P dropped into box....}
Box has ID: 2125470482
--------------------------------------------------
separating paper......
process carried out at separation unit ID: 1513071903
{ recyclable of type P dropped into box....}
Box has ID: 2125470482
--------------------------------------------------
separating paper......
process carried out at separation unit ID: 1513071903
{ recyclable of type P dropped into box....}
Box has ID: 2125470482
--------------------------------------------------
separating paper......
process carried out at separation unit ID: 1513071903
{ recyclable of type P dropped into box....}
Box has ID: 2125470482
--------------------------------------------------
separating paper......
process carried out at separation unit ID: 1513071903
{ recyclable of type P dropped into box....}
Box has ID: 2125470482
--------------------------------------------------
separating paper......
process carried out at separation unit ID: 1513071903
{ recyclable of type P dropped into box....}
Box has ID: 2125470482
--------------------------------------------------
separating paper......
process carried out at separation unit ID: 1513071903
{ recyclable of type P dropped into box....}
Box has ID: 2125470482
--------------------------------------------------
separating paper......
process carried out at separation unit ID: 1513071903
{ recyclable of type P dropped into box....}
Box has ID: 2125470482
--------------------------------------------------
separating paper......
process carried out at separation unit ID: 1513071903
{ recyclable of type P dropped into box....}
Box has ID: 2125470482
--------------------------------------------------
separating paper......
process carried out at separation unit ID: 1513071903
{ recyclable of type P dropped into box....}
Box has ID: 2125470482
--------------------------------------------------
separating paper......
process carried out at separation unit ID: 1513071903
{ recyclable of type P dropped into box....}
Box has ID: 2125470482
--------------------------------------------------
separating paper......
process carried out at separation unit ID: 1513071903
{ recyclable of type P dropped into box....}
Box has ID: 2125470482
--------------------------------------------------
separating paper......
process carried out at separation unit ID: 1513071903
{ recyclable of type P dropped into box....}
Box has ID: 2125470482
--------------------------------------------------
separating paper......
process carried out at separation unit ID: 1513071903
{ recyclable of type P dropped into box....}
Box has ID: 2125470482
--------------------------------------------------
separating paper......
process carried out at separation unit ID: 1513071903
{ recyclable of type P dropped into box....}
Box has ID: 2125470482
--------------------------------------------------
separating paper......
process carried out at separation unit ID: 1513071903
{ recyclable of type P dropped into box....}
Box has ID: 2125470482
--------------------------------------------------
separating paper......
process carried out at separation unit ID: 1513071903
{ recyclable of type P dropped into box....}
Box has ID: 2125470482
--------------------------------------------------
separating paper......
process carried out at separation unit ID: 1513071903
{ recyclable of type P dropped into box....}
Box has ID: 2125470482
--------------------------------------------------
separating paper......
process carried out at separation unit ID: 1513071903
{ recyclable of type P dropped into box....}
Box has ID: 2125470482
--------------------------------------------------
separating paper......
process carried out at separation unit ID: 1513071903
{ recyclable of type P dropped into box....}
Box has ID: 2125470482
--------------------------------------------------
separating paper......
process carried out at separation unit ID: 1513071903
{ recyclable of type P dropped into box....}
Box has ID: 2125470482
--------------------------------------------------
separating paper......
process carried out at separation unit ID: 1513071903
{ recyclable of type P dropped into box....}
Box has ID: 2125470482
--------------------------------------------------
separating paper......
process carried out at separation unit ID: 1513071903
{ recyclable of type P dropped into box....}
Box has ID: 2125470482
--------------------------------------------------
separating paper......
process carried out at separation unit ID: 1513071903
{ recyclable of type P dropped into box....}
Box has ID: 2125470482
--------------------------------------------------
separating paper......
process carried out at separation unit ID: 1513071903
{ recyclable of type P dropped into box....}
Box has ID: 2125470482
--------------------------------------------------
separating paper......
process carried out at separation unit ID: 1513071903
{ recyclable of type P dropped into box....}
Box has ID: 2125470482
--------------------------------------------------
separating paper......
process carried out at separation unit ID: 1513071903
{ recyclable of type P dropped into box....}
Box has ID: 2125470482
--------------------------------------------------
separating paper......
process carried out at separation unit ID: 1513071903
{ recyclable of type P dropped into box....}
Box has ID: 2125470482
--------------------------------------------------
separating paper......
process carried out at separation unit ID: 1513071903
{ recyclable of type P dropped into box....}
Box has ID: 2125470482
--------------------------------------------------
separating paper......
process carried out at separation unit ID: 1513071903
{ recyclable of type P dropped into box....}
Box has ID: 2125470482
--------------------------------------------------
separating paper......
process carried out at separation unit ID: 1513071903
{ recyclable of type P dropped into box....}
Box has ID: 2125470482
--------------------------------------------------
separating paper......
process carried out at separation unit ID: 1513071903
{ recyclable of type P dropped into box....}
Box has ID: 2125470482
--------------------------------------------------
separating paper......
process carried out at separation unit ID: 1513071903
{ recyclable of type P dropped into box....}
Box has ID: 2125470482
--------------------------------------------------
separating paper......
process carried out at separation unit ID: 1513071903
{ recyclable of type P dropped into box....}
Box has ID: 2125470482
--------------------------------------------------
separating paper......
process carried out at separation unit ID: 1513071903
{ recyclable of type P dropped into box....}
Box has ID: 2125470482
--------------------------------------------------
separating paper......
process carried out at separation unit ID: 1513071903
{ recyclable of type P dropped into box....}
Box has ID: 2125470482
--------------------------------------------------
separating paper......
process carried out at separation unit ID: 1513071903
{ recyclable of type P dropped into box....}
Box has ID: 2125470482
--------------------------------------------------
separating paper......
process carried out at separation unit ID: 1513071903
{ recyclable of type P dropped into box....}
Box has ID: 2125470482
--------------------------------------------------
separating paper......
process carried out at separation unit ID: 1513071903
{ recyclable of type P dropped into box....}
Box has ID: 2125470482
--------------------------------------------------
separating paper......
process carried out at separation unit ID: 1513071903
{ recyclable of type P dropped into box....}
Box has ID: 2125470482
--------------------------------------------------
separating paper......
process carried out at separation unit ID: 1513071903
{ recyclable of type P dropped into box....}
Box has ID: 2125470482
--------------------------------------------------
separating paper......
process carried out at separation unit ID: 1513071903
{ recyclable of type P dropped into box....}
Box has ID: 2125470482
--------------------------------------------------
separating paper......
process carried out at separation unit ID: 1513071903
{ recyclable of type P dropped into box....}
Box has ID: 2125470482
--------------------------------------------------
separating paper......
process carried out at separation unit ID: 1513071903
{ recyclable of type P dropped into box....}
Box has ID: 2125470482
--------------------------------------------------
separating paper......
process carried out at separation unit ID: 1513071903
{ recyclable of type P dropped into box....}
Box has ID: 2125470482
--------------------------------------------------
separating paper......
process carried out at separation unit ID: 1513071903
{ recyclable of type P dropped into box....}
Box has ID: 2125470482
--------------------------------------------------
separating paper......
process carried out at separation unit ID: 1513071903
{ recyclable of type P dropped into box....}
Box has ID: 2125470482
--------------------------------------------------
separating paper......
process carried out at separation unit ID: 1513071903
{ recyclable of type P dropped into box....}
Box has ID: 2125470482
--------------------------------------------------
separating paper......
process carried out at separation unit ID: 1513071903
{ recyclable of type P dropped into box....}
Box has ID: 2125470482
--------------------------------------------------
separating paper......
process carried out at separation unit ID: 1513071903
{ recyclable of type P dropped into box....}
Box has ID: 2125470482
--------------------------------------------------
separating paper......
process carried out at separation unit ID: 1513071903
{ recyclable of type P dropped into box....}
Box has ID: 2125470482
--------------------------------------------------
separating paper......
process carried out at separation unit ID: 1513071903
{ recyclable of type P dropped into box....}
Box has ID: 2125470482
--------------------------------------------------
separating paper......
process carried out at separation unit ID: 1513071903
{ recyclable of type P dropped into box....}
Box has ID: 2125470482
--------------------------------------------------
separating paper......
process carried out at separation unit ID: 1513071903
{ recyclable of type P dropped into box....}
Box has ID: 2125470482
--------------------------------------------------
separating paper......
process carried out at separation unit ID: 1513071903
{ recyclable of type P dropped into box....}
Box has ID: 2125470482
--------------------------------------------------
separating paper......
process carried out at separation unit ID: 1513071903
{ recyclable of type P dropped into box....}
Box has ID: 2125470482
--------------------------------------------------
separating paper......
process carried out at separation unit ID: 1513071903
{ recyclable of type P dropped into box....}
Box has ID: 2125470482
--------------------------------------------------
separating paper......
process carried out at separation unit ID: 1513071903
{ recyclable of type P dropped into box....}
Box has ID: 2125470482
--------------------------------------------------
separating paper......
process carried out at separation unit ID: 1513071903
{ recyclable of type P dropped into box....}
Box has ID: 2125470482
--------------------------------------------------
separating paper......
process carried out at separation unit ID: 1513071903
{ recyclable of type P dropped into box....}
Box has ID: 2125470482
--------------------------------------------------
separating paper......
process carried out at separation unit ID: 1513071903
{ recyclable of type P dropped into box....}
Box has ID: 2125470482
--------------------------------------------------
separating paper......
process carried out at separation unit ID: 1513071903
{ recyclable of type P dropped into box....}
Box has ID: 2125470482
--------------------------------------------------
separating paper......
process carried out at separation unit ID: 1513071903
{ recyclable of type P dropped into box....}
Box has ID: 2125470482
--------------------------------------------------
separating paper......
process carried out at separation unit ID: 1513071903
{ recyclable of type P dropped into box....}
Box has ID: 2125470482
--------------------------------------------------
separating paper......
process carried out at separation unit ID: 1513071903
{ recyclable of type P dropped into box....}
Box has ID: 2125470482
--------------------------------------------------
separating paper......
process carried out at separation unit ID: 1513071903
{ recyclable of type P dropped into box....}
Box has ID: 2125470482
--------------------------------------------------
separating paper......
process carried out at separation unit ID: 1513071903
{ recyclable of type P dropped into box....}
Box has ID: 2125470482
--------------------------------------------------
separating paper......
process carried out at separation unit ID: 1513071903
{ recyclable of type P dropped into box....}
Box has ID: 2125470482
--------------------------------------------------
separating paper......
process carried out at separation unit ID: 1513071903
{ recyclable of type P dropped into box....}
Box has ID: 2125470482
--------------------------------------------------
separating paper......
process carried out at separation unit ID: 1513071903
{ recyclable of type P dropped into box....}
Box has ID: 2125470482
--------------------------------------------------
separating paper......
process carried out at separation unit ID: 1513071903
{ recyclable of type P dropped into box....}
Box has ID: 2125470482
--------------------------------------------------
separating paper......
process carried out at separation unit ID: 1513071903
{ recyclable of type P dropped into box....}
Box has ID: 2125470482
--------------------------------------------------
separating paper......
process carried out at separation unit ID: 1513071903
{ recyclable of type P dropped into box....}
Box has ID: 2125470482
--------------------------------------------------
separating paper......
process carried out at separation unit ID: 1513071903
{ recyclable of type P dropped into box....}
Box has ID: 2125470482
--------------------------------------------------
separating paper......
process carried out at separation unit ID: 1513071903
{ recyclable of type P dropped into box....}
Box has ID: 2125470482
--------------------------------------------------
separating paper......
process carried out at separation unit ID: 1513071903
{ recyclable of type P dropped into box....}
Box has ID: 2125470482
--------------------------------------------------
separating paper......
process carried out at separation unit ID: 1513071903
{ recyclable of type P dropped into box....}
Box has ID: 2125470482
--------------------------------------------------
separating paper......
process carried out at separation unit ID: 1513071903
{ recyclable of type P dropped into box....}
Box has ID: 2125470482
--------------------------------------------------
separating paper......
process carried out at separation unit ID: 1513071903
{ recyclable of type P dropped into box....}
Box has ID: 2125470482
--------------------------------------------------
separating paper......
process carried out at separation unit ID: 1513071903
{ recyclable of type P dropped into box....}
Box has ID: 2125470482
--------------------------------------------------
separating paper......
process carried out at separation unit ID: 1513071903
{ recyclable of type P dropped into box....}
Box has ID: 2125470482
--------------------------------------------------
separating paper......
process carried out at separation unit ID: 1513071903
{ recyclable of type P dropped into box....}
Box has ID: 2125470482
--------------------------------------------------
separating paper......
process carried out at separation unit ID: 1513071903
{ recyclable of type P dropped into box....}
Box has ID: 2125470482
--------------------------------------------------
separating paper......
process carried out at separation unit ID: 1513071903
{ recyclable of type P dropped into box....}
Box has ID: 2125470482
--------------------------------------------------
separating paper......
process carried out at separation unit ID: 1513071903
{ recyclable of type P dropped into box....}
Box has ID: 2125470482
--------------------------------------------------
separating paper......
process carried out at separation unit ID: 1513071903
{ recyclable of type P dropped into box....}
Box has ID: 2125470482
--------------------------------------------------
separating paper......
process carried out at separation unit ID: 1513071903
{ recyclable of type P dropped into box....}
Box has ID: 2125470482
--------------------------------------------------
separating paper......
process carried out at separation unit ID: 1513071903
{ recyclable of type P dropped into box....}
Box has ID: 2125470482
--------------------------------------------------
separating paper......
process carried out at separation unit ID: 1513071903
{ recyclable of type P dropped into box....}
Box has ID: 2125470482
--------------------------------------------------
separating paper......
process carried out at separation unit ID: 1513071903
{ recyclable of type P dropped into box....}
Box has ID: 2125470482
--------------------------------------------------
separating paper......
process carried out at separation unit ID: 1513071903
{ recyclable of type P dropped into box....}
Box has ID: 2125470482
--------------------------------------------------
separating paper......
process carried out at separation unit ID: 1513071903
{ recyclable of type P dropped into box....}
Box has ID: 2125470482
--------------------------------------------------
separating paper......
process carried out at separation unit ID: 1513071903
{ recyclable of type P dropped into box....}
Box has ID: 2125470482
--------------------------------------------------
separating paper......
process carried out at separation unit ID: 1513071903
{ recyclable of type P dropped into box....}
Box has ID: 2125470482
--------------------------------------------------
separating paper......
process carried out at separation unit ID: 1513071903
{ recyclable of type P dropped into box....}
Box has ID: 2125470482
--------------------------------------------------
separating paper......
process carried out at separation unit ID: 1513071903
{ recyclable of type P dropped into box....}
Box has ID: 2125470482
--------------------------------------------------
separating paper......
process carried out at separation unit ID: 1513071903
{ recyclable of type P dropped into box....}
Box has ID: 2125470482
--------------------------------------------------
separating paper......
process carried out at separation unit ID: 1513071903
{ recyclable of type P dropped into box....}
Box has ID: 2125470482
--------------------------------------------------
separating paper......
process carried out at separation unit ID: 1513071903
{ recyclable of type P dropped into box....}
Box has ID: 2125470482
--------------------------------------------------
separating paper......
process carried out at separation unit ID: 1513071903
{ recyclable of type P dropped into box....}
Box has ID: 2125470482
--------------------------------------------------
separating paper......
process carried out at separation unit ID: 1513071903
{ recyclable of type P dropped into box....}
Box has ID: 2125470482
--------------------------------------------------
separating paper......
process carried out at separation unit ID: 1513071903
{ recyclable of type P dropped into box....}
Box has ID: 2125470482
--------------------------------------------------
separating paper......
process carried out at separation unit ID: 1513071903
{ recyclable of type P dropped into box....}
Box has ID: 2125470482
--------------------------------------------------
separating paper......
process carried out at separation unit ID: 1513071903
{ recyclable of type P dropped into box....}
Box has ID: 2125470482
--------------------------------------------------
separating paper......
process carried out at separation unit ID: 1513071903
{ recyclable of type P dropped into box....}
Box has ID: 2125470482
--------------------------------------------------
separating paper......
process carried out at separation unit ID: 1513071903
{ recyclable of type P dropped into box....}
Box has ID: 2125470482
--------------------------------------------------
separating paper......
process carried out at separation unit ID: 1513071903
{ recyclable of type P dropped into box....}
Box has ID: 2125470482
--------------------------------------------------
separating paper......
process carried out at separation unit ID: 1513071903
{ recyclable of type P dropped into box....}
Box has ID: 2125470482
--------------------------------------------------
separating paper......
process carried out at separation unit ID: 1513071903
{ recyclable of type P dropped into box....}
Box has ID: 2125470482
--------------------------------------------------
separating paper......
process carried out at separation unit ID: 1513071903
{ recyclable of type P dropped into box....}
Box has ID: 2125470482
--------------------------------------------------
separating paper......
process carried out at separation unit ID: 1513071903
{ recyclable of type P dropped into box....}
Box has ID: 2125470482
--------------------------------------------------
separating paper......
process carried out at separation unit ID: 1513071903
{ recyclable of type P dropped into box....}
Box has ID: 2125470482
--------------------------------------------------
separating paper......
process carried out at separation unit ID: 1513071903
{ recyclable of type P dropped into box....}
Box has ID: 2125470482
--------------------------------------------------
separating paper......
process carried out at separation unit ID: 1513071903
{ recyclable of type P dropped into box....}
Box has ID: 2125470482
--------------------------------------------------
separating paper......
process carried out at separation unit ID: 1513071903
{ recyclable of type P dropped into box....}
Box has ID: 2125470482
--------------------------------------------------
separating paper......
process carried out at separation unit ID: 1513071903
{ recyclable of type P dropped into box....}
Box has ID: 2125470482
--------------------------------------------------
separating paper......
process carried out at separation unit ID: 1513071903
{ recyclable of type P dropped into box....}
Box has ID: 2125470482
--------------------------------------------------
separating paper......
process carried out at separation unit ID: 1513071903
{ recyclable of type P dropped into box....}
Box has ID: 2125470482
--------------------------------------------------
separating paper......
process carried out at separation unit ID: 1513071903
{ recyclable of type P dropped into box....}
Box has ID: 2125470482
--------------------------------------------------
separating paper......
process carried out at separation unit ID: 1513071903
{ recyclable of type P dropped into box....}
Box has ID: 2125470482
--------------------------------------------------
separating paper......
process carried out at separation unit ID: 1513071903
{ recyclable of type P dropped into box....}
Box has ID: 2125470482
--------------------------------------------------
separating paper......
process carried out at separation unit ID: 1513071903
{ recyclable of type P dropped into box....}
Box has ID: 2125470482
--------------------------------------------------
separating paper......
process carried out at separation unit ID: 1513071903
{ recyclable of type P dropped into box....}
Box has ID: 2125470482
--------------------------------------------------
separating paper......
process carried out at separation unit ID: 1513071903
{ recyclable of type P dropped into box....}
Box has ID: 2125470482
--------------------------------------------------
separating paper......
process carried out at separation unit ID: 1513071903
{ recyclable of type P dropped into box....}
Box has ID: 2125470482
--------------------------------------------------
separating paper......
process carried out at separation unit ID: 1513071903
{ recyclable of type P dropped into box....}
Box has ID: 2125470482
--------------------------------------------------
separating paper......
process carried out at separation unit ID: 1513071903
{ recyclable of type P dropped into box....}
Box has ID: 2125470482
--------------------------------------------------
separating paper......
process carried out at separation unit ID: 1513071903
{ recyclable of type P dropped into box....}
Box has ID: 2125470482
--------------------------------------------------
separating paper......
process carried out at separation unit ID: 1513071903
{ recyclable of type P dropped into box....}
Box has ID: 2125470482
--------------------------------------------------
separating paper......
process carried out at separation unit ID: 1513071903
{ recyclable of type P dropped into box....}
Box has ID: 2125470482
--------------------------------------------------
separating paper......
process carried out at separation unit ID: 1513071903
{ recyclable of type P dropped into box....}
Box has ID: 2125470482
--------------------------------------------------
separating paper......
process carried out at separation unit ID: 1513071903
{ recyclable of type P dropped into box....}
Box has ID: 2125470482
--------------------------------------------------
separating paper......
process carried out at separation unit ID: 1513071903
{ recyclable of type P dropped into box....}
Box has ID: 2125470482
--------------------------------------------------
separating paper......
process carried out at separation unit ID: 1513071903
{ recyclable of type P dropped into box....}
Box has ID: 2125470482
--------------------------------------------------
separating paper......
process carried out at separation unit ID: 1513071903
{ recyclable of type P dropped into box....}
Box has ID: 2125470482
--------------------------------------------------
separating paper......
process carried out at separation unit ID: 1513071903
{ recyclable of type P dropped into box....}
Box has ID: 2125470482
--------------------------------------------------
separating paper......
process carried out at separation unit ID: 1513071903
{ recyclable of type P dropped into box....}
Box has ID: 2125470482
--------------------------------------------------
separating paper......
process carried out at separation unit ID: 1513071903
{ recyclable of type P dropped into box....}
Box has ID: 2125470482
--------------------------------------------------
separating paper......
process carried out at separation unit ID: 1513071903
{ recyclable of type P dropped into box....}
Box has ID: 2125470482
--------------------------------------------------
separating paper......
process carried out at separation unit ID: 1513071903
{ recyclable of type P dropped into box....}
Box has ID: 2125470482
--------------------------------------------------
separating paper......
process carried out at separation unit ID: 1513071903
{ recyclable of type P dropped into box....}
Box has ID: 2125470482
--------------------------------------------------
separating paper......
process carried out at separation unit ID: 1513071903
{ recyclable of type P dropped into box....}
Box has ID: 2125470482
--------------------------------------------------
separating paper......
process carried out at separation unit ID: 1513071903
{ recyclable of type P dropped into box....}
Box has ID: 2125470482
--------------------------------------------------
separating paper......
process carried out at separation unit ID: 1513071903
{ recyclable of type P dropped into box....}
Box has ID: 2125470482
--------------------------------------------------
separating paper......
process carried out at separation unit ID: 1513071903
{ recyclable of type P dropped into box....}
Box has ID: 2125470482
--------------------------------------------------
separating paper......
process carried out at separation unit ID: 1513071903
{ recyclable of type P dropped into box....}
Box has ID: 2125470482
--------------------------------------------------
separating paper......
process carried out at separation unit ID: 1513071903
{ recyclable of type P dropped into box....}
Box has ID: 2125470482
--------------------------------------------------
separating paper......
process carried out at separation unit ID: 1513071903
{ recyclable of type P dropped into box....}
Box has ID: 2125470482
--------------------------------------------------
separating paper......
process carried out at separation unit ID: 1513071903
{ recyclable of type P dropped into box....}
Box has ID: 2125470482
--------------------------------------------------
separating paper......
process carried out at separation unit ID: 1513071903
{ recyclable of type P dropped into box....}
Box has ID: 2125470482
--------------------------------------------------
separating paper......
process carried out at separation unit ID: 1513071903
{ recyclable of type P dropped into box....}
Box has ID: 2125470482
--------------------------------------------------
separating paper......
process carried out at separation unit ID: 1513071903
{ recyclable of type P dropped into box....}
Box has ID: 2125470482
--------------------------------------------------
separating paper......
process carried out at separation unit ID: 1513071903
{ recyclable of type P dropped into box....}
Box has ID: 2125470482
--------------------------------------------------
separating paper......
process carried out at separation unit ID: 1513071903
{ recyclable of type P dropped into box....}
Box has ID: 2125470482
--------------------------------------------------
separating paper......
process carried out at separation unit ID: 1513071903
{ recyclable of type P dropped into box....}
Box has ID: 2125470482
--------------------------------------------------
separating paper......
process carried out at separation unit ID: 1513071903
{ recyclable of type P dropped into box....}
Box has ID: 2125470482
--------------------------------------------------
separating paper......
process carried out at separation unit ID: 1513071903
{ recyclable of type P dropped into box....}
Box has ID: 2125470482
--------------------------------------------------
separating paper......
process carried out at separation unit ID: 1513071903
{ recyclable of type P dropped into box....}
Box has ID: 2125470482
--------------------------------------------------
separating paper......
process carried out at separation unit ID: 1513071903
{ recyclable of type P dropped into box....}
Box has ID: 2125470482
--------------------------------------------------
separating paper......
process carried out at separation unit ID: 1513071903
{ recyclable of type P dropped into box....}
Box has ID: 2125470482
--------------------------------------------------
separating paper......
process carried out at separation unit ID: 1513071903
{ recyclable of type P dropped into box....}
Box has ID: 2125470482
--------------------------------------------------
separating paper......
process carried out at separation unit ID: 1513071903
{ recyclable of type P dropped into box....}
Box has ID: 2125470482
--------------------------------------------------
separating paper......
process carried out at separation unit ID: 1513071903
{ recyclable of type P dropped into box....}
Box has ID: 2125470482
--------------------------------------------------
separating paper......
process carried out at separation unit ID: 1513071903
{ recyclable of type P dropped into box....}
Box has ID: 2125470482
--------------------------------------------------
separating paper......
process carried out at separation unit ID: 1513071903
{ recyclable of type P dropped into box....}
Box has ID: 2125470482
--------------------------------------------------
separating paper......
process carried out at separation unit ID: 1513071903
{ recyclable of type P dropped into box....}
Box has ID: 2125470482
--------------------------------------------------
separating paper......
process carried out at separation unit ID: 1513071903
{ recyclable of type P dropped into box....}
Box has ID: 2125470482
--------------------------------------------------
separating paper......
process carried out at separation unit ID: 1513071903
{ recyclable of type P dropped into box....}
Box has ID: 2125470482
--------------------------------------------------
separating paper......
process carried out at separation unit ID: 1513071903
{ recyclable of type P dropped into box....}
Box has ID: 2125470482
--------------------------------------------------
separating paper......
process carried out at separation unit ID: 1513071903
{ recyclable of type P dropped into box....}
Box has ID: 2125470482
--------------------------------------------------
separating paper......
process carried out at separation unit ID: 1513071903
{ recyclable of type P dropped into box....}
Box has ID: 2125470482
--------------------------------------------------
separating paper......
process carried out at separation unit ID: 1513071903
{ recyclable of type P dropped into box....}
Box has ID: 2125470482
--------------------------------------------------
separating paper......
process carried out at separation unit ID: 1513071903
{ recyclable of type P dropped into box....}
Box has ID: 2125470482
--------------------------------------------------
separating paper......
process carried out at separation unit ID: 1513071903
{ recyclable of type P dropped into box....}
Box has ID: 2125470482
--------------------------------------------------
separating paper......
process carried out at separation unit ID: 1513071903
{ recyclable of type P dropped into box....}
Box has ID: 2125470482
--------------------------------------------------
separating paper......
process carried out at separation unit ID: 1513071903
{ recyclable of type P dropped into box....}
Box has ID: 2125470482
--------------------------------------------------
separating paper......
process carried out at separation unit ID: 1513071903
{ recyclable of type P dropped into box....}
Box has ID: 2125470482
--------------------------------------------------
separating paper......
process carried out at separation unit ID: 1513071903
{ recyclable of type P dropped into box....}
Box has ID: 2125470482
--------------------------------------------------
separating paper......
process carried out at separation unit ID: 1513071903
{ recyclable of type P dropped into box....}
Box has ID: 2125470482
--------------------------------------------------
separating paper......
process carried out at separation unit ID: 1513071903
{ recyclable of type P dropped into box....}
Box has ID: 2125470482
--------------------------------------------------
separating paper......
process carried out at separation unit ID: 1513071903
{ recyclable of type P dropped into box....}
Box has ID: 2125470482
--------------------------------------------------
separating paper......
process carried out at separation unit ID: 1513071903
{ recyclable of type P dropped into box....}
Box has ID: 2125470482
--------------------------------------------------
separating paper......
process carried out at separation unit ID: 1513071903
{ recyclable of type P dropped into box....}
Box has ID: 2125470482
--------------------------------------------------
separating paper......
process carried out at separation unit ID: 1513071903
{ recyclable of type P dropped into box....}
Box has ID: 2125470482
--------------------------------------------------
separating paper......
process carried out at separation unit ID: 1513071903
{ recyclable of type P dropped into box....}
Box has ID: 2125470482
--------------------------------------------------
separating paper......
process carried out at separation unit ID: 1513071903
{ recyclable of type P dropped into box....}
Box has ID: 2125470482
--------------------------------------------------
separating paper......
process carried out at separation unit ID: 1513071903
{ recyclable of type P dropped into box....}
Box has ID: 2125470482
--------------------------------------------------
separating paper......
process carried out at separation unit ID: 1513071903
{ recyclable of type P dropped into box....}
Box has ID: 2125470482
--------------------------------------------------
separating paper......
process carried out at separation unit ID: 1513071903
{ recyclable of type P dropped into box....}
Box has ID: 2125470482
--------------------------------------------------
separating paper......
process carried out at separation unit ID: 1513071903
{ recyclable of type P dropped into box....}
Box has ID: 2125470482
--------------------------------------------------
separating paper......
process carried out at separation unit ID: 1513071903
{ recyclable of type P dropped into box....}
Box has ID: 2125470482
--------------------------------------------------
separating paper......
process carried out at separation unit ID: 1513071903
{ recyclable of type P dropped into box....}
Box has ID: 2125470482
--------------------------------------------------
separating paper......
process carried out at separation unit ID: 1513071903
{ recyclable of type P dropped into box....}
Box has ID: 2125470482
--------------------------------------------------
separating paper......
process carried out at separation unit ID: 1513071903
{ recyclable of type P dropped into box....}
Box has ID: 2125470482
--------------------------------------------------
separating paper......
process carried out at separation unit ID: 1513071903
{ recyclable of type P dropped into box....}
Box has ID: 2125470482
--------------------------------------------------
separating paper......
process carried out at separation unit ID: 1513071903
{ recyclable of type P dropped into box....}
Box has ID: 2125470482
--------------------------------------------------
separating paper......
process carried out at separation unit ID: 1513071903
{ recyclable of type P dropped into box....}
Box has ID: 2125470482
--------------------------------------------------
separating paper......
process carried out at separation unit ID: 1513071903
{ recyclable of type P dropped into box....}
Box has ID: 2125470482
--------------------------------------------------
separating paper......
process carried out at separation unit ID: 1513071903
{ recyclable of type P dropped into box....}
Box has ID: 2125470482
--------------------------------------------------
separating paper......
process carried out at separation unit ID: 1513071903
{ recyclable of type P dropped into box....}
Box has ID: 2125470482
--------------------------------------------------
separating paper......
process carried out at separation unit ID: 1513071903
{ recyclable of type P dropped into box....}
Box has ID: 2125470482
--------------------------------------------------
separating paper......
process carried out at separation unit ID: 1513071903
{ recyclable of type P dropped into box....}
Box has ID: 2125470482
--------------------------------------------------
separating paper......
process carried out at separation unit ID: 1513071903
{ recyclable of type P dropped into box....}
Box has ID: 2125470482
--------------------------------------------------
separating paper......
process carried out at separation unit ID: 1513071903
{ recyclable of type P dropped into box....}
Box has ID: 2125470482
--------------------------------------------------
separating paper......
process carried out at separation unit ID: 1513071903
{ recyclable of type P dropped into box....}
Box has ID: 2125470482
--------------------------------------------------
separating paper......
process carried out at separation unit ID: 1513071903
{ recyclable of type P dropped into box....}
Box has ID: 2125470482
--------------------------------------------------
separating paper......
process carried out at separation unit ID: 1513071903
{ recyclable of type P dropped into box....}
Box has ID: 2125470482
--------------------------------------------------
separating paper......
process carried out at separation unit ID: 1513071903
{ recyclable of type P dropped into box....}
Box has ID: 2125470482
--------------------------------------------------
separating paper......
process carried out at separation unit ID: 1513071903
{ recyclable of type P dropped into box....}
Box has ID: 2125470482
--------------------------------------------------
separating paper......
process carried out at separation unit ID: 1513071903
{ recyclable of type P dropped into box....}
Box has ID: 2125470482
--------------------------------------------------
separating paper......
process carried out at separation unit ID: 1513071903
{ recyclable of type P dropped into box....}
Box has ID: 2125470482
--------------------------------------------------
separating paper......
process carried out at separation unit ID: 1513071903
{ recyclable of type P dropped into box....}
Box has ID: 2125470482
--------------------------------------------------
separating paper......
process carried out at separation unit ID: 1513071903
{ recyclable of type P dropped into box....}
Box has ID: 2125470482
--------------------------------------------------
separating paper......
process carried out at separation unit ID: 1513071903
{ recyclable of type P dropped into box....}
Box has ID: 2125470482
--------------------------------------------------
separating paper......
process carried out at separation unit ID: 1513071903
{ recyclable of type P dropped into box....}
Box has ID: 2125470482
--------------------------------------------------
separating paper......
process carried out at separation unit ID: 1513071903
{ recyclable of type P dropped into box....}
Box has ID: 2125470482
--------------------------------------------------
separating paper......
process carried out at separation unit ID: 1513071903
{ recyclable of type P dropped into box....}
Box has ID: 2125470482
--------------------------------------------------
separating paper......
process carried out at separation unit ID: 1513071903
{ recyclable of type P dropped into box....}
Box has ID: 2125470482
--------------------------------------------------
separating paper......
process carried out at separation unit ID: 1513071903
{ recyclable of type P dropped into box....}
Box has ID: 2125470482
--------------------------------------------------
separating paper......
process carried out at separation unit ID: 1513071903
{ recyclable of type P dropped into box....}
Box has ID: 2125470482
--------------------------------------------------
separating paper......
process carried out at separation unit ID: 1513071903
{ recyclable of type P dropped into box....}
Box has ID: 2125470482
--------------------------------------------------
separating paper......
process carried out at separation unit ID: 1513071903
{ recyclable of type P dropped into box....}
Box has ID: 2125470482
--------------------------------------------------
separating paper......
process carried out at separation unit ID: 1513071903
{ recyclable of type P dropped into box....}
Box has ID: 2125470482
--------------------------------------------------
separating paper......
process carried out at separation unit ID: 1513071903
{ recyclable of type P dropped into box....}
Box has ID: 2125470482
--------------------------------------------------
separating paper......
process carried out at separation unit ID: 1513071903
{ recyclable of type P dropped into box....}
Box has ID: 2125470482
--------------------------------------------------
separating paper......
process carried out at separation unit ID: 1513071903
{ recyclable of type P dropped into box....}
Box has ID: 2125470482
--------------------------------------------------
separating paper......
process carried out at separation unit ID: 1513071903
{ recyclable of type P dropped into box....}
Box has ID: 2125470482
--------------------------------------------------
separating paper......
process carried out at separation unit ID: 1513071903
{ recyclable of type P dropped into box....}
Box has ID: 2125470482
--------------------------------------------------
separating paper......
process carried out at separation unit ID: 1513071903
{ recyclable of type P dropped into box....}
Box has ID: 2125470482
--------------------------------------------------
separating paper......
process carried out at separation unit ID: 1513071903
{ recyclable of type P dropped into box....}
Box has ID: 2125470482
--------------------------------------------------
separating paper......
process carried out at separation unit ID: 1513071903
{ recyclable of type P dropped into box....}
Box has ID: 2125470482
--------------------------------------------------
separating paper......
process carried out at separation unit ID: 1513071903
{ recyclable of type P dropped into box....}
Box has ID: 2125470482
--------------------------------------------------
separating paper......
process carried out at separation unit ID: 1513071903
{ recyclable of type P dropped into box....}
Box has ID: 2125470482
--------------------------------------------------
separating paper......
process carried out at separation unit ID: 1513071903
{ recyclable of type P dropped into box....}
Box has ID: 2125470482
--------------------------------------------------
separating paper......
process carried out at separation unit ID: 1513071903
{ recyclable of type P dropped into box....}
Box has ID: 2125470482
--------------------------------------------------
separating paper......
process carried out at separation unit ID: 1513071903
{ recyclable of type P dropped into box....}
Box has ID: 2125470482
--------------------------------------------------
separating paper......
process carried out at separation unit ID: 1513071903
{ recyclable of type P dropped into box....}
Box has ID: 2125470482
--------------------------------------------------
separating paper......
process carried out at separation unit ID: 1513071903
{ recyclable of type P dropped into box....}
Box has ID: 2125470482
--------------------------------------------------
separating paper......
process carried out at separation unit ID: 1513071903
{ recyclable of type P dropped into box....}
Box has ID: 2125470482
--------------------------------------------------
separating paper......
process carried out at separation unit ID: 1513071903
{ recyclable of type P dropped into box....}
Box has ID: 2125470482
--------------------------------------------------
separating paper......
process carried out at separation unit ID: 1513071903
{ recyclable of type P dropped into box....}
Box has ID: 2125470482
--------------------------------------------------
separating paper......
process carried out at separation unit ID: 1513071903
{ recyclable of type P dropped into box....}
Box has ID: 2125470482
--------------------------------------------------
separating paper......
process carried out at separation unit ID: 1513071903
{ recyclable of type P dropped into box....}
Box has ID: 2125470482
--------------------------------------------------
separating paper......
process carried out at separation unit ID: 1513071903
{ recyclable of type P dropped into box....}
Box has ID: 2125470482
--------------------------------------------------
separating paper......
process carried out at separation unit ID: 1513071903
{ recyclable of type P dropped into box....}
Box has ID: 2125470482
--------------------------------------------------
separating paper......
process carried out at separation unit ID: 1513071903
{ recyclable of type P dropped into box....}
Box has ID: 2125470482
--------------------------------------------------
separating paper......
process carried out at separation unit ID: 1513071903
{ recyclable of type P dropped into box....}
Box has ID: 2125470482
--------------------------------------------------
separating paper......
process carried out at separation unit ID: 1513071903
{ recyclable of type P dropped into box....}
Box has ID: 2125470482
--------------------------------------------------
separating paper......
process carried out at separation unit ID: 1513071903
{ recyclable of type P dropped into box....}
Box has ID: 2125470482
--------------------------------------------------
separating paper......
process carried out at separation unit ID: 1513071903
{ recyclable of type P dropped into box....}
Box has ID: 2125470482
--------------------------------------------------
separating paper......
process carried out at separation unit ID: 1513071903
{ recyclable of type P dropped into box....}
Box has ID: 2125470482
--------------------------------------------------
separating paper......
process carried out at separation unit ID: 1513071903
{ recyclable of type P dropped into box....}
Box has ID: 2125470482
--------------------------------------------------
separating paper......
process carried out at separation unit ID: 1513071903
{ recyclable of type P dropped into box....}
Box has ID: 2125470482
--------------------------------------------------
separating paper......
process carried out at separation unit ID: 1513071903
{ recyclable of type P dropped into box....}
Box has ID: 2125470482
--------------------------------------------------
separating paper......
process carried out at separation unit ID: 1513071903
{ recyclable of type P dropped into box....}
Box has ID: 2125470482
--------------------------------------------------
separating paper......
process carried out at separation unit ID: 1513071903
{ recyclable of type P dropped into box....}
Box has ID: 2125470482
--------------------------------------------------
separating paper......
process carried out at separation unit ID: 1513071903
{ recyclable of type P dropped into box....}
Box has ID: 2125470482
--------------------------------------------------
separating paper......
process carried out at separation unit ID: 1513071903
{ recyclable of type P dropped into box....}
Box has ID: 2125470482
--------------------------------------------------
separating paper......
process carried out at separation unit ID: 1513071903
{ recyclable of type P dropped into box....}
Box has ID: 2125470482
--------------------------------------------------
separating paper......
process carried out at separation unit ID: 1513071903
{ recyclable of type P dropped into box....}
Box has ID: 2125470482
--------------------------------------------------
separating paper......
process carried out at separation unit ID: 1513071903
{ recyclable of type P dropped into box....}
Box has ID: 2125470482
--------------------------------------------------
separating paper......
process carried out at separation unit ID: 1513071903
{ recyclable of type P dropped into box....}
Box has ID: 2125470482
--------------------------------------------------
separating paper......
process carried out at separation unit ID: 1513071903
{ recyclable of type P dropped into box....}
Box has ID: 2125470482
--------------------------------------------------
separating paper......
process carried out at separation unit ID: 1513071903
{ recyclable of type P dropped into box....}
Box has ID: 2125470482
--------------------------------------------------
separating paper......
process carried out at separation unit ID: 1513071903
{ recyclable of type P dropped into box....}
Box has ID: 2125470482
--------------------------------------------------
separating paper......
process carried out at separation unit ID: 1513071903
{ recyclable of type P dropped into box....}
Box has ID: 2125470482
--------------------------------------------------
separating paper......
process carried out at separation unit ID: 1513071903
{ recyclable of type P dropped into box....}
Box has ID: 2125470482
--------------------------------------------------
separating paper......
process carried out at separation unit ID: 1513071903
{ recyclable of type P dropped into box....}
Box has ID: 2125470482
--------------------------------------------------
separating paper......
process carried out at separation unit ID: 1513071903
{ recyclable of type P dropped into box....}
Box has ID: 2125470482
--------------------------------------------------
separating paper......
process carried out at separation unit ID: 1513071903
{ recyclable of type P dropped into box....}
Box has ID: 2125470482
--------------------------------------------------
separating paper......
process carried out at separation unit ID: 1513071903
{ recyclable of type P dropped into box....}
Box has ID: 2125470482
--------------------------------------------------
separating paper......
process carried out at separation unit ID: 1513071903
{ recyclable of type P dropped into box....}
Box has ID: 2125470482
--------------------------------------------------
separating paper......
process carried out at separation unit ID: 1513071903
{ recyclable of type P dropped into box....}
Box has ID: 2125470482
--------------------------------------------------
separating paper......
process carried out at separation unit ID: 1513071903
{ recyclable of type P dropped into box....}
Box has ID: 2125470482
--------------------------------------------------
separating paper......
process carried out at separation unit ID: 1513071903
{ recyclable of type P dropped into box....}
Box has ID: 2125470482
--------------------------------------------------
separating paper......
process carried out at separation unit ID: 1513071903
{ recyclable of type P dropped into box....}
Box has ID: 2125470482
--------------------------------------------------
separating paper......
process carried out at separation unit ID: 1513071903
{ recyclable of type P dropped into box....}
Box has ID: 2125470482
--------------------------------------------------
separating paper......
process carried out at separation unit ID: 1513071903
{ recyclable of type P dropped into box....}
Box has ID: 2125470482
--------------------------------------------------
separating paper......
process carried out at separation unit ID: 1513071903
{ recyclable of type P dropped into box....}
Box has ID: 2125470482
--------------------------------------------------
separating paper......
process carried out at separation unit ID: 1513071903
{ recyclable of type P dropped into box....}
Box has ID: 2125470482
--------------------------------------------------
separating paper......
process carried out at separation unit ID: 1513071903
{ recyclable of type P dropped into box....}
Box has ID: 2125470482
--------------------------------------------------
separating paper......
process carried out at separation unit ID: 1513071903
{ recyclable of type P dropped into box....}
Box has ID: 2125470482
--------------------------------------------------
separating paper......
process carried out at separation unit ID: 1513071903
{ recyclable of type P dropped into box....}
Box has ID: 2125470482
--------------------------------------------------
separating paper......
process carried out at separation unit ID: 1513071903
{ recyclable of type P dropped into box....}
Box has ID: 2125470482
--------------------------------------------------
separating paper......
process carried out at separation unit ID: 1513071903
{ recyclable of type P dropped into box....}
Box has ID: 2125470482
--------------------------------------------------
separating paper......
process carried out at separation unit ID: 1513071903
{ recyclable of type P dropped into box....}
Box has ID: 2125470482
--------------------------------------------------
separating paper......
process carried out at separation unit ID: 1513071903
{ recyclable of type P dropped into box....}
Box has ID: 2125470482
--------------------------------------------------
separating paper......
process carried out at separation unit ID: 1513071903
{ recyclable of type P dropped into box....}
Box has ID: 2125470482
--------------------------------------------------
separating paper......
process carried out at separation unit ID: 1513071903
{ recyclable of type P dropped into box....}
Box has ID: 2125470482
--------------------------------------------------
separating paper......
process carried out at separation unit ID: 1513071903
{ recyclable of type P dropped into box....}
Box has ID: 2125470482
--------------------------------------------------
separating paper......
process carried out at separation unit ID: 1513071903
{ recyclable of type P dropped into box....}
Box has ID: 2125470482
--------------------------------------------------
separating paper......
process carried out at separation unit ID: 1513071903
{ recyclable of type P dropped into box....}
Box has ID: 2125470482
--------------------------------------------------
separating paper......
process carried out at separation unit ID: 1513071903
{ recyclable of type P dropped into box....}
Box has ID: 2125470482
--------------------------------------------------
separating paper......
process carried out at separation unit ID: 1513071903
{ recyclable of type P dropped into box....}
Box has ID: 2125470482
--------------------------------------------------
separating paper......
process carried out at separation unit ID: 1513071903
{ recyclable of type P dropped into box....}
Box has ID: 2125470482
--------------------------------------------------
separating paper......
process carried out at separation unit ID: 1513071903
{ recyclable of type P dropped into box....}
Box has ID: 2125470482
--------------------------------------------------
separating paper......
process carried out at separation unit ID: 1513071903
{ recyclable of type P dropped into box....}
Box has ID: 2125470482
--------------------------------------------------
separating paper......
process carried out at separation unit ID: 1513071903
{ recyclable of type P dropped into box....}
Box has ID: 2125470482
--------------------------------------------------
separating paper......
process carried out at separation unit ID: 1513071903
{ recyclable of type P dropped into box....}
Box has ID: 2125470482
--------------------------------------------------
separating paper......
process carried out at separation unit ID: 1513071903
{ recyclable of type P dropped into box....}
Box has ID: 2125470482
--------------------------------------------------
separating paper......
process carried out at separation unit ID: 1513071903
{ recyclable of type P dropped into box....}
Box has ID: 2125470482
--------------------------------------------------
separating paper......
process carried out at separation unit ID: 1513071903
{ recyclable of type P dropped into box....}
Box has ID: 2125470482
--------------------------------------------------
separating paper......
process carried out at separation unit ID: 1513071903
{ recyclable of type P dropped into box....}
Box has ID: 2125470482
--------------------------------------------------
separating paper......
process carried out at separation unit ID: 1513071903
{ recyclable of type P dropped into box....}
Box has ID: 2125470482
--------------------------------------------------
separating paper......
process carried out at separation unit ID: 1513071903
{ recyclable of type P dropped into box....}
Box has ID: 2125470482
--------------------------------------------------
separating paper......
process carried out at separation unit ID: 1513071903
{ recyclable of type P dropped into box....}
Box has ID: 2125470482
--------------------------------------------------
separating paper......
process carried out at separation unit ID: 1513071903
{ recyclable of type P dropped into box....}
Box has ID: 2125470482
--------------------------------------------------
separating paper......
process carried out at separation unit ID: 1513071903
{ recyclable of type P dropped into box....}
Box has ID: 2125470482
--------------------------------------------------
separating paper......
process carried out at separation unit ID: 1513071903
{ recyclable of type P dropped into box....}
Box has ID: 2125470482
--------------------------------------------------
separating paper......
process carried out at separation unit ID: 1513071903
{ recyclable of type P dropped into box....}
Box has ID: 2125470482
--------------------------------------------------
separating paper......
process carried out at separation unit ID: 1513071903
{ recyclable of type P dropped into box....}
Box has ID: 2125470482
--------------------------------------------------
separating paper......
process carried out at separation unit ID: 1513071903
{ recyclable of type P dropped into box....}
Box has ID: 2125470482
--------------------------------------------------
separating paper......
process carried out at separation unit ID: 1513071903
{ recyclable of type P dropped into box....}
Box has ID: 2125470482
--------------------------------------------------
separating paper......
process carried out at separation unit ID: 1513071903
{ recyclable of type P dropped into box....}
Box has ID: 2125470482
--------------------------------------------------
separating paper......
process carried out at separation unit ID: 1513071903
{ recyclable of type P dropped into box....}
Box has ID: 2125470482
--------------------------------------------------
separating paper......
process carried out at separation unit ID: 1513071903
{ recyclable of type P dropped into box....}
Box has ID: 2125470482
--------------------------------------------------
separating paper......
process carried out at separation unit ID: 1513071903
{ recyclable of type P dropped into box....}
Box has ID: 2125470482
--------------------------------------------------
separating paper......
process carried out at separation unit ID: 1513071903
{ recyclable of type P dropped into box....}
Box has ID: 2125470482
--------------------------------------------------
separating paper......
process carried out at separation unit ID: 1513071903
{ recyclable of type P dropped into box....}
Box has ID: 2125470482
--------------------------------------------------
separating paper......
process carried out at separation unit ID: 1513071903
{ recyclable of type P dropped into box....}
Box has ID: 2125470482
--------------------------------------------------
separating paper......
process carried out at separation unit ID: 1513071903
{ recyclable of type P dropped into box....}
Box has ID: 2125470482
--------------------------------------------------
separating paper......
process carried out at separation unit ID: 1513071903
{ recyclable of type P dropped into box....}
Box has ID: 2125470482
--------------------------------------------------
separating paper......
process carried out at separation unit ID: 1513071903
{ recyclable of type P dropped into box....}
Box has ID: 2125470482
--------------------------------------------------
separating paper......
process carried out at separation unit ID: 1513071903
{ recyclable of type P dropped into box....}
Box has ID: 2125470482
--------------------------------------------------
separating paper......
process carried out at separation unit ID: 1513071903
{ recyclable of type P dropped into box....}
Box has ID: 2125470482
--------------------------------------------------
separating paper......
process carried out at separation unit ID: 1513071903
{ recyclable of type P dropped into box....}
Box has ID: 2125470482
--------------------------------------------------
separating paper......
process carried out at separation unit ID: 1513071903
{ recyclable of type P dropped into box....}
Box has ID: 2125470482
--------------------------------------------------
separating paper......
process carried out at separation unit ID: 1513071903
{ recyclable of type P dropped into box....}
Box has ID: 2125470482
--------------------------------------------------
separating paper......
process carried out at separation unit ID: 1513071903
{ recyclable of type P dropped into box....}
Box has ID: 2125470482
--------------------------------------------------
separating paper......
process carried out at separation unit ID: 1513071903
{ recyclable of type P dropped into box....}
Box has ID: 2125470482
--------------------------------------------------
separating paper......
process carried out at separation unit ID: 1513071903
{ recyclable of type P dropped into box....}
Box has ID: 2125470482
--------------------------------------------------
separating paper......
process carried out at separation unit ID: 1513071903
{ recyclable of type P dropped into box....}
Box has ID: 2125470482
--------------------------------------------------
separating paper......
process carried out at separation unit ID: 1513071903
{ recyclable of type P dropped into box....}
Box has ID: 2125470482
--------------------------------------------------
separating paper......
process carried out at separation unit ID: 1513071903
{ recyclable of type P dropped into box....}
Box has ID: 2125470482
--------------------------------------------------
separating paper......
process carried out at separation unit ID: 1513071903
{ recyclable of type P dropped into box....}
Box has ID: 2125470482
--------------------------------------------------
separating paper......
process carried out at separation unit ID: 1513071903
{ recyclable of type P dropped into box....}
Box has ID: 2125470482
--------------------------------------------------
separating paper......
process carried out at separation unit ID: 1513071903
{ recyclable of type P dropped into box....}
Box has ID: 2125470482
--------------------------------------------------
separating paper......
process carried out at separation unit ID: 1513071903
{ recyclable of type P dropped into box....}
Box has ID: 2125470482
--------------------------------------------------
separating paper......
process carried out at separation unit ID: 1513071903
{ recyclable of type P dropped into box....}
Box has ID: 2125470482
--------------------------------------------------
separating paper......
process carried out at separation unit ID: 1513071903
{ recyclable of type P dropped into box....}
Box has ID: 2125470482
--------------------------------------------------
separating paper......
process carried out at separation unit ID: 1513071903
{ recyclable of type P dropped into box....}
Box has ID: 2125470482
--------------------------------------------------
separating paper......
process carried out at separation unit ID: 1513071903
{ recyclable of type P dropped into box....}
Box has ID: 2125470482
--------------------------------------------------
separating paper......
process carried out at separation unit ID: 1513071903
{ recyclable of type P dropped into box....}
Box has ID: 2125470482
--------------------------------------------------
separating paper......
process carried out at separation unit ID: 1513071903
{ recyclable of type P dropped into box....}
Box has ID: 2125470482
--------------------------------------------------
separating paper......
process carried out at separation unit ID: 1513071903
{ recyclable of type P dropped into box....}
Box has ID: 2125470482
--------------------------------------------------
separating paper......
process carried out at separation unit ID: 1513071903
{ recyclable of type P dropped into box....}
Box has ID: 2125470482
--------------------------------------------------
separating paper......
process carried out at separation unit ID: 1513071903
{ recyclable of type P dropped into box....}
Box has ID: 2125470482
--------------------------------------------------
separating paper......
process carried out at separation unit ID: 1513071903
{ recyclable of type P dropped into box....}
Box has ID: 2125470482
--------------------------------------------------
separating paper......
process carried out at separation unit ID: 1513071903
{ recyclable of type P dropped into box....}
Box has ID: 2125470482
--------------------------------------------------
separating paper......
process carried out at separation unit ID: 1513071903
{ recyclable of type P dropped into box....}
Box has ID: 2125470482
--------------------------------------------------
separating paper......
process carried out at separation unit ID: 1513071903
{ recyclable of type P dropped into box....}
Box has ID: 2125470482
--------------------------------------------------
separating paper......
process carried out at separation unit ID: 1513071903
{ recyclable of type P dropped into box....}
Box has ID: 2125470482
--------------------------------------------------
separating paper......
process carried out at separation unit ID: 1513071903
{ recyclable of type P dropped into box....}
Box has ID: 2125470482
--------------------------------------------------
separating paper......
process carried out at separation unit ID: 1513071903
{ recyclable of type P dropped into box....}
Box has ID: 2125470482
--------------------------------------------------
separating paper......
process carried out at separation unit ID: 1513071903
{ recyclable of type P dropped into box....}
Box has ID: 2125470482
--------------------------------------------------
separating paper......
process carried out at separation unit ID: 1513071903
{ recyclable of type P dropped into box....}
Box has ID: 2125470482
--------------------------------------------------
separating paper......
process carried out at separation unit ID: 1513071903
{ recyclable of type P dropped into box....}
Box has ID: 2125470482
--------------------------------------------------
separating paper......
process carried out at separation unit ID: 1513071903
{ recyclable of type P dropped into box....}
Box has ID: 2125470482
--------------------------------------------------
separating paper......
process carried out at separation unit ID: 1513071903
{ recyclable of type P dropped into box....}
Box has ID: 2125470482
--------------------------------------------------
separating paper......
process carried out at separation unit ID: 1513071903
{ recyclable of type P dropped into box....}
Box has ID: 2125470482
--------------------------------------------------
separating paper......
process carried out at separation unit ID: 1513071903
{ recyclable of type P dropped into box....}
Box has ID: 2125470482
--------------------------------------------------
separating paper......
process carried out at separation unit ID: 1513071903
{ recyclable of type P dropped into box....}
Box has ID: 2125470482
--------------------------------------------------
separating paper......
process carried out at separation unit ID: 1513071903
{ recyclable of type P dropped into box....}
Box has ID: 2125470482
--------------------------------------------------
separating paper......
process carried out at separation unit ID: 1513071903
{ recyclable of type P dropped into box....}
Box has ID: 2125470482
--------------------------------------------------
separating paper......
process carried out at separation unit ID: 1513071903
{ recyclable of type P dropped into box....}
Box has ID: 2125470482
--------------------------------------------------
separating paper......
process carried out at separation unit ID: 1513071903
{ recyclable of type P dropped into box....}
Box has ID: 2125470482
--------------------------------------------------
separating paper......
process carried out at separation unit ID: 1513071903
{ recyclable of type P dropped into box....}
Box has ID: 2125470482
--------------------------------------------------
separating paper......
process carried out at separation unit ID: 1513071903
{ recyclable of type P dropped into box....}
Box has ID: 2125470482
--------------------------------------------------
separating paper......
process carried out at separation unit ID: 1513071903
{ recyclable of type P dropped into box....}
Box has ID: 2125470482
--------------------------------------------------
separating paper......
process carried out at separation unit ID: 1513071903
{ recyclable of type P dropped into box....}
Box has ID: 2125470482
--------------------------------------------------
separating paper......
process carried out at separation unit ID: 1513071903
{ recyclable of type P dropped into box....}
Box has ID: 2125470482
--------------------------------------------------
separating paper......
process carried out at separation unit ID: 1513071903
{ recyclable of type P dropped into box....}
Box has ID: 2125470482
--------------------------------------------------
separating paper......
process carried out at separation unit ID: 1513071903
{ recyclable of type P dropped into box....}
Box has ID: 2125470482
--------------------------------------------------
separating paper......
process carried out at separation unit ID: 1513071903
{ recyclable of type P dropped into box....}
Box has ID: 2125470482
--------------------------------------------------
separating paper......
process carried out at separation unit ID: 1513071903
{ recyclable of type P dropped into box....}
Box has ID: 2125470482
--------------------------------------------------
separating paper......
process carried out at separation unit ID: 1513071903
{ recyclable of type P dropped into box....}
Box has ID: 2125470482
--------------------------------------------------
separating paper......
process carried out at separation unit ID: 1513071903
{ recyclable of type P dropped into box....}
Box has ID: 2125470482
--------------------------------------------------
separating paper......
process carried out at separation unit ID: 1513071903
{ recyclable of type P dropped into box....}
Box has ID: 2125470482
--------------------------------------------------
separating paper......
process carried out at separation unit ID: 1513071903
{ recyclable of type P dropped into box....}
Box has ID: 2125470482
--------------------------------------------------
separating paper......
process carried out at separation unit ID: 1513071903
{ recyclable of type P dropped into box....}
Box has ID: 2125470482
--------------------------------------------------
separating paper......
process carried out at separation unit ID: 1513071903
{ recyclable of type P dropped into box....}
Box has ID: 2125470482
--------------------------------------------------
separating paper......
process carried out at separation unit ID: 1513071903
{ recyclable of type P dropped into box....}
Box has ID: 2125470482
--------------------------------------------------
separating paper......
process carried out at separation unit ID: 1513071903
{ recyclable of type P dropped into box....}
Box has ID: 2125470482
--------------------------------------------------
separating paper......
process carried out at separation unit ID: 1513071903
{ recyclable of type P dropped into box....}
Box has ID: 2125470482
--------------------------------------------------
separating paper......
process carried out at separation unit ID: 1513071903
{ recyclable of type P dropped into box....}
Box has ID: 2125470482
--------------------------------------------------
separating paper......
process carried out at separation unit ID: 1513071903
{ recyclable of type P dropped into box....}
Box has ID: 2125470482
--------------------------------------------------
separating paper......
process carried out at separation unit ID: 1513071903
{ recyclable of type P dropped into box....}
Box has ID: 2125470482
--------------------------------------------------
separating paper......
process carried out at separation unit ID: 1513071903
{ recyclable of type P dropped into box....}
Box has ID: 2125470482
--------------------------------------------------
separating paper......
process carried out at separation unit ID: 1513071903
{ recyclable of type P dropped into box....}
Box has ID: 2125470482
--------------------------------------------------
separating paper......
process carried out at separation unit ID: 1513071903
{ recyclable of type P dropped into box....}
Box has ID: 2125470482
--------------------------------------------------
separating paper......
process carried out at separation unit ID: 1513071903
{ recyclable of type P dropped into box....}
Box has ID: 2125470482
--------------------------------------------------
separating paper......
process carried out at separation unit ID: 1513071903
{ recyclable of type P dropped into box....}
Box has ID: 2125470482
--------------------------------------------------
separating paper......
process carried out at separation unit ID: 1513071903
{ recyclable of type P dropped into box....}
Box has ID: 2125470482
--------------------------------------------------
separating paper......
process carried out at separation unit ID: 1513071903
{ recyclable of type P dropped into box....}
Box has ID: 2125470482
--------------------------------------------------
separating paper......
process carried out at separation unit ID: 1513071903
{ recyclable of type P dropped into box....}
Box has ID: 2125470482
--------------------------------------------------
separating paper......
process carried out at separation unit ID: 1513071903
{ recyclable of type P dropped into box....}
Box has ID: 2125470482
--------------------------------------------------
separating paper......
process carried out at separation unit ID: 1513071903
{ recyclable of type P dropped into box....}
Box has ID: 2125470482
--------------------------------------------------
separating paper......
process carried out at separation unit ID: 1513071903
{ recyclable of type P dropped into box....}
Box has ID: 2125470482
--------------------------------------------------
separating paper......
process carried out at separation unit ID: 1513071903
{ recyclable of type P dropped into box....}
Box has ID: 2125470482
--------------------------------------------------
separating paper......
process carried out at separation unit ID: 1513071903
{ recyclable of type P dropped into box....}
Box has ID: 2125470482
--------------------------------------------------
separating paper......
process carried out at separation unit ID: 1513071903
{ recyclable of type P dropped into box....}
Box has ID: 2125470482
--------------------------------------------------
separating paper......
process carried out at separation unit ID: 1513071903
{ recyclable of type P dropped into box....}
Box has ID: 2125470482
--------------------------------------------------
separating paper......
process carried out at separation unit ID: 1513071903
{ recyclable of type P dropped into box....}
Box has ID: 2125470482
--------------------------------------------------
separating paper......
process carried out at separation unit ID: 1513071903
{ recyclable of type P dropped into box....}
Box has ID: 2125470482
--------------------------------------------------
separating paper......
process carried out at separation unit ID: 1513071903
{ recyclable of type P dropped into box....}
Box has ID: 2125470482
--------------------------------------------------
separating paper......
process carried out at separation unit ID: 1513071903
{ recyclable of type P dropped into box....}
Box has ID: 2125470482
--------------------------------------------------
separating paper......
process carried out at separation unit ID: 1513071903
{ recyclable of type P dropped into box....}
Box has ID: 2125470482
--------------------------------------------------
separating paper......
process carried out at separation unit ID: 1513071903
{ recyclable of type P dropped into box....}
Box has ID: 2125470482
--------------------------------------------------
separating paper......
process carried out at separation unit ID: 1513071903
{ recyclable of type P dropped into box....}
Box has ID: 2125470482
--------------------------------------------------
separating paper......
process carried out at separation unit ID: 1513071903
{ recyclable of type P dropped into box....}
Box has ID: 2125470482
--------------------------------------------------
separating paper......
process carried out at separation unit ID: 1513071903
{ recyclable of type P dropped into box....}
Box has ID: 2125470482
--------------------------------------------------
separating paper......
process carried out at separation unit ID: 1513071903
{ recyclable of type P dropped into box....}
Box has ID: 2125470482
--------------------------------------------------
separating paper......
process carried out at separation unit ID: 1513071903
{ recyclable of type P dropped into box....}
Box has ID: 2125470482
--------------------------------------------------
separating paper......
process carried out at separation unit ID: 1513071903
{ recyclable of type P dropped into box....}
Box has ID: 2125470482
--------------------------------------------------
separating paper......
process carried out at separation unit ID: 1513071903
{ recyclable of type P dropped into box....}
Box has ID: 2125470482
--------------------------------------------------
separating paper......
process carried out at separation unit ID: 1513071903
{ recyclable of type P dropped into box....}
Box has ID: 2125470482
--------------------------------------------------
separating paper......
process carried out at separation unit ID: 1513071903
{ recyclable of type P dropped into box....}
Box has ID: 2125470482
--------------------------------------------------
separating paper......
process carried out at separation unit ID: 1513071903
{ recyclable of type P dropped into box....}
Box has ID: 2125470482
--------------------------------------------------
separating paper......
process carried out at separation unit ID: 1513071903
{ recyclable of type P dropped into box....}
Box has ID: 2125470482
--------------------------------------------------
separating paper......
process carried out at separation unit ID: 1513071903
{ recyclable of type P dropped into box....}
Box has ID: 2125470482
--------------------------------------------------
separating paper......
process carried out at separation unit ID: 1513071903
{ recyclable of type P dropped into box....}
Box has ID: 2125470482
--------------------------------------------------
separating paper......
process carried out at separation unit ID: 1513071903
{ recyclable of type P dropped into box....}
Box has ID: 2125470482
--------------------------------------------------
separating paper......
process carried out at separation unit ID: 1513071903
{ recyclable of type P dropped into box....}
Box has ID: 2125470482
--------------------------------------------------
separating paper......
process carried out at separation unit ID: 1513071903
{ recyclable of type P dropped into box....}
Box has ID: 2125470482
--------------------------------------------------
separating paper......
process carried out at separation unit ID: 1513071903
{ recyclable of type P dropped into box....}
Box has ID: 2125470482
--------------------------------------------------
separating paper......
process carried out at separation unit ID: 1513071903
{ recyclable of type P dropped into box....}
Box has ID: 2125470482
--------------------------------------------------
separating paper......
process carried out at separation unit ID: 1513071903
{ recyclable of type P dropped into box....}
Box has ID: 2125470482
--------------------------------------------------
separating paper......
process carried out at separation unit ID: 1513071903
{ recyclable of type P dropped into box....}
Box has ID: 2125470482
--------------------------------------------------
separating paper......
process carried out at separation unit ID: 1513071903
{ recyclable of type P dropped into box....}
Box has ID: 2125470482
--------------------------------------------------
separating paper......
process carried out at separation unit ID: 1513071903
{ recyclable of type P dropped into box....}
Box has ID: 2125470482
--------------------------------------------------
separating paper......
process carried out at separation unit ID: 1513071903
{ recyclable of type P dropped into box....}
Box has ID: 2125470482
--------------------------------------------------
separating paper......
process carried out at separation unit ID: 1513071903
{ recyclable of type P dropped into box....}
Box has ID: 2125470482
--------------------------------------------------
separating paper......
process carried out at separation unit ID: 1513071903
{ recyclable of type P dropped into box....}
Box has ID: 2125470482
--------------------------------------------------
separating paper......
process carried out at separation unit ID: 1513071903
{ recyclable of type P dropped into box....}
Box has ID: 2125470482
--------------------------------------------------
separating paper......
process carried out at separation unit ID: 1513071903
{ recyclable of type P dropped into box....}
Box has ID: 2125470482
--------------------------------------------------
separating paper......
process carried out at separation unit ID: 1513071903
{ recyclable of type P dropped into box....}
Box has ID: 2125470482
--------------------------------------------------
separating paper......
process carried out at separation unit ID: 1513071903
{ recyclable of type P dropped into box....}
Box has ID: 2125470482
--------------------------------------------------
separating paper......
process carried out at separation unit ID: 1513071903
{ recyclable of type P dropped into box....}
Box has ID: 2125470482
--------------------------------------------------
separating paper......
process carried out at separation unit ID: 1513071903
{ recyclable of type P dropped into box....}
Box has ID: 2125470482
--------------------------------------------------
separating paper......
process carried out at separation unit ID: 1513071903
{ recyclable of type P dropped into box....}
Box has ID: 2125470482
--------------------------------------------------
separating paper......
process carried out at separation unit ID: 1513071903
{ recyclable of type P dropped into box....}
Box has ID: 2125470482
--------------------------------------------------
separating paper......
process carried out at separation unit ID: 1513071903
{ recyclable of type P dropped into box....}
Box has ID: 2125470482
--------------------------------------------------
separating paper......
process carried out at separation unit ID: 1513071903
{ recyclable of type P dropped into box....}
Box has ID: 2125470482
--------------------------------------------------
separating paper......
process carried out at separation unit ID: 1513071903
{ recyclable of type P dropped into box....}
Box has ID: 2125470482
--------------------------------------------------
separating paper......
process carried out at separation unit ID: 1513071903
{ recyclable of type P dropped into box....}
Box has ID: 2125470482
--------------------------------------------------
separating paper......
process carried out at separation unit ID: 1513071903
{ recyclable of type P dropped into box....}
Box has ID: 2125470482
--------------------------------------------------
separating paper......
process carried out at separation unit ID: 1513071903
{ recyclable of type P dropped into box....}
Box has ID: 2125470482
--------------------------------------------------
separating paper......
process carried out at separation unit ID: 1513071903
{ recyclable of type P dropped into box....}
Box has ID: 2125470482
--------------------------------------------------
separating paper......
process carried out at separation unit ID: 1513071903
{ recyclable of type P dropped into box....}
Box has ID: 2125470482
--------------------------------------------------
separating paper......
process carried out at separation unit ID: 1513071903
{ recyclable of type P dropped into box....}
Box has ID: 2125470482
--------------------------------------------------
separating paper......
process carried out at separation unit ID: 1513071903
{ recyclable of type P dropped into box....}
Box has ID: 2125470482
--------------------------------------------------
separating paper......
process carried out at separation unit ID: 1513071903
{ recyclable of type P dropped into box....}
Box has ID: 2125470482
--------------------------------------------------
separating paper......
process carried out at separation unit ID: 1513071903
{ recyclable of type P dropped into box....}
Box has ID: 2125470482
--------------------------------------------------
separating paper......
process carried out at separation unit ID: 1513071903
{ recyclable of type P dropped into box....}
Box has ID: 2125470482
--------------------------------------------------
separating paper......
process carried out at separation unit ID: 1513071903
{ recyclable of type P dropped into box....}
Box has ID: 2125470482
--------------------------------------------------
separating paper......
process carried out at separation unit ID: 1513071903
{ recyclable of type P dropped into box....}
Box has ID: 2125470482
--------------------------------------------------
separating paper......
process carried out at separation unit ID: 1513071903
{ recyclable of type P dropped into box....}
Box has ID: 2125470482
--------------------------------------------------
separating paper......
process carried out at separation unit ID: 1513071903
{ recyclable of type P dropped into box....}
Box has ID: 2125470482
--------------------------------------------------
separating paper......
process carried out at separation unit ID: 1513071903
{ recyclable of type P dropped into box....}
Box has ID: 2125470482
--------------------------------------------------
separating paper......
process carried out at separation unit ID: 1513071903
{ recyclable of type P dropped into box....}
Box has ID: 2125470482
--------------------------------------------------
separating paper......
process carried out at separation unit ID: 1513071903
{ recyclable of type P dropped into box....}
Box has ID: 2125470482
--------------------------------------------------
separating paper......
process carried out at separation unit ID: 1513071903
{ recyclable of type P dropped into box....}
Box has ID: 2125470482
--------------------------------------------------
separating paper......
process carried out at separation unit ID: 1513071903
{ recyclable of type P dropped into box....}
Box has ID: 2125470482
--------------------------------------------------
separating paper......
process carried out at separation unit ID: 1513071903
{ recyclable of type P dropped into box....}
Box has ID: 2125470482
--------------------------------------------------
separating paper......
process carried out at separation unit ID: 1513071903
{ recyclable of type P dropped into box....}
Box has ID: 2125470482
--------------------------------------------------
separating paper......
process carried out at separation unit ID: 1513071903
{ recyclable of type P dropped into box....}
Box has ID: 2125470482
--------------------------------------------------
separating paper......
process carried out at separation unit ID: 1513071903
{ recyclable of type P dropped into box....}
Box has ID: 2125470482
--------------------------------------------------
separating paper......
process carried out at separation unit ID: 1513071903
{ recyclable of type P dropped into box....}
Box has ID: 2125470482
--------------------------------------------------
separating paper......
process carried out at separation unit ID: 1513071903
{ recyclable of type P dropped into box....}
Box has ID: 2125470482
--------------------------------------------------
separating paper......
process carried out at separation unit ID: 1513071903
{ recyclable of type P dropped into box....}
Box has ID: 2125470482
--------------------------------------------------
separating paper......
process carried out at separation unit ID: 1513071903
{ recyclable of type P dropped into box....}
Box has ID: 2125470482
--------------------------------------------------
separating paper......
process carried out at separation unit ID: 1513071903
{ recyclable of type P dropped into box....}
Box has ID: 2125470482
--------------------------------------------------
separating paper......
process carried out at separation unit ID: 1513071903
{ recyclable of type P dropped into box....}
Box has ID: 2125470482
--------------------------------------------------
separating paper......
process carried out at separation unit ID: 1513071903
{ recyclable of type P dropped into box....}
Box has ID: 2125470482
--------------------------------------------------
separating paper......
process carried out at separation unit ID: 1513071903
{ recyclable of type P dropped into box....}
Box has ID: 2125470482
--------------------------------------------------
separating paper......
process carried out at separation unit ID: 1513071903
{ recyclable of type P dropped into box....}
Box has ID: 2125470482
--------------------------------------------------
separating paper......
process carried out at separation unit ID: 1513071903
{ recyclable of type P dropped into box....}
Box has ID: 2125470482
--------------------------------------------------
separating paper......
process carried out at separation unit ID: 1513071903
{ recyclable of type P dropped into box....}
Box has ID: 2125470482
--------------------------------------------------
separating paper......
process carried out at separation unit ID: 1513071903
{ recyclable of type P dropped into box....}
Box has ID: 2125470482
--------------------------------------------------
separating paper......
process carried out at separation unit ID: 1513071903
{ recyclable of type P dropped into box....}
Box has ID: 2125470482
--------------------------------------------------
separating paper......
process carried out at separation unit ID: 1513071903
{ recyclable of type P dropped into box....}
Box has ID: 2125470482
--------------------------------------------------
separating paper......
process carried out at separation unit ID: 1513071903
{ recyclable of type P dropped into box....}
Box has ID: 2125470482
--------------------------------------------------
separating paper......
process carried out at separation unit ID: 1513071903
{ recyclable of type P dropped into box....}
Box has ID: 2125470482
--------------------------------------------------
separating paper......
process carried out at separation unit ID: 1513071903
{ recyclable of type P dropped into box....}
Box has ID: 2125470482
--------------------------------------------------
separating paper......
process carried out at separation unit ID: 1513071903
{ recyclable of type P dropped into box....}
Box has ID: 2125470482
--------------------------------------------------
separating paper......
process carried out at separation unit ID: 1513071903
{ recyclable of type P dropped into box....}
Box has ID: 2125470482
--------------------------------------------------
separating paper......
process carried out at separation unit ID: 1513071903
{ recyclable of type P dropped into box....}
Box has ID: 2125470482
--------------------------------------------------
separating paper......
process carried out at separation unit ID: 1513071903
{ recyclable of type P dropped into box....}
Box has ID: 2125470482
--------------------------------------------------
separating paper......
process carried out at separation unit ID: 1513071903
{ recyclable of type P dropped into box....}
Box has ID: 2125470482
--------------------------------------------------
separating paper......
process carried out at separation unit ID: 1513071903
{ recyclable of type P dropped into box....}
Box has ID: 2125470482
--------------------------------------------------
separating paper......
process carried out at separation unit ID: 1513071903
{ recyclable of type P dropped into box....}
Box has ID: 2125470482
--------------------------------------------------
separating paper......
process carried out at separation unit ID: 1513071903
{ recyclable of type P dropped into box....}
Box has ID: 2125470482
--------------------------------------------------
separating paper......
process carried out at separation unit ID: 1513071903
{ recyclable of type P dropped into box....}
Box has ID: 2125470482
--------------------------------------------------
separating paper......
process carried out at separation unit ID: 1513071903
{ recyclable of type P dropped into box....}
Box has ID: 2125470482
--------------------------------------------------
separating paper......
process carried out at separation unit ID: 1513071903
{ recyclable of type P dropped into box....}
Box has ID: 2125470482
--------------------------------------------------
separating paper......
process carried out at separation unit ID: 1513071903
{ recyclable of type P dropped into box....}
Box has ID: 2125470482
--------------------------------------------------
separating paper......
process carried out at separation unit ID: 1513071903
{ recyclable of type P dropped into box....}
Box has ID: 2125470482
--------------------------------------------------
separating paper......
process carried out at separation unit ID: 1513071903
{ recyclable of type P dropped into box....}
Box has ID: 2125470482
--------------------------------------------------
separating paper......
process carried out at separation unit ID: 1513071903
{ recyclable of type P dropped into box....}
Box has ID: 2125470482
--------------------------------------------------
separating paper......
process carried out at separation unit ID: 1513071903
{ recyclable of type P dropped into box....}
Box has ID: 2125470482
--------------------------------------------------
separating paper......
process carried out at separation unit ID: 1513071903
{ recyclable of type P dropped into box....}
Box has ID: 2125470482
--------------------------------------------------
separating paper......
process carried out at separation unit ID: 1513071903
{ recyclable of type P dropped into box....}
Box has ID: 2125470482
--------------------------------------------------
separating paper......
process carried out at separation unit ID: 1513071903
{ recyclable of type P dropped into box....}
Box has ID: 2125470482
--------------------------------------------------
separating paper......
process carried out at separation unit ID: 1513071903
{ recyclable of type P dropped into box....}
Box has ID: 2125470482
--------------------------------------------------
separating paper......
process carried out at separation unit ID: 1513071903
{ recyclable of type P dropped into box....}
Box has ID: 2125470482
--------------------------------------------------
separating paper......
process carried out at separation unit ID: 1513071903
{ recyclable of type P dropped into box....}
Box has ID: 2125470482
--------------------------------------------------
separating paper......
process carried out at separation unit ID: 1513071903
{ recyclable of type P dropped into box....}
Box has ID: 2125470482
--------------------------------------------------
separating paper......
process carried out at separation unit ID: 1513071903
{ recyclable of type P dropped into box....}
Box has ID: 2125470482
--------------------------------------------------
separating paper......
process carried out at separation unit ID: 1513071903
{ recyclable of type P dropped into box....}
Box has ID: 2125470482
--------------------------------------------------
separating paper......
process carried out at separation unit ID: 1513071903
{ recyclable of type P dropped into box....}
Box has ID: 2125470482
--------------------------------------------------
separating paper......
process carried out at separation unit ID: 1513071903
{ recyclable of type P dropped into box....}
Box has ID: 2125470482
--------------------------------------------------
separating paper......
process carried out at separation unit ID: 1513071903
{ recyclable of type P dropped into box....}
Box has ID: 2125470482
--------------------------------------------------
separating paper......
process carried out at separation unit ID: 1513071903
{ recyclable of type P dropped into box....}
Box has ID: 2125470482
--------------------------------------------------
separating paper......
process carried out at separation unit ID: 1513071903
{ recyclable of type P dropped into box....}
Box has ID: 2125470482
--------------------------------------------------
separating paper......
process carried out at separation unit ID: 1513071903
{ recyclable of type P dropped into box....}
Box has ID: 2125470482
--------------------------------------------------
separating paper......
process carried out at separation unit ID: 1513071903
{ recyclable of type P dropped into box....}
Box has ID: 2125470482
--------------------------------------------------
separating paper......
process carried out at separation unit ID: 1513071903
{ recyclable of type P dropped into box....}
Box has ID: 2125470482
--------------------------------------------------
separating paper......
process carried out at separation unit ID: 1513071903
{ recyclable of type P dropped into box....}
Box has ID: 2125470482
--------------------------------------------------
separating paper......
process carried out at separation unit ID: 1513071903
{ recyclable of type P dropped into box....}
Box has ID: 2125470482
--------------------------------------------------
separating paper......
process carried out at separation unit ID: 1513071903
{ recyclable of type P dropped into box....}
Box has ID: 2125470482
--------------------------------------------------
separating paper......
process carried out at separation unit ID: 1513071903
{ recyclable of type P dropped into box....}
Box has ID: 2125470482
--------------------------------------------------
separating paper......
process carried out at separation unit ID: 1513071903
{ recyclable of type P dropped into box....}
Box has ID: 2125470482
--------------------------------------------------
separating paper......
process carried out at separation unit ID: 1513071903
{ recyclable of type P dropped into box....}
Box has ID: 2125470482
--------------------------------------------------
separating paper......
process carried out at separation unit ID: 1513071903
{ recyclable of type P dropped into box....}
Box has ID: 2125470482
--------------------------------------------------
separating paper......
process carried out at separation unit ID: 1513071903
{ recyclable of type P dropped into box....}
Box has ID: 2125470482
--------------------------------------------------
separating paper......
process carried out at separation unit ID: 1513071903
{ recyclable of type P dropped into box....}
Box has ID: 2125470482
--------------------------------------------------
separating paper......
process carried out at separation unit ID: 1513071903
{ recyclable of type P dropped into box....}
Box has ID: 2125470482
--------------------------------------------------
separating paper......
process carried out at separation unit ID: 1513071903
{ recyclable of type P dropped into box....}
Box has ID: 2125470482
--------------------------------------------------
separating paper......
process carried out at separation unit ID: 1513071903
{ recyclable of type P dropped into box....}
Box has ID: 2125470482
--------------------------------------------------
separating paper......
process carried out at separation unit ID: 1513071903
{ recyclable of type P dropped into box....}
Box has ID: 2125470482
--------------------------------------------------
separating paper......
process carried out at separation unit ID: 1513071903
{ recyclable of type P dropped into box....}
Box has ID: 2125470482
--------------------------------------------------
separating paper......
process carried out at separation unit ID: 1513071903
{ recyclable of type P dropped into box....}
Box has ID: 2125470482
--------------------------------------------------
separating paper......
process carried out at separation unit ID: 1513071903
{ recyclable of type P dropped into box....}
Box has ID: 2125470482
--------------------------------------------------
separating paper......
process carried out at separation unit ID: 1513071903
{ recyclable of type P dropped into box....}
Box has ID: 2125470482
--------------------------------------------------
separating paper......
process carried out at separation unit ID: 1513071903
{ recyclable of type P dropped into box....}
Box has ID: 2125470482
--------------------------------------------------
separating paper......
process carried out at separation unit ID: 1513071903
{ recyclable of type P dropped into box....}
Box has ID: 2125470482
--------------------------------------------------
separating paper......
process carried out at separation unit ID: 1513071903
{ recyclable of type P dropped into box....}
Box has ID: 2125470482
--------------------------------------------------
separating paper......
process carried out at separation unit ID: 1513071903
{ recyclable of type P dropped into box....}
Box has ID: 2125470482
--------------------------------------------------
separating paper......
process carried out at separation unit ID: 1513071903
{ recyclable of type P dropped into box....}
Box has ID: 2125470482
--------------------------------------------------
separating paper......
process carried out at separation unit ID: 1513071903
{ recyclable of type P dropped into box....}
Box has ID: 2125470482
--------------------------------------------------
separating paper......
process carried out at separation unit ID: 1513071903
{ recyclable of type P dropped into box....}
Box has ID: 2125470482
--------------------------------------------------
separating paper......
process carried out at separation unit ID: 1513071903
{ recyclable of type P dropped into box....}
Box has ID: 2125470482
--------------------------------------------------
separating paper......
process carried out at separation unit ID: 1513071903
{ recyclable of type P dropped into box....}
Box has ID: 2125470482
--------------------------------------------------
separating paper......
process carried out at separation unit ID: 1513071903
{ recyclable of type P dropped into box....}
Box has ID: 2125470482
--------------------------------------------------
separating paper......
process carried out at separation unit ID: 1513071903
{ recyclable of type P dropped into box....}
Box has ID: 2125470482
--------------------------------------------------
separating paper......
process carried out at separation unit ID: 1513071903
{ recyclable of type P dropped into box....}
Box has ID: 2125470482
--------------------------------------------------
separating paper......
process carried out at separation unit ID: 1513071903
{ recyclable of type P dropped into box....}
Box has ID: 2125470482
--------------------------------------------------
separating paper......
process carried out at separation unit ID: 1513071903
{ recyclable of type P dropped into box....}
Box has ID: 2125470482
--------------------------------------------------
separating paper......
process carried out at separation unit ID: 1513071903
{ recyclable of type P dropped into box....}
Box has ID: 2125470482
--------------------------------------------------
separating paper......
process carried out at separation unit ID: 1513071903
{ recyclable of type P dropped into box....}
Box has ID: 2125470482
--------------------------------------------------
separating paper......
process carried out at separation unit ID: 1513071903
{ recyclable of type P dropped into box....}
Box has ID: 2125470482
--------------------------------------------------
separating paper......
process carried out at separation unit ID: 1513071903
{ recyclable of type P dropped into box....}
Box has ID: 2125470482
--------------------------------------------------
separating paper......
process carried out at separation unit ID: 1513071903
{ recyclable of type P dropped into box....}
Box has ID: 2125470482
--------------------------------------------------
separating paper......
process carried out at separation unit ID: 1513071903
{ recyclable of type P dropped into box....}
Box has ID: 2125470482
--------------------------------------------------
separating paper......
process carried out at separation unit ID: 1513071903
{ recyclable of type P dropped into box....}
Box has ID: 2125470482
--------------------------------------------------
separating paper......
process carried out at separation unit ID: 1513071903
{ recyclable of type P dropped into box....}
Box has ID: 2125470482
--------------------------------------------------
separating paper......
process carried out at separation unit ID: 1513071903
{ recyclable of type P dropped into box....}
Box has ID: 2125470482
--------------------------------------------------
separating paper......
process carried out at separation unit ID: 1513071903
{ recyclable of type P dropped into box....}
Box has ID: 2125470482
--------------------------------------------------
separating paper......
process carried out at separation unit ID: 1513071903
{ recyclable of type P dropped into box....}
Box has ID: 2125470482
--------------------------------------------------
separating paper......
process carried out at separation unit ID: 1513071903
{ recyclable of type P dropped into box....}
Box has ID: 2125470482
--------------------------------------------------
separating paper......
process carried out at separation unit ID: 1513071903
{ recyclable of type P dropped into box....}
Box has ID: 2125470482
--------------------------------------------------
separating paper......
process carried out at separation unit ID: 1513071903
{ recyclable of type P dropped into box....}
Box has ID: 2125470482
--------------------------------------------------
separating paper......
process carried out at separation unit ID: 1513071903
{ recyclable of type P dropped into box....}
Box has ID: 2125470482
--------------------------------------------------
separating paper......
process carried out at separation unit ID: 1513071903
{ recyclable of type P dropped into box....}
Box has ID: 2125470482
--------------------------------------------------
separating paper......
process carried out at separation unit ID: 1513071903
{ recyclable of type P dropped into box....}
Box has ID: 2125470482
--------------------------------------------------
separating paper......
process carried out at separation unit ID: 1513071903
{ recyclable of type P dropped into box....}
Box has ID: 2125470482
--------------------------------------------------
separating paper......
process carried out at separation unit ID: 1513071903
{ recyclable of type P dropped into box....}
Box has ID: 2125470482
--------------------------------------------------
separating paper......
process carried out at separation unit ID: 1513071903
{ recyclable of type P dropped into box....}
Box has ID: 2125470482
--------------------------------------------------
separating paper......
process carried out at separation unit ID: 1513071903
{ recyclable of type P dropped into box....}
Box has ID: 2125470482
--------------------------------------------------
separating paper......
process carried out at separation unit ID: 1513071903
{ recyclable of type P dropped into box....}
Box has ID: 2125470482
--------------------------------------------------
separating paper......
process carried out at separation unit ID: 1513071903
{ recyclable of type P dropped into box....}
Box has ID: 2125470482
--------------------------------------------------
separating paper......
process carried out at separation unit ID: 1513071903
{ recyclable of type P dropped into box....}
Box has ID: 2125470482
--------------------------------------------------
separating paper......
process carried out at separation unit ID: 1513071903
{ recyclable of type P dropped into box....}
Box has ID: 2125470482
--------------------------------------------------
separating paper......
process carried out at separation unit ID: 1513071903
{ recyclable of type P dropped into box....}
Box has ID: 2125470482
--------------------------------------------------
separating paper......
process carried out at separation unit ID: 1513071903
{ recyclable of type P dropped into box....}
Box has ID: 2125470482
--------------------------------------------------
separating paper......
process carried out at separation unit ID: 1513071903
{ recyclable of type P dropped into box....}
Box has ID: 2125470482
--------------------------------------------------
separating paper......
process carried out at separation unit ID: 1513071903
{ recyclable of type P dropped into box....}
Box has ID: 2125470482
--------------------------------------------------
separating paper......
process carried out at separation unit ID: 1513071903
{ recyclable of type P dropped into box....}
Box has ID: 2125470482
--------------------------------------------------
separating paper......
process carried out at separation unit ID: 1513071903
{ recyclable of type P dropped into box....}
Box has ID: 2125470482
--------------------------------------------------
separating paper......
process carried out at separation unit ID: 1513071903
{ recyclable of type P dropped into box....}
Box has ID: 2125470482
--------------------------------------------------
separating paper......
process carried out at separation unit ID: 1513071903
{ recyclable of type P dropped into box....}
Box has ID: 2125470482
--------------------------------------------------
separating paper......
process carried out at separation unit ID: 1513071903
{ recyclable of type P dropped into box....}
Box has ID: 2125470482
--------------------------------------------------
separating paper......
process carried out at separation unit ID: 1513071903
{ recyclable of type P dropped into box....}
Box has ID: 2125470482
--------------------------------------------------
separating paper......
process carried out at separation unit ID: 1513071903
{ recyclable of type P dropped into box....}
Box has ID: 2125470482
--------------------------------------------------
separating paper......
process carried out at separation unit ID: 1513071903
{ recyclable of type P dropped into box....}
Box has ID: 2125470482
--------------------------------------------------
separating paper......
process carried out at separation unit ID: 1513071903
{ recyclable of type P dropped into box....}
Box has ID: 2125470482
--------------------------------------------------
separating paper......
process carried out at separation unit ID: 1513071903
{ recyclable of type P dropped into box....}
Box has ID: 2125470482
--------------------------------------------------
separating paper......
process carried out at separation unit ID: 1513071903
{ recyclable of type P dropped into box....}
Box has ID: 2125470482
--------------------------------------------------
separating paper......
process carried out at separation unit ID: 1513071903
{ recyclable of type P dropped into box....}
Box has ID: 2125470482
--------------------------------------------------
separating paper......
process carried out at separation unit ID: 1513071903
{ recyclable of type P dropped into box....}
Box has ID: 2125470482
--------------------------------------------------
separating paper......
process carried out at separation unit ID: 1513071903
{ recyclable of type P dropped into box....}
Box has ID: 2125470482
--------------------------------------------------
separating paper......
process carried out at separation unit ID: 1513071903
{ recyclable of type P dropped into box....}
Box has ID: 2125470482
--------------------------------------------------
separating paper......
process carried out at separation unit ID: 1513071903
{ recyclable of type P dropped into box....}
Box has ID: 2125470482
--------------------------------------------------
separating paper......
process carried out at separation unit ID: 1513071903
{ recyclable of type P dropped into box....}
Box has ID: 2125470482
--------------------------------------------------
separating paper......
process carried out at separation unit ID: 1513071903
{ recyclable of type P dropped into box....}
Box has ID: 2125470482
--------------------------------------------------
separating paper......
process carried out at separation unit ID: 1513071903
{ recyclable of type P dropped into box....}
Box has ID: 2125470482
--------------------------------------------------
separating paper......
process carried out at separation unit ID: 1513071903
{ recyclable of type P dropped into box....}
Box has ID: 2125470482
--------------------------------------------------
separating paper......
process carried out at separation unit ID: 1513071903
{ recyclable of type P dropped into box....}
Box has ID: 2125470482
--------------------------------------------------
separating paper......
process carried out at separation unit ID: 1513071903
{ recyclable of type P dropped into box....}
Box has ID: 2125470482
--------------------------------------------------
separating paper......
process carried out at separation unit ID: 1513071903
{ recyclable of type P dropped into box....}
Box has ID: 2125470482
--------------------------------------------------
separating paper......
process carried out at separation unit ID: 1513071903
{ recyclable of type P dropped into box....}
Box has ID: 2125470482
--------------------------------------------------
separating paper......
process carried out at separation unit ID: 1513071903
{ recyclable of type P dropped into box....}
Box has ID: 2125470482
--------------------------------------------------
separating paper......
process carried out at separation unit ID: 1513071903
{ recyclable of type P dropped into box....}
Box has ID: 2125470482
--------------------------------------------------
separating paper......
process carried out at separation unit ID: 1513071903
{ recyclable of type P dropped into box....}
Box has ID: 2125470482
--------------------------------------------------
separating paper......
process carried out at separation unit ID: 1513071903
{ recyclable of type P dropped into box....}
Box has ID: 2125470482
--------------------------------------------------
separating paper......
process carried out at separation unit ID: 1513071903
{ recyclable of type P dropped into box....}
Box has ID: 2125470482
--------------------------------------------------
separating paper......
process carried out at separation unit ID: 1513071903
{ recyclable of type P dropped into box....}
Box has ID: 2125470482
--------------------------------------------------
separating paper......
process carried out at separation unit ID: 1513071903
{ recyclable of type P dropped into box....}
Box has ID: 2125470482
--------------------------------------------------
separating paper......
process carried out at separation unit ID: 1513071903
{ recyclable of type P dropped into box....}
Box has ID: 2125470482
--------------------------------------------------
separating paper......
process carried out at separation unit ID: 1513071903
{ recyclable of type P dropped into box....}
Box has ID: 2125470482
--------------------------------------------------
separating paper......
process carried out at separation unit ID: 1513071903
{ recyclable of type P dropped into box....}
Box has ID: 2125470482
--------------------------------------------------
separating paper......
process carried out at separation unit ID: 1513071903
{ recyclable of type P dropped into box....}
Box has ID: 2125470482
--------------------------------------------------
separating paper......
process carried out at separation unit ID: 1513071903
{ recyclable of type P dropped into box....}
Box has ID: 2125470482
--------------------------------------------------
separating paper......
process carried out at separation unit ID: 1513071903
{ recyclable of type P dropped into box....}
Box has ID: 2125470482
--------------------------------------------------
separating paper......
process carried out at separation unit ID: 1513071903
{ recyclable of type P dropped into box....}
Box has ID: 2125470482
--------------------------------------------------
separating paper......
process carried out at separation unit ID: 1513071903
{ recyclable of type P dropped into box....}
Box has ID: 2125470482
--------------------------------------------------
separating paper......
process carried out at separation unit ID: 1513071903
{ recyclable of type P dropped into box....}
Box has ID: 2125470482
--------------------------------------------------
separating paper......
process carried out at separation unit ID: 1513071903
{ recyclable of type P dropped into box....}
Box has ID: 2125470482
--------------------------------------------------
separating paper......
process carried out at separation unit ID: 1513071903
{ recyclable of type P dropped into box....}
Box has ID: 2125470482
--------------------------------------------------
separating paper......
process carried out at separation unit ID: 1513071903
{ recyclable of type P dropped into box....}
Box has ID: 2125470482
--------------------------------------------------
separating paper......
process carried out at separation unit ID: 1513071903
{ recyclable of type P dropped into box....}
Box has ID: 2125470482
--------------------------------------------------
separating paper......
process carried out at separation unit ID: 1513071903
{ recyclable of type P dropped into box....}
Box has ID: 2125470482
--------------------------------------------------
separating paper......
process carried out at separation unit ID: 1513071903
{ recyclable of type P dropped into box....}
Box has ID: 2125470482
--------------------------------------------------
separating paper......
process carried out at separation unit ID: 1513071903
{ recyclable of type P dropped into box....}
Box has ID: 2125470482
--------------------------------------------------
separating paper......
process carried out at separation unit ID: 1513071903
{ recyclable of type P dropped into box....}
Box has ID: 2125470482
--------------------------------------------------
separating paper......
process carried out at separation unit ID: 1513071903
{ recyclable of type P dropped into box....}
Box has ID: 2125470482
--------------------------------------------------
separating paper......
process carried out at separation unit ID: 1513071903
{ recyclable of type P dropped into box....}
Box has ID: 2125470482
--------------------------------------------------
separating paper......
process carried out at separation unit ID: 1513071903
{ recyclable of type P dropped into box....}
Box has ID: 2125470482
--------------------------------------------------
separating paper......
process carried out at separation unit ID: 1513071903
{ recyclable of type P dropped into box....}
Box has ID: 2125470482
--------------------------------------------------
separating paper......
process carried out at separation unit ID: 1513071903
{ recyclable of type P dropped into box....}
Box has ID: 2125470482
--------------------------------------------------
separating paper......
process carried out at separation unit ID: 1513071903
{ recyclable of type P dropped into box....}
Box has ID: 2125470482
--------------------------------------------------
separating paper......
process carried out at separation unit ID: 1513071903
{ recyclable of type P dropped into box....}
Box has ID: 2125470482
--------------------------------------------------
separating paper......
process carried out at separation unit ID: 1513071903
{ recyclable of type P dropped into box....}
Box has ID: 2125470482
--------------------------------------------------
separating paper......
process carried out at separation unit ID: 1513071903
{ recyclable of type P dropped into box....}
Box has ID: 2125470482
--------------------------------------------------
separating paper......
process carried out at separation unit ID: 1513071903
{ recyclable of type P dropped into box....}
Box has ID: 2125470482
--------------------------------------------------
separating paper......
process carried out at separation unit ID: 1513071903
{ recyclable of type P dropped into box....}
Box has ID: 2125470482
--------------------------------------------------
separating paper......
process carried out at separation unit ID: 1513071903
{ recyclable of type P dropped into box....}
Box has ID: 2125470482
--------------------------------------------------
separating paper......
process carried out at separation unit ID: 1513071903
{ recyclable of type P dropped into box....}
Box has ID: 2125470482
--------------------------------------------------
separating paper......
process carried out at separation unit ID: 1513071903
{ recyclable of type P dropped into box....}
Box has ID: 2125470482
--------------------------------------------------
separating paper......
process carried out at separation unit ID: 1513071903
{ recyclable of type P dropped into box....}
Box has ID: 2125470482
--------------------------------------------------
separating paper......
process carried out at separation unit ID: 1513071903
{ recyclable of type P dropped into box....}
Box has ID: 2125470482
--------------------------------------------------
separating paper......
process carried out at separation unit ID: 1513071903
{ recyclable of type P dropped into box....}
Box has ID: 2125470482
--------------------------------------------------
separating paper......
process carried out at separation unit ID: 1513071903
{ recyclable of type P dropped into box....}
Box has ID: 2125470482
--------------------------------------------------
separating paper......
process carried out at separation unit ID: 1513071903
{ recyclable of type P dropped into box....}
Box has ID: 2125470482
--------------------------------------------------
separating paper......
process carried out at separation unit ID: 1513071903
{ recyclable of type P dropped into box....}
Box has ID: 2125470482
--------------------------------------------------
separating paper......
process carried out at separation unit ID: 1513071903
{ recyclable of type P dropped into box....}
Box has ID: 2125470482
--------------------------------------------------
separating paper......
process carried out at separation unit ID: 1513071903
{ recyclable of type P dropped into box....}
Box has ID: 2125470482
--------------------------------------------------
separating paper......
process carried out at separation unit ID: 1513071903
{ recyclable of type P dropped into box....}
Box has ID: 2125470482
--------------------------------------------------
separating paper......
process carried out at separation unit ID: 1513071903
{ recyclable of type P dropped into box....}
Box has ID: 2125470482
--------------------------------------------------
separating paper......
process carried out at separation unit ID: 1513071903
{ recyclable of type P dropped into box....}
Box has ID: 2125470482
--------------------------------------------------
separating paper......
process carried out at separation unit ID: 1513071903
{ recyclable of type P dropped into box....}
Box has ID: 2125470482
--------------------------------------------------
separating paper......
process carried out at separation unit ID: 1513071903
{ recyclable of type P dropped into box....}
Box has ID: 2125470482
--------------------------------------------------
separating paper......
process carried out at separation unit ID: 1513071903
{ recyclable of type P dropped into box....}
Box has ID: 2125470482
--------------------------------------------------
separating paper......
process carried out at separation unit ID: 1513071903
{ recyclable of type P dropped into box....}
Box has ID: 2125470482
--------------------------------------------------
separating paper......
process carried out at separation unit ID: 1513071903
{ recyclable of type P dropped into box....}
Box has ID: 2125470482
--------------------------------------------------
separating paper......
process carried out at separation unit ID: 1513071903
{ recyclable of type P dropped into box....}
Box has ID: 2125470482
--------------------------------------------------
separating paper......
process carried out at separation unit ID: 1513071903
{ recyclable of type P dropped into box....}
Box has ID: 2125470482
--------------------------------------------------
separating paper......
process carried out at separation unit ID: 1513071903
{ recyclable of type P dropped into box....}
Box has ID: 2125470482
--------------------------------------------------
separating paper......
process carried out at separation unit ID: 1513071903
{ recyclable of type P dropped into box....}
Box has ID: 2125470482
--------------------------------------------------
separating paper......
process carried out at separation unit ID: 1513071903
{ recyclable of type P dropped into box....}
Box has ID: 2125470482
--------------------------------------------------
separating paper......
process carried out at separation unit ID: 1513071903
{ recyclable of type P dropped into box....}
Box has ID: 2125470482
--------------------------------------------------
separating paper......
process carried out at separation unit ID: 1513071903
{ recyclable of type P dropped into box....}
Box has ID: 2125470482
--------------------------------------------------
separating paper......
process carried out at separation unit ID: 1513071903
{ recyclable of type P dropped into box....}
Box has ID: 2125470482
--------------------------------------------------
separating paper......
process carried out at separation unit ID: 1513071903
{ recyclable of type P dropped into box....}
Box has ID: 2125470482
--------------------------------------------------
separating paper......
process carried out at separation unit ID: 1513071903
{ recyclable of type P dropped into box....}
Box has ID: 2125470482
--------------------------------------------------
separating paper......
process carried out at separation unit ID: 1513071903
{ recyclable of type P dropped into box....}
Box has ID: 2125470482
--------------------------------------------------
separating paper......
process carried out at separation unit ID: 1513071903
{ recyclable of type P dropped into box....}
Box has ID: 2125470482
--------------------------------------------------
separating paper......
process carried out at separation unit ID: 1513071903
{ recyclable of type P dropped into box....}
Box has ID: 2125470482
--------------------------------------------------
separating paper......
process carried out at separation unit ID: 1513071903
{ recyclable of type P dropped into box....}
Box has ID: 2125470482
--------------------------------------------------
separating paper......
process carried out at separation unit ID: 1513071903
{ recyclable of type P dropped into box....}
Box has ID: 2125470482
--------------------------------------------------
separating paper......
process carried out at separation unit ID: 1513071903
{ recyclable of type P dropped into box....}
Box has ID: 2125470482
--------------------------------------------------
separating paper......
process carried out at separation unit ID: 1513071903
{ recyclable of type P dropped into box....}
Box has ID: 2125470482
--------------------------------------------------
separating paper......
process carried out at separation unit ID: 1513071903
{ recyclable of type P dropped into box....}
Box has ID: 2125470482
--------------------------------------------------
separating paper......
process carried out at separation unit ID: 1513071903
{ recyclable of type P dropped into box....}
Box has ID: 2125470482
--------------------------------------------------
separating paper......
process carried out at separation unit ID: 1513071903
{ recyclable of type P dropped into box....}
Box has ID: 2125470482
--------------------------------------------------
separating paper......
process carried out at separation unit ID: 1513071903
{ recyclable of type P dropped into box....}
Box has ID: 2125470482
--------------------------------------------------
separating paper......
process carried out at separation unit ID: 1513071903
{ recyclable of type P dropped into box....}
Box has ID: 2125470482
--------------------------------------------------
separating paper......
process carried out at separation unit ID: 1513071903
{ recyclable of type P dropped into box....}
Box has ID: 2125470482
--------------------------------------------------
separating paper......
process carried out at separation unit ID: 1513071903
{ recyclable of type P dropped into box....}
Box has ID: 2125470482
--------------------------------------------------
separating paper......
process carried out at separation unit ID: 1513071903
{ recyclable of type P dropped into box....}
Box has ID: 2125470482
--------------------------------------------------
separating paper......
process carried out at separation unit ID: 1513071903
{ recyclable of type P dropped into box....}
Box has ID: 2125470482
--------------------------------------------------
separating paper......
process carried out at separation unit ID: 1513071903
{ recyclable of type P dropped into box....}
Box has ID: 2125470482
--------------------------------------------------
separating paper......
process carried out at separation unit ID: 1513071903
{ recyclable of type P dropped into box....}
Box has ID: 2125470482
--------------------------------------------------
separating paper......
process carried out at separation unit ID: 1513071903
{ recyclable of type P dropped into box....}
Box has ID: 2125470482
--------------------------------------------------
separating paper......
process carried out at separation unit ID: 1513071903
{ recyclable of type P dropped into box....}
Box has ID: 2125470482
--------------------------------------------------
separating paper......
process carried out at separation unit ID: 1513071903
{ recyclable of type P dropped into box....}
Box has ID: 2125470482
--------------------------------------------------
separating paper......
process carried out at separation unit ID: 1513071903
{ recyclable of type P dropped into box....}
Box has ID: 2125470482
--------------------------------------------------
separating paper......
process carried out at separation unit ID: 1513071903
{ recyclable of type P dropped into box....}
Box has ID: 2125470482
--------------------------------------------------
separating paper......
process carried out at separation unit ID: 1513071903
{ recyclable of type P dropped into box....}
Box has ID: 2125470482
--------------------------------------------------
separating paper......
process carried out at separation unit ID: 1513071903
{ recyclable of type P dropped into box....}
Box has ID: 2125470482
--------------------------------------------------
separating paper......
process carried out at separation unit ID: 1513071903
{ recyclable of type P dropped into box....}
Box has ID: 2125470482
--------------------------------------------------
separating paper......
process carried out at separation unit ID: 1513071903
{ recyclable of type P dropped into box....}
Box has ID: 2125470482
--------------------------------------------------
separating paper......
process carried out at separation unit ID: 1513071903
{ recyclable of type P dropped into box....}
Box has ID: 2125470482
--------------------------------------------------
separating paper......
process carried out at separation unit ID: 1513071903
{ recyclable of type P dropped into box....}
Box has ID: 2125470482
--------------------------------------------------
separating paper......
process carried out at separation unit ID: 1513071903
{ recyclable of type P dropped into box....}
Box has ID: 2125470482
--------------------------------------------------
separating paper......
process carried out at separation unit ID: 1513071903
{ recyclable of type P dropped into box....}
Box has ID: 2125470482
--------------------------------------------------
separating paper......
process carried out at separation unit ID: 1513071903
{ recyclable of type P dropped into box....}
Box has ID: 2125470482
--------------------------------------------------
separating paper......
process carried out at separation unit ID: 1513071903
{ recyclable of type P dropped into box....}
Box has ID: 2125470482
--------------------------------------------------
separating paper......
process carried out at separation unit ID: 1513071903
{ recyclable of type P dropped into box....}
Box has ID: 2125470482
--------------------------------------------------
separating paper......
process carried out at separation unit ID: 1513071903
{ recyclable of type P dropped into box....}
Box has ID: 2125470482
--------------------------------------------------
separating paper......
process carried out at separation unit ID: 1513071903
{ recyclable of type P dropped into box....}
Box has ID: 2125470482
--------------------------------------------------
separating paper......
process carried out at separation unit ID: 1513071903
{ recyclable of type P dropped into box....}
Box has ID: 2125470482
--------------------------------------------------
separating paper......
process carried out at separation unit ID: 1513071903
{ recyclable of type P dropped into box....}
Box has ID: 2125470482
--------------------------------------------------
separating paper......
process carried out at separation unit ID: 1513071903
{ recyclable of type P dropped into box....}
Box has ID: 2125470482
--------------------------------------------------
separating paper......
process carried out at separation unit ID: 1513071903
{ recyclable of type P dropped into box....}
Box has ID: 2125470482
--------------------------------------------------
separating paper......
process carried out at separation unit ID: 1513071903
{ recyclable of type P dropped into box....}
Box has ID: 2125470482
--------------------------------------------------
separating paper......
process carried out at separation unit ID: 1513071903
{ recyclable of type P dropped into box....}
Box has ID: 2125470482
--------------------------------------------------
separating paper......
process carried out at separation unit ID: 1513071903
{ recyclable of type P dropped into box....}
Box has ID: 2125470482
--------------------------------------------------
separating paper......
process carried out at separation unit ID: 1513071903
{ recyclable of type P dropped into box....}
Box has ID: 2125470482
--------------------------------------------------
separating paper......
process carried out at separation unit ID: 1513071903
{ recyclable of type P dropped into box....}
Box has ID: 2125470482
--------------------------------------------------
separating paper......
process carried out at separation unit ID: 1513071903
{ recyclable of type P dropped into box....}
Box has ID: 2125470482
--------------------------------------------------
separating paper......
process carried out at separation unit ID: 1513071903
{ recyclable of type P dropped into box....}
Box has ID: 2125470482
--------------------------------------------------
separating paper......
process carried out at separation unit ID: 1513071903
{ recyclable of type P dropped into box....}
Box has ID: 2125470482
--------------------------------------------------
separating paper......
process carried out at separation unit ID: 1513071903
{ recyclable of type P dropped into box....}
Box has ID: 2125470482
--------------------------------------------------
separating paper......
process carried out at separation unit ID: 1513071903
{ recyclable of type P dropped into box....}
Box has ID: 2125470482
--------------------------------------------------
separating paper......
process carried out at separation unit ID: 1513071903
{ recyclable of type P dropped into box....}
Box has ID: 2125470482
--------------------------------------------------
separating paper......
process carried out at separation unit ID: 1513071903
{ recyclable of type P dropped into box....}
Box has ID: 2125470482
--------------------------------------------------
separating paper......
process carried out at separation unit ID: 1513071903
{ recyclable of type P dropped into box....}
Box has ID: 2125470482
--------------------------------------------------
separating paper......
process carried out at separation unit ID: 1513071903
{ recyclable of type P dropped into box....}
Box has ID: 2125470482
--------------------------------------------------
separating paper......
process carried out at separation unit ID: 1513071903
{ recyclable of type P dropped into box....}
Box has ID: 2125470482
--------------------------------------------------
separating paper......
process carried out at separation unit ID: 1513071903
{ recyclable of type P dropped into box....}
Box has ID: 2125470482
--------------------------------------------------
separating paper......
process carried out at separation unit ID: 1513071903
{ recyclable of type P dropped into box....}
Box has ID: 2125470482
--------------------------------------------------
separating paper......
process carried out at separation unit ID: 1513071903
{ recyclable of type P dropped into box....}
Box has ID: 2125470482
--------------------------------------------------
separating paper......
process carried out at separation unit ID: 1513071903
{ recyclable of type P dropped into box....}
Box has ID: 2125470482
--------------------------------------------------
separating paper......
process carried out at separation unit ID: 1513071903
{ recyclable of type P dropped into box....}
Box has ID: 2125470482
--------------------------------------------------
separating paper......
process carried out at separation unit ID: 1513071903
{ recyclable of type P dropped into box....}
Box has ID: 2125470482
--------------------------------------------------
separating paper......
process carried out at separation unit ID: 1513071903
{ recyclable of type P dropped into box....}
Box has ID: 2125470482
--------------------------------------------------
separating paper......
process carried out at separation unit ID: 1513071903
{ recyclable of type P dropped into box....}
Box has ID: 2125470482
--------------------------------------------------
separating paper......
process carried out at separation unit ID: 1513071903
{ recyclable of type P dropped into box....}
Box has ID: 2125470482
--------------------------------------------------
separating paper......
process carried out at separation unit ID: 1513071903
{ recyclable of type P dropped into box....}
Box has ID: 2125470482
--------------------------------------------------
separating paper......
process carried out at separation unit ID: 1513071903
{ recyclable of type P dropped into box....}
Box has ID: 2125470482
--------------------------------------------------
separating paper......
process carried out at separation unit ID: 1513071903
{ recyclable of type P dropped into box....}
Box has ID: 2125470482
--------------------------------------------------
separating paper......
process carried out at separation unit ID: 1513071903
{ recyclable of type P dropped into box....}
Box has ID: 2125470482
--------------------------------------------------
separating paper......
process carried out at separation unit ID: 1513071903
{ recyclable of type P dropped into box....}
Box has ID: 2125470482
--------------------------------------------------
separating paper......
process carried out at separation unit ID: 1513071903
{ recyclable of type P dropped into box....}
Box has ID: 2125470482
--------------------------------------------------
separating paper......
process carried out at separation unit ID: 1513071903
{ recyclable of type P dropped into box....}
Box has ID: 2125470482
--------------------------------------------------
separating paper......
process carried out at separation unit ID: 1513071903
{ recyclable of type P dropped into box....}
Box has ID: 2125470482
--------------------------------------------------
separating paper......
process carried out at separation unit ID: 1513071903
{ recyclable of type P dropped into box....}
Box has ID: 2125470482
--------------------------------------------------
separating paper......
process carried out at separation unit ID: 1513071903
{ recyclable of type P dropped into box....}
Box has ID: 2125470482
--------------------------------------------------
separating paper......
process carried out at separation unit ID: 1513071903
{ recyclable of type P dropped into box....}
Box has ID: 2125470482
--------------------------------------------------
separating paper......
process carried out at separation unit ID: 1513071903
{ recyclable of type P dropped into box....}
Box has ID: 2125470482
--------------------------------------------------
separating paper......
process carried out at separation unit ID: 1513071903
{ recyclable of type P dropped into box....}
Box has ID: 2125470482
--------------------------------------------------
separating paper......
process carried out at separation unit ID: 1513071903
{ recyclable of type P dropped into box....}
Box has ID: 2125470482
--------------------------------------------------
separating paper......
process carried out at separation unit ID: 1513071903
{ recyclable of type P dropped into box....}
Box has ID: 2125470482
--------------------------------------------------
separating paper......
process carried out at separation unit ID: 1513071903
{ recyclable of type P dropped into box....}
Box has ID: 2125470482
--------------------------------------------------
separating paper......
process carried out at separation unit ID: 1513071903
{ recyclable of type P dropped into box....}
Box has ID: 2125470482
--------------------------------------------------
separating paper......
process carried out at separation unit ID: 1513071903
{ recyclable of type P dropped into box....}
Box has ID: 2125470482
--------------------------------------------------
separating paper......
process carried out at separation unit ID: 1513071903
{ recyclable of type P dropped into box....}
Box has ID: 2125470482
--------------------------------------------------
separating paper......
process carried out at separation unit ID: 1513071903
{ recyclable of type P dropped into box....}
Box has ID: 2125470482
--------------------------------------------------
separating paper......
process carried out at separation unit ID: 1513071903
{ recyclable of type P dropped into box....}
Box has ID: 2125470482
--------------------------------------------------
separating paper......
process carried out at separation unit ID: 1513071903
{ recyclable of type P dropped into box....}
Box has ID: 2125470482
--------------------------------------------------
separating paper......
process carried out at separation unit ID: 1513071903
{ recyclable of type P dropped into box....}
Box has ID: 2125470482
--------------------------------------------------
separating paper......
process carried out at separation unit ID: 1513071903
{ recyclable of type P dropped into box....}
Box has ID: 2125470482
--------------------------------------------------
separating paper......
process carried out at separation unit ID: 1513071903
{ recyclable of type P dropped into box....}
Box has ID: 2125470482
--------------------------------------------------
separating paper......
process carried out at separation unit ID: 1513071903
{ recyclable of type P dropped into box....}
Box has ID: 2125470482
--------------------------------------------------
separating paper......
process carried out at separation unit ID: 1513071903
{ recyclable of type P dropped into box....}
Box has ID: 2125470482
--------------------------------------------------
separating paper......
process carried out at separation unit ID: 1513071903
{ recyclable of type P dropped into box....}
Box has ID: 2125470482
--------------------------------------------------
separating paper......
process carried out at separation unit ID: 1513071903
{ recyclable of type P dropped into box....}
Box has ID: 2125470482
--------------------------------------------------
separating paper......
process carried out at separation unit ID: 1513071903
{ recyclable of type P dropped into box....}
Box has ID: 2125470482
--------------------------------------------------
separating paper......
process carried out at separation unit ID: 1513071903
{ recyclable of type P dropped into box....}
Box has ID: 2125470482
--------------------------------------------------
separating paper......
process carried out at separation unit ID: 1513071903
{ recyclable of type P dropped into box....}
Box has ID: 2125470482
--------------------------------------------------
separating paper......
process carried out at separation unit ID: 1513071903
{ recyclable of type P dropped into box....}
Box has ID: 2125470482
--------------------------------------------------
separating paper......
process carried out at separation unit ID: 1513071903
{ recyclable of type P dropped into box....}
Box has ID: 2125470482
--------------------------------------------------
separating paper......
process carried out at separation unit ID: 1513071903
{ recyclable of type P dropped into box....}
Box has ID: 2125470482
--------------------------------------------------
box hash: 2125470482
-----------------------------------------------------------------------------------
-----------------------------------------------------------------------------------
ALARM !!!!!!! BOX with ID 2125470482 is full.....
-----------------------------------------------------------------------------------
-----------------------------------------------------------------------------------
box capacity: 1000
worker replaced filled box with ID: 2125470482 , with a new box with ID: 580965610 at process unit: 1513071903

separating paper......
process carried out at separation unit ID: 1513071903
{ recyclable of type P dropped into box....}
Box has ID: 580965610
--------------------------------------------------
separating paper......
process carried out at separation unit ID: 1513071903
{ recyclable of type P dropped into box....}
Box has ID: 580965610
--------------------------------------------------
separating paper......
process carried out at separation unit ID: 1513071903
{ recyclable of type P dropped into box....}
Box has ID: 580965610
--------------------------------------------------
separating paper......
process carried out at separation unit ID: 1513071903
{ recyclable of type P dropped into box....}
Box has ID: 580965610
--------------------------------------------------
separating paper......
process carried out at separation unit ID: 1513071903
{ recyclable of type P dropped into box....}
Box has ID: 580965610
--------------------------------------------------
separating paper......
process carried out at separation unit ID: 1513071903
{ recyclable of type P dropped into box....}
Box has ID: 580965610
--------------------------------------------------
separating paper......
process carried out at separation unit ID: 1513071903
{ recyclable of type P dropped into box....}
Box has ID: 580965610
--------------------------------------------------
separating paper......
process carried out at separation unit ID: 1513071903
{ recyclable of type P dropped into box....}
Box has ID: 580965610
--------------------------------------------------
separating paper......
process carried out at separation unit ID: 1513071903
{ recyclable of type P dropped into box....}
Box has ID: 580965610
--------------------------------------------------
separating paper......
process carried out at separation unit ID: 1513071903
{ recyclable of type P dropped into box....}
Box has ID: 580965610
--------------------------------------------------
separating paper......
process carried out at separation unit ID: 1513071903
{ recyclable of type P dropped into box....}
Box has ID: 580965610
--------------------------------------------------
separating paper......
process carried out at separation unit ID: 1513071903
{ recyclable of type P dropped into box....}
Box has ID: 580965610
--------------------------------------------------
separating paper......
process carried out at separation unit ID: 1513071903
{ recyclable of type P dropped into box....}
Box has ID: 580965610
--------------------------------------------------
separating paper......
process carried out at separation unit ID: 1513071903
{ recyclable of type P dropped into box....}
Box has ID: 580965610
--------------------------------------------------
separating paper......
process carried out at separation unit ID: 1513071903
{ recyclable of type P dropped into box....}
Box has ID: 580965610
--------------------------------------------------
separating paper......
process carried out at separation unit ID: 1513071903
{ recyclable of type P dropped into box....}
Box has ID: 580965610
--------------------------------------------------
separating paper......
process carried out at separation unit ID: 1513071903
{ recyclable of type P dropped into box....}
Box has ID: 580965610
--------------------------------------------------
separating paper......
process carried out at separation unit ID: 1513071903
{ recyclable of type P dropped into box....}
Box has ID: 580965610
--------------------------------------------------
separating paper......
process carried out at separation unit ID: 1513071903
{ recyclable of type P dropped into box....}
Box has ID: 580965610
--------------------------------------------------
separating paper......
process carried out at separation unit ID: 1513071903
{ recyclable of type P dropped into box....}
Box has ID: 580965610
--------------------------------------------------
separating paper......
process carried out at separation unit ID: 1513071903
{ recyclable of type P dropped into box....}
Box has ID: 580965610
--------------------------------------------------
separating paper......
process carried out at separation unit ID: 1513071903
{ recyclable of type P dropped into box....}
Box has ID: 580965610
--------------------------------------------------
separating paper......
process carried out at separation unit ID: 1513071903
{ recyclable of type P dropped into box....}
Box has ID: 580965610
--------------------------------------------------
separating paper......
process carried out at separation unit ID: 1513071903
{ recyclable of type P dropped into box....}
Box has ID: 580965610
--------------------------------------------------
separating paper......
process carried out at separation unit ID: 1513071903
{ recyclable of type P dropped into box....}
Box has ID: 580965610
--------------------------------------------------
separating paper......
process carried out at separation unit ID: 1513071903
{ recyclable of type P dropped into box....}
Box has ID: 580965610
--------------------------------------------------
separating paper......
process carried out at separation unit ID: 1513071903
{ recyclable of type P dropped into box....}
Box has ID: 580965610
--------------------------------------------------
separating paper......
process carried out at separation unit ID: 1513071903
{ recyclable of type P dropped into box....}
Box has ID: 580965610
--------------------------------------------------
separating paper......
process carried out at separation unit ID: 1513071903
{ recyclable of type P dropped into box....}
Box has ID: 580965610
--------------------------------------------------
separating paper......
process carried out at separation unit ID: 1513071903
{ recyclable of type P dropped into box....}
Box has ID: 580965610
--------------------------------------------------
separating paper......
process carried out at separation unit ID: 1513071903
{ recyclable of type P dropped into box....}
Box has ID: 580965610
--------------------------------------------------
separating paper......
process carried out at separation unit ID: 1513071903
{ recyclable of type P dropped into box....}
Box has ID: 580965610
--------------------------------------------------
separating paper......
process carried out at separation unit ID: 1513071903
{ recyclable of type P dropped into box....}
Box has ID: 580965610
--------------------------------------------------
separating paper......
process carried out at separation unit ID: 1513071903
{ recyclable of type P dropped into box....}
Box has ID: 580965610
--------------------------------------------------
separating paper......
process carried out at separation unit ID: 1513071903
{ recyclable of type P dropped into box....}
Box has ID: 580965610
--------------------------------------------------
separating paper......
process carried out at separation unit ID: 1513071903
{ recyclable of type P dropped into box....}
Box has ID: 580965610
--------------------------------------------------
separating paper......
process carried out at separation unit ID: 1513071903
{ recyclable of type P dropped into box....}
Box has ID: 580965610
--------------------------------------------------
separating paper......
process carried out at separation unit ID: 1513071903
{ recyclable of type P dropped into box....}
Box has ID: 580965610
--------------------------------------------------
separating paper......
process carried out at separation unit ID: 1513071903
{ recyclable of type P dropped into box....}
Box has ID: 580965610
--------------------------------------------------
separating paper......
process carried out at separation unit ID: 1513071903
{ recyclable of type P dropped into box....}
Box has ID: 580965610
--------------------------------------------------
separating paper......
process carried out at separation unit ID: 1513071903
{ recyclable of type P dropped into box....}
Box has ID: 580965610
--------------------------------------------------
separating paper......
process carried out at separation unit ID: 1513071903
{ recyclable of type P dropped into box....}
Box has ID: 580965610
--------------------------------------------------
separating paper......
process carried out at separation unit ID: 1513071903
{ recyclable of type P dropped into box....}
Box has ID: 580965610
--------------------------------------------------
separating paper......
process carried out at separation unit ID: 1513071903
{ recyclable of type P dropped into box....}
Box has ID: 580965610
--------------------------------------------------
separating paper......
process carried out at separation unit ID: 1513071903
{ recyclable of type P dropped into box....}
Box has ID: 580965610
--------------------------------------------------
separating paper......
process carried out at separation unit ID: 1513071903
{ recyclable of type P dropped into box....}
Box has ID: 580965610
--------------------------------------------------
separating paper......
process carried out at separation unit ID: 1513071903
{ recyclable of type P dropped into box....}
Box has ID: 580965610
--------------------------------------------------
separating paper......
process carried out at separation unit ID: 1513071903
{ recyclable of type P dropped into box....}
Box has ID: 580965610
--------------------------------------------------
separating paper......
process carried out at separation unit ID: 1513071903
{ recyclable of type P dropped into box....}
Box has ID: 580965610
--------------------------------------------------
separating paper......
process carried out at separation unit ID: 1513071903
{ recyclable of type P dropped into box....}
Box has ID: 580965610
--------------------------------------------------
separating paper......
process carried out at separation unit ID: 1513071903
{ recyclable of type P dropped into box....}
Box has ID: 580965610
--------------------------------------------------
separating paper......
process carried out at separation unit ID: 1513071903
{ recyclable of type P dropped into box....}
Box has ID: 580965610
--------------------------------------------------
separating paper......
process carried out at separation unit ID: 1513071903
{ recyclable of type P dropped into box....}
Box has ID: 580965610
--------------------------------------------------
separating paper......
process carried out at separation unit ID: 1513071903
{ recyclable of type P dropped into box....}
Box has ID: 580965610
--------------------------------------------------
separating paper......
process carried out at separation unit ID: 1513071903
{ recyclable of type P dropped into box....}
Box has ID: 580965610
--------------------------------------------------
separating paper......
process carried out at separation unit ID: 1513071903
{ recyclable of type P dropped into box....}
Box has ID: 580965610
--------------------------------------------------
separating paper......
process carried out at separation unit ID: 1513071903
{ recyclable of type P dropped into box....}
Box has ID: 580965610
--------------------------------------------------
separating paper......
process carried out at separation unit ID: 1513071903
{ recyclable of type P dropped into box....}
Box has ID: 580965610
--------------------------------------------------
separating paper......
process carried out at separation unit ID: 1513071903
{ recyclable of type P dropped into box....}
Box has ID: 580965610
--------------------------------------------------
separating paper......
process carried out at separation unit ID: 1513071903
{ recyclable of type P dropped into box....}
Box has ID: 580965610
--------------------------------------------------
separating paper......
process carried out at separation unit ID: 1513071903
{ recyclable of type P dropped into box....}
Box has ID: 580965610
--------------------------------------------------
separating paper......
process carried out at separation unit ID: 1513071903
{ recyclable of type P dropped into box....}
Box has ID: 580965610
--------------------------------------------------
separating paper......
process carried out at separation unit ID: 1513071903
{ recyclable of type P dropped into box....}
Box has ID: 580965610
--------------------------------------------------
separating paper......
process carried out at separation unit ID: 1513071903
{ recyclable of type P dropped into box....}
Box has ID: 580965610
--------------------------------------------------
separating paper......
process carried out at separation unit ID: 1513071903
{ recyclable of type P dropped into box....}
Box has ID: 580965610
--------------------------------------------------
separating paper......
process carried out at separation unit ID: 1513071903
{ recyclable of type P dropped into box....}
Box has ID: 580965610
--------------------------------------------------
separating paper......
process carried out at separation unit ID: 1513071903
{ recyclable of type P dropped into box....}
Box has ID: 580965610
--------------------------------------------------
separating paper......
process carried out at separation unit ID: 1513071903
{ recyclable of type P dropped into box....}
Box has ID: 580965610
--------------------------------------------------
separating paper......
process carried out at separation unit ID: 1513071903
{ recyclable of type P dropped into box....}
Box has ID: 580965610
--------------------------------------------------
separating paper......
process carried out at separation unit ID: 1513071903
{ recyclable of type P dropped into box....}
Box has ID: 580965610
--------------------------------------------------
separating paper......
process carried out at separation unit ID: 1513071903
{ recyclable of type P dropped into box....}
Box has ID: 580965610
--------------------------------------------------
separating paper......
process carried out at separation unit ID: 1513071903
{ recyclable of type P dropped into box....}
Box has ID: 580965610
--------------------------------------------------
separating paper......
process carried out at separation unit ID: 1513071903
{ recyclable of type P dropped into box....}
Box has ID: 580965610
--------------------------------------------------
separating paper......
process carried out at separation unit ID: 1513071903
{ recyclable of type P dropped into box....}
Box has ID: 580965610
--------------------------------------------------
separating paper......
process carried out at separation unit ID: 1513071903
{ recyclable of type P dropped into box....}
Box has ID: 580965610
--------------------------------------------------
separating paper......
process carried out at separation unit ID: 1513071903
{ recyclable of type P dropped into box....}
Box has ID: 580965610
--------------------------------------------------
separating paper......
process carried out at separation unit ID: 1513071903
{ recyclable of type P dropped into box....}
Box has ID: 580965610
--------------------------------------------------
separating paper......
process carried out at separation unit ID: 1513071903
{ recyclable of type P dropped into box....}
Box has ID: 580965610
--------------------------------------------------
separating paper......
process carried out at separation unit ID: 1513071903
{ recyclable of type P dropped into box....}
Box has ID: 580965610
--------------------------------------------------
separating paper......
process carried out at separation unit ID: 1513071903
{ recyclable of type P dropped into box....}
Box has ID: 580965610
--------------------------------------------------
separating paper......
process carried out at separation unit ID: 1513071903
{ recyclable of type P dropped into box....}
Box has ID: 580965610
--------------------------------------------------
separating paper......
process carried out at separation unit ID: 1513071903
{ recyclable of type P dropped into box....}
Box has ID: 580965610
--------------------------------------------------
separating paper......
process carried out at separation unit ID: 1513071903
{ recyclable of type P dropped into box....}
Box has ID: 580965610
--------------------------------------------------
separating paper......
process carried out at separation unit ID: 1513071903
{ recyclable of type P dropped into box....}
Box has ID: 580965610
--------------------------------------------------
separating paper......
process carried out at separation unit ID: 1513071903
{ recyclable of type P dropped into box....}
Box has ID: 580965610
--------------------------------------------------
separating paper......
process carried out at separation unit ID: 1513071903
{ recyclable of type P dropped into box....}
Box has ID: 580965610
--------------------------------------------------
separating paper......
process carried out at separation unit ID: 1513071903
{ recyclable of type P dropped into box....}
Box has ID: 580965610
--------------------------------------------------
separating paper......
process carried out at separation unit ID: 1513071903
{ recyclable of type P dropped into box....}
Box has ID: 580965610
--------------------------------------------------
separating paper......
process carried out at separation unit ID: 1513071903
{ recyclable of type P dropped into box....}
Box has ID: 580965610
--------------------------------------------------
separating paper......
process carried out at separation unit ID: 1513071903
{ recyclable of type P dropped into box....}
Box has ID: 580965610
--------------------------------------------------
separating paper......
process carried out at separation unit ID: 1513071903
{ recyclable of type P dropped into box....}
Box has ID: 580965610
--------------------------------------------------
separating paper......
process carried out at separation unit ID: 1513071903
{ recyclable of type P dropped into box....}
Box has ID: 580965610
--------------------------------------------------
separating paper......
process carried out at separation unit ID: 1513071903
{ recyclable of type P dropped into box....}
Box has ID: 580965610
--------------------------------------------------
separating paper......
process carried out at separation unit ID: 1513071903
{ recyclable of type P dropped into box....}
Box has ID: 580965610
--------------------------------------------------
separating paper......
process carried out at separation unit ID: 1513071903
{ recyclable of type P dropped into box....}
Box has ID: 580965610
--------------------------------------------------
separating paper......
process carried out at separation unit ID: 1513071903
{ recyclable of type P dropped into box....}
Box has ID: 580965610
--------------------------------------------------
separating paper......
process carried out at separation unit ID: 1513071903
{ recyclable of type P dropped into box....}
Box has ID: 580965610
--------------------------------------------------
separating paper......
process carried out at separation unit ID: 1513071903
{ recyclable of type P dropped into box....}
Box has ID: 580965610
--------------------------------------------------
separating paper......
process carried out at separation unit ID: 1513071903
{ recyclable of type P dropped into box....}
Box has ID: 580965610
--------------------------------------------------
separating paper......
process carried out at separation unit ID: 1513071903
{ recyclable of type P dropped into box....}
Box has ID: 580965610
--------------------------------------------------
separating paper......
process carried out at separation unit ID: 1513071903
{ recyclable of type P dropped into box....}
Box has ID: 580965610
--------------------------------------------------
separating paper......
process carried out at separation unit ID: 1513071903
{ recyclable of type P dropped into box....}
Box has ID: 580965610
--------------------------------------------------
separating paper......
process carried out at separation unit ID: 1513071903
{ recyclable of type P dropped into box....}
Box has ID: 580965610
--------------------------------------------------
separating paper......
process carried out at separation unit ID: 1513071903
{ recyclable of type P dropped into box....}
Box has ID: 580965610
--------------------------------------------------
separating paper......
process carried out at separation unit ID: 1513071903
{ recyclable of type P dropped into box....}
Box has ID: 580965610
--------------------------------------------------
separating paper......
process carried out at separation unit ID: 1513071903
{ recyclable of type P dropped into box....}
Box has ID: 580965610
--------------------------------------------------
separating paper......
process carried out at separation unit ID: 1513071903
{ recyclable of type P dropped into box....}
Box has ID: 580965610
--------------------------------------------------
separating paper......
process carried out at separation unit ID: 1513071903
{ recyclable of type P dropped into box....}
Box has ID: 580965610
--------------------------------------------------
separating paper......
process carried out at separation unit ID: 1513071903
{ recyclable of type P dropped into box....}
Box has ID: 580965610
--------------------------------------------------
separating paper......
process carried out at separation unit ID: 1513071903
{ recyclable of type P dropped into box....}
Box has ID: 580965610
--------------------------------------------------
separating paper......
process carried out at separation unit ID: 1513071903
{ recyclable of type P dropped into box....}
Box has ID: 580965610
--------------------------------------------------
separating paper......
process carried out at separation unit ID: 1513071903
{ recyclable of type P dropped into box....}
Box has ID: 580965610
--------------------------------------------------
separating paper......
process carried out at separation unit ID: 1513071903
{ recyclable of type P dropped into box....}
Box has ID: 580965610
--------------------------------------------------
separating paper......
process carried out at separation unit ID: 1513071903
{ recyclable of type P dropped into box....}
Box has ID: 580965610
--------------------------------------------------
separating paper......
process carried out at separation unit ID: 1513071903
{ recyclable of type P dropped into box....}
Box has ID: 580965610
--------------------------------------------------
separating paper......
process carried out at separation unit ID: 1513071903
{ recyclable of type P dropped into box....}
Box has ID: 580965610
--------------------------------------------------
separating paper......
process carried out at separation unit ID: 1513071903
{ recyclable of type P dropped into box....}
Box has ID: 580965610
--------------------------------------------------
separating paper......
process carried out at separation unit ID: 1513071903
{ recyclable of type P dropped into box....}
Box has ID: 580965610
--------------------------------------------------
separating paper......
process carried out at separation unit ID: 1513071903
{ recyclable of type P dropped into box....}
Box has ID: 580965610
--------------------------------------------------
separating paper......
process carried out at separation unit ID: 1513071903
{ recyclable of type P dropped into box....}
Box has ID: 580965610
--------------------------------------------------
separating paper......
process carried out at separation unit ID: 1513071903
{ recyclable of type P dropped into box....}
Box has ID: 580965610
--------------------------------------------------
separating paper......
process carried out at separation unit ID: 1513071903
{ recyclable of type P dropped into box....}
Box has ID: 580965610
--------------------------------------------------
separating paper......
process carried out at separation unit ID: 1513071903
{ recyclable of type P dropped into box....}
Box has ID: 580965610
--------------------------------------------------
separating paper......
process carried out at separation unit ID: 1513071903
{ recyclable of type P dropped into box....}
Box has ID: 580965610
--------------------------------------------------
separating paper......
process carried out at separation unit ID: 1513071903
{ recyclable of type P dropped into box....}
Box has ID: 580965610
--------------------------------------------------
separating paper......
process carried out at separation unit ID: 1513071903
{ recyclable of type P dropped into box....}
Box has ID: 580965610
--------------------------------------------------
separating paper......
process carried out at separation unit ID: 1513071903
{ recyclable of type P dropped into box....}
Box has ID: 580965610
--------------------------------------------------
separating paper......
process carried out at separation unit ID: 1513071903
{ recyclable of type P dropped into box....}
Box has ID: 580965610
--------------------------------------------------
separating paper......
process carried out at separation unit ID: 1513071903
{ recyclable of type P dropped into box....}
Box has ID: 580965610
--------------------------------------------------
separating paper......
process carried out at separation unit ID: 1513071903
{ recyclable of type P dropped into box....}
Box has ID: 580965610
--------------------------------------------------
separating paper......
process carried out at separation unit ID: 1513071903
{ recyclable of type P dropped into box....}
Box has ID: 580965610
--------------------------------------------------
separating paper......
process carried out at separation unit ID: 1513071903
{ recyclable of type P dropped into box....}
Box has ID: 580965610
--------------------------------------------------
separating paper......
process carried out at separation unit ID: 1513071903
{ recyclable of type P dropped into box....}
Box has ID: 580965610
--------------------------------------------------
separating paper......
process carried out at separation unit ID: 1513071903
{ recyclable of type P dropped into box....}
Box has ID: 580965610
--------------------------------------------------
separating paper......
process carried out at separation unit ID: 1513071903
{ recyclable of type P dropped into box....}
Box has ID: 580965610
--------------------------------------------------
separating paper......
process carried out at separation unit ID: 1513071903
{ recyclable of type P dropped into box....}
Box has ID: 580965610
--------------------------------------------------
separating paper......
process carried out at separation unit ID: 1513071903
{ recyclable of type P dropped into box....}
Box has ID: 580965610
--------------------------------------------------
separating paper......
process carried out at separation unit ID: 1513071903
{ recyclable of type P dropped into box....}
Box has ID: 580965610
--------------------------------------------------
separating paper......
process carried out at separation unit ID: 1513071903
{ recyclable of type P dropped into box....}
Box has ID: 580965610
--------------------------------------------------
separating paper......
process carried out at separation unit ID: 1513071903
{ recyclable of type P dropped into box....}
Box has ID: 580965610
--------------------------------------------------
separating paper......
process carried out at separation unit ID: 1513071903
{ recyclable of type P dropped into box....}
Box has ID: 580965610
--------------------------------------------------
separating paper......
process carried out at separation unit ID: 1513071903
{ recyclable of type P dropped into box....}
Box has ID: 580965610
--------------------------------------------------
separating paper......
process carried out at separation unit ID: 1513071903
{ recyclable of type P dropped into box....}
Box has ID: 580965610
--------------------------------------------------
separating paper......
process carried out at separation unit ID: 1513071903
{ recyclable of type P dropped into box....}
Box has ID: 580965610
--------------------------------------------------
separating paper......
process carried out at separation unit ID: 1513071903
{ recyclable of type P dropped into box....}
Box has ID: 580965610
--------------------------------------------------
separating paper......
process carried out at separation unit ID: 1513071903
{ recyclable of type P dropped into box....}
Box has ID: 580965610
--------------------------------------------------
separating paper......
process carried out at separation unit ID: 1513071903
{ recyclable of type P dropped into box....}
Box has ID: 580965610
--------------------------------------------------
separating paper......
process carried out at separation unit ID: 1513071903
{ recyclable of type P dropped into box....}
Box has ID: 580965610
--------------------------------------------------
separating paper......
process carried out at separation unit ID: 1513071903
{ recyclable of type P dropped into box....}
Box has ID: 580965610
--------------------------------------------------
separating paper......
process carried out at separation unit ID: 1513071903
{ recyclable of type P dropped into box....}
Box has ID: 580965610
--------------------------------------------------
separating paper......
process carried out at separation unit ID: 1513071903
{ recyclable of type P dropped into box....}
Box has ID: 580965610
--------------------------------------------------
separating paper......
process carried out at separation unit ID: 1513071903
{ recyclable of type P dropped into box....}
Box has ID: 580965610
--------------------------------------------------
separating paper......
process carried out at separation unit ID: 1513071903
{ recyclable of type P dropped into box....}
Box has ID: 580965610
--------------------------------------------------
separating paper......
process carried out at separation unit ID: 1513071903
{ recyclable of type P dropped into box....}
Box has ID: 580965610
--------------------------------------------------
separating paper......
process carried out at separation unit ID: 1513071903
{ recyclable of type P dropped into box....}
Box has ID: 580965610
--------------------------------------------------
separating paper......
process carried out at separation unit ID: 1513071903
{ recyclable of type P dropped into box....}
Box has ID: 580965610
--------------------------------------------------
separating paper......
process carried out at separation unit ID: 1513071903
{ recyclable of type P dropped into box....}
Box has ID: 580965610
--------------------------------------------------
separating paper......
process carried out at separation unit ID: 1513071903
{ recyclable of type P dropped into box....}
Box has ID: 580965610
--------------------------------------------------
separating paper......
process carried out at separation unit ID: 1513071903
{ recyclable of type P dropped into box....}
Box has ID: 580965610
--------------------------------------------------
separating paper......
process carried out at separation unit ID: 1513071903
{ recyclable of type P dropped into box....}
Box has ID: 580965610
--------------------------------------------------
separating paper......
process carried out at separation unit ID: 1513071903
{ recyclable of type P dropped into box....}
Box has ID: 580965610
--------------------------------------------------
separating paper......
process carried out at separation unit ID: 1513071903
{ recyclable of type P dropped into box....}
Box has ID: 580965610
--------------------------------------------------
separating paper......
process carried out at separation unit ID: 1513071903
{ recyclable of type P dropped into box....}
Box has ID: 580965610
--------------------------------------------------
separating paper......
process carried out at separation unit ID: 1513071903
{ recyclable of type P dropped into box....}
Box has ID: 580965610
--------------------------------------------------
separating paper......
process carried out at separation unit ID: 1513071903
{ recyclable of type P dropped into box....}
Box has ID: 580965610
--------------------------------------------------
separating paper......
process carried out at separation unit ID: 1513071903
{ recyclable of type P dropped into box....}
Box has ID: 580965610
--------------------------------------------------
separating paper......
process carried out at separation unit ID: 1513071903
{ recyclable of type P dropped into box....}
Box has ID: 580965610
--------------------------------------------------
separating paper......
process carried out at separation unit ID: 1513071903
{ recyclable of type P dropped into box....}
Box has ID: 580965610
--------------------------------------------------
separating paper......
process carried out at separation unit ID: 1513071903
{ recyclable of type P dropped into box....}
Box has ID: 580965610
--------------------------------------------------
separating paper......
process carried out at separation unit ID: 1513071903
{ recyclable of type P dropped into box....}
Box has ID: 580965610
--------------------------------------------------
separating paper......
process carried out at separation unit ID: 1513071903
{ recyclable of type P dropped into box....}
Box has ID: 580965610
--------------------------------------------------
separating paper......
process carried out at separation unit ID: 1513071903
{ recyclable of type P dropped into box....}
Box has ID: 580965610
--------------------------------------------------
separating paper......
process carried out at separation unit ID: 1513071903
{ recyclable of type P dropped into box....}
Box has ID: 580965610
--------------------------------------------------
separating paper......
process carried out at separation unit ID: 1513071903
{ recyclable of type P dropped into box....}
Box has ID: 580965610
--------------------------------------------------
separating paper......
process carried out at separation unit ID: 1513071903
{ recyclable of type P dropped into box....}
Box has ID: 580965610
--------------------------------------------------
separating paper......
process carried out at separation unit ID: 1513071903
{ recyclable of type P dropped into box....}
Box has ID: 580965610
--------------------------------------------------
separating paper......
process carried out at separation unit ID: 1513071903
{ recyclable of type P dropped into box....}
Box has ID: 580965610
--------------------------------------------------
separating paper......
process carried out at separation unit ID: 1513071903
{ recyclable of type P dropped into box....}
Box has ID: 580965610
--------------------------------------------------
separating paper......
process carried out at separation unit ID: 1513071903
{ recyclable of type P dropped into box....}
Box has ID: 580965610
--------------------------------------------------
separating paper......
process carried out at separation unit ID: 1513071903
{ recyclable of type P dropped into box....}
Box has ID: 580965610
--------------------------------------------------
separating paper......
process carried out at separation unit ID: 1513071903
{ recyclable of type P dropped into box....}
Box has ID: 580965610
--------------------------------------------------
separating paper......
process carried out at separation unit ID: 1513071903
{ recyclable of type P dropped into box....}
Box has ID: 580965610
--------------------------------------------------
separating paper......
process carried out at separation unit ID: 1513071903
{ recyclable of type P dropped into box....}
Box has ID: 580965610
--------------------------------------------------
separating paper......
process carried out at separation unit ID: 1513071903
{ recyclable of type P dropped into box....}
Box has ID: 580965610
--------------------------------------------------
separating paper......
process carried out at separation unit ID: 1513071903
{ recyclable of type P dropped into box....}
Box has ID: 580965610
--------------------------------------------------
separating paper......
process carried out at separation unit ID: 1513071903
{ recyclable of type P dropped into box....}
Box has ID: 580965610
--------------------------------------------------
separating paper......
process carried out at separation unit ID: 1513071903
{ recyclable of type P dropped into box....}
Box has ID: 580965610
--------------------------------------------------
separating paper......
process carried out at separation unit ID: 1513071903
{ recyclable of type P dropped into box....}
Box has ID: 580965610
--------------------------------------------------
separating paper......
process carried out at separation unit ID: 1513071903
{ recyclable of type P dropped into box....}
Box has ID: 580965610
--------------------------------------------------
separating paper......
process carried out at separation unit ID: 1513071903
{ recyclable of type P dropped into box....}
Box has ID: 580965610
--------------------------------------------------
separating paper......
process carried out at separation unit ID: 1513071903
{ recyclable of type P dropped into box....}
Box has ID: 580965610
--------------------------------------------------
separating paper......
process carried out at separation unit ID: 1513071903
{ recyclable of type P dropped into box....}
Box has ID: 580965610
--------------------------------------------------
separating paper......
process carried out at separation unit ID: 1513071903
{ recyclable of type P dropped into box....}
Box has ID: 580965610
--------------------------------------------------
separating paper......
process carried out at separation unit ID: 1513071903
{ recyclable of type P dropped into box....}
Box has ID: 580965610
--------------------------------------------------
separating paper......
process carried out at separation unit ID: 1513071903
{ recyclable of type P dropped into box....}
Box has ID: 580965610
--------------------------------------------------
separating paper......
process carried out at separation unit ID: 1513071903
{ recyclable of type P dropped into box....}
Box has ID: 580965610
--------------------------------------------------
separating paper......
process carried out at separation unit ID: 1513071903
{ recyclable of type P dropped into box....}
Box has ID: 580965610
--------------------------------------------------
separating paper......
process carried out at separation unit ID: 1513071903
{ recyclable of type P dropped into box....}
Box has ID: 580965610
--------------------------------------------------
separating paper......
process carried out at separation unit ID: 1513071903
{ recyclable of type P dropped into box....}
Box has ID: 580965610
--------------------------------------------------
separating paper......
process carried out at separation unit ID: 1513071903
{ recyclable of type P dropped into box....}
Box has ID: 580965610
--------------------------------------------------
separating paper......
process carried out at separation unit ID: 1513071903
{ recyclable of type P dropped into box....}
Box has ID: 580965610
--------------------------------------------------
separating paper......
process carried out at separation unit ID: 1513071903
{ recyclable of type P dropped into box....}
Box has ID: 580965610
--------------------------------------------------
separating paper......
process carried out at separation unit ID: 1513071903
{ recyclable of type P dropped into box....}
Box has ID: 580965610
--------------------------------------------------
separating paper......
process carried out at separation unit ID: 1513071903
{ recyclable of type P dropped into box....}
Box has ID: 580965610
--------------------------------------------------
separating paper......
process carried out at separation unit ID: 1513071903
{ recyclable of type P dropped into box....}
Box has ID: 580965610
--------------------------------------------------
separating paper......
process carried out at separation unit ID: 1513071903
{ recyclable of type P dropped into box....}
Box has ID: 580965610
--------------------------------------------------
separating paper......
process carried out at separation unit ID: 1513071903
{ recyclable of type P dropped into box....}
Box has ID: 580965610
--------------------------------------------------
separating paper......
process carried out at separation unit ID: 1513071903
{ recyclable of type P dropped into box....}
Box has ID: 580965610
--------------------------------------------------
separating paper......
process carried out at separation unit ID: 1513071903
{ recyclable of type P dropped into box....}
Box has ID: 580965610
--------------------------------------------------
separating paper......
process carried out at separation unit ID: 1513071903
{ recyclable of type P dropped into box....}
Box has ID: 580965610
--------------------------------------------------
separating paper......
process carried out at separation unit ID: 1513071903
{ recyclable of type P dropped into box....}
Box has ID: 580965610
--------------------------------------------------
separating paper......
process carried out at separation unit ID: 1513071903
{ recyclable of type P dropped into box....}
Box has ID: 580965610
--------------------------------------------------
separating paper......
process carried out at separation unit ID: 1513071903
{ recyclable of type P dropped into box....}
Box has ID: 580965610
--------------------------------------------------
separating paper......
process carried out at separation unit ID: 1513071903
{ recyclable of type P dropped into box....}
Box has ID: 580965610
--------------------------------------------------
separating paper......
process carried out at separation unit ID: 1513071903
{ recyclable of type P dropped into box....}
Box has ID: 580965610
--------------------------------------------------
separating paper......
process carried out at separation unit ID: 1513071903
{ recyclable of type P dropped into box....}
Box has ID: 580965610
--------------------------------------------------
separating paper......
process carried out at separation unit ID: 1513071903
{ recyclable of type P dropped into box....}
Box has ID: 580965610
--------------------------------------------------
separating paper......
process carried out at separation unit ID: 1513071903
{ recyclable of type P dropped into box....}
Box has ID: 580965610
--------------------------------------------------
separating paper......
process carried out at separation unit ID: 1513071903
{ recyclable of type P dropped into box....}
Box has ID: 580965610
--------------------------------------------------
separating paper......
process carried out at separation unit ID: 1513071903
{ recyclable of type P dropped into box....}
Box has ID: 580965610
--------------------------------------------------
separating paper......
process carried out at separation unit ID: 1513071903
{ recyclable of type P dropped into box....}
Box has ID: 580965610
--------------------------------------------------
separating paper......
process carried out at separation unit ID: 1513071903
{ recyclable of type P dropped into box....}
Box has ID: 580965610
--------------------------------------------------
separating paper......
process carried out at separation unit ID: 1513071903
{ recyclable of type P dropped into box....}
Box has ID: 580965610
--------------------------------------------------
separating paper......
process carried out at separation unit ID: 1513071903
{ recyclable of type P dropped into box....}
Box has ID: 580965610
--------------------------------------------------
separating paper......
process carried out at separation unit ID: 1513071903
{ recyclable of type P dropped into box....}
Box has ID: 580965610
--------------------------------------------------
separating paper......
process carried out at separation unit ID: 1513071903
{ recyclable of type P dropped into box....}
Box has ID: 580965610
--------------------------------------------------
separating paper......
process carried out at separation unit ID: 1513071903
{ recyclable of type P dropped into box....}
Box has ID: 580965610
--------------------------------------------------
separating paper......
process carried out at separation unit ID: 1513071903
{ recyclable of type P dropped into box....}
Box has ID: 580965610
--------------------------------------------------
separating paper......
process carried out at separation unit ID: 1513071903
{ recyclable of type P dropped into box....}
Box has ID: 580965610
--------------------------------------------------
separating paper......
process carried out at separation unit ID: 1513071903
{ recyclable of type P dropped into box....}
Box has ID: 580965610
--------------------------------------------------
separating paper......
process carried out at separation unit ID: 1513071903
{ recyclable of type P dropped into box....}
Box has ID: 580965610
--------------------------------------------------
separating paper......
process carried out at separation unit ID: 1513071903
{ recyclable of type P dropped into box....}
Box has ID: 580965610
--------------------------------------------------
separating paper......
process carried out at separation unit ID: 1513071903
{ recyclable of type P dropped into box....}
Box has ID: 580965610
--------------------------------------------------
separating paper......
process carried out at separation unit ID: 1513071903
{ recyclable of type P dropped into box....}
Box has ID: 580965610
--------------------------------------------------
separating paper......
process carried out at separation unit ID: 1513071903
{ recyclable of type P dropped into box....}
Box has ID: 580965610
--------------------------------------------------
separating paper......
process carried out at separation unit ID: 1513071903
{ recyclable of type P dropped into box....}
Box has ID: 580965610
--------------------------------------------------
separating paper......
process carried out at separation unit ID: 1513071903
{ recyclable of type P dropped into box....}
Box has ID: 580965610
--------------------------------------------------
separating paper......
process carried out at separation unit ID: 1513071903
{ recyclable of type P dropped into box....}
Box has ID: 580965610
--------------------------------------------------
separating paper......
process carried out at separation unit ID: 1513071903
{ recyclable of type P dropped into box....}
Box has ID: 580965610
--------------------------------------------------
separating paper......
process carried out at separation unit ID: 1513071903
{ recyclable of type P dropped into box....}
Box has ID: 580965610
--------------------------------------------------
separating paper......
process carried out at separation unit ID: 1513071903
{ recyclable of type P dropped into box....}
Box has ID: 580965610
--------------------------------------------------
separating paper......
process carried out at separation unit ID: 1513071903
{ recyclable of type P dropped into box....}
Box has ID: 580965610
--------------------------------------------------
separating paper......
process carried out at separation unit ID: 1513071903
{ recyclable of type P dropped into box....}
Box has ID: 580965610
--------------------------------------------------
separating paper......
process carried out at separation unit ID: 1513071903
{ recyclable of type P dropped into box....}
Box has ID: 580965610
--------------------------------------------------
separating paper......
process carried out at separation unit ID: 1513071903
{ recyclable of type P dropped into box....}
Box has ID: 580965610
--------------------------------------------------
separating paper......
process carried out at separation unit ID: 1513071903
{ recyclable of type P dropped into box....}
Box has ID: 580965610
--------------------------------------------------
separating paper......
process carried out at separation unit ID: 1513071903
{ recyclable of type P dropped into box....}
Box has ID: 580965610
--------------------------------------------------
separating paper......
process carried out at separation unit ID: 1513071903
{ recyclable of type P dropped into box....}
Box has ID: 580965610
--------------------------------------------------
separating paper......
process carried out at separation unit ID: 1513071903
{ recyclable of type P dropped into box....}
Box has ID: 580965610
--------------------------------------------------
separating paper......
process carried out at separation unit ID: 1513071903
{ recyclable of type P dropped into box....}
Box has ID: 580965610
--------------------------------------------------
separating paper......
process carried out at separation unit ID: 1513071903
{ recyclable of type P dropped into box....}
Box has ID: 580965610
--------------------------------------------------
separating paper......
process carried out at separation unit ID: 1513071903
{ recyclable of type P dropped into box....}
Box has ID: 580965610
--------------------------------------------------
separating paper......
process carried out at separation unit ID: 1513071903
{ recyclable of type P dropped into box....}
Box has ID: 580965610
--------------------------------------------------
separating paper......
process carried out at separation unit ID: 1513071903
{ recyclable of type P dropped into box....}
Box has ID: 580965610
--------------------------------------------------
separating paper......
process carried out at separation unit ID: 1513071903
{ recyclable of type P dropped into box....}
Box has ID: 580965610
--------------------------------------------------
separating paper......
process carried out at separation unit ID: 1513071903
{ recyclable of type P dropped into box....}
Box has ID: 580965610
--------------------------------------------------
separating paper......
process carried out at separation unit ID: 1513071903
{ recyclable of type P dropped into box....}
Box has ID: 580965610
--------------------------------------------------
separating paper......
process carried out at separation unit ID: 1513071903
{ recyclable of type P dropped into box....}
Box has ID: 580965610
--------------------------------------------------
separating paper......
process carried out at separation unit ID: 1513071903
{ recyclable of type P dropped into box....}
Box has ID: 580965610
--------------------------------------------------
separating paper......
process carried out at separation unit ID: 1513071903
{ recyclable of type P dropped into box....}
Box has ID: 580965610
--------------------------------------------------
separating paper......
process carried out at separation unit ID: 1513071903
{ recyclable of type P dropped into box....}
Box has ID: 580965610
--------------------------------------------------
separating paper......
process carried out at separation unit ID: 1513071903
{ recyclable of type P dropped into box....}
Box has ID: 580965610
--------------------------------------------------
separating paper......
process carried out at separation unit ID: 1513071903
{ recyclable of type P dropped into box....}
Box has ID: 580965610
--------------------------------------------------
separating paper......
process carried out at separation unit ID: 1513071903
{ recyclable of type P dropped into box....}
Box has ID: 580965610
--------------------------------------------------
separating paper......
process carried out at separation unit ID: 1513071903
{ recyclable of type P dropped into box....}
Box has ID: 580965610
--------------------------------------------------
separating paper......
process carried out at separation unit ID: 1513071903
{ recyclable of type P dropped into box....}
Box has ID: 580965610
--------------------------------------------------
separating paper......
process carried out at separation unit ID: 1513071903
{ recyclable of type P dropped into box....}
Box has ID: 580965610
--------------------------------------------------
separating paper......
process carried out at separation unit ID: 1513071903
{ recyclable of type P dropped into box....}
Box has ID: 580965610
--------------------------------------------------
separating paper......
process carried out at separation unit ID: 1513071903
{ recyclable of type P dropped into box....}
Box has ID: 580965610
--------------------------------------------------
separating paper......
process carried out at separation unit ID: 1513071903
{ recyclable of type P dropped into box....}
Box has ID: 580965610
--------------------------------------------------
separating paper......
process carried out at separation unit ID: 1513071903
{ recyclable of type P dropped into box....}
Box has ID: 580965610
--------------------------------------------------
separating paper......
process carried out at separation unit ID: 1513071903
{ recyclable of type P dropped into box....}
Box has ID: 580965610
--------------------------------------------------
separating paper......
process carried out at separation unit ID: 1513071903
{ recyclable of type P dropped into box....}
Box has ID: 580965610
--------------------------------------------------
separating paper......
process carried out at separation unit ID: 1513071903
{ recyclable of type P dropped into box....}
Box has ID: 580965610
--------------------------------------------------
separating paper......
process carried out at separation unit ID: 1513071903
{ recyclable of type P dropped into box....}
Box has ID: 580965610
--------------------------------------------------
separating paper......
process carried out at separation unit ID: 1513071903
{ recyclable of type P dropped into box....}
Box has ID: 580965610
--------------------------------------------------
separating paper......
process carried out at separation unit ID: 1513071903
{ recyclable of type P dropped into box....}
Box has ID: 580965610
--------------------------------------------------
separating paper......
process carried out at separation unit ID: 1513071903
{ recyclable of type P dropped into box....}
Box has ID: 580965610
--------------------------------------------------
separating paper......
process carried out at separation unit ID: 1513071903
{ recyclable of type P dropped into box....}
Box has ID: 580965610
--------------------------------------------------
separating paper......
process carried out at separation unit ID: 1513071903
{ recyclable of type P dropped into box....}
Box has ID: 580965610
--------------------------------------------------
separating paper......
process carried out at separation unit ID: 1513071903
{ recyclable of type P dropped into box....}
Box has ID: 580965610
--------------------------------------------------
separating paper......
process carried out at separation unit ID: 1513071903
{ recyclable of type P dropped into box....}
Box has ID: 580965610
--------------------------------------------------
separating paper......
process carried out at separation unit ID: 1513071903
{ recyclable of type P dropped into box....}
Box has ID: 580965610
--------------------------------------------------
separating paper......
process carried out at separation unit ID: 1513071903
{ recyclable of type P dropped into box....}
Box has ID: 580965610
--------------------------------------------------
separating paper......
process carried out at separation unit ID: 1513071903
{ recyclable of type P dropped into box....}
Box has ID: 580965610
--------------------------------------------------
separating paper......
process carried out at separation unit ID: 1513071903
{ recyclable of type P dropped into box....}
Box has ID: 580965610
--------------------------------------------------
separating paper......
process carried out at separation unit ID: 1513071903
{ recyclable of type P dropped into box....}
Box has ID: 580965610
--------------------------------------------------
separating paper......
process carried out at separation unit ID: 1513071903
{ recyclable of type P dropped into box....}
Box has ID: 580965610
--------------------------------------------------
separating paper......
process carried out at separation unit ID: 1513071903
{ recyclable of type P dropped into box....}
Box has ID: 580965610
--------------------------------------------------
separating paper......
process carried out at separation unit ID: 1513071903
{ recyclable of type P dropped into box....}
Box has ID: 580965610
--------------------------------------------------
separating paper......
process carried out at separation unit ID: 1513071903
{ recyclable of type P dropped into box....}
Box has ID: 580965610
--------------------------------------------------
separating paper......
process carried out at separation unit ID: 1513071903
{ recyclable of type P dropped into box....}
Box has ID: 580965610
--------------------------------------------------
separating paper......
process carried out at separation unit ID: 1513071903
{ recyclable of type P dropped into box....}
Box has ID: 580965610
--------------------------------------------------
separating paper......
process carried out at separation unit ID: 1513071903
{ recyclable of type P dropped into box....}
Box has ID: 580965610
--------------------------------------------------
separating paper......
process carried out at separation unit ID: 1513071903
{ recyclable of type P dropped into box....}
Box has ID: 580965610
--------------------------------------------------
separating paper......
process carried out at separation unit ID: 1513071903
{ recyclable of type P dropped into box....}
Box has ID: 580965610
--------------------------------------------------
separating paper......
process carried out at separation unit ID: 1513071903
{ recyclable of type P dropped into box....}
Box has ID: 580965610
--------------------------------------------------
separating paper......
process carried out at separation unit ID: 1513071903
{ recyclable of type P dropped into box....}
Box has ID: 580965610
--------------------------------------------------
separating paper......
process carried out at separation unit ID: 1513071903
{ recyclable of type P dropped into box....}
Box has ID: 580965610
--------------------------------------------------
separating paper......
process carried out at separation unit ID: 1513071903
{ recyclable of type P dropped into box....}
Box has ID: 580965610
--------------------------------------------------
separating paper......
process carried out at separation unit ID: 1513071903
{ recyclable of type P dropped into box....}
Box has ID: 580965610
--------------------------------------------------
separating paper......
process carried out at separation unit ID: 1513071903
{ recyclable of type P dropped into box....}
Box has ID: 580965610
--------------------------------------------------
separating paper......
process carried out at separation unit ID: 1513071903
{ recyclable of type P dropped into box....}
Box has ID: 580965610
--------------------------------------------------
separating paper......
process carried out at separation unit ID: 1513071903
{ recyclable of type P dropped into box....}
Box has ID: 580965610
--------------------------------------------------
separating paper......
process carried out at separation unit ID: 1513071903
{ recyclable of type P dropped into box....}
Box has ID: 580965610
--------------------------------------------------
separating paper......
process carried out at separation unit ID: 1513071903
{ recyclable of type P dropped into box....}
Box has ID: 580965610
--------------------------------------------------
separating paper......
process carried out at separation unit ID: 1513071903
{ recyclable of type P dropped into box....}
Box has ID: 580965610
--------------------------------------------------
separating paper......
process carried out at separation unit ID: 1513071903
{ recyclable of type P dropped into box....}
Box has ID: 580965610
--------------------------------------------------
separating paper......
process carried out at separation unit ID: 1513071903
{ recyclable of type P dropped into box....}
Box has ID: 580965610
--------------------------------------------------
separating paper......
process carried out at separation unit ID: 1513071903
{ recyclable of type P dropped into box....}
Box has ID: 580965610
--------------------------------------------------
separating paper......
process carried out at separation unit ID: 1513071903
{ recyclable of type P dropped into box....}
Box has ID: 580965610
--------------------------------------------------
separating paper......
process carried out at separation unit ID: 1513071903
{ recyclable of type P dropped into box....}
Box has ID: 580965610
--------------------------------------------------
separating paper......
process carried out at separation unit ID: 1513071903
{ recyclable of type P dropped into box....}
Box has ID: 580965610
--------------------------------------------------
separating paper......
process carried out at separation unit ID: 1513071903
{ recyclable of type P dropped into box....}
Box has ID: 580965610
--------------------------------------------------
separating paper......
process carried out at separation unit ID: 1513071903
{ recyclable of type P dropped into box....}
Box has ID: 580965610
--------------------------------------------------
separating paper......
process carried out at separation unit ID: 1513071903
{ recyclable of type P dropped into box....}
Box has ID: 580965610
--------------------------------------------------
separating paper......
process carried out at separation unit ID: 1513071903
{ recyclable of type P dropped into box....}
Box has ID: 580965610
--------------------------------------------------
separating paper......
process carried out at separation unit ID: 1513071903
{ recyclable of type P dropped into box....}
Box has ID: 580965610
--------------------------------------------------
separating paper......
process carried out at separation unit ID: 1513071903
{ recyclable of type P dropped into box....}
Box has ID: 580965610
--------------------------------------------------
separating paper......
process carried out at separation unit ID: 1513071903
{ recyclable of type P dropped into box....}
Box has ID: 580965610
--------------------------------------------------
separating paper......
process carried out at separation unit ID: 1513071903
{ recyclable of type P dropped into box....}
Box has ID: 580965610
--------------------------------------------------
separating paper......
process carried out at separation unit ID: 1513071903
{ recyclable of type P dropped into box....}
Box has ID: 580965610
--------------------------------------------------
separating paper......
process carried out at separation unit ID: 1513071903
{ recyclable of type P dropped into box....}
Box has ID: 580965610
--------------------------------------------------
separating paper......
process carried out at separation unit ID: 1513071903
{ recyclable of type P dropped into box....}
Box has ID: 580965610
--------------------------------------------------
separating paper......
process carried out at separation unit ID: 1513071903
{ recyclable of type P dropped into box....}
Box has ID: 580965610
--------------------------------------------------
separating paper......
process carried out at separation unit ID: 1513071903
{ recyclable of type P dropped into box....}
Box has ID: 580965610
--------------------------------------------------
separating paper......
process carried out at separation unit ID: 1513071903
{ recyclable of type P dropped into box....}
Box has ID: 580965610
--------------------------------------------------
separating paper......
process carried out at separation unit ID: 1513071903
{ recyclable of type P dropped into box....}
Box has ID: 580965610
--------------------------------------------------
separating paper......
process carried out at separation unit ID: 1513071903
{ recyclable of type P dropped into box....}
Box has ID: 580965610
--------------------------------------------------
separating paper......
process carried out at separation unit ID: 1513071903
{ recyclable of type P dropped into box....}
Box has ID: 580965610
--------------------------------------------------
separating paper......
process carried out at separation unit ID: 1513071903
{ recyclable of type P dropped into box....}
Box has ID: 580965610
--------------------------------------------------
separating paper......
process carried out at separation unit ID: 1513071903
{ recyclable of type P dropped into box....}
Box has ID: 580965610
--------------------------------------------------
separating paper......
process carried out at separation unit ID: 1513071903
{ recyclable of type P dropped into box....}
Box has ID: 580965610
--------------------------------------------------
separating paper......
process carried out at separation unit ID: 1513071903
{ recyclable of type P dropped into box....}
Box has ID: 580965610
--------------------------------------------------
separating paper......
process carried out at separation unit ID: 1513071903
{ recyclable of type P dropped into box....}
Box has ID: 580965610
--------------------------------------------------
separating paper......
process carried out at separation unit ID: 1513071903
{ recyclable of type P dropped into box....}
Box has ID: 580965610
--------------------------------------------------
separating paper......
process carried out at separation unit ID: 1513071903
{ recyclable of type P dropped into box....}
Box has ID: 580965610
--------------------------------------------------
separating paper......
process carried out at separation unit ID: 1513071903
{ recyclable of type P dropped into box....}
Box has ID: 580965610
--------------------------------------------------
separating paper......
process carried out at separation unit ID: 1513071903
{ recyclable of type P dropped into box....}
Box has ID: 580965610
--------------------------------------------------
separating paper......
process carried out at separation unit ID: 1513071903
{ recyclable of type P dropped into box....}
Box has ID: 580965610
--------------------------------------------------
separating paper......
process carried out at separation unit ID: 1513071903
{ recyclable of type P dropped into box....}
Box has ID: 580965610
--------------------------------------------------
separating paper......
process carried out at separation unit ID: 1513071903
{ recyclable of type P dropped into box....}
Box has ID: 580965610
--------------------------------------------------
separating paper......
process carried out at separation unit ID: 1513071903
{ recyclable of type P dropped into box....}
Box has ID: 580965610
--------------------------------------------------
separating paper......
process carried out at separation unit ID: 1513071903
{ recyclable of type P dropped into box....}
Box has ID: 580965610
--------------------------------------------------
separating paper......
process carried out at separation unit ID: 1513071903
{ recyclable of type P dropped into box....}
Box has ID: 580965610
--------------------------------------------------
separating paper......
process carried out at separation unit ID: 1513071903
{ recyclable of type P dropped into box....}
Box has ID: 580965610
--------------------------------------------------
separating paper......
process carried out at separation unit ID: 1513071903
{ recyclable of type P dropped into box....}
Box has ID: 580965610
--------------------------------------------------
separating paper......
process carried out at separation unit ID: 1513071903
{ recyclable of type P dropped into box....}
Box has ID: 580965610
--------------------------------------------------
separating paper......
process carried out at separation unit ID: 1513071903
{ recyclable of type P dropped into box....}
Box has ID: 580965610
--------------------------------------------------
separating paper......
process carried out at separation unit ID: 1513071903
{ recyclable of type P dropped into box....}
Box has ID: 580965610
--------------------------------------------------
separating paper......
process carried out at separation unit ID: 1513071903
{ recyclable of type P dropped into box....}
Box has ID: 580965610
--------------------------------------------------
separating paper......
process carried out at separation unit ID: 1513071903
{ recyclable of type P dropped into box....}
Box has ID: 580965610
--------------------------------------------------
separating paper......
process carried out at separation unit ID: 1513071903
{ recyclable of type P dropped into box....}
Box has ID: 580965610
--------------------------------------------------
separating paper......
process carried out at separation unit ID: 1513071903
{ recyclable of type P dropped into box....}
Box has ID: 580965610
--------------------------------------------------
separating paper......
process carried out at separation unit ID: 1513071903
{ recyclable of type P dropped into box....}
Box has ID: 580965610
--------------------------------------------------
separating paper......
process carried out at separation unit ID: 1513071903
{ recyclable of type P dropped into box....}
Box has ID: 580965610
--------------------------------------------------
separating paper......
process carried out at separation unit ID: 1513071903
{ recyclable of type P dropped into box....}
Box has ID: 580965610
--------------------------------------------------
separating paper......
process carried out at separation unit ID: 1513071903
{ recyclable of type P dropped into box....}
Box has ID: 580965610
--------------------------------------------------
separating paper......
process carried out at separation unit ID: 1513071903
{ recyclable of type P dropped into box....}
Box has ID: 580965610
--------------------------------------------------
separating paper......
process carried out at separation unit ID: 1513071903
{ recyclable of type P dropped into box....}
Box has ID: 580965610
--------------------------------------------------
separating paper......
process carried out at separation unit ID: 1513071903
{ recyclable of type P dropped into box....}
Box has ID: 580965610
--------------------------------------------------
separating paper......
process carried out at separation unit ID: 1513071903
{ recyclable of type P dropped into box....}
Box has ID: 580965610
--------------------------------------------------
separating paper......
process carried out at separation unit ID: 1513071903
{ recyclable of type P dropped into box....}
Box has ID: 580965610
--------------------------------------------------
separating paper......
process carried out at separation unit ID: 1513071903
{ recyclable of type P dropped into box....}
Box has ID: 580965610
--------------------------------------------------
separating paper......
process carried out at separation unit ID: 1513071903
{ recyclable of type P dropped into box....}
Box has ID: 580965610
--------------------------------------------------
separating paper......
process carried out at separation unit ID: 1513071903
{ recyclable of type P dropped into box....}
Box has ID: 580965610
--------------------------------------------------
separating paper......
process carried out at separation unit ID: 1513071903
{ recyclable of type P dropped into box....}
Box has ID: 580965610
--------------------------------------------------
separating paper......
process carried out at separation unit ID: 1513071903
{ recyclable of type P dropped into box....}
Box has ID: 580965610
--------------------------------------------------
separating paper......
process carried out at separation unit ID: 1513071903
{ recyclable of type P dropped into box....}
Box has ID: 580965610
--------------------------------------------------
separating paper......
process carried out at separation unit ID: 1513071903
{ recyclable of type P dropped into box....}
Box has ID: 580965610
--------------------------------------------------
separating paper......
process carried out at separation unit ID: 1513071903
{ recyclable of type P dropped into box....}
Box has ID: 580965610
--------------------------------------------------
separating paper......
process carried out at separation unit ID: 1513071903
{ recyclable of type P dropped into box....}
Box has ID: 580965610
--------------------------------------------------
separating paper......
process carried out at separation unit ID: 1513071903
{ recyclable of type P dropped into box....}
Box has ID: 580965610
--------------------------------------------------
separating paper......
process carried out at separation unit ID: 1513071903
{ recyclable of type P dropped into box....}
Box has ID: 580965610
--------------------------------------------------
separating paper......
process carried out at separation unit ID: 1513071903
{ recyclable of type P dropped into box....}
Box has ID: 580965610
--------------------------------------------------
separating paper......
process carried out at separation unit ID: 1513071903
{ recyclable of type P dropped into box....}
Box has ID: 580965610
--------------------------------------------------
separating paper......
process carried out at separation unit ID: 1513071903
{ recyclable of type P dropped into box....}
Box has ID: 580965610
--------------------------------------------------
separating paper......
process carried out at separation unit ID: 1513071903
{ recyclable of type P dropped into box....}
Box has ID: 580965610
--------------------------------------------------
separating paper......
process carried out at separation unit ID: 1513071903
{ recyclable of type P dropped into box....}
Box has ID: 580965610
--------------------------------------------------
separating paper......
process carried out at separation unit ID: 1513071903
{ recyclable of type P dropped into box....}
Box has ID: 580965610
--------------------------------------------------
separating paper......
process carried out at separation unit ID: 1513071903
{ recyclable of type P dropped into box....}
Box has ID: 580965610
--------------------------------------------------
separating paper......
process carried out at separation unit ID: 1513071903
{ recyclable of type P dropped into box....}
Box has ID: 580965610
--------------------------------------------------
separating paper......
process carried out at separation unit ID: 1513071903
{ recyclable of type P dropped into box....}
Box has ID: 580965610
--------------------------------------------------
separating paper......
process carried out at separation unit ID: 1513071903
{ recyclable of type P dropped into box....}
Box has ID: 580965610
--------------------------------------------------
separating paper......
process carried out at separation unit ID: 1513071903
{ recyclable of type P dropped into box....}
Box has ID: 580965610
--------------------------------------------------
separating paper......
process carried out at separation unit ID: 1513071903
{ recyclable of type P dropped into box....}
Box has ID: 580965610
--------------------------------------------------
separating paper......
process carried out at separation unit ID: 1513071903
{ recyclable of type P dropped into box....}
Box has ID: 580965610
--------------------------------------------------
separating paper......
process carried out at separation unit ID: 1513071903
{ recyclable of type P dropped into box....}
Box has ID: 580965610
--------------------------------------------------
separating paper......
process carried out at separation unit ID: 1513071903
{ recyclable of type P dropped into box....}
Box has ID: 580965610
--------------------------------------------------
separating paper......
process carried out at separation unit ID: 1513071903
{ recyclable of type P dropped into box....}
Box has ID: 580965610
--------------------------------------------------
separating paper......
process carried out at separation unit ID: 1513071903
{ recyclable of type P dropped into box....}
Box has ID: 580965610
--------------------------------------------------
separating paper......
process carried out at separation unit ID: 1513071903
{ recyclable of type P dropped into box....}
Box has ID: 580965610
--------------------------------------------------
separating paper......
process carried out at separation unit ID: 1513071903
{ recyclable of type P dropped into box....}
Box has ID: 580965610
--------------------------------------------------
separating paper......
process carried out at separation unit ID: 1513071903
{ recyclable of type P dropped into box....}
Box has ID: 580965610
--------------------------------------------------
separating paper......
process carried out at separation unit ID: 1513071903
{ recyclable of type P dropped into box....}
Box has ID: 580965610
--------------------------------------------------
separating paper......
process carried out at separation unit ID: 1513071903
{ recyclable of type P dropped into box....}
Box has ID: 580965610
--------------------------------------------------
separating paper......
process carried out at separation unit ID: 1513071903
{ recyclable of type P dropped into box....}
Box has ID: 580965610
--------------------------------------------------
separating paper......
process carried out at separation unit ID: 1513071903
{ recyclable of type P dropped into box....}
Box has ID: 580965610
--------------------------------------------------
separating paper......
process carried out at separation unit ID: 1513071903
{ recyclable of type P dropped into box....}
Box has ID: 580965610
--------------------------------------------------
separating paper......
process carried out at separation unit ID: 1513071903
{ recyclable of type P dropped into box....}
Box has ID: 580965610
--------------------------------------------------
separating paper......
process carried out at separation unit ID: 1513071903
{ recyclable of type P dropped into box....}
Box has ID: 580965610
--------------------------------------------------
separating paper......
process carried out at separation unit ID: 1513071903
{ recyclable of type P dropped into box....}
Box has ID: 580965610
--------------------------------------------------
separating paper......
process carried out at separation unit ID: 1513071903
{ recyclable of type P dropped into box....}
Box has ID: 580965610
--------------------------------------------------
separating paper......
process carried out at separation unit ID: 1513071903
{ recyclable of type P dropped into box....}
Box has ID: 580965610
--------------------------------------------------
separating paper......
process carried out at separation unit ID: 1513071903
{ recyclable of type P dropped into box....}
Box has ID: 580965610
--------------------------------------------------
separating paper......
process carried out at separation unit ID: 1513071903
{ recyclable of type P dropped into box....}
Box has ID: 580965610
--------------------------------------------------
separating paper......
process carried out at separation unit ID: 1513071903
{ recyclable of type P dropped into box....}
Box has ID: 580965610
--------------------------------------------------
separating paper......
process carried out at separation unit ID: 1513071903
{ recyclable of type P dropped into box....}
Box has ID: 580965610
--------------------------------------------------
separating paper......
process carried out at separation unit ID: 1513071903
{ recyclable of type P dropped into box....}
Box has ID: 580965610
--------------------------------------------------
separating paper......
process carried out at separation unit ID: 1513071903
{ recyclable of type P dropped into box....}
Box has ID: 580965610
--------------------------------------------------
separating paper......
process carried out at separation unit ID: 1513071903
{ recyclable of type P dropped into box....}
Box has ID: 580965610
--------------------------------------------------
separating paper......
process carried out at separation unit ID: 1513071903
{ recyclable of type P dropped into box....}
Box has ID: 580965610
--------------------------------------------------
separating paper......
process carried out at separation unit ID: 1513071903
{ recyclable of type P dropped into box....}
Box has ID: 580965610
--------------------------------------------------
separating paper......
process carried out at separation unit ID: 1513071903
{ recyclable of type P dropped into box....}
Box has ID: 580965610
--------------------------------------------------
separating paper......
process carried out at separation unit ID: 1513071903
{ recyclable of type P dropped into box....}
Box has ID: 580965610
--------------------------------------------------
separating paper......
process carried out at separation unit ID: 1513071903
{ recyclable of type P dropped into box....}
Box has ID: 580965610
--------------------------------------------------
separating paper......
process carried out at separation unit ID: 1513071903
{ recyclable of type P dropped into box....}
Box has ID: 580965610
--------------------------------------------------
separating paper......
process carried out at separation unit ID: 1513071903
{ recyclable of type P dropped into box....}
Box has ID: 580965610
--------------------------------------------------
separating paper......
process carried out at separation unit ID: 1513071903
{ recyclable of type P dropped into box....}
Box has ID: 580965610
--------------------------------------------------
separating paper......
process carried out at separation unit ID: 1513071903
{ recyclable of type P dropped into box....}
Box has ID: 580965610
--------------------------------------------------
separating paper......
process carried out at separation unit ID: 1513071903
{ recyclable of type P dropped into box....}
Box has ID: 580965610
--------------------------------------------------
separating paper......
process carried out at separation unit ID: 1513071903
{ recyclable of type P dropped into box....}
Box has ID: 580965610
--------------------------------------------------
separating paper......
process carried out at separation unit ID: 1513071903
{ recyclable of type P dropped into box....}
Box has ID: 580965610
--------------------------------------------------
separating paper......
process carried out at separation unit ID: 1513071903
{ recyclable of type P dropped into box....}
Box has ID: 580965610
--------------------------------------------------
separating paper......
process carried out at separation unit ID: 1513071903
{ recyclable of type P dropped into box....}
Box has ID: 580965610
--------------------------------------------------
separating paper......
process carried out at separation unit ID: 1513071903
{ recyclable of type P dropped into box....}
Box has ID: 580965610
--------------------------------------------------
separating paper......
process carried out at separation unit ID: 1513071903
{ recyclable of type P dropped into box....}
Box has ID: 580965610
--------------------------------------------------
separating paper......
process carried out at separation unit ID: 1513071903
{ recyclable of type P dropped into box....}
Box has ID: 580965610
--------------------------------------------------
separating paper......
process carried out at separation unit ID: 1513071903
{ recyclable of type P dropped into box....}
Box has ID: 580965610
--------------------------------------------------
separating paper......
process carried out at separation unit ID: 1513071903
{ recyclable of type P dropped into box....}
Box has ID: 580965610
--------------------------------------------------
separating paper......
process carried out at separation unit ID: 1513071903
{ recyclable of type P dropped into box....}
Box has ID: 580965610
--------------------------------------------------
separating paper......
process carried out at separation unit ID: 1513071903
{ recyclable of type P dropped into box....}
Box has ID: 580965610
--------------------------------------------------
separating paper......
process carried out at separation unit ID: 1513071903
{ recyclable of type P dropped into box....}
Box has ID: 580965610
--------------------------------------------------
separating paper......
process carried out at separation unit ID: 1513071903
{ recyclable of type P dropped into box....}
Box has ID: 580965610
--------------------------------------------------
separating paper......
process carried out at separation unit ID: 1513071903
{ recyclable of type P dropped into box....}
Box has ID: 580965610
--------------------------------------------------
separating paper......
process carried out at separation unit ID: 1513071903
{ recyclable of type P dropped into box....}
Box has ID: 580965610
--------------------------------------------------
separating paper......
process carried out at separation unit ID: 1513071903
{ recyclable of type P dropped into box....}
Box has ID: 580965610
--------------------------------------------------
separating paper......
process carried out at separation unit ID: 1513071903
{ recyclable of type P dropped into box....}
Box has ID: 580965610
--------------------------------------------------
separating paper......
process carried out at separation unit ID: 1513071903
{ recyclable of type P dropped into box....}
Box has ID: 580965610
--------------------------------------------------
separating paper......
process carried out at separation unit ID: 1513071903
{ recyclable of type P dropped into box....}
Box has ID: 580965610
--------------------------------------------------
separating paper......
process carried out at separation unit ID: 1513071903
{ recyclable of type P dropped into box....}
Box has ID: 580965610
--------------------------------------------------
separating paper......
process carried out at separation unit ID: 1513071903
{ recyclable of type P dropped into box....}
Box has ID: 580965610
--------------------------------------------------
separating paper......
process carried out at separation unit ID: 1513071903
{ recyclable of type P dropped into box....}
Box has ID: 580965610
--------------------------------------------------
separating paper......
process carried out at separation unit ID: 1513071903
{ recyclable of type P dropped into box....}
Box has ID: 580965610
--------------------------------------------------
separating paper......
process carried out at separation unit ID: 1513071903
{ recyclable of type P dropped into box....}
Box has ID: 580965610
--------------------------------------------------
separating paper......
process carried out at separation unit ID: 1513071903
{ recyclable of type P dropped into box....}
Box has ID: 580965610
--------------------------------------------------
separating paper......
process carried out at separation unit ID: 1513071903
{ recyclable of type P dropped into box....}
Box has ID: 580965610
--------------------------------------------------
separating paper......
process carried out at separation unit ID: 1513071903
{ recyclable of type P dropped into box....}
Box has ID: 580965610
--------------------------------------------------
separating paper......
process carried out at separation unit ID: 1513071903
{ recyclable of type P dropped into box....}
Box has ID: 580965610
--------------------------------------------------
separating paper......
process carried out at separation unit ID: 1513071903
{ recyclable of type P dropped into box....}
Box has ID: 580965610
--------------------------------------------------
separating paper......
process carried out at separation unit ID: 1513071903
{ recyclable of type P dropped into box....}
Box has ID: 580965610
--------------------------------------------------
separating paper......
process carried out at separation unit ID: 1513071903
{ recyclable of type P dropped into box....}
Box has ID: 580965610
--------------------------------------------------
separating paper......
process carried out at separation unit ID: 1513071903
{ recyclable of type P dropped into box....}
Box has ID: 580965610
--------------------------------------------------
separating paper......
process carried out at separation unit ID: 1513071903
{ recyclable of type P dropped into box....}
Box has ID: 580965610
--------------------------------------------------
separating paper......
process carried out at separation unit ID: 1513071903
{ recyclable of type P dropped into box....}
Box has ID: 580965610
--------------------------------------------------
separating paper......
process carried out at separation unit ID: 1513071903
{ recyclable of type P dropped into box....}
Box has ID: 580965610
--------------------------------------------------
separating paper......
process carried out at separation unit ID: 1513071903
{ recyclable of type P dropped into box....}
Box has ID: 580965610
--------------------------------------------------
separating paper......
process carried out at separation unit ID: 1513071903
{ recyclable of type P dropped into box....}
Box has ID: 580965610
--------------------------------------------------
separating paper......
process carried out at separation unit ID: 1513071903
{ recyclable of type P dropped into box....}
Box has ID: 580965610
--------------------------------------------------
separating paper......
process carried out at separation unit ID: 1513071903
{ recyclable of type P dropped into box....}
Box has ID: 580965610
--------------------------------------------------
separating paper......
process carried out at separation unit ID: 1513071903
{ recyclable of type P dropped into box....}
Box has ID: 580965610
--------------------------------------------------
separating paper......
process carried out at separation unit ID: 1513071903
{ recyclable of type P dropped into box....}
Box has ID: 580965610
--------------------------------------------------
separating paper......
process carried out at separation unit ID: 1513071903
{ recyclable of type P dropped into box....}
Box has ID: 580965610
--------------------------------------------------
separating paper......
process carried out at separation unit ID: 1513071903
{ recyclable of type P dropped into box....}
Box has ID: 580965610
--------------------------------------------------
separating paper......
process carried out at separation unit ID: 1513071903
{ recyclable of type P dropped into box....}
Box has ID: 580965610
--------------------------------------------------
separating paper......
process carried out at separation unit ID: 1513071903
{ recyclable of type P dropped into box....}
Box has ID: 580965610
--------------------------------------------------
separating paper......
process carried out at separation unit ID: 1513071903
{ recyclable of type P dropped into box....}
Box has ID: 580965610
--------------------------------------------------
separating paper......
process carried out at separation unit ID: 1513071903
{ recyclable of type P dropped into box....}
Box has ID: 580965610
--------------------------------------------------
separating paper......
process carried out at separation unit ID: 1513071903
{ recyclable of type P dropped into box....}
Box has ID: 580965610
--------------------------------------------------
separating paper......
process carried out at separation unit ID: 1513071903
{ recyclable of type P dropped into box....}
Box has ID: 580965610
--------------------------------------------------
separating paper......
process carried out at separation unit ID: 1513071903
{ recyclable of type P dropped into box....}
Box has ID: 580965610
--------------------------------------------------
separating paper......
process carried out at separation unit ID: 1513071903
{ recyclable of type P dropped into box....}
Box has ID: 580965610
--------------------------------------------------
separating paper......
process carried out at separation unit ID: 1513071903
{ recyclable of type P dropped into box....}
Box has ID: 580965610
--------------------------------------------------
separating paper......
process carried out at separation unit ID: 1513071903
{ recyclable of type P dropped into box....}
Box has ID: 580965610
--------------------------------------------------
separating paper......
process carried out at separation unit ID: 1513071903
{ recyclable of type P dropped into box....}
Box has ID: 580965610
--------------------------------------------------
separating paper......
process carried out at separation unit ID: 1513071903
{ recyclable of type P dropped into box....}
Box has ID: 580965610
--------------------------------------------------
separating paper......
process carried out at separation unit ID: 1513071903
{ recyclable of type P dropped into box....}
Box has ID: 580965610
--------------------------------------------------
separating paper......
process carried out at separation unit ID: 1513071903
{ recyclable of type P dropped into box....}
Box has ID: 580965610
--------------------------------------------------
separating paper......
process carried out at separation unit ID: 1513071903
{ recyclable of type P dropped into box....}
Box has ID: 580965610
--------------------------------------------------
separating paper......
process carried out at separation unit ID: 1513071903
{ recyclable of type P dropped into box....}
Box has ID: 580965610
--------------------------------------------------
separating paper......
process carried out at separation unit ID: 1513071903
{ recyclable of type P dropped into box....}
Box has ID: 580965610
--------------------------------------------------
separating paper......
process carried out at separation unit ID: 1513071903
{ recyclable of type P dropped into box....}
Box has ID: 580965610
--------------------------------------------------
separating paper......
process carried out at separation unit ID: 1513071903
{ recyclable of type P dropped into box....}
Box has ID: 580965610
--------------------------------------------------
separating paper......
process carried out at separation unit ID: 1513071903
{ recyclable of type P dropped into box....}
Box has ID: 580965610
--------------------------------------------------
separating paper......
process carried out at separation unit ID: 1513071903
{ recyclable of type P dropped into box....}
Box has ID: 580965610
--------------------------------------------------
separating paper......
process carried out at separation unit ID: 1513071903
{ recyclable of type P dropped into box....}
Box has ID: 580965610
--------------------------------------------------
separating paper......
process carried out at separation unit ID: 1513071903
{ recyclable of type P dropped into box....}
Box has ID: 580965610
--------------------------------------------------
separating paper......
process carried out at separation unit ID: 1513071903
{ recyclable of type P dropped into box....}
Box has ID: 580965610
--------------------------------------------------
separating paper......
process carried out at separation unit ID: 1513071903
{ recyclable of type P dropped into box....}
Box has ID: 580965610
--------------------------------------------------
separating paper......
process carried out at separation unit ID: 1513071903
{ recyclable of type P dropped into box....}
Box has ID: 580965610
--------------------------------------------------
separating paper......
process carried out at separation unit ID: 1513071903
{ recyclable of type P dropped into box....}
Box has ID: 580965610
--------------------------------------------------
separating paper......
process carried out at separation unit ID: 1513071903
{ recyclable of type P dropped into box....}
Box has ID: 580965610
--------------------------------------------------
separating paper......
process carried out at separation unit ID: 1513071903
{ recyclable of type P dropped into box....}
Box has ID: 580965610
--------------------------------------------------
separating paper......
process carried out at separation unit ID: 1513071903
{ recyclable of type P dropped into box....}
Box has ID: 580965610
--------------------------------------------------
separating paper......
process carried out at separation unit ID: 1513071903
{ recyclable of type P dropped into box....}
Box has ID: 580965610
--------------------------------------------------
separating paper......
process carried out at separation unit ID: 1513071903
{ recyclable of type P dropped into box....}
Box has ID: 580965610
--------------------------------------------------
separating paper......
process carried out at separation unit ID: 1513071903
{ recyclable of type P dropped into box....}
Box has ID: 580965610
--------------------------------------------------
separating paper......
process carried out at separation unit ID: 1513071903
{ recyclable of type P dropped into box....}
Box has ID: 580965610
--------------------------------------------------
separating paper......
process carried out at separation unit ID: 1513071903
{ recyclable of type P dropped into box....}
Box has ID: 580965610
--------------------------------------------------
separating paper......
process carried out at separation unit ID: 1513071903
{ recyclable of type P dropped into box....}
Box has ID: 580965610
--------------------------------------------------
separating paper......
process carried out at separation unit ID: 1513071903
{ recyclable of type P dropped into box....}
Box has ID: 580965610
--------------------------------------------------
separating paper......
process carried out at separation unit ID: 1513071903
{ recyclable of type P dropped into box....}
Box has ID: 580965610
--------------------------------------------------
separating paper......
process carried out at separation unit ID: 1513071903
{ recyclable of type P dropped into box....}
Box has ID: 580965610
--------------------------------------------------
separating paper......
process carried out at separation unit ID: 1513071903
{ recyclable of type P dropped into box....}
Box has ID: 580965610
--------------------------------------------------
separating paper......
process carried out at separation unit ID: 1513071903
{ recyclable of type P dropped into box....}
Box has ID: 580965610
--------------------------------------------------
separating paper......
process carried out at separation unit ID: 1513071903
{ recyclable of type P dropped into box....}
Box has ID: 580965610
--------------------------------------------------
separating paper......
process carried out at separation unit ID: 1513071903
{ recyclable of type P dropped into box....}
Box has ID: 580965610
--------------------------------------------------
separating paper......
process carried out at separation unit ID: 1513071903
{ recyclable of type P dropped into box....}
Box has ID: 580965610
--------------------------------------------------
separating paper......
process carried out at separation unit ID: 1513071903
{ recyclable of type P dropped into box....}
Box has ID: 580965610
--------------------------------------------------
separating paper......
process carried out at separation unit ID: 1513071903
{ recyclable of type P dropped into box....}
Box has ID: 580965610
--------------------------------------------------
separating paper......
process carried out at separation unit ID: 1513071903
{ recyclable of type P dropped into box....}
Box has ID: 580965610
--------------------------------------------------
separating paper......
process carried out at separation unit ID: 1513071903
{ recyclable of type P dropped into box....}
Box has ID: 580965610
--------------------------------------------------
separating paper......
process carried out at separation unit ID: 1513071903
{ recyclable of type P dropped into box....}
Box has ID: 580965610
--------------------------------------------------
separating paper......
process carried out at separation unit ID: 1513071903
{ recyclable of type P dropped into box....}
Box has ID: 580965610
--------------------------------------------------
separating paper......
process carried out at separation unit ID: 1513071903
{ recyclable of type P dropped into box....}
Box has ID: 580965610
--------------------------------------------------
separating paper......
process carried out at separation unit ID: 1513071903
{ recyclable of type P dropped into box....}
Box has ID: 580965610
--------------------------------------------------
separating paper......
process carried out at separation unit ID: 1513071903
{ recyclable of type P dropped into box....}
Box has ID: 580965610
--------------------------------------------------
separating paper......
process carried out at separation unit ID: 1513071903
{ recyclable of type P dropped into box....}
Box has ID: 580965610
--------------------------------------------------
separating paper......
process carried out at separation unit ID: 1513071903
{ recyclable of type P dropped into box....}
Box has ID: 580965610
--------------------------------------------------
separating paper......
process carried out at separation unit ID: 1513071903
{ recyclable of type P dropped into box....}
Box has ID: 580965610
--------------------------------------------------
separating paper......
process carried out at separation unit ID: 1513071903
{ recyclable of type P dropped into box....}
Box has ID: 580965610
--------------------------------------------------
separating paper......
process carried out at separation unit ID: 1513071903
{ recyclable of type P dropped into box....}
Box has ID: 580965610
--------------------------------------------------
separating paper......
process carried out at separation unit ID: 1513071903
{ recyclable of type P dropped into box....}
Box has ID: 580965610
--------------------------------------------------
separating paper......
process carried out at separation unit ID: 1513071903
{ recyclable of type P dropped into box....}
Box has ID: 580965610
--------------------------------------------------
separating paper......
process carried out at separation unit ID: 1513071903
{ recyclable of type P dropped into box....}
Box has ID: 580965610
--------------------------------------------------
separating paper......
process carried out at separation unit ID: 1513071903
{ recyclable of type P dropped into box....}
Box has ID: 580965610
--------------------------------------------------
separating paper......
process carried out at separation unit ID: 1513071903
{ recyclable of type P dropped into box....}
Box has ID: 580965610
--------------------------------------------------
separating paper......
process carried out at separation unit ID: 1513071903
{ recyclable of type P dropped into box....}
Box has ID: 580965610
--------------------------------------------------
separating paper......
process carried out at separation unit ID: 1513071903
{ recyclable of type P dropped into box....}
Box has ID: 580965610
--------------------------------------------------
separating paper......
process carried out at separation unit ID: 1513071903
{ recyclable of type P dropped into box....}
Box has ID: 580965610
--------------------------------------------------
separating paper......
process carried out at separation unit ID: 1513071903
{ recyclable of type P dropped into box....}
Box has ID: 580965610
--------------------------------------------------
separating paper......
process carried out at separation unit ID: 1513071903
{ recyclable of type P dropped into box....}
Box has ID: 580965610
--------------------------------------------------
separating paper......
process carried out at separation unit ID: 1513071903
{ recyclable of type P dropped into box....}
Box has ID: 580965610
--------------------------------------------------
separating paper......
process carried out at separation unit ID: 1513071903
{ recyclable of type P dropped into box....}
Box has ID: 580965610
--------------------------------------------------
separating paper......
process carried out at separation unit ID: 1513071903
{ recyclable of type P dropped into box....}
Box has ID: 580965610
--------------------------------------------------
separating paper......
process carried out at separation unit ID: 1513071903
{ recyclable of type P dropped into box....}
Box has ID: 580965610
--------------------------------------------------
separating paper......
process carried out at separation unit ID: 1513071903
{ recyclable of type P dropped into box....}
Box has ID: 580965610
--------------------------------------------------
separating paper......
process carried out at separation unit ID: 1513071903
{ recyclable of type P dropped into box....}
Box has ID: 580965610
--------------------------------------------------
separating paper......
process carried out at separation unit ID: 1513071903
{ recyclable of type P dropped into box....}
Box has ID: 580965610
--------------------------------------------------
separating paper......
process carried out at separation unit ID: 1513071903
{ recyclable of type P dropped into box....}
Box has ID: 580965610
--------------------------------------------------
separating paper......
process carried out at separation unit ID: 1513071903
{ recyclable of type P dropped into box....}
Box has ID: 580965610
--------------------------------------------------
separating paper......
process carried out at separation unit ID: 1513071903
{ recyclable of type P dropped into box....}
Box has ID: 580965610
--------------------------------------------------
separating paper......
process carried out at separation unit ID: 1513071903
{ recyclable of type P dropped into box....}
Box has ID: 580965610
--------------------------------------------------
separating paper......
process carried out at separation unit ID: 1513071903
{ recyclable of type P dropped into box....}
Box has ID: 580965610
--------------------------------------------------
separating paper......
process carried out at separation unit ID: 1513071903
{ recyclable of type P dropped into box....}
Box has ID: 580965610
--------------------------------------------------
separating paper......
process carried out at separation unit ID: 1513071903
{ recyclable of type P dropped into box....}
Box has ID: 580965610
--------------------------------------------------
separating paper......
process carried out at separation unit ID: 1513071903
{ recyclable of type P dropped into box....}
Box has ID: 580965610
--------------------------------------------------
separating paper......
process carried out at separation unit ID: 1513071903
{ recyclable of type P dropped into box....}
Box has ID: 580965610
--------------------------------------------------
separating paper......
process carried out at separation unit ID: 1513071903
{ recyclable of type P dropped into box....}
Box has ID: 580965610
--------------------------------------------------
separating paper......
process carried out at separation unit ID: 1513071903
{ recyclable of type P dropped into box....}
Box has ID: 580965610
--------------------------------------------------
separating paper......
process carried out at separation unit ID: 1513071903
{ recyclable of type P dropped into box....}
Box has ID: 580965610
--------------------------------------------------
separating paper......
process carried out at separation unit ID: 1513071903
{ recyclable of type P dropped into box....}
Box has ID: 580965610
--------------------------------------------------
separating paper......
process carried out at separation unit ID: 1513071903
{ recyclable of type P dropped into box....}
Box has ID: 580965610
--------------------------------------------------
separating paper......
process carried out at separation unit ID: 1513071903
{ recyclable of type P dropped into box....}
Box has ID: 580965610
--------------------------------------------------
separating paper......
process carried out at separation unit ID: 1513071903
{ recyclable of type P dropped into box....}
Box has ID: 580965610
--------------------------------------------------
separating paper......
process carried out at separation unit ID: 1513071903
{ recyclable of type P dropped into box....}
Box has ID: 580965610
--------------------------------------------------
separating paper......
process carried out at separation unit ID: 1513071903
{ recyclable of type P dropped into box....}
Box has ID: 580965610
--------------------------------------------------
separating paper......
process carried out at separation unit ID: 1513071903
{ recyclable of type P dropped into box....}
Box has ID: 580965610
--------------------------------------------------
separating paper......
process carried out at separation unit ID: 1513071903
{ recyclable of type P dropped into box....}
Box has ID: 580965610
--------------------------------------------------
separating paper......
process carried out at separation unit ID: 1513071903
{ recyclable of type P dropped into box....}
Box has ID: 580965610
--------------------------------------------------
separating paper......
process carried out at separation unit ID: 1513071903
{ recyclable of type P dropped into box....}
Box has ID: 580965610
--------------------------------------------------
separating paper......
process carried out at separation unit ID: 1513071903
{ recyclable of type P dropped into box....}
Box has ID: 580965610
--------------------------------------------------
separating paper......
process carried out at separation unit ID: 1513071903
{ recyclable of type P dropped into box....}
Box has ID: 580965610
--------------------------------------------------
separating paper......
process carried out at separation unit ID: 1513071903
{ recyclable of type P dropped into box....}
Box has ID: 580965610
--------------------------------------------------
separating paper......
process carried out at separation unit ID: 1513071903
{ recyclable of type P dropped into box....}
Box has ID: 580965610
--------------------------------------------------
separating paper......
process carried out at separation unit ID: 1513071903
{ recyclable of type P dropped into box....}
Box has ID: 580965610
--------------------------------------------------
separating paper......
process carried out at separation unit ID: 1513071903
{ recyclable of type P dropped into box....}
Box has ID: 580965610
--------------------------------------------------
separating paper......
process carried out at separation unit ID: 1513071903
{ recyclable of type P dropped into box....}
Box has ID: 580965610
--------------------------------------------------
separating paper......
process carried out at separation unit ID: 1513071903
{ recyclable of type P dropped into box....}
Box has ID: 580965610
--------------------------------------------------
separating paper......
process carried out at separation unit ID: 1513071903
{ recyclable of type P dropped into box....}
Box has ID: 580965610
--------------------------------------------------
separating paper......
process carried out at separation unit ID: 1513071903
{ recyclable of type P dropped into box....}
Box has ID: 580965610
--------------------------------------------------
separating paper......
process carried out at separation unit ID: 1513071903
{ recyclable of type P dropped into box....}
Box has ID: 580965610
--------------------------------------------------
separating paper......
process carried out at separation unit ID: 1513071903
{ recyclable of type P dropped into box....}
Box has ID: 580965610
--------------------------------------------------
separating paper......
process carried out at separation unit ID: 1513071903
{ recyclable of type P dropped into box....}
Box has ID: 580965610
--------------------------------------------------
separating paper......
process carried out at separation unit ID: 1513071903
{ recyclable of type P dropped into box....}
Box has ID: 580965610
--------------------------------------------------
separating paper......
process carried out at separation unit ID: 1513071903
{ recyclable of type P dropped into box....}
Box has ID: 580965610
--------------------------------------------------
separating paper......
process carried out at separation unit ID: 1513071903
{ recyclable of type P dropped into box....}
Box has ID: 580965610
--------------------------------------------------
separating paper......
process carried out at separation unit ID: 1513071903
{ recyclable of type P dropped into box....}
Box has ID: 580965610
--------------------------------------------------
separating paper......
process carried out at separation unit ID: 1513071903
{ recyclable of type P dropped into box....}
Box has ID: 580965610
--------------------------------------------------
separating paper......
process carried out at separation unit ID: 1513071903
{ recyclable of type P dropped into box....}
Box has ID: 580965610
--------------------------------------------------
separating paper......
process carried out at separation unit ID: 1513071903
{ recyclable of type P dropped into box....}
Box has ID: 580965610
--------------------------------------------------
separating paper......
process carried out at separation unit ID: 1513071903
{ recyclable of type P dropped into box....}
Box has ID: 580965610
--------------------------------------------------
separating paper......
process carried out at separation unit ID: 1513071903
{ recyclable of type P dropped into box....}
Box has ID: 580965610
--------------------------------------------------
separating paper......
process carried out at separation unit ID: 1513071903
{ recyclable of type P dropped into box....}
Box has ID: 580965610
--------------------------------------------------
separating paper......
process carried out at separation unit ID: 1513071903
{ recyclable of type P dropped into box....}
Box has ID: 580965610
--------------------------------------------------
separating paper......
process carried out at separation unit ID: 1513071903
{ recyclable of type P dropped into box....}
Box has ID: 580965610
--------------------------------------------------
separating paper......
process carried out at separation unit ID: 1513071903
{ recyclable of type P dropped into box....}
Box has ID: 580965610
--------------------------------------------------
separating paper......
process carried out at separation unit ID: 1513071903
{ recyclable of type P dropped into box....}
Box has ID: 580965610
--------------------------------------------------
separating paper......
process carried out at separation unit ID: 1513071903
{ recyclable of type P dropped into box....}
Box has ID: 580965610
--------------------------------------------------
separating paper......
process carried out at separation unit ID: 1513071903
{ recyclable of type P dropped into box....}
Box has ID: 580965610
--------------------------------------------------
separating paper......
process carried out at separation unit ID: 1513071903
{ recyclable of type P dropped into box....}
Box has ID: 580965610
--------------------------------------------------
separating paper......
process carried out at separation unit ID: 1513071903
{ recyclable of type P dropped into box....}
Box has ID: 580965610
--------------------------------------------------
separating paper......
process carried out at separation unit ID: 1513071903
{ recyclable of type P dropped into box....}
Box has ID: 580965610
--------------------------------------------------
separating paper......
process carried out at separation unit ID: 1513071903
{ recyclable of type P dropped into box....}
Box has ID: 580965610
--------------------------------------------------
separating paper......
process carried out at separation unit ID: 1513071903
{ recyclable of type P dropped into box....}
Box has ID: 580965610
--------------------------------------------------
separating paper......
process carried out at separation unit ID: 1513071903
{ recyclable of type P dropped into box....}
Box has ID: 580965610
--------------------------------------------------
separating paper......
process carried out at separation unit ID: 1513071903
{ recyclable of type P dropped into box....}
Box has ID: 580965610
--------------------------------------------------
separating paper......
process carried out at separation unit ID: 1513071903
{ recyclable of type P dropped into box....}
Box has ID: 580965610
--------------------------------------------------
separating paper......
process carried out at separation unit ID: 1513071903
{ recyclable of type P dropped into box....}
Box has ID: 580965610
--------------------------------------------------
separating paper......
process carried out at separation unit ID: 1513071903
{ recyclable of type P dropped into box....}
Box has ID: 580965610
--------------------------------------------------
separating paper......
process carried out at separation unit ID: 1513071903
{ recyclable of type P dropped into box....}
Box has ID: 580965610
--------------------------------------------------
separating paper......
process carried out at separation unit ID: 1513071903
{ recyclable of type P dropped into box....}
Box has ID: 580965610
--------------------------------------------------
separating paper......
process carried out at separation unit ID: 1513071903
{ recyclable of type P dropped into box....}
Box has ID: 580965610
--------------------------------------------------
separating paper......
process carried out at separation unit ID: 1513071903
{ recyclable of type P dropped into box....}
Box has ID: 580965610
--------------------------------------------------
separating paper......
process carried out at separation unit ID: 1513071903
{ recyclable of type P dropped into box....}
Box has ID: 580965610
--------------------------------------------------
separating paper......
process carried out at separation unit ID: 1513071903
{ recyclable of type P dropped into box....}
Box has ID: 580965610
--------------------------------------------------
separating paper......
process carried out at separation unit ID: 1513071903
{ recyclable of type P dropped into box....}
Box has ID: 580965610
--------------------------------------------------
separating paper......
process carried out at separation unit ID: 1513071903
{ recyclable of type P dropped into box....}
Box has ID: 580965610
--------------------------------------------------
separating paper......
process carried out at separation unit ID: 1513071903
{ recyclable of type P dropped into box....}
Box has ID: 580965610
--------------------------------------------------
separating paper......
process carried out at separation unit ID: 1513071903
{ recyclable of type P dropped into box....}
Box has ID: 580965610
--------------------------------------------------
separating paper......
process carried out at separation unit ID: 1513071903
{ recyclable of type P dropped into box....}
Box has ID: 580965610
--------------------------------------------------
separating paper......
process carried out at separation unit ID: 1513071903
{ recyclable of type P dropped into box....}
Box has ID: 580965610
--------------------------------------------------
separating paper......
process carried out at separation unit ID: 1513071903
{ recyclable of type P dropped into box....}
Box has ID: 580965610
--------------------------------------------------
separating paper......
process carried out at separation unit ID: 1513071903
{ recyclable of type P dropped into box....}
Box has ID: 580965610
--------------------------------------------------
separating paper......
process carried out at separation unit ID: 1513071903
{ recyclable of type P dropped into box....}
Box has ID: 580965610
--------------------------------------------------
separating paper......
process carried out at separation unit ID: 1513071903
{ recyclable of type P dropped into box....}
Box has ID: 580965610
--------------------------------------------------
separating paper......
process carried out at separation unit ID: 1513071903
{ recyclable of type P dropped into box....}
Box has ID: 580965610
--------------------------------------------------
separating paper......
process carried out at separation unit ID: 1513071903
{ recyclable of type P dropped into box....}
Box has ID: 580965610
--------------------------------------------------
separating paper......
process carried out at separation unit ID: 1513071903
{ recyclable of type P dropped into box....}
Box has ID: 580965610
--------------------------------------------------
separating paper......
process carried out at separation unit ID: 1513071903
{ recyclable of type P dropped into box....}
Box has ID: 580965610
--------------------------------------------------
separating paper......
process carried out at separation unit ID: 1513071903
{ recyclable of type P dropped into box....}
Box has ID: 580965610
--------------------------------------------------
separating paper......
process carried out at separation unit ID: 1513071903
{ recyclable of type P dropped into box....}
Box has ID: 580965610
--------------------------------------------------
separating paper......
process carried out at separation unit ID: 1513071903
{ recyclable of type P dropped into box....}
Box has ID: 580965610
--------------------------------------------------
separating paper......
process carried out at separation unit ID: 1513071903
{ recyclable of type P dropped into box....}
Box has ID: 580965610
--------------------------------------------------
separating paper......
process carried out at separation unit ID: 1513071903
{ recyclable of type P dropped into box....}
Box has ID: 580965610
--------------------------------------------------
separating paper......
process carried out at separation unit ID: 1513071903
{ recyclable of type P dropped into box....}
Box has ID: 580965610
--------------------------------------------------
separating paper......
process carried out at separation unit ID: 1513071903
{ recyclable of type P dropped into box....}
Box has ID: 580965610
--------------------------------------------------
separating paper......
process carried out at separation unit ID: 1513071903
{ recyclable of type P dropped into box....}
Box has ID: 580965610
--------------------------------------------------
separating paper......
process carried out at separation unit ID: 1513071903
{ recyclable of type P dropped into box....}
Box has ID: 580965610
--------------------------------------------------
separating paper......
process carried out at separation unit ID: 1513071903
{ recyclable of type P dropped into box....}
Box has ID: 580965610
--------------------------------------------------
separating paper......
process carried out at separation unit ID: 1513071903
{ recyclable of type P dropped into box....}
Box has ID: 580965610
--------------------------------------------------
separating paper......
process carried out at separation unit ID: 1513071903
{ recyclable of type P dropped into box....}
Box has ID: 580965610
--------------------------------------------------
separating paper......
process carried out at separation unit ID: 1513071903
{ recyclable of type P dropped into box....}
Box has ID: 580965610
--------------------------------------------------
separating paper......
process carried out at separation unit ID: 1513071903
{ recyclable of type P dropped into box....}
Box has ID: 580965610
--------------------------------------------------
separating paper......
process carried out at separation unit ID: 1513071903
{ recyclable of type P dropped into box....}
Box has ID: 580965610
--------------------------------------------------
separating paper......
process carried out at separation unit ID: 1513071903
{ recyclable of type P dropped into box....}
Box has ID: 580965610
--------------------------------------------------
separating paper......
process carried out at separation unit ID: 1513071903
{ recyclable of type P dropped into box....}
Box has ID: 580965610
--------------------------------------------------
separating paper......
process carried out at separation unit ID: 1513071903
{ recyclable of type P dropped into box....}
Box has ID: 580965610
--------------------------------------------------
separating paper......
process carried out at separation unit ID: 1513071903
{ recyclable of type P dropped into box....}
Box has ID: 580965610
--------------------------------------------------
separating paper......
process carried out at separation unit ID: 1513071903
{ recyclable of type P dropped into box....}
Box has ID: 580965610
--------------------------------------------------
separating paper......
process carried out at separation unit ID: 1513071903
{ recyclable of type P dropped into box....}
Box has ID: 580965610
--------------------------------------------------
separating paper......
process carried out at separation unit ID: 1513071903
{ recyclable of type P dropped into box....}
Box has ID: 580965610
--------------------------------------------------
separating paper......
process carried out at separation unit ID: 1513071903
{ recyclable of type P dropped into box....}
Box has ID: 580965610
--------------------------------------------------
separating paper......
process carried out at separation unit ID: 1513071903
{ recyclable of type P dropped into box....}
Box has ID: 580965610
--------------------------------------------------
separating paper......
process carried out at separation unit ID: 1513071903
{ recyclable of type P dropped into box....}
Box has ID: 580965610
--------------------------------------------------
separating paper......
process carried out at separation unit ID: 1513071903
{ recyclable of type P dropped into box....}
Box has ID: 580965610
--------------------------------------------------
separating paper......
process carried out at separation unit ID: 1513071903
{ recyclable of type P dropped into box....}
Box has ID: 580965610
--------------------------------------------------
separating paper......
process carried out at separation unit ID: 1513071903
{ recyclable of type P dropped into box....}
Box has ID: 580965610
--------------------------------------------------
separating paper......
process carried out at separation unit ID: 1513071903
{ recyclable of type P dropped into box....}
Box has ID: 580965610
--------------------------------------------------
separating paper......
process carried out at separation unit ID: 1513071903
{ recyclable of type P dropped into box....}
Box has ID: 580965610
--------------------------------------------------
separating paper......
process carried out at separation unit ID: 1513071903
{ recyclable of type P dropped into box....}
Box has ID: 580965610
--------------------------------------------------
separating paper......
process carried out at separation unit ID: 1513071903
{ recyclable of type P dropped into box....}
Box has ID: 580965610
--------------------------------------------------
separating paper......
process carried out at separation unit ID: 1513071903
{ recyclable of type P dropped into box....}
Box has ID: 580965610
--------------------------------------------------
separating paper......
process carried out at separation unit ID: 1513071903
{ recyclable of type P dropped into box....}
Box has ID: 580965610
--------------------------------------------------
separating paper......
process carried out at separation unit ID: 1513071903
{ recyclable of type P dropped into box....}
Box has ID: 580965610
--------------------------------------------------
separating paper......
process carried out at separation unit ID: 1513071903
{ recyclable of type P dropped into box....}
Box has ID: 580965610
--------------------------------------------------
separating paper......
process carried out at separation unit ID: 1513071903
{ recyclable of type P dropped into box....}
Box has ID: 580965610
--------------------------------------------------
separating paper......
process carried out at separation unit ID: 1513071903
{ recyclable of type P dropped into box....}
Box has ID: 580965610
--------------------------------------------------
separating paper......
process carried out at separation unit ID: 1513071903
{ recyclable of type P dropped into box....}
Box has ID: 580965610
--------------------------------------------------
separating paper......
process carried out at separation unit ID: 1513071903
{ recyclable of type P dropped into box....}
Box has ID: 580965610
--------------------------------------------------
separating paper......
process carried out at separation unit ID: 1513071903
{ recyclable of type P dropped into box....}
Box has ID: 580965610
--------------------------------------------------
separating paper......
process carried out at separation unit ID: 1513071903
{ recyclable of type P dropped into box....}
Box has ID: 580965610
--------------------------------------------------
separating paper......
process carried out at separation unit ID: 1513071903
{ recyclable of type P dropped into box....}
Box has ID: 580965610
--------------------------------------------------
separating paper......
process carried out at separation unit ID: 1513071903
{ recyclable of type P dropped into box....}
Box has ID: 580965610
--------------------------------------------------
separating paper......
process carried out at separation unit ID: 1513071903
{ recyclable of type P dropped into box....}
Box has ID: 580965610
--------------------------------------------------
separating paper......
process carried out at separation unit ID: 1513071903
{ recyclable of type P dropped into box....}
Box has ID: 580965610
--------------------------------------------------
separating paper......
process carried out at separation unit ID: 1513071903
{ recyclable of type P dropped into box....}
Box has ID: 580965610
--------------------------------------------------
separating paper......
process carried out at separation unit ID: 1513071903
{ recyclable of type P dropped into box....}
Box has ID: 580965610
--------------------------------------------------
separating paper......
process carried out at separation unit ID: 1513071903
{ recyclable of type P dropped into box....}
Box has ID: 580965610
--------------------------------------------------
separating paper......
process carried out at separation unit ID: 1513071903
{ recyclable of type P dropped into box....}
Box has ID: 580965610
--------------------------------------------------
separating paper......
process carried out at separation unit ID: 1513071903
{ recyclable of type P dropped into box....}
Box has ID: 580965610
--------------------------------------------------
separating paper......
process carried out at separation unit ID: 1513071903
{ recyclable of type P dropped into box....}
Box has ID: 580965610
--------------------------------------------------
separating paper......
process carried out at separation unit ID: 1513071903
{ recyclable of type P dropped into box....}
Box has ID: 580965610
--------------------------------------------------
separating paper......
process carried out at separation unit ID: 1513071903
{ recyclable of type P dropped into box....}
Box has ID: 580965610
--------------------------------------------------
separating paper......
process carried out at separation unit ID: 1513071903
{ recyclable of type P dropped into box....}
Box has ID: 580965610
--------------------------------------------------
separating paper......
process carried out at separation unit ID: 1513071903
{ recyclable of type P dropped into box....}
Box has ID: 580965610
--------------------------------------------------
separating paper......
process carried out at separation unit ID: 1513071903
{ recyclable of type P dropped into box....}
Box has ID: 580965610
--------------------------------------------------
separating paper......
process carried out at separation unit ID: 1513071903
{ recyclable of type P dropped into box....}
Box has ID: 580965610
--------------------------------------------------
separating paper......
process carried out at separation unit ID: 1513071903
{ recyclable of type P dropped into box....}
Box has ID: 580965610
--------------------------------------------------
separating paper......
process carried out at separation unit ID: 1513071903
{ recyclable of type P dropped into box....}
Box has ID: 580965610
--------------------------------------------------
separating paper......
process carried out at separation unit ID: 1513071903
{ recyclable of type P dropped into box....}
Box has ID: 580965610
--------------------------------------------------
separating paper......
process carried out at separation unit ID: 1513071903
{ recyclable of type P dropped into box....}
Box has ID: 580965610
--------------------------------------------------
separating paper......
process carried out at separation unit ID: 1513071903
{ recyclable of type P dropped into box....}
Box has ID: 580965610
--------------------------------------------------
separating paper......
process carried out at separation unit ID: 1513071903
{ recyclable of type P dropped into box....}
Box has ID: 580965610
--------------------------------------------------
separating paper......
process carried out at separation unit ID: 1513071903
{ recyclable of type P dropped into box....}
Box has ID: 580965610
--------------------------------------------------
separating paper......
process carried out at separation unit ID: 1513071903
{ recyclable of type P dropped into box....}
Box has ID: 580965610
--------------------------------------------------
separating paper......
process carried out at separation unit ID: 1513071903
{ recyclable of type P dropped into box....}
Box has ID: 580965610
--------------------------------------------------
separating paper......
process carried out at separation unit ID: 1513071903
{ recyclable of type P dropped into box....}
Box has ID: 580965610
--------------------------------------------------
separating paper......
process carried out at separation unit ID: 1513071903
{ recyclable of type P dropped into box....}
Box has ID: 580965610
--------------------------------------------------
separating paper......
process carried out at separation unit ID: 1513071903
{ recyclable of type P dropped into box....}
Box has ID: 580965610
--------------------------------------------------
separating paper......
process carried out at separation unit ID: 1513071903
{ recyclable of type P dropped into box....}
Box has ID: 580965610
--------------------------------------------------
separating paper......
process carried out at separation unit ID: 1513071903
{ recyclable of type P dropped into box....}
Box has ID: 580965610
--------------------------------------------------
separating paper......
process carried out at separation unit ID: 1513071903
{ recyclable of type P dropped into box....}
Box has ID: 580965610
--------------------------------------------------
separating paper......
process carried out at separation unit ID: 1513071903
{ recyclable of type P dropped into box....}
Box has ID: 580965610
--------------------------------------------------
separating paper......
process carried out at separation unit ID: 1513071903
{ recyclable of type P dropped into box....}
Box has ID: 580965610
--------------------------------------------------
separating paper......
process carried out at separation unit ID: 1513071903
{ recyclable of type P dropped into box....}
Box has ID: 580965610
--------------------------------------------------
separating paper......
process carried out at separation unit ID: 1513071903
{ recyclable of type P dropped into box....}
Box has ID: 580965610
--------------------------------------------------
separating paper......
process carried out at separation unit ID: 1513071903
{ recyclable of type P dropped into box....}
Box has ID: 580965610
--------------------------------------------------
separating paper......
process carried out at separation unit ID: 1513071903
{ recyclable of type P dropped into box....}
Box has ID: 580965610
--------------------------------------------------
separating paper......
process carried out at separation unit ID: 1513071903
{ recyclable of type P dropped into box....}
Box has ID: 580965610
--------------------------------------------------
separating paper......
process carried out at separation unit ID: 1513071903
{ recyclable of type P dropped into box....}
Box has ID: 580965610
--------------------------------------------------
separating paper......
process carried out at separation unit ID: 1513071903
{ recyclable of type P dropped into box....}
Box has ID: 580965610
--------------------------------------------------
separating paper......
process carried out at separation unit ID: 1513071903
{ recyclable of type P dropped into box....}
Box has ID: 580965610
--------------------------------------------------
separating paper......
process carried out at separation unit ID: 1513071903
{ recyclable of type P dropped into box....}
Box has ID: 580965610
--------------------------------------------------
separating paper......
process carried out at separation unit ID: 1513071903
{ recyclable of type P dropped into box....}
Box has ID: 580965610
--------------------------------------------------
separating paper......
process carried out at separation unit ID: 1513071903
{ recyclable of type P dropped into box....}
Box has ID: 580965610
--------------------------------------------------
separating paper......
process carried out at separation unit ID: 1513071903
{ recyclable of type P dropped into box....}
Box has ID: 580965610
--------------------------------------------------
separating paper......
process carried out at separation unit ID: 1513071903
{ recyclable of type P dropped into box....}
Box has ID: 580965610
--------------------------------------------------
separating paper......
process carried out at separation unit ID: 1513071903
{ recyclable of type P dropped into box....}
Box has ID: 580965610
--------------------------------------------------
separating paper......
process carried out at separation unit ID: 1513071903
{ recyclable of type P dropped into box....}
Box has ID: 580965610
--------------------------------------------------
separating paper......
process carried out at separation unit ID: 1513071903
{ recyclable of type P dropped into box....}
Box has ID: 580965610
--------------------------------------------------
separating paper......
process carried out at separation unit ID: 1513071903
{ recyclable of type P dropped into box....}
Box has ID: 580965610
--------------------------------------------------
separating paper......
process carried out at separation unit ID: 1513071903
{ recyclable of type P dropped into box....}
Box has ID: 580965610
--------------------------------------------------
separating paper......
process carried out at separation unit ID: 1513071903
{ recyclable of type P dropped into box....}
Box has ID: 580965610
--------------------------------------------------
separating paper......
process carried out at separation unit ID: 1513071903
{ recyclable of type P dropped into box....}
Box has ID: 580965610
--------------------------------------------------
separating paper......
process carried out at separation unit ID: 1513071903
{ recyclable of type P dropped into box....}
Box has ID: 580965610
--------------------------------------------------
separating paper......
process carried out at separation unit ID: 1513071903
{ recyclable of type P dropped into box....}
Box has ID: 580965610
--------------------------------------------------
separating paper......
process carried out at separation unit ID: 1513071903
{ recyclable of type P dropped into box....}
Box has ID: 580965610
--------------------------------------------------
separating paper......
process carried out at separation unit ID: 1513071903
{ recyclable of type P dropped into box....}
Box has ID: 580965610
--------------------------------------------------
separating paper......
process carried out at separation unit ID: 1513071903
{ recyclable of type P dropped into box....}
Box has ID: 580965610
--------------------------------------------------
separating paper......
process carried out at separation unit ID: 1513071903
{ recyclable of type P dropped into box....}
Box has ID: 580965610
--------------------------------------------------
separating paper......
process carried out at separation unit ID: 1513071903
{ recyclable of type P dropped into box....}
Box has ID: 580965610
--------------------------------------------------
separating paper......
process carried out at separation unit ID: 1513071903
{ recyclable of type P dropped into box....}
Box has ID: 580965610
--------------------------------------------------
separating paper......
process carried out at separation unit ID: 1513071903
{ recyclable of type P dropped into box....}
Box has ID: 580965610
--------------------------------------------------
separating paper......
process carried out at separation unit ID: 1513071903
{ recyclable of type P dropped into box....}
Box has ID: 580965610
--------------------------------------------------
separating paper......
process carried out at separation unit ID: 1513071903
{ recyclable of type P dropped into box....}
Box has ID: 580965610
--------------------------------------------------
separating paper......
process carried out at separation unit ID: 1513071903
{ recyclable of type P dropped into box....}
Box has ID: 580965610
--------------------------------------------------
separating paper......
process carried out at separation unit ID: 1513071903
{ recyclable of type P dropped into box....}
Box has ID: 580965610
--------------------------------------------------
separating paper......
process carried out at separation unit ID: 1513071903
{ recyclable of type P dropped into box....}
Box has ID: 580965610
--------------------------------------------------
separating paper......
process carried out at separation unit ID: 1513071903
{ recyclable of type P dropped into box....}
Box has ID: 580965610
--------------------------------------------------
separating paper......
process carried out at separation unit ID: 1513071903
{ recyclable of type P dropped into box....}
Box has ID: 580965610
--------------------------------------------------
separating paper......
process carried out at separation unit ID: 1513071903
{ recyclable of type P dropped into box....}
Box has ID: 580965610
--------------------------------------------------
separating paper......
process carried out at separation unit ID: 1513071903
{ recyclable of type P dropped into box....}
Box has ID: 580965610
--------------------------------------------------
separating paper......
process carried out at separation unit ID: 1513071903
{ recyclable of type P dropped into box....}
Box has ID: 580965610
--------------------------------------------------
separating paper......
process carried out at separation unit ID: 1513071903
{ recyclable of type P dropped into box....}
Box has ID: 580965610
--------------------------------------------------
separating paper......
process carried out at separation unit ID: 1513071903
{ recyclable of type P dropped into box....}
Box has ID: 580965610
--------------------------------------------------
separating paper......
process carried out at separation unit ID: 1513071903
{ recyclable of type P dropped into box....}
Box has ID: 580965610
--------------------------------------------------
separating paper......
process carried out at separation unit ID: 1513071903
{ recyclable of type P dropped into box....}
Box has ID: 580965610
--------------------------------------------------
separating paper......
process carried out at separation unit ID: 1513071903
{ recyclable of type P dropped into box....}
Box has ID: 580965610
--------------------------------------------------
separating paper......
process carried out at separation unit ID: 1513071903
{ recyclable of type P dropped into box....}
Box has ID: 580965610
--------------------------------------------------
separating paper......
process carried out at separation unit ID: 1513071903
{ recyclable of type P dropped into box....}
Box has ID: 580965610
--------------------------------------------------
separating paper......
process carried out at separation unit ID: 1513071903
{ recyclable of type P dropped into box....}
Box has ID: 580965610
--------------------------------------------------
separating paper......
process carried out at separation unit ID: 1513071903
{ recyclable of type P dropped into box....}
Box has ID: 580965610
--------------------------------------------------
separating paper......
process carried out at separation unit ID: 1513071903
{ recyclable of type P dropped into box....}
Box has ID: 580965610
--------------------------------------------------
separating paper......
process carried out at separation unit ID: 1513071903
{ recyclable of type P dropped into box....}
Box has ID: 580965610
--------------------------------------------------
separating paper......
process carried out at separation unit ID: 1513071903
{ recyclable of type P dropped into box....}
Box has ID: 580965610
--------------------------------------------------
separating paper......
process carried out at separation unit ID: 1513071903
{ recyclable of type P dropped into box....}
Box has ID: 580965610
--------------------------------------------------
separating paper......
process carried out at separation unit ID: 1513071903
{ recyclable of type P dropped into box....}
Box has ID: 580965610
--------------------------------------------------
separating paper......
process carried out at separation unit ID: 1513071903
{ recyclable of type P dropped into box....}
Box has ID: 580965610
--------------------------------------------------
separating paper......
process carried out at separation unit ID: 1513071903
{ recyclable of type P dropped into box....}
Box has ID: 580965610
--------------------------------------------------
separating paper......
process carried out at separation unit ID: 1513071903
{ recyclable of type P dropped into box....}
Box has ID: 580965610
--------------------------------------------------
separating paper......
process carried out at separation unit ID: 1513071903
{ recyclable of type P dropped into box....}
Box has ID: 580965610
--------------------------------------------------
separating paper......
process carried out at separation unit ID: 1513071903
{ recyclable of type P dropped into box....}
Box has ID: 580965610
--------------------------------------------------
separating paper......
process carried out at separation unit ID: 1513071903
{ recyclable of type P dropped into box....}
Box has ID: 580965610
--------------------------------------------------
separating paper......
process carried out at separation unit ID: 1513071903
{ recyclable of type P dropped into box....}
Box has ID: 580965610
--------------------------------------------------
separating paper......
process carried out at separation unit ID: 1513071903
{ recyclable of type P dropped into box....}
Box has ID: 580965610
--------------------------------------------------
separating paper......
process carried out at separation unit ID: 1513071903
{ recyclable of type P dropped into box....}
Box has ID: 580965610
--------------------------------------------------
separating paper......
process carried out at separation unit ID: 1513071903
{ recyclable of type P dropped into box....}
Box has ID: 580965610
--------------------------------------------------
separating paper......
process carried out at separation unit ID: 1513071903
{ recyclable of type P dropped into box....}
Box has ID: 580965610
--------------------------------------------------
separating paper......
process carried out at separation unit ID: 1513071903
{ recyclable of type P dropped into box....}
Box has ID: 580965610
--------------------------------------------------
separating paper......
process carried out at separation unit ID: 1513071903
{ recyclable of type P dropped into box....}
Box has ID: 580965610
--------------------------------------------------
separating paper......
process carried out at separation unit ID: 1513071903
{ recyclable of type P dropped into box....}
Box has ID: 580965610
--------------------------------------------------
separating paper......
process carried out at separation unit ID: 1513071903
{ recyclable of type P dropped into box....}
Box has ID: 580965610
--------------------------------------------------
separating paper......
process carried out at separation unit ID: 1513071903
{ recyclable of type P dropped into box....}
Box has ID: 580965610
--------------------------------------------------
separating paper......
process carried out at separation unit ID: 1513071903
{ recyclable of type P dropped into box....}
Box has ID: 580965610
--------------------------------------------------
separating paper......
process carried out at separation unit ID: 1513071903
{ recyclable of type P dropped into box....}
Box has ID: 580965610
--------------------------------------------------
separating paper......
process carried out at separation unit ID: 1513071903
{ recyclable of type P dropped into box....}
Box has ID: 580965610
--------------------------------------------------
separating paper......
process carried out at separation unit ID: 1513071903
{ recyclable of type P dropped into box....}
Box has ID: 580965610
--------------------------------------------------
separating paper......
process carried out at separation unit ID: 1513071903
{ recyclable of type P dropped into box....}
Box has ID: 580965610
--------------------------------------------------
separating paper......
process carried out at separation unit ID: 1513071903
{ recyclable of type P dropped into box....}
Box has ID: 580965610
--------------------------------------------------
separating paper......
process carried out at separation unit ID: 1513071903
{ recyclable of type P dropped into box....}
Box has ID: 580965610
--------------------------------------------------
separating paper......
process carried out at separation unit ID: 1513071903
{ recyclable of type P dropped into box....}
Box has ID: 580965610
--------------------------------------------------
separating paper......
process carried out at separation unit ID: 1513071903
{ recyclable of type P dropped into box....}
Box has ID: 580965610
--------------------------------------------------
separating paper......
process carried out at separation unit ID: 1513071903
{ recyclable of type P dropped into box....}
Box has ID: 580965610
--------------------------------------------------
separating paper......
process carried out at separation unit ID: 1513071903
{ recyclable of type P dropped into box....}
Box has ID: 580965610
--------------------------------------------------
separating paper......
process carried out at separation unit ID: 1513071903
{ recyclable of type P dropped into box....}
Box has ID: 580965610
--------------------------------------------------
separating paper......
process carried out at separation unit ID: 1513071903
{ recyclable of type P dropped into box....}
Box has ID: 580965610
--------------------------------------------------
separating paper......
process carried out at separation unit ID: 1513071903
{ recyclable of type P dropped into box....}
Box has ID: 580965610
--------------------------------------------------
separating paper......
process carried out at separation unit ID: 1513071903
{ recyclable of type P dropped into box....}
Box has ID: 580965610
--------------------------------------------------
separating paper......
process carried out at separation unit ID: 1513071903
{ recyclable of type P dropped into box....}
Box has ID: 580965610
--------------------------------------------------
separating paper......
process carried out at separation unit ID: 1513071903
{ recyclable of type P dropped into box....}
Box has ID: 580965610
--------------------------------------------------
separating paper......
process carried out at separation unit ID: 1513071903
{ recyclable of type P dropped into box....}
Box has ID: 580965610
--------------------------------------------------
separating paper......
process carried out at separation unit ID: 1513071903
{ recyclable of type P dropped into box....}
Box has ID: 580965610
--------------------------------------------------
separating paper......
process carried out at separation unit ID: 1513071903
{ recyclable of type P dropped into box....}
Box has ID: 580965610
--------------------------------------------------
separating paper......
process carried out at separation unit ID: 1513071903
{ recyclable of type P dropped into box....}
Box has ID: 580965610
--------------------------------------------------
separating paper......
process carried out at separation unit ID: 1513071903
{ recyclable of type P dropped into box....}
Box has ID: 580965610
--------------------------------------------------
separating paper......
process carried out at separation unit ID: 1513071903
{ recyclable of type P dropped into box....}
Box has ID: 580965610
--------------------------------------------------
separating paper......
process carried out at separation unit ID: 1513071903
{ recyclable of type P dropped into box....}
Box has ID: 580965610
--------------------------------------------------
separating paper......
process carried out at separation unit ID: 1513071903
{ recyclable of type P dropped into box....}
Box has ID: 580965610
--------------------------------------------------
separating paper......
process carried out at separation unit ID: 1513071903
{ recyclable of type P dropped into box....}
Box has ID: 580965610
--------------------------------------------------
separating paper......
process carried out at separation unit ID: 1513071903
{ recyclable of type P dropped into box....}
Box has ID: 580965610
--------------------------------------------------
separating paper......
process carried out at separation unit ID: 1513071903
{ recyclable of type P dropped into box....}
Box has ID: 580965610
--------------------------------------------------
separating paper......
process carried out at separation unit ID: 1513071903
{ recyclable of type P dropped into box....}
Box has ID: 580965610
--------------------------------------------------
separating paper......
process carried out at separation unit ID: 1513071903
{ recyclable of type P dropped into box....}
Box has ID: 580965610
--------------------------------------------------
separating paper......
process carried out at separation unit ID: 1513071903
{ recyclable of type P dropped into box....}
Box has ID: 580965610
--------------------------------------------------
separating paper......
process carried out at separation unit ID: 1513071903
{ recyclable of type P dropped into box....}
Box has ID: 580965610
--------------------------------------------------
separating paper......
process carried out at separation unit ID: 1513071903
{ recyclable of type P dropped into box....}
Box has ID: 580965610
--------------------------------------------------
separating paper......
process carried out at separation unit ID: 1513071903
{ recyclable of type P dropped into box....}
Box has ID: 580965610
--------------------------------------------------
separating paper......
process carried out at separation unit ID: 1513071903
{ recyclable of type P dropped into box....}
Box has ID: 580965610
--------------------------------------------------
separating paper......
process carried out at separation unit ID: 1513071903
{ recyclable of type P dropped into box....}
Box has ID: 580965610
--------------------------------------------------
separating paper......
process carried out at separation unit ID: 1513071903
{ recyclable of type P dropped into box....}
Box has ID: 580965610
--------------------------------------------------
separating paper......
process carried out at separation unit ID: 1513071903
{ recyclable of type P dropped into box....}
Box has ID: 580965610
--------------------------------------------------
separating paper......
process carried out at separation unit ID: 1513071903
{ recyclable of type P dropped into box....}
Box has ID: 580965610
--------------------------------------------------
separating paper......
process carried out at separation unit ID: 1513071903
{ recyclable of type P dropped into box....}
Box has ID: 580965610
--------------------------------------------------
separating paper......
process carried out at separation unit ID: 1513071903
{ recyclable of type P dropped into box....}
Box has ID: 580965610
--------------------------------------------------
separating paper......
process carried out at separation unit ID: 1513071903
{ recyclable of type P dropped into box....}
Box has ID: 580965610
--------------------------------------------------
separating paper......
process carried out at separation unit ID: 1513071903
{ recyclable of type P dropped into box....}
Box has ID: 580965610
--------------------------------------------------
separating paper......
process carried out at separation unit ID: 1513071903
{ recyclable of type P dropped into box....}
Box has ID: 580965610
--------------------------------------------------
separating paper......
process carried out at separation unit ID: 1513071903
{ recyclable of type P dropped into box....}
Box has ID: 580965610
--------------------------------------------------
separating paper......
process carried out at separation unit ID: 1513071903
{ recyclable of type P dropped into box....}
Box has ID: 580965610
--------------------------------------------------
separating paper......
process carried out at separation unit ID: 1513071903
{ recyclable of type P dropped into box....}
Box has ID: 580965610
--------------------------------------------------
separating paper......
process carried out at separation unit ID: 1513071903
{ recyclable of type P dropped into box....}
Box has ID: 580965610
--------------------------------------------------
separating paper......
process carried out at separation unit ID: 1513071903
{ recyclable of type P dropped into box....}
Box has ID: 580965610
--------------------------------------------------
separating paper......
process carried out at separation unit ID: 1513071903
{ recyclable of type P dropped into box....}
Box has ID: 580965610
--------------------------------------------------
separating paper......
process carried out at separation unit ID: 1513071903
{ recyclable of type P dropped into box....}
Box has ID: 580965610
--------------------------------------------------
separating paper......
process carried out at separation unit ID: 1513071903
{ recyclable of type P dropped into box....}
Box has ID: 580965610
--------------------------------------------------
separating paper......
process carried out at separation unit ID: 1513071903
{ recyclable of type P dropped into box....}
Box has ID: 580965610
--------------------------------------------------
separating paper......
process carried out at separation unit ID: 1513071903
{ recyclable of type P dropped into box....}
Box has ID: 580965610
--------------------------------------------------
separating paper......
process carried out at separation unit ID: 1513071903
{ recyclable of type P dropped into box....}
Box has ID: 580965610
--------------------------------------------------
separating paper......
process carried out at separation unit ID: 1513071903
{ recyclable of type P dropped into box....}
Box has ID: 580965610
--------------------------------------------------
separating paper......
process carried out at separation unit ID: 1513071903
{ recyclable of type P dropped into box....}
Box has ID: 580965610
--------------------------------------------------
separating paper......
process carried out at separation unit ID: 1513071903
{ recyclable of type P dropped into box....}
Box has ID: 580965610
--------------------------------------------------
separating paper......
process carried out at separation unit ID: 1513071903
{ recyclable of type P dropped into box....}
Box has ID: 580965610
--------------------------------------------------
separating paper......
process carried out at separation unit ID: 1513071903
{ recyclable of type P dropped into box....}
Box has ID: 580965610
--------------------------------------------------
separating paper......
process carried out at separation unit ID: 1513071903
{ recyclable of type P dropped into box....}
Box has ID: 580965610
--------------------------------------------------
separating paper......
process carried out at separation unit ID: 1513071903
{ recyclable of type P dropped into box....}
Box has ID: 580965610
--------------------------------------------------
separating paper......
process carried out at separation unit ID: 1513071903
{ recyclable of type P dropped into box....}
Box has ID: 580965610
--------------------------------------------------
separating paper......
process carried out at separation unit ID: 1513071903
{ recyclable of type P dropped into box....}
Box has ID: 580965610
--------------------------------------------------
separating paper......
process carried out at separation unit ID: 1513071903
{ recyclable of type P dropped into box....}
Box has ID: 580965610
--------------------------------------------------
separating paper......
process carried out at separation unit ID: 1513071903
{ recyclable of type P dropped into box....}
Box has ID: 580965610
--------------------------------------------------
separating paper......
process carried out at separation unit ID: 1513071903
{ recyclable of type P dropped into box....}
Box has ID: 580965610
--------------------------------------------------
separating paper......
process carried out at separation unit ID: 1513071903
{ recyclable of type P dropped into box....}
Box has ID: 580965610
--------------------------------------------------
separating paper......
process carried out at separation unit ID: 1513071903
{ recyclable of type P dropped into box....}
Box has ID: 580965610
--------------------------------------------------
separating paper......
process carried out at separation unit ID: 1513071903
{ recyclable of type P dropped into box....}
Box has ID: 580965610
--------------------------------------------------
separating paper......
process carried out at separation unit ID: 1513071903
{ recyclable of type P dropped into box....}
Box has ID: 580965610
--------------------------------------------------
separating paper......
process carried out at separation unit ID: 1513071903
{ recyclable of type P dropped into box....}
Box has ID: 580965610
--------------------------------------------------
separating paper......
process carried out at separation unit ID: 1513071903
{ recyclable of type P dropped into box....}
Box has ID: 580965610
--------------------------------------------------
separating paper......
process carried out at separation unit ID: 1513071903
{ recyclable of type P dropped into box....}
Box has ID: 580965610
--------------------------------------------------
separating paper......
process carried out at separation unit ID: 1513071903
{ recyclable of type P dropped into box....}
Box has ID: 580965610
--------------------------------------------------
separating paper......
process carried out at separation unit ID: 1513071903
{ recyclable of type P dropped into box....}
Box has ID: 580965610
--------------------------------------------------
separating paper......
process carried out at separation unit ID: 1513071903
{ recyclable of type P dropped into box....}
Box has ID: 580965610
--------------------------------------------------
separating paper......
process carried out at separation unit ID: 1513071903
{ recyclable of type P dropped into box....}
Box has ID: 580965610
--------------------------------------------------
separating paper......
process carried out at separation unit ID: 1513071903
{ recyclable of type P dropped into box....}
Box has ID: 580965610
--------------------------------------------------
separating paper......
process carried out at separation unit ID: 1513071903
{ recyclable of type P dropped into box....}
Box has ID: 580965610
--------------------------------------------------
separating paper......
process carried out at separation unit ID: 1513071903
{ recyclable of type P dropped into box....}
Box has ID: 580965610
--------------------------------------------------
separating paper......
process carried out at separation unit ID: 1513071903
{ recyclable of type P dropped into box....}
Box has ID: 580965610
--------------------------------------------------
separating paper......
process carried out at separation unit ID: 1513071903
{ recyclable of type P dropped into box....}
Box has ID: 580965610
--------------------------------------------------
separating paper......
process carried out at separation unit ID: 1513071903
{ recyclable of type P dropped into box....}
Box has ID: 580965610
--------------------------------------------------
separating paper......
process carried out at separation unit ID: 1513071903
{ recyclable of type P dropped into box....}
Box has ID: 580965610
--------------------------------------------------
separating paper......
process carried out at separation unit ID: 1513071903
{ recyclable of type P dropped into box....}
Box has ID: 580965610
--------------------------------------------------
separating paper......
process carried out at separation unit ID: 1513071903
{ recyclable of type P dropped into box....}
Box has ID: 580965610
--------------------------------------------------
separating paper......
process carried out at separation unit ID: 1513071903
{ recyclable of type P dropped into box....}
Box has ID: 580965610
--------------------------------------------------
separating paper......
process carried out at separation unit ID: 1513071903
{ recyclable of type P dropped into box....}
Box has ID: 580965610
--------------------------------------------------
separating paper......
process carried out at separation unit ID: 1513071903
{ recyclable of type P dropped into box....}
Box has ID: 580965610
--------------------------------------------------
separating paper......
process carried out at separation unit ID: 1513071903
{ recyclable of type P dropped into box....}
Box has ID: 580965610
--------------------------------------------------
separating paper......
process carried out at separation unit ID: 1513071903
{ recyclable of type P dropped into box....}
Box has ID: 580965610
--------------------------------------------------
separating paper......
process carried out at separation unit ID: 1513071903
{ recyclable of type P dropped into box....}
Box has ID: 580965610
--------------------------------------------------
separating paper......
process carried out at separation unit ID: 1513071903
{ recyclable of type P dropped into box....}
Box has ID: 580965610
--------------------------------------------------
separating paper......
process carried out at separation unit ID: 1513071903
{ recyclable of type P dropped into box....}
Box has ID: 580965610
--------------------------------------------------
separating paper......
process carried out at separation unit ID: 1513071903
{ recyclable of type P dropped into box....}
Box has ID: 580965610
--------------------------------------------------
separating paper......
process carried out at separation unit ID: 1513071903
{ recyclable of type P dropped into box....}
Box has ID: 580965610
--------------------------------------------------
separating paper......
process carried out at separation unit ID: 1513071903
{ recyclable of type P dropped into box....}
Box has ID: 580965610
--------------------------------------------------
separating paper......
process carried out at separation unit ID: 1513071903
{ recyclable of type P dropped into box....}
Box has ID: 580965610
--------------------------------------------------
separating paper......
process carried out at separation unit ID: 1513071903
{ recyclable of type P dropped into box....}
Box has ID: 580965610
--------------------------------------------------
separating paper......
process carried out at separation unit ID: 1513071903
{ recyclable of type P dropped into box....}
Box has ID: 580965610
--------------------------------------------------
separating paper......
process carried out at separation unit ID: 1513071903
{ recyclable of type P dropped into box....}
Box has ID: 580965610
--------------------------------------------------
separating paper......
process carried out at separation unit ID: 1513071903
{ recyclable of type P dropped into box....}
Box has ID: 580965610
--------------------------------------------------
separating paper......
process carried out at separation unit ID: 1513071903
{ recyclable of type P dropped into box....}
Box has ID: 580965610
--------------------------------------------------
separating paper......
process carried out at separation unit ID: 1513071903
{ recyclable of type P dropped into box....}
Box has ID: 580965610
--------------------------------------------------
separating paper......
process carried out at separation unit ID: 1513071903
{ recyclable of type P dropped into box....}
Box has ID: 580965610
--------------------------------------------------
separating paper......
process carried out at separation unit ID: 1513071903
{ recyclable of type P dropped into box....}
Box has ID: 580965610
--------------------------------------------------
separating paper......
process carried out at separation unit ID: 1513071903
{ recyclable of type P dropped into box....}
Box has ID: 580965610
--------------------------------------------------
separating paper......
process carried out at separation unit ID: 1513071903
{ recyclable of type P dropped into box....}
Box has ID: 580965610
--------------------------------------------------
separating paper......
process carried out at separation unit ID: 1513071903
{ recyclable of type P dropped into box....}
Box has ID: 580965610
--------------------------------------------------
separating paper......
process carried out at separation unit ID: 1513071903
{ recyclable of type P dropped into box....}
Box has ID: 580965610
--------------------------------------------------
separating paper......
process carried out at separation unit ID: 1513071903
{ recyclable of type P dropped into box....}
Box has ID: 580965610
--------------------------------------------------
separating paper......
process carried out at separation unit ID: 1513071903
{ recyclable of type P dropped into box....}
Box has ID: 580965610
--------------------------------------------------
separating paper......
process carried out at separation unit ID: 1513071903
{ recyclable of type P dropped into box....}
Box has ID: 580965610
--------------------------------------------------
separating paper......
process carried out at separation unit ID: 1513071903
{ recyclable of type P dropped into box....}
Box has ID: 580965610
--------------------------------------------------
separating paper......
process carried out at separation unit ID: 1513071903
{ recyclable of type P dropped into box....}
Box has ID: 580965610
--------------------------------------------------
separating paper......
process carried out at separation unit ID: 1513071903
{ recyclable of type P dropped into box....}
Box has ID: 580965610
--------------------------------------------------
separating paper......
process carried out at separation unit ID: 1513071903
{ recyclable of type P dropped into box....}
Box has ID: 580965610
--------------------------------------------------
separating paper......
process carried out at separation unit ID: 1513071903
{ recyclable of type P dropped into box....}
Box has ID: 580965610
--------------------------------------------------
separating paper......
process carried out at separation unit ID: 1513071903
{ recyclable of type P dropped into box....}
Box has ID: 580965610
--------------------------------------------------
separating paper......
process carried out at separation unit ID: 1513071903
{ recyclable of type P dropped into box....}
Box has ID: 580965610
--------------------------------------------------
separating paper......
process carried out at separation unit ID: 1513071903
{ recyclable of type P dropped into box....}
Box has ID: 580965610
--------------------------------------------------
separating paper......
process carried out at separation unit ID: 1513071903
{ recyclable of type P dropped into box....}
Box has ID: 580965610
--------------------------------------------------
separating paper......
process carried out at separation unit ID: 1513071903
{ recyclable of type P dropped into box....}
Box has ID: 580965610
--------------------------------------------------
separating paper......
process carried out at separation unit ID: 1513071903
{ recyclable of type P dropped into box....}
Box has ID: 580965610
--------------------------------------------------
separating paper......
process carried out at separation unit ID: 1513071903
{ recyclable of type P dropped into box....}
Box has ID: 580965610
--------------------------------------------------
separating paper......
process carried out at separation unit ID: 1513071903
{ recyclable of type P dropped into box....}
Box has ID: 580965610
--------------------------------------------------
separating paper......
process carried out at separation unit ID: 1513071903
{ recyclable of type P dropped into box....}
Box has ID: 580965610
--------------------------------------------------
separating paper......
process carried out at separation unit ID: 1513071903
{ recyclable of type P dropped into box....}
Box has ID: 580965610
--------------------------------------------------
separating paper......
process carried out at separation unit ID: 1513071903
{ recyclable of type P dropped into box....}
Box has ID: 580965610
--------------------------------------------------
separating paper......
process carried out at separation unit ID: 1513071903
{ recyclable of type P dropped into box....}
Box has ID: 580965610
--------------------------------------------------
separating paper......
process carried out at separation unit ID: 1513071903
{ recyclable of type P dropped into box....}
Box has ID: 580965610
--------------------------------------------------
separating paper......
process carried out at separation unit ID: 1513071903
{ recyclable of type P dropped into box....}
Box has ID: 580965610
--------------------------------------------------
separating paper......
process carried out at separation unit ID: 1513071903
{ recyclable of type P dropped into box....}
Box has ID: 580965610
--------------------------------------------------
separating paper......
process carried out at separation unit ID: 1513071903
{ recyclable of type P dropped into box....}
Box has ID: 580965610
--------------------------------------------------
separating paper......
process carried out at separation unit ID: 1513071903
{ recyclable of type P dropped into box....}
Box has ID: 580965610
--------------------------------------------------
separating paper......
process carried out at separation unit ID: 1513071903
{ recyclable of type P dropped into box....}
Box has ID: 580965610
--------------------------------------------------
separating paper......
process carried out at separation unit ID: 1513071903
{ recyclable of type P dropped into box....}
Box has ID: 580965610
--------------------------------------------------
separating paper......
process carried out at separation unit ID: 1513071903
{ recyclable of type P dropped into box....}
Box has ID: 580965610
--------------------------------------------------
separating paper......
process carried out at separation unit ID: 1513071903
{ recyclable of type P dropped into box....}
Box has ID: 580965610
--------------------------------------------------
separating paper......
process carried out at separation unit ID: 1513071903
{ recyclable of type P dropped into box....}
Box has ID: 580965610
--------------------------------------------------
separating paper......
process carried out at separation unit ID: 1513071903
{ recyclable of type P dropped into box....}
Box has ID: 580965610
--------------------------------------------------
separating paper......
process carried out at separation unit ID: 1513071903
{ recyclable of type P dropped into box....}
Box has ID: 580965610
--------------------------------------------------
separating paper......
process carried out at separation unit ID: 1513071903
{ recyclable of type P dropped into box....}
Box has ID: 580965610
--------------------------------------------------
separating paper......
process carried out at separation unit ID: 1513071903
{ recyclable of type P dropped into box....}
Box has ID: 580965610
--------------------------------------------------
separating paper......
process carried out at separation unit ID: 1513071903
{ recyclable of type P dropped into box....}
Box has ID: 580965610
--------------------------------------------------
separating paper......
process carried out at separation unit ID: 1513071903
{ recyclable of type P dropped into box....}
Box has ID: 580965610
--------------------------------------------------
separating paper......
process carried out at separation unit ID: 1513071903
{ recyclable of type P dropped into box....}
Box has ID: 580965610
--------------------------------------------------
separating paper......
process carried out at separation unit ID: 1513071903
{ recyclable of type P dropped into box....}
Box has ID: 580965610
--------------------------------------------------
separating paper......
process carried out at separation unit ID: 1513071903
{ recyclable of type P dropped into box....}
Box has ID: 580965610
--------------------------------------------------
separating paper......
process carried out at separation unit ID: 1513071903
{ recyclable of type P dropped into box....}
Box has ID: 580965610
--------------------------------------------------
separating paper......
process carried out at separation unit ID: 1513071903
{ recyclable of type P dropped into box....}
Box has ID: 580965610
--------------------------------------------------
separating paper......
process carried out at separation unit ID: 1513071903
{ recyclable of type P dropped into box....}
Box has ID: 580965610
--------------------------------------------------
separating paper......
process carried out at separation unit ID: 1513071903
{ recyclable of type P dropped into box....}
Box has ID: 580965610
--------------------------------------------------
separating paper......
process carried out at separation unit ID: 1513071903
{ recyclable of type P dropped into box....}
Box has ID: 580965610
--------------------------------------------------
separating paper......
process carried out at separation unit ID: 1513071903
{ recyclable of type P dropped into box....}
Box has ID: 580965610
--------------------------------------------------
separating paper......
process carried out at separation unit ID: 1513071903
{ recyclable of type P dropped into box....}
Box has ID: 580965610
--------------------------------------------------
separating paper......
process carried out at separation unit ID: 1513071903
{ recyclable of type P dropped into box....}
Box has ID: 580965610
--------------------------------------------------
separating paper......
process carried out at separation unit ID: 1513071903
{ recyclable of type P dropped into box....}
Box has ID: 580965610
--------------------------------------------------
separating paper......
process carried out at separation unit ID: 1513071903
{ recyclable of type P dropped into box....}
Box has ID: 580965610
--------------------------------------------------
separating paper......
process carried out at separation unit ID: 1513071903
{ recyclable of type P dropped into box....}
Box has ID: 580965610
--------------------------------------------------
separating paper......
process carried out at separation unit ID: 1513071903
{ recyclable of type P dropped into box....}
Box has ID: 580965610
--------------------------------------------------
separating paper......
process carried out at separation unit ID: 1513071903
{ recyclable of type P dropped into box....}
Box has ID: 580965610
--------------------------------------------------
separating paper......
process carried out at separation unit ID: 1513071903
{ recyclable of type P dropped into box....}
Box has ID: 580965610
--------------------------------------------------
separating paper......
process carried out at separation unit ID: 1513071903
{ recyclable of type P dropped into box....}
Box has ID: 580965610
--------------------------------------------------
separating paper......
process carried out at separation unit ID: 1513071903
{ recyclable of type P dropped into box....}
Box has ID: 580965610
--------------------------------------------------
separating paper......
process carried out at separation unit ID: 1513071903
{ recyclable of type P dropped into box....}
Box has ID: 580965610
--------------------------------------------------
separating paper......
process carried out at separation unit ID: 1513071903
{ recyclable of type P dropped into box....}
Box has ID: 580965610
--------------------------------------------------
separating paper......
process carried out at separation unit ID: 1513071903
{ recyclable of type P dropped into box....}
Box has ID: 580965610
--------------------------------------------------
separating paper......
process carried out at separation unit ID: 1513071903
{ recyclable of type P dropped into box....}
Box has ID: 580965610
--------------------------------------------------
separating paper......
process carried out at separation unit ID: 1513071903
{ recyclable of type P dropped into box....}
Box has ID: 580965610
--------------------------------------------------
separating paper......
process carried out at separation unit ID: 1513071903
{ recyclable of type P dropped into box....}
Box has ID: 580965610
--------------------------------------------------
separating paper......
process carried out at separation unit ID: 1513071903
{ recyclable of type P dropped into box....}
Box has ID: 580965610
--------------------------------------------------
separating paper......
process carried out at separation unit ID: 1513071903
{ recyclable of type P dropped into box....}
Box has ID: 580965610
--------------------------------------------------
separating paper......
process carried out at separation unit ID: 1513071903
{ recyclable of type P dropped into box....}
Box has ID: 580965610
--------------------------------------------------
separating paper......
process carried out at separation unit ID: 1513071903
{ recyclable of type P dropped into box....}
Box has ID: 580965610
--------------------------------------------------
separating paper......
process carried out at separation unit ID: 1513071903
{ recyclable of type P dropped into box....}
Box has ID: 580965610
--------------------------------------------------
separating paper......
process carried out at separation unit ID: 1513071903
{ recyclable of type P dropped into box....}
Box has ID: 580965610
--------------------------------------------------
separating paper......
process carried out at separation unit ID: 1513071903
{ recyclable of type P dropped into box....}
Box has ID: 580965610
--------------------------------------------------
separating paper......
process carried out at separation unit ID: 1513071903
{ recyclable of type P dropped into box....}
Box has ID: 580965610
--------------------------------------------------
separating paper......
process carried out at separation unit ID: 1513071903
{ recyclable of type P dropped into box....}
Box has ID: 580965610
--------------------------------------------------
separating paper......
process carried out at separation unit ID: 1513071903
{ recyclable of type P dropped into box....}
Box has ID: 580965610
--------------------------------------------------
separating paper......
process carried out at separation unit ID: 1513071903
{ recyclable of type P dropped into box....}
Box has ID: 580965610
--------------------------------------------------
separating paper......
process carried out at separation unit ID: 1513071903
{ recyclable of type P dropped into box....}
Box has ID: 580965610
--------------------------------------------------
separating paper......
process carried out at separation unit ID: 1513071903
{ recyclable of type P dropped into box....}
Box has ID: 580965610
--------------------------------------------------
separating paper......
process carried out at separation unit ID: 1513071903
{ recyclable of type P dropped into box....}
Box has ID: 580965610
--------------------------------------------------
separating paper......
process carried out at separation unit ID: 1513071903
{ recyclable of type P dropped into box....}
Box has ID: 580965610
--------------------------------------------------
separating paper......
process carried out at separation unit ID: 1513071903
{ recyclable of type P dropped into box....}
Box has ID: 580965610
--------------------------------------------------
separating paper......
process carried out at separation unit ID: 1513071903
{ recyclable of type P dropped into box....}
Box has ID: 580965610
--------------------------------------------------
separating paper......
process carried out at separation unit ID: 1513071903
{ recyclable of type P dropped into box....}
Box has ID: 580965610
--------------------------------------------------
separating paper......
process carried out at separation unit ID: 1513071903
{ recyclable of type P dropped into box....}
Box has ID: 580965610
--------------------------------------------------
separating paper......
process carried out at separation unit ID: 1513071903
{ recyclable of type P dropped into box....}
Box has ID: 580965610
--------------------------------------------------
separating paper......
process carried out at separation unit ID: 1513071903
{ recyclable of type P dropped into box....}
Box has ID: 580965610
--------------------------------------------------
separating paper......
process carried out at separation unit ID: 1513071903
{ recyclable of type P dropped into box....}
Box has ID: 580965610
--------------------------------------------------
separating paper......
process carried out at separation unit ID: 1513071903
{ recyclable of type P dropped into box....}
Box has ID: 580965610
--------------------------------------------------
separating paper......
process carried out at separation unit ID: 1513071903
{ recyclable of type P dropped into box....}
Box has ID: 580965610
--------------------------------------------------
separating paper......
process carried out at separation unit ID: 1513071903
{ recyclable of type P dropped into box....}
Box has ID: 580965610
--------------------------------------------------
separating paper......
process carried out at separation unit ID: 1513071903
{ recyclable of type P dropped into box....}
Box has ID: 580965610
--------------------------------------------------
separating paper......
process carried out at separation unit ID: 1513071903
{ recyclable of type P dropped into box....}
Box has ID: 580965610
--------------------------------------------------
separating paper......
process carried out at separation unit ID: 1513071903
{ recyclable of type P dropped into box....}
Box has ID: 580965610
--------------------------------------------------
separating paper......
process carried out at separation unit ID: 1513071903
{ recyclable of type P dropped into box....}
Box has ID: 580965610
--------------------------------------------------
separating paper......
process carried out at separation unit ID: 1513071903
{ recyclable of type P dropped into box....}
Box has ID: 580965610
--------------------------------------------------
separating paper......
process carried out at separation unit ID: 1513071903
{ recyclable of type P dropped into box....}
Box has ID: 580965610
--------------------------------------------------
separating paper......
process carried out at separation unit ID: 1513071903
{ recyclable of type P dropped into box....}
Box has ID: 580965610
--------------------------------------------------
separating paper......
process carried out at separation unit ID: 1513071903
{ recyclable of type P dropped into box....}
Box has ID: 580965610
--------------------------------------------------
separating paper......
process carried out at separation unit ID: 1513071903
{ recyclable of type P dropped into box....}
Box has ID: 580965610
--------------------------------------------------
separating paper......
process carried out at separation unit ID: 1513071903
{ recyclable of type P dropped into box....}
Box has ID: 580965610
--------------------------------------------------
separating paper......
process carried out at separation unit ID: 1513071903
{ recyclable of type P dropped into box....}
Box has ID: 580965610
--------------------------------------------------
separating paper......
process carried out at separation unit ID: 1513071903
{ recyclable of type P dropped into box....}
Box has ID: 580965610
--------------------------------------------------
separating paper......
process carried out at separation unit ID: 1513071903
{ recyclable of type P dropped into box....}
Box has ID: 580965610
--------------------------------------------------
separating paper......
process carried out at separation unit ID: 1513071903
{ recyclable of type P dropped into box....}
Box has ID: 580965610
--------------------------------------------------
separating paper......
process carried out at separation unit ID: 1513071903
{ recyclable of type P dropped into box....}
Box has ID: 580965610
--------------------------------------------------
separating paper......
process carried out at separation unit ID: 1513071903
{ recyclable of type P dropped into box....}
Box has ID: 580965610
--------------------------------------------------
separating paper......
process carried out at separation unit ID: 1513071903
{ recyclable of type P dropped into box....}
Box has ID: 580965610
--------------------------------------------------
separating paper......
process carried out at separation unit ID: 1513071903
{ recyclable of type P dropped into box....}
Box has ID: 580965610
--------------------------------------------------
separating paper......
process carried out at separation unit ID: 1513071903
{ recyclable of type P dropped into box....}
Box has ID: 580965610
--------------------------------------------------
separating paper......
process carried out at separation unit ID: 1513071903
{ recyclable of type P dropped into box....}
Box has ID: 580965610
--------------------------------------------------
separating paper......
process carried out at separation unit ID: 1513071903
{ recyclable of type P dropped into box....}
Box has ID: 580965610
--------------------------------------------------
separating paper......
process carried out at separation unit ID: 1513071903
{ recyclable of type P dropped into box....}
Box has ID: 580965610
--------------------------------------------------
separating paper......
process carried out at separation unit ID: 1513071903
{ recyclable of type P dropped into box....}
Box has ID: 580965610
--------------------------------------------------
separating paper......
process carried out at separation unit ID: 1513071903
{ recyclable of type P dropped into box....}
Box has ID: 580965610
--------------------------------------------------
separating paper......
process carried out at separation unit ID: 1513071903
{ recyclable of type P dropped into box....}
Box has ID: 580965610
--------------------------------------------------
separating paper......
process carried out at separation unit ID: 1513071903
{ recyclable of type P dropped into box....}
Box has ID: 580965610
--------------------------------------------------
separating paper......
process carried out at separation unit ID: 1513071903
{ recyclable of type P dropped into box....}
Box has ID: 580965610
--------------------------------------------------
separating paper......
process carried out at separation unit ID: 1513071903
{ recyclable of type P dropped into box....}
Box has ID: 580965610
--------------------------------------------------
separating paper......
process carried out at separation unit ID: 1513071903
{ recyclable of type P dropped into box....}
Box has ID: 580965610
--------------------------------------------------
separating paper......
process carried out at separation unit ID: 1513071903
{ recyclable of type P dropped into box....}
Box has ID: 580965610
--------------------------------------------------
separating paper......
process carried out at separation unit ID: 1513071903
{ recyclable of type P dropped into box....}
Box has ID: 580965610
--------------------------------------------------
separating paper......
process carried out at separation unit ID: 1513071903
{ recyclable of type P dropped into box....}
Box has ID: 580965610
--------------------------------------------------
separating paper......
process carried out at separation unit ID: 1513071903
{ recyclable of type P dropped into box....}
Box has ID: 580965610
--------------------------------------------------
separating paper......
process carried out at separation unit ID: 1513071903
{ recyclable of type P dropped into box....}
Box has ID: 580965610
--------------------------------------------------
separating paper......
process carried out at separation unit ID: 1513071903
{ recyclable of type P dropped into box....}
Box has ID: 580965610
--------------------------------------------------
separating paper......
process carried out at separation unit ID: 1513071903
{ recyclable of type P dropped into box....}
Box has ID: 580965610
--------------------------------------------------
separating paper......
process carried out at separation unit ID: 1513071903
{ recyclable of type P dropped into box....}
Box has ID: 580965610
--------------------------------------------------
separating paper......
process carried out at separation unit ID: 1513071903
{ recyclable of type P dropped into box....}
Box has ID: 580965610
--------------------------------------------------
separating paper......
process carried out at separation unit ID: 1513071903
{ recyclable of type P dropped into box....}
Box has ID: 580965610
--------------------------------------------------
box hash: 580965610
-----------------------------------------------------------------------------------
-----------------------------------------------------------------------------------
ALARM !!!!!!! BOX with ID 580965610 is full.....
-----------------------------------------------------------------------------------
-----------------------------------------------------------------------------------
box capacity: 1000
worker replaced filled box with ID: 580965610 , with a new box with ID: 1544031987 at process unit: 1513071903

separating paper......
process carried out at separation unit ID: 1513071903
{ recyclable of type P dropped into box....}
Box has ID: 1544031987
--------------------------------------------------
separating paper......
process carried out at separation unit ID: 1513071903
{ recyclable of type P dropped into box....}
Box has ID: 1544031987
--------------------------------------------------
separating paper......
process carried out at separation unit ID: 1513071903
{ recyclable of type P dropped into box....}
Box has ID: 1544031987
--------------------------------------------------
separating paper......
process carried out at separation unit ID: 1513071903
{ recyclable of type P dropped into box....}
Box has ID: 1544031987
--------------------------------------------------
separating paper......
process carried out at separation unit ID: 1513071903
{ recyclable of type P dropped into box....}
Box has ID: 1544031987
--------------------------------------------------
separating paper......
process carried out at separation unit ID: 1513071903
{ recyclable of type P dropped into box....}
Box has ID: 1544031987
--------------------------------------------------
separating paper......
process carried out at separation unit ID: 1513071903
{ recyclable of type P dropped into box....}
Box has ID: 1544031987
--------------------------------------------------
separating paper......
process carried out at separation unit ID: 1513071903
{ recyclable of type P dropped into box....}
Box has ID: 1544031987
--------------------------------------------------
separating paper......
process carried out at separation unit ID: 1513071903
{ recyclable of type P dropped into box....}
Box has ID: 1544031987
--------------------------------------------------
separating paper......
process carried out at separation unit ID: 1513071903
{ recyclable of type P dropped into box....}
Box has ID: 1544031987
--------------------------------------------------
separating paper......
process carried out at separation unit ID: 1513071903
{ recyclable of type P dropped into box....}
Box has ID: 1544031987
--------------------------------------------------
separating paper......
process carried out at separation unit ID: 1513071903
{ recyclable of type P dropped into box....}
Box has ID: 1544031987
--------------------------------------------------
separating paper......
process carried out at separation unit ID: 1513071903
{ recyclable of type P dropped into box....}
Box has ID: 1544031987
--------------------------------------------------
separating paper......
process carried out at separation unit ID: 1513071903
{ recyclable of type P dropped into box....}
Box has ID: 1544031987
--------------------------------------------------
separating paper......
process carried out at separation unit ID: 1513071903
{ recyclable of type P dropped into box....}
Box has ID: 1544031987
--------------------------------------------------
separating paper......
process carried out at separation unit ID: 1513071903
{ recyclable of type P dropped into box....}
Box has ID: 1544031987
--------------------------------------------------
separating paper......
process carried out at separation unit ID: 1513071903
{ recyclable of type P dropped into box....}
Box has ID: 1544031987
--------------------------------------------------
separating paper......
process carried out at separation unit ID: 1513071903
{ recyclable of type P dropped into box....}
Box has ID: 1544031987
--------------------------------------------------
separating paper......
process carried out at separation unit ID: 1513071903
{ recyclable of type P dropped into box....}
Box has ID: 1544031987
--------------------------------------------------
separating paper......
process carried out at separation unit ID: 1513071903
{ recyclable of type P dropped into box....}
Box has ID: 1544031987
--------------------------------------------------
separating paper......
process carried out at separation unit ID: 1513071903
{ recyclable of type P dropped into box....}
Box has ID: 1544031987
--------------------------------------------------
separating paper......
process carried out at separation unit ID: 1513071903
{ recyclable of type P dropped into box....}
Box has ID: 1544031987
--------------------------------------------------
separating paper......
process carried out at separation unit ID: 1513071903
{ recyclable of type P dropped into box....}
Box has ID: 1544031987
--------------------------------------------------
separating paper......
process carried out at separation unit ID: 1513071903
{ recyclable of type P dropped into box....}
Box has ID: 1544031987
--------------------------------------------------
separating paper......
process carried out at separation unit ID: 1513071903
{ recyclable of type P dropped into box....}
Box has ID: 1544031987
--------------------------------------------------
separating paper......
process carried out at separation unit ID: 1513071903
{ recyclable of type P dropped into box....}
Box has ID: 1544031987
--------------------------------------------------
separating paper......
process carried out at separation unit ID: 1513071903
{ recyclable of type P dropped into box....}
Box has ID: 1544031987
--------------------------------------------------
separating paper......
process carried out at separation unit ID: 1513071903
{ recyclable of type P dropped into box....}
Box has ID: 1544031987
--------------------------------------------------
separating paper......
process carried out at separation unit ID: 1513071903
{ recyclable of type P dropped into box....}
Box has ID: 1544031987
--------------------------------------------------
separating paper......
process carried out at separation unit ID: 1513071903
{ recyclable of type P dropped into box....}
Box has ID: 1544031987
--------------------------------------------------
separating paper......
process carried out at separation unit ID: 1513071903
{ recyclable of type P dropped into box....}
Box has ID: 1544031987
--------------------------------------------------
separating paper......
process carried out at separation unit ID: 1513071903
{ recyclable of type P dropped into box....}
Box has ID: 1544031987
--------------------------------------------------
separating paper......
process carried out at separation unit ID: 1513071903
{ recyclable of type P dropped into box....}
Box has ID: 1544031987
--------------------------------------------------
separating paper......
process carried out at separation unit ID: 1513071903
{ recyclable of type P dropped into box....}
Box has ID: 1544031987
--------------------------------------------------
separating paper......
process carried out at separation unit ID: 1513071903
{ recyclable of type P dropped into box....}
Box has ID: 1544031987
--------------------------------------------------
separating paper......
process carried out at separation unit ID: 1513071903
{ recyclable of type P dropped into box....}
Box has ID: 1544031987
--------------------------------------------------
separating paper......
process carried out at separation unit ID: 1513071903
{ recyclable of type P dropped into box....}
Box has ID: 1544031987
--------------------------------------------------
separating paper......
process carried out at separation unit ID: 1513071903
{ recyclable of type P dropped into box....}
Box has ID: 1544031987
--------------------------------------------------
separating paper......
process carried out at separation unit ID: 1513071903
{ recyclable of type P dropped into box....}
Box has ID: 1544031987
--------------------------------------------------
separating paper......
process carried out at separation unit ID: 1513071903
{ recyclable of type P dropped into box....}
Box has ID: 1544031987
--------------------------------------------------
separating paper......
process carried out at separation unit ID: 1513071903
{ recyclable of type P dropped into box....}
Box has ID: 1544031987
--------------------------------------------------
separating paper......
process carried out at separation unit ID: 1513071903
{ recyclable of type P dropped into box....}
Box has ID: 1544031987
--------------------------------------------------
separating paper......
process carried out at separation unit ID: 1513071903
{ recyclable of type P dropped into box....}
Box has ID: 1544031987
--------------------------------------------------
separating paper......
process carried out at separation unit ID: 1513071903
{ recyclable of type P dropped into box....}
Box has ID: 1544031987
--------------------------------------------------
separating paper......
process carried out at separation unit ID: 1513071903
{ recyclable of type P dropped into box....}
Box has ID: 1544031987
--------------------------------------------------
separating paper......
process carried out at separation unit ID: 1513071903
{ recyclable of type P dropped into box....}
Box has ID: 1544031987
--------------------------------------------------
separating paper......
process carried out at separation unit ID: 1513071903
{ recyclable of type P dropped into box....}
Box has ID: 1544031987
--------------------------------------------------
separating paper......
process carried out at separation unit ID: 1513071903
{ recyclable of type P dropped into box....}
Box has ID: 1544031987
--------------------------------------------------
separating paper......
process carried out at separation unit ID: 1513071903
{ recyclable of type P dropped into box....}
Box has ID: 1544031987
--------------------------------------------------
separating paper......
process carried out at separation unit ID: 1513071903
{ recyclable of type P dropped into box....}
Box has ID: 1544031987
--------------------------------------------------
separating paper......
process carried out at separation unit ID: 1513071903
{ recyclable of type P dropped into box....}
Box has ID: 1544031987
--------------------------------------------------
separating paper......
process carried out at separation unit ID: 1513071903
{ recyclable of type P dropped into box....}
Box has ID: 1544031987
--------------------------------------------------
separating paper......
process carried out at separation unit ID: 1513071903
{ recyclable of type P dropped into box....}
Box has ID: 1544031987
--------------------------------------------------
separating paper......
process carried out at separation unit ID: 1513071903
{ recyclable of type P dropped into box....}
Box has ID: 1544031987
--------------------------------------------------
separating paper......
process carried out at separation unit ID: 1513071903
{ recyclable of type P dropped into box....}
Box has ID: 1544031987
--------------------------------------------------
separating paper......
process carried out at separation unit ID: 1513071903
{ recyclable of type P dropped into box....}
Box has ID: 1544031987
--------------------------------------------------
separating paper......
process carried out at separation unit ID: 1513071903
{ recyclable of type P dropped into box....}
Box has ID: 1544031987
--------------------------------------------------
separating paper......
process carried out at separation unit ID: 1513071903
{ recyclable of type P dropped into box....}
Box has ID: 1544031987
--------------------------------------------------
separating paper......
process carried out at separation unit ID: 1513071903
{ recyclable of type P dropped into box....}
Box has ID: 1544031987
--------------------------------------------------
separating paper......
process carried out at separation unit ID: 1513071903
{ recyclable of type P dropped into box....}
Box has ID: 1544031987
--------------------------------------------------
separating paper......
process carried out at separation unit ID: 1513071903
{ recyclable of type P dropped into box....}
Box has ID: 1544031987
--------------------------------------------------
separating paper......
process carried out at separation unit ID: 1513071903
{ recyclable of type P dropped into box....}
Box has ID: 1544031987
--------------------------------------------------
separating paper......
process carried out at separation unit ID: 1513071903
{ recyclable of type P dropped into box....}
Box has ID: 1544031987
--------------------------------------------------
separating paper......
process carried out at separation unit ID: 1513071903
{ recyclable of type P dropped into box....}
Box has ID: 1544031987
--------------------------------------------------
separating paper......
process carried out at separation unit ID: 1513071903
{ recyclable of type P dropped into box....}
Box has ID: 1544031987
--------------------------------------------------
separating paper......
process carried out at separation unit ID: 1513071903
{ recyclable of type P dropped into box....}
Box has ID: 1544031987
--------------------------------------------------
separating paper......
process carried out at separation unit ID: 1513071903
{ recyclable of type P dropped into box....}
Box has ID: 1544031987
--------------------------------------------------
separating paper......
process carried out at separation unit ID: 1513071903
{ recyclable of type P dropped into box....}
Box has ID: 1544031987
--------------------------------------------------
separating paper......
process carried out at separation unit ID: 1513071903
{ recyclable of type P dropped into box....}
Box has ID: 1544031987
--------------------------------------------------
separating paper......
process carried out at separation unit ID: 1513071903
{ recyclable of type P dropped into box....}
Box has ID: 1544031987
--------------------------------------------------
separating paper......
process carried out at separation unit ID: 1513071903
{ recyclable of type P dropped into box....}
Box has ID: 1544031987
--------------------------------------------------
separating paper......
process carried out at separation unit ID: 1513071903
{ recyclable of type P dropped into box....}
Box has ID: 1544031987
--------------------------------------------------
separating paper......
process carried out at separation unit ID: 1513071903
{ recyclable of type P dropped into box....}
Box has ID: 1544031987
--------------------------------------------------
separating paper......
process carried out at separation unit ID: 1513071903
{ recyclable of type P dropped into box....}
Box has ID: 1544031987
--------------------------------------------------
separating paper......
process carried out at separation unit ID: 1513071903
{ recyclable of type P dropped into box....}
Box has ID: 1544031987
--------------------------------------------------
separating paper......
process carried out at separation unit ID: 1513071903
{ recyclable of type P dropped into box....}
Box has ID: 1544031987
--------------------------------------------------
separating paper......
process carried out at separation unit ID: 1513071903
{ recyclable of type P dropped into box....}
Box has ID: 1544031987
--------------------------------------------------
separating paper......
process carried out at separation unit ID: 1513071903
{ recyclable of type P dropped into box....}
Box has ID: 1544031987
--------------------------------------------------
separating paper......
process carried out at separation unit ID: 1513071903
{ recyclable of type P dropped into box....}
Box has ID: 1544031987
--------------------------------------------------
separating paper......
process carried out at separation unit ID: 1513071903
{ recyclable of type P dropped into box....}
Box has ID: 1544031987
--------------------------------------------------
separating paper......
process carried out at separation unit ID: 1513071903
{ recyclable of type P dropped into box....}
Box has ID: 1544031987
--------------------------------------------------
separating paper......
process carried out at separation unit ID: 1513071903
{ recyclable of type P dropped into box....}
Box has ID: 1544031987
--------------------------------------------------
separating paper......
process carried out at separation unit ID: 1513071903
{ recyclable of type P dropped into box....}
Box has ID: 1544031987
--------------------------------------------------
separating paper......
process carried out at separation unit ID: 1513071903
{ recyclable of type P dropped into box....}
Box has ID: 1544031987
--------------------------------------------------
separating paper......
process carried out at separation unit ID: 1513071903
{ recyclable of type P dropped into box....}
Box has ID: 1544031987
--------------------------------------------------
separating paper......
process carried out at separation unit ID: 1513071903
{ recyclable of type P dropped into box....}
Box has ID: 1544031987
--------------------------------------------------
separating paper......
process carried out at separation unit ID: 1513071903
{ recyclable of type P dropped into box....}
Box has ID: 1544031987
--------------------------------------------------
separating paper......
process carried out at separation unit ID: 1513071903
{ recyclable of type P dropped into box....}
Box has ID: 1544031987
--------------------------------------------------
separating paper......
process carried out at separation unit ID: 1513071903
{ recyclable of type P dropped into box....}
Box has ID: 1544031987
--------------------------------------------------
separating paper......
process carried out at separation unit ID: 1513071903
{ recyclable of type P dropped into box....}
Box has ID: 1544031987
--------------------------------------------------
separating paper......
process carried out at separation unit ID: 1513071903
{ recyclable of type P dropped into box....}
Box has ID: 1544031987
--------------------------------------------------
separating paper......
process carried out at separation unit ID: 1513071903
{ recyclable of type P dropped into box....}
Box has ID: 1544031987
--------------------------------------------------
separating paper......
process carried out at separation unit ID: 1513071903
{ recyclable of type P dropped into box....}
Box has ID: 1544031987
--------------------------------------------------
separating paper......
process carried out at separation unit ID: 1513071903
{ recyclable of type P dropped into box....}
Box has ID: 1544031987
--------------------------------------------------
separating paper......
process carried out at separation unit ID: 1513071903
{ recyclable of type P dropped into box....}
Box has ID: 1544031987
--------------------------------------------------
separating paper......
process carried out at separation unit ID: 1513071903
{ recyclable of type P dropped into box....}
Box has ID: 1544031987
--------------------------------------------------
separating paper......
process carried out at separation unit ID: 1513071903
{ recyclable of type P dropped into box....}
Box has ID: 1544031987
--------------------------------------------------
separating paper......
process carried out at separation unit ID: 1513071903
{ recyclable of type P dropped into box....}
Box has ID: 1544031987
--------------------------------------------------
separating paper......
process carried out at separation unit ID: 1513071903
{ recyclable of type P dropped into box....}
Box has ID: 1544031987
--------------------------------------------------
separating paper......
process carried out at separation unit ID: 1513071903
{ recyclable of type P dropped into box....}
Box has ID: 1544031987
--------------------------------------------------
separating paper......
process carried out at separation unit ID: 1513071903
{ recyclable of type P dropped into box....}
Box has ID: 1544031987
--------------------------------------------------
separating paper......
process carried out at separation unit ID: 1513071903
{ recyclable of type P dropped into box....}
Box has ID: 1544031987
--------------------------------------------------
separating paper......
process carried out at separation unit ID: 1513071903
{ recyclable of type P dropped into box....}
Box has ID: 1544031987
--------------------------------------------------
separating paper......
process carried out at separation unit ID: 1513071903
{ recyclable of type P dropped into box....}
Box has ID: 1544031987
--------------------------------------------------
separating paper......
process carried out at separation unit ID: 1513071903
{ recyclable of type P dropped into box....}
Box has ID: 1544031987
--------------------------------------------------
separating paper......
process carried out at separation unit ID: 1513071903
{ recyclable of type P dropped into box....}
Box has ID: 1544031987
--------------------------------------------------
separating paper......
process carried out at separation unit ID: 1513071903
{ recyclable of type P dropped into box....}
Box has ID: 1544031987
--------------------------------------------------
separating paper......
process carried out at separation unit ID: 1513071903
{ recyclable of type P dropped into box....}
Box has ID: 1544031987
--------------------------------------------------
separating paper......
process carried out at separation unit ID: 1513071903
{ recyclable of type P dropped into box....}
Box has ID: 1544031987
--------------------------------------------------
separating paper......
process carried out at separation unit ID: 1513071903
{ recyclable of type P dropped into box....}
Box has ID: 1544031987
--------------------------------------------------
separating paper......
process carried out at separation unit ID: 1513071903
{ recyclable of type P dropped into box....}
Box has ID: 1544031987
--------------------------------------------------
separating paper......
process carried out at separation unit ID: 1513071903
{ recyclable of type P dropped into box....}
Box has ID: 1544031987
--------------------------------------------------
separating paper......
process carried out at separation unit ID: 1513071903
{ recyclable of type P dropped into box....}
Box has ID: 1544031987
--------------------------------------------------
separating paper......
process carried out at separation unit ID: 1513071903
{ recyclable of type P dropped into box....}
Box has ID: 1544031987
--------------------------------------------------
separating paper......
process carried out at separation unit ID: 1513071903
{ recyclable of type P dropped into box....}
Box has ID: 1544031987
--------------------------------------------------
separating paper......
process carried out at separation unit ID: 1513071903
{ recyclable of type P dropped into box....}
Box has ID: 1544031987
--------------------------------------------------
separating paper......
process carried out at separation unit ID: 1513071903
{ recyclable of type P dropped into box....}
Box has ID: 1544031987
--------------------------------------------------
separating paper......
process carried out at separation unit ID: 1513071903
{ recyclable of type P dropped into box....}
Box has ID: 1544031987
--------------------------------------------------
separating paper......
process carried out at separation unit ID: 1513071903
{ recyclable of type P dropped into box....}
Box has ID: 1544031987
--------------------------------------------------
separating paper......
process carried out at separation unit ID: 1513071903
{ recyclable of type P dropped into box....}
Box has ID: 1544031987
--------------------------------------------------
separating paper......
process carried out at separation unit ID: 1513071903
{ recyclable of type P dropped into box....}
Box has ID: 1544031987
--------------------------------------------------
separating paper......
process carried out at separation unit ID: 1513071903
{ recyclable of type P dropped into box....}
Box has ID: 1544031987
--------------------------------------------------
separating paper......
process carried out at separation unit ID: 1513071903
{ recyclable of type P dropped into box....}
Box has ID: 1544031987
--------------------------------------------------
separating paper......
process carried out at separation unit ID: 1513071903
{ recyclable of type P dropped into box....}
Box has ID: 1544031987
--------------------------------------------------
separating paper......
process carried out at separation unit ID: 1513071903
{ recyclable of type P dropped into box....}
Box has ID: 1544031987
--------------------------------------------------
separating paper......
process carried out at separation unit ID: 1513071903
{ recyclable of type P dropped into box....}
Box has ID: 1544031987
--------------------------------------------------
separating paper......
process carried out at separation unit ID: 1513071903
{ recyclable of type P dropped into box....}
Box has ID: 1544031987
--------------------------------------------------
separating paper......
process carried out at separation unit ID: 1513071903
{ recyclable of type P dropped into box....}
Box has ID: 1544031987
--------------------------------------------------
separating paper......
process carried out at separation unit ID: 1513071903
{ recyclable of type P dropped into box....}
Box has ID: 1544031987
--------------------------------------------------
separating paper......
process carried out at separation unit ID: 1513071903
{ recyclable of type P dropped into box....}
Box has ID: 1544031987
--------------------------------------------------
separating paper......
process carried out at separation unit ID: 1513071903
{ recyclable of type P dropped into box....}
Box has ID: 1544031987
--------------------------------------------------
separating paper......
process carried out at separation unit ID: 1513071903
{ recyclable of type P dropped into box....}
Box has ID: 1544031987
--------------------------------------------------
separating paper......
process carried out at separation unit ID: 1513071903
{ recyclable of type P dropped into box....}
Box has ID: 1544031987
--------------------------------------------------
separating paper......
process carried out at separation unit ID: 1513071903
{ recyclable of type P dropped into box....}
Box has ID: 1544031987
--------------------------------------------------
separating paper......
process carried out at separation unit ID: 1513071903
{ recyclable of type P dropped into box....}
Box has ID: 1544031987
--------------------------------------------------
separating paper......
process carried out at separation unit ID: 1513071903
{ recyclable of type P dropped into box....}
Box has ID: 1544031987
--------------------------------------------------
separating paper......
process carried out at separation unit ID: 1513071903
{ recyclable of type P dropped into box....}
Box has ID: 1544031987
--------------------------------------------------
separating paper......
process carried out at separation unit ID: 1513071903
{ recyclable of type P dropped into box....}
Box has ID: 1544031987
--------------------------------------------------
separating paper......
process carried out at separation unit ID: 1513071903
{ recyclable of type P dropped into box....}
Box has ID: 1544031987
--------------------------------------------------
separating paper......
process carried out at separation unit ID: 1513071903
{ recyclable of type P dropped into box....}
Box has ID: 1544031987
--------------------------------------------------
separating paper......
process carried out at separation unit ID: 1513071903
{ recyclable of type P dropped into box....}
Box has ID: 1544031987
--------------------------------------------------
separating paper......
process carried out at separation unit ID: 1513071903
{ recyclable of type P dropped into box....}
Box has ID: 1544031987
--------------------------------------------------
separating paper......
process carried out at separation unit ID: 1513071903
{ recyclable of type P dropped into box....}
Box has ID: 1544031987
--------------------------------------------------
separating paper......
process carried out at separation unit ID: 1513071903
{ recyclable of type P dropped into box....}
Box has ID: 1544031987
--------------------------------------------------
separating paper......
process carried out at separation unit ID: 1513071903
{ recyclable of type P dropped into box....}
Box has ID: 1544031987
--------------------------------------------------
separating paper......
process carried out at separation unit ID: 1513071903
{ recyclable of type P dropped into box....}
Box has ID: 1544031987
--------------------------------------------------
separating paper......
process carried out at separation unit ID: 1513071903
{ recyclable of type P dropped into box....}
Box has ID: 1544031987
--------------------------------------------------
separating paper......
process carried out at separation unit ID: 1513071903
{ recyclable of type P dropped into box....}
Box has ID: 1544031987
--------------------------------------------------
separating paper......
process carried out at separation unit ID: 1513071903
{ recyclable of type P dropped into box....}
Box has ID: 1544031987
--------------------------------------------------
separating paper......
process carried out at separation unit ID: 1513071903
{ recyclable of type P dropped into box....}
Box has ID: 1544031987
--------------------------------------------------
separating paper......
process carried out at separation unit ID: 1513071903
{ recyclable of type P dropped into box....}
Box has ID: 1544031987
--------------------------------------------------
separating paper......
process carried out at separation unit ID: 1513071903
{ recyclable of type P dropped into box....}
Box has ID: 1544031987
--------------------------------------------------
separating paper......
process carried out at separation unit ID: 1513071903
{ recyclable of type P dropped into box....}
Box has ID: 1544031987
--------------------------------------------------
separating paper......
process carried out at separation unit ID: 1513071903
{ recyclable of type P dropped into box....}
Box has ID: 1544031987
--------------------------------------------------
separating paper......
process carried out at separation unit ID: 1513071903
{ recyclable of type P dropped into box....}
Box has ID: 1544031987
--------------------------------------------------
separating paper......
process carried out at separation unit ID: 1513071903
{ recyclable of type P dropped into box....}
Box has ID: 1544031987
--------------------------------------------------
separating paper......
process carried out at separation unit ID: 1513071903
{ recyclable of type P dropped into box....}
Box has ID: 1544031987
--------------------------------------------------
separating paper......
process carried out at separation unit ID: 1513071903
{ recyclable of type P dropped into box....}
Box has ID: 1544031987
--------------------------------------------------
separating paper......
process carried out at separation unit ID: 1513071903
{ recyclable of type P dropped into box....}
Box has ID: 1544031987
--------------------------------------------------
separating paper......
process carried out at separation unit ID: 1513071903
{ recyclable of type P dropped into box....}
Box has ID: 1544031987
--------------------------------------------------
separating paper......
process carried out at separation unit ID: 1513071903
{ recyclable of type P dropped into box....}
Box has ID: 1544031987
--------------------------------------------------
separating paper......
process carried out at separation unit ID: 1513071903
{ recyclable of type P dropped into box....}
Box has ID: 1544031987
--------------------------------------------------
separating paper......
process carried out at separation unit ID: 1513071903
{ recyclable of type P dropped into box....}
Box has ID: 1544031987
--------------------------------------------------
separating paper......
process carried out at separation unit ID: 1513071903
{ recyclable of type P dropped into box....}
Box has ID: 1544031987
--------------------------------------------------
separating paper......
process carried out at separation unit ID: 1513071903
{ recyclable of type P dropped into box....}
Box has ID: 1544031987
--------------------------------------------------
separating paper......
process carried out at separation unit ID: 1513071903
{ recyclable of type P dropped into box....}
Box has ID: 1544031987
--------------------------------------------------
separating paper......
process carried out at separation unit ID: 1513071903
{ recyclable of type P dropped into box....}
Box has ID: 1544031987
--------------------------------------------------
separating paper......
process carried out at separation unit ID: 1513071903
{ recyclable of type P dropped into box....}
Box has ID: 1544031987
--------------------------------------------------
separating paper......
process carried out at separation unit ID: 1513071903
{ recyclable of type P dropped into box....}
Box has ID: 1544031987
--------------------------------------------------
separating paper......
process carried out at separation unit ID: 1513071903
{ recyclable of type P dropped into box....}
Box has ID: 1544031987
--------------------------------------------------
separating paper......
process carried out at separation unit ID: 1513071903
{ recyclable of type P dropped into box....}
Box has ID: 1544031987
--------------------------------------------------
separating paper......
process carried out at separation unit ID: 1513071903
{ recyclable of type P dropped into box....}
Box has ID: 1544031987
--------------------------------------------------
separating paper......
process carried out at separation unit ID: 1513071903
{ recyclable of type P dropped into box....}
Box has ID: 1544031987
--------------------------------------------------
separating paper......
process carried out at separation unit ID: 1513071903
{ recyclable of type P dropped into box....}
Box has ID: 1544031987
--------------------------------------------------
separating paper......
process carried out at separation unit ID: 1513071903
{ recyclable of type P dropped into box....}
Box has ID: 1544031987
--------------------------------------------------
separating paper......
process carried out at separation unit ID: 1513071903
{ recyclable of type P dropped into box....}
Box has ID: 1544031987
--------------------------------------------------
separating paper......
process carried out at separation unit ID: 1513071903
{ recyclable of type P dropped into box....}
Box has ID: 1544031987
--------------------------------------------------
separating paper......
process carried out at separation unit ID: 1513071903
{ recyclable of type P dropped into box....}
Box has ID: 1544031987
--------------------------------------------------
separating paper......
process carried out at separation unit ID: 1513071903
{ recyclable of type P dropped into box....}
Box has ID: 1544031987
--------------------------------------------------
separating paper......
process carried out at separation unit ID: 1513071903
{ recyclable of type P dropped into box....}
Box has ID: 1544031987
--------------------------------------------------
separating paper......
process carried out at separation unit ID: 1513071903
{ recyclable of type P dropped into box....}
Box has ID: 1544031987
--------------------------------------------------
separating paper......
process carried out at separation unit ID: 1513071903
{ recyclable of type P dropped into box....}
Box has ID: 1544031987
--------------------------------------------------
separating paper......
process carried out at separation unit ID: 1513071903
{ recyclable of type P dropped into box....}
Box has ID: 1544031987
--------------------------------------------------
separating paper......
process carried out at separation unit ID: 1513071903
{ recyclable of type P dropped into box....}
Box has ID: 1544031987
--------------------------------------------------
separating paper......
process carried out at separation unit ID: 1513071903
{ recyclable of type P dropped into box....}
Box has ID: 1544031987
--------------------------------------------------
separating paper......
process carried out at separation unit ID: 1513071903
{ recyclable of type P dropped into box....}
Box has ID: 1544031987
--------------------------------------------------
separating paper......
process carried out at separation unit ID: 1513071903
{ recyclable of type P dropped into box....}
Box has ID: 1544031987
--------------------------------------------------
separating paper......
process carried out at separation unit ID: 1513071903
{ recyclable of type P dropped into box....}
Box has ID: 1544031987
--------------------------------------------------
separating paper......
process carried out at separation unit ID: 1513071903
{ recyclable of type P dropped into box....}
Box has ID: 1544031987
--------------------------------------------------
separating paper......
process carried out at separation unit ID: 1513071903
{ recyclable of type P dropped into box....}
Box has ID: 1544031987
--------------------------------------------------
separating paper......
process carried out at separation unit ID: 1513071903
{ recyclable of type P dropped into box....}
Box has ID: 1544031987
--------------------------------------------------
separating paper......
process carried out at separation unit ID: 1513071903
{ recyclable of type P dropped into box....}
Box has ID: 1544031987
--------------------------------------------------
separating paper......
process carried out at separation unit ID: 1513071903
{ recyclable of type P dropped into box....}
Box has ID: 1544031987
--------------------------------------------------
separating paper......
process carried out at separation unit ID: 1513071903
{ recyclable of type P dropped into box....}
Box has ID: 1544031987
--------------------------------------------------
separating paper......
process carried out at separation unit ID: 1513071903
{ recyclable of type P dropped into box....}
Box has ID: 1544031987
--------------------------------------------------
separating paper......
process carried out at separation unit ID: 1513071903
{ recyclable of type P dropped into box....}
Box has ID: 1544031987
--------------------------------------------------
separating paper......
process carried out at separation unit ID: 1513071903
{ recyclable of type P dropped into box....}
Box has ID: 1544031987
--------------------------------------------------
separating paper......
process carried out at separation unit ID: 1513071903
{ recyclable of type P dropped into box....}
Box has ID: 1544031987
--------------------------------------------------
separating paper......
process carried out at separation unit ID: 1513071903
{ recyclable of type P dropped into box....}
Box has ID: 1544031987
--------------------------------------------------
separating paper......
process carried out at separation unit ID: 1513071903
{ recyclable of type P dropped into box....}
Box has ID: 1544031987
--------------------------------------------------
separating paper......
process carried out at separation unit ID: 1513071903
{ recyclable of type P dropped into box....}
Box has ID: 1544031987
--------------------------------------------------
separating paper......
process carried out at separation unit ID: 1513071903
{ recyclable of type P dropped into box....}
Box has ID: 1544031987
--------------------------------------------------
separating paper......
process carried out at separation unit ID: 1513071903
{ recyclable of type P dropped into box....}
Box has ID: 1544031987
--------------------------------------------------
separating paper......
process carried out at separation unit ID: 1513071903
{ recyclable of type P dropped into box....}
Box has ID: 1544031987
--------------------------------------------------
separating paper......
process carried out at separation unit ID: 1513071903
{ recyclable of type P dropped into box....}
Box has ID: 1544031987
--------------------------------------------------
separating paper......
process carried out at separation unit ID: 1513071903
{ recyclable of type P dropped into box....}
Box has ID: 1544031987
--------------------------------------------------
separating paper......
process carried out at separation unit ID: 1513071903
{ recyclable of type P dropped into box....}
Box has ID: 1544031987
--------------------------------------------------
separating paper......
process carried out at separation unit ID: 1513071903
{ recyclable of type P dropped into box....}
Box has ID: 1544031987
--------------------------------------------------
separating paper......
process carried out at separation unit ID: 1513071903
{ recyclable of type P dropped into box....}
Box has ID: 1544031987
--------------------------------------------------
separating paper......
process carried out at separation unit ID: 1513071903
{ recyclable of type P dropped into box....}
Box has ID: 1544031987
--------------------------------------------------
separating paper......
process carried out at separation unit ID: 1513071903
{ recyclable of type P dropped into box....}
Box has ID: 1544031987
--------------------------------------------------
separating paper......
process carried out at separation unit ID: 1513071903
{ recyclable of type P dropped into box....}
Box has ID: 1544031987
--------------------------------------------------
separating paper......
process carried out at separation unit ID: 1513071903
{ recyclable of type P dropped into box....}
Box has ID: 1544031987
--------------------------------------------------
separating paper......
process carried out at separation unit ID: 1513071903
{ recyclable of type P dropped into box....}
Box has ID: 1544031987
--------------------------------------------------
separating paper......
process carried out at separation unit ID: 1513071903
{ recyclable of type P dropped into box....}
Box has ID: 1544031987
--------------------------------------------------
separating paper......
process carried out at separation unit ID: 1513071903
{ recyclable of type P dropped into box....}
Box has ID: 1544031987
--------------------------------------------------
separating paper......
process carried out at separation unit ID: 1513071903
{ recyclable of type P dropped into box....}
Box has ID: 1544031987
--------------------------------------------------
separating paper......
process carried out at separation unit ID: 1513071903
{ recyclable of type P dropped into box....}
Box has ID: 1544031987
--------------------------------------------------
separating paper......
process carried out at separation unit ID: 1513071903
{ recyclable of type P dropped into box....}
Box has ID: 1544031987
--------------------------------------------------
separating paper......
process carried out at separation unit ID: 1513071903
{ recyclable of type P dropped into box....}
Box has ID: 1544031987
--------------------------------------------------
separating paper......
process carried out at separation unit ID: 1513071903
{ recyclable of type P dropped into box....}
Box has ID: 1544031987
--------------------------------------------------
separating paper......
process carried out at separation unit ID: 1513071903
{ recyclable of type P dropped into box....}
Box has ID: 1544031987
--------------------------------------------------
separating paper......
process carried out at separation unit ID: 1513071903
{ recyclable of type P dropped into box....}
Box has ID: 1544031987
--------------------------------------------------
separating paper......
process carried out at separation unit ID: 1513071903
{ recyclable of type P dropped into box....}
Box has ID: 1544031987
--------------------------------------------------
separating paper......
process carried out at separation unit ID: 1513071903
{ recyclable of type P dropped into box....}
Box has ID: 1544031987
--------------------------------------------------
separating paper......
process carried out at separation unit ID: 1513071903
{ recyclable of type P dropped into box....}
Box has ID: 1544031987
--------------------------------------------------
separating paper......
process carried out at separation unit ID: 1513071903
{ recyclable of type P dropped into box....}
Box has ID: 1544031987
--------------------------------------------------
separating paper......
process carried out at separation unit ID: 1513071903
{ recyclable of type P dropped into box....}
Box has ID: 1544031987
--------------------------------------------------
separating paper......
process carried out at separation unit ID: 1513071903
{ recyclable of type P dropped into box....}
Box has ID: 1544031987
--------------------------------------------------
separating paper......
process carried out at separation unit ID: 1513071903
{ recyclable of type P dropped into box....}
Box has ID: 1544031987
--------------------------------------------------
separating paper......
process carried out at separation unit ID: 1513071903
{ recyclable of type P dropped into box....}
Box has ID: 1544031987
--------------------------------------------------
separating paper......
process carried out at separation unit ID: 1513071903
{ recyclable of type P dropped into box....}
Box has ID: 1544031987
--------------------------------------------------
separating paper......
process carried out at separation unit ID: 1513071903
{ recyclable of type P dropped into box....}
Box has ID: 1544031987
--------------------------------------------------
separating paper......
process carried out at separation unit ID: 1513071903
{ recyclable of type P dropped into box....}
Box has ID: 1544031987
--------------------------------------------------
separating paper......
process carried out at separation unit ID: 1513071903
{ recyclable of type P dropped into box....}
Box has ID: 1544031987
--------------------------------------------------
separating paper......
process carried out at separation unit ID: 1513071903
{ recyclable of type P dropped into box....}
Box has ID: 1544031987
--------------------------------------------------
separating paper......
process carried out at separation unit ID: 1513071903
{ recyclable of type P dropped into box....}
Box has ID: 1544031987
--------------------------------------------------
separating paper......
process carried out at separation unit ID: 1513071903
{ recyclable of type P dropped into box....}
Box has ID: 1544031987
--------------------------------------------------
separating paper......
process carried out at separation unit ID: 1513071903
{ recyclable of type P dropped into box....}
Box has ID: 1544031987
--------------------------------------------------
separating paper......
process carried out at separation unit ID: 1513071903
{ recyclable of type P dropped into box....}
Box has ID: 1544031987
--------------------------------------------------
separating paper......
process carried out at separation unit ID: 1513071903
{ recyclable of type P dropped into box....}
Box has ID: 1544031987
--------------------------------------------------
separating paper......
process carried out at separation unit ID: 1513071903
{ recyclable of type P dropped into box....}
Box has ID: 1544031987
--------------------------------------------------
separating paper......
process carried out at separation unit ID: 1513071903
{ recyclable of type P dropped into box....}
Box has ID: 1544031987
--------------------------------------------------
separating paper......
process carried out at separation unit ID: 1513071903
{ recyclable of type P dropped into box....}
Box has ID: 1544031987
--------------------------------------------------
separating paper......
process carried out at separation unit ID: 1513071903
{ recyclable of type P dropped into box....}
Box has ID: 1544031987
--------------------------------------------------
separating paper......
process carried out at separation unit ID: 1513071903
{ recyclable of type P dropped into box....}
Box has ID: 1544031987
--------------------------------------------------
separating paper......
process carried out at separation unit ID: 1513071903
{ recyclable of type P dropped into box....}
Box has ID: 1544031987
--------------------------------------------------
separating paper......
process carried out at separation unit ID: 1513071903
{ recyclable of type P dropped into box....}
Box has ID: 1544031987
--------------------------------------------------
separating paper......
process carried out at separation unit ID: 1513071903
{ recyclable of type P dropped into box....}
Box has ID: 1544031987
--------------------------------------------------
separating paper......
process carried out at separation unit ID: 1513071903
{ recyclable of type P dropped into box....}
Box has ID: 1544031987
--------------------------------------------------
separating paper......
process carried out at separation unit ID: 1513071903
{ recyclable of type P dropped into box....}
Box has ID: 1544031987
--------------------------------------------------
separating paper......
process carried out at separation unit ID: 1513071903
{ recyclable of type P dropped into box....}
Box has ID: 1544031987
--------------------------------------------------
separating paper......
process carried out at separation unit ID: 1513071903
{ recyclable of type P dropped into box....}
Box has ID: 1544031987
--------------------------------------------------
separating paper......
process carried out at separation unit ID: 1513071903
{ recyclable of type P dropped into box....}
Box has ID: 1544031987
--------------------------------------------------
separating paper......
process carried out at separation unit ID: 1513071903
{ recyclable of type P dropped into box....}
Box has ID: 1544031987
--------------------------------------------------
separating paper......
process carried out at separation unit ID: 1513071903
{ recyclable of type P dropped into box....}
Box has ID: 1544031987
--------------------------------------------------
separating paper......
process carried out at separation unit ID: 1513071903
{ recyclable of type P dropped into box....}
Box has ID: 1544031987
--------------------------------------------------
separating paper......
process carried out at separation unit ID: 1513071903
{ recyclable of type P dropped into box....}
Box has ID: 1544031987
--------------------------------------------------
separating paper......
process carried out at separation unit ID: 1513071903
{ recyclable of type P dropped into box....}
Box has ID: 1544031987
--------------------------------------------------
separating paper......
process carried out at separation unit ID: 1513071903
{ recyclable of type P dropped into box....}
Box has ID: 1544031987
--------------------------------------------------
separating paper......
process carried out at separation unit ID: 1513071903
{ recyclable of type P dropped into box....}
Box has ID: 1544031987
--------------------------------------------------
separating paper......
process carried out at separation unit ID: 1513071903
{ recyclable of type P dropped into box....}
Box has ID: 1544031987
--------------------------------------------------
separating paper......
process carried out at separation unit ID: 1513071903
{ recyclable of type P dropped into box....}
Box has ID: 1544031987
--------------------------------------------------
separating paper......
process carried out at separation unit ID: 1513071903
{ recyclable of type P dropped into box....}
Box has ID: 1544031987
--------------------------------------------------
separating paper......
process carried out at separation unit ID: 1513071903
{ recyclable of type P dropped into box....}
Box has ID: 1544031987
--------------------------------------------------
separating paper......
process carried out at separation unit ID: 1513071903
{ recyclable of type P dropped into box....}
Box has ID: 1544031987
--------------------------------------------------
separating paper......
process carried out at separation unit ID: 1513071903
{ recyclable of type P dropped into box....}
Box has ID: 1544031987
--------------------------------------------------
separating paper......
process carried out at separation unit ID: 1513071903
{ recyclable of type P dropped into box....}
Box has ID: 1544031987
--------------------------------------------------
separating paper......
process carried out at separation unit ID: 1513071903
{ recyclable of type P dropped into box....}
Box has ID: 1544031987
--------------------------------------------------
separating paper......
process carried out at separation unit ID: 1513071903
{ recyclable of type P dropped into box....}
Box has ID: 1544031987
--------------------------------------------------
separating paper......
process carried out at separation unit ID: 1513071903
{ recyclable of type P dropped into box....}
Box has ID: 1544031987
--------------------------------------------------
separating paper......
process carried out at separation unit ID: 1513071903
{ recyclable of type P dropped into box....}
Box has ID: 1544031987
--------------------------------------------------
separating paper......
process carried out at separation unit ID: 1513071903
{ recyclable of type P dropped into box....}
Box has ID: 1544031987
--------------------------------------------------
separating paper......
process carried out at separation unit ID: 1513071903
{ recyclable of type P dropped into box....}
Box has ID: 1544031987
--------------------------------------------------
separating paper......
process carried out at separation unit ID: 1513071903
{ recyclable of type P dropped into box....}
Box has ID: 1544031987
--------------------------------------------------
separating paper......
process carried out at separation unit ID: 1513071903
{ recyclable of type P dropped into box....}
Box has ID: 1544031987
--------------------------------------------------
separating paper......
process carried out at separation unit ID: 1513071903
{ recyclable of type P dropped into box....}
Box has ID: 1544031987
--------------------------------------------------
separating paper......
process carried out at separation unit ID: 1513071903
{ recyclable of type P dropped into box....}
Box has ID: 1544031987
--------------------------------------------------
separating paper......
process carried out at separation unit ID: 1513071903
{ recyclable of type P dropped into box....}
Box has ID: 1544031987
--------------------------------------------------
separating paper......
process carried out at separation unit ID: 1513071903
{ recyclable of type P dropped into box....}
Box has ID: 1544031987
--------------------------------------------------
separating paper......
process carried out at separation unit ID: 1513071903
{ recyclable of type P dropped into box....}
Box has ID: 1544031987
--------------------------------------------------
separating paper......
process carried out at separation unit ID: 1513071903
{ recyclable of type P dropped into box....}
Box has ID: 1544031987
--------------------------------------------------
separating paper......
process carried out at separation unit ID: 1513071903
{ recyclable of type P dropped into box....}
Box has ID: 1544031987
--------------------------------------------------
separating paper......
process carried out at separation unit ID: 1513071903
{ recyclable of type P dropped into box....}
Box has ID: 1544031987
--------------------------------------------------
separating paper......
process carried out at separation unit ID: 1513071903
{ recyclable of type P dropped into box....}
Box has ID: 1544031987
--------------------------------------------------
separating paper......
process carried out at separation unit ID: 1513071903
{ recyclable of type P dropped into box....}
Box has ID: 1544031987
--------------------------------------------------
separating paper......
process carried out at separation unit ID: 1513071903
{ recyclable of type P dropped into box....}
Box has ID: 1544031987
--------------------------------------------------
separating paper......
process carried out at separation unit ID: 1513071903
{ recyclable of type P dropped into box....}
Box has ID: 1544031987
--------------------------------------------------
separating paper......
process carried out at separation unit ID: 1513071903
{ recyclable of type P dropped into box....}
Box has ID: 1544031987
--------------------------------------------------
separating paper......
process carried out at separation unit ID: 1513071903
{ recyclable of type P dropped into box....}
Box has ID: 1544031987
--------------------------------------------------
separating paper......
process carried out at separation unit ID: 1513071903
{ recyclable of type P dropped into box....}
Box has ID: 1544031987
--------------------------------------------------
separating paper......
process carried out at separation unit ID: 1513071903
{ recyclable of type P dropped into box....}
Box has ID: 1544031987
--------------------------------------------------
separating paper......
process carried out at separation unit ID: 1513071903
{ recyclable of type P dropped into box....}
Box has ID: 1544031987
--------------------------------------------------
separating paper......
process carried out at separation unit ID: 1513071903
{ recyclable of type P dropped into box....}
Box has ID: 1544031987
--------------------------------------------------
separating paper......
process carried out at separation unit ID: 1513071903
{ recyclable of type P dropped into box....}
Box has ID: 1544031987
--------------------------------------------------
separating paper......
process carried out at separation unit ID: 1513071903
{ recyclable of type P dropped into box....}
Box has ID: 1544031987
--------------------------------------------------
separating paper......
process carried out at separation unit ID: 1513071903
{ recyclable of type P dropped into box....}
Box has ID: 1544031987
--------------------------------------------------
separating paper......
process carried out at separation unit ID: 1513071903
{ recyclable of type P dropped into box....}
Box has ID: 1544031987
--------------------------------------------------
separating paper......
process carried out at separation unit ID: 1513071903
{ recyclable of type P dropped into box....}
Box has ID: 1544031987
--------------------------------------------------
separating paper......
process carried out at separation unit ID: 1513071903
{ recyclable of type P dropped into box....}
Box has ID: 1544031987
--------------------------------------------------
separating paper......
process carried out at separation unit ID: 1513071903
{ recyclable of type P dropped into box....}
Box has ID: 1544031987
--------------------------------------------------
separating paper......
process carried out at separation unit ID: 1513071903
{ recyclable of type P dropped into box....}
Box has ID: 1544031987
--------------------------------------------------
separating paper......
process carried out at separation unit ID: 1513071903
{ recyclable of type P dropped into box....}
Box has ID: 1544031987
--------------------------------------------------
separating paper......
process carried out at separation unit ID: 1513071903
{ recyclable of type P dropped into box....}
Box has ID: 1544031987
--------------------------------------------------
separating paper......
process carried out at separation unit ID: 1513071903
{ recyclable of type P dropped into box....}
Box has ID: 1544031987
--------------------------------------------------
separating paper......
process carried out at separation unit ID: 1513071903
{ recyclable of type P dropped into box....}
Box has ID: 1544031987
--------------------------------------------------
separating paper......
process carried out at separation unit ID: 1513071903
{ recyclable of type P dropped into box....}
Box has ID: 1544031987
--------------------------------------------------
separating paper......
process carried out at separation unit ID: 1513071903
{ recyclable of type P dropped into box....}
Box has ID: 1544031987
--------------------------------------------------
separating paper......
process carried out at separation unit ID: 1513071903
{ recyclable of type P dropped into box....}
Box has ID: 1544031987
--------------------------------------------------
separating paper......
process carried out at separation unit ID: 1513071903
{ recyclable of type P dropped into box....}
Box has ID: 1544031987
--------------------------------------------------
separating paper......
process carried out at separation unit ID: 1513071903
{ recyclable of type P dropped into box....}
Box has ID: 1544031987
--------------------------------------------------
separating paper......
process carried out at separation unit ID: 1513071903
{ recyclable of type P dropped into box....}
Box has ID: 1544031987
--------------------------------------------------
separating paper......
process carried out at separation unit ID: 1513071903
{ recyclable of type P dropped into box....}
Box has ID: 1544031987
--------------------------------------------------
separating paper......
process carried out at separation unit ID: 1513071903
{ recyclable of type P dropped into box....}
Box has ID: 1544031987
--------------------------------------------------
separating paper......
process carried out at separation unit ID: 1513071903
{ recyclable of type P dropped into box....}
Box has ID: 1544031987
--------------------------------------------------
separating paper......
process carried out at separation unit ID: 1513071903
{ recyclable of type P dropped into box....}
Box has ID: 1544031987
--------------------------------------------------
separating paper......
process carried out at separation unit ID: 1513071903
{ recyclable of type P dropped into box....}
Box has ID: 1544031987
--------------------------------------------------
separating paper......
process carried out at separation unit ID: 1513071903
{ recyclable of type P dropped into box....}
Box has ID: 1544031987
--------------------------------------------------
separating paper......
process carried out at separation unit ID: 1513071903
{ recyclable of type P dropped into box....}
Box has ID: 1544031987
--------------------------------------------------
separating paper......
process carried out at separation unit ID: 1513071903
{ recyclable of type P dropped into box....}
Box has ID: 1544031987
--------------------------------------------------
separating paper......
process carried out at separation unit ID: 1513071903
{ recyclable of type P dropped into box....}
Box has ID: 1544031987
--------------------------------------------------
separating paper......
process carried out at separation unit ID: 1513071903
{ recyclable of type P dropped into box....}
Box has ID: 1544031987
--------------------------------------------------
separating paper......
process carried out at separation unit ID: 1513071903
{ recyclable of type P dropped into box....}
Box has ID: 1544031987
--------------------------------------------------
separating paper......
process carried out at separation unit ID: 1513071903
{ recyclable of type P dropped into box....}
Box has ID: 1544031987
--------------------------------------------------
separating paper......
process carried out at separation unit ID: 1513071903
{ recyclable of type P dropped into box....}
Box has ID: 1544031987
--------------------------------------------------
separating paper......
process carried out at separation unit ID: 1513071903
{ recyclable of type P dropped into box....}
Box has ID: 1544031987
--------------------------------------------------
separating paper......
process carried out at separation unit ID: 1513071903
{ recyclable of type P dropped into box....}
Box has ID: 1544031987
--------------------------------------------------
separating paper......
process carried out at separation unit ID: 1513071903
{ recyclable of type P dropped into box....}
Box has ID: 1544031987
--------------------------------------------------
separating paper......
process carried out at separation unit ID: 1513071903
{ recyclable of type P dropped into box....}
Box has ID: 1544031987
--------------------------------------------------
separating paper......
process carried out at separation unit ID: 1513071903
{ recyclable of type P dropped into box....}
Box has ID: 1544031987
--------------------------------------------------
separating paper......
process carried out at separation unit ID: 1513071903
{ recyclable of type P dropped into box....}
Box has ID: 1544031987
--------------------------------------------------
separating paper......
process carried out at separation unit ID: 1513071903
{ recyclable of type P dropped into box....}
Box has ID: 1544031987
--------------------------------------------------
separating paper......
process carried out at separation unit ID: 1513071903
{ recyclable of type P dropped into box....}
Box has ID: 1544031987
--------------------------------------------------
separating paper......
process carried out at separation unit ID: 1513071903
{ recyclable of type P dropped into box....}
Box has ID: 1544031987
--------------------------------------------------
separating paper......
process carried out at separation unit ID: 1513071903
{ recyclable of type P dropped into box....}
Box has ID: 1544031987
--------------------------------------------------
separating paper......
process carried out at separation unit ID: 1513071903
{ recyclable of type P dropped into box....}
Box has ID: 1544031987
--------------------------------------------------
separating paper......
process carried out at separation unit ID: 1513071903
{ recyclable of type P dropped into box....}
Box has ID: 1544031987
--------------------------------------------------
separating paper......
process carried out at separation unit ID: 1513071903
{ recyclable of type P dropped into box....}
Box has ID: 1544031987
--------------------------------------------------
separating paper......
process carried out at separation unit ID: 1513071903
{ recyclable of type P dropped into box....}
Box has ID: 1544031987
--------------------------------------------------
separating paper......
process carried out at separation unit ID: 1513071903
{ recyclable of type P dropped into box....}
Box has ID: 1544031987
--------------------------------------------------
separating paper......
process carried out at separation unit ID: 1513071903
{ recyclable of type P dropped into box....}
Box has ID: 1544031987
--------------------------------------------------
separating paper......
process carried out at separation unit ID: 1513071903
{ recyclable of type P dropped into box....}
Box has ID: 1544031987
--------------------------------------------------
separating paper......
process carried out at separation unit ID: 1513071903
{ recyclable of type P dropped into box....}
Box has ID: 1544031987
--------------------------------------------------
separating paper......
process carried out at separation unit ID: 1513071903
{ recyclable of type P dropped into box....}
Box has ID: 1544031987
--------------------------------------------------
separating paper......
process carried out at separation unit ID: 1513071903
{ recyclable of type P dropped into box....}
Box has ID: 1544031987
--------------------------------------------------
separating paper......
process carried out at separation unit ID: 1513071903
{ recyclable of type P dropped into box....}
Box has ID: 1544031987
--------------------------------------------------
separating paper......
process carried out at separation unit ID: 1513071903
{ recyclable of type P dropped into box....}
Box has ID: 1544031987
--------------------------------------------------
separating paper......
process carried out at separation unit ID: 1513071903
{ recyclable of type P dropped into box....}
Box has ID: 1544031987
--------------------------------------------------
separating paper......
process carried out at separation unit ID: 1513071903
{ recyclable of type P dropped into box....}
Box has ID: 1544031987
--------------------------------------------------
separating paper......
process carried out at separation unit ID: 1513071903
{ recyclable of type P dropped into box....}
Box has ID: 1544031987
--------------------------------------------------
separating paper......
process carried out at separation unit ID: 1513071903
{ recyclable of type P dropped into box....}
Box has ID: 1544031987
--------------------------------------------------
separating paper......
process carried out at separation unit ID: 1513071903
{ recyclable of type P dropped into box....}
Box has ID: 1544031987
--------------------------------------------------
separating paper......
process carried out at separation unit ID: 1513071903
{ recyclable of type P dropped into box....}
Box has ID: 1544031987
--------------------------------------------------
separating paper......
process carried out at separation unit ID: 1513071903
{ recyclable of type P dropped into box....}
Box has ID: 1544031987
--------------------------------------------------
separating paper......
process carried out at separation unit ID: 1513071903
{ recyclable of type P dropped into box....}
Box has ID: 1544031987
--------------------------------------------------
separating paper......
process carried out at separation unit ID: 1513071903
{ recyclable of type P dropped into box....}
Box has ID: 1544031987
--------------------------------------------------
separating paper......
process carried out at separation unit ID: 1513071903
{ recyclable of type P dropped into box....}
Box has ID: 1544031987
--------------------------------------------------
separating paper......
process carried out at separation unit ID: 1513071903
{ recyclable of type P dropped into box....}
Box has ID: 1544031987
--------------------------------------------------
separating paper......
process carried out at separation unit ID: 1513071903
{ recyclable of type P dropped into box....}
Box has ID: 1544031987
--------------------------------------------------
separating paper......
process carried out at separation unit ID: 1513071903
{ recyclable of type P dropped into box....}
Box has ID: 1544031987
--------------------------------------------------
separating paper......
process carried out at separation unit ID: 1513071903
{ recyclable of type P dropped into box....}
Box has ID: 1544031987
--------------------------------------------------
separating paper......
process carried out at separation unit ID: 1513071903
{ recyclable of type P dropped into box....}
Box has ID: 1544031987
--------------------------------------------------
separating paper......
process carried out at separation unit ID: 1513071903
{ recyclable of type P dropped into box....}
Box has ID: 1544031987
--------------------------------------------------
separating paper......
process carried out at separation unit ID: 1513071903
{ recyclable of type P dropped into box....}
Box has ID: 1544031987
--------------------------------------------------
separating paper......
process carried out at separation unit ID: 1513071903
{ recyclable of type P dropped into box....}
Box has ID: 1544031987
--------------------------------------------------
separating paper......
process carried out at separation unit ID: 1513071903
{ recyclable of type P dropped into box....}
Box has ID: 1544031987
--------------------------------------------------
separating paper......
process carried out at separation unit ID: 1513071903
{ recyclable of type P dropped into box....}
Box has ID: 1544031987
--------------------------------------------------
separating paper......
process carried out at separation unit ID: 1513071903
{ recyclable of type P dropped into box....}
Box has ID: 1544031987
--------------------------------------------------
separating paper......
process carried out at separation unit ID: 1513071903
{ recyclable of type P dropped into box....}
Box has ID: 1544031987
--------------------------------------------------
separating paper......
process carried out at separation unit ID: 1513071903
{ recyclable of type P dropped into box....}
Box has ID: 1544031987
--------------------------------------------------
separating paper......
process carried out at separation unit ID: 1513071903
{ recyclable of type P dropped into box....}
Box has ID: 1544031987
--------------------------------------------------
separating paper......
process carried out at separation unit ID: 1513071903
{ recyclable of type P dropped into box....}
Box has ID: 1544031987
--------------------------------------------------
separating paper......
process carried out at separation unit ID: 1513071903
{ recyclable of type P dropped into box....}
Box has ID: 1544031987
--------------------------------------------------
separating paper......
process carried out at separation unit ID: 1513071903
{ recyclable of type P dropped into box....}
Box has ID: 1544031987
--------------------------------------------------
separating paper......
process carried out at separation unit ID: 1513071903
{ recyclable of type P dropped into box....}
Box has ID: 1544031987
--------------------------------------------------
separating paper......
process carried out at separation unit ID: 1513071903
{ recyclable of type P dropped into box....}
Box has ID: 1544031987
--------------------------------------------------
separating paper......
process carried out at separation unit ID: 1513071903
{ recyclable of type P dropped into box....}
Box has ID: 1544031987
--------------------------------------------------
separating paper......
process carried out at separation unit ID: 1513071903
{ recyclable of type P dropped into box....}
Box has ID: 1544031987
--------------------------------------------------
separating paper......
process carried out at separation unit ID: 1513071903
{ recyclable of type P dropped into box....}
Box has ID: 1544031987
--------------------------------------------------
separating paper......
process carried out at separation unit ID: 1513071903
{ recyclable of type P dropped into box....}
Box has ID: 1544031987
--------------------------------------------------
separating paper......
process carried out at separation unit ID: 1513071903
{ recyclable of type P dropped into box....}
Box has ID: 1544031987
--------------------------------------------------
separating paper......
process carried out at separation unit ID: 1513071903
{ recyclable of type P dropped into box....}
Box has ID: 1544031987
--------------------------------------------------
separating paper......
process carried out at separation unit ID: 1513071903
{ recyclable of type P dropped into box....}
Box has ID: 1544031987
--------------------------------------------------
separating paper......
process carried out at separation unit ID: 1513071903
{ recyclable of type P dropped into box....}
Box has ID: 1544031987
--------------------------------------------------
separating paper......
process carried out at separation unit ID: 1513071903
{ recyclable of type P dropped into box....}
Box has ID: 1544031987
--------------------------------------------------
separating paper......
process carried out at separation unit ID: 1513071903
{ recyclable of type P dropped into box....}
Box has ID: 1544031987
--------------------------------------------------
separating paper......
process carried out at separation unit ID: 1513071903
{ recyclable of type P dropped into box....}
Box has ID: 1544031987
--------------------------------------------------
separating paper......
process carried out at separation unit ID: 1513071903
{ recyclable of type P dropped into box....}
Box has ID: 1544031987
--------------------------------------------------
separating paper......
process carried out at separation unit ID: 1513071903
{ recyclable of type P dropped into box....}
Box has ID: 1544031987
--------------------------------------------------
separating paper......
process carried out at separation unit ID: 1513071903
{ recyclable of type P dropped into box....}
Box has ID: 1544031987
--------------------------------------------------
separating paper......
process carried out at separation unit ID: 1513071903
{ recyclable of type P dropped into box....}
Box has ID: 1544031987
--------------------------------------------------
separating paper......
process carried out at separation unit ID: 1513071903
{ recyclable of type P dropped into box....}
Box has ID: 1544031987
--------------------------------------------------
separating paper......
process carried out at separation unit ID: 1513071903
{ recyclable of type P dropped into box....}
Box has ID: 1544031987
--------------------------------------------------
separating paper......
process carried out at separation unit ID: 1513071903
{ recyclable of type P dropped into box....}
Box has ID: 1544031987
--------------------------------------------------
separating paper......
process carried out at separation unit ID: 1513071903
{ recyclable of type P dropped into box....}
Box has ID: 1544031987
--------------------------------------------------
separating paper......
process carried out at separation unit ID: 1513071903
{ recyclable of type P dropped into box....}
Box has ID: 1544031987
--------------------------------------------------
separating paper......
process carried out at separation unit ID: 1513071903
{ recyclable of type P dropped into box....}
Box has ID: 1544031987
--------------------------------------------------
separating paper......
process carried out at separation unit ID: 1513071903
{ recyclable of type P dropped into box....}
Box has ID: 1544031987
--------------------------------------------------
separating paper......
process carried out at separation unit ID: 1513071903
{ recyclable of type P dropped into box....}
Box has ID: 1544031987
--------------------------------------------------
separating paper......
process carried out at separation unit ID: 1513071903
{ recyclable of type P dropped into box....}
Box has ID: 1544031987
--------------------------------------------------
separating paper......
process carried out at separation unit ID: 1513071903
{ recyclable of type P dropped into box....}
Box has ID: 1544031987
--------------------------------------------------
separating paper......
process carried out at separation unit ID: 1513071903
{ recyclable of type P dropped into box....}
Box has ID: 1544031987
--------------------------------------------------
separating paper......
process carried out at separation unit ID: 1513071903
{ recyclable of type P dropped into box....}
Box has ID: 1544031987
--------------------------------------------------
separating paper......
process carried out at separation unit ID: 1513071903
{ recyclable of type P dropped into box....}
Box has ID: 1544031987
--------------------------------------------------
separating paper......
process carried out at separation unit ID: 1513071903
{ recyclable of type P dropped into box....}
Box has ID: 1544031987
--------------------------------------------------
separating paper......
process carried out at separation unit ID: 1513071903
{ recyclable of type P dropped into box....}
Box has ID: 1544031987
--------------------------------------------------
separating paper......
process carried out at separation unit ID: 1513071903
{ recyclable of type P dropped into box....}
Box has ID: 1544031987
--------------------------------------------------
separating paper......
process carried out at separation unit ID: 1513071903
{ recyclable of type P dropped into box....}
Box has ID: 1544031987
--------------------------------------------------
separating paper......
process carried out at separation unit ID: 1513071903
{ recyclable of type P dropped into box....}
Box has ID: 1544031987
--------------------------------------------------
separating paper......
process carried out at separation unit ID: 1513071903
{ recyclable of type P dropped into box....}
Box has ID: 1544031987
--------------------------------------------------
separating paper......
process carried out at separation unit ID: 1513071903
{ recyclable of type P dropped into box....}
Box has ID: 1544031987
--------------------------------------------------
separating paper......
process carried out at separation unit ID: 1513071903
{ recyclable of type P dropped into box....}
Box has ID: 1544031987
--------------------------------------------------
separating paper......
process carried out at separation unit ID: 1513071903
{ recyclable of type P dropped into box....}
Box has ID: 1544031987
--------------------------------------------------
separating paper......
process carried out at separation unit ID: 1513071903
{ recyclable of type P dropped into box....}
Box has ID: 1544031987
--------------------------------------------------
separating paper......
process carried out at separation unit ID: 1513071903
{ recyclable of type P dropped into box....}
Box has ID: 1544031987
--------------------------------------------------
separating paper......
process carried out at separation unit ID: 1513071903
{ recyclable of type P dropped into box....}
Box has ID: 1544031987
--------------------------------------------------
separating paper......
process carried out at separation unit ID: 1513071903
{ recyclable of type P dropped into box....}
Box has ID: 1544031987
--------------------------------------------------
separating paper......
process carried out at separation unit ID: 1513071903
{ recyclable of type P dropped into box....}
Box has ID: 1544031987
--------------------------------------------------
separating paper......
process carried out at separation unit ID: 1513071903
{ recyclable of type P dropped into box....}
Box has ID: 1544031987
--------------------------------------------------
separating paper......
process carried out at separation unit ID: 1513071903
{ recyclable of type P dropped into box....}
Box has ID: 1544031987
--------------------------------------------------
separating paper......
process carried out at separation unit ID: 1513071903
{ recyclable of type P dropped into box....}
Box has ID: 1544031987
--------------------------------------------------
separating paper......
process carried out at separation unit ID: 1513071903
{ recyclable of type P dropped into box....}
Box has ID: 1544031987
--------------------------------------------------
separating paper......
process carried out at separation unit ID: 1513071903
{ recyclable of type P dropped into box....}
Box has ID: 1544031987
--------------------------------------------------
separating paper......
process carried out at separation unit ID: 1513071903
{ recyclable of type P dropped into box....}
Box has ID: 1544031987
--------------------------------------------------
separating paper......
process carried out at separation unit ID: 1513071903
{ recyclable of type P dropped into box....}
Box has ID: 1544031987
--------------------------------------------------
separating paper......
process carried out at separation unit ID: 1513071903
{ recyclable of type P dropped into box....}
Box has ID: 1544031987
--------------------------------------------------
separating paper......
process carried out at separation unit ID: 1513071903
{ recyclable of type P dropped into box....}
Box has ID: 1544031987
--------------------------------------------------
separating paper......
process carried out at separation unit ID: 1513071903
{ recyclable of type P dropped into box....}
Box has ID: 1544031987
--------------------------------------------------
separating paper......
process carried out at separation unit ID: 1513071903
{ recyclable of type P dropped into box....}
Box has ID: 1544031987
--------------------------------------------------
separating paper......
process carried out at separation unit ID: 1513071903
{ recyclable of type P dropped into box....}
Box has ID: 1544031987
--------------------------------------------------
separating paper......
process carried out at separation unit ID: 1513071903
{ recyclable of type P dropped into box....}
Box has ID: 1544031987
--------------------------------------------------
separating paper......
process carried out at separation unit ID: 1513071903
{ recyclable of type P dropped into box....}
Box has ID: 1544031987
--------------------------------------------------
separating paper......
process carried out at separation unit ID: 1513071903
{ recyclable of type P dropped into box....}
Box has ID: 1544031987
--------------------------------------------------
separating paper......
process carried out at separation unit ID: 1513071903
{ recyclable of type P dropped into box....}
Box has ID: 1544031987
--------------------------------------------------
separating paper......
process carried out at separation unit ID: 1513071903
{ recyclable of type P dropped into box....}
Box has ID: 1544031987
--------------------------------------------------
separating paper......
process carried out at separation unit ID: 1513071903
{ recyclable of type P dropped into box....}
Box has ID: 1544031987
--------------------------------------------------
separating paper......
process carried out at separation unit ID: 1513071903
{ recyclable of type P dropped into box....}
Box has ID: 1544031987
--------------------------------------------------
separating paper......
process carried out at separation unit ID: 1513071903
{ recyclable of type P dropped into box....}
Box has ID: 1544031987
--------------------------------------------------
separating paper......
process carried out at separation unit ID: 1513071903
{ recyclable of type P dropped into box....}
Box has ID: 1544031987
--------------------------------------------------
separating paper......
process carried out at separation unit ID: 1513071903
{ recyclable of type P dropped into box....}
Box has ID: 1544031987
--------------------------------------------------
separating paper......
process carried out at separation unit ID: 1513071903
{ recyclable of type P dropped into box....}
Box has ID: 1544031987
--------------------------------------------------
separating paper......
process carried out at separation unit ID: 1513071903
{ recyclable of type P dropped into box....}
Box has ID: 1544031987
--------------------------------------------------
separating paper......
process carried out at separation unit ID: 1513071903
{ recyclable of type P dropped into box....}
Box has ID: 1544031987
--------------------------------------------------
separating paper......
process carried out at separation unit ID: 1513071903
{ recyclable of type P dropped into box....}
Box has ID: 1544031987
--------------------------------------------------
separating paper......
process carried out at separation unit ID: 1513071903
{ recyclable of type P dropped into box....}
Box has ID: 1544031987
--------------------------------------------------
separating paper......
process carried out at separation unit ID: 1513071903
{ recyclable of type P dropped into box....}
Box has ID: 1544031987
--------------------------------------------------
separating paper......
process carried out at separation unit ID: 1513071903
{ recyclable of type P dropped into box....}
Box has ID: 1544031987
--------------------------------------------------
separating paper......
process carried out at separation unit ID: 1513071903
{ recyclable of type P dropped into box....}
Box has ID: 1544031987
--------------------------------------------------
separating paper......
process carried out at separation unit ID: 1513071903
{ recyclable of type P dropped into box....}
Box has ID: 1544031987
--------------------------------------------------
separating paper......
process carried out at separation unit ID: 1513071903
{ recyclable of type P dropped into box....}
Box has ID: 1544031987
--------------------------------------------------
separating paper......
process carried out at separation unit ID: 1513071903
{ recyclable of type P dropped into box....}
Box has ID: 1544031987
--------------------------------------------------
separating paper......
process carried out at separation unit ID: 1513071903
{ recyclable of type P dropped into box....}
Box has ID: 1544031987
--------------------------------------------------
separating paper......
process carried out at separation unit ID: 1513071903
{ recyclable of type P dropped into box....}
Box has ID: 1544031987
--------------------------------------------------
separating paper......
process carried out at separation unit ID: 1513071903
{ recyclable of type P dropped into box....}
Box has ID: 1544031987
--------------------------------------------------
separating paper......
process carried out at separation unit ID: 1513071903
{ recyclable of type P dropped into box....}
Box has ID: 1544031987
--------------------------------------------------
separating paper......
process carried out at separation unit ID: 1513071903
{ recyclable of type P dropped into box....}
Box has ID: 1544031987
--------------------------------------------------
separating paper......
process carried out at separation unit ID: 1513071903
{ recyclable of type P dropped into box....}
Box has ID: 1544031987
--------------------------------------------------
separating paper......
process carried out at separation unit ID: 1513071903
{ recyclable of type P dropped into box....}
Box has ID: 1544031987
--------------------------------------------------
separating paper......
process carried out at separation unit ID: 1513071903
{ recyclable of type P dropped into box....}
Box has ID: 1544031987
--------------------------------------------------
separating paper......
process carried out at separation unit ID: 1513071903
{ recyclable of type P dropped into box....}
Box has ID: 1544031987
--------------------------------------------------
separating paper......
process carried out at separation unit ID: 1513071903
{ recyclable of type P dropped into box....}
Box has ID: 1544031987
--------------------------------------------------
separating paper......
process carried out at separation unit ID: 1513071903
{ recyclable of type P dropped into box....}
Box has ID: 1544031987
--------------------------------------------------
separating paper......
process carried out at separation unit ID: 1513071903
{ recyclable of type P dropped into box....}
Box has ID: 1544031987
--------------------------------------------------
separating paper......
process carried out at separation unit ID: 1513071903
{ recyclable of type P dropped into box....}
Box has ID: 1544031987
--------------------------------------------------
separating paper......
process carried out at separation unit ID: 1513071903
{ recyclable of type P dropped into box....}
Box has ID: 1544031987
--------------------------------------------------
separating paper......
process carried out at separation unit ID: 1513071903
{ recyclable of type P dropped into box....}
Box has ID: 1544031987
--------------------------------------------------
separating paper......
process carried out at separation unit ID: 1513071903
{ recyclable of type P dropped into box....}
Box has ID: 1544031987
--------------------------------------------------
separating paper......
process carried out at separation unit ID: 1513071903
{ recyclable of type P dropped into box....}
Box has ID: 1544031987
--------------------------------------------------
separating paper......
process carried out at separation unit ID: 1513071903
{ recyclable of type P dropped into box....}
Box has ID: 1544031987
--------------------------------------------------
separating paper......
process carried out at separation unit ID: 1513071903
{ recyclable of type P dropped into box....}
Box has ID: 1544031987
--------------------------------------------------
separating paper......
process carried out at separation unit ID: 1513071903
{ recyclable of type P dropped into box....}
Box has ID: 1544031987
--------------------------------------------------
separating paper......
process carried out at separation unit ID: 1513071903
{ recyclable of type P dropped into box....}
Box has ID: 1544031987
--------------------------------------------------
separating paper......
process carried out at separation unit ID: 1513071903
{ recyclable of type P dropped into box....}
Box has ID: 1544031987
--------------------------------------------------
separating paper......
process carried out at separation unit ID: 1513071903
{ recyclable of type P dropped into box....}
Box has ID: 1544031987
--------------------------------------------------
separating paper......
process carried out at separation unit ID: 1513071903
{ recyclable of type P dropped into box....}
Box has ID: 1544031987
--------------------------------------------------
separating paper......
process carried out at separation unit ID: 1513071903
{ recyclable of type P dropped into box....}
Box has ID: 1544031987
--------------------------------------------------
separating paper......
process carried out at separation unit ID: 1513071903
{ recyclable of type P dropped into box....}
Box has ID: 1544031987
--------------------------------------------------
separating paper......
process carried out at separation unit ID: 1513071903
{ recyclable of type P dropped into box....}
Box has ID: 1544031987
--------------------------------------------------
separating paper......
process carried out at separation unit ID: 1513071903
{ recyclable of type P dropped into box....}
Box has ID: 1544031987
--------------------------------------------------
separating paper......
process carried out at separation unit ID: 1513071903
{ recyclable of type P dropped into box....}
Box has ID: 1544031987
--------------------------------------------------
separating paper......
process carried out at separation unit ID: 1513071903
{ recyclable of type P dropped into box....}
Box has ID: 1544031987
--------------------------------------------------
separating paper......
process carried out at separation unit ID: 1513071903
{ recyclable of type P dropped into box....}
Box has ID: 1544031987
--------------------------------------------------
separating paper......
process carried out at separation unit ID: 1513071903
{ recyclable of type P dropped into box....}
Box has ID: 1544031987
--------------------------------------------------
separating paper......
process carried out at separation unit ID: 1513071903
{ recyclable of type P dropped into box....}
Box has ID: 1544031987
--------------------------------------------------
separating paper......
process carried out at separation unit ID: 1513071903
{ recyclable of type P dropped into box....}
Box has ID: 1544031987
--------------------------------------------------
separating paper......
process carried out at separation unit ID: 1513071903
{ recyclable of type P dropped into box....}
Box has ID: 1544031987
--------------------------------------------------
separating paper......
process carried out at separation unit ID: 1513071903
{ recyclable of type P dropped into box....}
Box has ID: 1544031987
--------------------------------------------------
separating paper......
process carried out at separation unit ID: 1513071903
{ recyclable of type P dropped into box....}
Box has ID: 1544031987
--------------------------------------------------
separating paper......
process carried out at separation unit ID: 1513071903
{ recyclable of type P dropped into box....}
Box has ID: 1544031987
--------------------------------------------------
separating paper......
process carried out at separation unit ID: 1513071903
{ recyclable of type P dropped into box....}
Box has ID: 1544031987
--------------------------------------------------
separating paper......
process carried out at separation unit ID: 1513071903
{ recyclable of type P dropped into box....}
Box has ID: 1544031987
--------------------------------------------------
separating paper......
process carried out at separation unit ID: 1513071903
{ recyclable of type P dropped into box....}
Box has ID: 1544031987
--------------------------------------------------
separating paper......
process carried out at separation unit ID: 1513071903
{ recyclable of type P dropped into box....}
Box has ID: 1544031987
--------------------------------------------------
separating paper......
process carried out at separation unit ID: 1513071903
{ recyclable of type P dropped into box....}
Box has ID: 1544031987
--------------------------------------------------
separating paper......
process carried out at separation unit ID: 1513071903
{ recyclable of type P dropped into box....}
Box has ID: 1544031987
--------------------------------------------------
separating paper......
process carried out at separation unit ID: 1513071903
{ recyclable of type P dropped into box....}
Box has ID: 1544031987
--------------------------------------------------
separating paper......
process carried out at separation unit ID: 1513071903
{ recyclable of type P dropped into box....}
Box has ID: 1544031987
--------------------------------------------------
separating paper......
process carried out at separation unit ID: 1513071903
{ recyclable of type P dropped into box....}
Box has ID: 1544031987
--------------------------------------------------
separating paper......
process carried out at separation unit ID: 1513071903
{ recyclable of type P dropped into box....}
Box has ID: 1544031987
--------------------------------------------------
separating paper......
process carried out at separation unit ID: 1513071903
{ recyclable of type P dropped into box....}
Box has ID: 1544031987
--------------------------------------------------
separating paper......
process carried out at separation unit ID: 1513071903
{ recyclable of type P dropped into box....}
Box has ID: 1544031987
--------------------------------------------------
separating paper......
process carried out at separation unit ID: 1513071903
{ recyclable of type P dropped into box....}
Box has ID: 1544031987
--------------------------------------------------
separating paper......
process carried out at separation unit ID: 1513071903
{ recyclable of type P dropped into box....}
Box has ID: 1544031987
--------------------------------------------------
separating paper......
process carried out at separation unit ID: 1513071903
{ recyclable of type P dropped into box....}
Box has ID: 1544031987
--------------------------------------------------
separating paper......
process carried out at separation unit ID: 1513071903
{ recyclable of type P dropped into box....}
Box has ID: 1544031987
--------------------------------------------------
separating paper......
process carried out at separation unit ID: 1513071903
{ recyclable of type P dropped into box....}
Box has ID: 1544031987
--------------------------------------------------
separating paper......
process carried out at separation unit ID: 1513071903
{ recyclable of type P dropped into box....}
Box has ID: 1544031987
--------------------------------------------------
separating paper......
process carried out at separation unit ID: 1513071903
{ recyclable of type P dropped into box....}
Box has ID: 1544031987
--------------------------------------------------
separating paper......
process carried out at separation unit ID: 1513071903
{ recyclable of type P dropped into box....}
Box has ID: 1544031987
--------------------------------------------------
separating paper......
process carried out at separation unit ID: 1513071903
{ recyclable of type P dropped into box....}
Box has ID: 1544031987
--------------------------------------------------
separating paper......
process carried out at separation unit ID: 1513071903
{ recyclable of type P dropped into box....}
Box has ID: 1544031987
--------------------------------------------------
separating paper......
process carried out at separation unit ID: 1513071903
{ recyclable of type P dropped into box....}
Box has ID: 1544031987
--------------------------------------------------
separating paper......
process carried out at separation unit ID: 1513071903
{ recyclable of type P dropped into box....}
Box has ID: 1544031987
--------------------------------------------------
separating paper......
process carried out at separation unit ID: 1513071903
{ recyclable of type P dropped into box....}
Box has ID: 1544031987
--------------------------------------------------
separating paper......
process carried out at separation unit ID: 1513071903
{ recyclable of type P dropped into box....}
Box has ID: 1544031987
--------------------------------------------------
separating paper......
process carried out at separation unit ID: 1513071903
{ recyclable of type P dropped into box....}
Box has ID: 1544031987
--------------------------------------------------
separating paper......
process carried out at separation unit ID: 1513071903
{ recyclable of type P dropped into box....}
Box has ID: 1544031987
--------------------------------------------------
separating paper......
process carried out at separation unit ID: 1513071903
{ recyclable of type P dropped into box....}
Box has ID: 1544031987
--------------------------------------------------
separating paper......
process carried out at separation unit ID: 1513071903
{ recyclable of type P dropped into box....}
Box has ID: 1544031987
--------------------------------------------------
separating paper......
process carried out at separation unit ID: 1513071903
{ recyclable of type P dropped into box....}
Box has ID: 1544031987
--------------------------------------------------
separating paper......
process carried out at separation unit ID: 1513071903
{ recyclable of type P dropped into box....}
Box has ID: 1544031987
--------------------------------------------------
separating paper......
process carried out at separation unit ID: 1513071903
{ recyclable of type P dropped into box....}
Box has ID: 1544031987
--------------------------------------------------
separating paper......
process carried out at separation unit ID: 1513071903
{ recyclable of type P dropped into box....}
Box has ID: 1544031987
--------------------------------------------------
separating paper......
process carried out at separation unit ID: 1513071903
{ recyclable of type P dropped into box....}
Box has ID: 1544031987
--------------------------------------------------
separating paper......
process carried out at separation unit ID: 1513071903
{ recyclable of type P dropped into box....}
Box has ID: 1544031987
--------------------------------------------------
separating paper......
process carried out at separation unit ID: 1513071903
{ recyclable of type P dropped into box....}
Box has ID: 1544031987
--------------------------------------------------
separating paper......
process carried out at separation unit ID: 1513071903
{ recyclable of type P dropped into box....}
Box has ID: 1544031987
--------------------------------------------------
separating paper......
process carried out at separation unit ID: 1513071903
{ recyclable of type P dropped into box....}
Box has ID: 1544031987
--------------------------------------------------
separating paper......
process carried out at separation unit ID: 1513071903
{ recyclable of type P dropped into box....}
Box has ID: 1544031987
--------------------------------------------------
separating paper......
process carried out at separation unit ID: 1513071903
{ recyclable of type P dropped into box....}
Box has ID: 1544031987
--------------------------------------------------
separating paper......
process carried out at separation unit ID: 1513071903
{ recyclable of type P dropped into box....}
Box has ID: 1544031987
--------------------------------------------------
separating paper......
process carried out at separation unit ID: 1513071903
{ recyclable of type P dropped into box....}
Box has ID: 1544031987
--------------------------------------------------
separating paper......
process carried out at separation unit ID: 1513071903
{ recyclable of type P dropped into box....}
Box has ID: 1544031987
--------------------------------------------------
separating paper......
process carried out at separation unit ID: 1513071903
{ recyclable of type P dropped into box....}
Box has ID: 1544031987
--------------------------------------------------
separating paper......
process carried out at separation unit ID: 1513071903
{ recyclable of type P dropped into box....}
Box has ID: 1544031987
--------------------------------------------------
separating paper......
process carried out at separation unit ID: 1513071903
{ recyclable of type P dropped into box....}
Box has ID: 1544031987
--------------------------------------------------
separating paper......
process carried out at separation unit ID: 1513071903
{ recyclable of type P dropped into box....}
Box has ID: 1544031987
--------------------------------------------------
separating paper......
process carried out at separation unit ID: 1513071903
{ recyclable of type P dropped into box....}
Box has ID: 1544031987
--------------------------------------------------
separating paper......
process carried out at separation unit ID: 1513071903
{ recyclable of type P dropped into box....}
Box has ID: 1544031987
--------------------------------------------------
separating paper......
process carried out at separation unit ID: 1513071903
{ recyclable of type P dropped into box....}
Box has ID: 1544031987
--------------------------------------------------
separating paper......
process carried out at separation unit ID: 1513071903
{ recyclable of type P dropped into box....}
Box has ID: 1544031987
--------------------------------------------------
separating paper......
process carried out at separation unit ID: 1513071903
{ recyclable of type P dropped into box....}
Box has ID: 1544031987
--------------------------------------------------
separating paper......
process carried out at separation unit ID: 1513071903
{ recyclable of type P dropped into box....}
Box has ID: 1544031987
--------------------------------------------------
separating paper......
process carried out at separation unit ID: 1513071903
{ recyclable of type P dropped into box....}
Box has ID: 1544031987
--------------------------------------------------
separating paper......
process carried out at separation unit ID: 1513071903
{ recyclable of type P dropped into box....}
Box has ID: 1544031987
--------------------------------------------------
separating paper......
process carried out at separation unit ID: 1513071903
{ recyclable of type P dropped into box....}
Box has ID: 1544031987
--------------------------------------------------
separating paper......
process carried out at separation unit ID: 1513071903
{ recyclable of type P dropped into box....}
Box has ID: 1544031987
--------------------------------------------------
separating paper......
process carried out at separation unit ID: 1513071903
{ recyclable of type P dropped into box....}
Box has ID: 1544031987
--------------------------------------------------
separating paper......
process carried out at separation unit ID: 1513071903
{ recyclable of type P dropped into box....}
Box has ID: 1544031987
--------------------------------------------------
separating paper......
process carried out at separation unit ID: 1513071903
{ recyclable of type P dropped into box....}
Box has ID: 1544031987
--------------------------------------------------
separating paper......
process carried out at separation unit ID: 1513071903
{ recyclable of type P dropped into box....}
Box has ID: 1544031987
--------------------------------------------------
separating paper......
process carried out at separation unit ID: 1513071903
{ recyclable of type P dropped into box....}
Box has ID: 1544031987
--------------------------------------------------
separating paper......
process carried out at separation unit ID: 1513071903
{ recyclable of type P dropped into box....}
Box has ID: 1544031987
--------------------------------------------------
separating paper......
process carried out at separation unit ID: 1513071903
{ recyclable of type P dropped into box....}
Box has ID: 1544031987
--------------------------------------------------
separating paper......
process carried out at separation unit ID: 1513071903
{ recyclable of type P dropped into box....}
Box has ID: 1544031987
--------------------------------------------------
separating paper......
process carried out at separation unit ID: 1513071903
{ recyclable of type P dropped into box....}
Box has ID: 1544031987
--------------------------------------------------
separating paper......
process carried out at separation unit ID: 1513071903
{ recyclable of type P dropped into box....}
Box has ID: 1544031987
--------------------------------------------------
separating paper......
process carried out at separation unit ID: 1513071903
{ recyclable of type P dropped into box....}
Box has ID: 1544031987
--------------------------------------------------
separating paper......
process carried out at separation unit ID: 1513071903
{ recyclable of type P dropped into box....}
Box has ID: 1544031987
--------------------------------------------------
separating paper......
process carried out at separation unit ID: 1513071903
{ recyclable of type P dropped into box....}
Box has ID: 1544031987
--------------------------------------------------
separating paper......
process carried out at separation unit ID: 1513071903
{ recyclable of type P dropped into box....}
Box has ID: 1544031987
--------------------------------------------------
separating paper......
process carried out at separation unit ID: 1513071903
{ recyclable of type P dropped into box....}
Box has ID: 1544031987
--------------------------------------------------
separating paper......
process carried out at separation unit ID: 1513071903
{ recyclable of type P dropped into box....}
Box has ID: 1544031987
--------------------------------------------------
separating paper......
process carried out at separation unit ID: 1513071903
{ recyclable of type P dropped into box....}
Box has ID: 1544031987
--------------------------------------------------
separating paper......
process carried out at separation unit ID: 1513071903
{ recyclable of type P dropped into box....}
Box has ID: 1544031987
--------------------------------------------------
separating paper......
process carried out at separation unit ID: 1513071903
{ recyclable of type P dropped into box....}
Box has ID: 1544031987
--------------------------------------------------
separating paper......
process carried out at separation unit ID: 1513071903
{ recyclable of type P dropped into box....}
Box has ID: 1544031987
--------------------------------------------------
separating paper......
process carried out at separation unit ID: 1513071903
{ recyclable of type P dropped into box....}
Box has ID: 1544031987
--------------------------------------------------
separating paper......
process carried out at separation unit ID: 1513071903
{ recyclable of type P dropped into box....}
Box has ID: 1544031987
--------------------------------------------------
separating paper......
process carried out at separation unit ID: 1513071903
{ recyclable of type P dropped into box....}
Box has ID: 1544031987
--------------------------------------------------
separating paper......
process carried out at separation unit ID: 1513071903
{ recyclable of type P dropped into box....}
Box has ID: 1544031987
--------------------------------------------------
separating paper......
process carried out at separation unit ID: 1513071903
{ recyclable of type P dropped into box....}
Box has ID: 1544031987
--------------------------------------------------
separating paper......
process carried out at separation unit ID: 1513071903
{ recyclable of type P dropped into box....}
Box has ID: 1544031987
--------------------------------------------------
separating paper......
process carried out at separation unit ID: 1513071903
{ recyclable of type P dropped into box....}
Box has ID: 1544031987
--------------------------------------------------
separating paper......
process carried out at separation unit ID: 1513071903
{ recyclable of type P dropped into box....}
Box has ID: 1544031987
--------------------------------------------------
separating paper......
process carried out at separation unit ID: 1513071903
{ recyclable of type P dropped into box....}
Box has ID: 1544031987
--------------------------------------------------
separating paper......
process carried out at separation unit ID: 1513071903
{ recyclable of type P dropped into box....}
Box has ID: 1544031987
--------------------------------------------------
separating paper......
process carried out at separation unit ID: 1513071903
{ recyclable of type P dropped into box....}
Box has ID: 1544031987
--------------------------------------------------
separating paper......
process carried out at separation unit ID: 1513071903
{ recyclable of type P dropped into box....}
Box has ID: 1544031987
--------------------------------------------------
separating paper......
process carried out at separation unit ID: 1513071903
{ recyclable of type P dropped into box....}
Box has ID: 1544031987
--------------------------------------------------
separating paper......
process carried out at separation unit ID: 1513071903
{ recyclable of type P dropped into box....}
Box has ID: 1544031987
--------------------------------------------------
separating paper......
process carried out at separation unit ID: 1513071903
{ recyclable of type P dropped into box....}
Box has ID: 1544031987
--------------------------------------------------
separating paper......
process carried out at separation unit ID: 1513071903
{ recyclable of type P dropped into box....}
Box has ID: 1544031987
--------------------------------------------------
separating paper......
process carried out at separation unit ID: 1513071903
{ recyclable of type P dropped into box....}
Box has ID: 1544031987
--------------------------------------------------
separating paper......
process carried out at separation unit ID: 1513071903
{ recyclable of type P dropped into box....}
Box has ID: 1544031987
--------------------------------------------------
separating paper......
process carried out at separation unit ID: 1513071903
{ recyclable of type P dropped into box....}
Box has ID: 1544031987
--------------------------------------------------
separating paper......
process carried out at separation unit ID: 1513071903
{ recyclable of type P dropped into box....}
Box has ID: 1544031987
--------------------------------------------------
separating paper......
process carried out at separation unit ID: 1513071903
{ recyclable of type P dropped into box....}
Box has ID: 1544031987
--------------------------------------------------
separating paper......
process carried out at separation unit ID: 1513071903
{ recyclable of type P dropped into box....}
Box has ID: 1544031987
--------------------------------------------------
separating paper......
process carried out at separation unit ID: 1513071903
{ recyclable of type P dropped into box....}
Box has ID: 1544031987
--------------------------------------------------
separating paper......
process carried out at separation unit ID: 1513071903
{ recyclable of type P dropped into box....}
Box has ID: 1544031987
--------------------------------------------------
separating paper......
process carried out at separation unit ID: 1513071903
{ recyclable of type P dropped into box....}
Box has ID: 1544031987
--------------------------------------------------
separating paper......
process carried out at separation unit ID: 1513071903
{ recyclable of type P dropped into box....}
Box has ID: 1544031987
--------------------------------------------------
separating paper......
process carried out at separation unit ID: 1513071903
{ recyclable of type P dropped into box....}
Box has ID: 1544031987
--------------------------------------------------
separating paper......
process carried out at separation unit ID: 1513071903
{ recyclable of type P dropped into box....}
Box has ID: 1544031987
--------------------------------------------------
separating paper......
process carried out at separation unit ID: 1513071903
{ recyclable of type P dropped into box....}
Box has ID: 1544031987
--------------------------------------------------
separating paper......
process carried out at separation unit ID: 1513071903
{ recyclable of type P dropped into box....}
Box has ID: 1544031987
--------------------------------------------------
separating paper......
process carried out at separation unit ID: 1513071903
{ recyclable of type P dropped into box....}
Box has ID: 1544031987
--------------------------------------------------
separating paper......
process carried out at separation unit ID: 1513071903
{ recyclable of type P dropped into box....}
Box has ID: 1544031987
--------------------------------------------------
separating paper......
process carried out at separation unit ID: 1513071903
{ recyclable of type P dropped into box....}
Box has ID: 1544031987
--------------------------------------------------
separating paper......
process carried out at separation unit ID: 1513071903
{ recyclable of type P dropped into box....}
Box has ID: 1544031987
--------------------------------------------------
separating paper......
process carried out at separation unit ID: 1513071903
{ recyclable of type P dropped into box....}
Box has ID: 1544031987
--------------------------------------------------
separating paper......
process carried out at separation unit ID: 1513071903
{ recyclable of type P dropped into box....}
Box has ID: 1544031987
--------------------------------------------------
separating paper......
process carried out at separation unit ID: 1513071903
{ recyclable of type P dropped into box....}
Box has ID: 1544031987
--------------------------------------------------
separating paper......
process carried out at separation unit ID: 1513071903
{ recyclable of type P dropped into box....}
Box has ID: 1544031987
--------------------------------------------------
separating paper......
process carried out at separation unit ID: 1513071903
{ recyclable of type P dropped into box....}
Box has ID: 1544031987
--------------------------------------------------
separating paper......
process carried out at separation unit ID: 1513071903
{ recyclable of type P dropped into box....}
Box has ID: 1544031987
--------------------------------------------------
separating paper......
process carried out at separation unit ID: 1513071903
{ recyclable of type P dropped into box....}
Box has ID: 1544031987
--------------------------------------------------
separating paper......
process carried out at separation unit ID: 1513071903
{ recyclable of type P dropped into box....}
Box has ID: 1544031987
--------------------------------------------------
separating paper......
process carried out at separation unit ID: 1513071903
{ recyclable of type P dropped into box....}
Box has ID: 1544031987
--------------------------------------------------
separating paper......
process carried out at separation unit ID: 1513071903
{ recyclable of type P dropped into box....}
Box has ID: 1544031987
--------------------------------------------------
separating paper......
process carried out at separation unit ID: 1513071903
{ recyclable of type P dropped into box....}
Box has ID: 1544031987
--------------------------------------------------
separating paper......
process carried out at separation unit ID: 1513071903
{ recyclable of type P dropped into box....}
Box has ID: 1544031987
--------------------------------------------------
separating paper......
process carried out at separation unit ID: 1513071903
{ recyclable of type P dropped into box....}
Box has ID: 1544031987
--------------------------------------------------
separating paper......
process carried out at separation unit ID: 1513071903
{ recyclable of type P dropped into box....}
Box has ID: 1544031987
--------------------------------------------------
separating paper......
process carried out at separation unit ID: 1513071903
{ recyclable of type P dropped into box....}
Box has ID: 1544031987
--------------------------------------------------
separating paper......
process carried out at separation unit ID: 1513071903
{ recyclable of type P dropped into box....}
Box has ID: 1544031987
--------------------------------------------------
separating paper......
process carried out at separation unit ID: 1513071903
{ recyclable of type P dropped into box....}
Box has ID: 1544031987
--------------------------------------------------
separating paper......
process carried out at separation unit ID: 1513071903
{ recyclable of type P dropped into box....}
Box has ID: 1544031987
--------------------------------------------------
separating paper......
process carried out at separation unit ID: 1513071903
{ recyclable of type P dropped into box....}
Box has ID: 1544031987
--------------------------------------------------
separating paper......
process carried out at separation unit ID: 1513071903
{ recyclable of type P dropped into box....}
Box has ID: 1544031987
--------------------------------------------------
separating paper......
process carried out at separation unit ID: 1513071903
{ recyclable of type P dropped into box....}
Box has ID: 1544031987
--------------------------------------------------
separating paper......
process carried out at separation unit ID: 1513071903
{ recyclable of type P dropped into box....}
Box has ID: 1544031987
--------------------------------------------------
separating paper......
process carried out at separation unit ID: 1513071903
{ recyclable of type P dropped into box....}
Box has ID: 1544031987
--------------------------------------------------
separating paper......
process carried out at separation unit ID: 1513071903
{ recyclable of type P dropped into box....}
Box has ID: 1544031987
--------------------------------------------------
separating paper......
process carried out at separation unit ID: 1513071903
{ recyclable of type P dropped into box....}
Box has ID: 1544031987
--------------------------------------------------
separating paper......
process carried out at separation unit ID: 1513071903
{ recyclable of type P dropped into box....}
Box has ID: 1544031987
--------------------------------------------------
separating paper......
process carried out at separation unit ID: 1513071903
{ recyclable of type P dropped into box....}
Box has ID: 1544031987
--------------------------------------------------
separating paper......
process carried out at separation unit ID: 1513071903
{ recyclable of type P dropped into box....}
Box has ID: 1544031987
--------------------------------------------------
separating paper......
process carried out at separation unit ID: 1513071903
{ recyclable of type P dropped into box....}
Box has ID: 1544031987
--------------------------------------------------
separating paper......
process carried out at separation unit ID: 1513071903
{ recyclable of type P dropped into box....}
Box has ID: 1544031987
--------------------------------------------------
separating paper......
process carried out at separation unit ID: 1513071903
{ recyclable of type P dropped into box....}
Box has ID: 1544031987
--------------------------------------------------
separating paper......
process carried out at separation unit ID: 1513071903
{ recyclable of type P dropped into box....}
Box has ID: 1544031987
--------------------------------------------------
separating paper......
process carried out at separation unit ID: 1513071903
{ recyclable of type P dropped into box....}
Box has ID: 1544031987
--------------------------------------------------
separating paper......
process carried out at separation unit ID: 1513071903
{ recyclable of type P dropped into box....}
Box has ID: 1544031987
--------------------------------------------------
separating paper......
process carried out at separation unit ID: 1513071903
{ recyclable of type P dropped into box....}
Box has ID: 1544031987
--------------------------------------------------
separating paper......
process carried out at separation unit ID: 1513071903
{ recyclable of type P dropped into box....}
Box has ID: 1544031987
--------------------------------------------------
separating paper......
process carried out at separation unit ID: 1513071903
{ recyclable of type P dropped into box....}
Box has ID: 1544031987
--------------------------------------------------
separating paper......
process carried out at separation unit ID: 1513071903
{ recyclable of type P dropped into box....}
Box has ID: 1544031987
--------------------------------------------------
separating paper......
process carried out at separation unit ID: 1513071903
{ recyclable of type P dropped into box....}
Box has ID: 1544031987
--------------------------------------------------
separating paper......
process carried out at separation unit ID: 1513071903
{ recyclable of type P dropped into box....}
Box has ID: 1544031987
--------------------------------------------------
separating paper......
process carried out at separation unit ID: 1513071903
{ recyclable of type P dropped into box....}
Box has ID: 1544031987
--------------------------------------------------
separating paper......
process carried out at separation unit ID: 1513071903
{ recyclable of type P dropped into box....}
Box has ID: 1544031987
--------------------------------------------------
separating paper......
process carried out at separation unit ID: 1513071903
{ recyclable of type P dropped into box....}
Box has ID: 1544031987
--------------------------------------------------
separating paper......
process carried out at separation unit ID: 1513071903
{ recyclable of type P dropped into box....}
Box has ID: 1544031987
--------------------------------------------------
separating paper......
process carried out at separation unit ID: 1513071903
{ recyclable of type P dropped into box....}
Box has ID: 1544031987
--------------------------------------------------
separating paper......
process carried out at separation unit ID: 1513071903
{ recyclable of type P dropped into box....}
Box has ID: 1544031987
--------------------------------------------------
separating paper......
process carried out at separation unit ID: 1513071903
{ recyclable of type P dropped into box....}
Box has ID: 1544031987
--------------------------------------------------
separating paper......
process carried out at separation unit ID: 1513071903
{ recyclable of type P dropped into box....}
Box has ID: 1544031987
--------------------------------------------------
separating paper......
process carried out at separation unit ID: 1513071903
{ recyclable of type P dropped into box....}
Box has ID: 1544031987
--------------------------------------------------
separating paper......
process carried out at separation unit ID: 1513071903
{ recyclable of type P dropped into box....}
Box has ID: 1544031987
--------------------------------------------------
separating paper......
process carried out at separation unit ID: 1513071903
{ recyclable of type P dropped into box....}
Box has ID: 1544031987
--------------------------------------------------
separating paper......
process carried out at separation unit ID: 1513071903
{ recyclable of type P dropped into box....}
Box has ID: 1544031987
--------------------------------------------------
separating paper......
process carried out at separation unit ID: 1513071903
{ recyclable of type P dropped into box....}
Box has ID: 1544031987
--------------------------------------------------
separating paper......
process carried out at separation unit ID: 1513071903
{ recyclable of type P dropped into box....}
Box has ID: 1544031987
--------------------------------------------------
separating paper......
process carried out at separation unit ID: 1513071903
{ recyclable of type P dropped into box....}
Box has ID: 1544031987
--------------------------------------------------
separating paper......
process carried out at separation unit ID: 1513071903
{ recyclable of type P dropped into box....}
Box has ID: 1544031987
--------------------------------------------------
separating paper......
process carried out at separation unit ID: 1513071903
{ recyclable of type P dropped into box....}
Box has ID: 1544031987
--------------------------------------------------
separating paper......
process carried out at separation unit ID: 1513071903
{ recyclable of type P dropped into box....}
Box has ID: 1544031987
--------------------------------------------------
separating paper......
process carried out at separation unit ID: 1513071903
{ recyclable of type P dropped into box....}
Box has ID: 1544031987
--------------------------------------------------
separating paper......
process carried out at separation unit ID: 1513071903
{ recyclable of type P dropped into box....}
Box has ID: 1544031987
--------------------------------------------------
separating paper......
process carried out at separation unit ID: 1513071903
{ recyclable of type P dropped into box....}
Box has ID: 1544031987
--------------------------------------------------
separating paper......
process carried out at separation unit ID: 1513071903
{ recyclable of type P dropped into box....}
Box has ID: 1544031987
--------------------------------------------------
separating paper......
process carried out at separation unit ID: 1513071903
{ recyclable of type P dropped into box....}
Box has ID: 1544031987
--------------------------------------------------
separating paper......
process carried out at separation unit ID: 1513071903
{ recyclable of type P dropped into box....}
Box has ID: 1544031987
--------------------------------------------------
separating paper......
process carried out at separation unit ID: 1513071903
{ recyclable of type P dropped into box....}
Box has ID: 1544031987
--------------------------------------------------
separating paper......
process carried out at separation unit ID: 1513071903
{ recyclable of type P dropped into box....}
Box has ID: 1544031987
--------------------------------------------------
separating paper......
process carried out at separation unit ID: 1513071903
{ recyclable of type P dropped into box....}
Box has ID: 1544031987
--------------------------------------------------
separating paper......
process carried out at separation unit ID: 1513071903
{ recyclable of type P dropped into box....}
Box has ID: 1544031987
--------------------------------------------------
separating paper......
process carried out at separation unit ID: 1513071903
{ recyclable of type P dropped into box....}
Box has ID: 1544031987
--------------------------------------------------
separating paper......
process carried out at separation unit ID: 1513071903
{ recyclable of type P dropped into box....}
Box has ID: 1544031987
--------------------------------------------------
separating paper......
process carried out at separation unit ID: 1513071903
{ recyclable of type P dropped into box....}
Box has ID: 1544031987
--------------------------------------------------
separating paper......
process carried out at separation unit ID: 1513071903
{ recyclable of type P dropped into box....}
Box has ID: 1544031987
--------------------------------------------------
separating paper......
process carried out at separation unit ID: 1513071903
{ recyclable of type P dropped into box....}
Box has ID: 1544031987
--------------------------------------------------
separating paper......
process carried out at separation unit ID: 1513071903
{ recyclable of type P dropped into box....}
Box has ID: 1544031987
--------------------------------------------------
separating paper......
process carried out at separation unit ID: 1513071903
{ recyclable of type P dropped into box....}
Box has ID: 1544031987
--------------------------------------------------
separating paper......
process carried out at separation unit ID: 1513071903
{ recyclable of type P dropped into box....}
Box has ID: 1544031987
--------------------------------------------------
separating paper......
process carried out at separation unit ID: 1513071903
{ recyclable of type P dropped into box....}
Box has ID: 1544031987
--------------------------------------------------
separating paper......
process carried out at separation unit ID: 1513071903
{ recyclable of type P dropped into box....}
Box has ID: 1544031987
--------------------------------------------------
separating paper......
process carried out at separation unit ID: 1513071903
{ recyclable of type P dropped into box....}
Box has ID: 1544031987
--------------------------------------------------
separating paper......
process carried out at separation unit ID: 1513071903
{ recyclable of type P dropped into box....}
Box has ID: 1544031987
--------------------------------------------------
separating paper......
process carried out at separation unit ID: 1513071903
{ recyclable of type P dropped into box....}
Box has ID: 1544031987
--------------------------------------------------
separating paper......
process carried out at separation unit ID: 1513071903
{ recyclable of type P dropped into box....}
Box has ID: 1544031987
--------------------------------------------------
separating paper......
process carried out at separation unit ID: 1513071903
{ recyclable of type P dropped into box....}
Box has ID: 1544031987
--------------------------------------------------
separating paper......
process carried out at separation unit ID: 1513071903
{ recyclable of type P dropped into box....}
Box has ID: 1544031987
--------------------------------------------------
separating paper......
process carried out at separation unit ID: 1513071903
{ recyclable of type P dropped into box....}
Box has ID: 1544031987
--------------------------------------------------
separating paper......
process carried out at separation unit ID: 1513071903
{ recyclable of type P dropped into box....}
Box has ID: 1544031987
--------------------------------------------------
separating paper......
process carried out at separation unit ID: 1513071903
{ recyclable of type P dropped into box....}
Box has ID: 1544031987
--------------------------------------------------
separating paper......
process carried out at separation unit ID: 1513071903
{ recyclable of type P dropped into box....}
Box has ID: 1544031987
--------------------------------------------------
separating paper......
process carried out at separation unit ID: 1513071903
{ recyclable of type P dropped into box....}
Box has ID: 1544031987
--------------------------------------------------
separating paper......
process carried out at separation unit ID: 1513071903
{ recyclable of type P dropped into box....}
Box has ID: 1544031987
--------------------------------------------------
separating paper......
process carried out at separation unit ID: 1513071903
{ recyclable of type P dropped into box....}
Box has ID: 1544031987
--------------------------------------------------
separating paper......
process carried out at separation unit ID: 1513071903
{ recyclable of type P dropped into box....}
Box has ID: 1544031987
--------------------------------------------------
separating paper......
process carried out at separation unit ID: 1513071903
{ recyclable of type P dropped into box....}
Box has ID: 1544031987
--------------------------------------------------
separating paper......
process carried out at separation unit ID: 1513071903
{ recyclable of type P dropped into box....}
Box has ID: 1544031987
--------------------------------------------------
separating paper......
process carried out at separation unit ID: 1513071903
{ recyclable of type P dropped into box....}
Box has ID: 1544031987
--------------------------------------------------
separating paper......
process carried out at separation unit ID: 1513071903
{ recyclable of type P dropped into box....}
Box has ID: 1544031987
--------------------------------------------------
separating paper......
process carried out at separation unit ID: 1513071903
{ recyclable of type P dropped into box....}
Box has ID: 1544031987
--------------------------------------------------
separating paper......
process carried out at separation unit ID: 1513071903
{ recyclable of type P dropped into box....}
Box has ID: 1544031987
--------------------------------------------------
separating paper......
process carried out at separation unit ID: 1513071903
{ recyclable of type P dropped into box....}
Box has ID: 1544031987
--------------------------------------------------
separating paper......
process carried out at separation unit ID: 1513071903
{ recyclable of type P dropped into box....}
Box has ID: 1544031987
--------------------------------------------------
separating paper......
process carried out at separation unit ID: 1513071903
{ recyclable of type P dropped into box....}
Box has ID: 1544031987
--------------------------------------------------
separating paper......
process carried out at separation unit ID: 1513071903
{ recyclable of type P dropped into box....}
Box has ID: 1544031987
--------------------------------------------------
separating paper......
process carried out at separation unit ID: 1513071903
{ recyclable of type P dropped into box....}
Box has ID: 1544031987
--------------------------------------------------
separating paper......
process carried out at separation unit ID: 1513071903
{ recyclable of type P dropped into box....}
Box has ID: 1544031987
--------------------------------------------------
separating paper......
process carried out at separation unit ID: 1513071903
{ recyclable of type P dropped into box....}
Box has ID: 1544031987
--------------------------------------------------
separating paper......
process carried out at separation unit ID: 1513071903
{ recyclable of type P dropped into box....}
Box has ID: 1544031987
--------------------------------------------------
separating paper......
process carried out at separation unit ID: 1513071903
{ recyclable of type P dropped into box....}
Box has ID: 1544031987
--------------------------------------------------
separating paper......
process carried out at separation unit ID: 1513071903
{ recyclable of type P dropped into box....}
Box has ID: 1544031987
--------------------------------------------------
separating paper......
process carried out at separation unit ID: 1513071903
{ recyclable of type P dropped into box....}
Box has ID: 1544031987
--------------------------------------------------
separating paper......
process carried out at separation unit ID: 1513071903
{ recyclable of type P dropped into box....}
Box has ID: 1544031987
--------------------------------------------------
separating paper......
process carried out at separation unit ID: 1513071903
{ recyclable of type P dropped into box....}
Box has ID: 1544031987
--------------------------------------------------
separating paper......
process carried out at separation unit ID: 1513071903
{ recyclable of type P dropped into box....}
Box has ID: 1544031987
--------------------------------------------------
separating paper......
process carried out at separation unit ID: 1513071903
{ recyclable of type P dropped into box....}
Box has ID: 1544031987
--------------------------------------------------
separating paper......
process carried out at separation unit ID: 1513071903
{ recyclable of type P dropped into box....}
Box has ID: 1544031987
--------------------------------------------------
separating paper......
process carried out at separation unit ID: 1513071903
{ recyclable of type P dropped into box....}
Box has ID: 1544031987
--------------------------------------------------
separating paper......
process carried out at separation unit ID: 1513071903
{ recyclable of type P dropped into box....}
Box has ID: 1544031987
--------------------------------------------------
separating paper......
process carried out at separation unit ID: 1513071903
{ recyclable of type P dropped into box....}
Box has ID: 1544031987
--------------------------------------------------
separating paper......
process carried out at separation unit ID: 1513071903
{ recyclable of type P dropped into box....}
Box has ID: 1544031987
--------------------------------------------------
separating paper......
process carried out at separation unit ID: 1513071903
{ recyclable of type P dropped into box....}
Box has ID: 1544031987
--------------------------------------------------
separating paper......
process carried out at separation unit ID: 1513071903
{ recyclable of type P dropped into box....}
Box has ID: 1544031987
--------------------------------------------------
separating paper......
process carried out at separation unit ID: 1513071903
{ recyclable of type P dropped into box....}
Box has ID: 1544031987
--------------------------------------------------
separating paper......
process carried out at separation unit ID: 1513071903
{ recyclable of type P dropped into box....}
Box has ID: 1544031987
--------------------------------------------------
separating paper......
process carried out at separation unit ID: 1513071903
{ recyclable of type P dropped into box....}
Box has ID: 1544031987
--------------------------------------------------
separating paper......
process carried out at separation unit ID: 1513071903
{ recyclable of type P dropped into box....}
Box has ID: 1544031987
--------------------------------------------------
separating paper......
process carried out at separation unit ID: 1513071903
{ recyclable of type P dropped into box....}
Box has ID: 1544031987
--------------------------------------------------
separating paper......
process carried out at separation unit ID: 1513071903
{ recyclable of type P dropped into box....}
Box has ID: 1544031987
--------------------------------------------------
separating paper......
process carried out at separation unit ID: 1513071903
{ recyclable of type P dropped into box....}
Box has ID: 1544031987
--------------------------------------------------
separating paper......
process carried out at separation unit ID: 1513071903
{ recyclable of type P dropped into box....}
Box has ID: 1544031987
--------------------------------------------------
separating paper......
process carried out at separation unit ID: 1513071903
{ recyclable of type P dropped into box....}
Box has ID: 1544031987
--------------------------------------------------
separating paper......
process carried out at separation unit ID: 1513071903
{ recyclable of type P dropped into box....}
Box has ID: 1544031987
--------------------------------------------------
separating paper......
process carried out at separation unit ID: 1513071903
{ recyclable of type P dropped into box....}
Box has ID: 1544031987
--------------------------------------------------
separating paper......
process carried out at separation unit ID: 1513071903
{ recyclable of type P dropped into box....}
Box has ID: 1544031987
--------------------------------------------------
separating paper......
process carried out at separation unit ID: 1513071903
{ recyclable of type P dropped into box....}
Box has ID: 1544031987
--------------------------------------------------
separating paper......
process carried out at separation unit ID: 1513071903
{ recyclable of type P dropped into box....}
Box has ID: 1544031987
--------------------------------------------------
separating paper......
process carried out at separation unit ID: 1513071903
{ recyclable of type P dropped into box....}
Box has ID: 1544031987
--------------------------------------------------
separating paper......
process carried out at separation unit ID: 1513071903
{ recyclable of type P dropped into box....}
Box has ID: 1544031987
--------------------------------------------------
separating paper......
process carried out at separation unit ID: 1513071903
{ recyclable of type P dropped into box....}
Box has ID: 1544031987
--------------------------------------------------
separating paper......
process carried out at separation unit ID: 1513071903
{ recyclable of type P dropped into box....}
Box has ID: 1544031987
--------------------------------------------------
separating paper......
process carried out at separation unit ID: 1513071903
{ recyclable of type P dropped into box....}
Box has ID: 1544031987
--------------------------------------------------
separating paper......
process carried out at separation unit ID: 1513071903
{ recyclable of type P dropped into box....}
Box has ID: 1544031987
--------------------------------------------------
separating paper......
process carried out at separation unit ID: 1513071903
{ recyclable of type P dropped into box....}
Box has ID: 1544031987
--------------------------------------------------
separating paper......
process carried out at separation unit ID: 1513071903
{ recyclable of type P dropped into box....}
Box has ID: 1544031987
--------------------------------------------------
separating paper......
process carried out at separation unit ID: 1513071903
{ recyclable of type P dropped into box....}
Box has ID: 1544031987
--------------------------------------------------
separating paper......
process carried out at separation unit ID: 1513071903
{ recyclable of type P dropped into box....}
Box has ID: 1544031987
--------------------------------------------------
separating paper......
process carried out at separation unit ID: 1513071903
{ recyclable of type P dropped into box....}
Box has ID: 1544031987
--------------------------------------------------
separating paper......
process carried out at separation unit ID: 1513071903
{ recyclable of type P dropped into box....}
Box has ID: 1544031987
--------------------------------------------------
separating paper......
process carried out at separation unit ID: 1513071903
{ recyclable of type P dropped into box....}
Box has ID: 1544031987
--------------------------------------------------
separating paper......
process carried out at separation unit ID: 1513071903
{ recyclable of type P dropped into box....}
Box has ID: 1544031987
--------------------------------------------------
separating paper......
process carried out at separation unit ID: 1513071903
{ recyclable of type P dropped into box....}
Box has ID: 1544031987
--------------------------------------------------
separating paper......
process carried out at separation unit ID: 1513071903
{ recyclable of type P dropped into box....}
Box has ID: 1544031987
--------------------------------------------------
separating paper......
process carried out at separation unit ID: 1513071903
{ recyclable of type P dropped into box....}
Box has ID: 1544031987
--------------------------------------------------
separating paper......
process carried out at separation unit ID: 1513071903
{ recyclable of type P dropped into box....}
Box has ID: 1544031987
--------------------------------------------------
separating paper......
process carried out at separation unit ID: 1513071903
{ recyclable of type P dropped into box....}
Box has ID: 1544031987
--------------------------------------------------
separating paper......
process carried out at separation unit ID: 1513071903
{ recyclable of type P dropped into box....}
Box has ID: 1544031987
--------------------------------------------------
separating paper......
process carried out at separation unit ID: 1513071903
{ recyclable of type P dropped into box....}
Box has ID: 1544031987
--------------------------------------------------
separating paper......
process carried out at separation unit ID: 1513071903
{ recyclable of type P dropped into box....}
Box has ID: 1544031987
--------------------------------------------------
separating paper......
process carried out at separation unit ID: 1513071903
{ recyclable of type P dropped into box....}
Box has ID: 1544031987
--------------------------------------------------
separating paper......
process carried out at separation unit ID: 1513071903
{ recyclable of type P dropped into box....}
Box has ID: 1544031987
--------------------------------------------------
separating paper......
process carried out at separation unit ID: 1513071903
{ recyclable of type P dropped into box....}
Box has ID: 1544031987
--------------------------------------------------
separating paper......
process carried out at separation unit ID: 1513071903
{ recyclable of type P dropped into box....}
Box has ID: 1544031987
--------------------------------------------------
separating paper......
process carried out at separation unit ID: 1513071903
{ recyclable of type P dropped into box....}
Box has ID: 1544031987
--------------------------------------------------
separating paper......
process carried out at separation unit ID: 1513071903
{ recyclable of type P dropped into box....}
Box has ID: 1544031987
--------------------------------------------------
separating paper......
process carried out at separation unit ID: 1513071903
{ recyclable of type P dropped into box....}
Box has ID: 1544031987
--------------------------------------------------
separating paper......
process carried out at separation unit ID: 1513071903
{ recyclable of type P dropped into box....}
Box has ID: 1544031987
--------------------------------------------------
separating paper......
process carried out at separation unit ID: 1513071903
{ recyclable of type P dropped into box....}
Box has ID: 1544031987
--------------------------------------------------
separating paper......
process carried out at separation unit ID: 1513071903
{ recyclable of type P dropped into box....}
Box has ID: 1544031987
--------------------------------------------------
separating paper......
process carried out at separation unit ID: 1513071903
{ recyclable of type P dropped into box....}
Box has ID: 1544031987
--------------------------------------------------
separating paper......
process carried out at separation unit ID: 1513071903
{ recyclable of type P dropped into box....}
Box has ID: 1544031987
--------------------------------------------------
separating paper......
process carried out at separation unit ID: 1513071903
{ recyclable of type P dropped into box....}
Box has ID: 1544031987
--------------------------------------------------
separating paper......
process carried out at separation unit ID: 1513071903
{ recyclable of type P dropped into box....}
Box has ID: 1544031987
--------------------------------------------------
separating paper......
process carried out at separation unit ID: 1513071903
{ recyclable of type P dropped into box....}
Box has ID: 1544031987
--------------------------------------------------
separating paper......
process carried out at separation unit ID: 1513071903
{ recyclable of type P dropped into box....}
Box has ID: 1544031987
--------------------------------------------------
separating paper......
process carried out at separation unit ID: 1513071903
{ recyclable of type P dropped into box....}
Box has ID: 1544031987
--------------------------------------------------
separating paper......
process carried out at separation unit ID: 1513071903
{ recyclable of type P dropped into box....}
Box has ID: 1544031987
--------------------------------------------------
separating paper......
process carried out at separation unit ID: 1513071903
{ recyclable of type P dropped into box....}
Box has ID: 1544031987
--------------------------------------------------
separating paper......
process carried out at separation unit ID: 1513071903
{ recyclable of type P dropped into box....}
Box has ID: 1544031987
--------------------------------------------------
separating paper......
process carried out at separation unit ID: 1513071903
{ recyclable of type P dropped into box....}
Box has ID: 1544031987
--------------------------------------------------
separating paper......
process carried out at separation unit ID: 1513071903
{ recyclable of type P dropped into box....}
Box has ID: 1544031987
--------------------------------------------------
separating paper......
process carried out at separation unit ID: 1513071903
{ recyclable of type P dropped into box....}
Box has ID: 1544031987
--------------------------------------------------
separating paper......
process carried out at separation unit ID: 1513071903
{ recyclable of type P dropped into box....}
Box has ID: 1544031987
--------------------------------------------------
separating paper......
process carried out at separation unit ID: 1513071903
{ recyclable of type P dropped into box....}
Box has ID: 1544031987
--------------------------------------------------
separating paper......
process carried out at separation unit ID: 1513071903
{ recyclable of type P dropped into box....}
Box has ID: 1544031987
--------------------------------------------------
separating paper......
process carried out at separation unit ID: 1513071903
{ recyclable of type P dropped into box....}
Box has ID: 1544031987
--------------------------------------------------
separating paper......
process carried out at separation unit ID: 1513071903
{ recyclable of type P dropped into box....}
Box has ID: 1544031987
--------------------------------------------------
separating paper......
process carried out at separation unit ID: 1513071903
{ recyclable of type P dropped into box....}
Box has ID: 1544031987
--------------------------------------------------
separating paper......
process carried out at separation unit ID: 1513071903
{ recyclable of type P dropped into box....}
Box has ID: 1544031987
--------------------------------------------------
separating paper......
process carried out at separation unit ID: 1513071903
{ recyclable of type P dropped into box....}
Box has ID: 1544031987
--------------------------------------------------
separating paper......
process carried out at separation unit ID: 1513071903
{ recyclable of type P dropped into box....}
Box has ID: 1544031987
--------------------------------------------------
separating paper......
process carried out at separation unit ID: 1513071903
{ recyclable of type P dropped into box....}
Box has ID: 1544031987
--------------------------------------------------
separating paper......
process carried out at separation unit ID: 1513071903
{ recyclable of type P dropped into box....}
Box has ID: 1544031987
--------------------------------------------------
separating paper......
process carried out at separation unit ID: 1513071903
{ recyclable of type P dropped into box....}
Box has ID: 1544031987
--------------------------------------------------
separating paper......
process carried out at separation unit ID: 1513071903
{ recyclable of type P dropped into box....}
Box has ID: 1544031987
--------------------------------------------------
separating paper......
process carried out at separation unit ID: 1513071903
{ recyclable of type P dropped into box....}
Box has ID: 1544031987
--------------------------------------------------
separating paper......
process carried out at separation unit ID: 1513071903
{ recyclable of type P dropped into box....}
Box has ID: 1544031987
--------------------------------------------------
separating paper......
process carried out at separation unit ID: 1513071903
{ recyclable of type P dropped into box....}
Box has ID: 1544031987
--------------------------------------------------
separating paper......
process carried out at separation unit ID: 1513071903
{ recyclable of type P dropped into box....}
Box has ID: 1544031987
--------------------------------------------------
separating paper......
process carried out at separation unit ID: 1513071903
{ recyclable of type P dropped into box....}
Box has ID: 1544031987
--------------------------------------------------
separating paper......
process carried out at separation unit ID: 1513071903
{ recyclable of type P dropped into box....}
Box has ID: 1544031987
--------------------------------------------------
separating paper......
process carried out at separation unit ID: 1513071903
{ recyclable of type P dropped into box....}
Box has ID: 1544031987
--------------------------------------------------
separating paper......
process carried out at separation unit ID: 1513071903
{ recyclable of type P dropped into box....}
Box has ID: 1544031987
--------------------------------------------------
separating paper......
process carried out at separation unit ID: 1513071903
{ recyclable of type P dropped into box....}
Box has ID: 1544031987
--------------------------------------------------
separating paper......
process carried out at separation unit ID: 1513071903
{ recyclable of type P dropped into box....}
Box has ID: 1544031987
--------------------------------------------------
separating paper......
process carried out at separation unit ID: 1513071903
{ recyclable of type P dropped into box....}
Box has ID: 1544031987
--------------------------------------------------
separating paper......
process carried out at separation unit ID: 1513071903
{ recyclable of type P dropped into box....}
Box has ID: 1544031987
--------------------------------------------------
separating paper......
process carried out at separation unit ID: 1513071903
{ recyclable of type P dropped into box....}
Box has ID: 1544031987
--------------------------------------------------
separating paper......
process carried out at separation unit ID: 1513071903
{ recyclable of type P dropped into box....}
Box has ID: 1544031987
--------------------------------------------------
separating paper......
process carried out at separation unit ID: 1513071903
{ recyclable of type P dropped into box....}
Box has ID: 1544031987
--------------------------------------------------
separating paper......
process carried out at separation unit ID: 1513071903
{ recyclable of type P dropped into box....}
Box has ID: 1544031987
--------------------------------------------------
separating paper......
process carried out at separation unit ID: 1513071903
{ recyclable of type P dropped into box....}
Box has ID: 1544031987
--------------------------------------------------
separating paper......
process carried out at separation unit ID: 1513071903
{ recyclable of type P dropped into box....}
Box has ID: 1544031987
--------------------------------------------------
separating paper......
process carried out at separation unit ID: 1513071903
{ recyclable of type P dropped into box....}
Box has ID: 1544031987
--------------------------------------------------
separating paper......
process carried out at separation unit ID: 1513071903
{ recyclable of type P dropped into box....}
Box has ID: 1544031987
--------------------------------------------------
separating paper......
process carried out at separation unit ID: 1513071903
{ recyclable of type P dropped into box....}
Box has ID: 1544031987
--------------------------------------------------
separating paper......
process carried out at separation unit ID: 1513071903
{ recyclable of type P dropped into box....}
Box has ID: 1544031987
--------------------------------------------------
separating paper......
process carried out at separation unit ID: 1513071903
{ recyclable of type P dropped into box....}
Box has ID: 1544031987
--------------------------------------------------
separating paper......
process carried out at separation unit ID: 1513071903
{ recyclable of type P dropped into box....}
Box has ID: 1544031987
--------------------------------------------------
separating paper......
process carried out at separation unit ID: 1513071903
{ recyclable of type P dropped into box....}
Box has ID: 1544031987
--------------------------------------------------
separating paper......
process carried out at separation unit ID: 1513071903
{ recyclable of type P dropped into box....}
Box has ID: 1544031987
--------------------------------------------------
separating paper......
process carried out at separation unit ID: 1513071903
{ recyclable of type P dropped into box....}
Box has ID: 1544031987
--------------------------------------------------
separating paper......
process carried out at separation unit ID: 1513071903
{ recyclable of type P dropped into box....}
Box has ID: 1544031987
--------------------------------------------------
separating paper......
process carried out at separation unit ID: 1513071903
{ recyclable of type P dropped into box....}
Box has ID: 1544031987
--------------------------------------------------
separating paper......
process carried out at separation unit ID: 1513071903
{ recyclable of type P dropped into box....}
Box has ID: 1544031987
--------------------------------------------------
separating paper......
process carried out at separation unit ID: 1513071903
{ recyclable of type P dropped into box....}
Box has ID: 1544031987
--------------------------------------------------
separating paper......
process carried out at separation unit ID: 1513071903
{ recyclable of type P dropped into box....}
Box has ID: 1544031987
--------------------------------------------------
separating paper......
process carried out at separation unit ID: 1513071903
{ recyclable of type P dropped into box....}
Box has ID: 1544031987
--------------------------------------------------
separating paper......
process carried out at separation unit ID: 1513071903
{ recyclable of type P dropped into box....}
Box has ID: 1544031987
--------------------------------------------------
separating paper......
process carried out at separation unit ID: 1513071903
{ recyclable of type P dropped into box....}
Box has ID: 1544031987
--------------------------------------------------
separating paper......
process carried out at separation unit ID: 1513071903
{ recyclable of type P dropped into box....}
Box has ID: 1544031987
--------------------------------------------------
separating paper......
process carried out at separation unit ID: 1513071903
{ recyclable of type P dropped into box....}
Box has ID: 1544031987
--------------------------------------------------
separating paper......
process carried out at separation unit ID: 1513071903
{ recyclable of type P dropped into box....}
Box has ID: 1544031987
--------------------------------------------------
separating paper......
process carried out at separation unit ID: 1513071903
{ recyclable of type P dropped into box....}
Box has ID: 1544031987
--------------------------------------------------
separating paper......
process carried out at separation unit ID: 1513071903
{ recyclable of type P dropped into box....}
Box has ID: 1544031987
--------------------------------------------------
separating paper......
process carried out at separation unit ID: 1513071903
{ recyclable of type P dropped into box....}
Box has ID: 1544031987
--------------------------------------------------
separating paper......
process carried out at separation unit ID: 1513071903
{ recyclable of type P dropped into box....}
Box has ID: 1544031987
--------------------------------------------------
separating paper......
process carried out at separation unit ID: 1513071903
{ recyclable of type P dropped into box....}
Box has ID: 1544031987
--------------------------------------------------
separating paper......
process carried out at separation unit ID: 1513071903
{ recyclable of type P dropped into box....}
Box has ID: 1544031987
--------------------------------------------------
separating paper......
process carried out at separation unit ID: 1513071903
{ recyclable of type P dropped into box....}
Box has ID: 1544031987
--------------------------------------------------
separating paper......
process carried out at separation unit ID: 1513071903
{ recyclable of type P dropped into box....}
Box has ID: 1544031987
--------------------------------------------------
separating paper......
process carried out at separation unit ID: 1513071903
{ recyclable of type P dropped into box....}
Box has ID: 1544031987
--------------------------------------------------
separating paper......
process carried out at separation unit ID: 1513071903
{ recyclable of type P dropped into box....}
Box has ID: 1544031987
--------------------------------------------------
separating paper......
process carried out at separation unit ID: 1513071903
{ recyclable of type P dropped into box....}
Box has ID: 1544031987
--------------------------------------------------
separating paper......
process carried out at separation unit ID: 1513071903
{ recyclable of type P dropped into box....}
Box has ID: 1544031987
--------------------------------------------------
separating paper......
process carried out at separation unit ID: 1513071903
{ recyclable of type P dropped into box....}
Box has ID: 1544031987
--------------------------------------------------
separating paper......
process carried out at separation unit ID: 1513071903
{ recyclable of type P dropped into box....}
Box has ID: 1544031987
--------------------------------------------------
separating paper......
process carried out at separation unit ID: 1513071903
{ recyclable of type P dropped into box....}
Box has ID: 1544031987
--------------------------------------------------
separating paper......
process carried out at separation unit ID: 1513071903
{ recyclable of type P dropped into box....}
Box has ID: 1544031987
--------------------------------------------------
separating paper......
process carried out at separation unit ID: 1513071903
{ recyclable of type P dropped into box....}
Box has ID: 1544031987
--------------------------------------------------
separating paper......
process carried out at separation unit ID: 1513071903
{ recyclable of type P dropped into box....}
Box has ID: 1544031987
--------------------------------------------------
separating paper......
process carried out at separation unit ID: 1513071903
{ recyclable of type P dropped into box....}
Box has ID: 1544031987
--------------------------------------------------
separating paper......
process carried out at separation unit ID: 1513071903
{ recyclable of type P dropped into box....}
Box has ID: 1544031987
--------------------------------------------------
separating paper......
process carried out at separation unit ID: 1513071903
{ recyclable of type P dropped into box....}
Box has ID: 1544031987
--------------------------------------------------
separating paper......
process carried out at separation unit ID: 1513071903
{ recyclable of type P dropped into box....}
Box has ID: 1544031987
--------------------------------------------------
separating paper......
process carried out at separation unit ID: 1513071903
{ recyclable of type P dropped into box....}
Box has ID: 1544031987
--------------------------------------------------
separating paper......
process carried out at separation unit ID: 1513071903
{ recyclable of type P dropped into box....}
Box has ID: 1544031987
--------------------------------------------------
separating paper......
process carried out at separation unit ID: 1513071903
{ recyclable of type P dropped into box....}
Box has ID: 1544031987
--------------------------------------------------
separating paper......
process carried out at separation unit ID: 1513071903
{ recyclable of type P dropped into box....}
Box has ID: 1544031987
--------------------------------------------------
separating paper......
process carried out at separation unit ID: 1513071903
{ recyclable of type P dropped into box....}
Box has ID: 1544031987
--------------------------------------------------
separating paper......
process carried out at separation unit ID: 1513071903
{ recyclable of type P dropped into box....}
Box has ID: 1544031987
--------------------------------------------------
separating paper......
process carried out at separation unit ID: 1513071903
{ recyclable of type P dropped into box....}
Box has ID: 1544031987
--------------------------------------------------
separating paper......
process carried out at separation unit ID: 1513071903
{ recyclable of type P dropped into box....}
Box has ID: 1544031987
--------------------------------------------------
separating paper......
process carried out at separation unit ID: 1513071903
{ recyclable of type P dropped into box....}
Box has ID: 1544031987
--------------------------------------------------
separating paper......
process carried out at separation unit ID: 1513071903
{ recyclable of type P dropped into box....}
Box has ID: 1544031987
--------------------------------------------------
separating paper......
process carried out at separation unit ID: 1513071903
{ recyclable of type P dropped into box....}
Box has ID: 1544031987
--------------------------------------------------
separating paper......
process carried out at separation unit ID: 1513071903
{ recyclable of type P dropped into box....}
Box has ID: 1544031987
--------------------------------------------------
separating paper......
process carried out at separation unit ID: 1513071903
{ recyclable of type P dropped into box....}
Box has ID: 1544031987
--------------------------------------------------
separating paper......
process carried out at separation unit ID: 1513071903
{ recyclable of type P dropped into box....}
Box has ID: 1544031987
--------------------------------------------------
separating paper......
process carried out at separation unit ID: 1513071903
{ recyclable of type P dropped into box....}
Box has ID: 1544031987
--------------------------------------------------
separating paper......
process carried out at separation unit ID: 1513071903
{ recyclable of type P dropped into box....}
Box has ID: 1544031987
--------------------------------------------------
separating paper......
process carried out at separation unit ID: 1513071903
{ recyclable of type P dropped into box....}
Box has ID: 1544031987
--------------------------------------------------
separating paper......
process carried out at separation unit ID: 1513071903
{ recyclable of type P dropped into box....}
Box has ID: 1544031987
--------------------------------------------------
separating paper......
process carried out at separation unit ID: 1513071903
{ recyclable of type P dropped into box....}
Box has ID: 1544031987
--------------------------------------------------
separating paper......
process carried out at separation unit ID: 1513071903
{ recyclable of type P dropped into box....}
Box has ID: 1544031987
--------------------------------------------------
separating paper......
process carried out at separation unit ID: 1513071903
{ recyclable of type P dropped into box....}
Box has ID: 1544031987
--------------------------------------------------
separating paper......
process carried out at separation unit ID: 1513071903
{ recyclable of type P dropped into box....}
Box has ID: 1544031987
--------------------------------------------------
separating paper......
process carried out at separation unit ID: 1513071903
{ recyclable of type P dropped into box....}
Box has ID: 1544031987
--------------------------------------------------
separating paper......
process carried out at separation unit ID: 1513071903
{ recyclable of type P dropped into box....}
Box has ID: 1544031987
--------------------------------------------------
separating paper......
process carried out at separation unit ID: 1513071903
{ recyclable of type P dropped into box....}
Box has ID: 1544031987
--------------------------------------------------
separating paper......
process carried out at separation unit ID: 1513071903
{ recyclable of type P dropped into box....}
Box has ID: 1544031987
--------------------------------------------------
separating paper......
process carried out at separation unit ID: 1513071903
{ recyclable of type P dropped into box....}
Box has ID: 1544031987
--------------------------------------------------
separating paper......
process carried out at separation unit ID: 1513071903
{ recyclable of type P dropped into box....}
Box has ID: 1544031987
--------------------------------------------------
separating paper......
process carried out at separation unit ID: 1513071903
{ recyclable of type P dropped into box....}
Box has ID: 1544031987
--------------------------------------------------
separating paper......
process carried out at separation unit ID: 1513071903
{ recyclable of type P dropped into box....}
Box has ID: 1544031987
--------------------------------------------------
separating paper......
process carried out at separation unit ID: 1513071903
{ recyclable of type P dropped into box....}
Box has ID: 1544031987
--------------------------------------------------
separating paper......
process carried out at separation unit ID: 1513071903
{ recyclable of type P dropped into box....}
Box has ID: 1544031987
--------------------------------------------------
separating paper......
process carried out at separation unit ID: 1513071903
{ recyclable of type P dropped into box....}
Box has ID: 1544031987
--------------------------------------------------
separating paper......
process carried out at separation unit ID: 1513071903
{ recyclable of type P dropped into box....}
Box has ID: 1544031987
--------------------------------------------------
separating paper......
process carried out at separation unit ID: 1513071903
{ recyclable of type P dropped into box....}
Box has ID: 1544031987
--------------------------------------------------
separating paper......
process carried out at separation unit ID: 1513071903
{ recyclable of type P dropped into box....}
Box has ID: 1544031987
--------------------------------------------------
separating paper......
process carried out at separation unit ID: 1513071903
{ recyclable of type P dropped into box....}
Box has ID: 1544031987
--------------------------------------------------
separating paper......
process carried out at separation unit ID: 1513071903
{ recyclable of type P dropped into box....}
Box has ID: 1544031987
--------------------------------------------------
separating paper......
process carried out at separation unit ID: 1513071903
{ recyclable of type P dropped into box....}
Box has ID: 1544031987
--------------------------------------------------
separating paper......
process carried out at separation unit ID: 1513071903
{ recyclable of type P dropped into box....}
Box has ID: 1544031987
--------------------------------------------------
separating paper......
process carried out at separation unit ID: 1513071903
{ recyclable of type P dropped into box....}
Box has ID: 1544031987
--------------------------------------------------
separating paper......
process carried out at separation unit ID: 1513071903
{ recyclable of type P dropped into box....}
Box has ID: 1544031987
--------------------------------------------------
separating paper......
process carried out at separation unit ID: 1513071903
{ recyclable of type P dropped into box....}
Box has ID: 1544031987
--------------------------------------------------
separating paper......
process carried out at separation unit ID: 1513071903
{ recyclable of type P dropped into box....}
Box has ID: 1544031987
--------------------------------------------------
separating paper......
process carried out at separation unit ID: 1513071903
{ recyclable of type P dropped into box....}
Box has ID: 1544031987
--------------------------------------------------
separating paper......
process carried out at separation unit ID: 1513071903
{ recyclable of type P dropped into box....}
Box has ID: 1544031987
--------------------------------------------------
separating paper......
process carried out at separation unit ID: 1513071903
{ recyclable of type P dropped into box....}
Box has ID: 1544031987
--------------------------------------------------
separating paper......
process carried out at separation unit ID: 1513071903
{ recyclable of type P dropped into box....}
Box has ID: 1544031987
--------------------------------------------------
separating paper......
process carried out at separation unit ID: 1513071903
{ recyclable of type P dropped into box....}
Box has ID: 1544031987
--------------------------------------------------
separating paper......
process carried out at separation unit ID: 1513071903
{ recyclable of type P dropped into box....}
Box has ID: 1544031987
--------------------------------------------------
separating paper......
process carried out at separation unit ID: 1513071903
{ recyclable of type P dropped into box....}
Box has ID: 1544031987
--------------------------------------------------
separating paper......
process carried out at separation unit ID: 1513071903
{ recyclable of type P dropped into box....}
Box has ID: 1544031987
--------------------------------------------------
separating paper......
process carried out at separation unit ID: 1513071903
{ recyclable of type P dropped into box....}
Box has ID: 1544031987
--------------------------------------------------
separating paper......
process carried out at separation unit ID: 1513071903
{ recyclable of type P dropped into box....}
Box has ID: 1544031987
--------------------------------------------------
separating paper......
process carried out at separation unit ID: 1513071903
{ recyclable of type P dropped into box....}
Box has ID: 1544031987
--------------------------------------------------
separating paper......
process carried out at separation unit ID: 1513071903
{ recyclable of type P dropped into box....}
Box has ID: 1544031987
--------------------------------------------------
separating paper......
process carried out at separation unit ID: 1513071903
{ recyclable of type P dropped into box....}
Box has ID: 1544031987
--------------------------------------------------
separating paper......
process carried out at separation unit ID: 1513071903
{ recyclable of type P dropped into box....}
Box has ID: 1544031987
--------------------------------------------------
separating paper......
process carried out at separation unit ID: 1513071903
{ recyclable of type P dropped into box....}
Box has ID: 1544031987
--------------------------------------------------
separating paper......
process carried out at separation unit ID: 1513071903
{ recyclable of type P dropped into box....}
Box has ID: 1544031987
--------------------------------------------------
separating paper......
process carried out at separation unit ID: 1513071903
{ recyclable of type P dropped into box....}
Box has ID: 1544031987
--------------------------------------------------
separating paper......
process carried out at separation unit ID: 1513071903
{ recyclable of type P dropped into box....}
Box has ID: 1544031987
--------------------------------------------------
separating paper......
process carried out at separation unit ID: 1513071903
{ recyclable of type P dropped into box....}
Box has ID: 1544031987
--------------------------------------------------
separating paper......
process carried out at separation unit ID: 1513071903
{ recyclable of type P dropped into box....}
Box has ID: 1544031987
--------------------------------------------------
separating paper......
process carried out at separation unit ID: 1513071903
{ recyclable of type P dropped into box....}
Box has ID: 1544031987
--------------------------------------------------
separating paper......
process carried out at separation unit ID: 1513071903
{ recyclable of type P dropped into box....}
Box has ID: 1544031987
--------------------------------------------------
separating paper......
process carried out at separation unit ID: 1513071903
{ recyclable of type P dropped into box....}
Box has ID: 1544031987
--------------------------------------------------
separating paper......
process carried out at separation unit ID: 1513071903
{ recyclable of type P dropped into box....}
Box has ID: 1544031987
--------------------------------------------------
separating paper......
process carried out at separation unit ID: 1513071903
{ recyclable of type P dropped into box....}
Box has ID: 1544031987
--------------------------------------------------
separating paper......
process carried out at separation unit ID: 1513071903
{ recyclable of type P dropped into box....}
Box has ID: 1544031987
--------------------------------------------------
separating paper......
process carried out at separation unit ID: 1513071903
{ recyclable of type P dropped into box....}
Box has ID: 1544031987
--------------------------------------------------
separating paper......
process carried out at separation unit ID: 1513071903
{ recyclable of type P dropped into box....}
Box has ID: 1544031987
--------------------------------------------------
separating paper......
process carried out at separation unit ID: 1513071903
{ recyclable of type P dropped into box....}
Box has ID: 1544031987
--------------------------------------------------
separating paper......
process carried out at separation unit ID: 1513071903
{ recyclable of type P dropped into box....}
Box has ID: 1544031987
--------------------------------------------------
separating paper......
process carried out at separation unit ID: 1513071903
{ recyclable of type P dropped into box....}
Box has ID: 1544031987
--------------------------------------------------
separating paper......
process carried out at separation unit ID: 1513071903
{ recyclable of type P dropped into box....}
Box has ID: 1544031987
--------------------------------------------------
separating paper......
process carried out at separation unit ID: 1513071903
{ recyclable of type P dropped into box....}
Box has ID: 1544031987
--------------------------------------------------
separating paper......
process carried out at separation unit ID: 1513071903
{ recyclable of type P dropped into box....}
Box has ID: 1544031987
--------------------------------------------------
separating paper......
process carried out at separation unit ID: 1513071903
{ recyclable of type P dropped into box....}
Box has ID: 1544031987
--------------------------------------------------
separating paper......
process carried out at separation unit ID: 1513071903
{ recyclable of type P dropped into box....}
Box has ID: 1544031987
--------------------------------------------------
separating paper......
process carried out at separation unit ID: 1513071903
{ recyclable of type P dropped into box....}
Box has ID: 1544031987
--------------------------------------------------
separating paper......
process carried out at separation unit ID: 1513071903
{ recyclable of type P dropped into box....}
Box has ID: 1544031987
--------------------------------------------------
separating paper......
process carried out at separation unit ID: 1513071903
{ recyclable of type P dropped into box....}
Box has ID: 1544031987
--------------------------------------------------
separating paper......
process carried out at separation unit ID: 1513071903
{ recyclable of type P dropped into box....}
Box has ID: 1544031987
--------------------------------------------------
separating paper......
process carried out at separation unit ID: 1513071903
{ recyclable of type P dropped into box....}
Box has ID: 1544031987
--------------------------------------------------
separating paper......
process carried out at separation unit ID: 1513071903
{ recyclable of type P dropped into box....}
Box has ID: 1544031987
--------------------------------------------------
separating paper......
process carried out at separation unit ID: 1513071903
{ recyclable of type P dropped into box....}
Box has ID: 1544031987
--------------------------------------------------
separating paper......
process carried out at separation unit ID: 1513071903
{ recyclable of type P dropped into box....}
Box has ID: 1544031987
--------------------------------------------------
separating paper......
process carried out at separation unit ID: 1513071903
{ recyclable of type P dropped into box....}
Box has ID: 1544031987
--------------------------------------------------
separating paper......
process carried out at separation unit ID: 1513071903
{ recyclable of type P dropped into box....}
Box has ID: 1544031987
--------------------------------------------------
separating paper......
process carried out at separation unit ID: 1513071903
{ recyclable of type P dropped into box....}
Box has ID: 1544031987
--------------------------------------------------
separating paper......
process carried out at separation unit ID: 1513071903
{ recyclable of type P dropped into box....}
Box has ID: 1544031987
--------------------------------------------------
separating paper......
process carried out at separation unit ID: 1513071903
{ recyclable of type P dropped into box....}
Box has ID: 1544031987
--------------------------------------------------
separating paper......
process carried out at separation unit ID: 1513071903
{ recyclable of type P dropped into box....}
Box has ID: 1544031987
--------------------------------------------------
separating paper......
process carried out at separation unit ID: 1513071903
{ recyclable of type P dropped into box....}
Box has ID: 1544031987
--------------------------------------------------
separating paper......
process carried out at separation unit ID: 1513071903
{ recyclable of type P dropped into box....}
Box has ID: 1544031987
--------------------------------------------------
separating paper......
process carried out at separation unit ID: 1513071903
{ recyclable of type P dropped into box....}
Box has ID: 1544031987
--------------------------------------------------
separating paper......
process carried out at separation unit ID: 1513071903
{ recyclable of type P dropped into box....}
Box has ID: 1544031987
--------------------------------------------------
separating paper......
process carried out at separation unit ID: 1513071903
{ recyclable of type P dropped into box....}
Box has ID: 1544031987
--------------------------------------------------
separating paper......
process carried out at separation unit ID: 1513071903
{ recyclable of type P dropped into box....}
Box has ID: 1544031987
--------------------------------------------------
separating paper......
process carried out at separation unit ID: 1513071903
{ recyclable of type P dropped into box....}
Box has ID: 1544031987
--------------------------------------------------
separating paper......
process carried out at separation unit ID: 1513071903
{ recyclable of type P dropped into box....}
Box has ID: 1544031987
--------------------------------------------------
separating paper......
process carried out at separation unit ID: 1513071903
{ recyclable of type P dropped into box....}
Box has ID: 1544031987
--------------------------------------------------
separating paper......
process carried out at separation unit ID: 1513071903
{ recyclable of type P dropped into box....}
Box has ID: 1544031987
--------------------------------------------------
separating paper......
process carried out at separation unit ID: 1513071903
{ recyclable of type P dropped into box....}
Box has ID: 1544031987
--------------------------------------------------
separating paper......
process carried out at separation unit ID: 1513071903
{ recyclable of type P dropped into box....}
Box has ID: 1544031987
--------------------------------------------------
separating paper......
process carried out at separation unit ID: 1513071903
{ recyclable of type P dropped into box....}
Box has ID: 1544031987
--------------------------------------------------
separating paper......
process carried out at separation unit ID: 1513071903
{ recyclable of type P dropped into box....}
Box has ID: 1544031987
--------------------------------------------------
separating paper......
process carried out at separation unit ID: 1513071903
{ recyclable of type P dropped into box....}
Box has ID: 1544031987
--------------------------------------------------
separating paper......
process carried out at separation unit ID: 1513071903
{ recyclable of type P dropped into box....}
Box has ID: 1544031987
--------------------------------------------------
separating paper......
process carried out at separation unit ID: 1513071903
{ recyclable of type P dropped into box....}
Box has ID: 1544031987
--------------------------------------------------
separating paper......
process carried out at separation unit ID: 1513071903
{ recyclable of type P dropped into box....}
Box has ID: 1544031987
--------------------------------------------------
separating paper......
process carried out at separation unit ID: 1513071903
{ recyclable of type P dropped into box....}
Box has ID: 1544031987
--------------------------------------------------
separating paper......
process carried out at separation unit ID: 1513071903
{ recyclable of type P dropped into box....}
Box has ID: 1544031987
--------------------------------------------------
separating paper......
process carried out at separation unit ID: 1513071903
{ recyclable of type P dropped into box....}
Box has ID: 1544031987
--------------------------------------------------
separating paper......
process carried out at separation unit ID: 1513071903
{ recyclable of type P dropped into box....}
Box has ID: 1544031987
--------------------------------------------------
separating paper......
process carried out at separation unit ID: 1513071903
{ recyclable of type P dropped into box....}
Box has ID: 1544031987
--------------------------------------------------
separating paper......
process carried out at separation unit ID: 1513071903
{ recyclable of type P dropped into box....}
Box has ID: 1544031987
--------------------------------------------------
separating paper......
process carried out at separation unit ID: 1513071903
{ recyclable of type P dropped into box....}
Box has ID: 1544031987
--------------------------------------------------
separating paper......
process carried out at separation unit ID: 1513071903
{ recyclable of type P dropped into box....}
Box has ID: 1544031987
--------------------------------------------------
separating paper......
process carried out at separation unit ID: 1513071903
{ recyclable of type P dropped into box....}
Box has ID: 1544031987
--------------------------------------------------
separating paper......
process carried out at separation unit ID: 1513071903
{ recyclable of type P dropped into box....}
Box has ID: 1544031987
--------------------------------------------------
separating paper......
process carried out at separation unit ID: 1513071903
{ recyclable of type P dropped into box....}
Box has ID: 1544031987
--------------------------------------------------
separating paper......
process carried out at separation unit ID: 1513071903
{ recyclable of type P dropped into box....}
Box has ID: 1544031987
--------------------------------------------------
separating paper......
process carried out at separation unit ID: 1513071903
{ recyclable of type P dropped into box....}
Box has ID: 1544031987
--------------------------------------------------
separating paper......
process carried out at separation unit ID: 1513071903
{ recyclable of type P dropped into box....}
Box has ID: 1544031987
--------------------------------------------------
separating paper......
process carried out at separation unit ID: 1513071903
{ recyclable of type P dropped into box....}
Box has ID: 1544031987
--------------------------------------------------
separating paper......
process carried out at separation unit ID: 1513071903
{ recyclable of type P dropped into box....}
Box has ID: 1544031987
--------------------------------------------------
separating paper......
process carried out at separation unit ID: 1513071903
{ recyclable of type P dropped into box....}
Box has ID: 1544031987
--------------------------------------------------
separating paper......
process carried out at separation unit ID: 1513071903
{ recyclable of type P dropped into box....}
Box has ID: 1544031987
--------------------------------------------------
separating paper......
process carried out at separation unit ID: 1513071903
{ recyclable of type P dropped into box....}
Box has ID: 1544031987
--------------------------------------------------
separating paper......
process carried out at separation unit ID: 1513071903
{ recyclable of type P dropped into box....}
Box has ID: 1544031987
--------------------------------------------------
separating paper......
process carried out at separation unit ID: 1513071903
{ recyclable of type P dropped into box....}
Box has ID: 1544031987
--------------------------------------------------
separating paper......
process carried out at separation unit ID: 1513071903
{ recyclable of type P dropped into box....}
Box has ID: 1544031987
--------------------------------------------------
separating paper......
process carried out at separation unit ID: 1513071903
{ recyclable of type P dropped into box....}
Box has ID: 1544031987
--------------------------------------------------
separating paper......
process carried out at separation unit ID: 1513071903
{ recyclable of type P dropped into box....}
Box has ID: 1544031987
--------------------------------------------------
separating paper......
process carried out at separation unit ID: 1513071903
{ recyclable of type P dropped into box....}
Box has ID: 1544031987
--------------------------------------------------
separating paper......
process carried out at separation unit ID: 1513071903
{ recyclable of type P dropped into box....}
Box has ID: 1544031987
--------------------------------------------------
separating paper......
process carried out at separation unit ID: 1513071903
{ recyclable of type P dropped into box....}
Box has ID: 1544031987
--------------------------------------------------
separating paper......
process carried out at separation unit ID: 1513071903
{ recyclable of type P dropped into box....}
Box has ID: 1544031987
--------------------------------------------------
separating paper......
process carried out at separation unit ID: 1513071903
{ recyclable of type P dropped into box....}
Box has ID: 1544031987
--------------------------------------------------
separating paper......
process carried out at separation unit ID: 1513071903
{ recyclable of type P dropped into box....}
Box has ID: 1544031987
--------------------------------------------------
separating paper......
process carried out at separation unit ID: 1513071903
{ recyclable of type P dropped into box....}
Box has ID: 1544031987
--------------------------------------------------
separating paper......
process carried out at separation unit ID: 1513071903
{ recyclable of type P dropped into box....}
Box has ID: 1544031987
--------------------------------------------------
separating paper......
process carried out at separation unit ID: 1513071903
{ recyclable of type P dropped into box....}
Box has ID: 1544031987
--------------------------------------------------
separating paper......
process carried out at separation unit ID: 1513071903
{ recyclable of type P dropped into box....}
Box has ID: 1544031987
--------------------------------------------------
separating paper......
process carried out at separation unit ID: 1513071903
{ recyclable of type P dropped into box....}
Box has ID: 1544031987
--------------------------------------------------
box hash: 1544031987
-----------------------------------------------------------------------------------
-----------------------------------------------------------------------------------
ALARM !!!!!!! BOX with ID 1544031987 is full.....
-----------------------------------------------------------------------------------
-----------------------------------------------------------------------------------
box capacity: 1000
worker replaced filled box with ID: 1544031987 , with a new box with ID: 1323706655 at process unit: 1513071903

separating paper......
process carried out at separation unit ID: 1513071903
{ recyclable of type P dropped into box....}
Box has ID: 1323706655
--------------------------------------------------
separating paper......
process carried out at separation unit ID: 607578671
{ recyclable of type P dropped into box....}
Box has ID: 87035052
--------------------------------------------------
separating paper......
process carried out at separation unit ID: 607578671
{ recyclable of type P dropped into box....}
Box has ID: 87035052
--------------------------------------------------
separating paper......
process carried out at separation unit ID: 607578671
{ recyclable of type P dropped into box....}
Box has ID: 87035052
--------------------------------------------------
separating paper......
process carried out at separation unit ID: 607578671
{ recyclable of type P dropped into box....}
Box has ID: 87035052
--------------------------------------------------
separating paper......
process carried out at separation unit ID: 607578671
{ recyclable of type P dropped into box....}
Box has ID: 87035052
--------------------------------------------------
separating paper......
process carried out at separation unit ID: 607578671
{ recyclable of type P dropped into box....}
Box has ID: 87035052
--------------------------------------------------
separating paper......
process carried out at separation unit ID: 607578671
{ recyclable of type P dropped into box....}
Box has ID: 87035052
--------------------------------------------------
separating paper......
process carried out at separation unit ID: 607578671
{ recyclable of type P dropped into box....}
Box has ID: 87035052
--------------------------------------------------
separating paper......
process carried out at separation unit ID: 607578671
{ recyclable of type P dropped into box....}
Box has ID: 87035052
--------------------------------------------------
separating paper......
process carried out at separation unit ID: 607578671
{ recyclable of type P dropped into box....}
Box has ID: 87035052
--------------------------------------------------
separating paper......
process carried out at separation unit ID: 607578671
{ recyclable of type P dropped into box....}
Box has ID: 87035052
--------------------------------------------------
separating paper......
process carried out at separation unit ID: 607578671
{ recyclable of type P dropped into box....}
Box has ID: 87035052
--------------------------------------------------
separating paper......
process carried out at separation unit ID: 607578671
{ recyclable of type P dropped into box....}
Box has ID: 87035052
--------------------------------------------------
separating paper......
process carried out at separation unit ID: 607578671
{ recyclable of type P dropped into box....}
Box has ID: 87035052
--------------------------------------------------
separating paper......
process carried out at separation unit ID: 607578671
{ recyclable of type P dropped into box....}
Box has ID: 87035052
--------------------------------------------------
separating paper......
process carried out at separation unit ID: 607578671
{ recyclable of type P dropped into box....}
Box has ID: 87035052
--------------------------------------------------
separating paper......
process carried out at separation unit ID: 607578671
{ recyclable of type P dropped into box....}
Box has ID: 87035052
--------------------------------------------------
separating paper......
process carried out at separation unit ID: 607578671
{ recyclable of type P dropped into box....}
Box has ID: 87035052
--------------------------------------------------
separating paper......
process carried out at separation unit ID: 607578671
{ recyclable of type P dropped into box....}
Box has ID: 87035052
--------------------------------------------------
separating paper......
process carried out at separation unit ID: 607578671
{ recyclable of type P dropped into box....}
Box has ID: 87035052
--------------------------------------------------
separating paper......
process carried out at separation unit ID: 607578671
{ recyclable of type P dropped into box....}
Box has ID: 87035052
--------------------------------------------------
separating paper......
process carried out at separation unit ID: 607578671
{ recyclable of type P dropped into box....}
Box has ID: 87035052
--------------------------------------------------
separating paper......
process carried out at separation unit ID: 607578671
{ recyclable of type P dropped into box....}
Box has ID: 87035052
--------------------------------------------------
separating paper......
process carried out at separation unit ID: 607578671
{ recyclable of type P dropped into box....}
Box has ID: 87035052
--------------------------------------------------
separating paper......
process carried out at separation unit ID: 607578671
{ recyclable of type P dropped into box....}
Box has ID: 87035052
--------------------------------------------------
separating paper......
process carried out at separation unit ID: 607578671
{ recyclable of type P dropped into box....}
Box has ID: 87035052
--------------------------------------------------
separating paper......
process carried out at separation unit ID: 607578671
{ recyclable of type P dropped into box....}
Box has ID: 87035052
--------------------------------------------------
separating paper......
process carried out at separation unit ID: 607578671
{ recyclable of type P dropped into box....}
Box has ID: 87035052
--------------------------------------------------
separating paper......
process carried out at separation unit ID: 607578671
{ recyclable of type P dropped into box....}
Box has ID: 87035052
--------------------------------------------------
separating paper......
process carried out at separation unit ID: 607578671
{ recyclable of type P dropped into box....}
Box has ID: 87035052
--------------------------------------------------
separating paper......
process carried out at separation unit ID: 607578671
{ recyclable of type P dropped into box....}
Box has ID: 87035052
--------------------------------------------------
separating paper......
process carried out at separation unit ID: 607578671
{ recyclable of type P dropped into box....}
Box has ID: 87035052
--------------------------------------------------
separating paper......
process carried out at separation unit ID: 607578671
{ recyclable of type P dropped into box....}
Box has ID: 87035052
--------------------------------------------------
separating paper......
process carried out at separation unit ID: 607578671
{ recyclable of type P dropped into box....}
Box has ID: 87035052
--------------------------------------------------
separating paper......
process carried out at separation unit ID: 607578671
{ recyclable of type P dropped into box....}
Box has ID: 87035052
--------------------------------------------------
separating paper......
process carried out at separation unit ID: 607578671
{ recyclable of type P dropped into box....}
Box has ID: 87035052
--------------------------------------------------
separating paper......
process carried out at separation unit ID: 607578671
{ recyclable of type P dropped into box....}
Box has ID: 87035052
--------------------------------------------------
separating paper......
process carried out at separation unit ID: 607578671
{ recyclable of type P dropped into box....}
Box has ID: 87035052
--------------------------------------------------
separating paper......
process carried out at separation unit ID: 607578671
{ recyclable of type P dropped into box....}
Box has ID: 87035052
--------------------------------------------------
separating paper......
process carried out at separation unit ID: 607578671
{ recyclable of type P dropped into box....}
Box has ID: 87035052
--------------------------------------------------
separating paper......
process carried out at separation unit ID: 607578671
{ recyclable of type P dropped into box....}
Box has ID: 87035052
--------------------------------------------------
separating paper......
process carried out at separation unit ID: 607578671
{ recyclable of type P dropped into box....}
Box has ID: 87035052
--------------------------------------------------
separating paper......
process carried out at separation unit ID: 607578671
{ recyclable of type P dropped into box....}
Box has ID: 87035052
--------------------------------------------------
separating paper......
process carried out at separation unit ID: 607578671
{ recyclable of type P dropped into box....}
Box has ID: 87035052
--------------------------------------------------
separating paper......
process carried out at separation unit ID: 607578671
{ recyclable of type P dropped into box....}
Box has ID: 87035052
--------------------------------------------------
separating paper......
process carried out at separation unit ID: 607578671
{ recyclable of type P dropped into box....}
Box has ID: 87035052
--------------------------------------------------
separating paper......
process carried out at separation unit ID: 607578671
{ recyclable of type P dropped into box....}
Box has ID: 87035052
--------------------------------------------------
separating paper......
process carried out at separation unit ID: 607578671
{ recyclable of type P dropped into box....}
Box has ID: 87035052
--------------------------------------------------
separating paper......
process carried out at separation unit ID: 607578671
{ recyclable of type P dropped into box....}
Box has ID: 87035052
--------------------------------------------------
separating paper......
process carried out at separation unit ID: 607578671
{ recyclable of type P dropped into box....}
Box has ID: 87035052
--------------------------------------------------
separating paper......
process carried out at separation unit ID: 607578671
{ recyclable of type P dropped into box....}
Box has ID: 87035052
--------------------------------------------------
separating paper......
process carried out at separation unit ID: 607578671
{ recyclable of type P dropped into box....}
Box has ID: 87035052
--------------------------------------------------
separating paper......
process carried out at separation unit ID: 607578671
{ recyclable of type P dropped into box....}
Box has ID: 87035052
--------------------------------------------------
separating paper......
process carried out at separation unit ID: 607578671
{ recyclable of type P dropped into box....}
Box has ID: 87035052
--------------------------------------------------
separating paper......
process carried out at separation unit ID: 607578671
{ recyclable of type P dropped into box....}
Box has ID: 87035052
--------------------------------------------------
separating paper......
process carried out at separation unit ID: 607578671
{ recyclable of type P dropped into box....}
Box has ID: 87035052
--------------------------------------------------
separating paper......
process carried out at separation unit ID: 607578671
{ recyclable of type P dropped into box....}
Box has ID: 87035052
--------------------------------------------------
separating paper......
process carried out at separation unit ID: 607578671
{ recyclable of type P dropped into box....}
Box has ID: 87035052
--------------------------------------------------
separating paper......
process carried out at separation unit ID: 607578671
{ recyclable of type P dropped into box....}
Box has ID: 87035052
--------------------------------------------------
separating paper......
process carried out at separation unit ID: 607578671
{ recyclable of type P dropped into box....}
Box has ID: 87035052
--------------------------------------------------
separating paper......
process carried out at separation unit ID: 607578671
{ recyclable of type P dropped into box....}
Box has ID: 87035052
--------------------------------------------------
separating paper......
process carried out at separation unit ID: 607578671
{ recyclable of type P dropped into box....}
Box has ID: 87035052
--------------------------------------------------
separating paper......
process carried out at separation unit ID: 607578671
{ recyclable of type P dropped into box....}
Box has ID: 87035052
--------------------------------------------------
separating paper......
process carried out at separation unit ID: 607578671
{ recyclable of type P dropped into box....}
Box has ID: 87035052
--------------------------------------------------
separating paper......
process carried out at separation unit ID: 607578671
{ recyclable of type P dropped into box....}
Box has ID: 87035052
--------------------------------------------------
separating paper......
process carried out at separation unit ID: 607578671
{ recyclable of type P dropped into box....}
Box has ID: 87035052
--------------------------------------------------
separating paper......
process carried out at separation unit ID: 607578671
{ recyclable of type P dropped into box....}
Box has ID: 87035052
--------------------------------------------------
separating paper......
process carried out at separation unit ID: 607578671
{ recyclable of type P dropped into box....}
Box has ID: 87035052
--------------------------------------------------
separating paper......
process carried out at separation unit ID: 607578671
{ recyclable of type P dropped into box....}
Box has ID: 87035052
--------------------------------------------------
separating paper......
process carried out at separation unit ID: 607578671
{ recyclable of type P dropped into box....}
Box has ID: 87035052
--------------------------------------------------
separating paper......
process carried out at separation unit ID: 607578671
{ recyclable of type P dropped into box....}
Box has ID: 87035052
--------------------------------------------------
separating paper......
process carried out at separation unit ID: 607578671
{ recyclable of type P dropped into box....}
Box has ID: 87035052
--------------------------------------------------
separating paper......
process carried out at separation unit ID: 607578671
{ recyclable of type P dropped into box....}
Box has ID: 87035052
--------------------------------------------------
separating paper......
process carried out at separation unit ID: 607578671
{ recyclable of type P dropped into box....}
Box has ID: 87035052
--------------------------------------------------
separating paper......
process carried out at separation unit ID: 607578671
{ recyclable of type P dropped into box....}
Box has ID: 87035052
--------------------------------------------------
separating paper......
process carried out at separation unit ID: 607578671
{ recyclable of type P dropped into box....}
Box has ID: 87035052
--------------------------------------------------
separating paper......
process carried out at separation unit ID: 607578671
{ recyclable of type P dropped into box....}
Box has ID: 87035052
--------------------------------------------------
separating paper......
process carried out at separation unit ID: 607578671
{ recyclable of type P dropped into box....}
Box has ID: 87035052
--------------------------------------------------
separating paper......
process carried out at separation unit ID: 607578671
{ recyclable of type P dropped into box....}
Box has ID: 87035052
--------------------------------------------------
separating paper......
process carried out at separation unit ID: 607578671
{ recyclable of type P dropped into box....}
Box has ID: 87035052
--------------------------------------------------
separating paper......
process carried out at separation unit ID: 607578671
{ recyclable of type P dropped into box....}
Box has ID: 87035052
--------------------------------------------------
separating paper......
process carried out at separation unit ID: 607578671
{ recyclable of type P dropped into box....}
Box has ID: 87035052
--------------------------------------------------
separating paper......
process carried out at separation unit ID: 607578671
{ recyclable of type P dropped into box....}
Box has ID: 87035052
--------------------------------------------------
separating paper......
process carried out at separation unit ID: 607578671
{ recyclable of type P dropped into box....}
Box has ID: 87035052
--------------------------------------------------
separating paper......
process carried out at separation unit ID: 607578671
{ recyclable of type P dropped into box....}
Box has ID: 87035052
--------------------------------------------------
separating paper......
process carried out at separation unit ID: 607578671
{ recyclable of type P dropped into box....}
Box has ID: 87035052
--------------------------------------------------
separating paper......
process carried out at separation unit ID: 607578671
{ recyclable of type P dropped into box....}
Box has ID: 87035052
--------------------------------------------------
separating paper......
process carried out at separation unit ID: 607578671
{ recyclable of type P dropped into box....}
Box has ID: 87035052
--------------------------------------------------
separating paper......
process carried out at separation unit ID: 607578671
{ recyclable of type P dropped into box....}
Box has ID: 87035052
--------------------------------------------------
separating paper......
process carried out at separation unit ID: 607578671
{ recyclable of type P dropped into box....}
Box has ID: 87035052
--------------------------------------------------
separating paper......
process carried out at separation unit ID: 607578671
{ recyclable of type P dropped into box....}
Box has ID: 87035052
--------------------------------------------------
separating paper......
process carried out at separation unit ID: 607578671
{ recyclable of type P dropped into box....}
Box has ID: 87035052
--------------------------------------------------
separating paper......
process carried out at separation unit ID: 607578671
{ recyclable of type P dropped into box....}
Box has ID: 87035052
--------------------------------------------------
separating paper......
process carried out at separation unit ID: 607578671
{ recyclable of type P dropped into box....}
Box has ID: 87035052
--------------------------------------------------
separating paper......
process carried out at separation unit ID: 607578671
{ recyclable of type P dropped into box....}
Box has ID: 87035052
--------------------------------------------------
separating paper......
process carried out at separation unit ID: 607578671
{ recyclable of type P dropped into box....}
Box has ID: 87035052
--------------------------------------------------
separating paper......
process carried out at separation unit ID: 607578671
{ recyclable of type P dropped into box....}
Box has ID: 87035052
--------------------------------------------------
separating paper......
process carried out at separation unit ID: 607578671
{ recyclable of type P dropped into box....}
Box has ID: 87035052
--------------------------------------------------
separating paper......
process carried out at separation unit ID: 607578671
{ recyclable of type P dropped into box....}
Box has ID: 87035052
--------------------------------------------------
separating paper......
process carried out at separation unit ID: 607578671
{ recyclable of type P dropped into box....}
Box has ID: 87035052
--------------------------------------------------
separating paper......
process carried out at separation unit ID: 607578671
{ recyclable of type P dropped into box....}
Box has ID: 87035052
--------------------------------------------------
separating paper......
process carried out at separation unit ID: 607578671
{ recyclable of type P dropped into box....}
Box has ID: 87035052
--------------------------------------------------
separating paper......
process carried out at separation unit ID: 607578671
{ recyclable of type P dropped into box....}
Box has ID: 87035052
--------------------------------------------------
separating paper......
process carried out at separation unit ID: 607578671
{ recyclable of type P dropped into box....}
Box has ID: 87035052
--------------------------------------------------
separating paper......
process carried out at separation unit ID: 607578671
{ recyclable of type P dropped into box....}
Box has ID: 87035052
--------------------------------------------------
separating paper......
process carried out at separation unit ID: 607578671
{ recyclable of type P dropped into box....}
Box has ID: 87035052
--------------------------------------------------
separating paper......
process carried out at separation unit ID: 607578671
{ recyclable of type P dropped into box....}
Box has ID: 87035052
--------------------------------------------------
separating paper......
process carried out at separation unit ID: 607578671
{ recyclable of type P dropped into box....}
Box has ID: 87035052
--------------------------------------------------
separating paper......
process carried out at separation unit ID: 607578671
{ recyclable of type P dropped into box....}
Box has ID: 87035052
--------------------------------------------------
separating paper......
process carried out at separation unit ID: 607578671
{ recyclable of type P dropped into box....}
Box has ID: 87035052
--------------------------------------------------
separating paper......
process carried out at separation unit ID: 607578671
{ recyclable of type P dropped into box....}
Box has ID: 87035052
--------------------------------------------------
separating paper......
process carried out at separation unit ID: 607578671
{ recyclable of type P dropped into box....}
Box has ID: 87035052
--------------------------------------------------
separating paper......
process carried out at separation unit ID: 607578671
{ recyclable of type P dropped into box....}
Box has ID: 87035052
--------------------------------------------------
separating paper......
process carried out at separation unit ID: 607578671
{ recyclable of type P dropped into box....}
Box has ID: 87035052
--------------------------------------------------
separating paper......
process carried out at separation unit ID: 607578671
{ recyclable of type P dropped into box....}
Box has ID: 87035052
--------------------------------------------------
separating paper......
process carried out at separation unit ID: 607578671
{ recyclable of type P dropped into box....}
Box has ID: 87035052
--------------------------------------------------
separating paper......
process carried out at separation unit ID: 607578671
{ recyclable of type P dropped into box....}
Box has ID: 87035052
--------------------------------------------------
separating paper......
process carried out at separation unit ID: 607578671
{ recyclable of type P dropped into box....}
Box has ID: 87035052
--------------------------------------------------
separating paper......
process carried out at separation unit ID: 607578671
{ recyclable of type P dropped into box....}
Box has ID: 87035052
--------------------------------------------------
separating paper......
process carried out at separation unit ID: 607578671
{ recyclable of type P dropped into box....}
Box has ID: 87035052
--------------------------------------------------
separating paper......
process carried out at separation unit ID: 607578671
{ recyclable of type P dropped into box....}
Box has ID: 87035052
--------------------------------------------------
separating paper......
process carried out at separation unit ID: 607578671
{ recyclable of type P dropped into box....}
Box has ID: 87035052
--------------------------------------------------
separating paper......
process carried out at separation unit ID: 607578671
{ recyclable of type P dropped into box....}
Box has ID: 87035052
--------------------------------------------------
separating paper......
process carried out at separation unit ID: 607578671
{ recyclable of type P dropped into box....}
Box has ID: 87035052
--------------------------------------------------
separating paper......
process carried out at separation unit ID: 607578671
{ recyclable of type P dropped into box....}
Box has ID: 87035052
--------------------------------------------------
separating paper......
process carried out at separation unit ID: 607578671
{ recyclable of type P dropped into box....}
Box has ID: 87035052
--------------------------------------------------
separating paper......
process carried out at separation unit ID: 607578671
{ recyclable of type P dropped into box....}
Box has ID: 87035052
--------------------------------------------------
separating paper......
process carried out at separation unit ID: 607578671
{ recyclable of type P dropped into box....}
Box has ID: 87035052
--------------------------------------------------
separating paper......
process carried out at separation unit ID: 607578671
{ recyclable of type P dropped into box....}
Box has ID: 87035052
--------------------------------------------------
separating paper......
process carried out at separation unit ID: 607578671
{ recyclable of type P dropped into box....}
Box has ID: 87035052
--------------------------------------------------
separating paper......
process carried out at separation unit ID: 607578671
{ recyclable of type P dropped into box....}
Box has ID: 87035052
--------------------------------------------------
separating paper......
process carried out at separation unit ID: 607578671
{ recyclable of type P dropped into box....}
Box has ID: 87035052
--------------------------------------------------
separating paper......
process carried out at separation unit ID: 607578671
{ recyclable of type P dropped into box....}
Box has ID: 87035052
--------------------------------------------------
separating paper......
process carried out at separation unit ID: 607578671
{ recyclable of type P dropped into box....}
Box has ID: 87035052
--------------------------------------------------
separating paper......
process carried out at separation unit ID: 607578671
{ recyclable of type P dropped into box....}
Box has ID: 87035052
--------------------------------------------------
separating paper......
process carried out at separation unit ID: 607578671
{ recyclable of type P dropped into box....}
Box has ID: 87035052
--------------------------------------------------
separating paper......
process carried out at separation unit ID: 607578671
{ recyclable of type P dropped into box....}
Box has ID: 87035052
--------------------------------------------------
separating paper......
process carried out at separation unit ID: 607578671
{ recyclable of type P dropped into box....}
Box has ID: 87035052
--------------------------------------------------
separating paper......
process carried out at separation unit ID: 607578671
{ recyclable of type P dropped into box....}
Box has ID: 87035052
--------------------------------------------------
separating paper......
process carried out at separation unit ID: 607578671
{ recyclable of type P dropped into box....}
Box has ID: 87035052
--------------------------------------------------
separating paper......
process carried out at separation unit ID: 607578671
{ recyclable of type P dropped into box....}
Box has ID: 87035052
--------------------------------------------------
separating paper......
process carried out at separation unit ID: 607578671
{ recyclable of type P dropped into box....}
Box has ID: 87035052
--------------------------------------------------
separating paper......
process carried out at separation unit ID: 607578671
{ recyclable of type P dropped into box....}
Box has ID: 87035052
--------------------------------------------------
separating paper......
process carried out at separation unit ID: 607578671
{ recyclable of type P dropped into box....}
Box has ID: 87035052
--------------------------------------------------
separating paper......
process carried out at separation unit ID: 607578671
{ recyclable of type P dropped into box....}
Box has ID: 87035052
--------------------------------------------------
separating paper......
process carried out at separation unit ID: 607578671
{ recyclable of type P dropped into box....}
Box has ID: 87035052
--------------------------------------------------
separating paper......
process carried out at separation unit ID: 607578671
{ recyclable of type P dropped into box....}
Box has ID: 87035052
--------------------------------------------------
separating paper......
process carried out at separation unit ID: 607578671
{ recyclable of type P dropped into box....}
Box has ID: 87035052
--------------------------------------------------
separating paper......
process carried out at separation unit ID: 607578671
{ recyclable of type P dropped into box....}
Box has ID: 87035052
--------------------------------------------------
separating paper......
process carried out at separation unit ID: 607578671
{ recyclable of type P dropped into box....}
Box has ID: 87035052
--------------------------------------------------
separating paper......
process carried out at separation unit ID: 607578671
{ recyclable of type P dropped into box....}
Box has ID: 87035052
--------------------------------------------------
separating paper......
process carried out at separation unit ID: 607578671
{ recyclable of type P dropped into box....}
Box has ID: 87035052
--------------------------------------------------
separating paper......
process carried out at separation unit ID: 607578671
{ recyclable of type P dropped into box....}
Box has ID: 87035052
--------------------------------------------------
separating paper......
process carried out at separation unit ID: 607578671
{ recyclable of type P dropped into box....}
Box has ID: 87035052
--------------------------------------------------
separating paper......
process carried out at separation unit ID: 607578671
{ recyclable of type P dropped into box....}
Box has ID: 87035052
--------------------------------------------------
separating paper......
process carried out at separation unit ID: 607578671
{ recyclable of type P dropped into box....}
Box has ID: 87035052
--------------------------------------------------
separating paper......
process carried out at separation unit ID: 607578671
{ recyclable of type P dropped into box....}
Box has ID: 87035052
--------------------------------------------------
separating paper......
process carried out at separation unit ID: 607578671
{ recyclable of type P dropped into box....}
Box has ID: 87035052
--------------------------------------------------
separating paper......
process carried out at separation unit ID: 607578671
{ recyclable of type P dropped into box....}
Box has ID: 87035052
--------------------------------------------------
separating paper......
process carried out at separation unit ID: 607578671
{ recyclable of type P dropped into box....}
Box has ID: 87035052
--------------------------------------------------
separating paper......
process carried out at separation unit ID: 607578671
{ recyclable of type P dropped into box....}
Box has ID: 87035052
--------------------------------------------------
separating paper......
process carried out at separation unit ID: 607578671
{ recyclable of type P dropped into box....}
Box has ID: 87035052
--------------------------------------------------
separating paper......
process carried out at separation unit ID: 607578671
{ recyclable of type P dropped into box....}
Box has ID: 87035052
--------------------------------------------------
separating paper......
process carried out at separation unit ID: 607578671
{ recyclable of type P dropped into box....}
Box has ID: 87035052
--------------------------------------------------
separating paper......
process carried out at separation unit ID: 607578671
{ recyclable of type P dropped into box....}
Box has ID: 87035052
--------------------------------------------------
separating paper......
process carried out at separation unit ID: 607578671
{ recyclable of type P dropped into box....}
Box has ID: 87035052
--------------------------------------------------
separating paper......
process carried out at separation unit ID: 607578671
{ recyclable of type P dropped into box....}
Box has ID: 87035052
--------------------------------------------------
separating paper......
process carried out at separation unit ID: 607578671
{ recyclable of type P dropped into box....}
Box has ID: 87035052
--------------------------------------------------
separating paper......
process carried out at separation unit ID: 607578671
{ recyclable of type P dropped into box....}
Box has ID: 87035052
--------------------------------------------------
separating paper......
process carried out at separation unit ID: 607578671
{ recyclable of type P dropped into box....}
Box has ID: 87035052
--------------------------------------------------
separating paper......
process carried out at separation unit ID: 607578671
{ recyclable of type P dropped into box....}
Box has ID: 87035052
--------------------------------------------------
separating paper......
process carried out at separation unit ID: 607578671
{ recyclable of type P dropped into box....}
Box has ID: 87035052
--------------------------------------------------
separating paper......
process carried out at separation unit ID: 607578671
{ recyclable of type P dropped into box....}
Box has ID: 87035052
--------------------------------------------------
separating paper......
process carried out at separation unit ID: 607578671
{ recyclable of type P dropped into box....}
Box has ID: 87035052
--------------------------------------------------
separating paper......
process carried out at separation unit ID: 607578671
{ recyclable of type P dropped into box....}
Box has ID: 87035052
--------------------------------------------------
separating paper......
process carried out at separation unit ID: 607578671
{ recyclable of type P dropped into box....}
Box has ID: 87035052
--------------------------------------------------
separating paper......
process carried out at separation unit ID: 607578671
{ recyclable of type P dropped into box....}
Box has ID: 87035052
--------------------------------------------------
separating paper......
process carried out at separation unit ID: 607578671
{ recyclable of type P dropped into box....}
Box has ID: 87035052
--------------------------------------------------
separating paper......
process carried out at separation unit ID: 607578671
{ recyclable of type P dropped into box....}
Box has ID: 87035052
--------------------------------------------------
separating paper......
process carried out at separation unit ID: 607578671
{ recyclable of type P dropped into box....}
Box has ID: 87035052
--------------------------------------------------
separating paper......
process carried out at separation unit ID: 607578671
{ recyclable of type P dropped into box....}
Box has ID: 87035052
--------------------------------------------------
separating paper......
process carried out at separation unit ID: 607578671
{ recyclable of type P dropped into box....}
Box has ID: 87035052
--------------------------------------------------
separating paper......
process carried out at separation unit ID: 607578671
{ recyclable of type P dropped into box....}
Box has ID: 87035052
--------------------------------------------------
separating paper......
process carried out at separation unit ID: 607578671
{ recyclable of type P dropped into box....}
Box has ID: 87035052
--------------------------------------------------
separating paper......
process carried out at separation unit ID: 607578671
{ recyclable of type P dropped into box....}
Box has ID: 87035052
--------------------------------------------------
separating paper......
process carried out at separation unit ID: 607578671
{ recyclable of type P dropped into box....}
Box has ID: 87035052
--------------------------------------------------
separating paper......
process carried out at separation unit ID: 607578671
{ recyclable of type P dropped into box....}
Box has ID: 87035052
--------------------------------------------------
separating paper......
process carried out at separation unit ID: 607578671
{ recyclable of type P dropped into box....}
Box has ID: 87035052
--------------------------------------------------
separating paper......
process carried out at separation unit ID: 607578671
{ recyclable of type P dropped into box....}
Box has ID: 87035052
--------------------------------------------------
separating paper......
process carried out at separation unit ID: 607578671
{ recyclable of type P dropped into box....}
Box has ID: 87035052
--------------------------------------------------
separating paper......
process carried out at separation unit ID: 607578671
{ recyclable of type P dropped into box....}
Box has ID: 87035052
--------------------------------------------------
separating paper......
process carried out at separation unit ID: 607578671
{ recyclable of type P dropped into box....}
Box has ID: 87035052
--------------------------------------------------
separating paper......
process carried out at separation unit ID: 607578671
{ recyclable of type P dropped into box....}
Box has ID: 87035052
--------------------------------------------------
separating paper......
process carried out at separation unit ID: 607578671
{ recyclable of type P dropped into box....}
Box has ID: 87035052
--------------------------------------------------
separating paper......
process carried out at separation unit ID: 607578671
{ recyclable of type P dropped into box....}
Box has ID: 87035052
--------------------------------------------------
separating paper......
process carried out at separation unit ID: 607578671
{ recyclable of type P dropped into box....}
Box has ID: 87035052
--------------------------------------------------
separating paper......
process carried out at separation unit ID: 607578671
{ recyclable of type P dropped into box....}
Box has ID: 87035052
--------------------------------------------------
separating paper......
process carried out at separation unit ID: 607578671
{ recyclable of type P dropped into box....}
Box has ID: 87035052
--------------------------------------------------
separating paper......
process carried out at separation unit ID: 607578671
{ recyclable of type P dropped into box....}
Box has ID: 87035052
--------------------------------------------------
separating paper......
process carried out at separation unit ID: 607578671
{ recyclable of type P dropped into box....}
Box has ID: 87035052
--------------------------------------------------
separating paper......
process carried out at separation unit ID: 607578671
{ recyclable of type P dropped into box....}
Box has ID: 87035052
--------------------------------------------------
separating paper......
process carried out at separation unit ID: 607578671
{ recyclable of type P dropped into box....}
Box has ID: 87035052
--------------------------------------------------
separating paper......
process carried out at separation unit ID: 607578671
{ recyclable of type P dropped into box....}
Box has ID: 87035052
--------------------------------------------------
separating paper......
process carried out at separation unit ID: 607578671
{ recyclable of type P dropped into box....}
Box has ID: 87035052
--------------------------------------------------
separating paper......
process carried out at separation unit ID: 607578671
{ recyclable of type P dropped into box....}
Box has ID: 87035052
--------------------------------------------------
separating paper......
process carried out at separation unit ID: 607578671
{ recyclable of type P dropped into box....}
Box has ID: 87035052
--------------------------------------------------
separating paper......
process carried out at separation unit ID: 607578671
{ recyclable of type P dropped into box....}
Box has ID: 87035052
--------------------------------------------------
separating paper......
process carried out at separation unit ID: 607578671
{ recyclable of type P dropped into box....}
Box has ID: 87035052
--------------------------------------------------
separating paper......
process carried out at separation unit ID: 607578671
{ recyclable of type P dropped into box....}
Box has ID: 87035052
--------------------------------------------------
separating paper......
process carried out at separation unit ID: 607578671
{ recyclable of type P dropped into box....}
Box has ID: 87035052
--------------------------------------------------
separating paper......
process carried out at separation unit ID: 607578671
{ recyclable of type P dropped into box....}
Box has ID: 87035052
--------------------------------------------------
separating paper......
process carried out at separation unit ID: 607578671
{ recyclable of type P dropped into box....}
Box has ID: 87035052
--------------------------------------------------
separating paper......
process carried out at separation unit ID: 607578671
{ recyclable of type P dropped into box....}
Box has ID: 87035052
--------------------------------------------------
separating paper......
process carried out at separation unit ID: 607578671
{ recyclable of type P dropped into box....}
Box has ID: 87035052
--------------------------------------------------
separating paper......
process carried out at separation unit ID: 607578671
{ recyclable of type P dropped into box....}
Box has ID: 87035052
--------------------------------------------------
separating paper......
process carried out at separation unit ID: 607578671
{ recyclable of type P dropped into box....}
Box has ID: 87035052
--------------------------------------------------
separating paper......
process carried out at separation unit ID: 607578671
{ recyclable of type P dropped into box....}
Box has ID: 87035052
--------------------------------------------------
separating paper......
process carried out at separation unit ID: 607578671
{ recyclable of type P dropped into box....}
Box has ID: 87035052
--------------------------------------------------
separating paper......
process carried out at separation unit ID: 607578671
{ recyclable of type P dropped into box....}
Box has ID: 87035052
--------------------------------------------------
separating paper......
process carried out at separation unit ID: 607578671
{ recyclable of type P dropped into box....}
Box has ID: 87035052
--------------------------------------------------
separating paper......
process carried out at separation unit ID: 607578671
{ recyclable of type P dropped into box....}
Box has ID: 87035052
--------------------------------------------------
separating paper......
process carried out at separation unit ID: 607578671
{ recyclable of type P dropped into box....}
Box has ID: 87035052
--------------------------------------------------
separating paper......
process carried out at separation unit ID: 607578671
{ recyclable of type P dropped into box....}
Box has ID: 87035052
--------------------------------------------------
separating paper......
process carried out at separation unit ID: 607578671
{ recyclable of type P dropped into box....}
Box has ID: 87035052
--------------------------------------------------
separating paper......
process carried out at separation unit ID: 607578671
{ recyclable of type P dropped into box....}
Box has ID: 87035052
--------------------------------------------------
separating paper......
process carried out at separation unit ID: 607578671
{ recyclable of type P dropped into box....}
Box has ID: 87035052
--------------------------------------------------
separating paper......
process carried out at separation unit ID: 607578671
{ recyclable of type P dropped into box....}
Box has ID: 87035052
--------------------------------------------------
separating paper......
process carried out at separation unit ID: 607578671
{ recyclable of type P dropped into box....}
Box has ID: 87035052
--------------------------------------------------
separating paper......
process carried out at separation unit ID: 607578671
{ recyclable of type P dropped into box....}
Box has ID: 87035052
--------------------------------------------------
separating paper......
process carried out at separation unit ID: 607578671
{ recyclable of type P dropped into box....}
Box has ID: 87035052
--------------------------------------------------
separating paper......
process carried out at separation unit ID: 607578671
{ recyclable of type P dropped into box....}
Box has ID: 87035052
--------------------------------------------------
separating paper......
process carried out at separation unit ID: 607578671
{ recyclable of type P dropped into box....}
Box has ID: 87035052
--------------------------------------------------
separating paper......
process carried out at separation unit ID: 607578671
{ recyclable of type P dropped into box....}
Box has ID: 87035052
--------------------------------------------------
separating paper......
process carried out at separation unit ID: 607578671
{ recyclable of type P dropped into box....}
Box has ID: 87035052
--------------------------------------------------
separating paper......
process carried out at separation unit ID: 607578671
{ recyclable of type P dropped into box....}
Box has ID: 87035052
--------------------------------------------------
separating paper......
process carried out at separation unit ID: 607578671
{ recyclable of type P dropped into box....}
Box has ID: 87035052
--------------------------------------------------
separating paper......
process carried out at separation unit ID: 607578671
{ recyclable of type P dropped into box....}
Box has ID: 87035052
--------------------------------------------------
separating paper......
process carried out at separation unit ID: 607578671
{ recyclable of type P dropped into box....}
Box has ID: 87035052
--------------------------------------------------
separating paper......
process carried out at separation unit ID: 607578671
{ recyclable of type P dropped into box....}
Box has ID: 87035052
--------------------------------------------------
separating paper......
process carried out at separation unit ID: 607578671
{ recyclable of type P dropped into box....}
Box has ID: 87035052
--------------------------------------------------
separating paper......
process carried out at separation unit ID: 607578671
{ recyclable of type P dropped into box....}
Box has ID: 87035052
--------------------------------------------------
separating paper......
process carried out at separation unit ID: 607578671
{ recyclable of type P dropped into box....}
Box has ID: 87035052
--------------------------------------------------
separating paper......
process carried out at separation unit ID: 607578671
{ recyclable of type P dropped into box....}
Box has ID: 87035052
--------------------------------------------------
separating paper......
process carried out at separation unit ID: 607578671
{ recyclable of type P dropped into box....}
Box has ID: 87035052
--------------------------------------------------
separating paper......
process carried out at separation unit ID: 607578671
{ recyclable of type P dropped into box....}
Box has ID: 87035052
--------------------------------------------------
separating paper......
process carried out at separation unit ID: 607578671
{ recyclable of type P dropped into box....}
Box has ID: 87035052
--------------------------------------------------
separating paper......
process carried out at separation unit ID: 607578671
{ recyclable of type P dropped into box....}
Box has ID: 87035052
--------------------------------------------------
separating paper......
process carried out at separation unit ID: 607578671
{ recyclable of type P dropped into box....}
Box has ID: 87035052
--------------------------------------------------
separating paper......
process carried out at separation unit ID: 607578671
{ recyclable of type P dropped into box....}
Box has ID: 87035052
--------------------------------------------------
separating paper......
process carried out at separation unit ID: 607578671
{ recyclable of type P dropped into box....}
Box has ID: 87035052
--------------------------------------------------
separating paper......
process carried out at separation unit ID: 607578671
{ recyclable of type P dropped into box....}
Box has ID: 87035052
--------------------------------------------------
separating paper......
process carried out at separation unit ID: 607578671
{ recyclable of type P dropped into box....}
Box has ID: 87035052
--------------------------------------------------
separating paper......
process carried out at separation unit ID: 607578671
{ recyclable of type P dropped into box....}
Box has ID: 87035052
--------------------------------------------------
separating paper......
process carried out at separation unit ID: 607578671
{ recyclable of type P dropped into box....}
Box has ID: 87035052
--------------------------------------------------
separating paper......
process carried out at separation unit ID: 607578671
{ recyclable of type P dropped into box....}
Box has ID: 87035052
--------------------------------------------------
separating paper......
process carried out at separation unit ID: 607578671
{ recyclable of type P dropped into box....}
Box has ID: 87035052
--------------------------------------------------
separating paper......
process carried out at separation unit ID: 607578671
{ recyclable of type P dropped into box....}
Box has ID: 87035052
--------------------------------------------------
separating paper......
process carried out at separation unit ID: 607578671
{ recyclable of type P dropped into box....}
Box has ID: 87035052
--------------------------------------------------
separating paper......
process carried out at separation unit ID: 607578671
{ recyclable of type P dropped into box....}
Box has ID: 87035052
--------------------------------------------------
separating paper......
process carried out at separation unit ID: 607578671
{ recyclable of type P dropped into box....}
Box has ID: 87035052
--------------------------------------------------
separating paper......
process carried out at separation unit ID: 607578671
{ recyclable of type P dropped into box....}
Box has ID: 87035052
--------------------------------------------------
separating paper......
process carried out at separation unit ID: 607578671
{ recyclable of type P dropped into box....}
Box has ID: 87035052
--------------------------------------------------
separating paper......
process carried out at separation unit ID: 607578671
{ recyclable of type P dropped into box....}
Box has ID: 87035052
--------------------------------------------------
separating paper......
process carried out at separation unit ID: 607578671
{ recyclable of type P dropped into box....}
Box has ID: 87035052
--------------------------------------------------
separating paper......
process carried out at separation unit ID: 607578671
{ recyclable of type P dropped into box....}
Box has ID: 87035052
--------------------------------------------------
separating paper......
process carried out at separation unit ID: 607578671
{ recyclable of type P dropped into box....}
Box has ID: 87035052
--------------------------------------------------
separating paper......
process carried out at separation unit ID: 607578671
{ recyclable of type P dropped into box....}
Box has ID: 87035052
--------------------------------------------------
separating paper......
process carried out at separation unit ID: 607578671
{ recyclable of type P dropped into box....}
Box has ID: 87035052
--------------------------------------------------
separating paper......
process carried out at separation unit ID: 607578671
{ recyclable of type P dropped into box....}
Box has ID: 87035052
--------------------------------------------------
separating paper......
process carried out at separation unit ID: 607578671
{ recyclable of type P dropped into box....}
Box has ID: 87035052
--------------------------------------------------
separating paper......
process carried out at separation unit ID: 607578671
{ recyclable of type P dropped into box....}
Box has ID: 87035052
--------------------------------------------------
separating paper......
process carried out at separation unit ID: 607578671
{ recyclable of type P dropped into box....}
Box has ID: 87035052
--------------------------------------------------
separating paper......
process carried out at separation unit ID: 607578671
{ recyclable of type P dropped into box....}
Box has ID: 87035052
--------------------------------------------------
separating paper......
process carried out at separation unit ID: 607578671
{ recyclable of type P dropped into box....}
Box has ID: 87035052
--------------------------------------------------
separating paper......
process carried out at separation unit ID: 607578671
{ recyclable of type P dropped into box....}
Box has ID: 87035052
--------------------------------------------------
separating paper......
process carried out at separation unit ID: 607578671
{ recyclable of type P dropped into box....}
Box has ID: 87035052
--------------------------------------------------
separating paper......
process carried out at separation unit ID: 607578671
{ recyclable of type P dropped into box....}
Box has ID: 87035052
--------------------------------------------------
separating paper......
process carried out at separation unit ID: 607578671
{ recyclable of type P dropped into box....}
Box has ID: 87035052
--------------------------------------------------
separating paper......
process carried out at separation unit ID: 607578671
{ recyclable of type P dropped into box....}
Box has ID: 87035052
--------------------------------------------------
separating paper......
process carried out at separation unit ID: 607578671
{ recyclable of type P dropped into box....}
Box has ID: 87035052
--------------------------------------------------
separating paper......
process carried out at separation unit ID: 607578671
{ recyclable of type P dropped into box....}
Box has ID: 87035052
--------------------------------------------------
separating paper......
process carried out at separation unit ID: 607578671
{ recyclable of type P dropped into box....}
Box has ID: 87035052
--------------------------------------------------
separating paper......
process carried out at separation unit ID: 607578671
{ recyclable of type P dropped into box....}
Box has ID: 87035052
--------------------------------------------------
separating paper......
process carried out at separation unit ID: 607578671
{ recyclable of type P dropped into box....}
Box has ID: 87035052
--------------------------------------------------
separating paper......
process carried out at separation unit ID: 607578671
{ recyclable of type P dropped into box....}
Box has ID: 87035052
--------------------------------------------------
separating paper......
process carried out at separation unit ID: 607578671
{ recyclable of type P dropped into box....}
Box has ID: 87035052
--------------------------------------------------
separating paper......
process carried out at separation unit ID: 607578671
{ recyclable of type P dropped into box....}
Box has ID: 87035052
--------------------------------------------------
separating paper......
process carried out at separation unit ID: 607578671
{ recyclable of type P dropped into box....}
Box has ID: 87035052
--------------------------------------------------
separating paper......
process carried out at separation unit ID: 607578671
{ recyclable of type P dropped into box....}
Box has ID: 87035052
--------------------------------------------------
separating paper......
process carried out at separation unit ID: 607578671
{ recyclable of type P dropped into box....}
Box has ID: 87035052
--------------------------------------------------
separating paper......
process carried out at separation unit ID: 607578671
{ recyclable of type P dropped into box....}
Box has ID: 87035052
--------------------------------------------------
separating paper......
process carried out at separation unit ID: 607578671
{ recyclable of type P dropped into box....}
Box has ID: 87035052
--------------------------------------------------
separating paper......
process carried out at separation unit ID: 607578671
{ recyclable of type P dropped into box....}
Box has ID: 87035052
--------------------------------------------------
separating paper......
process carried out at separation unit ID: 607578671
{ recyclable of type P dropped into box....}
Box has ID: 87035052
--------------------------------------------------
separating paper......
process carried out at separation unit ID: 607578671
{ recyclable of type P dropped into box....}
Box has ID: 87035052
--------------------------------------------------
separating paper......
process carried out at separation unit ID: 607578671
{ recyclable of type P dropped into box....}
Box has ID: 87035052
--------------------------------------------------
separating paper......
process carried out at separation unit ID: 607578671
{ recyclable of type P dropped into box....}
Box has ID: 87035052
--------------------------------------------------
separating paper......
process carried out at separation unit ID: 607578671
{ recyclable of type P dropped into box....}
Box has ID: 87035052
--------------------------------------------------
separating paper......
process carried out at separation unit ID: 607578671
{ recyclable of type P dropped into box....}
Box has ID: 87035052
--------------------------------------------------
separating paper......
process carried out at separation unit ID: 607578671
{ recyclable of type P dropped into box....}
Box has ID: 87035052
--------------------------------------------------
separating paper......
process carried out at separation unit ID: 607578671
{ recyclable of type P dropped into box....}
Box has ID: 87035052
--------------------------------------------------
separating paper......
process carried out at separation unit ID: 607578671
{ recyclable of type P dropped into box....}
Box has ID: 87035052
--------------------------------------------------
separating paper......
process carried out at separation unit ID: 607578671
{ recyclable of type P dropped into box....}
Box has ID: 87035052
--------------------------------------------------
separating paper......
process carried out at separation unit ID: 607578671
{ recyclable of type P dropped into box....}
Box has ID: 87035052
--------------------------------------------------
separating paper......
process carried out at separation unit ID: 607578671
{ recyclable of type P dropped into box....}
Box has ID: 87035052
--------------------------------------------------
separating paper......
process carried out at separation unit ID: 607578671
{ recyclable of type P dropped into box....}
Box has ID: 87035052
--------------------------------------------------
separating paper......
process carried out at separation unit ID: 607578671
{ recyclable of type P dropped into box....}
Box has ID: 87035052
--------------------------------------------------
separating paper......
process carried out at separation unit ID: 607578671
{ recyclable of type P dropped into box....}
Box has ID: 87035052
--------------------------------------------------
separating paper......
process carried out at separation unit ID: 607578671
{ recyclable of type P dropped into box....}
Box has ID: 87035052
--------------------------------------------------
separating paper......
process carried out at separation unit ID: 607578671
{ recyclable of type P dropped into box....}
Box has ID: 87035052
--------------------------------------------------
separating paper......
process carried out at separation unit ID: 607578671
{ recyclable of type P dropped into box....}
Box has ID: 87035052
--------------------------------------------------
separating paper......
process carried out at separation unit ID: 607578671
{ recyclable of type P dropped into box....}
Box has ID: 87035052
--------------------------------------------------
separating paper......
process carried out at separation unit ID: 607578671
{ recyclable of type P dropped into box....}
Box has ID: 87035052
--------------------------------------------------
separating paper......
process carried out at separation unit ID: 607578671
{ recyclable of type P dropped into box....}
Box has ID: 87035052
--------------------------------------------------
separating paper......
process carried out at separation unit ID: 607578671
{ recyclable of type P dropped into box....}
Box has ID: 87035052
--------------------------------------------------
separating paper......
process carried out at separation unit ID: 607578671
{ recyclable of type P dropped into box....}
Box has ID: 87035052
--------------------------------------------------
separating paper......
process carried out at separation unit ID: 607578671
{ recyclable of type P dropped into box....}
Box has ID: 87035052
--------------------------------------------------
separating paper......
process carried out at separation unit ID: 607578671
{ recyclable of type P dropped into box....}
Box has ID: 87035052
--------------------------------------------------
separating paper......
process carried out at separation unit ID: 607578671
{ recyclable of type P dropped into box....}
Box has ID: 87035052
--------------------------------------------------
separating paper......
process carried out at separation unit ID: 607578671
{ recyclable of type P dropped into box....}
Box has ID: 87035052
--------------------------------------------------
separating paper......
process carried out at separation unit ID: 607578671
{ recyclable of type P dropped into box....}
Box has ID: 87035052
--------------------------------------------------
separating paper......
process carried out at separation unit ID: 607578671
{ recyclable of type P dropped into box....}
Box has ID: 87035052
--------------------------------------------------
separating paper......
process carried out at separation unit ID: 607578671
{ recyclable of type P dropped into box....}
Box has ID: 87035052
--------------------------------------------------
separating paper......
process carried out at separation unit ID: 607578671
{ recyclable of type P dropped into box....}
Box has ID: 87035052
--------------------------------------------------
separating paper......
process carried out at separation unit ID: 607578671
{ recyclable of type P dropped into box....}
Box has ID: 87035052
--------------------------------------------------
separating paper......
process carried out at separation unit ID: 607578671
{ recyclable of type P dropped into box....}
Box has ID: 87035052
--------------------------------------------------
separating paper......
process carried out at separation unit ID: 607578671
{ recyclable of type P dropped into box....}
Box has ID: 87035052
--------------------------------------------------
separating paper......
process carried out at separation unit ID: 607578671
{ recyclable of type P dropped into box....}
Box has ID: 87035052
--------------------------------------------------
separating paper......
process carried out at separation unit ID: 607578671
{ recyclable of type P dropped into box....}
Box has ID: 87035052
--------------------------------------------------
separating paper......
process carried out at separation unit ID: 607578671
{ recyclable of type P dropped into box....}
Box has ID: 87035052
--------------------------------------------------
separating paper......
process carried out at separation unit ID: 607578671
{ recyclable of type P dropped into box....}
Box has ID: 87035052
--------------------------------------------------
separating paper......
process carried out at separation unit ID: 607578671
{ recyclable of type P dropped into box....}
Box has ID: 87035052
--------------------------------------------------
separating paper......
process carried out at separation unit ID: 607578671
{ recyclable of type P dropped into box....}
Box has ID: 87035052
--------------------------------------------------
separating paper......
process carried out at separation unit ID: 607578671
{ recyclable of type P dropped into box....}
Box has ID: 87035052
--------------------------------------------------
separating paper......
process carried out at separation unit ID: 607578671
{ recyclable of type P dropped into box....}
Box has ID: 87035052
--------------------------------------------------
separating paper......
process carried out at separation unit ID: 607578671
{ recyclable of type P dropped into box....}
Box has ID: 87035052
--------------------------------------------------
separating paper......
process carried out at separation unit ID: 607578671
{ recyclable of type P dropped into box....}
Box has ID: 87035052
--------------------------------------------------
separating paper......
process carried out at separation unit ID: 607578671
{ recyclable of type P dropped into box....}
Box has ID: 87035052
--------------------------------------------------
separating paper......
process carried out at separation unit ID: 607578671
{ recyclable of type P dropped into box....}
Box has ID: 87035052
--------------------------------------------------
separating paper......
process carried out at separation unit ID: 607578671
{ recyclable of type P dropped into box....}
Box has ID: 87035052
--------------------------------------------------
separating paper......
process carried out at separation unit ID: 607578671
{ recyclable of type P dropped into box....}
Box has ID: 87035052
--------------------------------------------------
separating paper......
process carried out at separation unit ID: 607578671
{ recyclable of type P dropped into box....}
Box has ID: 87035052
--------------------------------------------------
separating paper......
process carried out at separation unit ID: 607578671
{ recyclable of type P dropped into box....}
Box has ID: 87035052
--------------------------------------------------
separating paper......
process carried out at separation unit ID: 607578671
{ recyclable of type P dropped into box....}
Box has ID: 87035052
--------------------------------------------------
separating paper......
process carried out at separation unit ID: 607578671
{ recyclable of type P dropped into box....}
Box has ID: 87035052
--------------------------------------------------
separating paper......
process carried out at separation unit ID: 607578671
{ recyclable of type P dropped into box....}
Box has ID: 87035052
--------------------------------------------------
separating paper......
process carried out at separation unit ID: 607578671
{ recyclable of type P dropped into box....}
Box has ID: 87035052
--------------------------------------------------
separating paper......
process carried out at separation unit ID: 607578671
{ recyclable of type P dropped into box....}
Box has ID: 87035052
--------------------------------------------------
separating paper......
process carried out at separation unit ID: 607578671
{ recyclable of type P dropped into box....}
Box has ID: 87035052
--------------------------------------------------
separating paper......
process carried out at separation unit ID: 607578671
{ recyclable of type P dropped into box....}
Box has ID: 87035052
--------------------------------------------------
separating paper......
process carried out at separation unit ID: 607578671
{ recyclable of type P dropped into box....}
Box has ID: 87035052
--------------------------------------------------
separating paper......
process carried out at separation unit ID: 607578671
{ recyclable of type P dropped into box....}
Box has ID: 87035052
--------------------------------------------------
separating paper......
process carried out at separation unit ID: 607578671
{ recyclable of type P dropped into box....}
Box has ID: 87035052
--------------------------------------------------
separating paper......
process carried out at separation unit ID: 607578671
{ recyclable of type P dropped into box....}
Box has ID: 87035052
--------------------------------------------------
separating paper......
process carried out at separation unit ID: 607578671
{ recyclable of type P dropped into box....}
Box has ID: 87035052
--------------------------------------------------
separating paper......
process carried out at separation unit ID: 607578671
{ recyclable of type P dropped into box....}
Box has ID: 87035052
--------------------------------------------------
separating paper......
process carried out at separation unit ID: 607578671
{ recyclable of type P dropped into box....}
Box has ID: 87035052
--------------------------------------------------
separating paper......
process carried out at separation unit ID: 607578671
{ recyclable of type P dropped into box....}
Box has ID: 87035052
--------------------------------------------------
separating paper......
process carried out at separation unit ID: 607578671
{ recyclable of type P dropped into box....}
Box has ID: 87035052
--------------------------------------------------
separating paper......
process carried out at separation unit ID: 607578671
{ recyclable of type P dropped into box....}
Box has ID: 87035052
--------------------------------------------------
separating paper......
process carried out at separation unit ID: 607578671
{ recyclable of type P dropped into box....}
Box has ID: 87035052
--------------------------------------------------
separating paper......
process carried out at separation unit ID: 607578671
{ recyclable of type P dropped into box....}
Box has ID: 87035052
--------------------------------------------------
separating paper......
process carried out at separation unit ID: 607578671
{ recyclable of type P dropped into box....}
Box has ID: 87035052
--------------------------------------------------
separating paper......
process carried out at separation unit ID: 607578671
{ recyclable of type P dropped into box....}
Box has ID: 87035052
--------------------------------------------------
separating paper......
process carried out at separation unit ID: 607578671
{ recyclable of type P dropped into box....}
Box has ID: 87035052
--------------------------------------------------
separating paper......
process carried out at separation unit ID: 607578671
{ recyclable of type P dropped into box....}
Box has ID: 87035052
--------------------------------------------------
separating paper......
process carried out at separation unit ID: 607578671
{ recyclable of type P dropped into box....}
Box has ID: 87035052
--------------------------------------------------
separating paper......
process carried out at separation unit ID: 607578671
{ recyclable of type P dropped into box....}
Box has ID: 87035052
--------------------------------------------------
separating paper......
process carried out at separation unit ID: 607578671
{ recyclable of type P dropped into box....}
Box has ID: 87035052
--------------------------------------------------
separating paper......
process carried out at separation unit ID: 607578671
{ recyclable of type P dropped into box....}
Box has ID: 87035052
--------------------------------------------------
separating paper......
process carried out at separation unit ID: 607578671
{ recyclable of type P dropped into box....}
Box has ID: 87035052
--------------------------------------------------
separating paper......
process carried out at separation unit ID: 607578671
{ recyclable of type P dropped into box....}
Box has ID: 87035052
--------------------------------------------------
separating paper......
process carried out at separation unit ID: 607578671
{ recyclable of type P dropped into box....}
Box has ID: 87035052
--------------------------------------------------
separating paper......
process carried out at separation unit ID: 607578671
{ recyclable of type P dropped into box....}
Box has ID: 87035052
--------------------------------------------------
separating paper......
process carried out at separation unit ID: 607578671
{ recyclable of type P dropped into box....}
Box has ID: 87035052
--------------------------------------------------
separating paper......
process carried out at separation unit ID: 607578671
{ recyclable of type P dropped into box....}
Box has ID: 87035052
--------------------------------------------------
separating paper......
process carried out at separation unit ID: 607578671
{ recyclable of type P dropped into box....}
Box has ID: 87035052
--------------------------------------------------
separating paper......
process carried out at separation unit ID: 607578671
{ recyclable of type P dropped into box....}
Box has ID: 87035052
--------------------------------------------------
separating paper......
process carried out at separation unit ID: 607578671
{ recyclable of type P dropped into box....}
Box has ID: 87035052
--------------------------------------------------
separating paper......
process carried out at separation unit ID: 607578671
{ recyclable of type P dropped into box....}
Box has ID: 87035052
--------------------------------------------------
separating paper......
process carried out at separation unit ID: 607578671
{ recyclable of type P dropped into box....}
Box has ID: 87035052
--------------------------------------------------
separating paper......
process carried out at separation unit ID: 607578671
{ recyclable of type P dropped into box....}
Box has ID: 87035052
--------------------------------------------------
separating paper......
process carried out at separation unit ID: 607578671
{ recyclable of type P dropped into box....}
Box has ID: 87035052
--------------------------------------------------
separating paper......
process carried out at separation unit ID: 607578671
{ recyclable of type P dropped into box....}
Box has ID: 87035052
--------------------------------------------------
separating paper......
process carried out at separation unit ID: 607578671
{ recyclable of type P dropped into box....}
Box has ID: 87035052
--------------------------------------------------
separating paper......
process carried out at separation unit ID: 607578671
{ recyclable of type P dropped into box....}
Box has ID: 87035052
--------------------------------------------------
separating paper......
process carried out at separation unit ID: 607578671
{ recyclable of type P dropped into box....}
Box has ID: 87035052
--------------------------------------------------
separating paper......
process carried out at separation unit ID: 607578671
{ recyclable of type P dropped into box....}
Box has ID: 87035052
--------------------------------------------------
separating paper......
process carried out at separation unit ID: 607578671
{ recyclable of type P dropped into box....}
Box has ID: 87035052
--------------------------------------------------
separating paper......
process carried out at separation unit ID: 607578671
{ recyclable of type P dropped into box....}
Box has ID: 87035052
--------------------------------------------------
separating paper......
process carried out at separation unit ID: 607578671
{ recyclable of type P dropped into box....}
Box has ID: 87035052
--------------------------------------------------
separating paper......
process carried out at separation unit ID: 607578671
{ recyclable of type P dropped into box....}
Box has ID: 87035052
--------------------------------------------------
separating paper......
process carried out at separation unit ID: 607578671
{ recyclable of type P dropped into box....}
Box has ID: 87035052
--------------------------------------------------
separating paper......
process carried out at separation unit ID: 607578671
{ recyclable of type P dropped into box....}
Box has ID: 87035052
--------------------------------------------------
separating paper......
process carried out at separation unit ID: 607578671
{ recyclable of type P dropped into box....}
Box has ID: 87035052
--------------------------------------------------
separating paper......
process carried out at separation unit ID: 607578671
{ recyclable of type P dropped into box....}
Box has ID: 87035052
--------------------------------------------------
separating paper......
process carried out at separation unit ID: 607578671
{ recyclable of type P dropped into box....}
Box has ID: 87035052
--------------------------------------------------
separating paper......
process carried out at separation unit ID: 607578671
{ recyclable of type P dropped into box....}
Box has ID: 87035052
--------------------------------------------------
separating paper......
process carried out at separation unit ID: 607578671
{ recyclable of type P dropped into box....}
Box has ID: 87035052
--------------------------------------------------
separating paper......
process carried out at separation unit ID: 607578671
{ recyclable of type P dropped into box....}
Box has ID: 87035052
--------------------------------------------------
separating paper......
process carried out at separation unit ID: 607578671
{ recyclable of type P dropped into box....}
Box has ID: 87035052
--------------------------------------------------
separating paper......
process carried out at separation unit ID: 607578671
{ recyclable of type P dropped into box....}
Box has ID: 87035052
--------------------------------------------------
separating paper......
process carried out at separation unit ID: 607578671
{ recyclable of type P dropped into box....}
Box has ID: 87035052
--------------------------------------------------
separating paper......
process carried out at separation unit ID: 607578671
{ recyclable of type P dropped into box....}
Box has ID: 87035052
--------------------------------------------------
separating paper......
process carried out at separation unit ID: 607578671
{ recyclable of type P dropped into box....}
Box has ID: 87035052
--------------------------------------------------
separating paper......
process carried out at separation unit ID: 607578671
{ recyclable of type P dropped into box....}
Box has ID: 87035052
--------------------------------------------------
separating paper......
process carried out at separation unit ID: 607578671
{ recyclable of type P dropped into box....}
Box has ID: 87035052
--------------------------------------------------
separating paper......
process carried out at separation unit ID: 607578671
{ recyclable of type P dropped into box....}
Box has ID: 87035052
--------------------------------------------------
separating paper......
process carried out at separation unit ID: 607578671
{ recyclable of type P dropped into box....}
Box has ID: 87035052
--------------------------------------------------
separating paper......
process carried out at separation unit ID: 607578671
{ recyclable of type P dropped into box....}
Box has ID: 87035052
--------------------------------------------------
separating paper......
process carried out at separation unit ID: 607578671
{ recyclable of type P dropped into box....}
Box has ID: 87035052
--------------------------------------------------
separating paper......
process carried out at separation unit ID: 607578671
{ recyclable of type P dropped into box....}
Box has ID: 87035052
--------------------------------------------------
separating paper......
process carried out at separation unit ID: 607578671
{ recyclable of type P dropped into box....}
Box has ID: 87035052
--------------------------------------------------
separating paper......
process carried out at separation unit ID: 607578671
{ recyclable of type P dropped into box....}
Box has ID: 87035052
--------------------------------------------------
separating paper......
process carried out at separation unit ID: 607578671
{ recyclable of type P dropped into box....}
Box has ID: 87035052
--------------------------------------------------
separating paper......
process carried out at separation unit ID: 607578671
{ recyclable of type P dropped into box....}
Box has ID: 87035052
--------------------------------------------------
separating paper......
process carried out at separation unit ID: 607578671
{ recyclable of type P dropped into box....}
Box has ID: 87035052
--------------------------------------------------
separating paper......
process carried out at separation unit ID: 607578671
{ recyclable of type P dropped into box....}
Box has ID: 87035052
--------------------------------------------------
separating paper......
process carried out at separation unit ID: 607578671
{ recyclable of type P dropped into box....}
Box has ID: 87035052
--------------------------------------------------
separating paper......
process carried out at separation unit ID: 607578671
{ recyclable of type P dropped into box....}
Box has ID: 87035052
--------------------------------------------------
separating paper......
process carried out at separation unit ID: 607578671
{ recyclable of type P dropped into box....}
Box has ID: 87035052
--------------------------------------------------
separating paper......
process carried out at separation unit ID: 607578671
{ recyclable of type P dropped into box....}
Box has ID: 87035052
--------------------------------------------------
separating paper......
process carried out at separation unit ID: 607578671
{ recyclable of type P dropped into box....}
Box has ID: 87035052
--------------------------------------------------
separating paper......
process carried out at separation unit ID: 607578671
{ recyclable of type P dropped into box....}
Box has ID: 87035052
--------------------------------------------------
separating paper......
process carried out at separation unit ID: 607578671
{ recyclable of type P dropped into box....}
Box has ID: 87035052
--------------------------------------------------
separating paper......
process carried out at separation unit ID: 607578671
{ recyclable of type P dropped into box....}
Box has ID: 87035052
--------------------------------------------------
separating paper......
process carried out at separation unit ID: 607578671
{ recyclable of type P dropped into box....}
Box has ID: 87035052
--------------------------------------------------
separating paper......
process carried out at separation unit ID: 607578671
{ recyclable of type P dropped into box....}
Box has ID: 87035052
--------------------------------------------------
separating paper......
process carried out at separation unit ID: 607578671
{ recyclable of type P dropped into box....}
Box has ID: 87035052
--------------------------------------------------
separating paper......
process carried out at separation unit ID: 607578671
{ recyclable of type P dropped into box....}
Box has ID: 87035052
--------------------------------------------------
separating paper......
process carried out at separation unit ID: 607578671
{ recyclable of type P dropped into box....}
Box has ID: 87035052
--------------------------------------------------
separating paper......
process carried out at separation unit ID: 607578671
{ recyclable of type P dropped into box....}
Box has ID: 87035052
--------------------------------------------------
separating paper......
process carried out at separation unit ID: 607578671
{ recyclable of type P dropped into box....}
Box has ID: 87035052
--------------------------------------------------
separating paper......
process carried out at separation unit ID: 607578671
{ recyclable of type P dropped into box....}
Box has ID: 87035052
--------------------------------------------------
separating paper......
process carried out at separation unit ID: 607578671
{ recyclable of type P dropped into box....}
Box has ID: 87035052
--------------------------------------------------
separating paper......
process carried out at separation unit ID: 607578671
{ recyclable of type P dropped into box....}
Box has ID: 87035052
--------------------------------------------------
separating paper......
process carried out at separation unit ID: 607578671
{ recyclable of type P dropped into box....}
Box has ID: 87035052
--------------------------------------------------
separating paper......
process carried out at separation unit ID: 607578671
{ recyclable of type P dropped into box....}
Box has ID: 87035052
--------------------------------------------------
separating paper......
process carried out at separation unit ID: 607578671
{ recyclable of type P dropped into box....}
Box has ID: 87035052
--------------------------------------------------
separating paper......
process carried out at separation unit ID: 607578671
{ recyclable of type P dropped into box....}
Box has ID: 87035052
--------------------------------------------------
separating paper......
process carried out at separation unit ID: 607578671
{ recyclable of type P dropped into box....}
Box has ID: 87035052
--------------------------------------------------
separating paper......
process carried out at separation unit ID: 607578671
{ recyclable of type P dropped into box....}
Box has ID: 87035052
--------------------------------------------------
separating paper......
process carried out at separation unit ID: 607578671
{ recyclable of type P dropped into box....}
Box has ID: 87035052
--------------------------------------------------
separating paper......
process carried out at separation unit ID: 607578671
{ recyclable of type P dropped into box....}
Box has ID: 87035052
--------------------------------------------------
separating paper......
process carried out at separation unit ID: 607578671
{ recyclable of type P dropped into box....}
Box has ID: 87035052
--------------------------------------------------
separating paper......
process carried out at separation unit ID: 607578671
{ recyclable of type P dropped into box....}
Box has ID: 87035052
--------------------------------------------------
separating paper......
process carried out at separation unit ID: 607578671
{ recyclable of type P dropped into box....}
Box has ID: 87035052
--------------------------------------------------
separating paper......
process carried out at separation unit ID: 607578671
{ recyclable of type P dropped into box....}
Box has ID: 87035052
--------------------------------------------------
separating paper......
process carried out at separation unit ID: 607578671
{ recyclable of type P dropped into box....}
Box has ID: 87035052
--------------------------------------------------
separating paper......
process carried out at separation unit ID: 607578671
{ recyclable of type P dropped into box....}
Box has ID: 87035052
--------------------------------------------------
separating paper......
process carried out at separation unit ID: 607578671
{ recyclable of type P dropped into box....}
Box has ID: 87035052
--------------------------------------------------
separating paper......
process carried out at separation unit ID: 607578671
{ recyclable of type P dropped into box....}
Box has ID: 87035052
--------------------------------------------------
separating paper......
process carried out at separation unit ID: 607578671
{ recyclable of type P dropped into box....}
Box has ID: 87035052
--------------------------------------------------
separating paper......
process carried out at separation unit ID: 607578671
{ recyclable of type P dropped into box....}
Box has ID: 87035052
--------------------------------------------------
separating paper......
process carried out at separation unit ID: 607578671
{ recyclable of type P dropped into box....}
Box has ID: 87035052
--------------------------------------------------
separating paper......
process carried out at separation unit ID: 607578671
{ recyclable of type P dropped into box....}
Box has ID: 87035052
--------------------------------------------------
separating paper......
process carried out at separation unit ID: 607578671
{ recyclable of type P dropped into box....}
Box has ID: 87035052
--------------------------------------------------
separating paper......
process carried out at separation unit ID: 607578671
{ recyclable of type P dropped into box....}
Box has ID: 87035052
--------------------------------------------------
separating paper......
process carried out at separation unit ID: 607578671
{ recyclable of type P dropped into box....}
Box has ID: 87035052
--------------------------------------------------
separating paper......
process carried out at separation unit ID: 607578671
{ recyclable of type P dropped into box....}
Box has ID: 87035052
--------------------------------------------------
separating paper......
process carried out at separation unit ID: 607578671
{ recyclable of type P dropped into box....}
Box has ID: 87035052
--------------------------------------------------
separating paper......
process carried out at separation unit ID: 607578671
{ recyclable of type P dropped into box....}
Box has ID: 87035052
--------------------------------------------------
separating paper......
process carried out at separation unit ID: 607578671
{ recyclable of type P dropped into box....}
Box has ID: 87035052
--------------------------------------------------
separating paper......
process carried out at separation unit ID: 607578671
{ recyclable of type P dropped into box....}
Box has ID: 87035052
--------------------------------------------------
separating paper......
process carried out at separation unit ID: 607578671
{ recyclable of type P dropped into box....}
Box has ID: 87035052
--------------------------------------------------
separating paper......
process carried out at separation unit ID: 607578671
{ recyclable of type P dropped into box....}
Box has ID: 87035052
--------------------------------------------------
separating paper......
process carried out at separation unit ID: 607578671
{ recyclable of type P dropped into box....}
Box has ID: 87035052
--------------------------------------------------
separating paper......
process carried out at separation unit ID: 607578671
{ recyclable of type P dropped into box....}
Box has ID: 87035052
--------------------------------------------------
separating paper......
process carried out at separation unit ID: 607578671
{ recyclable of type P dropped into box....}
Box has ID: 87035052
--------------------------------------------------
separating paper......
process carried out at separation unit ID: 607578671
{ recyclable of type P dropped into box....}
Box has ID: 87035052
--------------------------------------------------
separating paper......
process carried out at separation unit ID: 607578671
{ recyclable of type P dropped into box....}
Box has ID: 87035052
--------------------------------------------------
separating paper......
process carried out at separation unit ID: 607578671
{ recyclable of type P dropped into box....}
Box has ID: 87035052
--------------------------------------------------
separating paper......
process carried out at separation unit ID: 607578671
{ recyclable of type P dropped into box....}
Box has ID: 87035052
--------------------------------------------------
separating paper......
process carried out at separation unit ID: 607578671
{ recyclable of type P dropped into box....}
Box has ID: 87035052
--------------------------------------------------
separating paper......
process carried out at separation unit ID: 607578671
{ recyclable of type P dropped into box....}
Box has ID: 87035052
--------------------------------------------------
separating paper......
process carried out at separation unit ID: 607578671
{ recyclable of type P dropped into box....}
Box has ID: 87035052
--------------------------------------------------
separating paper......
process carried out at separation unit ID: 607578671
{ recyclable of type P dropped into box....}
Box has ID: 87035052
--------------------------------------------------
separating paper......
process carried out at separation unit ID: 607578671
{ recyclable of type P dropped into box....}
Box has ID: 87035052
--------------------------------------------------
separating paper......
process carried out at separation unit ID: 607578671
{ recyclable of type P dropped into box....}
Box has ID: 87035052
--------------------------------------------------
separating paper......
process carried out at separation unit ID: 607578671
{ recyclable of type P dropped into box....}
Box has ID: 87035052
--------------------------------------------------
separating paper......
process carried out at separation unit ID: 607578671
{ recyclable of type P dropped into box....}
Box has ID: 87035052
--------------------------------------------------
separating paper......
process carried out at separation unit ID: 607578671
{ recyclable of type P dropped into box....}
Box has ID: 87035052
--------------------------------------------------
separating paper......
process carried out at separation unit ID: 607578671
{ recyclable of type P dropped into box....}
Box has ID: 87035052
--------------------------------------------------
separating paper......
process carried out at separation unit ID: 607578671
{ recyclable of type P dropped into box....}
Box has ID: 87035052
--------------------------------------------------
separating paper......
process carried out at separation unit ID: 607578671
{ recyclable of type P dropped into box....}
Box has ID: 87035052
--------------------------------------------------
separating paper......
process carried out at separation unit ID: 607578671
{ recyclable of type P dropped into box....}
Box has ID: 87035052
--------------------------------------------------
separating paper......
process carried out at separation unit ID: 607578671
{ recyclable of type P dropped into box....}
Box has ID: 87035052
--------------------------------------------------
separating paper......
process carried out at separation unit ID: 607578671
{ recyclable of type P dropped into box....}
Box has ID: 87035052
--------------------------------------------------
separating paper......
process carried out at separation unit ID: 607578671
{ recyclable of type P dropped into box....}
Box has ID: 87035052
--------------------------------------------------
separating paper......
process carried out at separation unit ID: 607578671
{ recyclable of type P dropped into box....}
Box has ID: 87035052
--------------------------------------------------
separating paper......
process carried out at separation unit ID: 607578671
{ recyclable of type P dropped into box....}
Box has ID: 87035052
--------------------------------------------------
separating paper......
process carried out at separation unit ID: 607578671
{ recyclable of type P dropped into box....}
Box has ID: 87035052
--------------------------------------------------
separating paper......
process carried out at separation unit ID: 607578671
{ recyclable of type P dropped into box....}
Box has ID: 87035052
--------------------------------------------------
separating paper......
process carried out at separation unit ID: 607578671
{ recyclable of type P dropped into box....}
Box has ID: 87035052
--------------------------------------------------
separating paper......
process carried out at separation unit ID: 607578671
{ recyclable of type P dropped into box....}
Box has ID: 87035052
--------------------------------------------------
separating paper......
process carried out at separation unit ID: 607578671
{ recyclable of type P dropped into box....}
Box has ID: 87035052
--------------------------------------------------
separating paper......
process carried out at separation unit ID: 607578671
{ recyclable of type P dropped into box....}
Box has ID: 87035052
--------------------------------------------------
separating paper......
process carried out at separation unit ID: 607578671
{ recyclable of type P dropped into box....}
Box has ID: 87035052
--------------------------------------------------
separating paper......
process carried out at separation unit ID: 607578671
{ recyclable of type P dropped into box....}
Box has ID: 87035052
--------------------------------------------------
separating paper......
process carried out at separation unit ID: 607578671
{ recyclable of type P dropped into box....}
Box has ID: 87035052
--------------------------------------------------
]]></system-out>
  <system-err><![CDATA[┌───────────────────────────────────────────────────────────────────────────────────┐
│ Share your Cucumber Report with your team at https://reports.cucumber.io          │
│ Activate publishing with one of the following:                                    │
│                                                                                   │
│ src/test/resources/cucumber.properties:          cucumber.publish.enabled=true    │
│ src/test/resources/junit-platform.properties:    cucumber.publish.enabled=true    │
│ Environment variable:                            CUCUMBER_PUBLISH_ENABLED=true    │
│ JUnit:                                           @CucumberOptions(publish = true) │
│                                                                                   │
│ More information at https://cucumber.io/docs/cucumber/environment-variables/      │
│                                                                                   │
│ Disable this message with one of the following:                                   │
│                                                                                   │
│ src/test/resources/cucumber.properties:          cucumber.publish.quiet=true      │
│ src/test/resources/junit-platform.properties:    cucumber.publish.quiet=true      │
└───────────────────────────────────────────────────────────────────────────────────┘
]]></system-err>
</testsuite>
